[2022-07-17 22:21:28,402] {taskinstance.py:1179} INFO - Dependencies all met for <TaskInstance: bitcoin.get_api manual__2022-07-17T22:21:26.699540+00:00 [queued]>
[2022-07-17 22:21:28,422] {taskinstance.py:1179} INFO - Dependencies all met for <TaskInstance: bitcoin.get_api manual__2022-07-17T22:21:26.699540+00:00 [queued]>
[2022-07-17 22:21:28,422] {taskinstance.py:1376} INFO - 
--------------------------------------------------------------------------------
[2022-07-17 22:21:28,422] {taskinstance.py:1377} INFO - Starting attempt 1 of 1
[2022-07-17 22:21:28,423] {taskinstance.py:1378} INFO - 
--------------------------------------------------------------------------------
[2022-07-17 22:21:28,452] {taskinstance.py:1397} INFO - Executing <Task(PythonOperator): get_api> on 2022-07-17 22:21:26.699540+00:00
[2022-07-17 22:21:28,457] {standard_task_runner.py:52} INFO - Started process 1467 to run task
[2022-07-17 22:21:28,460] {standard_task_runner.py:79} INFO - Running: ['***', 'tasks', 'run', 'bitcoin', 'get_api', 'manual__2022-07-17T22:21:26.699540+00:00', '--job-id', '172', '--raw', '--subdir', 'DAGS_FOLDER/projeto_api.py', '--cfg-path', '/tmp/tmp76g041to', '--error-file', '/tmp/tmpwnjs4qut']
[2022-07-17 22:21:28,461] {standard_task_runner.py:80} INFO - Job 172: Subtask get_api
[2022-07-17 22:21:28,589] {task_command.py:371} INFO - Running <TaskInstance: bitcoin.get_api manual__2022-07-17T22:21:26.699540+00:00 [running]> on host 35b853283dd2
[2022-07-17 22:21:28,856] {taskinstance.py:1591} INFO - Exporting the following env vars:
AIRFLOW_CTX_DAG_OWNER=***
AIRFLOW_CTX_DAG_ID=bitcoin
AIRFLOW_CTX_TASK_ID=get_api
AIRFLOW_CTX_EXECUTION_DATE=2022-07-17T22:21:26.699540+00:00
AIRFLOW_CTX_TRY_NUMBER=1
AIRFLOW_CTX_DAG_RUN_ID=manual__2022-07-17T22:21:26.699540+00:00
[2022-07-17 22:21:29,105] {python.py:173} INFO - Done. Returned value was: None
[2022-07-17 22:21:29,146] {taskinstance.py:1420} INFO - Marking task as SUCCESS. dag_id=bitcoin, task_id=get_api, execution_date=20220717T222126, start_date=20220717T222128, end_date=20220717T222129
[2022-07-17 22:21:29,222] {local_task_job.py:156} INFO - Task exited with return code 0
[2022-07-17 22:21:29,348] {local_task_job.py:273} INFO - 0 downstream tasks scheduled from follow-on schedule check
