[2022-07-12 01:52:35,982] {taskinstance.py:1159} INFO - Dependencies all met for <TaskInstance: bitcoin.parse_tuple manual__2022-07-12T01:52:33.037427+00:00 [queued]>
[2022-07-12 01:52:36,003] {taskinstance.py:1159} INFO - Dependencies all met for <TaskInstance: bitcoin.parse_tuple manual__2022-07-12T01:52:33.037427+00:00 [queued]>
[2022-07-12 01:52:36,004] {taskinstance.py:1356} INFO - 
--------------------------------------------------------------------------------
[2022-07-12 01:52:36,004] {taskinstance.py:1357} INFO - Starting attempt 1 of 1
[2022-07-12 01:52:36,004] {taskinstance.py:1358} INFO - 
--------------------------------------------------------------------------------
[2022-07-12 01:52:36,038] {taskinstance.py:1377} INFO - Executing <Task(PythonOperator): parse_tuple> on 2022-07-12 01:52:33.037427+00:00
[2022-07-12 01:52:36,045] {standard_task_runner.py:52} INFO - Started process 6727 to run task
[2022-07-12 01:52:36,048] {standard_task_runner.py:79} INFO - Running: ['***', 'tasks', 'run', 'bitcoin', 'parse_tuple', 'manual__2022-07-12T01:52:33.037427+00:00', '--job-id', '78', '--raw', '--subdir', 'DAGS_FOLDER/projeto_api.py', '--cfg-path', '/tmp/tmpy5yv91ng', '--error-file', '/tmp/tmp2rs7i2_i']
[2022-07-12 01:52:36,049] {standard_task_runner.py:80} INFO - Job 78: Subtask parse_tuple
[2022-07-12 01:52:36,194] {task_command.py:370} INFO - Running <TaskInstance: bitcoin.parse_tuple manual__2022-07-12T01:52:33.037427+00:00 [running]> on host 54ef6f590a3a
[2022-07-12 01:52:36,371] {taskinstance.py:1571} INFO - Exporting the following env vars:
AIRFLOW_CTX_DAG_OWNER=***
AIRFLOW_CTX_DAG_ID=bitcoin
AIRFLOW_CTX_TASK_ID=parse_tuple
AIRFLOW_CTX_EXECUTION_DATE=2022-07-12T01:52:33.037427+00:00
AIRFLOW_CTX_TRY_NUMBER=1
AIRFLOW_CTX_DAG_RUN_ID=manual__2022-07-12T01:52:33.037427+00:00
[2022-07-12 01:52:36,391] {python.py:173} INFO - Done. Returned value was: {
[2022-07-12 01:52:36,447] {taskinstance.py:1400} INFO - Marking task as SUCCESS. dag_id=bitcoin, task_id=parse_tuple, execution_date=20220712T015233, start_date=20220712T015235, end_date=20220712T015236
[2022-07-12 01:52:36,502] {local_task_job.py:156} INFO - Task exited with return code 0
[2022-07-12 01:52:36,558] {local_task_job.py:273} INFO - 0 downstream tasks scheduled from follow-on schedule check
