[2022-07-12 23:02:08,246] {taskinstance.py:1159} INFO - Dependencies all met for <TaskInstance: bitcoin.get_api manual__2022-07-12T23:01:58.625581+00:00 [queued]>
[2022-07-12 23:02:08,283] {taskinstance.py:1159} INFO - Dependencies all met for <TaskInstance: bitcoin.get_api manual__2022-07-12T23:01:58.625581+00:00 [queued]>
[2022-07-12 23:02:08,283] {taskinstance.py:1356} INFO - 
--------------------------------------------------------------------------------
[2022-07-12 23:02:08,283] {taskinstance.py:1357} INFO - Starting attempt 1 of 1
[2022-07-12 23:02:08,284] {taskinstance.py:1358} INFO - 
--------------------------------------------------------------------------------
[2022-07-12 23:02:08,412] {taskinstance.py:1377} INFO - Executing <Task(PythonOperator): get_api> on 2022-07-12 23:01:58.625581+00:00
[2022-07-12 23:02:08,418] {standard_task_runner.py:52} INFO - Started process 1029 to run task
[2022-07-12 23:02:08,422] {standard_task_runner.py:79} INFO - Running: ['***', 'tasks', 'run', 'bitcoin', 'get_api', 'manual__2022-07-12T23:01:58.625581+00:00', '--job-id', '90', '--raw', '--subdir', 'DAGS_FOLDER/projeto_api.py', '--cfg-path', '/tmp/tmp9k_4pz4t', '--error-file', '/tmp/tmplrw2f19l']
[2022-07-12 23:02:08,423] {standard_task_runner.py:80} INFO - Job 90: Subtask get_api
[2022-07-12 23:02:08,683] {task_command.py:370} INFO - Running <TaskInstance: bitcoin.get_api manual__2022-07-12T23:01:58.625581+00:00 [running]> on host a68ceb55903d
[2022-07-12 23:02:10,448] {taskinstance.py:1571} INFO - Exporting the following env vars:
AIRFLOW_CTX_DAG_OWNER=***
AIRFLOW_CTX_DAG_ID=bitcoin
AIRFLOW_CTX_TASK_ID=get_api
AIRFLOW_CTX_EXECUTION_DATE=2022-07-12T23:01:58.625581+00:00
AIRFLOW_CTX_TRY_NUMBER=1
AIRFLOW_CTX_DAG_RUN_ID=manual__2022-07-12T23:01:58.625581+00:00
[2022-07-12 23:02:13,963] {python.py:173} INFO - Done. Returned value was: {"date":"2022-07-10","opening":112650.51249518,"closing":108864.65169488,"lowest":108394.36,"highest":112908.99738712,"volume":"3293926.47888429","quantity":"29.77558944","amount":2602,"avg_price":110625.06371273}
[2022-07-12 23:02:14,030] {taskinstance.py:1400} INFO - Marking task as SUCCESS. dag_id=bitcoin, task_id=get_api, execution_date=20220712T230158, start_date=20220712T230208, end_date=20220712T230214
[2022-07-12 23:02:14,125] {local_task_job.py:156} INFO - Task exited with return code 0
[2022-07-12 23:02:14,213] {local_task_job.py:273} INFO - 1 downstream tasks scheduled from follow-on schedule check
