[2022-07-06 19:39:37,034] {processor.py:153} INFO - Started process (PID=173) to work on /home/airflow/.local/lib/python3.7/site-packages/airflow/example_dags/example_branch_day_of_week_operator.py
[2022-07-06 19:39:37,035] {processor.py:641} INFO - Processing file /home/airflow/.local/lib/python3.7/site-packages/airflow/example_dags/example_branch_day_of_week_operator.py for tasks to queue
[2022-07-06 19:39:37,036] {logging_mixin.py:115} INFO - [2022-07-06 19:39:37,036] {dagbag.py:507} INFO - Filling up the DagBag from /home/airflow/.local/lib/python3.7/site-packages/airflow/example_dags/example_branch_day_of_week_operator.py
[2022-07-06 19:39:38,062] {processor.py:651} INFO - DAG(s) dict_keys(['example_weekday_branch_operator']) retrieved from /home/airflow/.local/lib/python3.7/site-packages/airflow/example_dags/example_branch_day_of_week_operator.py
[2022-07-06 19:39:39,544] {logging_mixin.py:115} INFO - [2022-07-06 19:39:39,543] {manager.py:508} INFO - Created Permission View: can delete on DAG:example_weekday_branch_operator
[2022-07-06 19:39:40,184] {logging_mixin.py:115} INFO - [2022-07-06 19:39:40,184] {manager.py:508} INFO - Created Permission View: can edit on DAG:example_weekday_branch_operator
[2022-07-06 19:39:40,649] {logging_mixin.py:115} INFO - [2022-07-06 19:39:40,648] {manager.py:508} INFO - Created Permission View: can read on DAG:example_weekday_branch_operator
[2022-07-06 19:39:40,650] {logging_mixin.py:115} INFO - [2022-07-06 19:39:40,649] {dag.py:2379} INFO - Sync 1 DAGs
[2022-07-06 19:39:40,678] {logging_mixin.py:115} INFO - [2022-07-06 19:39:40,678] {dag.py:2398} INFO - Creating ORM DAG for example_weekday_branch_operator
[2022-07-06 19:39:40,702] {logging_mixin.py:115} INFO - [2022-07-06 19:39:40,702] {dag.py:2931} INFO - Setting next_dagrun for example_weekday_branch_operator to 2022-07-05T00:00:00+00:00, run_after=2022-07-06T00:00:00+00:00
[2022-07-06 19:39:40,863] {processor.py:161} INFO - Processing /home/airflow/.local/lib/python3.7/site-packages/airflow/example_dags/example_branch_day_of_week_operator.py took 3.833 seconds
[2022-07-06 19:40:11,042] {processor.py:153} INFO - Started process (PID=224) to work on /home/airflow/.local/lib/python3.7/site-packages/airflow/example_dags/example_branch_day_of_week_operator.py
[2022-07-06 19:40:11,156] {processor.py:641} INFO - Processing file /home/airflow/.local/lib/python3.7/site-packages/airflow/example_dags/example_branch_day_of_week_operator.py for tasks to queue
[2022-07-06 19:40:11,157] {logging_mixin.py:115} INFO - [2022-07-06 19:40:11,157] {dagbag.py:507} INFO - Filling up the DagBag from /home/airflow/.local/lib/python3.7/site-packages/airflow/example_dags/example_branch_day_of_week_operator.py
[2022-07-06 19:40:11,192] {processor.py:651} INFO - DAG(s) dict_keys(['example_weekday_branch_operator']) retrieved from /home/airflow/.local/lib/python3.7/site-packages/airflow/example_dags/example_branch_day_of_week_operator.py
[2022-07-06 19:40:11,315] {logging_mixin.py:115} INFO - [2022-07-06 19:40:11,315] {dag.py:2379} INFO - Sync 1 DAGs
[2022-07-06 19:40:11,354] {logging_mixin.py:115} INFO - [2022-07-06 19:40:11,354] {dag.py:2931} INFO - Setting next_dagrun for example_weekday_branch_operator to 2022-07-05T00:00:00+00:00, run_after=2022-07-06T00:00:00+00:00
[2022-07-06 19:40:11,564] {processor.py:161} INFO - Processing /home/airflow/.local/lib/python3.7/site-packages/airflow/example_dags/example_branch_day_of_week_operator.py took 0.525 seconds
[2022-07-06 19:40:42,434] {processor.py:153} INFO - Started process (PID=285) to work on /home/airflow/.local/lib/python3.7/site-packages/airflow/example_dags/example_branch_day_of_week_operator.py
[2022-07-06 19:40:42,450] {processor.py:641} INFO - Processing file /home/airflow/.local/lib/python3.7/site-packages/airflow/example_dags/example_branch_day_of_week_operator.py for tasks to queue
[2022-07-06 19:40:42,451] {logging_mixin.py:115} INFO - [2022-07-06 19:40:42,451] {dagbag.py:507} INFO - Filling up the DagBag from /home/airflow/.local/lib/python3.7/site-packages/airflow/example_dags/example_branch_day_of_week_operator.py
[2022-07-06 19:40:42,467] {processor.py:651} INFO - DAG(s) dict_keys(['example_weekday_branch_operator']) retrieved from /home/airflow/.local/lib/python3.7/site-packages/airflow/example_dags/example_branch_day_of_week_operator.py
[2022-07-06 19:40:42,514] {logging_mixin.py:115} INFO - [2022-07-06 19:40:42,514] {dag.py:2379} INFO - Sync 1 DAGs
[2022-07-06 19:40:42,552] {logging_mixin.py:115} INFO - [2022-07-06 19:40:42,552] {dag.py:2931} INFO - Setting next_dagrun for example_weekday_branch_operator to 2022-07-05T00:00:00+00:00, run_after=2022-07-06T00:00:00+00:00
[2022-07-06 19:40:42,592] {processor.py:161} INFO - Processing /home/airflow/.local/lib/python3.7/site-packages/airflow/example_dags/example_branch_day_of_week_operator.py took 0.162 seconds
[2022-07-06 19:41:13,306] {processor.py:153} INFO - Started process (PID=336) to work on /home/airflow/.local/lib/python3.7/site-packages/airflow/example_dags/example_branch_day_of_week_operator.py
[2022-07-06 19:41:13,307] {processor.py:641} INFO - Processing file /home/airflow/.local/lib/python3.7/site-packages/airflow/example_dags/example_branch_day_of_week_operator.py for tasks to queue
[2022-07-06 19:41:13,308] {logging_mixin.py:115} INFO - [2022-07-06 19:41:13,307] {dagbag.py:507} INFO - Filling up the DagBag from /home/airflow/.local/lib/python3.7/site-packages/airflow/example_dags/example_branch_day_of_week_operator.py
[2022-07-06 19:41:13,334] {processor.py:651} INFO - DAG(s) dict_keys(['example_weekday_branch_operator']) retrieved from /home/airflow/.local/lib/python3.7/site-packages/airflow/example_dags/example_branch_day_of_week_operator.py
[2022-07-06 19:41:13,393] {logging_mixin.py:115} INFO - [2022-07-06 19:41:13,393] {dag.py:2379} INFO - Sync 1 DAGs
[2022-07-06 19:41:13,434] {logging_mixin.py:115} INFO - [2022-07-06 19:41:13,434] {dag.py:2931} INFO - Setting next_dagrun for example_weekday_branch_operator to 2022-07-05T00:00:00+00:00, run_after=2022-07-06T00:00:00+00:00
[2022-07-06 19:41:13,736] {processor.py:161} INFO - Processing /home/airflow/.local/lib/python3.7/site-packages/airflow/example_dags/example_branch_day_of_week_operator.py took 0.451 seconds
[2022-07-06 19:41:48,889] {processor.py:153} INFO - Started process (PID=379) to work on /home/airflow/.local/lib/python3.7/site-packages/airflow/example_dags/example_branch_day_of_week_operator.py
[2022-07-06 19:41:49,110] {processor.py:641} INFO - Processing file /home/airflow/.local/lib/python3.7/site-packages/airflow/example_dags/example_branch_day_of_week_operator.py for tasks to queue
[2022-07-06 19:41:49,111] {logging_mixin.py:115} INFO - [2022-07-06 19:41:49,111] {dagbag.py:507} INFO - Filling up the DagBag from /home/airflow/.local/lib/python3.7/site-packages/airflow/example_dags/example_branch_day_of_week_operator.py
[2022-07-06 19:41:50,106] {processor.py:651} INFO - DAG(s) dict_keys(['example_weekday_branch_operator']) retrieved from /home/airflow/.local/lib/python3.7/site-packages/airflow/example_dags/example_branch_day_of_week_operator.py
[2022-07-06 19:41:50,143] {logging_mixin.py:115} INFO - [2022-07-06 19:41:50,143] {dag.py:2379} INFO - Sync 1 DAGs
[2022-07-06 19:41:50,169] {logging_mixin.py:115} INFO - [2022-07-06 19:41:50,168] {dag.py:2931} INFO - Setting next_dagrun for example_weekday_branch_operator to 2022-07-05T00:00:00+00:00, run_after=2022-07-06T00:00:00+00:00
[2022-07-06 19:41:50,340] {processor.py:161} INFO - Processing /home/airflow/.local/lib/python3.7/site-packages/airflow/example_dags/example_branch_day_of_week_operator.py took 1.454 seconds
[2022-07-06 19:45:22,323] {processor.py:153} INFO - Started process (PID=483) to work on /home/airflow/.local/lib/python3.7/site-packages/airflow/example_dags/example_branch_day_of_week_operator.py
[2022-07-06 19:45:22,606] {processor.py:641} INFO - Processing file /home/airflow/.local/lib/python3.7/site-packages/airflow/example_dags/example_branch_day_of_week_operator.py for tasks to queue
[2022-07-06 19:45:22,607] {logging_mixin.py:115} INFO - [2022-07-06 19:45:22,607] {dagbag.py:507} INFO - Filling up the DagBag from /home/airflow/.local/lib/python3.7/site-packages/airflow/example_dags/example_branch_day_of_week_operator.py
[2022-07-06 19:45:24,336] {processor.py:651} INFO - DAG(s) dict_keys(['example_weekday_branch_operator']) retrieved from /home/airflow/.local/lib/python3.7/site-packages/airflow/example_dags/example_branch_day_of_week_operator.py
[2022-07-06 19:45:24,380] {logging_mixin.py:115} INFO - [2022-07-06 19:45:24,380] {dag.py:2379} INFO - Sync 1 DAGs
[2022-07-06 19:45:24,408] {logging_mixin.py:115} INFO - [2022-07-06 19:45:24,408] {dag.py:2931} INFO - Setting next_dagrun for example_weekday_branch_operator to 2022-07-05T00:00:00+00:00, run_after=2022-07-06T00:00:00+00:00
[2022-07-06 19:45:26,518] {processor.py:161} INFO - Processing /home/airflow/.local/lib/python3.7/site-packages/airflow/example_dags/example_branch_day_of_week_operator.py took 4.198 seconds
[2022-07-06 19:54:41,369] {processor.py:153} INFO - Started process (PID=147) to work on /home/airflow/.local/lib/python3.7/site-packages/airflow/example_dags/example_branch_day_of_week_operator.py
[2022-07-06 19:54:41,513] {processor.py:641} INFO - Processing file /home/airflow/.local/lib/python3.7/site-packages/airflow/example_dags/example_branch_day_of_week_operator.py for tasks to queue
[2022-07-06 19:54:41,514] {logging_mixin.py:115} INFO - [2022-07-06 19:54:41,514] {dagbag.py:507} INFO - Filling up the DagBag from /home/airflow/.local/lib/python3.7/site-packages/airflow/example_dags/example_branch_day_of_week_operator.py
[2022-07-06 19:54:41,551] {processor.py:651} INFO - DAG(s) dict_keys(['example_weekday_branch_operator']) retrieved from /home/airflow/.local/lib/python3.7/site-packages/airflow/example_dags/example_branch_day_of_week_operator.py
[2022-07-06 19:54:41,588] {logging_mixin.py:115} INFO - [2022-07-06 19:54:41,588] {dag.py:2379} INFO - Sync 1 DAGs
[2022-07-06 19:54:41,634] {logging_mixin.py:115} INFO - [2022-07-06 19:54:41,634] {dag.py:2931} INFO - Setting next_dagrun for example_weekday_branch_operator to 2022-07-05T00:00:00+00:00, run_after=2022-07-06T00:00:00+00:00
[2022-07-06 19:54:41,720] {processor.py:161} INFO - Processing /home/airflow/.local/lib/python3.7/site-packages/airflow/example_dags/example_branch_day_of_week_operator.py took 0.355 seconds
[2022-07-06 19:55:39,069] {processor.py:153} INFO - Started process (PID=218) to work on /home/airflow/.local/lib/python3.7/site-packages/airflow/example_dags/example_branch_day_of_week_operator.py
[2022-07-06 19:55:39,267] {processor.py:641} INFO - Processing file /home/airflow/.local/lib/python3.7/site-packages/airflow/example_dags/example_branch_day_of_week_operator.py for tasks to queue
[2022-07-06 19:55:39,268] {logging_mixin.py:115} INFO - [2022-07-06 19:55:39,268] {dagbag.py:507} INFO - Filling up the DagBag from /home/airflow/.local/lib/python3.7/site-packages/airflow/example_dags/example_branch_day_of_week_operator.py
[2022-07-06 19:55:39,394] {processor.py:651} INFO - DAG(s) dict_keys(['example_weekday_branch_operator']) retrieved from /home/airflow/.local/lib/python3.7/site-packages/airflow/example_dags/example_branch_day_of_week_operator.py
[2022-07-06 19:55:39,628] {logging_mixin.py:115} INFO - [2022-07-06 19:55:39,628] {dag.py:2379} INFO - Sync 1 DAGs
[2022-07-06 19:55:39,675] {logging_mixin.py:115} INFO - [2022-07-06 19:55:39,674] {dag.py:2931} INFO - Setting next_dagrun for example_weekday_branch_operator to 2022-07-05T00:00:00+00:00, run_after=2022-07-06T00:00:00+00:00
[2022-07-06 19:55:40,578] {processor.py:161} INFO - Processing /home/airflow/.local/lib/python3.7/site-packages/airflow/example_dags/example_branch_day_of_week_operator.py took 1.513 seconds
[2022-07-06 19:58:15,012] {processor.py:153} INFO - Started process (PID=354) to work on /home/airflow/.local/lib/python3.7/site-packages/airflow/example_dags/example_branch_day_of_week_operator.py
[2022-07-06 19:58:15,099] {processor.py:641} INFO - Processing file /home/airflow/.local/lib/python3.7/site-packages/airflow/example_dags/example_branch_day_of_week_operator.py for tasks to queue
[2022-07-06 19:58:15,099] {logging_mixin.py:115} INFO - [2022-07-06 19:58:15,099] {dagbag.py:507} INFO - Filling up the DagBag from /home/airflow/.local/lib/python3.7/site-packages/airflow/example_dags/example_branch_day_of_week_operator.py
[2022-07-06 19:58:15,112] {processor.py:651} INFO - DAG(s) dict_keys(['example_weekday_branch_operator']) retrieved from /home/airflow/.local/lib/python3.7/site-packages/airflow/example_dags/example_branch_day_of_week_operator.py
[2022-07-06 19:58:15,148] {logging_mixin.py:115} INFO - [2022-07-06 19:58:15,148] {dag.py:2379} INFO - Sync 1 DAGs
[2022-07-06 19:58:15,178] {logging_mixin.py:115} INFO - [2022-07-06 19:58:15,178] {dag.py:2931} INFO - Setting next_dagrun for example_weekday_branch_operator to 2022-07-05T00:00:00+00:00, run_after=2022-07-06T00:00:00+00:00
[2022-07-06 19:58:15,275] {processor.py:161} INFO - Processing /home/airflow/.local/lib/python3.7/site-packages/airflow/example_dags/example_branch_day_of_week_operator.py took 0.268 seconds
[2022-07-06 19:58:46,565] {processor.py:153} INFO - Started process (PID=406) to work on /home/airflow/.local/lib/python3.7/site-packages/airflow/example_dags/example_branch_day_of_week_operator.py
[2022-07-06 19:58:46,565] {processor.py:641} INFO - Processing file /home/airflow/.local/lib/python3.7/site-packages/airflow/example_dags/example_branch_day_of_week_operator.py for tasks to queue
[2022-07-06 19:58:46,566] {logging_mixin.py:115} INFO - [2022-07-06 19:58:46,566] {dagbag.py:507} INFO - Filling up the DagBag from /home/airflow/.local/lib/python3.7/site-packages/airflow/example_dags/example_branch_day_of_week_operator.py
[2022-07-06 19:58:46,580] {processor.py:651} INFO - DAG(s) dict_keys(['example_weekday_branch_operator']) retrieved from /home/airflow/.local/lib/python3.7/site-packages/airflow/example_dags/example_branch_day_of_week_operator.py
[2022-07-06 19:58:46,607] {logging_mixin.py:115} INFO - [2022-07-06 19:58:46,607] {dag.py:2379} INFO - Sync 1 DAGs
[2022-07-06 19:58:46,637] {logging_mixin.py:115} INFO - [2022-07-06 19:58:46,637] {dag.py:2931} INFO - Setting next_dagrun for example_weekday_branch_operator to 2022-07-05T00:00:00+00:00, run_after=2022-07-06T00:00:00+00:00
[2022-07-06 19:58:46,699] {processor.py:161} INFO - Processing /home/airflow/.local/lib/python3.7/site-packages/airflow/example_dags/example_branch_day_of_week_operator.py took 0.138 seconds
[2022-07-06 19:59:32,592] {processor.py:153} INFO - Started process (PID=467) to work on /home/airflow/.local/lib/python3.7/site-packages/airflow/example_dags/example_branch_day_of_week_operator.py
[2022-07-06 19:59:32,595] {processor.py:641} INFO - Processing file /home/airflow/.local/lib/python3.7/site-packages/airflow/example_dags/example_branch_day_of_week_operator.py for tasks to queue
[2022-07-06 19:59:32,597] {logging_mixin.py:115} INFO - [2022-07-06 19:59:32,597] {dagbag.py:507} INFO - Filling up the DagBag from /home/airflow/.local/lib/python3.7/site-packages/airflow/example_dags/example_branch_day_of_week_operator.py
[2022-07-06 19:59:32,801] {processor.py:651} INFO - DAG(s) dict_keys(['example_weekday_branch_operator']) retrieved from /home/airflow/.local/lib/python3.7/site-packages/airflow/example_dags/example_branch_day_of_week_operator.py
[2022-07-06 19:59:32,865] {logging_mixin.py:115} INFO - [2022-07-06 19:59:32,865] {dag.py:2379} INFO - Sync 1 DAGs
[2022-07-06 19:59:32,898] {logging_mixin.py:115} INFO - [2022-07-06 19:59:32,898] {dag.py:2931} INFO - Setting next_dagrun for example_weekday_branch_operator to 2022-07-05T00:00:00+00:00, run_after=2022-07-06T00:00:00+00:00
[2022-07-06 19:59:32,999] {processor.py:161} INFO - Processing /home/airflow/.local/lib/python3.7/site-packages/airflow/example_dags/example_branch_day_of_week_operator.py took 0.419 seconds
[2022-07-06 20:00:03,977] {processor.py:153} INFO - Started process (PID=520) to work on /home/airflow/.local/lib/python3.7/site-packages/airflow/example_dags/example_branch_day_of_week_operator.py
[2022-07-06 20:00:03,977] {processor.py:641} INFO - Processing file /home/airflow/.local/lib/python3.7/site-packages/airflow/example_dags/example_branch_day_of_week_operator.py for tasks to queue
[2022-07-06 20:00:03,978] {logging_mixin.py:115} INFO - [2022-07-06 20:00:03,978] {dagbag.py:507} INFO - Filling up the DagBag from /home/airflow/.local/lib/python3.7/site-packages/airflow/example_dags/example_branch_day_of_week_operator.py
[2022-07-06 20:00:03,993] {processor.py:651} INFO - DAG(s) dict_keys(['example_weekday_branch_operator']) retrieved from /home/airflow/.local/lib/python3.7/site-packages/airflow/example_dags/example_branch_day_of_week_operator.py
[2022-07-06 20:00:04,038] {logging_mixin.py:115} INFO - [2022-07-06 20:00:04,038] {dag.py:2379} INFO - Sync 1 DAGs
[2022-07-06 20:00:04,082] {logging_mixin.py:115} INFO - [2022-07-06 20:00:04,082] {dag.py:2931} INFO - Setting next_dagrun for example_weekday_branch_operator to 2022-07-05T00:00:00+00:00, run_after=2022-07-06T00:00:00+00:00
[2022-07-06 20:00:04,179] {processor.py:161} INFO - Processing /home/airflow/.local/lib/python3.7/site-packages/airflow/example_dags/example_branch_day_of_week_operator.py took 0.207 seconds
[2022-07-06 20:00:34,501] {processor.py:153} INFO - Started process (PID=580) to work on /home/airflow/.local/lib/python3.7/site-packages/airflow/example_dags/example_branch_day_of_week_operator.py
[2022-07-06 20:00:34,509] {processor.py:641} INFO - Processing file /home/airflow/.local/lib/python3.7/site-packages/airflow/example_dags/example_branch_day_of_week_operator.py for tasks to queue
[2022-07-06 20:00:34,510] {logging_mixin.py:115} INFO - [2022-07-06 20:00:34,509] {dagbag.py:507} INFO - Filling up the DagBag from /home/airflow/.local/lib/python3.7/site-packages/airflow/example_dags/example_branch_day_of_week_operator.py
[2022-07-06 20:00:34,520] {processor.py:651} INFO - DAG(s) dict_keys(['example_weekday_branch_operator']) retrieved from /home/airflow/.local/lib/python3.7/site-packages/airflow/example_dags/example_branch_day_of_week_operator.py
[2022-07-06 20:00:34,550] {logging_mixin.py:115} INFO - [2022-07-06 20:00:34,550] {dag.py:2379} INFO - Sync 1 DAGs
[2022-07-06 20:00:34,581] {logging_mixin.py:115} INFO - [2022-07-06 20:00:34,580] {dag.py:2931} INFO - Setting next_dagrun for example_weekday_branch_operator to 2022-07-05T00:00:00+00:00, run_after=2022-07-06T00:00:00+00:00
[2022-07-06 20:00:34,613] {processor.py:161} INFO - Processing /home/airflow/.local/lib/python3.7/site-packages/airflow/example_dags/example_branch_day_of_week_operator.py took 0.116 seconds
[2022-07-06 20:01:13,667] {processor.py:153} INFO - Started process (PID=639) to work on /home/airflow/.local/lib/python3.7/site-packages/airflow/example_dags/example_branch_day_of_week_operator.py
[2022-07-06 20:01:13,695] {processor.py:641} INFO - Processing file /home/airflow/.local/lib/python3.7/site-packages/airflow/example_dags/example_branch_day_of_week_operator.py for tasks to queue
[2022-07-06 20:01:13,696] {logging_mixin.py:115} INFO - [2022-07-06 20:01:13,696] {dagbag.py:507} INFO - Filling up the DagBag from /home/airflow/.local/lib/python3.7/site-packages/airflow/example_dags/example_branch_day_of_week_operator.py
[2022-07-06 20:01:13,721] {processor.py:651} INFO - DAG(s) dict_keys(['example_weekday_branch_operator']) retrieved from /home/airflow/.local/lib/python3.7/site-packages/airflow/example_dags/example_branch_day_of_week_operator.py
[2022-07-06 20:01:13,797] {logging_mixin.py:115} INFO - [2022-07-06 20:01:13,797] {dag.py:2379} INFO - Sync 1 DAGs
[2022-07-06 20:01:13,842] {logging_mixin.py:115} INFO - [2022-07-06 20:01:13,842] {dag.py:2931} INFO - Setting next_dagrun for example_weekday_branch_operator to 2022-07-05T00:00:00+00:00, run_after=2022-07-06T00:00:00+00:00
[2022-07-06 20:01:13,867] {processor.py:161} INFO - Processing /home/airflow/.local/lib/python3.7/site-packages/airflow/example_dags/example_branch_day_of_week_operator.py took 0.204 seconds
[2022-07-06 20:01:54,789] {processor.py:153} INFO - Started process (PID=700) to work on /home/airflow/.local/lib/python3.7/site-packages/airflow/example_dags/example_branch_day_of_week_operator.py
[2022-07-06 20:01:54,809] {processor.py:641} INFO - Processing file /home/airflow/.local/lib/python3.7/site-packages/airflow/example_dags/example_branch_day_of_week_operator.py for tasks to queue
[2022-07-06 20:01:54,810] {logging_mixin.py:115} INFO - [2022-07-06 20:01:54,809] {dagbag.py:507} INFO - Filling up the DagBag from /home/airflow/.local/lib/python3.7/site-packages/airflow/example_dags/example_branch_day_of_week_operator.py
[2022-07-06 20:01:54,822] {processor.py:651} INFO - DAG(s) dict_keys(['example_weekday_branch_operator']) retrieved from /home/airflow/.local/lib/python3.7/site-packages/airflow/example_dags/example_branch_day_of_week_operator.py
[2022-07-06 20:01:54,864] {logging_mixin.py:115} INFO - [2022-07-06 20:01:54,864] {dag.py:2379} INFO - Sync 1 DAGs
[2022-07-06 20:01:54,900] {logging_mixin.py:115} INFO - [2022-07-06 20:01:54,900] {dag.py:2931} INFO - Setting next_dagrun for example_weekday_branch_operator to 2022-07-05T00:00:00+00:00, run_after=2022-07-06T00:00:00+00:00
[2022-07-06 20:01:54,950] {processor.py:161} INFO - Processing /home/airflow/.local/lib/python3.7/site-packages/airflow/example_dags/example_branch_day_of_week_operator.py took 0.166 seconds
[2022-07-06 20:02:26,428] {processor.py:153} INFO - Started process (PID=751) to work on /home/airflow/.local/lib/python3.7/site-packages/airflow/example_dags/example_branch_day_of_week_operator.py
[2022-07-06 20:02:26,429] {processor.py:641} INFO - Processing file /home/airflow/.local/lib/python3.7/site-packages/airflow/example_dags/example_branch_day_of_week_operator.py for tasks to queue
[2022-07-06 20:02:26,429] {logging_mixin.py:115} INFO - [2022-07-06 20:02:26,429] {dagbag.py:507} INFO - Filling up the DagBag from /home/airflow/.local/lib/python3.7/site-packages/airflow/example_dags/example_branch_day_of_week_operator.py
[2022-07-06 20:02:26,439] {processor.py:651} INFO - DAG(s) dict_keys(['example_weekday_branch_operator']) retrieved from /home/airflow/.local/lib/python3.7/site-packages/airflow/example_dags/example_branch_day_of_week_operator.py
[2022-07-06 20:02:26,469] {logging_mixin.py:115} INFO - [2022-07-06 20:02:26,469] {dag.py:2379} INFO - Sync 1 DAGs
[2022-07-06 20:02:26,499] {logging_mixin.py:115} INFO - [2022-07-06 20:02:26,498] {dag.py:2931} INFO - Setting next_dagrun for example_weekday_branch_operator to 2022-07-05T00:00:00+00:00, run_after=2022-07-06T00:00:00+00:00
[2022-07-06 20:02:26,546] {processor.py:161} INFO - Processing /home/airflow/.local/lib/python3.7/site-packages/airflow/example_dags/example_branch_day_of_week_operator.py took 0.121 seconds
[2022-07-06 20:03:01,242] {processor.py:153} INFO - Started process (PID=811) to work on /home/airflow/.local/lib/python3.7/site-packages/airflow/example_dags/example_branch_day_of_week_operator.py
[2022-07-06 20:03:01,348] {processor.py:641} INFO - Processing file /home/airflow/.local/lib/python3.7/site-packages/airflow/example_dags/example_branch_day_of_week_operator.py for tasks to queue
[2022-07-06 20:03:01,349] {logging_mixin.py:115} INFO - [2022-07-06 20:03:01,349] {dagbag.py:507} INFO - Filling up the DagBag from /home/airflow/.local/lib/python3.7/site-packages/airflow/example_dags/example_branch_day_of_week_operator.py
[2022-07-06 20:03:01,357] {processor.py:651} INFO - DAG(s) dict_keys(['example_weekday_branch_operator']) retrieved from /home/airflow/.local/lib/python3.7/site-packages/airflow/example_dags/example_branch_day_of_week_operator.py
[2022-07-06 20:03:01,388] {logging_mixin.py:115} INFO - [2022-07-06 20:03:01,387] {dag.py:2379} INFO - Sync 1 DAGs
[2022-07-06 20:03:01,431] {logging_mixin.py:115} INFO - [2022-07-06 20:03:01,431] {dag.py:2931} INFO - Setting next_dagrun for example_weekday_branch_operator to 2022-07-05T00:00:00+00:00, run_after=2022-07-06T00:00:00+00:00
[2022-07-06 20:03:01,599] {processor.py:161} INFO - Processing /home/airflow/.local/lib/python3.7/site-packages/airflow/example_dags/example_branch_day_of_week_operator.py took 0.361 seconds
[2022-07-06 20:03:31,869] {processor.py:153} INFO - Started process (PID=863) to work on /home/airflow/.local/lib/python3.7/site-packages/airflow/example_dags/example_branch_day_of_week_operator.py
[2022-07-06 20:03:31,870] {processor.py:641} INFO - Processing file /home/airflow/.local/lib/python3.7/site-packages/airflow/example_dags/example_branch_day_of_week_operator.py for tasks to queue
[2022-07-06 20:03:31,871] {logging_mixin.py:115} INFO - [2022-07-06 20:03:31,870] {dagbag.py:507} INFO - Filling up the DagBag from /home/airflow/.local/lib/python3.7/site-packages/airflow/example_dags/example_branch_day_of_week_operator.py
[2022-07-06 20:03:31,882] {processor.py:651} INFO - DAG(s) dict_keys(['example_weekday_branch_operator']) retrieved from /home/airflow/.local/lib/python3.7/site-packages/airflow/example_dags/example_branch_day_of_week_operator.py
[2022-07-06 20:03:31,919] {logging_mixin.py:115} INFO - [2022-07-06 20:03:31,919] {dag.py:2379} INFO - Sync 1 DAGs
[2022-07-06 20:03:31,967] {logging_mixin.py:115} INFO - [2022-07-06 20:03:31,967] {dag.py:2931} INFO - Setting next_dagrun for example_weekday_branch_operator to 2022-07-05T00:00:00+00:00, run_after=2022-07-06T00:00:00+00:00
[2022-07-06 20:03:31,994] {processor.py:161} INFO - Processing /home/airflow/.local/lib/python3.7/site-packages/airflow/example_dags/example_branch_day_of_week_operator.py took 0.129 seconds
[2022-07-06 20:04:02,428] {processor.py:153} INFO - Started process (PID=915) to work on /home/airflow/.local/lib/python3.7/site-packages/airflow/example_dags/example_branch_day_of_week_operator.py
[2022-07-06 20:04:02,453] {processor.py:641} INFO - Processing file /home/airflow/.local/lib/python3.7/site-packages/airflow/example_dags/example_branch_day_of_week_operator.py for tasks to queue
[2022-07-06 20:04:02,454] {logging_mixin.py:115} INFO - [2022-07-06 20:04:02,453] {dagbag.py:507} INFO - Filling up the DagBag from /home/airflow/.local/lib/python3.7/site-packages/airflow/example_dags/example_branch_day_of_week_operator.py
[2022-07-06 20:04:02,467] {processor.py:651} INFO - DAG(s) dict_keys(['example_weekday_branch_operator']) retrieved from /home/airflow/.local/lib/python3.7/site-packages/airflow/example_dags/example_branch_day_of_week_operator.py
[2022-07-06 20:04:02,509] {logging_mixin.py:115} INFO - [2022-07-06 20:04:02,509] {dag.py:2379} INFO - Sync 1 DAGs
[2022-07-06 20:04:02,553] {logging_mixin.py:115} INFO - [2022-07-06 20:04:02,553] {dag.py:2931} INFO - Setting next_dagrun for example_weekday_branch_operator to 2022-07-05T00:00:00+00:00, run_after=2022-07-06T00:00:00+00:00
[2022-07-06 20:04:02,620] {processor.py:161} INFO - Processing /home/airflow/.local/lib/python3.7/site-packages/airflow/example_dags/example_branch_day_of_week_operator.py took 0.196 seconds
[2022-07-06 20:04:33,440] {processor.py:153} INFO - Started process (PID=966) to work on /home/airflow/.local/lib/python3.7/site-packages/airflow/example_dags/example_branch_day_of_week_operator.py
[2022-07-06 20:04:33,460] {processor.py:641} INFO - Processing file /home/airflow/.local/lib/python3.7/site-packages/airflow/example_dags/example_branch_day_of_week_operator.py for tasks to queue
[2022-07-06 20:04:33,461] {logging_mixin.py:115} INFO - [2022-07-06 20:04:33,461] {dagbag.py:507} INFO - Filling up the DagBag from /home/airflow/.local/lib/python3.7/site-packages/airflow/example_dags/example_branch_day_of_week_operator.py
[2022-07-06 20:04:33,470] {processor.py:651} INFO - DAG(s) dict_keys(['example_weekday_branch_operator']) retrieved from /home/airflow/.local/lib/python3.7/site-packages/airflow/example_dags/example_branch_day_of_week_operator.py
[2022-07-06 20:04:33,501] {logging_mixin.py:115} INFO - [2022-07-06 20:04:33,501] {dag.py:2379} INFO - Sync 1 DAGs
[2022-07-06 20:04:33,536] {logging_mixin.py:115} INFO - [2022-07-06 20:04:33,536] {dag.py:2931} INFO - Setting next_dagrun for example_weekday_branch_operator to 2022-07-05T00:00:00+00:00, run_after=2022-07-06T00:00:00+00:00
[2022-07-06 20:04:33,556] {processor.py:161} INFO - Processing /home/airflow/.local/lib/python3.7/site-packages/airflow/example_dags/example_branch_day_of_week_operator.py took 0.119 seconds
[2022-07-06 20:05:04,371] {processor.py:153} INFO - Started process (PID=1028) to work on /home/airflow/.local/lib/python3.7/site-packages/airflow/example_dags/example_branch_day_of_week_operator.py
[2022-07-06 20:05:04,371] {processor.py:641} INFO - Processing file /home/airflow/.local/lib/python3.7/site-packages/airflow/example_dags/example_branch_day_of_week_operator.py for tasks to queue
[2022-07-06 20:05:04,372] {logging_mixin.py:115} INFO - [2022-07-06 20:05:04,372] {dagbag.py:507} INFO - Filling up the DagBag from /home/airflow/.local/lib/python3.7/site-packages/airflow/example_dags/example_branch_day_of_week_operator.py
[2022-07-06 20:05:04,381] {processor.py:651} INFO - DAG(s) dict_keys(['example_weekday_branch_operator']) retrieved from /home/airflow/.local/lib/python3.7/site-packages/airflow/example_dags/example_branch_day_of_week_operator.py
[2022-07-06 20:05:04,417] {logging_mixin.py:115} INFO - [2022-07-06 20:05:04,417] {dag.py:2379} INFO - Sync 1 DAGs
[2022-07-06 20:05:04,454] {logging_mixin.py:115} INFO - [2022-07-06 20:05:04,454] {dag.py:2931} INFO - Setting next_dagrun for example_weekday_branch_operator to 2022-07-05T00:00:00+00:00, run_after=2022-07-06T00:00:00+00:00
[2022-07-06 20:05:04,474] {processor.py:161} INFO - Processing /home/airflow/.local/lib/python3.7/site-packages/airflow/example_dags/example_branch_day_of_week_operator.py took 0.106 seconds
[2022-07-06 20:05:34,669] {processor.py:153} INFO - Started process (PID=1079) to work on /home/airflow/.local/lib/python3.7/site-packages/airflow/example_dags/example_branch_day_of_week_operator.py
[2022-07-06 20:05:34,670] {processor.py:641} INFO - Processing file /home/airflow/.local/lib/python3.7/site-packages/airflow/example_dags/example_branch_day_of_week_operator.py for tasks to queue
[2022-07-06 20:05:34,673] {logging_mixin.py:115} INFO - [2022-07-06 20:05:34,672] {dagbag.py:507} INFO - Filling up the DagBag from /home/airflow/.local/lib/python3.7/site-packages/airflow/example_dags/example_branch_day_of_week_operator.py
[2022-07-06 20:05:34,700] {processor.py:651} INFO - DAG(s) dict_keys(['example_weekday_branch_operator']) retrieved from /home/airflow/.local/lib/python3.7/site-packages/airflow/example_dags/example_branch_day_of_week_operator.py
[2022-07-06 20:05:34,738] {logging_mixin.py:115} INFO - [2022-07-06 20:05:34,738] {dag.py:2379} INFO - Sync 1 DAGs
[2022-07-06 20:05:34,771] {logging_mixin.py:115} INFO - [2022-07-06 20:05:34,771] {dag.py:2931} INFO - Setting next_dagrun for example_weekday_branch_operator to 2022-07-05T00:00:00+00:00, run_after=2022-07-06T00:00:00+00:00
[2022-07-06 20:05:34,794] {processor.py:161} INFO - Processing /home/airflow/.local/lib/python3.7/site-packages/airflow/example_dags/example_branch_day_of_week_operator.py took 0.136 seconds
[2022-07-06 20:06:05,624] {processor.py:153} INFO - Started process (PID=1131) to work on /home/airflow/.local/lib/python3.7/site-packages/airflow/example_dags/example_branch_day_of_week_operator.py
[2022-07-06 20:06:05,626] {processor.py:641} INFO - Processing file /home/airflow/.local/lib/python3.7/site-packages/airflow/example_dags/example_branch_day_of_week_operator.py for tasks to queue
[2022-07-06 20:06:05,627] {logging_mixin.py:115} INFO - [2022-07-06 20:06:05,627] {dagbag.py:507} INFO - Filling up the DagBag from /home/airflow/.local/lib/python3.7/site-packages/airflow/example_dags/example_branch_day_of_week_operator.py
[2022-07-06 20:06:05,655] {processor.py:651} INFO - DAG(s) dict_keys(['example_weekday_branch_operator']) retrieved from /home/airflow/.local/lib/python3.7/site-packages/airflow/example_dags/example_branch_day_of_week_operator.py
[2022-07-06 20:06:05,689] {logging_mixin.py:115} INFO - [2022-07-06 20:06:05,689] {dag.py:2379} INFO - Sync 1 DAGs
[2022-07-06 20:06:05,719] {logging_mixin.py:115} INFO - [2022-07-06 20:06:05,719] {dag.py:2931} INFO - Setting next_dagrun for example_weekday_branch_operator to 2022-07-05T00:00:00+00:00, run_after=2022-07-06T00:00:00+00:00
[2022-07-06 20:06:05,837] {processor.py:161} INFO - Processing /home/airflow/.local/lib/python3.7/site-packages/airflow/example_dags/example_branch_day_of_week_operator.py took 0.223 seconds
[2022-07-06 20:06:36,622] {processor.py:153} INFO - Started process (PID=1192) to work on /home/airflow/.local/lib/python3.7/site-packages/airflow/example_dags/example_branch_day_of_week_operator.py
[2022-07-06 20:06:36,640] {processor.py:641} INFO - Processing file /home/airflow/.local/lib/python3.7/site-packages/airflow/example_dags/example_branch_day_of_week_operator.py for tasks to queue
[2022-07-06 20:06:36,641] {logging_mixin.py:115} INFO - [2022-07-06 20:06:36,640] {dagbag.py:507} INFO - Filling up the DagBag from /home/airflow/.local/lib/python3.7/site-packages/airflow/example_dags/example_branch_day_of_week_operator.py
[2022-07-06 20:06:36,654] {processor.py:651} INFO - DAG(s) dict_keys(['example_weekday_branch_operator']) retrieved from /home/airflow/.local/lib/python3.7/site-packages/airflow/example_dags/example_branch_day_of_week_operator.py
[2022-07-06 20:06:36,695] {logging_mixin.py:115} INFO - [2022-07-06 20:06:36,695] {dag.py:2379} INFO - Sync 1 DAGs
[2022-07-06 20:06:36,736] {logging_mixin.py:115} INFO - [2022-07-06 20:06:36,736] {dag.py:2931} INFO - Setting next_dagrun for example_weekday_branch_operator to 2022-07-05T00:00:00+00:00, run_after=2022-07-06T00:00:00+00:00
[2022-07-06 20:06:36,799] {processor.py:161} INFO - Processing /home/airflow/.local/lib/python3.7/site-packages/airflow/example_dags/example_branch_day_of_week_operator.py took 0.182 seconds
[2022-07-06 20:07:07,646] {processor.py:153} INFO - Started process (PID=1244) to work on /home/airflow/.local/lib/python3.7/site-packages/airflow/example_dags/example_branch_day_of_week_operator.py
[2022-07-06 20:07:07,648] {processor.py:641} INFO - Processing file /home/airflow/.local/lib/python3.7/site-packages/airflow/example_dags/example_branch_day_of_week_operator.py for tasks to queue
[2022-07-06 20:07:07,650] {logging_mixin.py:115} INFO - [2022-07-06 20:07:07,650] {dagbag.py:507} INFO - Filling up the DagBag from /home/airflow/.local/lib/python3.7/site-packages/airflow/example_dags/example_branch_day_of_week_operator.py
[2022-07-06 20:07:07,688] {processor.py:651} INFO - DAG(s) dict_keys(['example_weekday_branch_operator']) retrieved from /home/airflow/.local/lib/python3.7/site-packages/airflow/example_dags/example_branch_day_of_week_operator.py
[2022-07-06 20:07:07,741] {logging_mixin.py:115} INFO - [2022-07-06 20:07:07,741] {dag.py:2379} INFO - Sync 1 DAGs
[2022-07-06 20:07:07,772] {logging_mixin.py:115} INFO - [2022-07-06 20:07:07,772] {dag.py:2931} INFO - Setting next_dagrun for example_weekday_branch_operator to 2022-07-05T00:00:00+00:00, run_after=2022-07-06T00:00:00+00:00
[2022-07-06 20:07:07,840] {processor.py:161} INFO - Processing /home/airflow/.local/lib/python3.7/site-packages/airflow/example_dags/example_branch_day_of_week_operator.py took 0.203 seconds
[2022-07-06 20:07:38,261] {processor.py:153} INFO - Started process (PID=1304) to work on /home/airflow/.local/lib/python3.7/site-packages/airflow/example_dags/example_branch_day_of_week_operator.py
[2022-07-06 20:07:38,288] {processor.py:641} INFO - Processing file /home/airflow/.local/lib/python3.7/site-packages/airflow/example_dags/example_branch_day_of_week_operator.py for tasks to queue
[2022-07-06 20:07:38,289] {logging_mixin.py:115} INFO - [2022-07-06 20:07:38,289] {dagbag.py:507} INFO - Filling up the DagBag from /home/airflow/.local/lib/python3.7/site-packages/airflow/example_dags/example_branch_day_of_week_operator.py
[2022-07-06 20:07:38,311] {processor.py:651} INFO - DAG(s) dict_keys(['example_weekday_branch_operator']) retrieved from /home/airflow/.local/lib/python3.7/site-packages/airflow/example_dags/example_branch_day_of_week_operator.py
[2022-07-06 20:07:38,389] {logging_mixin.py:115} INFO - [2022-07-06 20:07:38,389] {dag.py:2379} INFO - Sync 1 DAGs
[2022-07-06 20:07:38,444] {logging_mixin.py:115} INFO - [2022-07-06 20:07:38,444] {dag.py:2931} INFO - Setting next_dagrun for example_weekday_branch_operator to 2022-07-05T00:00:00+00:00, run_after=2022-07-06T00:00:00+00:00
[2022-07-06 20:07:38,469] {processor.py:161} INFO - Processing /home/airflow/.local/lib/python3.7/site-packages/airflow/example_dags/example_branch_day_of_week_operator.py took 0.221 seconds
[2022-07-06 20:08:09,659] {processor.py:153} INFO - Started process (PID=1356) to work on /home/airflow/.local/lib/python3.7/site-packages/airflow/example_dags/example_branch_day_of_week_operator.py
[2022-07-06 20:08:09,659] {processor.py:641} INFO - Processing file /home/airflow/.local/lib/python3.7/site-packages/airflow/example_dags/example_branch_day_of_week_operator.py for tasks to queue
[2022-07-06 20:08:09,660] {logging_mixin.py:115} INFO - [2022-07-06 20:08:09,660] {dagbag.py:507} INFO - Filling up the DagBag from /home/airflow/.local/lib/python3.7/site-packages/airflow/example_dags/example_branch_day_of_week_operator.py
[2022-07-06 20:08:09,677] {processor.py:651} INFO - DAG(s) dict_keys(['example_weekday_branch_operator']) retrieved from /home/airflow/.local/lib/python3.7/site-packages/airflow/example_dags/example_branch_day_of_week_operator.py
[2022-07-06 20:08:09,707] {logging_mixin.py:115} INFO - [2022-07-06 20:08:09,706] {dag.py:2379} INFO - Sync 1 DAGs
[2022-07-06 20:08:09,737] {logging_mixin.py:115} INFO - [2022-07-06 20:08:09,737] {dag.py:2931} INFO - Setting next_dagrun for example_weekday_branch_operator to 2022-07-05T00:00:00+00:00, run_after=2022-07-06T00:00:00+00:00
[2022-07-06 20:08:10,119] {processor.py:161} INFO - Processing /home/airflow/.local/lib/python3.7/site-packages/airflow/example_dags/example_branch_day_of_week_operator.py took 0.465 seconds
[2022-07-06 20:08:40,752] {processor.py:153} INFO - Started process (PID=1415) to work on /home/airflow/.local/lib/python3.7/site-packages/airflow/example_dags/example_branch_day_of_week_operator.py
[2022-07-06 20:08:40,768] {processor.py:641} INFO - Processing file /home/airflow/.local/lib/python3.7/site-packages/airflow/example_dags/example_branch_day_of_week_operator.py for tasks to queue
[2022-07-06 20:08:40,769] {logging_mixin.py:115} INFO - [2022-07-06 20:08:40,768] {dagbag.py:507} INFO - Filling up the DagBag from /home/airflow/.local/lib/python3.7/site-packages/airflow/example_dags/example_branch_day_of_week_operator.py
[2022-07-06 20:08:40,784] {processor.py:651} INFO - DAG(s) dict_keys(['example_weekday_branch_operator']) retrieved from /home/airflow/.local/lib/python3.7/site-packages/airflow/example_dags/example_branch_day_of_week_operator.py
[2022-07-06 20:08:40,829] {logging_mixin.py:115} INFO - [2022-07-06 20:08:40,829] {dag.py:2379} INFO - Sync 1 DAGs
[2022-07-06 20:08:40,875] {logging_mixin.py:115} INFO - [2022-07-06 20:08:40,875] {dag.py:2931} INFO - Setting next_dagrun for example_weekday_branch_operator to 2022-07-05T00:00:00+00:00, run_after=2022-07-06T00:00:00+00:00
[2022-07-06 20:08:40,921] {processor.py:161} INFO - Processing /home/airflow/.local/lib/python3.7/site-packages/airflow/example_dags/example_branch_day_of_week_operator.py took 0.174 seconds
[2022-07-06 20:09:11,319] {processor.py:153} INFO - Started process (PID=1467) to work on /home/airflow/.local/lib/python3.7/site-packages/airflow/example_dags/example_branch_day_of_week_operator.py
[2022-07-06 20:09:11,333] {processor.py:641} INFO - Processing file /home/airflow/.local/lib/python3.7/site-packages/airflow/example_dags/example_branch_day_of_week_operator.py for tasks to queue
[2022-07-06 20:09:11,334] {logging_mixin.py:115} INFO - [2022-07-06 20:09:11,334] {dagbag.py:507} INFO - Filling up the DagBag from /home/airflow/.local/lib/python3.7/site-packages/airflow/example_dags/example_branch_day_of_week_operator.py
[2022-07-06 20:09:11,357] {processor.py:651} INFO - DAG(s) dict_keys(['example_weekday_branch_operator']) retrieved from /home/airflow/.local/lib/python3.7/site-packages/airflow/example_dags/example_branch_day_of_week_operator.py
[2022-07-06 20:09:11,393] {logging_mixin.py:115} INFO - [2022-07-06 20:09:11,393] {dag.py:2379} INFO - Sync 1 DAGs
[2022-07-06 20:09:11,434] {logging_mixin.py:115} INFO - [2022-07-06 20:09:11,434] {dag.py:2931} INFO - Setting next_dagrun for example_weekday_branch_operator to 2022-07-05T00:00:00+00:00, run_after=2022-07-06T00:00:00+00:00
[2022-07-06 20:09:11,469] {processor.py:161} INFO - Processing /home/airflow/.local/lib/python3.7/site-packages/airflow/example_dags/example_branch_day_of_week_operator.py took 0.155 seconds
[2022-07-06 20:09:42,087] {processor.py:153} INFO - Started process (PID=1519) to work on /home/airflow/.local/lib/python3.7/site-packages/airflow/example_dags/example_branch_day_of_week_operator.py
[2022-07-06 20:09:42,088] {processor.py:641} INFO - Processing file /home/airflow/.local/lib/python3.7/site-packages/airflow/example_dags/example_branch_day_of_week_operator.py for tasks to queue
[2022-07-06 20:09:42,089] {logging_mixin.py:115} INFO - [2022-07-06 20:09:42,089] {dagbag.py:507} INFO - Filling up the DagBag from /home/airflow/.local/lib/python3.7/site-packages/airflow/example_dags/example_branch_day_of_week_operator.py
[2022-07-06 20:09:42,099] {processor.py:651} INFO - DAG(s) dict_keys(['example_weekday_branch_operator']) retrieved from /home/airflow/.local/lib/python3.7/site-packages/airflow/example_dags/example_branch_day_of_week_operator.py
[2022-07-06 20:09:42,129] {logging_mixin.py:115} INFO - [2022-07-06 20:09:42,128] {dag.py:2379} INFO - Sync 1 DAGs
[2022-07-06 20:09:42,164] {logging_mixin.py:115} INFO - [2022-07-06 20:09:42,164] {dag.py:2931} INFO - Setting next_dagrun for example_weekday_branch_operator to 2022-07-05T00:00:00+00:00, run_after=2022-07-06T00:00:00+00:00
[2022-07-06 20:09:42,269] {processor.py:161} INFO - Processing /home/airflow/.local/lib/python3.7/site-packages/airflow/example_dags/example_branch_day_of_week_operator.py took 0.186 seconds
[2022-07-06 20:10:13,281] {processor.py:153} INFO - Started process (PID=1571) to work on /home/airflow/.local/lib/python3.7/site-packages/airflow/example_dags/example_branch_day_of_week_operator.py
[2022-07-06 20:10:13,300] {processor.py:641} INFO - Processing file /home/airflow/.local/lib/python3.7/site-packages/airflow/example_dags/example_branch_day_of_week_operator.py for tasks to queue
[2022-07-06 20:10:13,301] {logging_mixin.py:115} INFO - [2022-07-06 20:10:13,301] {dagbag.py:507} INFO - Filling up the DagBag from /home/airflow/.local/lib/python3.7/site-packages/airflow/example_dags/example_branch_day_of_week_operator.py
[2022-07-06 20:10:13,315] {processor.py:651} INFO - DAG(s) dict_keys(['example_weekday_branch_operator']) retrieved from /home/airflow/.local/lib/python3.7/site-packages/airflow/example_dags/example_branch_day_of_week_operator.py
[2022-07-06 20:10:13,350] {logging_mixin.py:115} INFO - [2022-07-06 20:10:13,350] {dag.py:2379} INFO - Sync 1 DAGs
[2022-07-06 20:10:13,393] {logging_mixin.py:115} INFO - [2022-07-06 20:10:13,393] {dag.py:2931} INFO - Setting next_dagrun for example_weekday_branch_operator to 2022-07-05T00:00:00+00:00, run_after=2022-07-06T00:00:00+00:00
[2022-07-06 20:10:13,428] {processor.py:161} INFO - Processing /home/airflow/.local/lib/python3.7/site-packages/airflow/example_dags/example_branch_day_of_week_operator.py took 0.151 seconds
[2022-07-06 20:10:44,235] {processor.py:153} INFO - Started process (PID=1632) to work on /home/airflow/.local/lib/python3.7/site-packages/airflow/example_dags/example_branch_day_of_week_operator.py
[2022-07-06 20:10:44,236] {processor.py:641} INFO - Processing file /home/airflow/.local/lib/python3.7/site-packages/airflow/example_dags/example_branch_day_of_week_operator.py for tasks to queue
[2022-07-06 20:10:44,236] {logging_mixin.py:115} INFO - [2022-07-06 20:10:44,236] {dagbag.py:507} INFO - Filling up the DagBag from /home/airflow/.local/lib/python3.7/site-packages/airflow/example_dags/example_branch_day_of_week_operator.py
[2022-07-06 20:10:44,249] {processor.py:651} INFO - DAG(s) dict_keys(['example_weekday_branch_operator']) retrieved from /home/airflow/.local/lib/python3.7/site-packages/airflow/example_dags/example_branch_day_of_week_operator.py
[2022-07-06 20:10:44,281] {logging_mixin.py:115} INFO - [2022-07-06 20:10:44,281] {dag.py:2379} INFO - Sync 1 DAGs
[2022-07-06 20:10:44,321] {logging_mixin.py:115} INFO - [2022-07-06 20:10:44,320] {dag.py:2931} INFO - Setting next_dagrun for example_weekday_branch_operator to 2022-07-05T00:00:00+00:00, run_after=2022-07-06T00:00:00+00:00
[2022-07-06 20:10:44,360] {processor.py:161} INFO - Processing /home/airflow/.local/lib/python3.7/site-packages/airflow/example_dags/example_branch_day_of_week_operator.py took 0.128 seconds
[2022-07-06 20:11:14,799] {processor.py:153} INFO - Started process (PID=1684) to work on /home/airflow/.local/lib/python3.7/site-packages/airflow/example_dags/example_branch_day_of_week_operator.py
[2022-07-06 20:11:14,816] {processor.py:641} INFO - Processing file /home/airflow/.local/lib/python3.7/site-packages/airflow/example_dags/example_branch_day_of_week_operator.py for tasks to queue
[2022-07-06 20:11:14,816] {logging_mixin.py:115} INFO - [2022-07-06 20:11:14,816] {dagbag.py:507} INFO - Filling up the DagBag from /home/airflow/.local/lib/python3.7/site-packages/airflow/example_dags/example_branch_day_of_week_operator.py
[2022-07-06 20:11:14,827] {processor.py:651} INFO - DAG(s) dict_keys(['example_weekday_branch_operator']) retrieved from /home/airflow/.local/lib/python3.7/site-packages/airflow/example_dags/example_branch_day_of_week_operator.py
[2022-07-06 20:11:14,858] {logging_mixin.py:115} INFO - [2022-07-06 20:11:14,857] {dag.py:2379} INFO - Sync 1 DAGs
[2022-07-06 20:11:14,889] {logging_mixin.py:115} INFO - [2022-07-06 20:11:14,889] {dag.py:2931} INFO - Setting next_dagrun for example_weekday_branch_operator to 2022-07-05T00:00:00+00:00, run_after=2022-07-06T00:00:00+00:00
[2022-07-06 20:11:14,922] {processor.py:161} INFO - Processing /home/airflow/.local/lib/python3.7/site-packages/airflow/example_dags/example_branch_day_of_week_operator.py took 0.127 seconds
[2022-07-06 20:11:46,097] {processor.py:153} INFO - Started process (PID=1745) to work on /home/airflow/.local/lib/python3.7/site-packages/airflow/example_dags/example_branch_day_of_week_operator.py
[2022-07-06 20:11:46,098] {processor.py:641} INFO - Processing file /home/airflow/.local/lib/python3.7/site-packages/airflow/example_dags/example_branch_day_of_week_operator.py for tasks to queue
[2022-07-06 20:11:46,102] {logging_mixin.py:115} INFO - [2022-07-06 20:11:46,102] {dagbag.py:507} INFO - Filling up the DagBag from /home/airflow/.local/lib/python3.7/site-packages/airflow/example_dags/example_branch_day_of_week_operator.py
[2022-07-06 20:11:46,130] {processor.py:651} INFO - DAG(s) dict_keys(['example_weekday_branch_operator']) retrieved from /home/airflow/.local/lib/python3.7/site-packages/airflow/example_dags/example_branch_day_of_week_operator.py
[2022-07-06 20:11:46,177] {logging_mixin.py:115} INFO - [2022-07-06 20:11:46,177] {dag.py:2379} INFO - Sync 1 DAGs
[2022-07-06 20:11:46,226] {logging_mixin.py:115} INFO - [2022-07-06 20:11:46,225] {dag.py:2931} INFO - Setting next_dagrun for example_weekday_branch_operator to 2022-07-05T00:00:00+00:00, run_after=2022-07-06T00:00:00+00:00
[2022-07-06 20:11:46,282] {processor.py:161} INFO - Processing /home/airflow/.local/lib/python3.7/site-packages/airflow/example_dags/example_branch_day_of_week_operator.py took 0.191 seconds
[2022-07-06 20:12:16,357] {processor.py:153} INFO - Started process (PID=1797) to work on /home/airflow/.local/lib/python3.7/site-packages/airflow/example_dags/example_branch_day_of_week_operator.py
[2022-07-06 20:12:16,358] {processor.py:641} INFO - Processing file /home/airflow/.local/lib/python3.7/site-packages/airflow/example_dags/example_branch_day_of_week_operator.py for tasks to queue
[2022-07-06 20:12:16,359] {logging_mixin.py:115} INFO - [2022-07-06 20:12:16,358] {dagbag.py:507} INFO - Filling up the DagBag from /home/airflow/.local/lib/python3.7/site-packages/airflow/example_dags/example_branch_day_of_week_operator.py
[2022-07-06 20:12:16,369] {processor.py:651} INFO - DAG(s) dict_keys(['example_weekday_branch_operator']) retrieved from /home/airflow/.local/lib/python3.7/site-packages/airflow/example_dags/example_branch_day_of_week_operator.py
[2022-07-06 20:12:16,398] {logging_mixin.py:115} INFO - [2022-07-06 20:12:16,398] {dag.py:2379} INFO - Sync 1 DAGs
[2022-07-06 20:12:16,429] {logging_mixin.py:115} INFO - [2022-07-06 20:12:16,429] {dag.py:2931} INFO - Setting next_dagrun for example_weekday_branch_operator to 2022-07-05T00:00:00+00:00, run_after=2022-07-06T00:00:00+00:00
[2022-07-06 20:12:16,469] {processor.py:161} INFO - Processing /home/airflow/.local/lib/python3.7/site-packages/airflow/example_dags/example_branch_day_of_week_operator.py took 0.115 seconds
[2022-07-06 20:12:46,977] {processor.py:153} INFO - Started process (PID=1847) to work on /home/airflow/.local/lib/python3.7/site-packages/airflow/example_dags/example_branch_day_of_week_operator.py
[2022-07-06 20:12:46,977] {processor.py:641} INFO - Processing file /home/airflow/.local/lib/python3.7/site-packages/airflow/example_dags/example_branch_day_of_week_operator.py for tasks to queue
[2022-07-06 20:12:46,978] {logging_mixin.py:115} INFO - [2022-07-06 20:12:46,978] {dagbag.py:507} INFO - Filling up the DagBag from /home/airflow/.local/lib/python3.7/site-packages/airflow/example_dags/example_branch_day_of_week_operator.py
[2022-07-06 20:12:46,989] {processor.py:651} INFO - DAG(s) dict_keys(['example_weekday_branch_operator']) retrieved from /home/airflow/.local/lib/python3.7/site-packages/airflow/example_dags/example_branch_day_of_week_operator.py
[2022-07-06 20:12:47,018] {logging_mixin.py:115} INFO - [2022-07-06 20:12:47,018] {dag.py:2379} INFO - Sync 1 DAGs
[2022-07-06 20:12:47,048] {logging_mixin.py:115} INFO - [2022-07-06 20:12:47,048] {dag.py:2931} INFO - Setting next_dagrun for example_weekday_branch_operator to 2022-07-05T00:00:00+00:00, run_after=2022-07-06T00:00:00+00:00
[2022-07-06 20:12:47,072] {processor.py:161} INFO - Processing /home/airflow/.local/lib/python3.7/site-packages/airflow/example_dags/example_branch_day_of_week_operator.py took 0.100 seconds
[2022-07-06 20:13:17,967] {processor.py:153} INFO - Started process (PID=1905) to work on /home/airflow/.local/lib/python3.7/site-packages/airflow/example_dags/example_branch_day_of_week_operator.py
[2022-07-06 20:13:17,968] {processor.py:641} INFO - Processing file /home/airflow/.local/lib/python3.7/site-packages/airflow/example_dags/example_branch_day_of_week_operator.py for tasks to queue
[2022-07-06 20:13:17,968] {logging_mixin.py:115} INFO - [2022-07-06 20:13:17,968] {dagbag.py:507} INFO - Filling up the DagBag from /home/airflow/.local/lib/python3.7/site-packages/airflow/example_dags/example_branch_day_of_week_operator.py
[2022-07-06 20:13:17,977] {processor.py:651} INFO - DAG(s) dict_keys(['example_weekday_branch_operator']) retrieved from /home/airflow/.local/lib/python3.7/site-packages/airflow/example_dags/example_branch_day_of_week_operator.py
[2022-07-06 20:13:18,009] {logging_mixin.py:115} INFO - [2022-07-06 20:13:18,009] {dag.py:2379} INFO - Sync 1 DAGs
[2022-07-06 20:13:18,042] {logging_mixin.py:115} INFO - [2022-07-06 20:13:18,041] {dag.py:2931} INFO - Setting next_dagrun for example_weekday_branch_operator to 2022-07-05T00:00:00+00:00, run_after=2022-07-06T00:00:00+00:00
[2022-07-06 20:13:18,069] {processor.py:161} INFO - Processing /home/airflow/.local/lib/python3.7/site-packages/airflow/example_dags/example_branch_day_of_week_operator.py took 0.105 seconds
[2022-07-06 20:14:45,522] {processor.py:153} INFO - Started process (PID=2008) to work on /home/airflow/.local/lib/python3.7/site-packages/airflow/example_dags/example_branch_day_of_week_operator.py
[2022-07-06 20:14:45,567] {processor.py:641} INFO - Processing file /home/airflow/.local/lib/python3.7/site-packages/airflow/example_dags/example_branch_day_of_week_operator.py for tasks to queue
[2022-07-06 20:14:45,618] {logging_mixin.py:115} INFO - [2022-07-06 20:14:45,617] {dagbag.py:507} INFO - Filling up the DagBag from /home/airflow/.local/lib/python3.7/site-packages/airflow/example_dags/example_branch_day_of_week_operator.py
[2022-07-06 20:14:45,638] {processor.py:651} INFO - DAG(s) dict_keys(['example_weekday_branch_operator']) retrieved from /home/airflow/.local/lib/python3.7/site-packages/airflow/example_dags/example_branch_day_of_week_operator.py
[2022-07-06 20:14:45,682] {logging_mixin.py:115} INFO - [2022-07-06 20:14:45,682] {dag.py:2379} INFO - Sync 1 DAGs
[2022-07-06 20:14:45,734] {logging_mixin.py:115} INFO - [2022-07-06 20:14:45,734] {dag.py:2931} INFO - Setting next_dagrun for example_weekday_branch_operator to 2022-07-05T00:00:00+00:00, run_after=2022-07-06T00:00:00+00:00
[2022-07-06 20:14:45,778] {processor.py:161} INFO - Processing /home/airflow/.local/lib/python3.7/site-packages/airflow/example_dags/example_branch_day_of_week_operator.py took 0.260 seconds
[2022-07-06 20:15:23,676] {processor.py:153} INFO - Started process (PID=2068) to work on /home/airflow/.local/lib/python3.7/site-packages/airflow/example_dags/example_branch_day_of_week_operator.py
[2022-07-06 20:15:23,726] {processor.py:641} INFO - Processing file /home/airflow/.local/lib/python3.7/site-packages/airflow/example_dags/example_branch_day_of_week_operator.py for tasks to queue
[2022-07-06 20:15:23,728] {logging_mixin.py:115} INFO - [2022-07-06 20:15:23,728] {dagbag.py:507} INFO - Filling up the DagBag from /home/airflow/.local/lib/python3.7/site-packages/airflow/example_dags/example_branch_day_of_week_operator.py
[2022-07-06 20:15:23,764] {processor.py:651} INFO - DAG(s) dict_keys(['example_weekday_branch_operator']) retrieved from /home/airflow/.local/lib/python3.7/site-packages/airflow/example_dags/example_branch_day_of_week_operator.py
[2022-07-06 20:15:23,851] {logging_mixin.py:115} INFO - [2022-07-06 20:15:23,851] {dag.py:2379} INFO - Sync 1 DAGs
[2022-07-06 20:15:23,890] {logging_mixin.py:115} INFO - [2022-07-06 20:15:23,890] {dag.py:2931} INFO - Setting next_dagrun for example_weekday_branch_operator to 2022-07-05T00:00:00+00:00, run_after=2022-07-06T00:00:00+00:00
[2022-07-06 20:15:23,981] {processor.py:161} INFO - Processing /home/airflow/.local/lib/python3.7/site-packages/airflow/example_dags/example_branch_day_of_week_operator.py took 0.318 seconds
[2022-07-06 20:16:13,295] {processor.py:153} INFO - Started process (PID=2140) to work on /home/airflow/.local/lib/python3.7/site-packages/airflow/example_dags/example_branch_day_of_week_operator.py
[2022-07-06 20:16:13,296] {processor.py:641} INFO - Processing file /home/airflow/.local/lib/python3.7/site-packages/airflow/example_dags/example_branch_day_of_week_operator.py for tasks to queue
[2022-07-06 20:16:13,297] {logging_mixin.py:115} INFO - [2022-07-06 20:16:13,297] {dagbag.py:507} INFO - Filling up the DagBag from /home/airflow/.local/lib/python3.7/site-packages/airflow/example_dags/example_branch_day_of_week_operator.py
[2022-07-06 20:16:13,311] {processor.py:651} INFO - DAG(s) dict_keys(['example_weekday_branch_operator']) retrieved from /home/airflow/.local/lib/python3.7/site-packages/airflow/example_dags/example_branch_day_of_week_operator.py
[2022-07-06 20:16:13,349] {logging_mixin.py:115} INFO - [2022-07-06 20:16:13,349] {dag.py:2379} INFO - Sync 1 DAGs
[2022-07-06 20:16:13,401] {logging_mixin.py:115} INFO - [2022-07-06 20:16:13,400] {dag.py:2931} INFO - Setting next_dagrun for example_weekday_branch_operator to 2022-07-05T00:00:00+00:00, run_after=2022-07-06T00:00:00+00:00
[2022-07-06 20:16:13,421] {processor.py:161} INFO - Processing /home/airflow/.local/lib/python3.7/site-packages/airflow/example_dags/example_branch_day_of_week_operator.py took 0.129 seconds
[2022-07-06 20:16:44,278] {processor.py:153} INFO - Started process (PID=2191) to work on /home/airflow/.local/lib/python3.7/site-packages/airflow/example_dags/example_branch_day_of_week_operator.py
[2022-07-06 20:16:44,279] {processor.py:641} INFO - Processing file /home/airflow/.local/lib/python3.7/site-packages/airflow/example_dags/example_branch_day_of_week_operator.py for tasks to queue
[2022-07-06 20:16:44,279] {logging_mixin.py:115} INFO - [2022-07-06 20:16:44,279] {dagbag.py:507} INFO - Filling up the DagBag from /home/airflow/.local/lib/python3.7/site-packages/airflow/example_dags/example_branch_day_of_week_operator.py
[2022-07-06 20:16:44,292] {processor.py:651} INFO - DAG(s) dict_keys(['example_weekday_branch_operator']) retrieved from /home/airflow/.local/lib/python3.7/site-packages/airflow/example_dags/example_branch_day_of_week_operator.py
[2022-07-06 20:16:44,335] {logging_mixin.py:115} INFO - [2022-07-06 20:16:44,335] {dag.py:2379} INFO - Sync 1 DAGs
[2022-07-06 20:16:44,378] {logging_mixin.py:115} INFO - [2022-07-06 20:16:44,378] {dag.py:2931} INFO - Setting next_dagrun for example_weekday_branch_operator to 2022-07-05T00:00:00+00:00, run_after=2022-07-06T00:00:00+00:00
[2022-07-06 20:16:44,408] {processor.py:161} INFO - Processing /home/airflow/.local/lib/python3.7/site-packages/airflow/example_dags/example_branch_day_of_week_operator.py took 0.136 seconds
[2022-07-06 20:17:15,138] {processor.py:153} INFO - Started process (PID=2252) to work on /home/airflow/.local/lib/python3.7/site-packages/airflow/example_dags/example_branch_day_of_week_operator.py
[2022-07-06 20:17:15,157] {processor.py:641} INFO - Processing file /home/airflow/.local/lib/python3.7/site-packages/airflow/example_dags/example_branch_day_of_week_operator.py for tasks to queue
[2022-07-06 20:17:15,158] {logging_mixin.py:115} INFO - [2022-07-06 20:17:15,158] {dagbag.py:507} INFO - Filling up the DagBag from /home/airflow/.local/lib/python3.7/site-packages/airflow/example_dags/example_branch_day_of_week_operator.py
[2022-07-06 20:17:15,188] {processor.py:651} INFO - DAG(s) dict_keys(['example_weekday_branch_operator']) retrieved from /home/airflow/.local/lib/python3.7/site-packages/airflow/example_dags/example_branch_day_of_week_operator.py
[2022-07-06 20:17:15,230] {logging_mixin.py:115} INFO - [2022-07-06 20:17:15,229] {dag.py:2379} INFO - Sync 1 DAGs
[2022-07-06 20:17:15,275] {logging_mixin.py:115} INFO - [2022-07-06 20:17:15,274] {dag.py:2931} INFO - Setting next_dagrun for example_weekday_branch_operator to 2022-07-05T00:00:00+00:00, run_after=2022-07-06T00:00:00+00:00
[2022-07-06 20:17:15,309] {processor.py:161} INFO - Processing /home/airflow/.local/lib/python3.7/site-packages/airflow/example_dags/example_branch_day_of_week_operator.py took 0.177 seconds
[2022-07-06 20:17:46,326] {processor.py:153} INFO - Started process (PID=2306) to work on /home/airflow/.local/lib/python3.7/site-packages/airflow/example_dags/example_branch_day_of_week_operator.py
[2022-07-06 20:17:46,327] {processor.py:641} INFO - Processing file /home/airflow/.local/lib/python3.7/site-packages/airflow/example_dags/example_branch_day_of_week_operator.py for tasks to queue
[2022-07-06 20:17:46,328] {logging_mixin.py:115} INFO - [2022-07-06 20:17:46,328] {dagbag.py:507} INFO - Filling up the DagBag from /home/airflow/.local/lib/python3.7/site-packages/airflow/example_dags/example_branch_day_of_week_operator.py
[2022-07-06 20:17:46,343] {processor.py:651} INFO - DAG(s) dict_keys(['example_weekday_branch_operator']) retrieved from /home/airflow/.local/lib/python3.7/site-packages/airflow/example_dags/example_branch_day_of_week_operator.py
[2022-07-06 20:17:46,389] {logging_mixin.py:115} INFO - [2022-07-06 20:17:46,389] {dag.py:2379} INFO - Sync 1 DAGs
[2022-07-06 20:17:46,428] {logging_mixin.py:115} INFO - [2022-07-06 20:17:46,428] {dag.py:2931} INFO - Setting next_dagrun for example_weekday_branch_operator to 2022-07-05T00:00:00+00:00, run_after=2022-07-06T00:00:00+00:00
[2022-07-06 20:17:46,457] {processor.py:161} INFO - Processing /home/airflow/.local/lib/python3.7/site-packages/airflow/example_dags/example_branch_day_of_week_operator.py took 0.138 seconds
[2022-07-06 20:18:17,725] {processor.py:153} INFO - Started process (PID=2370) to work on /home/airflow/.local/lib/python3.7/site-packages/airflow/example_dags/example_branch_day_of_week_operator.py
[2022-07-06 20:18:17,737] {processor.py:641} INFO - Processing file /home/airflow/.local/lib/python3.7/site-packages/airflow/example_dags/example_branch_day_of_week_operator.py for tasks to queue
[2022-07-06 20:18:17,738] {logging_mixin.py:115} INFO - [2022-07-06 20:18:17,738] {dagbag.py:507} INFO - Filling up the DagBag from /home/airflow/.local/lib/python3.7/site-packages/airflow/example_dags/example_branch_day_of_week_operator.py
[2022-07-06 20:18:17,756] {processor.py:651} INFO - DAG(s) dict_keys(['example_weekday_branch_operator']) retrieved from /home/airflow/.local/lib/python3.7/site-packages/airflow/example_dags/example_branch_day_of_week_operator.py
[2022-07-06 20:18:17,801] {logging_mixin.py:115} INFO - [2022-07-06 20:18:17,800] {dag.py:2379} INFO - Sync 1 DAGs
[2022-07-06 20:18:17,852] {logging_mixin.py:115} INFO - [2022-07-06 20:18:17,852] {dag.py:2931} INFO - Setting next_dagrun for example_weekday_branch_operator to 2022-07-05T00:00:00+00:00, run_after=2022-07-06T00:00:00+00:00
[2022-07-06 20:18:17,885] {processor.py:161} INFO - Processing /home/airflow/.local/lib/python3.7/site-packages/airflow/example_dags/example_branch_day_of_week_operator.py took 0.165 seconds
[2022-07-06 20:18:48,519] {processor.py:153} INFO - Started process (PID=2424) to work on /home/airflow/.local/lib/python3.7/site-packages/airflow/example_dags/example_branch_day_of_week_operator.py
[2022-07-06 20:18:48,519] {processor.py:641} INFO - Processing file /home/airflow/.local/lib/python3.7/site-packages/airflow/example_dags/example_branch_day_of_week_operator.py for tasks to queue
[2022-07-06 20:18:48,520] {logging_mixin.py:115} INFO - [2022-07-06 20:18:48,520] {dagbag.py:507} INFO - Filling up the DagBag from /home/airflow/.local/lib/python3.7/site-packages/airflow/example_dags/example_branch_day_of_week_operator.py
[2022-07-06 20:18:48,533] {processor.py:651} INFO - DAG(s) dict_keys(['example_weekday_branch_operator']) retrieved from /home/airflow/.local/lib/python3.7/site-packages/airflow/example_dags/example_branch_day_of_week_operator.py
[2022-07-06 20:18:48,570] {logging_mixin.py:115} INFO - [2022-07-06 20:18:48,570] {dag.py:2379} INFO - Sync 1 DAGs
[2022-07-06 20:18:48,608] {logging_mixin.py:115} INFO - [2022-07-06 20:18:48,608] {dag.py:2931} INFO - Setting next_dagrun for example_weekday_branch_operator to 2022-07-05T00:00:00+00:00, run_after=2022-07-06T00:00:00+00:00
[2022-07-06 20:18:48,636] {processor.py:161} INFO - Processing /home/airflow/.local/lib/python3.7/site-packages/airflow/example_dags/example_branch_day_of_week_operator.py took 0.123 seconds
[2022-07-06 20:19:19,828] {processor.py:153} INFO - Started process (PID=2487) to work on /home/airflow/.local/lib/python3.7/site-packages/airflow/example_dags/example_branch_day_of_week_operator.py
[2022-07-06 20:19:19,837] {processor.py:641} INFO - Processing file /home/airflow/.local/lib/python3.7/site-packages/airflow/example_dags/example_branch_day_of_week_operator.py for tasks to queue
[2022-07-06 20:19:19,839] {logging_mixin.py:115} INFO - [2022-07-06 20:19:19,839] {dagbag.py:507} INFO - Filling up the DagBag from /home/airflow/.local/lib/python3.7/site-packages/airflow/example_dags/example_branch_day_of_week_operator.py
[2022-07-06 20:19:19,856] {processor.py:651} INFO - DAG(s) dict_keys(['example_weekday_branch_operator']) retrieved from /home/airflow/.local/lib/python3.7/site-packages/airflow/example_dags/example_branch_day_of_week_operator.py
[2022-07-06 20:19:19,888] {logging_mixin.py:115} INFO - [2022-07-06 20:19:19,887] {dag.py:2379} INFO - Sync 1 DAGs
[2022-07-06 20:19:19,934] {logging_mixin.py:115} INFO - [2022-07-06 20:19:19,934] {dag.py:2931} INFO - Setting next_dagrun for example_weekday_branch_operator to 2022-07-05T00:00:00+00:00, run_after=2022-07-06T00:00:00+00:00
[2022-07-06 20:19:19,968] {processor.py:161} INFO - Processing /home/airflow/.local/lib/python3.7/site-packages/airflow/example_dags/example_branch_day_of_week_operator.py took 0.144 seconds
[2022-07-06 20:19:51,169] {processor.py:153} INFO - Started process (PID=2539) to work on /home/airflow/.local/lib/python3.7/site-packages/airflow/example_dags/example_branch_day_of_week_operator.py
[2022-07-06 20:19:51,170] {processor.py:641} INFO - Processing file /home/airflow/.local/lib/python3.7/site-packages/airflow/example_dags/example_branch_day_of_week_operator.py for tasks to queue
[2022-07-06 20:19:51,171] {logging_mixin.py:115} INFO - [2022-07-06 20:19:51,171] {dagbag.py:507} INFO - Filling up the DagBag from /home/airflow/.local/lib/python3.7/site-packages/airflow/example_dags/example_branch_day_of_week_operator.py
[2022-07-06 20:19:51,183] {processor.py:651} INFO - DAG(s) dict_keys(['example_weekday_branch_operator']) retrieved from /home/airflow/.local/lib/python3.7/site-packages/airflow/example_dags/example_branch_day_of_week_operator.py
[2022-07-06 20:19:51,234] {logging_mixin.py:115} INFO - [2022-07-06 20:19:51,234] {dag.py:2379} INFO - Sync 1 DAGs
[2022-07-06 20:19:51,294] {logging_mixin.py:115} INFO - [2022-07-06 20:19:51,294] {dag.py:2931} INFO - Setting next_dagrun for example_weekday_branch_operator to 2022-07-05T00:00:00+00:00, run_after=2022-07-06T00:00:00+00:00
[2022-07-06 20:19:51,330] {processor.py:161} INFO - Processing /home/airflow/.local/lib/python3.7/site-packages/airflow/example_dags/example_branch_day_of_week_operator.py took 0.171 seconds
[2022-07-06 20:20:25,172] {processor.py:153} INFO - Started process (PID=2601) to work on /home/airflow/.local/lib/python3.7/site-packages/airflow/example_dags/example_branch_day_of_week_operator.py
[2022-07-06 20:20:25,189] {processor.py:641} INFO - Processing file /home/airflow/.local/lib/python3.7/site-packages/airflow/example_dags/example_branch_day_of_week_operator.py for tasks to queue
[2022-07-06 20:20:25,190] {logging_mixin.py:115} INFO - [2022-07-06 20:20:25,190] {dagbag.py:507} INFO - Filling up the DagBag from /home/airflow/.local/lib/python3.7/site-packages/airflow/example_dags/example_branch_day_of_week_operator.py
[2022-07-06 20:20:25,211] {processor.py:651} INFO - DAG(s) dict_keys(['example_weekday_branch_operator']) retrieved from /home/airflow/.local/lib/python3.7/site-packages/airflow/example_dags/example_branch_day_of_week_operator.py
[2022-07-06 20:20:25,269] {logging_mixin.py:115} INFO - [2022-07-06 20:20:25,265] {dag.py:2379} INFO - Sync 1 DAGs
[2022-07-06 20:20:25,333] {logging_mixin.py:115} INFO - [2022-07-06 20:20:25,333] {dag.py:2931} INFO - Setting next_dagrun for example_weekday_branch_operator to 2022-07-05T00:00:00+00:00, run_after=2022-07-06T00:00:00+00:00
[2022-07-06 20:20:25,400] {processor.py:161} INFO - Processing /home/airflow/.local/lib/python3.7/site-packages/airflow/example_dags/example_branch_day_of_week_operator.py took 0.235 seconds
[2022-07-06 20:20:55,999] {processor.py:153} INFO - Started process (PID=2654) to work on /home/airflow/.local/lib/python3.7/site-packages/airflow/example_dags/example_branch_day_of_week_operator.py
[2022-07-06 20:20:55,999] {processor.py:641} INFO - Processing file /home/airflow/.local/lib/python3.7/site-packages/airflow/example_dags/example_branch_day_of_week_operator.py for tasks to queue
[2022-07-06 20:20:56,000] {logging_mixin.py:115} INFO - [2022-07-06 20:20:56,000] {dagbag.py:507} INFO - Filling up the DagBag from /home/airflow/.local/lib/python3.7/site-packages/airflow/example_dags/example_branch_day_of_week_operator.py
[2022-07-06 20:20:56,010] {processor.py:651} INFO - DAG(s) dict_keys(['example_weekday_branch_operator']) retrieved from /home/airflow/.local/lib/python3.7/site-packages/airflow/example_dags/example_branch_day_of_week_operator.py
[2022-07-06 20:20:56,040] {logging_mixin.py:115} INFO - [2022-07-06 20:20:56,040] {dag.py:2379} INFO - Sync 1 DAGs
[2022-07-06 20:20:56,074] {logging_mixin.py:115} INFO - [2022-07-06 20:20:56,074] {dag.py:2931} INFO - Setting next_dagrun for example_weekday_branch_operator to 2022-07-05T00:00:00+00:00, run_after=2022-07-06T00:00:00+00:00
[2022-07-06 20:20:56,099] {processor.py:161} INFO - Processing /home/airflow/.local/lib/python3.7/site-packages/airflow/example_dags/example_branch_day_of_week_operator.py took 0.105 seconds
[2022-07-06 20:21:27,192] {processor.py:153} INFO - Started process (PID=2706) to work on /home/airflow/.local/lib/python3.7/site-packages/airflow/example_dags/example_branch_day_of_week_operator.py
[2022-07-06 20:21:27,204] {processor.py:641} INFO - Processing file /home/airflow/.local/lib/python3.7/site-packages/airflow/example_dags/example_branch_day_of_week_operator.py for tasks to queue
[2022-07-06 20:21:27,204] {logging_mixin.py:115} INFO - [2022-07-06 20:21:27,204] {dagbag.py:507} INFO - Filling up the DagBag from /home/airflow/.local/lib/python3.7/site-packages/airflow/example_dags/example_branch_day_of_week_operator.py
[2022-07-06 20:21:27,215] {processor.py:651} INFO - DAG(s) dict_keys(['example_weekday_branch_operator']) retrieved from /home/airflow/.local/lib/python3.7/site-packages/airflow/example_dags/example_branch_day_of_week_operator.py
[2022-07-06 20:21:27,248] {logging_mixin.py:115} INFO - [2022-07-06 20:21:27,248] {dag.py:2379} INFO - Sync 1 DAGs
[2022-07-06 20:21:27,283] {logging_mixin.py:115} INFO - [2022-07-06 20:21:27,283] {dag.py:2931} INFO - Setting next_dagrun for example_weekday_branch_operator to 2022-07-05T00:00:00+00:00, run_after=2022-07-06T00:00:00+00:00
[2022-07-06 20:21:27,316] {processor.py:161} INFO - Processing /home/airflow/.local/lib/python3.7/site-packages/airflow/example_dags/example_branch_day_of_week_operator.py took 0.128 seconds
[2022-07-06 20:21:58,512] {processor.py:153} INFO - Started process (PID=2765) to work on /home/airflow/.local/lib/python3.7/site-packages/airflow/example_dags/example_branch_day_of_week_operator.py
[2022-07-06 20:21:58,513] {processor.py:641} INFO - Processing file /home/airflow/.local/lib/python3.7/site-packages/airflow/example_dags/example_branch_day_of_week_operator.py for tasks to queue
[2022-07-06 20:21:58,513] {logging_mixin.py:115} INFO - [2022-07-06 20:21:58,513] {dagbag.py:507} INFO - Filling up the DagBag from /home/airflow/.local/lib/python3.7/site-packages/airflow/example_dags/example_branch_day_of_week_operator.py
[2022-07-06 20:21:58,523] {processor.py:651} INFO - DAG(s) dict_keys(['example_weekday_branch_operator']) retrieved from /home/airflow/.local/lib/python3.7/site-packages/airflow/example_dags/example_branch_day_of_week_operator.py
[2022-07-06 20:21:58,562] {logging_mixin.py:115} INFO - [2022-07-06 20:21:58,562] {dag.py:2379} INFO - Sync 1 DAGs
[2022-07-06 20:21:58,604] {logging_mixin.py:115} INFO - [2022-07-06 20:21:58,604] {dag.py:2931} INFO - Setting next_dagrun for example_weekday_branch_operator to 2022-07-05T00:00:00+00:00, run_after=2022-07-06T00:00:00+00:00
[2022-07-06 20:21:58,635] {processor.py:161} INFO - Processing /home/airflow/.local/lib/python3.7/site-packages/airflow/example_dags/example_branch_day_of_week_operator.py took 0.127 seconds
[2022-07-06 20:22:36,411] {processor.py:153} INFO - Started process (PID=2816) to work on /home/airflow/.local/lib/python3.7/site-packages/airflow/example_dags/example_branch_day_of_week_operator.py
[2022-07-06 20:22:36,431] {processor.py:641} INFO - Processing file /home/airflow/.local/lib/python3.7/site-packages/airflow/example_dags/example_branch_day_of_week_operator.py for tasks to queue
[2022-07-06 20:22:36,431] {logging_mixin.py:115} INFO - [2022-07-06 20:22:36,431] {dagbag.py:507} INFO - Filling up the DagBag from /home/airflow/.local/lib/python3.7/site-packages/airflow/example_dags/example_branch_day_of_week_operator.py
[2022-07-06 20:22:36,460] {processor.py:651} INFO - DAG(s) dict_keys(['example_weekday_branch_operator']) retrieved from /home/airflow/.local/lib/python3.7/site-packages/airflow/example_dags/example_branch_day_of_week_operator.py
[2022-07-06 20:22:36,493] {logging_mixin.py:115} INFO - [2022-07-06 20:22:36,493] {dag.py:2379} INFO - Sync 1 DAGs
[2022-07-06 20:22:36,532] {logging_mixin.py:115} INFO - [2022-07-06 20:22:36,532] {dag.py:2931} INFO - Setting next_dagrun for example_weekday_branch_operator to 2022-07-05T00:00:00+00:00, run_after=2022-07-06T00:00:00+00:00
[2022-07-06 20:22:36,560] {processor.py:161} INFO - Processing /home/airflow/.local/lib/python3.7/site-packages/airflow/example_dags/example_branch_day_of_week_operator.py took 0.153 seconds
[2022-07-06 20:23:08,103] {processor.py:153} INFO - Started process (PID=2874) to work on /home/airflow/.local/lib/python3.7/site-packages/airflow/example_dags/example_branch_day_of_week_operator.py
[2022-07-06 20:23:08,104] {processor.py:641} INFO - Processing file /home/airflow/.local/lib/python3.7/site-packages/airflow/example_dags/example_branch_day_of_week_operator.py for tasks to queue
[2022-07-06 20:23:08,104] {logging_mixin.py:115} INFO - [2022-07-06 20:23:08,104] {dagbag.py:507} INFO - Filling up the DagBag from /home/airflow/.local/lib/python3.7/site-packages/airflow/example_dags/example_branch_day_of_week_operator.py
[2022-07-06 20:23:08,118] {processor.py:651} INFO - DAG(s) dict_keys(['example_weekday_branch_operator']) retrieved from /home/airflow/.local/lib/python3.7/site-packages/airflow/example_dags/example_branch_day_of_week_operator.py
[2022-07-06 20:23:08,160] {logging_mixin.py:115} INFO - [2022-07-06 20:23:08,160] {dag.py:2379} INFO - Sync 1 DAGs
[2022-07-06 20:23:08,207] {logging_mixin.py:115} INFO - [2022-07-06 20:23:08,206] {dag.py:2931} INFO - Setting next_dagrun for example_weekday_branch_operator to 2022-07-05T00:00:00+00:00, run_after=2022-07-06T00:00:00+00:00
[2022-07-06 20:23:08,234] {processor.py:161} INFO - Processing /home/airflow/.local/lib/python3.7/site-packages/airflow/example_dags/example_branch_day_of_week_operator.py took 0.137 seconds
[2022-07-06 20:23:38,726] {processor.py:153} INFO - Started process (PID=2927) to work on /home/airflow/.local/lib/python3.7/site-packages/airflow/example_dags/example_branch_day_of_week_operator.py
[2022-07-06 20:23:38,728] {processor.py:641} INFO - Processing file /home/airflow/.local/lib/python3.7/site-packages/airflow/example_dags/example_branch_day_of_week_operator.py for tasks to queue
[2022-07-06 20:23:38,730] {logging_mixin.py:115} INFO - [2022-07-06 20:23:38,730] {dagbag.py:507} INFO - Filling up the DagBag from /home/airflow/.local/lib/python3.7/site-packages/airflow/example_dags/example_branch_day_of_week_operator.py
[2022-07-06 20:23:38,767] {processor.py:651} INFO - DAG(s) dict_keys(['example_weekday_branch_operator']) retrieved from /home/airflow/.local/lib/python3.7/site-packages/airflow/example_dags/example_branch_day_of_week_operator.py
[2022-07-06 20:23:38,817] {logging_mixin.py:115} INFO - [2022-07-06 20:23:38,816] {dag.py:2379} INFO - Sync 1 DAGs
[2022-07-06 20:23:38,866] {logging_mixin.py:115} INFO - [2022-07-06 20:23:38,866] {dag.py:2931} INFO - Setting next_dagrun for example_weekday_branch_operator to 2022-07-05T00:00:00+00:00, run_after=2022-07-06T00:00:00+00:00
[2022-07-06 20:23:39,061] {processor.py:161} INFO - Processing /home/airflow/.local/lib/python3.7/site-packages/airflow/example_dags/example_branch_day_of_week_operator.py took 0.348 seconds
[2022-07-06 20:24:10,165] {processor.py:153} INFO - Started process (PID=2979) to work on /home/airflow/.local/lib/python3.7/site-packages/airflow/example_dags/example_branch_day_of_week_operator.py
[2022-07-06 20:24:10,186] {processor.py:641} INFO - Processing file /home/airflow/.local/lib/python3.7/site-packages/airflow/example_dags/example_branch_day_of_week_operator.py for tasks to queue
[2022-07-06 20:24:10,187] {logging_mixin.py:115} INFO - [2022-07-06 20:24:10,186] {dagbag.py:507} INFO - Filling up the DagBag from /home/airflow/.local/lib/python3.7/site-packages/airflow/example_dags/example_branch_day_of_week_operator.py
[2022-07-06 20:24:10,196] {processor.py:651} INFO - DAG(s) dict_keys(['example_weekday_branch_operator']) retrieved from /home/airflow/.local/lib/python3.7/site-packages/airflow/example_dags/example_branch_day_of_week_operator.py
[2022-07-06 20:24:10,236] {logging_mixin.py:115} INFO - [2022-07-06 20:24:10,235] {dag.py:2379} INFO - Sync 1 DAGs
[2022-07-06 20:24:10,268] {logging_mixin.py:115} INFO - [2022-07-06 20:24:10,267] {dag.py:2931} INFO - Setting next_dagrun for example_weekday_branch_operator to 2022-07-05T00:00:00+00:00, run_after=2022-07-06T00:00:00+00:00
[2022-07-06 20:24:10,302] {processor.py:161} INFO - Processing /home/airflow/.local/lib/python3.7/site-packages/airflow/example_dags/example_branch_day_of_week_operator.py took 0.141 seconds
[2022-07-06 20:24:44,076] {processor.py:153} INFO - Started process (PID=3045) to work on /home/airflow/.local/lib/python3.7/site-packages/airflow/example_dags/example_branch_day_of_week_operator.py
[2022-07-06 20:24:44,080] {processor.py:641} INFO - Processing file /home/airflow/.local/lib/python3.7/site-packages/airflow/example_dags/example_branch_day_of_week_operator.py for tasks to queue
[2022-07-06 20:24:44,081] {logging_mixin.py:115} INFO - [2022-07-06 20:24:44,081] {dagbag.py:507} INFO - Filling up the DagBag from /home/airflow/.local/lib/python3.7/site-packages/airflow/example_dags/example_branch_day_of_week_operator.py
[2022-07-06 20:24:44,104] {processor.py:651} INFO - DAG(s) dict_keys(['example_weekday_branch_operator']) retrieved from /home/airflow/.local/lib/python3.7/site-packages/airflow/example_dags/example_branch_day_of_week_operator.py
[2022-07-06 20:24:44,147] {logging_mixin.py:115} INFO - [2022-07-06 20:24:44,146] {dag.py:2379} INFO - Sync 1 DAGs
[2022-07-06 20:24:44,209] {logging_mixin.py:115} INFO - [2022-07-06 20:24:44,209] {dag.py:2931} INFO - Setting next_dagrun for example_weekday_branch_operator to 2022-07-05T00:00:00+00:00, run_after=2022-07-06T00:00:00+00:00
[2022-07-06 20:24:44,245] {processor.py:161} INFO - Processing /home/airflow/.local/lib/python3.7/site-packages/airflow/example_dags/example_branch_day_of_week_operator.py took 0.178 seconds
[2022-07-06 20:25:14,458] {processor.py:153} INFO - Started process (PID=3097) to work on /home/airflow/.local/lib/python3.7/site-packages/airflow/example_dags/example_branch_day_of_week_operator.py
[2022-07-06 20:25:14,459] {processor.py:641} INFO - Processing file /home/airflow/.local/lib/python3.7/site-packages/airflow/example_dags/example_branch_day_of_week_operator.py for tasks to queue
[2022-07-06 20:25:14,460] {logging_mixin.py:115} INFO - [2022-07-06 20:25:14,460] {dagbag.py:507} INFO - Filling up the DagBag from /home/airflow/.local/lib/python3.7/site-packages/airflow/example_dags/example_branch_day_of_week_operator.py
[2022-07-06 20:25:14,474] {processor.py:651} INFO - DAG(s) dict_keys(['example_weekday_branch_operator']) retrieved from /home/airflow/.local/lib/python3.7/site-packages/airflow/example_dags/example_branch_day_of_week_operator.py
[2022-07-06 20:25:14,514] {logging_mixin.py:115} INFO - [2022-07-06 20:25:14,514] {dag.py:2379} INFO - Sync 1 DAGs
[2022-07-06 20:25:14,564] {logging_mixin.py:115} INFO - [2022-07-06 20:25:14,564] {dag.py:2931} INFO - Setting next_dagrun for example_weekday_branch_operator to 2022-07-05T00:00:00+00:00, run_after=2022-07-06T00:00:00+00:00
[2022-07-06 20:25:14,598] {processor.py:161} INFO - Processing /home/airflow/.local/lib/python3.7/site-packages/airflow/example_dags/example_branch_day_of_week_operator.py took 0.146 seconds
[2022-07-06 20:25:45,155] {processor.py:153} INFO - Started process (PID=3160) to work on /home/airflow/.local/lib/python3.7/site-packages/airflow/example_dags/example_branch_day_of_week_operator.py
[2022-07-06 20:25:45,155] {processor.py:641} INFO - Processing file /home/airflow/.local/lib/python3.7/site-packages/airflow/example_dags/example_branch_day_of_week_operator.py for tasks to queue
[2022-07-06 20:25:45,156] {logging_mixin.py:115} INFO - [2022-07-06 20:25:45,156] {dagbag.py:507} INFO - Filling up the DagBag from /home/airflow/.local/lib/python3.7/site-packages/airflow/example_dags/example_branch_day_of_week_operator.py
[2022-07-06 20:25:45,170] {processor.py:651} INFO - DAG(s) dict_keys(['example_weekday_branch_operator']) retrieved from /home/airflow/.local/lib/python3.7/site-packages/airflow/example_dags/example_branch_day_of_week_operator.py
[2022-07-06 20:25:45,209] {logging_mixin.py:115} INFO - [2022-07-06 20:25:45,209] {dag.py:2379} INFO - Sync 1 DAGs
[2022-07-06 20:25:45,255] {logging_mixin.py:115} INFO - [2022-07-06 20:25:45,255] {dag.py:2931} INFO - Setting next_dagrun for example_weekday_branch_operator to 2022-07-05T00:00:00+00:00, run_after=2022-07-06T00:00:00+00:00
[2022-07-06 20:25:45,296] {processor.py:161} INFO - Processing /home/airflow/.local/lib/python3.7/site-packages/airflow/example_dags/example_branch_day_of_week_operator.py took 0.147 seconds
[2022-07-06 20:26:17,576] {processor.py:153} INFO - Started process (PID=3211) to work on /home/airflow/.local/lib/python3.7/site-packages/airflow/example_dags/example_branch_day_of_week_operator.py
[2022-07-06 20:26:17,577] {processor.py:641} INFO - Processing file /home/airflow/.local/lib/python3.7/site-packages/airflow/example_dags/example_branch_day_of_week_operator.py for tasks to queue
[2022-07-06 20:26:17,578] {logging_mixin.py:115} INFO - [2022-07-06 20:26:17,578] {dagbag.py:507} INFO - Filling up the DagBag from /home/airflow/.local/lib/python3.7/site-packages/airflow/example_dags/example_branch_day_of_week_operator.py
[2022-07-06 20:26:17,595] {processor.py:651} INFO - DAG(s) dict_keys(['example_weekday_branch_operator']) retrieved from /home/airflow/.local/lib/python3.7/site-packages/airflow/example_dags/example_branch_day_of_week_operator.py
[2022-07-06 20:26:17,640] {logging_mixin.py:115} INFO - [2022-07-06 20:26:17,640] {dag.py:2379} INFO - Sync 1 DAGs
[2022-07-06 20:26:17,695] {logging_mixin.py:115} INFO - [2022-07-06 20:26:17,694] {dag.py:2931} INFO - Setting next_dagrun for example_weekday_branch_operator to 2022-07-05T00:00:00+00:00, run_after=2022-07-06T00:00:00+00:00
[2022-07-06 20:26:17,749] {processor.py:161} INFO - Processing /home/airflow/.local/lib/python3.7/site-packages/airflow/example_dags/example_branch_day_of_week_operator.py took 0.187 seconds
[2022-07-06 20:26:48,142] {processor.py:153} INFO - Started process (PID=3274) to work on /home/airflow/.local/lib/python3.7/site-packages/airflow/example_dags/example_branch_day_of_week_operator.py
[2022-07-06 20:26:48,143] {processor.py:641} INFO - Processing file /home/airflow/.local/lib/python3.7/site-packages/airflow/example_dags/example_branch_day_of_week_operator.py for tasks to queue
[2022-07-06 20:26:48,144] {logging_mixin.py:115} INFO - [2022-07-06 20:26:48,143] {dagbag.py:507} INFO - Filling up the DagBag from /home/airflow/.local/lib/python3.7/site-packages/airflow/example_dags/example_branch_day_of_week_operator.py
[2022-07-06 20:26:48,158] {processor.py:651} INFO - DAG(s) dict_keys(['example_weekday_branch_operator']) retrieved from /home/airflow/.local/lib/python3.7/site-packages/airflow/example_dags/example_branch_day_of_week_operator.py
[2022-07-06 20:26:48,202] {logging_mixin.py:115} INFO - [2022-07-06 20:26:48,201] {dag.py:2379} INFO - Sync 1 DAGs
[2022-07-06 20:26:48,250] {logging_mixin.py:115} INFO - [2022-07-06 20:26:48,249] {dag.py:2931} INFO - Setting next_dagrun for example_weekday_branch_operator to 2022-07-05T00:00:00+00:00, run_after=2022-07-06T00:00:00+00:00
[2022-07-06 20:26:48,277] {processor.py:161} INFO - Processing /home/airflow/.local/lib/python3.7/site-packages/airflow/example_dags/example_branch_day_of_week_operator.py took 0.140 seconds
