[2022-07-06 19:39:29,399] {processor.py:153} INFO - Started process (PID=169) to work on /home/airflow/.local/lib/python3.7/site-packages/airflow/example_dags/example_latest_only.py
[2022-07-06 19:39:29,399] {processor.py:641} INFO - Processing file /home/airflow/.local/lib/python3.7/site-packages/airflow/example_dags/example_latest_only.py for tasks to queue
[2022-07-06 19:39:29,400] {logging_mixin.py:115} INFO - [2022-07-06 19:39:29,400] {dagbag.py:507} INFO - Filling up the DagBag from /home/airflow/.local/lib/python3.7/site-packages/airflow/example_dags/example_latest_only.py
[2022-07-06 19:39:29,891] {processor.py:651} INFO - DAG(s) dict_keys(['latest_only']) retrieved from /home/airflow/.local/lib/python3.7/site-packages/airflow/example_dags/example_latest_only.py
[2022-07-06 19:39:31,627] {logging_mixin.py:115} INFO - [2022-07-06 19:39:31,627] {manager.py:508} INFO - Created Permission View: can delete on DAG:latest_only
[2022-07-06 19:39:32,501] {logging_mixin.py:115} INFO - [2022-07-06 19:39:32,501] {manager.py:508} INFO - Created Permission View: can edit on DAG:latest_only
[2022-07-06 19:39:32,799] {logging_mixin.py:115} INFO - [2022-07-06 19:39:32,799] {manager.py:508} INFO - Created Permission View: can read on DAG:latest_only
[2022-07-06 19:39:32,800] {logging_mixin.py:115} INFO - [2022-07-06 19:39:32,800] {dag.py:2379} INFO - Sync 1 DAGs
[2022-07-06 19:39:32,811] {logging_mixin.py:115} INFO - [2022-07-06 19:39:32,811] {dag.py:2398} INFO - Creating ORM DAG for latest_only
[2022-07-06 19:39:32,826] {logging_mixin.py:115} INFO - [2022-07-06 19:39:32,826] {dag.py:2931} INFO - Setting next_dagrun for latest_only to 2022-07-06T15:39:32.825745+00:00, run_after=2022-07-06T19:39:32.825745+00:00
[2022-07-06 19:39:33,511] {processor.py:161} INFO - Processing /home/airflow/.local/lib/python3.7/site-packages/airflow/example_dags/example_latest_only.py took 4.117 seconds
[2022-07-06 19:40:04,102] {processor.py:153} INFO - Started process (PID=219) to work on /home/airflow/.local/lib/python3.7/site-packages/airflow/example_dags/example_latest_only.py
[2022-07-06 19:40:04,301] {processor.py:641} INFO - Processing file /home/airflow/.local/lib/python3.7/site-packages/airflow/example_dags/example_latest_only.py for tasks to queue
[2022-07-06 19:40:04,302] {logging_mixin.py:115} INFO - [2022-07-06 19:40:04,302] {dagbag.py:507} INFO - Filling up the DagBag from /home/airflow/.local/lib/python3.7/site-packages/airflow/example_dags/example_latest_only.py
[2022-07-06 19:40:04,322] {processor.py:651} INFO - DAG(s) dict_keys(['latest_only']) retrieved from /home/airflow/.local/lib/python3.7/site-packages/airflow/example_dags/example_latest_only.py
[2022-07-06 19:40:04,414] {logging_mixin.py:115} INFO - [2022-07-06 19:40:04,414] {dag.py:2379} INFO - Sync 1 DAGs
[2022-07-06 19:40:04,439] {logging_mixin.py:115} INFO - [2022-07-06 19:40:04,439] {dag.py:2931} INFO - Setting next_dagrun for latest_only to 2022-07-06T15:40:04.438982+00:00, run_after=2022-07-06T19:40:04.438982+00:00
[2022-07-06 19:40:05,132] {processor.py:161} INFO - Processing /home/airflow/.local/lib/python3.7/site-packages/airflow/example_dags/example_latest_only.py took 1.034 seconds
[2022-07-06 19:40:35,729] {processor.py:153} INFO - Started process (PID=272) to work on /home/airflow/.local/lib/python3.7/site-packages/airflow/example_dags/example_latest_only.py
[2022-07-06 19:40:35,729] {processor.py:641} INFO - Processing file /home/airflow/.local/lib/python3.7/site-packages/airflow/example_dags/example_latest_only.py for tasks to queue
[2022-07-06 19:40:35,730] {logging_mixin.py:115} INFO - [2022-07-06 19:40:35,730] {dagbag.py:507} INFO - Filling up the DagBag from /home/airflow/.local/lib/python3.7/site-packages/airflow/example_dags/example_latest_only.py
[2022-07-06 19:40:35,735] {processor.py:651} INFO - DAG(s) dict_keys(['latest_only']) retrieved from /home/airflow/.local/lib/python3.7/site-packages/airflow/example_dags/example_latest_only.py
[2022-07-06 19:40:35,773] {logging_mixin.py:115} INFO - [2022-07-06 19:40:35,773] {dag.py:2379} INFO - Sync 1 DAGs
[2022-07-06 19:40:35,805] {logging_mixin.py:115} INFO - [2022-07-06 19:40:35,805] {dag.py:2931} INFO - Setting next_dagrun for latest_only to 2022-07-06T15:40:35.805177+00:00, run_after=2022-07-06T19:40:35.805177+00:00
[2022-07-06 19:40:36,214] {processor.py:161} INFO - Processing /home/airflow/.local/lib/python3.7/site-packages/airflow/example_dags/example_latest_only.py took 0.489 seconds
[2022-07-06 19:41:06,353] {processor.py:153} INFO - Started process (PID=324) to work on /home/airflow/.local/lib/python3.7/site-packages/airflow/example_dags/example_latest_only.py
[2022-07-06 19:41:06,469] {processor.py:641} INFO - Processing file /home/airflow/.local/lib/python3.7/site-packages/airflow/example_dags/example_latest_only.py for tasks to queue
[2022-07-06 19:41:06,471] {logging_mixin.py:115} INFO - [2022-07-06 19:41:06,471] {dagbag.py:507} INFO - Filling up the DagBag from /home/airflow/.local/lib/python3.7/site-packages/airflow/example_dags/example_latest_only.py
[2022-07-06 19:41:06,493] {processor.py:651} INFO - DAG(s) dict_keys(['latest_only']) retrieved from /home/airflow/.local/lib/python3.7/site-packages/airflow/example_dags/example_latest_only.py
[2022-07-06 19:41:06,562] {logging_mixin.py:115} INFO - [2022-07-06 19:41:06,562] {dag.py:2379} INFO - Sync 1 DAGs
[2022-07-06 19:41:06,586] {logging_mixin.py:115} INFO - [2022-07-06 19:41:06,586] {dag.py:2931} INFO - Setting next_dagrun for latest_only to 2022-07-06T15:41:06.586323+00:00, run_after=2022-07-06T19:41:06.586323+00:00
[2022-07-06 19:41:06,667] {processor.py:161} INFO - Processing /home/airflow/.local/lib/python3.7/site-packages/airflow/example_dags/example_latest_only.py took 0.321 seconds
[2022-07-06 19:41:37,083] {processor.py:153} INFO - Started process (PID=375) to work on /home/airflow/.local/lib/python3.7/site-packages/airflow/example_dags/example_latest_only.py
[2022-07-06 19:41:37,187] {processor.py:641} INFO - Processing file /home/airflow/.local/lib/python3.7/site-packages/airflow/example_dags/example_latest_only.py for tasks to queue
[2022-07-06 19:41:37,188] {logging_mixin.py:115} INFO - [2022-07-06 19:41:37,188] {dagbag.py:507} INFO - Filling up the DagBag from /home/airflow/.local/lib/python3.7/site-packages/airflow/example_dags/example_latest_only.py
[2022-07-06 19:41:37,592] {processor.py:651} INFO - DAG(s) dict_keys(['latest_only']) retrieved from /home/airflow/.local/lib/python3.7/site-packages/airflow/example_dags/example_latest_only.py
[2022-07-06 19:41:37,744] {logging_mixin.py:115} INFO - [2022-07-06 19:41:37,744] {dag.py:2379} INFO - Sync 1 DAGs
[2022-07-06 19:41:37,794] {logging_mixin.py:115} INFO - [2022-07-06 19:41:37,794] {dag.py:2931} INFO - Setting next_dagrun for latest_only to 2022-07-06T15:41:37.793746+00:00, run_after=2022-07-06T19:41:37.793746+00:00
[2022-07-06 19:41:37,946] {processor.py:161} INFO - Processing /home/airflow/.local/lib/python3.7/site-packages/airflow/example_dags/example_latest_only.py took 0.876 seconds
[2022-07-06 19:43:54,037] {processor.py:153} INFO - Started process (PID=423) to work on /home/airflow/.local/lib/python3.7/site-packages/airflow/example_dags/example_latest_only.py
[2022-07-06 19:43:54,854] {processor.py:641} INFO - Processing file /home/airflow/.local/lib/python3.7/site-packages/airflow/example_dags/example_latest_only.py for tasks to queue
[2022-07-06 19:43:54,856] {logging_mixin.py:115} INFO - [2022-07-06 19:43:54,856] {dagbag.py:507} INFO - Filling up the DagBag from /home/airflow/.local/lib/python3.7/site-packages/airflow/example_dags/example_latest_only.py
[2022-07-06 19:43:56,708] {processor.py:651} INFO - DAG(s) dict_keys(['latest_only']) retrieved from /home/airflow/.local/lib/python3.7/site-packages/airflow/example_dags/example_latest_only.py
[2022-07-06 19:43:56,764] {logging_mixin.py:115} INFO - [2022-07-06 19:43:56,764] {dag.py:2379} INFO - Sync 1 DAGs
[2022-07-06 19:43:57,238] {logging_mixin.py:115} INFO - [2022-07-06 19:43:57,237] {dag.py:2931} INFO - Setting next_dagrun for latest_only to 2022-07-06T15:43:56.787495+00:00, run_after=2022-07-06T19:43:56.787495+00:00
[2022-07-06 19:43:57,758] {processor.py:161} INFO - Processing /home/airflow/.local/lib/python3.7/site-packages/airflow/example_dags/example_latest_only.py took 3.724 seconds
[2022-07-06 19:54:40,467] {processor.py:153} INFO - Started process (PID=143) to work on /home/airflow/.local/lib/python3.7/site-packages/airflow/example_dags/example_latest_only.py
[2022-07-06 19:54:40,645] {processor.py:641} INFO - Processing file /home/airflow/.local/lib/python3.7/site-packages/airflow/example_dags/example_latest_only.py for tasks to queue
[2022-07-06 19:54:40,645] {logging_mixin.py:115} INFO - [2022-07-06 19:54:40,645] {dagbag.py:507} INFO - Filling up the DagBag from /home/airflow/.local/lib/python3.7/site-packages/airflow/example_dags/example_latest_only.py
[2022-07-06 19:54:40,658] {processor.py:651} INFO - DAG(s) dict_keys(['latest_only']) retrieved from /home/airflow/.local/lib/python3.7/site-packages/airflow/example_dags/example_latest_only.py
[2022-07-06 19:54:40,691] {logging_mixin.py:115} INFO - [2022-07-06 19:54:40,691] {dag.py:2379} INFO - Sync 1 DAGs
[2022-07-06 19:54:40,726] {logging_mixin.py:115} INFO - [2022-07-06 19:54:40,726] {dag.py:2931} INFO - Setting next_dagrun for latest_only to 2022-07-06T15:54:40.725850+00:00, run_after=2022-07-06T19:54:40.725850+00:00
[2022-07-06 19:54:40,815] {processor.py:161} INFO - Processing /home/airflow/.local/lib/python3.7/site-packages/airflow/example_dags/example_latest_only.py took 0.352 seconds
[2022-07-06 19:55:37,174] {processor.py:153} INFO - Started process (PID=205) to work on /home/airflow/.local/lib/python3.7/site-packages/airflow/example_dags/example_latest_only.py
[2022-07-06 19:55:37,291] {processor.py:641} INFO - Processing file /home/airflow/.local/lib/python3.7/site-packages/airflow/example_dags/example_latest_only.py for tasks to queue
[2022-07-06 19:55:37,294] {logging_mixin.py:115} INFO - [2022-07-06 19:55:37,293] {dagbag.py:507} INFO - Filling up the DagBag from /home/airflow/.local/lib/python3.7/site-packages/airflow/example_dags/example_latest_only.py
[2022-07-06 19:55:37,322] {processor.py:651} INFO - DAG(s) dict_keys(['latest_only']) retrieved from /home/airflow/.local/lib/python3.7/site-packages/airflow/example_dags/example_latest_only.py
[2022-07-06 19:55:37,395] {logging_mixin.py:115} INFO - [2022-07-06 19:55:37,394] {dag.py:2379} INFO - Sync 1 DAGs
[2022-07-06 19:55:37,423] {logging_mixin.py:115} INFO - [2022-07-06 19:55:37,423] {dag.py:2931} INFO - Setting next_dagrun for latest_only to 2022-07-06T15:55:37.423382+00:00, run_after=2022-07-06T19:55:37.423382+00:00
[2022-07-06 19:55:37,663] {processor.py:161} INFO - Processing /home/airflow/.local/lib/python3.7/site-packages/airflow/example_dags/example_latest_only.py took 0.500 seconds
[2022-07-06 19:58:14,397] {processor.py:153} INFO - Started process (PID=350) to work on /home/airflow/.local/lib/python3.7/site-packages/airflow/example_dags/example_latest_only.py
[2022-07-06 19:58:14,429] {processor.py:641} INFO - Processing file /home/airflow/.local/lib/python3.7/site-packages/airflow/example_dags/example_latest_only.py for tasks to queue
[2022-07-06 19:58:14,429] {logging_mixin.py:115} INFO - [2022-07-06 19:58:14,429] {dagbag.py:507} INFO - Filling up the DagBag from /home/airflow/.local/lib/python3.7/site-packages/airflow/example_dags/example_latest_only.py
[2022-07-06 19:58:14,439] {processor.py:651} INFO - DAG(s) dict_keys(['latest_only']) retrieved from /home/airflow/.local/lib/python3.7/site-packages/airflow/example_dags/example_latest_only.py
[2022-07-06 19:58:14,471] {logging_mixin.py:115} INFO - [2022-07-06 19:58:14,471] {dag.py:2379} INFO - Sync 1 DAGs
[2022-07-06 19:58:14,513] {logging_mixin.py:115} INFO - [2022-07-06 19:58:14,513] {dag.py:2931} INFO - Setting next_dagrun for latest_only to 2022-07-06T15:58:14.513104+00:00, run_after=2022-07-06T19:58:14.513104+00:00
[2022-07-06 19:58:14,645] {processor.py:161} INFO - Processing /home/airflow/.local/lib/python3.7/site-packages/airflow/example_dags/example_latest_only.py took 0.252 seconds
[2022-07-06 19:58:45,874] {processor.py:153} INFO - Started process (PID=402) to work on /home/airflow/.local/lib/python3.7/site-packages/airflow/example_dags/example_latest_only.py
[2022-07-06 19:58:45,957] {processor.py:641} INFO - Processing file /home/airflow/.local/lib/python3.7/site-packages/airflow/example_dags/example_latest_only.py for tasks to queue
[2022-07-06 19:58:45,959] {logging_mixin.py:115} INFO - [2022-07-06 19:58:45,958] {dagbag.py:507} INFO - Filling up the DagBag from /home/airflow/.local/lib/python3.7/site-packages/airflow/example_dags/example_latest_only.py
[2022-07-06 19:58:45,986] {processor.py:651} INFO - DAG(s) dict_keys(['latest_only']) retrieved from /home/airflow/.local/lib/python3.7/site-packages/airflow/example_dags/example_latest_only.py
[2022-07-06 19:58:46,022] {logging_mixin.py:115} INFO - [2022-07-06 19:58:46,021] {dag.py:2379} INFO - Sync 1 DAGs
[2022-07-06 19:58:46,050] {logging_mixin.py:115} INFO - [2022-07-06 19:58:46,050] {dag.py:2931} INFO - Setting next_dagrun for latest_only to 2022-07-06T15:58:46.050528+00:00, run_after=2022-07-06T19:58:46.050528+00:00
[2022-07-06 19:58:46,329] {processor.py:161} INFO - Processing /home/airflow/.local/lib/python3.7/site-packages/airflow/example_dags/example_latest_only.py took 0.460 seconds
[2022-07-06 19:59:30,854] {processor.py:153} INFO - Started process (PID=463) to work on /home/airflow/.local/lib/python3.7/site-packages/airflow/example_dags/example_latest_only.py
[2022-07-06 19:59:30,952] {processor.py:641} INFO - Processing file /home/airflow/.local/lib/python3.7/site-packages/airflow/example_dags/example_latest_only.py for tasks to queue
[2022-07-06 19:59:30,953] {logging_mixin.py:115} INFO - [2022-07-06 19:59:30,953] {dagbag.py:507} INFO - Filling up the DagBag from /home/airflow/.local/lib/python3.7/site-packages/airflow/example_dags/example_latest_only.py
[2022-07-06 19:59:30,963] {processor.py:651} INFO - DAG(s) dict_keys(['latest_only']) retrieved from /home/airflow/.local/lib/python3.7/site-packages/airflow/example_dags/example_latest_only.py
[2022-07-06 19:59:31,235] {logging_mixin.py:115} INFO - [2022-07-06 19:59:31,235] {dag.py:2379} INFO - Sync 1 DAGs
[2022-07-06 19:59:31,306] {logging_mixin.py:115} INFO - [2022-07-06 19:59:31,306] {dag.py:2931} INFO - Setting next_dagrun for latest_only to 2022-07-06T15:59:31.306022+00:00, run_after=2022-07-06T19:59:31.306022+00:00
[2022-07-06 19:59:31,482] {processor.py:161} INFO - Processing /home/airflow/.local/lib/python3.7/site-packages/airflow/example_dags/example_latest_only.py took 0.639 seconds
[2022-07-06 20:00:02,583] {processor.py:153} INFO - Started process (PID=516) to work on /home/airflow/.local/lib/python3.7/site-packages/airflow/example_dags/example_latest_only.py
[2022-07-06 20:00:02,584] {processor.py:641} INFO - Processing file /home/airflow/.local/lib/python3.7/site-packages/airflow/example_dags/example_latest_only.py for tasks to queue
[2022-07-06 20:00:02,584] {logging_mixin.py:115} INFO - [2022-07-06 20:00:02,584] {dagbag.py:507} INFO - Filling up the DagBag from /home/airflow/.local/lib/python3.7/site-packages/airflow/example_dags/example_latest_only.py
[2022-07-06 20:00:02,590] {processor.py:651} INFO - DAG(s) dict_keys(['latest_only']) retrieved from /home/airflow/.local/lib/python3.7/site-packages/airflow/example_dags/example_latest_only.py
[2022-07-06 20:00:02,628] {logging_mixin.py:115} INFO - [2022-07-06 20:00:02,628] {dag.py:2379} INFO - Sync 1 DAGs
[2022-07-06 20:00:02,667] {logging_mixin.py:115} INFO - [2022-07-06 20:00:02,667] {dag.py:2931} INFO - Setting next_dagrun for latest_only to 2022-07-06T16:00:02.666963+00:00, run_after=2022-07-06T20:00:02.666963+00:00
[2022-07-06 20:00:02,771] {processor.py:161} INFO - Processing /home/airflow/.local/lib/python3.7/site-packages/airflow/example_dags/example_latest_only.py took 0.191 seconds
[2022-07-06 20:00:33,235] {processor.py:153} INFO - Started process (PID=576) to work on /home/airflow/.local/lib/python3.7/site-packages/airflow/example_dags/example_latest_only.py
[2022-07-06 20:00:33,245] {processor.py:641} INFO - Processing file /home/airflow/.local/lib/python3.7/site-packages/airflow/example_dags/example_latest_only.py for tasks to queue
[2022-07-06 20:00:33,246] {logging_mixin.py:115} INFO - [2022-07-06 20:00:33,246] {dagbag.py:507} INFO - Filling up the DagBag from /home/airflow/.local/lib/python3.7/site-packages/airflow/example_dags/example_latest_only.py
[2022-07-06 20:00:33,254] {processor.py:651} INFO - DAG(s) dict_keys(['latest_only']) retrieved from /home/airflow/.local/lib/python3.7/site-packages/airflow/example_dags/example_latest_only.py
[2022-07-06 20:00:33,285] {logging_mixin.py:115} INFO - [2022-07-06 20:00:33,284] {dag.py:2379} INFO - Sync 1 DAGs
[2022-07-06 20:00:33,314] {logging_mixin.py:115} INFO - [2022-07-06 20:00:33,314] {dag.py:2931} INFO - Setting next_dagrun for latest_only to 2022-07-06T16:00:33.313756+00:00, run_after=2022-07-06T20:00:33.313756+00:00
[2022-07-06 20:00:33,340] {processor.py:161} INFO - Processing /home/airflow/.local/lib/python3.7/site-packages/airflow/example_dags/example_latest_only.py took 0.109 seconds
[2022-07-06 20:01:13,286] {processor.py:153} INFO - Started process (PID=635) to work on /home/airflow/.local/lib/python3.7/site-packages/airflow/example_dags/example_latest_only.py
[2022-07-06 20:01:13,336] {processor.py:641} INFO - Processing file /home/airflow/.local/lib/python3.7/site-packages/airflow/example_dags/example_latest_only.py for tasks to queue
[2022-07-06 20:01:13,338] {logging_mixin.py:115} INFO - [2022-07-06 20:01:13,338] {dagbag.py:507} INFO - Filling up the DagBag from /home/airflow/.local/lib/python3.7/site-packages/airflow/example_dags/example_latest_only.py
[2022-07-06 20:01:13,353] {processor.py:651} INFO - DAG(s) dict_keys(['latest_only']) retrieved from /home/airflow/.local/lib/python3.7/site-packages/airflow/example_dags/example_latest_only.py
[2022-07-06 20:01:13,392] {logging_mixin.py:115} INFO - [2022-07-06 20:01:13,392] {dag.py:2379} INFO - Sync 1 DAGs
[2022-07-06 20:01:13,421] {logging_mixin.py:115} INFO - [2022-07-06 20:01:13,421] {dag.py:2931} INFO - Setting next_dagrun for latest_only to 2022-07-06T16:01:13.420719+00:00, run_after=2022-07-06T20:01:13.420719+00:00
[2022-07-06 20:01:13,469] {processor.py:161} INFO - Processing /home/airflow/.local/lib/python3.7/site-packages/airflow/example_dags/example_latest_only.py took 0.192 seconds
[2022-07-06 20:01:54,331] {processor.py:153} INFO - Started process (PID=696) to work on /home/airflow/.local/lib/python3.7/site-packages/airflow/example_dags/example_latest_only.py
[2022-07-06 20:01:54,351] {processor.py:641} INFO - Processing file /home/airflow/.local/lib/python3.7/site-packages/airflow/example_dags/example_latest_only.py for tasks to queue
[2022-07-06 20:01:54,351] {logging_mixin.py:115} INFO - [2022-07-06 20:01:54,351] {dagbag.py:507} INFO - Filling up the DagBag from /home/airflow/.local/lib/python3.7/site-packages/airflow/example_dags/example_latest_only.py
[2022-07-06 20:01:54,358] {processor.py:651} INFO - DAG(s) dict_keys(['latest_only']) retrieved from /home/airflow/.local/lib/python3.7/site-packages/airflow/example_dags/example_latest_only.py
[2022-07-06 20:01:54,398] {logging_mixin.py:115} INFO - [2022-07-06 20:01:54,398] {dag.py:2379} INFO - Sync 1 DAGs
[2022-07-06 20:01:54,443] {logging_mixin.py:115} INFO - [2022-07-06 20:01:54,443] {dag.py:2931} INFO - Setting next_dagrun for latest_only to 2022-07-06T16:01:54.443358+00:00, run_after=2022-07-06T20:01:54.443358+00:00
[2022-07-06 20:01:54,486] {processor.py:161} INFO - Processing /home/airflow/.local/lib/python3.7/site-packages/airflow/example_dags/example_latest_only.py took 0.161 seconds
[2022-07-06 20:02:25,910] {processor.py:153} INFO - Started process (PID=747) to work on /home/airflow/.local/lib/python3.7/site-packages/airflow/example_dags/example_latest_only.py
[2022-07-06 20:02:25,989] {processor.py:641} INFO - Processing file /home/airflow/.local/lib/python3.7/site-packages/airflow/example_dags/example_latest_only.py for tasks to queue
[2022-07-06 20:02:25,990] {logging_mixin.py:115} INFO - [2022-07-06 20:02:25,990] {dagbag.py:507} INFO - Filling up the DagBag from /home/airflow/.local/lib/python3.7/site-packages/airflow/example_dags/example_latest_only.py
[2022-07-06 20:02:25,998] {processor.py:651} INFO - DAG(s) dict_keys(['latest_only']) retrieved from /home/airflow/.local/lib/python3.7/site-packages/airflow/example_dags/example_latest_only.py
[2022-07-06 20:02:26,040] {logging_mixin.py:115} INFO - [2022-07-06 20:02:26,040] {dag.py:2379} INFO - Sync 1 DAGs
[2022-07-06 20:02:26,070] {logging_mixin.py:115} INFO - [2022-07-06 20:02:26,070] {dag.py:2931} INFO - Setting next_dagrun for latest_only to 2022-07-06T16:02:26.070304+00:00, run_after=2022-07-06T20:02:26.070304+00:00
[2022-07-06 20:02:26,161] {processor.py:161} INFO - Processing /home/airflow/.local/lib/python3.7/site-packages/airflow/example_dags/example_latest_only.py took 0.276 seconds
[2022-07-06 20:02:59,520] {processor.py:153} INFO - Started process (PID=807) to work on /home/airflow/.local/lib/python3.7/site-packages/airflow/example_dags/example_latest_only.py
[2022-07-06 20:02:59,671] {processor.py:641} INFO - Processing file /home/airflow/.local/lib/python3.7/site-packages/airflow/example_dags/example_latest_only.py for tasks to queue
[2022-07-06 20:02:59,673] {logging_mixin.py:115} INFO - [2022-07-06 20:02:59,673] {dagbag.py:507} INFO - Filling up the DagBag from /home/airflow/.local/lib/python3.7/site-packages/airflow/example_dags/example_latest_only.py
[2022-07-06 20:02:59,698] {processor.py:651} INFO - DAG(s) dict_keys(['latest_only']) retrieved from /home/airflow/.local/lib/python3.7/site-packages/airflow/example_dags/example_latest_only.py
[2022-07-06 20:02:59,749] {logging_mixin.py:115} INFO - [2022-07-06 20:02:59,748] {dag.py:2379} INFO - Sync 1 DAGs
[2022-07-06 20:02:59,791] {logging_mixin.py:115} INFO - [2022-07-06 20:02:59,791] {dag.py:2931} INFO - Setting next_dagrun for latest_only to 2022-07-06T16:02:59.791507+00:00, run_after=2022-07-06T20:02:59.791507+00:00
[2022-07-06 20:03:00,163] {processor.py:161} INFO - Processing /home/airflow/.local/lib/python3.7/site-packages/airflow/example_dags/example_latest_only.py took 0.647 seconds
[2022-07-06 20:03:31,078] {processor.py:153} INFO - Started process (PID=858) to work on /home/airflow/.local/lib/python3.7/site-packages/airflow/example_dags/example_latest_only.py
[2022-07-06 20:03:31,109] {processor.py:641} INFO - Processing file /home/airflow/.local/lib/python3.7/site-packages/airflow/example_dags/example_latest_only.py for tasks to queue
[2022-07-06 20:03:31,110] {logging_mixin.py:115} INFO - [2022-07-06 20:03:31,109] {dagbag.py:507} INFO - Filling up the DagBag from /home/airflow/.local/lib/python3.7/site-packages/airflow/example_dags/example_latest_only.py
[2022-07-06 20:03:31,117] {processor.py:651} INFO - DAG(s) dict_keys(['latest_only']) retrieved from /home/airflow/.local/lib/python3.7/site-packages/airflow/example_dags/example_latest_only.py
[2022-07-06 20:03:31,152] {logging_mixin.py:115} INFO - [2022-07-06 20:03:31,151] {dag.py:2379} INFO - Sync 1 DAGs
[2022-07-06 20:03:31,183] {logging_mixin.py:115} INFO - [2022-07-06 20:03:31,183] {dag.py:2931} INFO - Setting next_dagrun for latest_only to 2022-07-06T16:03:31.183434+00:00, run_after=2022-07-06T20:03:31.183434+00:00
[2022-07-06 20:03:31,284] {processor.py:161} INFO - Processing /home/airflow/.local/lib/python3.7/site-packages/airflow/example_dags/example_latest_only.py took 0.211 seconds
[2022-07-06 20:04:02,014] {processor.py:153} INFO - Started process (PID=910) to work on /home/airflow/.local/lib/python3.7/site-packages/airflow/example_dags/example_latest_only.py
[2022-07-06 20:04:02,073] {processor.py:641} INFO - Processing file /home/airflow/.local/lib/python3.7/site-packages/airflow/example_dags/example_latest_only.py for tasks to queue
[2022-07-06 20:04:02,075] {logging_mixin.py:115} INFO - [2022-07-06 20:04:02,075] {dagbag.py:507} INFO - Filling up the DagBag from /home/airflow/.local/lib/python3.7/site-packages/airflow/example_dags/example_latest_only.py
[2022-07-06 20:04:02,093] {processor.py:651} INFO - DAG(s) dict_keys(['latest_only']) retrieved from /home/airflow/.local/lib/python3.7/site-packages/airflow/example_dags/example_latest_only.py
[2022-07-06 20:04:02,143] {logging_mixin.py:115} INFO - [2022-07-06 20:04:02,143] {dag.py:2379} INFO - Sync 1 DAGs
[2022-07-06 20:04:02,184] {logging_mixin.py:115} INFO - [2022-07-06 20:04:02,184] {dag.py:2931} INFO - Setting next_dagrun for latest_only to 2022-07-06T16:04:02.183995+00:00, run_after=2022-07-06T20:04:02.183995+00:00
[2022-07-06 20:04:02,217] {processor.py:161} INFO - Processing /home/airflow/.local/lib/python3.7/site-packages/airflow/example_dags/example_latest_only.py took 0.214 seconds
[2022-07-06 20:04:33,084] {processor.py:153} INFO - Started process (PID=962) to work on /home/airflow/.local/lib/python3.7/site-packages/airflow/example_dags/example_latest_only.py
[2022-07-06 20:04:33,106] {processor.py:641} INFO - Processing file /home/airflow/.local/lib/python3.7/site-packages/airflow/example_dags/example_latest_only.py for tasks to queue
[2022-07-06 20:04:33,107] {logging_mixin.py:115} INFO - [2022-07-06 20:04:33,107] {dagbag.py:507} INFO - Filling up the DagBag from /home/airflow/.local/lib/python3.7/site-packages/airflow/example_dags/example_latest_only.py
[2022-07-06 20:04:33,115] {processor.py:651} INFO - DAG(s) dict_keys(['latest_only']) retrieved from /home/airflow/.local/lib/python3.7/site-packages/airflow/example_dags/example_latest_only.py
[2022-07-06 20:04:33,161] {logging_mixin.py:115} INFO - [2022-07-06 20:04:33,161] {dag.py:2379} INFO - Sync 1 DAGs
[2022-07-06 20:04:33,194] {logging_mixin.py:115} INFO - [2022-07-06 20:04:33,194] {dag.py:2931} INFO - Setting next_dagrun for latest_only to 2022-07-06T16:04:33.193916+00:00, run_after=2022-07-06T20:04:33.193916+00:00
[2022-07-06 20:04:33,224] {processor.py:161} INFO - Processing /home/airflow/.local/lib/python3.7/site-packages/airflow/example_dags/example_latest_only.py took 0.143 seconds
[2022-07-06 20:05:04,111] {processor.py:153} INFO - Started process (PID=1024) to work on /home/airflow/.local/lib/python3.7/site-packages/airflow/example_dags/example_latest_only.py
[2022-07-06 20:05:04,112] {processor.py:641} INFO - Processing file /home/airflow/.local/lib/python3.7/site-packages/airflow/example_dags/example_latest_only.py for tasks to queue
[2022-07-06 20:05:04,112] {logging_mixin.py:115} INFO - [2022-07-06 20:05:04,112] {dagbag.py:507} INFO - Filling up the DagBag from /home/airflow/.local/lib/python3.7/site-packages/airflow/example_dags/example_latest_only.py
[2022-07-06 20:05:04,118] {processor.py:651} INFO - DAG(s) dict_keys(['latest_only']) retrieved from /home/airflow/.local/lib/python3.7/site-packages/airflow/example_dags/example_latest_only.py
[2022-07-06 20:05:04,153] {logging_mixin.py:115} INFO - [2022-07-06 20:05:04,153] {dag.py:2379} INFO - Sync 1 DAGs
[2022-07-06 20:05:04,184] {logging_mixin.py:115} INFO - [2022-07-06 20:05:04,183] {dag.py:2931} INFO - Setting next_dagrun for latest_only to 2022-07-06T16:05:04.183639+00:00, run_after=2022-07-06T20:05:04.183639+00:00
[2022-07-06 20:05:04,219] {processor.py:161} INFO - Processing /home/airflow/.local/lib/python3.7/site-packages/airflow/example_dags/example_latest_only.py took 0.112 seconds
[2022-07-06 20:05:34,329] {processor.py:153} INFO - Started process (PID=1075) to work on /home/airflow/.local/lib/python3.7/site-packages/airflow/example_dags/example_latest_only.py
[2022-07-06 20:05:34,345] {processor.py:641} INFO - Processing file /home/airflow/.local/lib/python3.7/site-packages/airflow/example_dags/example_latest_only.py for tasks to queue
[2022-07-06 20:05:34,346] {logging_mixin.py:115} INFO - [2022-07-06 20:05:34,346] {dagbag.py:507} INFO - Filling up the DagBag from /home/airflow/.local/lib/python3.7/site-packages/airflow/example_dags/example_latest_only.py
[2022-07-06 20:05:34,355] {processor.py:651} INFO - DAG(s) dict_keys(['latest_only']) retrieved from /home/airflow/.local/lib/python3.7/site-packages/airflow/example_dags/example_latest_only.py
[2022-07-06 20:05:34,390] {logging_mixin.py:115} INFO - [2022-07-06 20:05:34,390] {dag.py:2379} INFO - Sync 1 DAGs
[2022-07-06 20:05:34,427] {logging_mixin.py:115} INFO - [2022-07-06 20:05:34,427] {dag.py:2931} INFO - Setting next_dagrun for latest_only to 2022-07-06T16:05:34.427303+00:00, run_after=2022-07-06T20:05:34.427303+00:00
[2022-07-06 20:05:34,452] {processor.py:161} INFO - Processing /home/airflow/.local/lib/python3.7/site-packages/airflow/example_dags/example_latest_only.py took 0.127 seconds
[2022-07-06 20:06:05,126] {processor.py:153} INFO - Started process (PID=1127) to work on /home/airflow/.local/lib/python3.7/site-packages/airflow/example_dags/example_latest_only.py
[2022-07-06 20:06:05,127] {processor.py:641} INFO - Processing file /home/airflow/.local/lib/python3.7/site-packages/airflow/example_dags/example_latest_only.py for tasks to queue
[2022-07-06 20:06:05,131] {logging_mixin.py:115} INFO - [2022-07-06 20:06:05,130] {dagbag.py:507} INFO - Filling up the DagBag from /home/airflow/.local/lib/python3.7/site-packages/airflow/example_dags/example_latest_only.py
[2022-07-06 20:06:05,148] {processor.py:651} INFO - DAG(s) dict_keys(['latest_only']) retrieved from /home/airflow/.local/lib/python3.7/site-packages/airflow/example_dags/example_latest_only.py
[2022-07-06 20:06:05,183] {logging_mixin.py:115} INFO - [2022-07-06 20:06:05,183] {dag.py:2379} INFO - Sync 1 DAGs
[2022-07-06 20:06:05,213] {logging_mixin.py:115} INFO - [2022-07-06 20:06:05,213] {dag.py:2931} INFO - Setting next_dagrun for latest_only to 2022-07-06T16:06:05.213111+00:00, run_after=2022-07-06T20:06:05.213111+00:00
[2022-07-06 20:06:05,270] {processor.py:161} INFO - Processing /home/airflow/.local/lib/python3.7/site-packages/airflow/example_dags/example_latest_only.py took 0.162 seconds
[2022-07-06 20:06:35,394] {processor.py:153} INFO - Started process (PID=1188) to work on /home/airflow/.local/lib/python3.7/site-packages/airflow/example_dags/example_latest_only.py
[2022-07-06 20:06:35,408] {processor.py:641} INFO - Processing file /home/airflow/.local/lib/python3.7/site-packages/airflow/example_dags/example_latest_only.py for tasks to queue
[2022-07-06 20:06:35,409] {logging_mixin.py:115} INFO - [2022-07-06 20:06:35,409] {dagbag.py:507} INFO - Filling up the DagBag from /home/airflow/.local/lib/python3.7/site-packages/airflow/example_dags/example_latest_only.py
[2022-07-06 20:06:35,418] {processor.py:651} INFO - DAG(s) dict_keys(['latest_only']) retrieved from /home/airflow/.local/lib/python3.7/site-packages/airflow/example_dags/example_latest_only.py
[2022-07-06 20:06:35,450] {logging_mixin.py:115} INFO - [2022-07-06 20:06:35,449] {dag.py:2379} INFO - Sync 1 DAGs
[2022-07-06 20:06:35,485] {logging_mixin.py:115} INFO - [2022-07-06 20:06:35,484] {dag.py:2931} INFO - Setting next_dagrun for latest_only to 2022-07-06T16:06:35.484545+00:00, run_after=2022-07-06T20:06:35.484545+00:00
[2022-07-06 20:06:35,503] {processor.py:161} INFO - Processing /home/airflow/.local/lib/python3.7/site-packages/airflow/example_dags/example_latest_only.py took 0.113 seconds
[2022-07-06 20:07:06,354] {processor.py:153} INFO - Started process (PID=1240) to work on /home/airflow/.local/lib/python3.7/site-packages/airflow/example_dags/example_latest_only.py
[2022-07-06 20:07:06,355] {processor.py:641} INFO - Processing file /home/airflow/.local/lib/python3.7/site-packages/airflow/example_dags/example_latest_only.py for tasks to queue
[2022-07-06 20:07:06,355] {logging_mixin.py:115} INFO - [2022-07-06 20:07:06,355] {dagbag.py:507} INFO - Filling up the DagBag from /home/airflow/.local/lib/python3.7/site-packages/airflow/example_dags/example_latest_only.py
[2022-07-06 20:07:06,364] {processor.py:651} INFO - DAG(s) dict_keys(['latest_only']) retrieved from /home/airflow/.local/lib/python3.7/site-packages/airflow/example_dags/example_latest_only.py
[2022-07-06 20:07:06,400] {logging_mixin.py:115} INFO - [2022-07-06 20:07:06,400] {dag.py:2379} INFO - Sync 1 DAGs
[2022-07-06 20:07:06,434] {logging_mixin.py:115} INFO - [2022-07-06 20:07:06,434] {dag.py:2931} INFO - Setting next_dagrun for latest_only to 2022-07-06T16:07:06.434450+00:00, run_after=2022-07-06T20:07:06.434450+00:00
[2022-07-06 20:07:06,454] {processor.py:161} INFO - Processing /home/airflow/.local/lib/python3.7/site-packages/airflow/example_dags/example_latest_only.py took 0.103 seconds
[2022-07-06 20:07:37,646] {processor.py:153} INFO - Started process (PID=1300) to work on /home/airflow/.local/lib/python3.7/site-packages/airflow/example_dags/example_latest_only.py
[2022-07-06 20:07:37,647] {processor.py:641} INFO - Processing file /home/airflow/.local/lib/python3.7/site-packages/airflow/example_dags/example_latest_only.py for tasks to queue
[2022-07-06 20:07:37,651] {logging_mixin.py:115} INFO - [2022-07-06 20:07:37,650] {dagbag.py:507} INFO - Filling up the DagBag from /home/airflow/.local/lib/python3.7/site-packages/airflow/example_dags/example_latest_only.py
[2022-07-06 20:07:37,659] {processor.py:651} INFO - DAG(s) dict_keys(['latest_only']) retrieved from /home/airflow/.local/lib/python3.7/site-packages/airflow/example_dags/example_latest_only.py
[2022-07-06 20:07:37,714] {logging_mixin.py:115} INFO - [2022-07-06 20:07:37,714] {dag.py:2379} INFO - Sync 1 DAGs
[2022-07-06 20:07:37,757] {logging_mixin.py:115} INFO - [2022-07-06 20:07:37,757] {dag.py:2931} INFO - Setting next_dagrun for latest_only to 2022-07-06T16:07:37.756931+00:00, run_after=2022-07-06T20:07:37.756931+00:00
[2022-07-06 20:07:37,795] {processor.py:161} INFO - Processing /home/airflow/.local/lib/python3.7/site-packages/airflow/example_dags/example_latest_only.py took 0.154 seconds
[2022-07-06 20:08:09,189] {processor.py:153} INFO - Started process (PID=1352) to work on /home/airflow/.local/lib/python3.7/site-packages/airflow/example_dags/example_latest_only.py
[2022-07-06 20:08:09,190] {processor.py:641} INFO - Processing file /home/airflow/.local/lib/python3.7/site-packages/airflow/example_dags/example_latest_only.py for tasks to queue
[2022-07-06 20:08:09,190] {logging_mixin.py:115} INFO - [2022-07-06 20:08:09,190] {dagbag.py:507} INFO - Filling up the DagBag from /home/airflow/.local/lib/python3.7/site-packages/airflow/example_dags/example_latest_only.py
[2022-07-06 20:08:09,198] {processor.py:651} INFO - DAG(s) dict_keys(['latest_only']) retrieved from /home/airflow/.local/lib/python3.7/site-packages/airflow/example_dags/example_latest_only.py
[2022-07-06 20:08:09,233] {logging_mixin.py:115} INFO - [2022-07-06 20:08:09,233] {dag.py:2379} INFO - Sync 1 DAGs
[2022-07-06 20:08:09,262] {logging_mixin.py:115} INFO - [2022-07-06 20:08:09,262] {dag.py:2931} INFO - Setting next_dagrun for latest_only to 2022-07-06T16:08:09.261874+00:00, run_after=2022-07-06T20:08:09.261874+00:00
[2022-07-06 20:08:09,305] {processor.py:161} INFO - Processing /home/airflow/.local/lib/python3.7/site-packages/airflow/example_dags/example_latest_only.py took 0.120 seconds
[2022-07-06 20:08:39,638] {processor.py:153} INFO - Started process (PID=1403) to work on /home/airflow/.local/lib/python3.7/site-packages/airflow/example_dags/example_latest_only.py
[2022-07-06 20:08:39,654] {processor.py:641} INFO - Processing file /home/airflow/.local/lib/python3.7/site-packages/airflow/example_dags/example_latest_only.py for tasks to queue
[2022-07-06 20:08:39,655] {logging_mixin.py:115} INFO - [2022-07-06 20:08:39,655] {dagbag.py:507} INFO - Filling up the DagBag from /home/airflow/.local/lib/python3.7/site-packages/airflow/example_dags/example_latest_only.py
[2022-07-06 20:08:39,661] {processor.py:651} INFO - DAG(s) dict_keys(['latest_only']) retrieved from /home/airflow/.local/lib/python3.7/site-packages/airflow/example_dags/example_latest_only.py
[2022-07-06 20:08:39,701] {logging_mixin.py:115} INFO - [2022-07-06 20:08:39,701] {dag.py:2379} INFO - Sync 1 DAGs
[2022-07-06 20:08:39,746] {logging_mixin.py:115} INFO - [2022-07-06 20:08:39,746] {dag.py:2931} INFO - Setting next_dagrun for latest_only to 2022-07-06T16:08:39.746272+00:00, run_after=2022-07-06T20:08:39.746272+00:00
[2022-07-06 20:08:40,102] {processor.py:161} INFO - Processing /home/airflow/.local/lib/python3.7/site-packages/airflow/example_dags/example_latest_only.py took 0.467 seconds
[2022-07-06 20:09:10,728] {processor.py:153} INFO - Started process (PID=1463) to work on /home/airflow/.local/lib/python3.7/site-packages/airflow/example_dags/example_latest_only.py
[2022-07-06 20:09:10,787] {processor.py:641} INFO - Processing file /home/airflow/.local/lib/python3.7/site-packages/airflow/example_dags/example_latest_only.py for tasks to queue
[2022-07-06 20:09:10,788] {logging_mixin.py:115} INFO - [2022-07-06 20:09:10,788] {dagbag.py:507} INFO - Filling up the DagBag from /home/airflow/.local/lib/python3.7/site-packages/airflow/example_dags/example_latest_only.py
[2022-07-06 20:09:10,801] {processor.py:651} INFO - DAG(s) dict_keys(['latest_only']) retrieved from /home/airflow/.local/lib/python3.7/site-packages/airflow/example_dags/example_latest_only.py
[2022-07-06 20:09:10,911] {logging_mixin.py:115} INFO - [2022-07-06 20:09:10,911] {dag.py:2379} INFO - Sync 1 DAGs
[2022-07-06 20:09:10,969] {logging_mixin.py:115} INFO - [2022-07-06 20:09:10,969] {dag.py:2931} INFO - Setting next_dagrun for latest_only to 2022-07-06T16:09:10.968781+00:00, run_after=2022-07-06T20:09:10.968781+00:00
[2022-07-06 20:09:11,027] {processor.py:161} INFO - Processing /home/airflow/.local/lib/python3.7/site-packages/airflow/example_dags/example_latest_only.py took 0.303 seconds
[2022-07-06 20:09:41,794] {processor.py:153} INFO - Started process (PID=1515) to work on /home/airflow/.local/lib/python3.7/site-packages/airflow/example_dags/example_latest_only.py
[2022-07-06 20:09:41,794] {processor.py:641} INFO - Processing file /home/airflow/.local/lib/python3.7/site-packages/airflow/example_dags/example_latest_only.py for tasks to queue
[2022-07-06 20:09:41,795] {logging_mixin.py:115} INFO - [2022-07-06 20:09:41,795] {dagbag.py:507} INFO - Filling up the DagBag from /home/airflow/.local/lib/python3.7/site-packages/airflow/example_dags/example_latest_only.py
[2022-07-06 20:09:41,802] {processor.py:651} INFO - DAG(s) dict_keys(['latest_only']) retrieved from /home/airflow/.local/lib/python3.7/site-packages/airflow/example_dags/example_latest_only.py
[2022-07-06 20:09:41,833] {logging_mixin.py:115} INFO - [2022-07-06 20:09:41,833] {dag.py:2379} INFO - Sync 1 DAGs
[2022-07-06 20:09:41,865] {logging_mixin.py:115} INFO - [2022-07-06 20:09:41,865] {dag.py:2931} INFO - Setting next_dagrun for latest_only to 2022-07-06T16:09:41.864781+00:00, run_after=2022-07-06T20:09:41.864781+00:00
[2022-07-06 20:09:41,890] {processor.py:161} INFO - Processing /home/airflow/.local/lib/python3.7/site-packages/airflow/example_dags/example_latest_only.py took 0.100 seconds
[2022-07-06 20:10:12,958] {processor.py:153} INFO - Started process (PID=1567) to work on /home/airflow/.local/lib/python3.7/site-packages/airflow/example_dags/example_latest_only.py
[2022-07-06 20:10:12,993] {processor.py:641} INFO - Processing file /home/airflow/.local/lib/python3.7/site-packages/airflow/example_dags/example_latest_only.py for tasks to queue
[2022-07-06 20:10:12,993] {logging_mixin.py:115} INFO - [2022-07-06 20:10:12,993] {dagbag.py:507} INFO - Filling up the DagBag from /home/airflow/.local/lib/python3.7/site-packages/airflow/example_dags/example_latest_only.py
[2022-07-06 20:10:13,000] {processor.py:651} INFO - DAG(s) dict_keys(['latest_only']) retrieved from /home/airflow/.local/lib/python3.7/site-packages/airflow/example_dags/example_latest_only.py
[2022-07-06 20:10:13,036] {logging_mixin.py:115} INFO - [2022-07-06 20:10:13,036] {dag.py:2379} INFO - Sync 1 DAGs
[2022-07-06 20:10:13,068] {logging_mixin.py:115} INFO - [2022-07-06 20:10:13,068] {dag.py:2931} INFO - Setting next_dagrun for latest_only to 2022-07-06T16:10:13.068132+00:00, run_after=2022-07-06T20:10:13.068132+00:00
[2022-07-06 20:10:13,097] {processor.py:161} INFO - Processing /home/airflow/.local/lib/python3.7/site-packages/airflow/example_dags/example_latest_only.py took 0.152 seconds
[2022-07-06 20:10:43,960] {processor.py:153} INFO - Started process (PID=1628) to work on /home/airflow/.local/lib/python3.7/site-packages/airflow/example_dags/example_latest_only.py
[2022-07-06 20:10:43,960] {processor.py:641} INFO - Processing file /home/airflow/.local/lib/python3.7/site-packages/airflow/example_dags/example_latest_only.py for tasks to queue
[2022-07-06 20:10:43,961] {logging_mixin.py:115} INFO - [2022-07-06 20:10:43,961] {dagbag.py:507} INFO - Filling up the DagBag from /home/airflow/.local/lib/python3.7/site-packages/airflow/example_dags/example_latest_only.py
[2022-07-06 20:10:43,969] {processor.py:651} INFO - DAG(s) dict_keys(['latest_only']) retrieved from /home/airflow/.local/lib/python3.7/site-packages/airflow/example_dags/example_latest_only.py
[2022-07-06 20:10:44,006] {logging_mixin.py:115} INFO - [2022-07-06 20:10:44,005] {dag.py:2379} INFO - Sync 1 DAGs
[2022-07-06 20:10:44,045] {logging_mixin.py:115} INFO - [2022-07-06 20:10:44,045] {dag.py:2931} INFO - Setting next_dagrun for latest_only to 2022-07-06T16:10:44.044943+00:00, run_after=2022-07-06T20:10:44.044943+00:00
[2022-07-06 20:10:44,071] {processor.py:161} INFO - Processing /home/airflow/.local/lib/python3.7/site-packages/airflow/example_dags/example_latest_only.py took 0.116 seconds
[2022-07-06 20:11:14,513] {processor.py:153} INFO - Started process (PID=1680) to work on /home/airflow/.local/lib/python3.7/site-packages/airflow/example_dags/example_latest_only.py
[2022-07-06 20:11:14,514] {processor.py:641} INFO - Processing file /home/airflow/.local/lib/python3.7/site-packages/airflow/example_dags/example_latest_only.py for tasks to queue
[2022-07-06 20:11:14,514] {logging_mixin.py:115} INFO - [2022-07-06 20:11:14,514] {dagbag.py:507} INFO - Filling up the DagBag from /home/airflow/.local/lib/python3.7/site-packages/airflow/example_dags/example_latest_only.py
[2022-07-06 20:11:14,520] {processor.py:651} INFO - DAG(s) dict_keys(['latest_only']) retrieved from /home/airflow/.local/lib/python3.7/site-packages/airflow/example_dags/example_latest_only.py
[2022-07-06 20:11:14,555] {logging_mixin.py:115} INFO - [2022-07-06 20:11:14,555] {dag.py:2379} INFO - Sync 1 DAGs
[2022-07-06 20:11:14,588] {logging_mixin.py:115} INFO - [2022-07-06 20:11:14,588] {dag.py:2931} INFO - Setting next_dagrun for latest_only to 2022-07-06T16:11:14.587833+00:00, run_after=2022-07-06T20:11:14.587833+00:00
[2022-07-06 20:11:14,625] {processor.py:161} INFO - Processing /home/airflow/.local/lib/python3.7/site-packages/airflow/example_dags/example_latest_only.py took 0.116 seconds
[2022-07-06 20:11:45,352] {processor.py:153} INFO - Started process (PID=1741) to work on /home/airflow/.local/lib/python3.7/site-packages/airflow/example_dags/example_latest_only.py
[2022-07-06 20:11:45,479] {processor.py:641} INFO - Processing file /home/airflow/.local/lib/python3.7/site-packages/airflow/example_dags/example_latest_only.py for tasks to queue
[2022-07-06 20:11:45,523] {logging_mixin.py:115} INFO - [2022-07-06 20:11:45,523] {dagbag.py:507} INFO - Filling up the DagBag from /home/airflow/.local/lib/python3.7/site-packages/airflow/example_dags/example_latest_only.py
[2022-07-06 20:11:45,531] {processor.py:651} INFO - DAG(s) dict_keys(['latest_only']) retrieved from /home/airflow/.local/lib/python3.7/site-packages/airflow/example_dags/example_latest_only.py
[2022-07-06 20:11:45,584] {logging_mixin.py:115} INFO - [2022-07-06 20:11:45,584] {dag.py:2379} INFO - Sync 1 DAGs
[2022-07-06 20:11:45,644] {logging_mixin.py:115} INFO - [2022-07-06 20:11:45,643] {dag.py:2931} INFO - Setting next_dagrun for latest_only to 2022-07-06T16:11:45.643358+00:00, run_after=2022-07-06T20:11:45.643358+00:00
[2022-07-06 20:11:45,722] {processor.py:161} INFO - Processing /home/airflow/.local/lib/python3.7/site-packages/airflow/example_dags/example_latest_only.py took 0.375 seconds
[2022-07-06 20:12:15,816] {processor.py:153} INFO - Started process (PID=1793) to work on /home/airflow/.local/lib/python3.7/site-packages/airflow/example_dags/example_latest_only.py
[2022-07-06 20:12:15,818] {processor.py:641} INFO - Processing file /home/airflow/.local/lib/python3.7/site-packages/airflow/example_dags/example_latest_only.py for tasks to queue
[2022-07-06 20:12:15,820] {logging_mixin.py:115} INFO - [2022-07-06 20:12:15,820] {dagbag.py:507} INFO - Filling up the DagBag from /home/airflow/.local/lib/python3.7/site-packages/airflow/example_dags/example_latest_only.py
[2022-07-06 20:12:15,835] {processor.py:651} INFO - DAG(s) dict_keys(['latest_only']) retrieved from /home/airflow/.local/lib/python3.7/site-packages/airflow/example_dags/example_latest_only.py
[2022-07-06 20:12:15,878] {logging_mixin.py:115} INFO - [2022-07-06 20:12:15,878] {dag.py:2379} INFO - Sync 1 DAGs
[2022-07-06 20:12:15,920] {logging_mixin.py:115} INFO - [2022-07-06 20:12:15,920] {dag.py:2931} INFO - Setting next_dagrun for latest_only to 2022-07-06T16:12:15.919570+00:00, run_after=2022-07-06T20:12:15.919570+00:00
[2022-07-06 20:12:15,996] {processor.py:161} INFO - Processing /home/airflow/.local/lib/python3.7/site-packages/airflow/example_dags/example_latest_only.py took 0.207 seconds
[2022-07-06 20:12:46,625] {processor.py:153} INFO - Started process (PID=1843) to work on /home/airflow/.local/lib/python3.7/site-packages/airflow/example_dags/example_latest_only.py
[2022-07-06 20:12:46,625] {processor.py:641} INFO - Processing file /home/airflow/.local/lib/python3.7/site-packages/airflow/example_dags/example_latest_only.py for tasks to queue
[2022-07-06 20:12:46,626] {logging_mixin.py:115} INFO - [2022-07-06 20:12:46,626] {dagbag.py:507} INFO - Filling up the DagBag from /home/airflow/.local/lib/python3.7/site-packages/airflow/example_dags/example_latest_only.py
[2022-07-06 20:12:46,633] {processor.py:651} INFO - DAG(s) dict_keys(['latest_only']) retrieved from /home/airflow/.local/lib/python3.7/site-packages/airflow/example_dags/example_latest_only.py
[2022-07-06 20:12:46,662] {logging_mixin.py:115} INFO - [2022-07-06 20:12:46,662] {dag.py:2379} INFO - Sync 1 DAGs
[2022-07-06 20:12:46,694] {logging_mixin.py:115} INFO - [2022-07-06 20:12:46,693] {dag.py:2931} INFO - Setting next_dagrun for latest_only to 2022-07-06T16:12:46.693570+00:00, run_after=2022-07-06T20:12:46.693570+00:00
[2022-07-06 20:12:46,728] {processor.py:161} INFO - Processing /home/airflow/.local/lib/python3.7/site-packages/airflow/example_dags/example_latest_only.py took 0.107 seconds
[2022-07-06 20:13:17,659] {processor.py:153} INFO - Started process (PID=1901) to work on /home/airflow/.local/lib/python3.7/site-packages/airflow/example_dags/example_latest_only.py
[2022-07-06 20:13:17,660] {processor.py:641} INFO - Processing file /home/airflow/.local/lib/python3.7/site-packages/airflow/example_dags/example_latest_only.py for tasks to queue
[2022-07-06 20:13:17,660] {logging_mixin.py:115} INFO - [2022-07-06 20:13:17,660] {dagbag.py:507} INFO - Filling up the DagBag from /home/airflow/.local/lib/python3.7/site-packages/airflow/example_dags/example_latest_only.py
[2022-07-06 20:13:17,668] {processor.py:651} INFO - DAG(s) dict_keys(['latest_only']) retrieved from /home/airflow/.local/lib/python3.7/site-packages/airflow/example_dags/example_latest_only.py
[2022-07-06 20:13:17,702] {logging_mixin.py:115} INFO - [2022-07-06 20:13:17,702] {dag.py:2379} INFO - Sync 1 DAGs
[2022-07-06 20:13:17,742] {logging_mixin.py:115} INFO - [2022-07-06 20:13:17,742] {dag.py:2931} INFO - Setting next_dagrun for latest_only to 2022-07-06T16:13:17.741768+00:00, run_after=2022-07-06T20:13:17.741768+00:00
[2022-07-06 20:13:17,770] {processor.py:161} INFO - Processing /home/airflow/.local/lib/python3.7/site-packages/airflow/example_dags/example_latest_only.py took 0.116 seconds
[2022-07-06 20:14:44,792] {processor.py:153} INFO - Started process (PID=2004) to work on /home/airflow/.local/lib/python3.7/site-packages/airflow/example_dags/example_latest_only.py
[2022-07-06 20:14:44,832] {processor.py:641} INFO - Processing file /home/airflow/.local/lib/python3.7/site-packages/airflow/example_dags/example_latest_only.py for tasks to queue
[2022-07-06 20:14:44,835] {logging_mixin.py:115} INFO - [2022-07-06 20:14:44,835] {dagbag.py:507} INFO - Filling up the DagBag from /home/airflow/.local/lib/python3.7/site-packages/airflow/example_dags/example_latest_only.py
[2022-07-06 20:14:44,866] {processor.py:651} INFO - DAG(s) dict_keys(['latest_only']) retrieved from /home/airflow/.local/lib/python3.7/site-packages/airflow/example_dags/example_latest_only.py
[2022-07-06 20:14:44,942] {logging_mixin.py:115} INFO - [2022-07-06 20:14:44,942] {dag.py:2379} INFO - Sync 1 DAGs
[2022-07-06 20:14:45,000] {logging_mixin.py:115} INFO - [2022-07-06 20:14:45,000] {dag.py:2931} INFO - Setting next_dagrun for latest_only to 2022-07-06T16:14:44.999683+00:00, run_after=2022-07-06T20:14:44.999683+00:00
[2022-07-06 20:14:45,095] {processor.py:161} INFO - Processing /home/airflow/.local/lib/python3.7/site-packages/airflow/example_dags/example_latest_only.py took 0.307 seconds
[2022-07-06 20:15:23,268] {processor.py:153} INFO - Started process (PID=2064) to work on /home/airflow/.local/lib/python3.7/site-packages/airflow/example_dags/example_latest_only.py
[2022-07-06 20:15:23,301] {processor.py:641} INFO - Processing file /home/airflow/.local/lib/python3.7/site-packages/airflow/example_dags/example_latest_only.py for tasks to queue
[2022-07-06 20:15:23,302] {logging_mixin.py:115} INFO - [2022-07-06 20:15:23,302] {dagbag.py:507} INFO - Filling up the DagBag from /home/airflow/.local/lib/python3.7/site-packages/airflow/example_dags/example_latest_only.py
[2022-07-06 20:15:23,308] {processor.py:651} INFO - DAG(s) dict_keys(['latest_only']) retrieved from /home/airflow/.local/lib/python3.7/site-packages/airflow/example_dags/example_latest_only.py
[2022-07-06 20:15:23,337] {logging_mixin.py:115} INFO - [2022-07-06 20:15:23,337] {dag.py:2379} INFO - Sync 1 DAGs
[2022-07-06 20:15:23,371] {logging_mixin.py:115} INFO - [2022-07-06 20:15:23,371] {dag.py:2931} INFO - Setting next_dagrun for latest_only to 2022-07-06T16:15:23.371260+00:00, run_after=2022-07-06T20:15:23.371260+00:00
[2022-07-06 20:15:23,417] {processor.py:161} INFO - Processing /home/airflow/.local/lib/python3.7/site-packages/airflow/example_dags/example_latest_only.py took 0.153 seconds
[2022-07-06 20:16:12,912] {processor.py:153} INFO - Started process (PID=2136) to work on /home/airflow/.local/lib/python3.7/site-packages/airflow/example_dags/example_latest_only.py
[2022-07-06 20:16:12,917] {processor.py:641} INFO - Processing file /home/airflow/.local/lib/python3.7/site-packages/airflow/example_dags/example_latest_only.py for tasks to queue
[2022-07-06 20:16:12,919] {logging_mixin.py:115} INFO - [2022-07-06 20:16:12,919] {dagbag.py:507} INFO - Filling up the DagBag from /home/airflow/.local/lib/python3.7/site-packages/airflow/example_dags/example_latest_only.py
[2022-07-06 20:16:12,933] {processor.py:651} INFO - DAG(s) dict_keys(['latest_only']) retrieved from /home/airflow/.local/lib/python3.7/site-packages/airflow/example_dags/example_latest_only.py
[2022-07-06 20:16:12,989] {logging_mixin.py:115} INFO - [2022-07-06 20:16:12,989] {dag.py:2379} INFO - Sync 1 DAGs
[2022-07-06 20:16:13,033] {logging_mixin.py:115} INFO - [2022-07-06 20:16:13,033] {dag.py:2931} INFO - Setting next_dagrun for latest_only to 2022-07-06T16:16:13.033083+00:00, run_after=2022-07-06T20:16:13.033083+00:00
[2022-07-06 20:16:13,066] {processor.py:161} INFO - Processing /home/airflow/.local/lib/python3.7/site-packages/airflow/example_dags/example_latest_only.py took 0.167 seconds
[2022-07-06 20:16:43,839] {processor.py:153} INFO - Started process (PID=2187) to work on /home/airflow/.local/lib/python3.7/site-packages/airflow/example_dags/example_latest_only.py
[2022-07-06 20:16:43,839] {processor.py:641} INFO - Processing file /home/airflow/.local/lib/python3.7/site-packages/airflow/example_dags/example_latest_only.py for tasks to queue
[2022-07-06 20:16:43,840] {logging_mixin.py:115} INFO - [2022-07-06 20:16:43,840] {dagbag.py:507} INFO - Filling up the DagBag from /home/airflow/.local/lib/python3.7/site-packages/airflow/example_dags/example_latest_only.py
[2022-07-06 20:16:43,846] {processor.py:651} INFO - DAG(s) dict_keys(['latest_only']) retrieved from /home/airflow/.local/lib/python3.7/site-packages/airflow/example_dags/example_latest_only.py
[2022-07-06 20:16:43,880] {logging_mixin.py:115} INFO - [2022-07-06 20:16:43,880] {dag.py:2379} INFO - Sync 1 DAGs
[2022-07-06 20:16:43,925] {logging_mixin.py:115} INFO - [2022-07-06 20:16:43,924] {dag.py:2931} INFO - Setting next_dagrun for latest_only to 2022-07-06T16:16:43.924517+00:00, run_after=2022-07-06T20:16:43.924517+00:00
[2022-07-06 20:16:44,013] {processor.py:161} INFO - Processing /home/airflow/.local/lib/python3.7/site-packages/airflow/example_dags/example_latest_only.py took 0.178 seconds
[2022-07-06 20:17:14,804] {processor.py:153} INFO - Started process (PID=2248) to work on /home/airflow/.local/lib/python3.7/site-packages/airflow/example_dags/example_latest_only.py
[2022-07-06 20:17:14,805] {processor.py:641} INFO - Processing file /home/airflow/.local/lib/python3.7/site-packages/airflow/example_dags/example_latest_only.py for tasks to queue
[2022-07-06 20:17:14,806] {logging_mixin.py:115} INFO - [2022-07-06 20:17:14,806] {dagbag.py:507} INFO - Filling up the DagBag from /home/airflow/.local/lib/python3.7/site-packages/airflow/example_dags/example_latest_only.py
[2022-07-06 20:17:14,813] {processor.py:651} INFO - DAG(s) dict_keys(['latest_only']) retrieved from /home/airflow/.local/lib/python3.7/site-packages/airflow/example_dags/example_latest_only.py
[2022-07-06 20:17:14,853] {logging_mixin.py:115} INFO - [2022-07-06 20:17:14,852] {dag.py:2379} INFO - Sync 1 DAGs
[2022-07-06 20:17:14,889] {logging_mixin.py:115} INFO - [2022-07-06 20:17:14,889] {dag.py:2931} INFO - Setting next_dagrun for latest_only to 2022-07-06T16:17:14.888678+00:00, run_after=2022-07-06T20:17:14.888678+00:00
[2022-07-06 20:17:14,919] {processor.py:161} INFO - Processing /home/airflow/.local/lib/python3.7/site-packages/airflow/example_dags/example_latest_only.py took 0.119 seconds
[2022-07-06 20:17:45,261] {processor.py:153} INFO - Started process (PID=2300) to work on /home/airflow/.local/lib/python3.7/site-packages/airflow/example_dags/example_latest_only.py
[2022-07-06 20:17:45,262] {processor.py:641} INFO - Processing file /home/airflow/.local/lib/python3.7/site-packages/airflow/example_dags/example_latest_only.py for tasks to queue
[2022-07-06 20:17:45,263] {logging_mixin.py:115} INFO - [2022-07-06 20:17:45,262] {dagbag.py:507} INFO - Filling up the DagBag from /home/airflow/.local/lib/python3.7/site-packages/airflow/example_dags/example_latest_only.py
[2022-07-06 20:17:45,270] {processor.py:651} INFO - DAG(s) dict_keys(['latest_only']) retrieved from /home/airflow/.local/lib/python3.7/site-packages/airflow/example_dags/example_latest_only.py
[2022-07-06 20:17:45,308] {logging_mixin.py:115} INFO - [2022-07-06 20:17:45,308] {dag.py:2379} INFO - Sync 1 DAGs
[2022-07-06 20:17:45,369] {logging_mixin.py:115} INFO - [2022-07-06 20:17:45,368] {dag.py:2931} INFO - Setting next_dagrun for latest_only to 2022-07-06T16:17:45.368498+00:00, run_after=2022-07-06T20:17:45.368498+00:00
[2022-07-06 20:17:45,652] {processor.py:161} INFO - Processing /home/airflow/.local/lib/python3.7/site-packages/airflow/example_dags/example_latest_only.py took 0.396 seconds
[2022-07-06 20:18:16,763] {processor.py:153} INFO - Started process (PID=2361) to work on /home/airflow/.local/lib/python3.7/site-packages/airflow/example_dags/example_latest_only.py
[2022-07-06 20:18:16,781] {processor.py:641} INFO - Processing file /home/airflow/.local/lib/python3.7/site-packages/airflow/example_dags/example_latest_only.py for tasks to queue
[2022-07-06 20:18:16,782] {logging_mixin.py:115} INFO - [2022-07-06 20:18:16,782] {dagbag.py:507} INFO - Filling up the DagBag from /home/airflow/.local/lib/python3.7/site-packages/airflow/example_dags/example_latest_only.py
[2022-07-06 20:18:16,796] {processor.py:651} INFO - DAG(s) dict_keys(['latest_only']) retrieved from /home/airflow/.local/lib/python3.7/site-packages/airflow/example_dags/example_latest_only.py
[2022-07-06 20:18:16,856] {logging_mixin.py:115} INFO - [2022-07-06 20:18:16,856] {dag.py:2379} INFO - Sync 1 DAGs
[2022-07-06 20:18:16,907] {logging_mixin.py:115} INFO - [2022-07-06 20:18:16,907] {dag.py:2931} INFO - Setting next_dagrun for latest_only to 2022-07-06T16:18:16.907105+00:00, run_after=2022-07-06T20:18:16.907105+00:00
[2022-07-06 20:18:16,948] {processor.py:161} INFO - Processing /home/airflow/.local/lib/python3.7/site-packages/airflow/example_dags/example_latest_only.py took 0.193 seconds
[2022-07-06 20:18:47,813] {processor.py:153} INFO - Started process (PID=2415) to work on /home/airflow/.local/lib/python3.7/site-packages/airflow/example_dags/example_latest_only.py
[2022-07-06 20:18:47,814] {processor.py:641} INFO - Processing file /home/airflow/.local/lib/python3.7/site-packages/airflow/example_dags/example_latest_only.py for tasks to queue
[2022-07-06 20:18:47,814] {logging_mixin.py:115} INFO - [2022-07-06 20:18:47,814] {dagbag.py:507} INFO - Filling up the DagBag from /home/airflow/.local/lib/python3.7/site-packages/airflow/example_dags/example_latest_only.py
[2022-07-06 20:18:47,820] {processor.py:651} INFO - DAG(s) dict_keys(['latest_only']) retrieved from /home/airflow/.local/lib/python3.7/site-packages/airflow/example_dags/example_latest_only.py
[2022-07-06 20:18:47,857] {logging_mixin.py:115} INFO - [2022-07-06 20:18:47,857] {dag.py:2379} INFO - Sync 1 DAGs
[2022-07-06 20:18:47,890] {logging_mixin.py:115} INFO - [2022-07-06 20:18:47,890] {dag.py:2931} INFO - Setting next_dagrun for latest_only to 2022-07-06T16:18:47.889751+00:00, run_after=2022-07-06T20:18:47.889751+00:00
[2022-07-06 20:18:47,930] {processor.py:161} INFO - Processing /home/airflow/.local/lib/python3.7/site-packages/airflow/example_dags/example_latest_only.py took 0.121 seconds
[2022-07-06 20:19:18,879] {processor.py:153} INFO - Started process (PID=2476) to work on /home/airflow/.local/lib/python3.7/site-packages/airflow/example_dags/example_latest_only.py
[2022-07-06 20:19:18,898] {processor.py:641} INFO - Processing file /home/airflow/.local/lib/python3.7/site-packages/airflow/example_dags/example_latest_only.py for tasks to queue
[2022-07-06 20:19:18,899] {logging_mixin.py:115} INFO - [2022-07-06 20:19:18,899] {dagbag.py:507} INFO - Filling up the DagBag from /home/airflow/.local/lib/python3.7/site-packages/airflow/example_dags/example_latest_only.py
[2022-07-06 20:19:18,911] {processor.py:651} INFO - DAG(s) dict_keys(['latest_only']) retrieved from /home/airflow/.local/lib/python3.7/site-packages/airflow/example_dags/example_latest_only.py
[2022-07-06 20:19:18,956] {logging_mixin.py:115} INFO - [2022-07-06 20:19:18,956] {dag.py:2379} INFO - Sync 1 DAGs
[2022-07-06 20:19:19,003] {logging_mixin.py:115} INFO - [2022-07-06 20:19:19,002] {dag.py:2931} INFO - Setting next_dagrun for latest_only to 2022-07-06T16:19:19.002368+00:00, run_after=2022-07-06T20:19:19.002368+00:00
[2022-07-06 20:19:19,027] {processor.py:161} INFO - Processing /home/airflow/.local/lib/python3.7/site-packages/airflow/example_dags/example_latest_only.py took 0.153 seconds
[2022-07-06 20:19:50,405] {processor.py:153} INFO - Started process (PID=2531) to work on /home/airflow/.local/lib/python3.7/site-packages/airflow/example_dags/example_latest_only.py
[2022-07-06 20:19:50,406] {processor.py:641} INFO - Processing file /home/airflow/.local/lib/python3.7/site-packages/airflow/example_dags/example_latest_only.py for tasks to queue
[2022-07-06 20:19:50,407] {logging_mixin.py:115} INFO - [2022-07-06 20:19:50,407] {dagbag.py:507} INFO - Filling up the DagBag from /home/airflow/.local/lib/python3.7/site-packages/airflow/example_dags/example_latest_only.py
[2022-07-06 20:19:50,416] {processor.py:651} INFO - DAG(s) dict_keys(['latest_only']) retrieved from /home/airflow/.local/lib/python3.7/site-packages/airflow/example_dags/example_latest_only.py
[2022-07-06 20:19:50,455] {logging_mixin.py:115} INFO - [2022-07-06 20:19:50,455] {dag.py:2379} INFO - Sync 1 DAGs
[2022-07-06 20:19:50,487] {logging_mixin.py:115} INFO - [2022-07-06 20:19:50,487] {dag.py:2931} INFO - Setting next_dagrun for latest_only to 2022-07-06T16:19:50.486926+00:00, run_after=2022-07-06T20:19:50.486926+00:00
[2022-07-06 20:19:50,508] {processor.py:161} INFO - Processing /home/airflow/.local/lib/python3.7/site-packages/airflow/example_dags/example_latest_only.py took 0.108 seconds
[2022-07-06 20:20:24,657] {processor.py:153} INFO - Started process (PID=2597) to work on /home/airflow/.local/lib/python3.7/site-packages/airflow/example_dags/example_latest_only.py
[2022-07-06 20:20:24,677] {processor.py:641} INFO - Processing file /home/airflow/.local/lib/python3.7/site-packages/airflow/example_dags/example_latest_only.py for tasks to queue
[2022-07-06 20:20:24,678] {logging_mixin.py:115} INFO - [2022-07-06 20:20:24,678] {dagbag.py:507} INFO - Filling up the DagBag from /home/airflow/.local/lib/python3.7/site-packages/airflow/example_dags/example_latest_only.py
[2022-07-06 20:20:24,688] {processor.py:651} INFO - DAG(s) dict_keys(['latest_only']) retrieved from /home/airflow/.local/lib/python3.7/site-packages/airflow/example_dags/example_latest_only.py
[2022-07-06 20:20:24,752] {logging_mixin.py:115} INFO - [2022-07-06 20:20:24,752] {dag.py:2379} INFO - Sync 1 DAGs
[2022-07-06 20:20:24,814] {logging_mixin.py:115} INFO - [2022-07-06 20:20:24,814] {dag.py:2931} INFO - Setting next_dagrun for latest_only to 2022-07-06T16:20:24.813787+00:00, run_after=2022-07-06T20:20:24.813787+00:00
[2022-07-06 20:20:24,850] {processor.py:161} INFO - Processing /home/airflow/.local/lib/python3.7/site-packages/airflow/example_dags/example_latest_only.py took 0.207 seconds
[2022-07-06 20:20:55,696] {processor.py:153} INFO - Started process (PID=2650) to work on /home/airflow/.local/lib/python3.7/site-packages/airflow/example_dags/example_latest_only.py
[2022-07-06 20:20:55,697] {processor.py:641} INFO - Processing file /home/airflow/.local/lib/python3.7/site-packages/airflow/example_dags/example_latest_only.py for tasks to queue
[2022-07-06 20:20:55,697] {logging_mixin.py:115} INFO - [2022-07-06 20:20:55,697] {dagbag.py:507} INFO - Filling up the DagBag from /home/airflow/.local/lib/python3.7/site-packages/airflow/example_dags/example_latest_only.py
[2022-07-06 20:20:55,704] {processor.py:651} INFO - DAG(s) dict_keys(['latest_only']) retrieved from /home/airflow/.local/lib/python3.7/site-packages/airflow/example_dags/example_latest_only.py
[2022-07-06 20:20:55,740] {logging_mixin.py:115} INFO - [2022-07-06 20:20:55,739] {dag.py:2379} INFO - Sync 1 DAGs
[2022-07-06 20:20:55,773] {logging_mixin.py:115} INFO - [2022-07-06 20:20:55,773] {dag.py:2931} INFO - Setting next_dagrun for latest_only to 2022-07-06T16:20:55.773032+00:00, run_after=2022-07-06T20:20:55.773032+00:00
[2022-07-06 20:20:55,800] {processor.py:161} INFO - Processing /home/airflow/.local/lib/python3.7/site-packages/airflow/example_dags/example_latest_only.py took 0.108 seconds
[2022-07-06 20:21:26,893] {processor.py:153} INFO - Started process (PID=2702) to work on /home/airflow/.local/lib/python3.7/site-packages/airflow/example_dags/example_latest_only.py
[2022-07-06 20:21:26,908] {processor.py:641} INFO - Processing file /home/airflow/.local/lib/python3.7/site-packages/airflow/example_dags/example_latest_only.py for tasks to queue
[2022-07-06 20:21:26,909] {logging_mixin.py:115} INFO - [2022-07-06 20:21:26,909] {dagbag.py:507} INFO - Filling up the DagBag from /home/airflow/.local/lib/python3.7/site-packages/airflow/example_dags/example_latest_only.py
[2022-07-06 20:21:26,917] {processor.py:651} INFO - DAG(s) dict_keys(['latest_only']) retrieved from /home/airflow/.local/lib/python3.7/site-packages/airflow/example_dags/example_latest_only.py
[2022-07-06 20:21:26,955] {logging_mixin.py:115} INFO - [2022-07-06 20:21:26,955] {dag.py:2379} INFO - Sync 1 DAGs
[2022-07-06 20:21:26,992] {logging_mixin.py:115} INFO - [2022-07-06 20:21:26,992] {dag.py:2931} INFO - Setting next_dagrun for latest_only to 2022-07-06T16:21:26.992366+00:00, run_after=2022-07-06T20:21:26.992366+00:00
[2022-07-06 20:21:27,040] {processor.py:161} INFO - Processing /home/airflow/.local/lib/python3.7/site-packages/airflow/example_dags/example_latest_only.py took 0.152 seconds
[2022-07-06 20:21:58,105] {processor.py:153} INFO - Started process (PID=2761) to work on /home/airflow/.local/lib/python3.7/site-packages/airflow/example_dags/example_latest_only.py
[2022-07-06 20:21:58,105] {processor.py:641} INFO - Processing file /home/airflow/.local/lib/python3.7/site-packages/airflow/example_dags/example_latest_only.py for tasks to queue
[2022-07-06 20:21:58,106] {logging_mixin.py:115} INFO - [2022-07-06 20:21:58,106] {dagbag.py:507} INFO - Filling up the DagBag from /home/airflow/.local/lib/python3.7/site-packages/airflow/example_dags/example_latest_only.py
[2022-07-06 20:21:58,115] {processor.py:651} INFO - DAG(s) dict_keys(['latest_only']) retrieved from /home/airflow/.local/lib/python3.7/site-packages/airflow/example_dags/example_latest_only.py
[2022-07-06 20:21:58,152] {logging_mixin.py:115} INFO - [2022-07-06 20:21:58,152] {dag.py:2379} INFO - Sync 1 DAGs
[2022-07-06 20:21:58,197] {logging_mixin.py:115} INFO - [2022-07-06 20:21:58,197] {dag.py:2931} INFO - Setting next_dagrun for latest_only to 2022-07-06T16:21:58.197104+00:00, run_after=2022-07-06T20:21:58.197104+00:00
[2022-07-06 20:21:58,306] {processor.py:161} INFO - Processing /home/airflow/.local/lib/python3.7/site-packages/airflow/example_dags/example_latest_only.py took 0.207 seconds
[2022-07-06 20:22:36,072] {processor.py:153} INFO - Started process (PID=2812) to work on /home/airflow/.local/lib/python3.7/site-packages/airflow/example_dags/example_latest_only.py
[2022-07-06 20:22:36,072] {processor.py:641} INFO - Processing file /home/airflow/.local/lib/python3.7/site-packages/airflow/example_dags/example_latest_only.py for tasks to queue
[2022-07-06 20:22:36,073] {logging_mixin.py:115} INFO - [2022-07-06 20:22:36,073] {dagbag.py:507} INFO - Filling up the DagBag from /home/airflow/.local/lib/python3.7/site-packages/airflow/example_dags/example_latest_only.py
[2022-07-06 20:22:36,079] {processor.py:651} INFO - DAG(s) dict_keys(['latest_only']) retrieved from /home/airflow/.local/lib/python3.7/site-packages/airflow/example_dags/example_latest_only.py
[2022-07-06 20:22:36,112] {logging_mixin.py:115} INFO - [2022-07-06 20:22:36,112] {dag.py:2379} INFO - Sync 1 DAGs
[2022-07-06 20:22:36,143] {logging_mixin.py:115} INFO - [2022-07-06 20:22:36,143] {dag.py:2931} INFO - Setting next_dagrun for latest_only to 2022-07-06T16:22:36.143253+00:00, run_after=2022-07-06T20:22:36.143253+00:00
[2022-07-06 20:22:36,162] {processor.py:161} INFO - Processing /home/airflow/.local/lib/python3.7/site-packages/airflow/example_dags/example_latest_only.py took 0.094 seconds
[2022-07-06 20:23:07,347] {processor.py:153} INFO - Started process (PID=2863) to work on /home/airflow/.local/lib/python3.7/site-packages/airflow/example_dags/example_latest_only.py
[2022-07-06 20:23:07,349] {processor.py:641} INFO - Processing file /home/airflow/.local/lib/python3.7/site-packages/airflow/example_dags/example_latest_only.py for tasks to queue
[2022-07-06 20:23:07,350] {logging_mixin.py:115} INFO - [2022-07-06 20:23:07,350] {dagbag.py:507} INFO - Filling up the DagBag from /home/airflow/.local/lib/python3.7/site-packages/airflow/example_dags/example_latest_only.py
[2022-07-06 20:23:07,375] {processor.py:651} INFO - DAG(s) dict_keys(['latest_only']) retrieved from /home/airflow/.local/lib/python3.7/site-packages/airflow/example_dags/example_latest_only.py
[2022-07-06 20:23:07,490] {logging_mixin.py:115} INFO - [2022-07-06 20:23:07,490] {dag.py:2379} INFO - Sync 1 DAGs
[2022-07-06 20:23:07,591] {logging_mixin.py:115} INFO - [2022-07-06 20:23:07,591] {dag.py:2931} INFO - Setting next_dagrun for latest_only to 2022-07-06T16:23:07.591194+00:00, run_after=2022-07-06T20:23:07.591194+00:00
[2022-07-06 20:23:07,777] {processor.py:161} INFO - Processing /home/airflow/.local/lib/python3.7/site-packages/airflow/example_dags/example_latest_only.py took 0.435 seconds
[2022-07-06 20:23:37,872] {processor.py:153} INFO - Started process (PID=2923) to work on /home/airflow/.local/lib/python3.7/site-packages/airflow/example_dags/example_latest_only.py
[2022-07-06 20:23:37,872] {processor.py:641} INFO - Processing file /home/airflow/.local/lib/python3.7/site-packages/airflow/example_dags/example_latest_only.py for tasks to queue
[2022-07-06 20:23:37,873] {logging_mixin.py:115} INFO - [2022-07-06 20:23:37,873] {dagbag.py:507} INFO - Filling up the DagBag from /home/airflow/.local/lib/python3.7/site-packages/airflow/example_dags/example_latest_only.py
[2022-07-06 20:23:37,879] {processor.py:651} INFO - DAG(s) dict_keys(['latest_only']) retrieved from /home/airflow/.local/lib/python3.7/site-packages/airflow/example_dags/example_latest_only.py
[2022-07-06 20:23:37,914] {logging_mixin.py:115} INFO - [2022-07-06 20:23:37,913] {dag.py:2379} INFO - Sync 1 DAGs
[2022-07-06 20:23:37,957] {logging_mixin.py:115} INFO - [2022-07-06 20:23:37,956] {dag.py:2931} INFO - Setting next_dagrun for latest_only to 2022-07-06T16:23:37.956464+00:00, run_after=2022-07-06T20:23:37.956464+00:00
[2022-07-06 20:23:38,027] {processor.py:161} INFO - Processing /home/airflow/.local/lib/python3.7/site-packages/airflow/example_dags/example_latest_only.py took 0.159 seconds
[2022-07-06 20:24:09,781] {processor.py:153} INFO - Started process (PID=2975) to work on /home/airflow/.local/lib/python3.7/site-packages/airflow/example_dags/example_latest_only.py
[2022-07-06 20:24:09,792] {processor.py:641} INFO - Processing file /home/airflow/.local/lib/python3.7/site-packages/airflow/example_dags/example_latest_only.py for tasks to queue
[2022-07-06 20:24:09,793] {logging_mixin.py:115} INFO - [2022-07-06 20:24:09,793] {dagbag.py:507} INFO - Filling up the DagBag from /home/airflow/.local/lib/python3.7/site-packages/airflow/example_dags/example_latest_only.py
[2022-07-06 20:24:09,803] {processor.py:651} INFO - DAG(s) dict_keys(['latest_only']) retrieved from /home/airflow/.local/lib/python3.7/site-packages/airflow/example_dags/example_latest_only.py
[2022-07-06 20:24:09,853] {logging_mixin.py:115} INFO - [2022-07-06 20:24:09,853] {dag.py:2379} INFO - Sync 1 DAGs
[2022-07-06 20:24:09,906] {logging_mixin.py:115} INFO - [2022-07-06 20:24:09,905] {dag.py:2931} INFO - Setting next_dagrun for latest_only to 2022-07-06T16:24:09.905355+00:00, run_after=2022-07-06T20:24:09.905355+00:00
[2022-07-06 20:24:09,950] {processor.py:161} INFO - Processing /home/airflow/.local/lib/python3.7/site-packages/airflow/example_dags/example_latest_only.py took 0.174 seconds
[2022-07-06 20:24:43,254] {processor.py:153} INFO - Started process (PID=3041) to work on /home/airflow/.local/lib/python3.7/site-packages/airflow/example_dags/example_latest_only.py
[2022-07-06 20:24:43,269] {processor.py:641} INFO - Processing file /home/airflow/.local/lib/python3.7/site-packages/airflow/example_dags/example_latest_only.py for tasks to queue
[2022-07-06 20:24:43,270] {logging_mixin.py:115} INFO - [2022-07-06 20:24:43,270] {dagbag.py:507} INFO - Filling up the DagBag from /home/airflow/.local/lib/python3.7/site-packages/airflow/example_dags/example_latest_only.py
[2022-07-06 20:24:43,291] {processor.py:651} INFO - DAG(s) dict_keys(['latest_only']) retrieved from /home/airflow/.local/lib/python3.7/site-packages/airflow/example_dags/example_latest_only.py
[2022-07-06 20:24:43,491] {logging_mixin.py:115} INFO - [2022-07-06 20:24:43,490] {dag.py:2379} INFO - Sync 1 DAGs
[2022-07-06 20:24:43,617] {logging_mixin.py:115} INFO - [2022-07-06 20:24:43,617] {dag.py:2931} INFO - Setting next_dagrun for latest_only to 2022-07-06T16:24:43.616521+00:00, run_after=2022-07-06T20:24:43.616521+00:00
[2022-07-06 20:24:43,691] {processor.py:161} INFO - Processing /home/airflow/.local/lib/python3.7/site-packages/airflow/example_dags/example_latest_only.py took 0.444 seconds
[2022-07-06 20:25:14,020] {processor.py:153} INFO - Started process (PID=3093) to work on /home/airflow/.local/lib/python3.7/site-packages/airflow/example_dags/example_latest_only.py
[2022-07-06 20:25:14,020] {processor.py:641} INFO - Processing file /home/airflow/.local/lib/python3.7/site-packages/airflow/example_dags/example_latest_only.py for tasks to queue
[2022-07-06 20:25:14,021] {logging_mixin.py:115} INFO - [2022-07-06 20:25:14,021] {dagbag.py:507} INFO - Filling up the DagBag from /home/airflow/.local/lib/python3.7/site-packages/airflow/example_dags/example_latest_only.py
[2022-07-06 20:25:14,031] {processor.py:651} INFO - DAG(s) dict_keys(['latest_only']) retrieved from /home/airflow/.local/lib/python3.7/site-packages/airflow/example_dags/example_latest_only.py
[2022-07-06 20:25:14,086] {logging_mixin.py:115} INFO - [2022-07-06 20:25:14,086] {dag.py:2379} INFO - Sync 1 DAGs
[2022-07-06 20:25:14,140] {logging_mixin.py:115} INFO - [2022-07-06 20:25:14,140] {dag.py:2931} INFO - Setting next_dagrun for latest_only to 2022-07-06T16:25:14.139740+00:00, run_after=2022-07-06T20:25:14.139740+00:00
[2022-07-06 20:25:14,202] {processor.py:161} INFO - Processing /home/airflow/.local/lib/python3.7/site-packages/airflow/example_dags/example_latest_only.py took 0.188 seconds
[2022-07-06 20:25:44,778] {processor.py:153} INFO - Started process (PID=3156) to work on /home/airflow/.local/lib/python3.7/site-packages/airflow/example_dags/example_latest_only.py
[2022-07-06 20:25:44,801] {processor.py:641} INFO - Processing file /home/airflow/.local/lib/python3.7/site-packages/airflow/example_dags/example_latest_only.py for tasks to queue
[2022-07-06 20:25:44,802] {logging_mixin.py:115} INFO - [2022-07-06 20:25:44,802] {dagbag.py:507} INFO - Filling up the DagBag from /home/airflow/.local/lib/python3.7/site-packages/airflow/example_dags/example_latest_only.py
[2022-07-06 20:25:44,811] {processor.py:651} INFO - DAG(s) dict_keys(['latest_only']) retrieved from /home/airflow/.local/lib/python3.7/site-packages/airflow/example_dags/example_latest_only.py
[2022-07-06 20:25:44,853] {logging_mixin.py:115} INFO - [2022-07-06 20:25:44,853] {dag.py:2379} INFO - Sync 1 DAGs
[2022-07-06 20:25:44,884] {logging_mixin.py:115} INFO - [2022-07-06 20:25:44,884] {dag.py:2931} INFO - Setting next_dagrun for latest_only to 2022-07-06T16:25:44.883615+00:00, run_after=2022-07-06T20:25:44.883615+00:00
[2022-07-06 20:25:44,918] {processor.py:161} INFO - Processing /home/airflow/.local/lib/python3.7/site-packages/airflow/example_dags/example_latest_only.py took 0.146 seconds
[2022-07-06 20:26:16,186] {processor.py:153} INFO - Started process (PID=3207) to work on /home/airflow/.local/lib/python3.7/site-packages/airflow/example_dags/example_latest_only.py
[2022-07-06 20:26:16,187] {processor.py:641} INFO - Processing file /home/airflow/.local/lib/python3.7/site-packages/airflow/example_dags/example_latest_only.py for tasks to queue
[2022-07-06 20:26:16,188] {logging_mixin.py:115} INFO - [2022-07-06 20:26:16,188] {dagbag.py:507} INFO - Filling up the DagBag from /home/airflow/.local/lib/python3.7/site-packages/airflow/example_dags/example_latest_only.py
[2022-07-06 20:26:16,214] {processor.py:651} INFO - DAG(s) dict_keys(['latest_only']) retrieved from /home/airflow/.local/lib/python3.7/site-packages/airflow/example_dags/example_latest_only.py
[2022-07-06 20:26:16,314] {logging_mixin.py:115} INFO - [2022-07-06 20:26:16,314] {dag.py:2379} INFO - Sync 1 DAGs
[2022-07-06 20:26:16,587] {logging_mixin.py:115} INFO - [2022-07-06 20:26:16,586] {dag.py:2931} INFO - Setting next_dagrun for latest_only to 2022-07-06T16:26:16.586348+00:00, run_after=2022-07-06T20:26:16.586348+00:00
[2022-07-06 20:26:16,747] {processor.py:161} INFO - Processing /home/airflow/.local/lib/python3.7/site-packages/airflow/example_dags/example_latest_only.py took 0.587 seconds
[2022-07-06 20:26:47,670] {processor.py:153} INFO - Started process (PID=3270) to work on /home/airflow/.local/lib/python3.7/site-packages/airflow/example_dags/example_latest_only.py
[2022-07-06 20:26:47,689] {processor.py:641} INFO - Processing file /home/airflow/.local/lib/python3.7/site-packages/airflow/example_dags/example_latest_only.py for tasks to queue
[2022-07-06 20:26:47,692] {logging_mixin.py:115} INFO - [2022-07-06 20:26:47,692] {dagbag.py:507} INFO - Filling up the DagBag from /home/airflow/.local/lib/python3.7/site-packages/airflow/example_dags/example_latest_only.py
[2022-07-06 20:26:47,703] {processor.py:651} INFO - DAG(s) dict_keys(['latest_only']) retrieved from /home/airflow/.local/lib/python3.7/site-packages/airflow/example_dags/example_latest_only.py
[2022-07-06 20:26:47,766] {logging_mixin.py:115} INFO - [2022-07-06 20:26:47,766] {dag.py:2379} INFO - Sync 1 DAGs
[2022-07-06 20:26:47,836] {logging_mixin.py:115} INFO - [2022-07-06 20:26:47,836] {dag.py:2931} INFO - Setting next_dagrun for latest_only to 2022-07-06T16:26:47.835771+00:00, run_after=2022-07-06T20:26:47.835771+00:00
[2022-07-06 20:26:47,911] {processor.py:161} INFO - Processing /home/airflow/.local/lib/python3.7/site-packages/airflow/example_dags/example_latest_only.py took 0.246 seconds
