[2022-07-06 19:39:24,707] {processor.py:153} INFO - Started process (PID=168) to work on /home/airflow/.local/lib/python3.7/site-packages/airflow/example_dags/example_external_task_marker_dag.py
[2022-07-06 19:39:24,708] {processor.py:641} INFO - Processing file /home/airflow/.local/lib/python3.7/site-packages/airflow/example_dags/example_external_task_marker_dag.py for tasks to queue
[2022-07-06 19:39:24,708] {logging_mixin.py:115} INFO - [2022-07-06 19:39:24,708] {dagbag.py:507} INFO - Filling up the DagBag from /home/airflow/.local/lib/python3.7/site-packages/airflow/example_dags/example_external_task_marker_dag.py
[2022-07-06 19:39:25,030] {processor.py:651} INFO - DAG(s) dict_keys(['example_external_task_marker_parent', 'example_external_task_marker_child']) retrieved from /home/airflow/.local/lib/python3.7/site-packages/airflow/example_dags/example_external_task_marker_dag.py
[2022-07-06 19:39:26,922] {logging_mixin.py:115} INFO - [2022-07-06 19:39:26,922] {manager.py:508} INFO - Created Permission View: can delete on DAG:example_external_task_marker_parent
[2022-07-06 19:39:27,848] {logging_mixin.py:115} INFO - [2022-07-06 19:39:27,848] {manager.py:508} INFO - Created Permission View: can edit on DAG:example_external_task_marker_parent
[2022-07-06 19:39:28,527] {logging_mixin.py:115} INFO - [2022-07-06 19:39:28,526] {manager.py:508} INFO - Created Permission View: can read on DAG:example_external_task_marker_parent
[2022-07-06 19:39:29,676] {logging_mixin.py:115} INFO - [2022-07-06 19:39:29,675] {manager.py:508} INFO - Created Permission View: can delete on DAG:example_external_task_marker_child
[2022-07-06 19:39:30,448] {logging_mixin.py:115} INFO - [2022-07-06 19:39:30,447] {manager.py:508} INFO - Created Permission View: can edit on DAG:example_external_task_marker_child
[2022-07-06 19:39:31,223] {logging_mixin.py:115} INFO - [2022-07-06 19:39:31,223] {manager.py:508} INFO - Created Permission View: can read on DAG:example_external_task_marker_child
[2022-07-06 19:39:31,224] {logging_mixin.py:115} INFO - [2022-07-06 19:39:31,224] {dag.py:2379} INFO - Sync 2 DAGs
[2022-07-06 19:39:31,254] {logging_mixin.py:115} INFO - [2022-07-06 19:39:31,253] {dag.py:2398} INFO - Creating ORM DAG for example_external_task_marker_parent
[2022-07-06 19:39:31,255] {logging_mixin.py:115} INFO - [2022-07-06 19:39:31,255] {dag.py:2398} INFO - Creating ORM DAG for example_external_task_marker_child
[2022-07-06 19:39:31,273] {logging_mixin.py:115} INFO - [2022-07-06 19:39:31,273] {dag.py:2931} INFO - Setting next_dagrun for example_external_task_marker_child to None, run_after=None
[2022-07-06 19:39:31,274] {logging_mixin.py:115} INFO - [2022-07-06 19:39:31,274] {dag.py:2931} INFO - Setting next_dagrun for example_external_task_marker_parent to None, run_after=None
[2022-07-06 19:39:32,116] {processor.py:161} INFO - Processing /home/airflow/.local/lib/python3.7/site-packages/airflow/example_dags/example_external_task_marker_dag.py took 7.413 seconds
[2022-07-06 19:40:02,687] {processor.py:153} INFO - Started process (PID=210) to work on /home/airflow/.local/lib/python3.7/site-packages/airflow/example_dags/example_external_task_marker_dag.py
[2022-07-06 19:40:02,763] {processor.py:641} INFO - Processing file /home/airflow/.local/lib/python3.7/site-packages/airflow/example_dags/example_external_task_marker_dag.py for tasks to queue
[2022-07-06 19:40:02,765] {logging_mixin.py:115} INFO - [2022-07-06 19:40:02,764] {dagbag.py:507} INFO - Filling up the DagBag from /home/airflow/.local/lib/python3.7/site-packages/airflow/example_dags/example_external_task_marker_dag.py
[2022-07-06 19:40:02,778] {processor.py:651} INFO - DAG(s) dict_keys(['example_external_task_marker_parent', 'example_external_task_marker_child']) retrieved from /home/airflow/.local/lib/python3.7/site-packages/airflow/example_dags/example_external_task_marker_dag.py
[2022-07-06 19:40:02,882] {logging_mixin.py:115} INFO - [2022-07-06 19:40:02,882] {dag.py:2379} INFO - Sync 2 DAGs
[2022-07-06 19:40:02,934] {logging_mixin.py:115} INFO - [2022-07-06 19:40:02,934] {dag.py:2931} INFO - Setting next_dagrun for example_external_task_marker_child to None, run_after=None
[2022-07-06 19:40:02,935] {logging_mixin.py:115} INFO - [2022-07-06 19:40:02,935] {dag.py:2931} INFO - Setting next_dagrun for example_external_task_marker_parent to None, run_after=None
[2022-07-06 19:40:03,147] {processor.py:161} INFO - Processing /home/airflow/.local/lib/python3.7/site-packages/airflow/example_dags/example_external_task_marker_dag.py took 0.469 seconds
[2022-07-06 19:40:33,680] {processor.py:153} INFO - Started process (PID=271) to work on /home/airflow/.local/lib/python3.7/site-packages/airflow/example_dags/example_external_task_marker_dag.py
[2022-07-06 19:40:33,681] {processor.py:641} INFO - Processing file /home/airflow/.local/lib/python3.7/site-packages/airflow/example_dags/example_external_task_marker_dag.py for tasks to queue
[2022-07-06 19:40:33,682] {logging_mixin.py:115} INFO - [2022-07-06 19:40:33,682] {dagbag.py:507} INFO - Filling up the DagBag from /home/airflow/.local/lib/python3.7/site-packages/airflow/example_dags/example_external_task_marker_dag.py
[2022-07-06 19:40:33,688] {processor.py:651} INFO - DAG(s) dict_keys(['example_external_task_marker_parent', 'example_external_task_marker_child']) retrieved from /home/airflow/.local/lib/python3.7/site-packages/airflow/example_dags/example_external_task_marker_dag.py
[2022-07-06 19:40:33,751] {logging_mixin.py:115} INFO - [2022-07-06 19:40:33,751] {dag.py:2379} INFO - Sync 2 DAGs
[2022-07-06 19:40:33,804] {logging_mixin.py:115} INFO - [2022-07-06 19:40:33,803] {dag.py:2931} INFO - Setting next_dagrun for example_external_task_marker_child to None, run_after=None
[2022-07-06 19:40:33,804] {logging_mixin.py:115} INFO - [2022-07-06 19:40:33,804] {dag.py:2931} INFO - Setting next_dagrun for example_external_task_marker_parent to None, run_after=None
[2022-07-06 19:40:33,891] {processor.py:161} INFO - Processing /home/airflow/.local/lib/python3.7/site-packages/airflow/example_dags/example_external_task_marker_dag.py took 0.215 seconds
[2022-07-06 19:41:04,120] {processor.py:153} INFO - Started process (PID=323) to work on /home/airflow/.local/lib/python3.7/site-packages/airflow/example_dags/example_external_task_marker_dag.py
[2022-07-06 19:41:04,161] {processor.py:641} INFO - Processing file /home/airflow/.local/lib/python3.7/site-packages/airflow/example_dags/example_external_task_marker_dag.py for tasks to queue
[2022-07-06 19:41:04,162] {logging_mixin.py:115} INFO - [2022-07-06 19:41:04,162] {dagbag.py:507} INFO - Filling up the DagBag from /home/airflow/.local/lib/python3.7/site-packages/airflow/example_dags/example_external_task_marker_dag.py
[2022-07-06 19:41:04,167] {processor.py:651} INFO - DAG(s) dict_keys(['example_external_task_marker_parent', 'example_external_task_marker_child']) retrieved from /home/airflow/.local/lib/python3.7/site-packages/airflow/example_dags/example_external_task_marker_dag.py
[2022-07-06 19:41:04,238] {logging_mixin.py:115} INFO - [2022-07-06 19:41:04,237] {dag.py:2379} INFO - Sync 2 DAGs
[2022-07-06 19:41:04,271] {logging_mixin.py:115} INFO - [2022-07-06 19:41:04,271] {dag.py:2931} INFO - Setting next_dagrun for example_external_task_marker_child to None, run_after=None
[2022-07-06 19:41:04,272] {logging_mixin.py:115} INFO - [2022-07-06 19:41:04,272] {dag.py:2931} INFO - Setting next_dagrun for example_external_task_marker_parent to None, run_after=None
[2022-07-06 19:41:04,301] {processor.py:161} INFO - Processing /home/airflow/.local/lib/python3.7/site-packages/airflow/example_dags/example_external_task_marker_dag.py took 0.184 seconds
[2022-07-06 19:41:34,454] {processor.py:153} INFO - Started process (PID=374) to work on /home/airflow/.local/lib/python3.7/site-packages/airflow/example_dags/example_external_task_marker_dag.py
[2022-07-06 19:41:34,770] {processor.py:641} INFO - Processing file /home/airflow/.local/lib/python3.7/site-packages/airflow/example_dags/example_external_task_marker_dag.py for tasks to queue
[2022-07-06 19:41:34,772] {logging_mixin.py:115} INFO - [2022-07-06 19:41:34,772] {dagbag.py:507} INFO - Filling up the DagBag from /home/airflow/.local/lib/python3.7/site-packages/airflow/example_dags/example_external_task_marker_dag.py
[2022-07-06 19:41:34,812] {processor.py:651} INFO - DAG(s) dict_keys(['example_external_task_marker_parent', 'example_external_task_marker_child']) retrieved from /home/airflow/.local/lib/python3.7/site-packages/airflow/example_dags/example_external_task_marker_dag.py
[2022-07-06 19:41:35,050] {logging_mixin.py:115} INFO - [2022-07-06 19:41:35,049] {dag.py:2379} INFO - Sync 2 DAGs
[2022-07-06 19:41:35,092] {logging_mixin.py:115} INFO - [2022-07-06 19:41:35,092] {dag.py:2931} INFO - Setting next_dagrun for example_external_task_marker_child to None, run_after=None
[2022-07-06 19:41:35,093] {logging_mixin.py:115} INFO - [2022-07-06 19:41:35,093] {dag.py:2931} INFO - Setting next_dagrun for example_external_task_marker_parent to None, run_after=None
[2022-07-06 19:41:35,266] {processor.py:161} INFO - Processing /home/airflow/.local/lib/python3.7/site-packages/airflow/example_dags/example_external_task_marker_dag.py took 0.826 seconds
[2022-07-06 19:43:52,838] {processor.py:153} INFO - Started process (PID=422) to work on /home/airflow/.local/lib/python3.7/site-packages/airflow/example_dags/example_external_task_marker_dag.py
[2022-07-06 19:43:53,691] {processor.py:641} INFO - Processing file /home/airflow/.local/lib/python3.7/site-packages/airflow/example_dags/example_external_task_marker_dag.py for tasks to queue
[2022-07-06 19:43:53,691] {logging_mixin.py:115} INFO - [2022-07-06 19:43:53,691] {dagbag.py:507} INFO - Filling up the DagBag from /home/airflow/.local/lib/python3.7/site-packages/airflow/example_dags/example_external_task_marker_dag.py
[2022-07-06 19:43:53,697] {processor.py:651} INFO - DAG(s) dict_keys(['example_external_task_marker_parent', 'example_external_task_marker_child']) retrieved from /home/airflow/.local/lib/python3.7/site-packages/airflow/example_dags/example_external_task_marker_dag.py
[2022-07-06 19:54:40,316] {processor.py:153} INFO - Started process (PID=142) to work on /home/airflow/.local/lib/python3.7/site-packages/airflow/example_dags/example_external_task_marker_dag.py
[2022-07-06 19:54:40,372] {processor.py:641} INFO - Processing file /home/airflow/.local/lib/python3.7/site-packages/airflow/example_dags/example_external_task_marker_dag.py for tasks to queue
[2022-07-06 19:54:40,373] {logging_mixin.py:115} INFO - [2022-07-06 19:54:40,373] {dagbag.py:507} INFO - Filling up the DagBag from /home/airflow/.local/lib/python3.7/site-packages/airflow/example_dags/example_external_task_marker_dag.py
[2022-07-06 19:54:40,378] {processor.py:651} INFO - DAG(s) dict_keys(['example_external_task_marker_parent', 'example_external_task_marker_child']) retrieved from /home/airflow/.local/lib/python3.7/site-packages/airflow/example_dags/example_external_task_marker_dag.py
[2022-07-06 19:54:40,455] {logging_mixin.py:115} INFO - [2022-07-06 19:54:40,454] {dag.py:2379} INFO - Sync 2 DAGs
[2022-07-06 19:54:40,494] {logging_mixin.py:115} INFO - [2022-07-06 19:54:40,494] {dag.py:2931} INFO - Setting next_dagrun for example_external_task_marker_child to None, run_after=None
[2022-07-06 19:54:40,495] {logging_mixin.py:115} INFO - [2022-07-06 19:54:40,495] {dag.py:2931} INFO - Setting next_dagrun for example_external_task_marker_parent to None, run_after=None
[2022-07-06 19:54:40,762] {processor.py:161} INFO - Processing /home/airflow/.local/lib/python3.7/site-packages/airflow/example_dags/example_external_task_marker_dag.py took 0.450 seconds
[2022-07-06 19:55:36,669] {processor.py:153} INFO - Started process (PID=204) to work on /home/airflow/.local/lib/python3.7/site-packages/airflow/example_dags/example_external_task_marker_dag.py
[2022-07-06 19:55:36,809] {processor.py:641} INFO - Processing file /home/airflow/.local/lib/python3.7/site-packages/airflow/example_dags/example_external_task_marker_dag.py for tasks to queue
[2022-07-06 19:55:36,810] {logging_mixin.py:115} INFO - [2022-07-06 19:55:36,810] {dagbag.py:507} INFO - Filling up the DagBag from /home/airflow/.local/lib/python3.7/site-packages/airflow/example_dags/example_external_task_marker_dag.py
[2022-07-06 19:55:36,824] {processor.py:651} INFO - DAG(s) dict_keys(['example_external_task_marker_parent', 'example_external_task_marker_child']) retrieved from /home/airflow/.local/lib/python3.7/site-packages/airflow/example_dags/example_external_task_marker_dag.py
[2022-07-06 19:55:37,501] {logging_mixin.py:115} INFO - [2022-07-06 19:55:37,501] {dag.py:2379} INFO - Sync 2 DAGs
[2022-07-06 19:55:37,529] {logging_mixin.py:115} INFO - [2022-07-06 19:55:37,529] {dag.py:2931} INFO - Setting next_dagrun for example_external_task_marker_child to None, run_after=None
[2022-07-06 19:55:37,530] {logging_mixin.py:115} INFO - [2022-07-06 19:55:37,529] {dag.py:2931} INFO - Setting next_dagrun for example_external_task_marker_parent to None, run_after=None
[2022-07-06 19:55:37,877] {processor.py:161} INFO - Processing /home/airflow/.local/lib/python3.7/site-packages/airflow/example_dags/example_external_task_marker_dag.py took 1.221 seconds
[2022-07-06 19:58:13,937] {processor.py:153} INFO - Started process (PID=349) to work on /home/airflow/.local/lib/python3.7/site-packages/airflow/example_dags/example_external_task_marker_dag.py
[2022-07-06 19:58:14,017] {processor.py:641} INFO - Processing file /home/airflow/.local/lib/python3.7/site-packages/airflow/example_dags/example_external_task_marker_dag.py for tasks to queue
[2022-07-06 19:58:14,017] {logging_mixin.py:115} INFO - [2022-07-06 19:58:14,017] {dagbag.py:507} INFO - Filling up the DagBag from /home/airflow/.local/lib/python3.7/site-packages/airflow/example_dags/example_external_task_marker_dag.py
[2022-07-06 19:58:14,022] {processor.py:651} INFO - DAG(s) dict_keys(['example_external_task_marker_parent', 'example_external_task_marker_child']) retrieved from /home/airflow/.local/lib/python3.7/site-packages/airflow/example_dags/example_external_task_marker_dag.py
[2022-07-06 19:58:14,100] {logging_mixin.py:115} INFO - [2022-07-06 19:58:14,100] {dag.py:2379} INFO - Sync 2 DAGs
[2022-07-06 19:58:14,141] {logging_mixin.py:115} INFO - [2022-07-06 19:58:14,141] {dag.py:2931} INFO - Setting next_dagrun for example_external_task_marker_child to None, run_after=None
[2022-07-06 19:58:14,142] {logging_mixin.py:115} INFO - [2022-07-06 19:58:14,142] {dag.py:2931} INFO - Setting next_dagrun for example_external_task_marker_parent to None, run_after=None
[2022-07-06 19:58:14,376] {processor.py:161} INFO - Processing /home/airflow/.local/lib/python3.7/site-packages/airflow/example_dags/example_external_task_marker_dag.py took 0.444 seconds
[2022-07-06 19:58:45,281] {processor.py:153} INFO - Started process (PID=401) to work on /home/airflow/.local/lib/python3.7/site-packages/airflow/example_dags/example_external_task_marker_dag.py
[2022-07-06 19:58:45,400] {processor.py:641} INFO - Processing file /home/airflow/.local/lib/python3.7/site-packages/airflow/example_dags/example_external_task_marker_dag.py for tasks to queue
[2022-07-06 19:58:45,617] {logging_mixin.py:115} INFO - [2022-07-06 19:58:45,617] {dagbag.py:507} INFO - Filling up the DagBag from /home/airflow/.local/lib/python3.7/site-packages/airflow/example_dags/example_external_task_marker_dag.py
[2022-07-06 19:58:45,635] {processor.py:651} INFO - DAG(s) dict_keys(['example_external_task_marker_parent', 'example_external_task_marker_child']) retrieved from /home/airflow/.local/lib/python3.7/site-packages/airflow/example_dags/example_external_task_marker_dag.py
[2022-07-06 19:58:45,736] {logging_mixin.py:115} INFO - [2022-07-06 19:58:45,736] {dag.py:2379} INFO - Sync 2 DAGs
[2022-07-06 19:58:45,763] {logging_mixin.py:115} INFO - [2022-07-06 19:58:45,763] {dag.py:2931} INFO - Setting next_dagrun for example_external_task_marker_child to None, run_after=None
[2022-07-06 19:58:45,764] {logging_mixin.py:115} INFO - [2022-07-06 19:58:45,764] {dag.py:2931} INFO - Setting next_dagrun for example_external_task_marker_parent to None, run_after=None
[2022-07-06 19:58:46,052] {processor.py:161} INFO - Processing /home/airflow/.local/lib/python3.7/site-packages/airflow/example_dags/example_external_task_marker_dag.py took 0.775 seconds
[2022-07-06 19:59:30,671] {processor.py:153} INFO - Started process (PID=462) to work on /home/airflow/.local/lib/python3.7/site-packages/airflow/example_dags/example_external_task_marker_dag.py
[2022-07-06 19:59:30,718] {processor.py:641} INFO - Processing file /home/airflow/.local/lib/python3.7/site-packages/airflow/example_dags/example_external_task_marker_dag.py for tasks to queue
[2022-07-06 19:59:30,719] {logging_mixin.py:115} INFO - [2022-07-06 19:59:30,719] {dagbag.py:507} INFO - Filling up the DagBag from /home/airflow/.local/lib/python3.7/site-packages/airflow/example_dags/example_external_task_marker_dag.py
[2022-07-06 19:59:30,726] {processor.py:651} INFO - DAG(s) dict_keys(['example_external_task_marker_parent', 'example_external_task_marker_child']) retrieved from /home/airflow/.local/lib/python3.7/site-packages/airflow/example_dags/example_external_task_marker_dag.py
[2022-07-06 19:59:30,813] {logging_mixin.py:115} INFO - [2022-07-06 19:59:30,813] {dag.py:2379} INFO - Sync 2 DAGs
[2022-07-06 19:59:30,917] {logging_mixin.py:115} INFO - [2022-07-06 19:59:30,917] {dag.py:2931} INFO - Setting next_dagrun for example_external_task_marker_child to None, run_after=None
[2022-07-06 19:59:30,918] {logging_mixin.py:115} INFO - [2022-07-06 19:59:30,918] {dag.py:2931} INFO - Setting next_dagrun for example_external_task_marker_parent to None, run_after=None
[2022-07-06 19:59:31,281] {processor.py:161} INFO - Processing /home/airflow/.local/lib/python3.7/site-packages/airflow/example_dags/example_external_task_marker_dag.py took 0.615 seconds
[2022-07-06 20:00:02,549] {processor.py:153} INFO - Started process (PID=515) to work on /home/airflow/.local/lib/python3.7/site-packages/airflow/example_dags/example_external_task_marker_dag.py
[2022-07-06 20:00:02,549] {processor.py:641} INFO - Processing file /home/airflow/.local/lib/python3.7/site-packages/airflow/example_dags/example_external_task_marker_dag.py for tasks to queue
[2022-07-06 20:00:02,550] {logging_mixin.py:115} INFO - [2022-07-06 20:00:02,550] {dagbag.py:507} INFO - Filling up the DagBag from /home/airflow/.local/lib/python3.7/site-packages/airflow/example_dags/example_external_task_marker_dag.py
[2022-07-06 20:00:02,554] {processor.py:651} INFO - DAG(s) dict_keys(['example_external_task_marker_parent', 'example_external_task_marker_child']) retrieved from /home/airflow/.local/lib/python3.7/site-packages/airflow/example_dags/example_external_task_marker_dag.py
[2022-07-06 20:00:02,617] {logging_mixin.py:115} INFO - [2022-07-06 20:00:02,617] {dag.py:2379} INFO - Sync 2 DAGs
[2022-07-06 20:00:02,656] {logging_mixin.py:115} INFO - [2022-07-06 20:00:02,656] {dag.py:2931} INFO - Setting next_dagrun for example_external_task_marker_child to None, run_after=None
[2022-07-06 20:00:02,657] {logging_mixin.py:115} INFO - [2022-07-06 20:00:02,657] {dag.py:2931} INFO - Setting next_dagrun for example_external_task_marker_parent to None, run_after=None
[2022-07-06 20:00:02,751] {processor.py:161} INFO - Processing /home/airflow/.local/lib/python3.7/site-packages/airflow/example_dags/example_external_task_marker_dag.py took 0.205 seconds
[2022-07-06 20:00:33,205] {processor.py:153} INFO - Started process (PID=575) to work on /home/airflow/.local/lib/python3.7/site-packages/airflow/example_dags/example_external_task_marker_dag.py
[2022-07-06 20:00:33,230] {processor.py:641} INFO - Processing file /home/airflow/.local/lib/python3.7/site-packages/airflow/example_dags/example_external_task_marker_dag.py for tasks to queue
[2022-07-06 20:00:33,231] {logging_mixin.py:115} INFO - [2022-07-06 20:00:33,231] {dagbag.py:507} INFO - Filling up the DagBag from /home/airflow/.local/lib/python3.7/site-packages/airflow/example_dags/example_external_task_marker_dag.py
[2022-07-06 20:00:33,236] {processor.py:651} INFO - DAG(s) dict_keys(['example_external_task_marker_parent', 'example_external_task_marker_child']) retrieved from /home/airflow/.local/lib/python3.7/site-packages/airflow/example_dags/example_external_task_marker_dag.py
[2022-07-06 20:00:33,293] {logging_mixin.py:115} INFO - [2022-07-06 20:00:33,293] {dag.py:2379} INFO - Sync 2 DAGs
[2022-07-06 20:00:33,324] {logging_mixin.py:115} INFO - [2022-07-06 20:00:33,324] {dag.py:2931} INFO - Setting next_dagrun for example_external_task_marker_child to None, run_after=None
[2022-07-06 20:00:33,324] {logging_mixin.py:115} INFO - [2022-07-06 20:00:33,324] {dag.py:2931} INFO - Setting next_dagrun for example_external_task_marker_parent to None, run_after=None
[2022-07-06 20:00:33,352] {processor.py:161} INFO - Processing /home/airflow/.local/lib/python3.7/site-packages/airflow/example_dags/example_external_task_marker_dag.py took 0.151 seconds
[2022-07-06 20:01:13,198] {processor.py:153} INFO - Started process (PID=634) to work on /home/airflow/.local/lib/python3.7/site-packages/airflow/example_dags/example_external_task_marker_dag.py
[2022-07-06 20:01:13,222] {processor.py:641} INFO - Processing file /home/airflow/.local/lib/python3.7/site-packages/airflow/example_dags/example_external_task_marker_dag.py for tasks to queue
[2022-07-06 20:01:13,224] {logging_mixin.py:115} INFO - [2022-07-06 20:01:13,223] {dagbag.py:507} INFO - Filling up the DagBag from /home/airflow/.local/lib/python3.7/site-packages/airflow/example_dags/example_external_task_marker_dag.py
[2022-07-06 20:01:13,241] {processor.py:651} INFO - DAG(s) dict_keys(['example_external_task_marker_parent', 'example_external_task_marker_child']) retrieved from /home/airflow/.local/lib/python3.7/site-packages/airflow/example_dags/example_external_task_marker_dag.py
[2022-07-06 20:01:13,376] {logging_mixin.py:115} INFO - [2022-07-06 20:01:13,376] {dag.py:2379} INFO - Sync 2 DAGs
[2022-07-06 20:01:13,405] {logging_mixin.py:115} INFO - [2022-07-06 20:01:13,405] {dag.py:2931} INFO - Setting next_dagrun for example_external_task_marker_child to None, run_after=None
[2022-07-06 20:01:13,405] {logging_mixin.py:115} INFO - [2022-07-06 20:01:13,405] {dag.py:2931} INFO - Setting next_dagrun for example_external_task_marker_parent to None, run_after=None
[2022-07-06 20:01:13,435] {processor.py:161} INFO - Processing /home/airflow/.local/lib/python3.7/site-packages/airflow/example_dags/example_external_task_marker_dag.py took 0.241 seconds
[2022-07-06 20:01:54,271] {processor.py:153} INFO - Started process (PID=695) to work on /home/airflow/.local/lib/python3.7/site-packages/airflow/example_dags/example_external_task_marker_dag.py
[2022-07-06 20:01:54,272] {processor.py:641} INFO - Processing file /home/airflow/.local/lib/python3.7/site-packages/airflow/example_dags/example_external_task_marker_dag.py for tasks to queue
[2022-07-06 20:01:54,274] {logging_mixin.py:115} INFO - [2022-07-06 20:01:54,274] {dagbag.py:507} INFO - Filling up the DagBag from /home/airflow/.local/lib/python3.7/site-packages/airflow/example_dags/example_external_task_marker_dag.py
[2022-07-06 20:01:54,291] {processor.py:651} INFO - DAG(s) dict_keys(['example_external_task_marker_parent', 'example_external_task_marker_child']) retrieved from /home/airflow/.local/lib/python3.7/site-packages/airflow/example_dags/example_external_task_marker_dag.py
[2022-07-06 20:01:54,390] {logging_mixin.py:115} INFO - [2022-07-06 20:01:54,390] {dag.py:2379} INFO - Sync 2 DAGs
[2022-07-06 20:01:54,432] {logging_mixin.py:115} INFO - [2022-07-06 20:01:54,432] {dag.py:2931} INFO - Setting next_dagrun for example_external_task_marker_child to None, run_after=None
[2022-07-06 20:01:54,433] {logging_mixin.py:115} INFO - [2022-07-06 20:01:54,433] {dag.py:2931} INFO - Setting next_dagrun for example_external_task_marker_parent to None, run_after=None
[2022-07-06 20:01:54,473] {processor.py:161} INFO - Processing /home/airflow/.local/lib/python3.7/site-packages/airflow/example_dags/example_external_task_marker_dag.py took 0.214 seconds
[2022-07-06 20:02:25,864] {processor.py:153} INFO - Started process (PID=746) to work on /home/airflow/.local/lib/python3.7/site-packages/airflow/example_dags/example_external_task_marker_dag.py
[2022-07-06 20:02:25,897] {processor.py:641} INFO - Processing file /home/airflow/.local/lib/python3.7/site-packages/airflow/example_dags/example_external_task_marker_dag.py for tasks to queue
[2022-07-06 20:02:25,898] {logging_mixin.py:115} INFO - [2022-07-06 20:02:25,898] {dagbag.py:507} INFO - Filling up the DagBag from /home/airflow/.local/lib/python3.7/site-packages/airflow/example_dags/example_external_task_marker_dag.py
[2022-07-06 20:02:25,905] {processor.py:651} INFO - DAG(s) dict_keys(['example_external_task_marker_parent', 'example_external_task_marker_child']) retrieved from /home/airflow/.local/lib/python3.7/site-packages/airflow/example_dags/example_external_task_marker_dag.py
[2022-07-06 20:02:25,989] {logging_mixin.py:115} INFO - [2022-07-06 20:02:25,989] {dag.py:2379} INFO - Sync 2 DAGs
[2022-07-06 20:02:26,030] {logging_mixin.py:115} INFO - [2022-07-06 20:02:26,030] {dag.py:2931} INFO - Setting next_dagrun for example_external_task_marker_child to None, run_after=None
[2022-07-06 20:02:26,030] {logging_mixin.py:115} INFO - [2022-07-06 20:02:26,030] {dag.py:2931} INFO - Setting next_dagrun for example_external_task_marker_parent to None, run_after=None
[2022-07-06 20:02:26,126] {processor.py:161} INFO - Processing /home/airflow/.local/lib/python3.7/site-packages/airflow/example_dags/example_external_task_marker_dag.py took 0.266 seconds
[2022-07-06 20:02:59,504] {processor.py:153} INFO - Started process (PID=806) to work on /home/airflow/.local/lib/python3.7/site-packages/airflow/example_dags/example_external_task_marker_dag.py
[2022-07-06 20:02:59,636] {processor.py:641} INFO - Processing file /home/airflow/.local/lib/python3.7/site-packages/airflow/example_dags/example_external_task_marker_dag.py for tasks to queue
[2022-07-06 20:02:59,639] {logging_mixin.py:115} INFO - [2022-07-06 20:02:59,638] {dagbag.py:507} INFO - Filling up the DagBag from /home/airflow/.local/lib/python3.7/site-packages/airflow/example_dags/example_external_task_marker_dag.py
[2022-07-06 20:02:59,659] {processor.py:651} INFO - DAG(s) dict_keys(['example_external_task_marker_parent', 'example_external_task_marker_child']) retrieved from /home/airflow/.local/lib/python3.7/site-packages/airflow/example_dags/example_external_task_marker_dag.py
[2022-07-06 20:02:59,779] {logging_mixin.py:115} INFO - [2022-07-06 20:02:59,779] {dag.py:2379} INFO - Sync 2 DAGs
[2022-07-06 20:02:59,816] {logging_mixin.py:115} INFO - [2022-07-06 20:02:59,815] {dag.py:2931} INFO - Setting next_dagrun for example_external_task_marker_child to None, run_after=None
[2022-07-06 20:02:59,816] {logging_mixin.py:115} INFO - [2022-07-06 20:02:59,816] {dag.py:2931} INFO - Setting next_dagrun for example_external_task_marker_parent to None, run_after=None
[2022-07-06 20:03:00,725] {processor.py:161} INFO - Processing /home/airflow/.local/lib/python3.7/site-packages/airflow/example_dags/example_external_task_marker_dag.py took 1.236 seconds
[2022-07-06 20:03:31,240] {processor.py:153} INFO - Started process (PID=859) to work on /home/airflow/.local/lib/python3.7/site-packages/airflow/example_dags/example_external_task_marker_dag.py
[2022-07-06 20:03:31,318] {processor.py:641} INFO - Processing file /home/airflow/.local/lib/python3.7/site-packages/airflow/example_dags/example_external_task_marker_dag.py for tasks to queue
[2022-07-06 20:03:31,319] {logging_mixin.py:115} INFO - [2022-07-06 20:03:31,319] {dagbag.py:507} INFO - Filling up the DagBag from /home/airflow/.local/lib/python3.7/site-packages/airflow/example_dags/example_external_task_marker_dag.py
[2022-07-06 20:03:31,326] {processor.py:651} INFO - DAG(s) dict_keys(['example_external_task_marker_parent', 'example_external_task_marker_child']) retrieved from /home/airflow/.local/lib/python3.7/site-packages/airflow/example_dags/example_external_task_marker_dag.py
[2022-07-06 20:03:31,397] {logging_mixin.py:115} INFO - [2022-07-06 20:03:31,397] {dag.py:2379} INFO - Sync 2 DAGs
[2022-07-06 20:03:31,449] {logging_mixin.py:115} INFO - [2022-07-06 20:03:31,449] {dag.py:2931} INFO - Setting next_dagrun for example_external_task_marker_child to None, run_after=None
[2022-07-06 20:03:31,450] {logging_mixin.py:115} INFO - [2022-07-06 20:03:31,450] {dag.py:2931} INFO - Setting next_dagrun for example_external_task_marker_parent to None, run_after=None
[2022-07-06 20:03:31,616] {processor.py:161} INFO - Processing /home/airflow/.local/lib/python3.7/site-packages/airflow/example_dags/example_external_task_marker_dag.py took 0.380 seconds
[2022-07-06 20:04:02,077] {processor.py:153} INFO - Started process (PID=911) to work on /home/airflow/.local/lib/python3.7/site-packages/airflow/example_dags/example_external_task_marker_dag.py
[2022-07-06 20:04:02,097] {processor.py:641} INFO - Processing file /home/airflow/.local/lib/python3.7/site-packages/airflow/example_dags/example_external_task_marker_dag.py for tasks to queue
[2022-07-06 20:04:02,098] {logging_mixin.py:115} INFO - [2022-07-06 20:04:02,098] {dagbag.py:507} INFO - Filling up the DagBag from /home/airflow/.local/lib/python3.7/site-packages/airflow/example_dags/example_external_task_marker_dag.py
[2022-07-06 20:04:02,108] {processor.py:651} INFO - DAG(s) dict_keys(['example_external_task_marker_parent', 'example_external_task_marker_child']) retrieved from /home/airflow/.local/lib/python3.7/site-packages/airflow/example_dags/example_external_task_marker_dag.py
[2022-07-06 20:04:02,172] {logging_mixin.py:115} INFO - [2022-07-06 20:04:02,172] {dag.py:2379} INFO - Sync 2 DAGs
[2022-07-06 20:04:02,206] {logging_mixin.py:115} INFO - [2022-07-06 20:04:02,206] {dag.py:2931} INFO - Setting next_dagrun for example_external_task_marker_child to None, run_after=None
[2022-07-06 20:04:02,206] {logging_mixin.py:115} INFO - [2022-07-06 20:04:02,206] {dag.py:2931} INFO - Setting next_dagrun for example_external_task_marker_parent to None, run_after=None
[2022-07-06 20:04:02,233] {processor.py:161} INFO - Processing /home/airflow/.local/lib/python3.7/site-packages/airflow/example_dags/example_external_task_marker_dag.py took 0.167 seconds
[2022-07-06 20:04:33,031] {processor.py:153} INFO - Started process (PID=961) to work on /home/airflow/.local/lib/python3.7/site-packages/airflow/example_dags/example_external_task_marker_dag.py
[2022-07-06 20:04:33,078] {processor.py:641} INFO - Processing file /home/airflow/.local/lib/python3.7/site-packages/airflow/example_dags/example_external_task_marker_dag.py for tasks to queue
[2022-07-06 20:04:33,079] {logging_mixin.py:115} INFO - [2022-07-06 20:04:33,079] {dagbag.py:507} INFO - Filling up the DagBag from /home/airflow/.local/lib/python3.7/site-packages/airflow/example_dags/example_external_task_marker_dag.py
[2022-07-06 20:04:33,085] {processor.py:651} INFO - DAG(s) dict_keys(['example_external_task_marker_parent', 'example_external_task_marker_child']) retrieved from /home/airflow/.local/lib/python3.7/site-packages/airflow/example_dags/example_external_task_marker_dag.py
[2022-07-06 20:04:33,154] {logging_mixin.py:115} INFO - [2022-07-06 20:04:33,154] {dag.py:2379} INFO - Sync 2 DAGs
[2022-07-06 20:04:33,184] {logging_mixin.py:115} INFO - [2022-07-06 20:04:33,184] {dag.py:2931} INFO - Setting next_dagrun for example_external_task_marker_child to None, run_after=None
[2022-07-06 20:04:33,185] {logging_mixin.py:115} INFO - [2022-07-06 20:04:33,185] {dag.py:2931} INFO - Setting next_dagrun for example_external_task_marker_parent to None, run_after=None
[2022-07-06 20:04:33,211] {processor.py:161} INFO - Processing /home/airflow/.local/lib/python3.7/site-packages/airflow/example_dags/example_external_task_marker_dag.py took 0.183 seconds
[2022-07-06 20:05:04,061] {processor.py:153} INFO - Started process (PID=1023) to work on /home/airflow/.local/lib/python3.7/site-packages/airflow/example_dags/example_external_task_marker_dag.py
[2022-07-06 20:05:04,061] {processor.py:641} INFO - Processing file /home/airflow/.local/lib/python3.7/site-packages/airflow/example_dags/example_external_task_marker_dag.py for tasks to queue
[2022-07-06 20:05:04,062] {logging_mixin.py:115} INFO - [2022-07-06 20:05:04,062] {dagbag.py:507} INFO - Filling up the DagBag from /home/airflow/.local/lib/python3.7/site-packages/airflow/example_dags/example_external_task_marker_dag.py
[2022-07-06 20:05:04,067] {processor.py:651} INFO - DAG(s) dict_keys(['example_external_task_marker_parent', 'example_external_task_marker_child']) retrieved from /home/airflow/.local/lib/python3.7/site-packages/airflow/example_dags/example_external_task_marker_dag.py
[2022-07-06 20:05:04,129] {logging_mixin.py:115} INFO - [2022-07-06 20:05:04,129] {dag.py:2379} INFO - Sync 2 DAGs
[2022-07-06 20:05:04,160] {logging_mixin.py:115} INFO - [2022-07-06 20:05:04,160] {dag.py:2931} INFO - Setting next_dagrun for example_external_task_marker_child to None, run_after=None
[2022-07-06 20:05:04,161] {logging_mixin.py:115} INFO - [2022-07-06 20:05:04,161] {dag.py:2931} INFO - Setting next_dagrun for example_external_task_marker_parent to None, run_after=None
[2022-07-06 20:05:04,210] {processor.py:161} INFO - Processing /home/airflow/.local/lib/python3.7/site-packages/airflow/example_dags/example_external_task_marker_dag.py took 0.153 seconds
[2022-07-06 20:05:34,270] {processor.py:153} INFO - Started process (PID=1074) to work on /home/airflow/.local/lib/python3.7/site-packages/airflow/example_dags/example_external_task_marker_dag.py
[2022-07-06 20:05:34,289] {processor.py:641} INFO - Processing file /home/airflow/.local/lib/python3.7/site-packages/airflow/example_dags/example_external_task_marker_dag.py for tasks to queue
[2022-07-06 20:05:34,289] {logging_mixin.py:115} INFO - [2022-07-06 20:05:34,289] {dagbag.py:507} INFO - Filling up the DagBag from /home/airflow/.local/lib/python3.7/site-packages/airflow/example_dags/example_external_task_marker_dag.py
[2022-07-06 20:05:34,294] {processor.py:651} INFO - DAG(s) dict_keys(['example_external_task_marker_parent', 'example_external_task_marker_child']) retrieved from /home/airflow/.local/lib/python3.7/site-packages/airflow/example_dags/example_external_task_marker_dag.py
[2022-07-06 20:05:34,359] {logging_mixin.py:115} INFO - [2022-07-06 20:05:34,359] {dag.py:2379} INFO - Sync 2 DAGs
[2022-07-06 20:05:34,396] {logging_mixin.py:115} INFO - [2022-07-06 20:05:34,395] {dag.py:2931} INFO - Setting next_dagrun for example_external_task_marker_child to None, run_after=None
[2022-07-06 20:05:34,396] {logging_mixin.py:115} INFO - [2022-07-06 20:05:34,396] {dag.py:2931} INFO - Setting next_dagrun for example_external_task_marker_parent to None, run_after=None
[2022-07-06 20:05:34,419] {processor.py:161} INFO - Processing /home/airflow/.local/lib/python3.7/site-packages/airflow/example_dags/example_external_task_marker_dag.py took 0.152 seconds
[2022-07-06 20:06:04,740] {processor.py:153} INFO - Started process (PID=1126) to work on /home/airflow/.local/lib/python3.7/site-packages/airflow/example_dags/example_external_task_marker_dag.py
[2022-07-06 20:06:04,740] {processor.py:641} INFO - Processing file /home/airflow/.local/lib/python3.7/site-packages/airflow/example_dags/example_external_task_marker_dag.py for tasks to queue
[2022-07-06 20:06:04,741] {logging_mixin.py:115} INFO - [2022-07-06 20:06:04,741] {dagbag.py:507} INFO - Filling up the DagBag from /home/airflow/.local/lib/python3.7/site-packages/airflow/example_dags/example_external_task_marker_dag.py
[2022-07-06 20:06:04,747] {processor.py:651} INFO - DAG(s) dict_keys(['example_external_task_marker_parent', 'example_external_task_marker_child']) retrieved from /home/airflow/.local/lib/python3.7/site-packages/airflow/example_dags/example_external_task_marker_dag.py
[2022-07-06 20:06:04,808] {logging_mixin.py:115} INFO - [2022-07-06 20:06:04,808] {dag.py:2379} INFO - Sync 2 DAGs
[2022-07-06 20:06:04,837] {logging_mixin.py:115} INFO - [2022-07-06 20:06:04,837] {dag.py:2931} INFO - Setting next_dagrun for example_external_task_marker_child to None, run_after=None
[2022-07-06 20:06:04,837] {logging_mixin.py:115} INFO - [2022-07-06 20:06:04,837] {dag.py:2931} INFO - Setting next_dagrun for example_external_task_marker_parent to None, run_after=None
[2022-07-06 20:06:05,112] {processor.py:161} INFO - Processing /home/airflow/.local/lib/python3.7/site-packages/airflow/example_dags/example_external_task_marker_dag.py took 0.377 seconds
[2022-07-06 20:06:35,322] {processor.py:153} INFO - Started process (PID=1187) to work on /home/airflow/.local/lib/python3.7/site-packages/airflow/example_dags/example_external_task_marker_dag.py
[2022-07-06 20:06:35,323] {processor.py:641} INFO - Processing file /home/airflow/.local/lib/python3.7/site-packages/airflow/example_dags/example_external_task_marker_dag.py for tasks to queue
[2022-07-06 20:06:35,324] {logging_mixin.py:115} INFO - [2022-07-06 20:06:35,323] {dagbag.py:507} INFO - Filling up the DagBag from /home/airflow/.local/lib/python3.7/site-packages/airflow/example_dags/example_external_task_marker_dag.py
[2022-07-06 20:06:35,328] {processor.py:651} INFO - DAG(s) dict_keys(['example_external_task_marker_parent', 'example_external_task_marker_child']) retrieved from /home/airflow/.local/lib/python3.7/site-packages/airflow/example_dags/example_external_task_marker_dag.py
[2022-07-06 20:06:35,388] {logging_mixin.py:115} INFO - [2022-07-06 20:06:35,387] {dag.py:2379} INFO - Sync 2 DAGs
[2022-07-06 20:06:35,417] {logging_mixin.py:115} INFO - [2022-07-06 20:06:35,416] {dag.py:2931} INFO - Setting next_dagrun for example_external_task_marker_child to None, run_after=None
[2022-07-06 20:06:35,418] {logging_mixin.py:115} INFO - [2022-07-06 20:06:35,418] {dag.py:2931} INFO - Setting next_dagrun for example_external_task_marker_parent to None, run_after=None
[2022-07-06 20:06:35,460] {processor.py:161} INFO - Processing /home/airflow/.local/lib/python3.7/site-packages/airflow/example_dags/example_external_task_marker_dag.py took 0.142 seconds
[2022-07-06 20:07:06,294] {processor.py:153} INFO - Started process (PID=1239) to work on /home/airflow/.local/lib/python3.7/site-packages/airflow/example_dags/example_external_task_marker_dag.py
[2022-07-06 20:07:06,294] {processor.py:641} INFO - Processing file /home/airflow/.local/lib/python3.7/site-packages/airflow/example_dags/example_external_task_marker_dag.py for tasks to queue
[2022-07-06 20:07:06,295] {logging_mixin.py:115} INFO - [2022-07-06 20:07:06,295] {dagbag.py:507} INFO - Filling up the DagBag from /home/airflow/.local/lib/python3.7/site-packages/airflow/example_dags/example_external_task_marker_dag.py
[2022-07-06 20:07:06,300] {processor.py:651} INFO - DAG(s) dict_keys(['example_external_task_marker_parent', 'example_external_task_marker_child']) retrieved from /home/airflow/.local/lib/python3.7/site-packages/airflow/example_dags/example_external_task_marker_dag.py
[2022-07-06 20:07:06,371] {logging_mixin.py:115} INFO - [2022-07-06 20:07:06,371] {dag.py:2379} INFO - Sync 2 DAGs
[2022-07-06 20:07:06,405] {logging_mixin.py:115} INFO - [2022-07-06 20:07:06,404] {dag.py:2931} INFO - Setting next_dagrun for example_external_task_marker_child to None, run_after=None
[2022-07-06 20:07:06,405] {logging_mixin.py:115} INFO - [2022-07-06 20:07:06,405] {dag.py:2931} INFO - Setting next_dagrun for example_external_task_marker_parent to None, run_after=None
[2022-07-06 20:07:06,444] {processor.py:161} INFO - Processing /home/airflow/.local/lib/python3.7/site-packages/airflow/example_dags/example_external_task_marker_dag.py took 0.154 seconds
[2022-07-06 20:07:37,620] {processor.py:153} INFO - Started process (PID=1299) to work on /home/airflow/.local/lib/python3.7/site-packages/airflow/example_dags/example_external_task_marker_dag.py
[2022-07-06 20:07:37,622] {processor.py:641} INFO - Processing file /home/airflow/.local/lib/python3.7/site-packages/airflow/example_dags/example_external_task_marker_dag.py for tasks to queue
[2022-07-06 20:07:37,623] {logging_mixin.py:115} INFO - [2022-07-06 20:07:37,623] {dagbag.py:507} INFO - Filling up the DagBag from /home/airflow/.local/lib/python3.7/site-packages/airflow/example_dags/example_external_task_marker_dag.py
[2022-07-06 20:07:37,629] {processor.py:651} INFO - DAG(s) dict_keys(['example_external_task_marker_parent', 'example_external_task_marker_child']) retrieved from /home/airflow/.local/lib/python3.7/site-packages/airflow/example_dags/example_external_task_marker_dag.py
[2022-07-06 20:07:37,708] {logging_mixin.py:115} INFO - [2022-07-06 20:07:37,708] {dag.py:2379} INFO - Sync 2 DAGs
[2022-07-06 20:07:37,751] {logging_mixin.py:115} INFO - [2022-07-06 20:07:37,751] {dag.py:2931} INFO - Setting next_dagrun for example_external_task_marker_child to None, run_after=None
[2022-07-06 20:07:37,751] {logging_mixin.py:115} INFO - [2022-07-06 20:07:37,751] {dag.py:2931} INFO - Setting next_dagrun for example_external_task_marker_parent to None, run_after=None
[2022-07-06 20:07:37,783] {processor.py:161} INFO - Processing /home/airflow/.local/lib/python3.7/site-packages/airflow/example_dags/example_external_task_marker_dag.py took 0.169 seconds
[2022-07-06 20:08:09,174] {processor.py:153} INFO - Started process (PID=1351) to work on /home/airflow/.local/lib/python3.7/site-packages/airflow/example_dags/example_external_task_marker_dag.py
[2022-07-06 20:08:09,174] {processor.py:641} INFO - Processing file /home/airflow/.local/lib/python3.7/site-packages/airflow/example_dags/example_external_task_marker_dag.py for tasks to queue
[2022-07-06 20:08:09,175] {logging_mixin.py:115} INFO - [2022-07-06 20:08:09,175] {dagbag.py:507} INFO - Filling up the DagBag from /home/airflow/.local/lib/python3.7/site-packages/airflow/example_dags/example_external_task_marker_dag.py
[2022-07-06 20:08:09,181] {processor.py:651} INFO - DAG(s) dict_keys(['example_external_task_marker_parent', 'example_external_task_marker_child']) retrieved from /home/airflow/.local/lib/python3.7/site-packages/airflow/example_dags/example_external_task_marker_dag.py
[2022-07-06 20:08:09,245] {logging_mixin.py:115} INFO - [2022-07-06 20:08:09,245] {dag.py:2379} INFO - Sync 2 DAGs
[2022-07-06 20:08:09,282] {logging_mixin.py:115} INFO - [2022-07-06 20:08:09,282] {dag.py:2931} INFO - Setting next_dagrun for example_external_task_marker_child to None, run_after=None
[2022-07-06 20:08:09,283] {logging_mixin.py:115} INFO - [2022-07-06 20:08:09,283] {dag.py:2931} INFO - Setting next_dagrun for example_external_task_marker_parent to None, run_after=None
[2022-07-06 20:08:09,339] {processor.py:161} INFO - Processing /home/airflow/.local/lib/python3.7/site-packages/airflow/example_dags/example_external_task_marker_dag.py took 0.170 seconds
[2022-07-06 20:08:39,650] {processor.py:153} INFO - Started process (PID=1404) to work on /home/airflow/.local/lib/python3.7/site-packages/airflow/example_dags/example_external_task_marker_dag.py
[2022-07-06 20:08:39,651] {processor.py:641} INFO - Processing file /home/airflow/.local/lib/python3.7/site-packages/airflow/example_dags/example_external_task_marker_dag.py for tasks to queue
[2022-07-06 20:08:39,652] {logging_mixin.py:115} INFO - [2022-07-06 20:08:39,652] {dagbag.py:507} INFO - Filling up the DagBag from /home/airflow/.local/lib/python3.7/site-packages/airflow/example_dags/example_external_task_marker_dag.py
[2022-07-06 20:08:39,657] {processor.py:651} INFO - DAG(s) dict_keys(['example_external_task_marker_parent', 'example_external_task_marker_child']) retrieved from /home/airflow/.local/lib/python3.7/site-packages/airflow/example_dags/example_external_task_marker_dag.py
[2022-07-06 20:08:39,758] {logging_mixin.py:115} INFO - [2022-07-06 20:08:39,758] {dag.py:2379} INFO - Sync 2 DAGs
[2022-07-06 20:08:39,801] {logging_mixin.py:115} INFO - [2022-07-06 20:08:39,801] {dag.py:2931} INFO - Setting next_dagrun for example_external_task_marker_child to None, run_after=None
[2022-07-06 20:08:39,801] {logging_mixin.py:115} INFO - [2022-07-06 20:08:39,801] {dag.py:2931} INFO - Setting next_dagrun for example_external_task_marker_parent to None, run_after=None
[2022-07-06 20:08:40,211] {processor.py:161} INFO - Processing /home/airflow/.local/lib/python3.7/site-packages/airflow/example_dags/example_external_task_marker_dag.py took 0.564 seconds
[2022-07-06 20:09:10,686] {processor.py:153} INFO - Started process (PID=1462) to work on /home/airflow/.local/lib/python3.7/site-packages/airflow/example_dags/example_external_task_marker_dag.py
[2022-07-06 20:09:10,731] {processor.py:641} INFO - Processing file /home/airflow/.local/lib/python3.7/site-packages/airflow/example_dags/example_external_task_marker_dag.py for tasks to queue
[2022-07-06 20:09:10,732] {logging_mixin.py:115} INFO - [2022-07-06 20:09:10,732] {dagbag.py:507} INFO - Filling up the DagBag from /home/airflow/.local/lib/python3.7/site-packages/airflow/example_dags/example_external_task_marker_dag.py
[2022-07-06 20:09:10,738] {processor.py:651} INFO - DAG(s) dict_keys(['example_external_task_marker_parent', 'example_external_task_marker_child']) retrieved from /home/airflow/.local/lib/python3.7/site-packages/airflow/example_dags/example_external_task_marker_dag.py
[2022-07-06 20:09:10,861] {logging_mixin.py:115} INFO - [2022-07-06 20:09:10,860] {dag.py:2379} INFO - Sync 2 DAGs
[2022-07-06 20:09:10,963] {logging_mixin.py:115} INFO - [2022-07-06 20:09:10,962] {dag.py:2931} INFO - Setting next_dagrun for example_external_task_marker_child to None, run_after=None
[2022-07-06 20:09:10,963] {logging_mixin.py:115} INFO - [2022-07-06 20:09:10,963] {dag.py:2931} INFO - Setting next_dagrun for example_external_task_marker_parent to None, run_after=None
[2022-07-06 20:09:11,064] {processor.py:161} INFO - Processing /home/airflow/.local/lib/python3.7/site-packages/airflow/example_dags/example_external_task_marker_dag.py took 0.381 seconds
[2022-07-06 20:09:41,676] {processor.py:153} INFO - Started process (PID=1514) to work on /home/airflow/.local/lib/python3.7/site-packages/airflow/example_dags/example_external_task_marker_dag.py
[2022-07-06 20:09:41,677] {processor.py:641} INFO - Processing file /home/airflow/.local/lib/python3.7/site-packages/airflow/example_dags/example_external_task_marker_dag.py for tasks to queue
[2022-07-06 20:09:41,677] {logging_mixin.py:115} INFO - [2022-07-06 20:09:41,677] {dagbag.py:507} INFO - Filling up the DagBag from /home/airflow/.local/lib/python3.7/site-packages/airflow/example_dags/example_external_task_marker_dag.py
[2022-07-06 20:09:41,682] {processor.py:651} INFO - DAG(s) dict_keys(['example_external_task_marker_parent', 'example_external_task_marker_child']) retrieved from /home/airflow/.local/lib/python3.7/site-packages/airflow/example_dags/example_external_task_marker_dag.py
[2022-07-06 20:09:41,746] {logging_mixin.py:115} INFO - [2022-07-06 20:09:41,746] {dag.py:2379} INFO - Sync 2 DAGs
[2022-07-06 20:09:41,774] {logging_mixin.py:115} INFO - [2022-07-06 20:09:41,774] {dag.py:2931} INFO - Setting next_dagrun for example_external_task_marker_child to None, run_after=None
[2022-07-06 20:09:41,774] {logging_mixin.py:115} INFO - [2022-07-06 20:09:41,774] {dag.py:2931} INFO - Setting next_dagrun for example_external_task_marker_parent to None, run_after=None
[2022-07-06 20:09:41,802] {processor.py:161} INFO - Processing /home/airflow/.local/lib/python3.7/site-packages/airflow/example_dags/example_external_task_marker_dag.py took 0.130 seconds
[2022-07-06 20:10:12,555] {processor.py:153} INFO - Started process (PID=1566) to work on /home/airflow/.local/lib/python3.7/site-packages/airflow/example_dags/example_external_task_marker_dag.py
[2022-07-06 20:10:12,675] {processor.py:641} INFO - Processing file /home/airflow/.local/lib/python3.7/site-packages/airflow/example_dags/example_external_task_marker_dag.py for tasks to queue
[2022-07-06 20:10:12,677] {logging_mixin.py:115} INFO - [2022-07-06 20:10:12,677] {dagbag.py:507} INFO - Filling up the DagBag from /home/airflow/.local/lib/python3.7/site-packages/airflow/example_dags/example_external_task_marker_dag.py
[2022-07-06 20:10:12,691] {processor.py:651} INFO - DAG(s) dict_keys(['example_external_task_marker_parent', 'example_external_task_marker_child']) retrieved from /home/airflow/.local/lib/python3.7/site-packages/airflow/example_dags/example_external_task_marker_dag.py
[2022-07-06 20:10:12,865] {logging_mixin.py:115} INFO - [2022-07-06 20:10:12,865] {dag.py:2379} INFO - Sync 2 DAGs
[2022-07-06 20:10:12,938] {logging_mixin.py:115} INFO - [2022-07-06 20:10:12,938] {dag.py:2931} INFO - Setting next_dagrun for example_external_task_marker_child to None, run_after=None
[2022-07-06 20:10:12,938] {logging_mixin.py:115} INFO - [2022-07-06 20:10:12,938] {dag.py:2931} INFO - Setting next_dagrun for example_external_task_marker_parent to None, run_after=None
[2022-07-06 20:10:13,009] {processor.py:161} INFO - Processing /home/airflow/.local/lib/python3.7/site-packages/airflow/example_dags/example_external_task_marker_dag.py took 0.458 seconds
[2022-07-06 20:10:43,842] {processor.py:153} INFO - Started process (PID=1627) to work on /home/airflow/.local/lib/python3.7/site-packages/airflow/example_dags/example_external_task_marker_dag.py
[2022-07-06 20:10:43,844] {processor.py:641} INFO - Processing file /home/airflow/.local/lib/python3.7/site-packages/airflow/example_dags/example_external_task_marker_dag.py for tasks to queue
[2022-07-06 20:10:43,845] {logging_mixin.py:115} INFO - [2022-07-06 20:10:43,845] {dagbag.py:507} INFO - Filling up the DagBag from /home/airflow/.local/lib/python3.7/site-packages/airflow/example_dags/example_external_task_marker_dag.py
[2022-07-06 20:10:43,852] {processor.py:651} INFO - DAG(s) dict_keys(['example_external_task_marker_parent', 'example_external_task_marker_child']) retrieved from /home/airflow/.local/lib/python3.7/site-packages/airflow/example_dags/example_external_task_marker_dag.py
[2022-07-06 20:10:43,923] {logging_mixin.py:115} INFO - [2022-07-06 20:10:43,923] {dag.py:2379} INFO - Sync 2 DAGs
[2022-07-06 20:10:43,956] {logging_mixin.py:115} INFO - [2022-07-06 20:10:43,956] {dag.py:2931} INFO - Setting next_dagrun for example_external_task_marker_child to None, run_after=None
[2022-07-06 20:10:43,956] {logging_mixin.py:115} INFO - [2022-07-06 20:10:43,956] {dag.py:2931} INFO - Setting next_dagrun for example_external_task_marker_parent to None, run_after=None
[2022-07-06 20:10:43,984] {processor.py:161} INFO - Processing /home/airflow/.local/lib/python3.7/site-packages/airflow/example_dags/example_external_task_marker_dag.py took 0.147 seconds
[2022-07-06 20:11:14,366] {processor.py:153} INFO - Started process (PID=1679) to work on /home/airflow/.local/lib/python3.7/site-packages/airflow/example_dags/example_external_task_marker_dag.py
[2022-07-06 20:11:14,367] {processor.py:641} INFO - Processing file /home/airflow/.local/lib/python3.7/site-packages/airflow/example_dags/example_external_task_marker_dag.py for tasks to queue
[2022-07-06 20:11:14,368] {logging_mixin.py:115} INFO - [2022-07-06 20:11:14,368] {dagbag.py:507} INFO - Filling up the DagBag from /home/airflow/.local/lib/python3.7/site-packages/airflow/example_dags/example_external_task_marker_dag.py
[2022-07-06 20:11:14,374] {processor.py:651} INFO - DAG(s) dict_keys(['example_external_task_marker_parent', 'example_external_task_marker_child']) retrieved from /home/airflow/.local/lib/python3.7/site-packages/airflow/example_dags/example_external_task_marker_dag.py
[2022-07-06 20:11:14,467] {logging_mixin.py:115} INFO - [2022-07-06 20:11:14,467] {dag.py:2379} INFO - Sync 2 DAGs
[2022-07-06 20:11:14,509] {logging_mixin.py:115} INFO - [2022-07-06 20:11:14,509] {dag.py:2931} INFO - Setting next_dagrun for example_external_task_marker_child to None, run_after=None
[2022-07-06 20:11:14,510] {logging_mixin.py:115} INFO - [2022-07-06 20:11:14,509] {dag.py:2931} INFO - Setting next_dagrun for example_external_task_marker_parent to None, run_after=None
[2022-07-06 20:11:14,558] {processor.py:161} INFO - Processing /home/airflow/.local/lib/python3.7/site-packages/airflow/example_dags/example_external_task_marker_dag.py took 0.198 seconds
[2022-07-06 20:11:44,968] {processor.py:153} INFO - Started process (PID=1740) to work on /home/airflow/.local/lib/python3.7/site-packages/airflow/example_dags/example_external_task_marker_dag.py
[2022-07-06 20:11:44,968] {processor.py:641} INFO - Processing file /home/airflow/.local/lib/python3.7/site-packages/airflow/example_dags/example_external_task_marker_dag.py for tasks to queue
[2022-07-06 20:11:44,971] {logging_mixin.py:115} INFO - [2022-07-06 20:11:44,970] {dagbag.py:507} INFO - Filling up the DagBag from /home/airflow/.local/lib/python3.7/site-packages/airflow/example_dags/example_external_task_marker_dag.py
[2022-07-06 20:11:44,991] {processor.py:651} INFO - DAG(s) dict_keys(['example_external_task_marker_parent', 'example_external_task_marker_child']) retrieved from /home/airflow/.local/lib/python3.7/site-packages/airflow/example_dags/example_external_task_marker_dag.py
[2022-07-06 20:11:45,141] {logging_mixin.py:115} INFO - [2022-07-06 20:11:45,141] {dag.py:2379} INFO - Sync 2 DAGs
[2022-07-06 20:11:45,206] {logging_mixin.py:115} INFO - [2022-07-06 20:11:45,205] {dag.py:2931} INFO - Setting next_dagrun for example_external_task_marker_child to None, run_after=None
[2022-07-06 20:11:45,206] {logging_mixin.py:115} INFO - [2022-07-06 20:11:45,206] {dag.py:2931} INFO - Setting next_dagrun for example_external_task_marker_parent to None, run_after=None
[2022-07-06 20:11:45,340] {processor.py:161} INFO - Processing /home/airflow/.local/lib/python3.7/site-packages/airflow/example_dags/example_external_task_marker_dag.py took 0.393 seconds
[2022-07-06 20:12:15,439] {processor.py:153} INFO - Started process (PID=1792) to work on /home/airflow/.local/lib/python3.7/site-packages/airflow/example_dags/example_external_task_marker_dag.py
[2022-07-06 20:12:15,440] {processor.py:641} INFO - Processing file /home/airflow/.local/lib/python3.7/site-packages/airflow/example_dags/example_external_task_marker_dag.py for tasks to queue
[2022-07-06 20:12:15,441] {logging_mixin.py:115} INFO - [2022-07-06 20:12:15,440] {dagbag.py:507} INFO - Filling up the DagBag from /home/airflow/.local/lib/python3.7/site-packages/airflow/example_dags/example_external_task_marker_dag.py
[2022-07-06 20:12:15,461] {processor.py:651} INFO - DAG(s) dict_keys(['example_external_task_marker_parent', 'example_external_task_marker_child']) retrieved from /home/airflow/.local/lib/python3.7/site-packages/airflow/example_dags/example_external_task_marker_dag.py
[2022-07-06 20:12:15,596] {logging_mixin.py:115} INFO - [2022-07-06 20:12:15,596] {dag.py:2379} INFO - Sync 2 DAGs
[2022-07-06 20:12:15,624] {logging_mixin.py:115} INFO - [2022-07-06 20:12:15,624] {dag.py:2931} INFO - Setting next_dagrun for example_external_task_marker_child to None, run_after=None
[2022-07-06 20:12:15,625] {logging_mixin.py:115} INFO - [2022-07-06 20:12:15,625] {dag.py:2931} INFO - Setting next_dagrun for example_external_task_marker_parent to None, run_after=None
[2022-07-06 20:12:15,734] {processor.py:161} INFO - Processing /home/airflow/.local/lib/python3.7/site-packages/airflow/example_dags/example_external_task_marker_dag.py took 0.299 seconds
[2022-07-06 20:12:46,505] {processor.py:153} INFO - Started process (PID=1842) to work on /home/airflow/.local/lib/python3.7/site-packages/airflow/example_dags/example_external_task_marker_dag.py
[2022-07-06 20:12:46,516] {processor.py:641} INFO - Processing file /home/airflow/.local/lib/python3.7/site-packages/airflow/example_dags/example_external_task_marker_dag.py for tasks to queue
[2022-07-06 20:12:46,517] {logging_mixin.py:115} INFO - [2022-07-06 20:12:46,517] {dagbag.py:507} INFO - Filling up the DagBag from /home/airflow/.local/lib/python3.7/site-packages/airflow/example_dags/example_external_task_marker_dag.py
[2022-07-06 20:12:46,522] {processor.py:651} INFO - DAG(s) dict_keys(['example_external_task_marker_parent', 'example_external_task_marker_child']) retrieved from /home/airflow/.local/lib/python3.7/site-packages/airflow/example_dags/example_external_task_marker_dag.py
[2022-07-06 20:12:46,578] {logging_mixin.py:115} INFO - [2022-07-06 20:12:46,578] {dag.py:2379} INFO - Sync 2 DAGs
[2022-07-06 20:12:46,607] {logging_mixin.py:115} INFO - [2022-07-06 20:12:46,607] {dag.py:2931} INFO - Setting next_dagrun for example_external_task_marker_child to None, run_after=None
[2022-07-06 20:12:46,608] {logging_mixin.py:115} INFO - [2022-07-06 20:12:46,608] {dag.py:2931} INFO - Setting next_dagrun for example_external_task_marker_parent to None, run_after=None
[2022-07-06 20:12:46,629] {processor.py:161} INFO - Processing /home/airflow/.local/lib/python3.7/site-packages/airflow/example_dags/example_external_task_marker_dag.py took 0.130 seconds
[2022-07-06 20:13:17,535] {processor.py:153} INFO - Started process (PID=1900) to work on /home/airflow/.local/lib/python3.7/site-packages/airflow/example_dags/example_external_task_marker_dag.py
[2022-07-06 20:13:17,536] {processor.py:641} INFO - Processing file /home/airflow/.local/lib/python3.7/site-packages/airflow/example_dags/example_external_task_marker_dag.py for tasks to queue
[2022-07-06 20:13:17,537] {logging_mixin.py:115} INFO - [2022-07-06 20:13:17,536] {dagbag.py:507} INFO - Filling up the DagBag from /home/airflow/.local/lib/python3.7/site-packages/airflow/example_dags/example_external_task_marker_dag.py
[2022-07-06 20:13:17,543] {processor.py:651} INFO - DAG(s) dict_keys(['example_external_task_marker_parent', 'example_external_task_marker_child']) retrieved from /home/airflow/.local/lib/python3.7/site-packages/airflow/example_dags/example_external_task_marker_dag.py
[2022-07-06 20:13:17,619] {logging_mixin.py:115} INFO - [2022-07-06 20:13:17,618] {dag.py:2379} INFO - Sync 2 DAGs
[2022-07-06 20:13:17,657] {logging_mixin.py:115} INFO - [2022-07-06 20:13:17,657] {dag.py:2931} INFO - Setting next_dagrun for example_external_task_marker_child to None, run_after=None
[2022-07-06 20:13:17,658] {logging_mixin.py:115} INFO - [2022-07-06 20:13:17,658] {dag.py:2931} INFO - Setting next_dagrun for example_external_task_marker_parent to None, run_after=None
[2022-07-06 20:13:17,693] {processor.py:161} INFO - Processing /home/airflow/.local/lib/python3.7/site-packages/airflow/example_dags/example_external_task_marker_dag.py took 0.163 seconds
[2022-07-06 20:14:44,538] {processor.py:153} INFO - Started process (PID=2003) to work on /home/airflow/.local/lib/python3.7/site-packages/airflow/example_dags/example_external_task_marker_dag.py
[2022-07-06 20:14:44,576] {processor.py:641} INFO - Processing file /home/airflow/.local/lib/python3.7/site-packages/airflow/example_dags/example_external_task_marker_dag.py for tasks to queue
[2022-07-06 20:14:44,576] {logging_mixin.py:115} INFO - [2022-07-06 20:14:44,576] {dagbag.py:507} INFO - Filling up the DagBag from /home/airflow/.local/lib/python3.7/site-packages/airflow/example_dags/example_external_task_marker_dag.py
[2022-07-06 20:14:44,586] {processor.py:651} INFO - DAG(s) dict_keys(['example_external_task_marker_parent', 'example_external_task_marker_child']) retrieved from /home/airflow/.local/lib/python3.7/site-packages/airflow/example_dags/example_external_task_marker_dag.py
[2022-07-06 20:14:44,684] {logging_mixin.py:115} INFO - [2022-07-06 20:14:44,684] {dag.py:2379} INFO - Sync 2 DAGs
[2022-07-06 20:14:44,746] {logging_mixin.py:115} INFO - [2022-07-06 20:14:44,746] {dag.py:2931} INFO - Setting next_dagrun for example_external_task_marker_child to None, run_after=None
[2022-07-06 20:14:44,747] {logging_mixin.py:115} INFO - [2022-07-06 20:14:44,747] {dag.py:2931} INFO - Setting next_dagrun for example_external_task_marker_parent to None, run_after=None
[2022-07-06 20:14:44,845] {processor.py:161} INFO - Processing /home/airflow/.local/lib/python3.7/site-packages/airflow/example_dags/example_external_task_marker_dag.py took 0.312 seconds
[2022-07-06 20:15:22,865] {processor.py:153} INFO - Started process (PID=2063) to work on /home/airflow/.local/lib/python3.7/site-packages/airflow/example_dags/example_external_task_marker_dag.py
[2022-07-06 20:15:22,890] {processor.py:641} INFO - Processing file /home/airflow/.local/lib/python3.7/site-packages/airflow/example_dags/example_external_task_marker_dag.py for tasks to queue
[2022-07-06 20:15:22,929] {logging_mixin.py:115} INFO - [2022-07-06 20:15:22,929] {dagbag.py:507} INFO - Filling up the DagBag from /home/airflow/.local/lib/python3.7/site-packages/airflow/example_dags/example_external_task_marker_dag.py
[2022-07-06 20:15:23,030] {processor.py:651} INFO - DAG(s) dict_keys(['example_external_task_marker_parent', 'example_external_task_marker_child']) retrieved from /home/airflow/.local/lib/python3.7/site-packages/airflow/example_dags/example_external_task_marker_dag.py
[2022-07-06 20:15:23,206] {logging_mixin.py:115} INFO - [2022-07-06 20:15:23,206] {dag.py:2379} INFO - Sync 2 DAGs
[2022-07-06 20:15:23,241] {logging_mixin.py:115} INFO - [2022-07-06 20:15:23,241] {dag.py:2931} INFO - Setting next_dagrun for example_external_task_marker_child to None, run_after=None
[2022-07-06 20:15:23,241] {logging_mixin.py:115} INFO - [2022-07-06 20:15:23,241] {dag.py:2931} INFO - Setting next_dagrun for example_external_task_marker_parent to None, run_after=None
[2022-07-06 20:15:23,293] {processor.py:161} INFO - Processing /home/airflow/.local/lib/python3.7/site-packages/airflow/example_dags/example_external_task_marker_dag.py took 0.431 seconds
[2022-07-06 20:15:58,555] {processor.py:153} INFO - Started process (PID=2125) to work on /home/airflow/.local/lib/python3.7/site-packages/airflow/example_dags/example_external_task_marker_dag.py
[2022-07-06 20:15:58,582] {processor.py:641} INFO - Processing file /home/airflow/.local/lib/python3.7/site-packages/airflow/example_dags/example_external_task_marker_dag.py for tasks to queue
[2022-07-06 20:15:58,878] {logging_mixin.py:115} INFO - [2022-07-06 20:15:58,878] {dagbag.py:507} INFO - Filling up the DagBag from /home/airflow/.local/lib/python3.7/site-packages/airflow/example_dags/example_external_task_marker_dag.py
[2022-07-06 20:15:58,897] {processor.py:651} INFO - DAG(s) dict_keys(['example_external_task_marker_parent', 'example_external_task_marker_child']) retrieved from /home/airflow/.local/lib/python3.7/site-packages/airflow/example_dags/example_external_task_marker_dag.py
[2022-07-06 20:15:59,029] {logging_mixin.py:115} INFO - [2022-07-06 20:15:59,028] {dag.py:2379} INFO - Sync 2 DAGs
[2022-07-06 20:15:59,058] {logging_mixin.py:115} INFO - [2022-07-06 20:15:59,057] {dag.py:2931} INFO - Setting next_dagrun for example_external_task_marker_child to None, run_after=None
[2022-07-06 20:15:59,058] {logging_mixin.py:115} INFO - [2022-07-06 20:15:59,058] {dag.py:2931} INFO - Setting next_dagrun for example_external_task_marker_parent to None, run_after=None
[2022-07-06 20:15:59,284] {processor.py:161} INFO - Processing /home/airflow/.local/lib/python3.7/site-packages/airflow/example_dags/example_external_task_marker_dag.py took 0.732 seconds
[2022-07-06 20:16:29,941] {processor.py:153} INFO - Started process (PID=2168) to work on /home/airflow/.local/lib/python3.7/site-packages/airflow/example_dags/example_external_task_marker_dag.py
[2022-07-06 20:16:29,942] {processor.py:641} INFO - Processing file /home/airflow/.local/lib/python3.7/site-packages/airflow/example_dags/example_external_task_marker_dag.py for tasks to queue
[2022-07-06 20:16:29,942] {logging_mixin.py:115} INFO - [2022-07-06 20:16:29,942] {dagbag.py:507} INFO - Filling up the DagBag from /home/airflow/.local/lib/python3.7/site-packages/airflow/example_dags/example_external_task_marker_dag.py
[2022-07-06 20:16:29,953] {processor.py:651} INFO - DAG(s) dict_keys(['example_external_task_marker_parent', 'example_external_task_marker_child']) retrieved from /home/airflow/.local/lib/python3.7/site-packages/airflow/example_dags/example_external_task_marker_dag.py
[2022-07-06 20:16:30,046] {logging_mixin.py:115} INFO - [2022-07-06 20:16:30,046] {dag.py:2379} INFO - Sync 2 DAGs
[2022-07-06 20:16:30,107] {logging_mixin.py:115} INFO - [2022-07-06 20:16:30,106] {dag.py:2931} INFO - Setting next_dagrun for example_external_task_marker_child to None, run_after=None
[2022-07-06 20:16:30,107] {logging_mixin.py:115} INFO - [2022-07-06 20:16:30,107] {dag.py:2931} INFO - Setting next_dagrun for example_external_task_marker_parent to None, run_after=None
[2022-07-06 20:16:30,172] {processor.py:161} INFO - Processing /home/airflow/.local/lib/python3.7/site-packages/airflow/example_dags/example_external_task_marker_dag.py took 0.247 seconds
[2022-07-06 20:17:00,466] {processor.py:153} INFO - Started process (PID=2227) to work on /home/airflow/.local/lib/python3.7/site-packages/airflow/example_dags/example_external_task_marker_dag.py
[2022-07-06 20:17:00,486] {processor.py:641} INFO - Processing file /home/airflow/.local/lib/python3.7/site-packages/airflow/example_dags/example_external_task_marker_dag.py for tasks to queue
[2022-07-06 20:17:00,487] {logging_mixin.py:115} INFO - [2022-07-06 20:17:00,487] {dagbag.py:507} INFO - Filling up the DagBag from /home/airflow/.local/lib/python3.7/site-packages/airflow/example_dags/example_external_task_marker_dag.py
[2022-07-06 20:17:00,498] {processor.py:651} INFO - DAG(s) dict_keys(['example_external_task_marker_parent', 'example_external_task_marker_child']) retrieved from /home/airflow/.local/lib/python3.7/site-packages/airflow/example_dags/example_external_task_marker_dag.py
[2022-07-06 20:17:00,610] {logging_mixin.py:115} INFO - [2022-07-06 20:17:00,610] {dag.py:2379} INFO - Sync 2 DAGs
[2022-07-06 20:17:00,675] {logging_mixin.py:115} INFO - [2022-07-06 20:17:00,675] {dag.py:2931} INFO - Setting next_dagrun for example_external_task_marker_child to None, run_after=None
[2022-07-06 20:17:00,675] {logging_mixin.py:115} INFO - [2022-07-06 20:17:00,675] {dag.py:2931} INFO - Setting next_dagrun for example_external_task_marker_parent to None, run_after=None
[2022-07-06 20:17:00,702] {processor.py:161} INFO - Processing /home/airflow/.local/lib/python3.7/site-packages/airflow/example_dags/example_external_task_marker_dag.py took 0.241 seconds
[2022-07-06 20:17:31,104] {processor.py:153} INFO - Started process (PID=2278) to work on /home/airflow/.local/lib/python3.7/site-packages/airflow/example_dags/example_external_task_marker_dag.py
[2022-07-06 20:17:31,105] {processor.py:641} INFO - Processing file /home/airflow/.local/lib/python3.7/site-packages/airflow/example_dags/example_external_task_marker_dag.py for tasks to queue
[2022-07-06 20:17:31,105] {logging_mixin.py:115} INFO - [2022-07-06 20:17:31,105] {dagbag.py:507} INFO - Filling up the DagBag from /home/airflow/.local/lib/python3.7/site-packages/airflow/example_dags/example_external_task_marker_dag.py
[2022-07-06 20:17:31,114] {processor.py:651} INFO - DAG(s) dict_keys(['example_external_task_marker_parent', 'example_external_task_marker_child']) retrieved from /home/airflow/.local/lib/python3.7/site-packages/airflow/example_dags/example_external_task_marker_dag.py
[2022-07-06 20:17:31,190] {logging_mixin.py:115} INFO - [2022-07-06 20:17:31,190] {dag.py:2379} INFO - Sync 2 DAGs
[2022-07-06 20:17:31,221] {logging_mixin.py:115} INFO - [2022-07-06 20:17:31,221] {dag.py:2931} INFO - Setting next_dagrun for example_external_task_marker_child to None, run_after=None
[2022-07-06 20:17:31,221] {logging_mixin.py:115} INFO - [2022-07-06 20:17:31,221] {dag.py:2931} INFO - Setting next_dagrun for example_external_task_marker_parent to None, run_after=None
[2022-07-06 20:17:31,246] {processor.py:161} INFO - Processing /home/airflow/.local/lib/python3.7/site-packages/airflow/example_dags/example_external_task_marker_dag.py took 0.148 seconds
[2022-07-06 20:18:01,712] {processor.py:153} INFO - Started process (PID=2330) to work on /home/airflow/.local/lib/python3.7/site-packages/airflow/example_dags/example_external_task_marker_dag.py
[2022-07-06 20:18:01,728] {processor.py:641} INFO - Processing file /home/airflow/.local/lib/python3.7/site-packages/airflow/example_dags/example_external_task_marker_dag.py for tasks to queue
[2022-07-06 20:18:01,729] {logging_mixin.py:115} INFO - [2022-07-06 20:18:01,729] {dagbag.py:507} INFO - Filling up the DagBag from /home/airflow/.local/lib/python3.7/site-packages/airflow/example_dags/example_external_task_marker_dag.py
[2022-07-06 20:18:01,738] {processor.py:651} INFO - DAG(s) dict_keys(['example_external_task_marker_parent', 'example_external_task_marker_child']) retrieved from /home/airflow/.local/lib/python3.7/site-packages/airflow/example_dags/example_external_task_marker_dag.py
[2022-07-06 20:18:01,820] {logging_mixin.py:115} INFO - [2022-07-06 20:18:01,820] {dag.py:2379} INFO - Sync 2 DAGs
[2022-07-06 20:18:01,858] {logging_mixin.py:115} INFO - [2022-07-06 20:18:01,858] {dag.py:2931} INFO - Setting next_dagrun for example_external_task_marker_child to None, run_after=None
[2022-07-06 20:18:01,858] {logging_mixin.py:115} INFO - [2022-07-06 20:18:01,858] {dag.py:2931} INFO - Setting next_dagrun for example_external_task_marker_parent to None, run_after=None
[2022-07-06 20:18:01,889] {processor.py:161} INFO - Processing /home/airflow/.local/lib/python3.7/site-packages/airflow/example_dags/example_external_task_marker_dag.py took 0.181 seconds
[2022-07-06 20:18:32,397] {processor.py:153} INFO - Started process (PID=2391) to work on /home/airflow/.local/lib/python3.7/site-packages/airflow/example_dags/example_external_task_marker_dag.py
[2022-07-06 20:18:32,397] {processor.py:641} INFO - Processing file /home/airflow/.local/lib/python3.7/site-packages/airflow/example_dags/example_external_task_marker_dag.py for tasks to queue
[2022-07-06 20:18:32,398] {logging_mixin.py:115} INFO - [2022-07-06 20:18:32,398] {dagbag.py:507} INFO - Filling up the DagBag from /home/airflow/.local/lib/python3.7/site-packages/airflow/example_dags/example_external_task_marker_dag.py
[2022-07-06 20:18:32,407] {processor.py:651} INFO - DAG(s) dict_keys(['example_external_task_marker_parent', 'example_external_task_marker_child']) retrieved from /home/airflow/.local/lib/python3.7/site-packages/airflow/example_dags/example_external_task_marker_dag.py
[2022-07-06 20:18:32,482] {logging_mixin.py:115} INFO - [2022-07-06 20:18:32,482] {dag.py:2379} INFO - Sync 2 DAGs
[2022-07-06 20:18:32,521] {logging_mixin.py:115} INFO - [2022-07-06 20:18:32,520] {dag.py:2931} INFO - Setting next_dagrun for example_external_task_marker_child to None, run_after=None
[2022-07-06 20:18:32,521] {logging_mixin.py:115} INFO - [2022-07-06 20:18:32,521] {dag.py:2931} INFO - Setting next_dagrun for example_external_task_marker_parent to None, run_after=None
[2022-07-06 20:18:32,629] {processor.py:161} INFO - Processing /home/airflow/.local/lib/python3.7/site-packages/airflow/example_dags/example_external_task_marker_dag.py took 0.238 seconds
[2022-07-06 20:19:03,275] {processor.py:153} INFO - Started process (PID=2442) to work on /home/airflow/.local/lib/python3.7/site-packages/airflow/example_dags/example_external_task_marker_dag.py
[2022-07-06 20:19:03,354] {processor.py:641} INFO - Processing file /home/airflow/.local/lib/python3.7/site-packages/airflow/example_dags/example_external_task_marker_dag.py for tasks to queue
[2022-07-06 20:19:03,355] {logging_mixin.py:115} INFO - [2022-07-06 20:19:03,355] {dagbag.py:507} INFO - Filling up the DagBag from /home/airflow/.local/lib/python3.7/site-packages/airflow/example_dags/example_external_task_marker_dag.py
[2022-07-06 20:19:03,366] {processor.py:651} INFO - DAG(s) dict_keys(['example_external_task_marker_parent', 'example_external_task_marker_child']) retrieved from /home/airflow/.local/lib/python3.7/site-packages/airflow/example_dags/example_external_task_marker_dag.py
[2022-07-06 20:19:03,433] {logging_mixin.py:115} INFO - [2022-07-06 20:19:03,432] {dag.py:2379} INFO - Sync 2 DAGs
[2022-07-06 20:19:03,464] {logging_mixin.py:115} INFO - [2022-07-06 20:19:03,463] {dag.py:2931} INFO - Setting next_dagrun for example_external_task_marker_child to None, run_after=None
[2022-07-06 20:19:03,464] {logging_mixin.py:115} INFO - [2022-07-06 20:19:03,464] {dag.py:2931} INFO - Setting next_dagrun for example_external_task_marker_parent to None, run_after=None
[2022-07-06 20:19:03,521] {processor.py:161} INFO - Processing /home/airflow/.local/lib/python3.7/site-packages/airflow/example_dags/example_external_task_marker_dag.py took 0.265 seconds
[2022-07-06 20:19:34,510] {processor.py:153} INFO - Started process (PID=2504) to work on /home/airflow/.local/lib/python3.7/site-packages/airflow/example_dags/example_external_task_marker_dag.py
[2022-07-06 20:19:34,512] {processor.py:641} INFO - Processing file /home/airflow/.local/lib/python3.7/site-packages/airflow/example_dags/example_external_task_marker_dag.py for tasks to queue
[2022-07-06 20:19:34,514] {logging_mixin.py:115} INFO - [2022-07-06 20:19:34,513] {dagbag.py:507} INFO - Filling up the DagBag from /home/airflow/.local/lib/python3.7/site-packages/airflow/example_dags/example_external_task_marker_dag.py
[2022-07-06 20:19:34,529] {processor.py:651} INFO - DAG(s) dict_keys(['example_external_task_marker_parent', 'example_external_task_marker_child']) retrieved from /home/airflow/.local/lib/python3.7/site-packages/airflow/example_dags/example_external_task_marker_dag.py
[2022-07-06 20:19:34,665] {logging_mixin.py:115} INFO - [2022-07-06 20:19:34,665] {dag.py:2379} INFO - Sync 2 DAGs
[2022-07-06 20:19:34,698] {logging_mixin.py:115} INFO - [2022-07-06 20:19:34,698] {dag.py:2931} INFO - Setting next_dagrun for example_external_task_marker_child to None, run_after=None
[2022-07-06 20:19:34,698] {logging_mixin.py:115} INFO - [2022-07-06 20:19:34,698] {dag.py:2931} INFO - Setting next_dagrun for example_external_task_marker_parent to None, run_after=None
[2022-07-06 20:19:34,730] {processor.py:161} INFO - Processing /home/airflow/.local/lib/python3.7/site-packages/airflow/example_dags/example_external_task_marker_dag.py took 0.232 seconds
[2022-07-06 20:20:05,547] {processor.py:153} INFO - Started process (PID=2557) to work on /home/airflow/.local/lib/python3.7/site-packages/airflow/example_dags/example_external_task_marker_dag.py
[2022-07-06 20:20:05,570] {processor.py:641} INFO - Processing file /home/airflow/.local/lib/python3.7/site-packages/airflow/example_dags/example_external_task_marker_dag.py for tasks to queue
[2022-07-06 20:20:05,571] {logging_mixin.py:115} INFO - [2022-07-06 20:20:05,571] {dagbag.py:507} INFO - Filling up the DagBag from /home/airflow/.local/lib/python3.7/site-packages/airflow/example_dags/example_external_task_marker_dag.py
[2022-07-06 20:20:05,580] {processor.py:651} INFO - DAG(s) dict_keys(['example_external_task_marker_parent', 'example_external_task_marker_child']) retrieved from /home/airflow/.local/lib/python3.7/site-packages/airflow/example_dags/example_external_task_marker_dag.py
[2022-07-06 20:20:05,701] {logging_mixin.py:115} INFO - [2022-07-06 20:20:05,701] {dag.py:2379} INFO - Sync 2 DAGs
[2022-07-06 20:20:05,811] {logging_mixin.py:115} INFO - [2022-07-06 20:20:05,810] {dag.py:2931} INFO - Setting next_dagrun for example_external_task_marker_child to None, run_after=None
[2022-07-06 20:20:05,811] {logging_mixin.py:115} INFO - [2022-07-06 20:20:05,811] {dag.py:2931} INFO - Setting next_dagrun for example_external_task_marker_parent to None, run_after=None
[2022-07-06 20:20:06,003] {processor.py:161} INFO - Processing /home/airflow/.local/lib/python3.7/site-packages/airflow/example_dags/example_external_task_marker_dag.py took 0.464 seconds
[2022-07-06 20:20:36,869] {processor.py:153} INFO - Started process (PID=2617) to work on /home/airflow/.local/lib/python3.7/site-packages/airflow/example_dags/example_external_task_marker_dag.py
[2022-07-06 20:20:36,870] {processor.py:641} INFO - Processing file /home/airflow/.local/lib/python3.7/site-packages/airflow/example_dags/example_external_task_marker_dag.py for tasks to queue
[2022-07-06 20:20:36,871] {logging_mixin.py:115} INFO - [2022-07-06 20:20:36,871] {dagbag.py:507} INFO - Filling up the DagBag from /home/airflow/.local/lib/python3.7/site-packages/airflow/example_dags/example_external_task_marker_dag.py
[2022-07-06 20:20:36,891] {processor.py:651} INFO - DAG(s) dict_keys(['example_external_task_marker_parent', 'example_external_task_marker_child']) retrieved from /home/airflow/.local/lib/python3.7/site-packages/airflow/example_dags/example_external_task_marker_dag.py
[2022-07-06 20:20:37,041] {logging_mixin.py:115} INFO - [2022-07-06 20:20:37,041] {dag.py:2379} INFO - Sync 2 DAGs
[2022-07-06 20:20:37,088] {logging_mixin.py:115} INFO - [2022-07-06 20:20:37,088] {dag.py:2931} INFO - Setting next_dagrun for example_external_task_marker_child to None, run_after=None
[2022-07-06 20:20:37,089] {logging_mixin.py:115} INFO - [2022-07-06 20:20:37,089] {dag.py:2931} INFO - Setting next_dagrun for example_external_task_marker_parent to None, run_after=None
[2022-07-06 20:20:37,177] {processor.py:161} INFO - Processing /home/airflow/.local/lib/python3.7/site-packages/airflow/example_dags/example_external_task_marker_dag.py took 0.318 seconds
[2022-07-06 20:21:08,038] {processor.py:153} INFO - Started process (PID=2672) to work on /home/airflow/.local/lib/python3.7/site-packages/airflow/example_dags/example_external_task_marker_dag.py
[2022-07-06 20:21:08,057] {processor.py:641} INFO - Processing file /home/airflow/.local/lib/python3.7/site-packages/airflow/example_dags/example_external_task_marker_dag.py for tasks to queue
[2022-07-06 20:21:08,058] {logging_mixin.py:115} INFO - [2022-07-06 20:21:08,058] {dagbag.py:507} INFO - Filling up the DagBag from /home/airflow/.local/lib/python3.7/site-packages/airflow/example_dags/example_external_task_marker_dag.py
[2022-07-06 20:21:08,063] {processor.py:651} INFO - DAG(s) dict_keys(['example_external_task_marker_parent', 'example_external_task_marker_child']) retrieved from /home/airflow/.local/lib/python3.7/site-packages/airflow/example_dags/example_external_task_marker_dag.py
[2022-07-06 20:21:08,121] {logging_mixin.py:115} INFO - [2022-07-06 20:21:08,121] {dag.py:2379} INFO - Sync 2 DAGs
[2022-07-06 20:21:08,150] {logging_mixin.py:115} INFO - [2022-07-06 20:21:08,150] {dag.py:2931} INFO - Setting next_dagrun for example_external_task_marker_child to None, run_after=None
[2022-07-06 20:21:08,150] {logging_mixin.py:115} INFO - [2022-07-06 20:21:08,150] {dag.py:2931} INFO - Setting next_dagrun for example_external_task_marker_parent to None, run_after=None
[2022-07-06 20:21:08,176] {processor.py:161} INFO - Processing /home/airflow/.local/lib/python3.7/site-packages/airflow/example_dags/example_external_task_marker_dag.py took 0.143 seconds
[2022-07-06 20:21:39,092] {processor.py:153} INFO - Started process (PID=2723) to work on /home/airflow/.local/lib/python3.7/site-packages/airflow/example_dags/example_external_task_marker_dag.py
[2022-07-06 20:21:39,093] {processor.py:641} INFO - Processing file /home/airflow/.local/lib/python3.7/site-packages/airflow/example_dags/example_external_task_marker_dag.py for tasks to queue
[2022-07-06 20:21:39,094] {logging_mixin.py:115} INFO - [2022-07-06 20:21:39,094] {dagbag.py:507} INFO - Filling up the DagBag from /home/airflow/.local/lib/python3.7/site-packages/airflow/example_dags/example_external_task_marker_dag.py
[2022-07-06 20:21:39,102] {processor.py:651} INFO - DAG(s) dict_keys(['example_external_task_marker_parent', 'example_external_task_marker_child']) retrieved from /home/airflow/.local/lib/python3.7/site-packages/airflow/example_dags/example_external_task_marker_dag.py
[2022-07-06 20:21:39,199] {logging_mixin.py:115} INFO - [2022-07-06 20:21:39,199] {dag.py:2379} INFO - Sync 2 DAGs
[2022-07-06 20:21:39,247] {logging_mixin.py:115} INFO - [2022-07-06 20:21:39,247] {dag.py:2931} INFO - Setting next_dagrun for example_external_task_marker_child to None, run_after=None
[2022-07-06 20:21:39,248] {logging_mixin.py:115} INFO - [2022-07-06 20:21:39,248] {dag.py:2931} INFO - Setting next_dagrun for example_external_task_marker_parent to None, run_after=None
[2022-07-06 20:21:39,367] {processor.py:161} INFO - Processing /home/airflow/.local/lib/python3.7/site-packages/airflow/example_dags/example_external_task_marker_dag.py took 0.280 seconds
[2022-07-06 20:22:09,663] {processor.py:153} INFO - Started process (PID=2782) to work on /home/airflow/.local/lib/python3.7/site-packages/airflow/example_dags/example_external_task_marker_dag.py
[2022-07-06 20:22:09,680] {processor.py:641} INFO - Processing file /home/airflow/.local/lib/python3.7/site-packages/airflow/example_dags/example_external_task_marker_dag.py for tasks to queue
[2022-07-06 20:22:09,681] {logging_mixin.py:115} INFO - [2022-07-06 20:22:09,681] {dagbag.py:507} INFO - Filling up the DagBag from /home/airflow/.local/lib/python3.7/site-packages/airflow/example_dags/example_external_task_marker_dag.py
[2022-07-06 20:22:09,690] {processor.py:651} INFO - DAG(s) dict_keys(['example_external_task_marker_parent', 'example_external_task_marker_child']) retrieved from /home/airflow/.local/lib/python3.7/site-packages/airflow/example_dags/example_external_task_marker_dag.py
[2022-07-06 20:22:09,810] {logging_mixin.py:115} INFO - [2022-07-06 20:22:09,810] {dag.py:2379} INFO - Sync 2 DAGs
[2022-07-06 20:22:09,856] {logging_mixin.py:115} INFO - [2022-07-06 20:22:09,856] {dag.py:2931} INFO - Setting next_dagrun for example_external_task_marker_child to None, run_after=None
[2022-07-06 20:22:09,857] {logging_mixin.py:115} INFO - [2022-07-06 20:22:09,856] {dag.py:2931} INFO - Setting next_dagrun for example_external_task_marker_parent to None, run_after=None
[2022-07-06 20:22:09,897] {processor.py:161} INFO - Processing /home/airflow/.local/lib/python3.7/site-packages/airflow/example_dags/example_external_task_marker_dag.py took 0.247 seconds
[2022-07-06 20:22:40,798] {processor.py:153} INFO - Started process (PID=2825) to work on /home/airflow/.local/lib/python3.7/site-packages/airflow/example_dags/example_external_task_marker_dag.py
[2022-07-06 20:22:40,818] {processor.py:641} INFO - Processing file /home/airflow/.local/lib/python3.7/site-packages/airflow/example_dags/example_external_task_marker_dag.py for tasks to queue
[2022-07-06 20:22:40,819] {logging_mixin.py:115} INFO - [2022-07-06 20:22:40,818] {dagbag.py:507} INFO - Filling up the DagBag from /home/airflow/.local/lib/python3.7/site-packages/airflow/example_dags/example_external_task_marker_dag.py
[2022-07-06 20:22:40,827] {processor.py:651} INFO - DAG(s) dict_keys(['example_external_task_marker_parent', 'example_external_task_marker_child']) retrieved from /home/airflow/.local/lib/python3.7/site-packages/airflow/example_dags/example_external_task_marker_dag.py
[2022-07-06 20:22:40,906] {logging_mixin.py:115} INFO - [2022-07-06 20:22:40,906] {dag.py:2379} INFO - Sync 2 DAGs
[2022-07-06 20:22:40,950] {logging_mixin.py:115} INFO - [2022-07-06 20:22:40,950] {dag.py:2931} INFO - Setting next_dagrun for example_external_task_marker_child to None, run_after=None
[2022-07-06 20:22:40,953] {logging_mixin.py:115} INFO - [2022-07-06 20:22:40,953] {dag.py:2931} INFO - Setting next_dagrun for example_external_task_marker_parent to None, run_after=None
[2022-07-06 20:22:41,014] {processor.py:161} INFO - Processing /home/airflow/.local/lib/python3.7/site-packages/airflow/example_dags/example_external_task_marker_dag.py took 0.234 seconds
[2022-07-06 20:23:11,514] {processor.py:153} INFO - Started process (PID=2885) to work on /home/airflow/.local/lib/python3.7/site-packages/airflow/example_dags/example_external_task_marker_dag.py
[2022-07-06 20:23:11,515] {processor.py:641} INFO - Processing file /home/airflow/.local/lib/python3.7/site-packages/airflow/example_dags/example_external_task_marker_dag.py for tasks to queue
[2022-07-06 20:23:11,516] {logging_mixin.py:115} INFO - [2022-07-06 20:23:11,516] {dagbag.py:507} INFO - Filling up the DagBag from /home/airflow/.local/lib/python3.7/site-packages/airflow/example_dags/example_external_task_marker_dag.py
[2022-07-06 20:23:11,526] {processor.py:651} INFO - DAG(s) dict_keys(['example_external_task_marker_parent', 'example_external_task_marker_child']) retrieved from /home/airflow/.local/lib/python3.7/site-packages/airflow/example_dags/example_external_task_marker_dag.py
[2022-07-06 20:23:11,612] {logging_mixin.py:115} INFO - [2022-07-06 20:23:11,612] {dag.py:2379} INFO - Sync 2 DAGs
[2022-07-06 20:23:11,641] {logging_mixin.py:115} INFO - [2022-07-06 20:23:11,641] {dag.py:2931} INFO - Setting next_dagrun for example_external_task_marker_child to None, run_after=None
[2022-07-06 20:23:11,641] {logging_mixin.py:115} INFO - [2022-07-06 20:23:11,641] {dag.py:2931} INFO - Setting next_dagrun for example_external_task_marker_parent to None, run_after=None
[2022-07-06 20:23:11,738] {processor.py:161} INFO - Processing /home/airflow/.local/lib/python3.7/site-packages/airflow/example_dags/example_external_task_marker_dag.py took 0.230 seconds
[2022-07-06 20:23:42,407] {processor.py:153} INFO - Started process (PID=2936) to work on /home/airflow/.local/lib/python3.7/site-packages/airflow/example_dags/example_external_task_marker_dag.py
[2022-07-06 20:23:42,421] {processor.py:641} INFO - Processing file /home/airflow/.local/lib/python3.7/site-packages/airflow/example_dags/example_external_task_marker_dag.py for tasks to queue
[2022-07-06 20:23:42,423] {logging_mixin.py:115} INFO - [2022-07-06 20:23:42,422] {dagbag.py:507} INFO - Filling up the DagBag from /home/airflow/.local/lib/python3.7/site-packages/airflow/example_dags/example_external_task_marker_dag.py
[2022-07-06 20:23:42,430] {processor.py:651} INFO - DAG(s) dict_keys(['example_external_task_marker_parent', 'example_external_task_marker_child']) retrieved from /home/airflow/.local/lib/python3.7/site-packages/airflow/example_dags/example_external_task_marker_dag.py
[2022-07-06 20:23:42,523] {logging_mixin.py:115} INFO - [2022-07-06 20:23:42,522] {dag.py:2379} INFO - Sync 2 DAGs
[2022-07-06 20:23:42,569] {logging_mixin.py:115} INFO - [2022-07-06 20:23:42,569] {dag.py:2931} INFO - Setting next_dagrun for example_external_task_marker_child to None, run_after=None
[2022-07-06 20:23:42,570] {logging_mixin.py:115} INFO - [2022-07-06 20:23:42,570] {dag.py:2931} INFO - Setting next_dagrun for example_external_task_marker_parent to None, run_after=None
[2022-07-06 20:23:42,778] {processor.py:161} INFO - Processing /home/airflow/.local/lib/python3.7/site-packages/airflow/example_dags/example_external_task_marker_dag.py took 0.376 seconds
[2022-07-06 20:24:13,073] {processor.py:153} INFO - Started process (PID=2997) to work on /home/airflow/.local/lib/python3.7/site-packages/airflow/example_dags/example_external_task_marker_dag.py
[2022-07-06 20:24:13,073] {processor.py:641} INFO - Processing file /home/airflow/.local/lib/python3.7/site-packages/airflow/example_dags/example_external_task_marker_dag.py for tasks to queue
[2022-07-06 20:24:13,074] {logging_mixin.py:115} INFO - [2022-07-06 20:24:13,074] {dagbag.py:507} INFO - Filling up the DagBag from /home/airflow/.local/lib/python3.7/site-packages/airflow/example_dags/example_external_task_marker_dag.py
[2022-07-06 20:24:13,079] {processor.py:651} INFO - DAG(s) dict_keys(['example_external_task_marker_parent', 'example_external_task_marker_child']) retrieved from /home/airflow/.local/lib/python3.7/site-packages/airflow/example_dags/example_external_task_marker_dag.py
[2022-07-06 20:24:13,151] {logging_mixin.py:115} INFO - [2022-07-06 20:24:13,151] {dag.py:2379} INFO - Sync 2 DAGs
[2022-07-06 20:24:13,188] {logging_mixin.py:115} INFO - [2022-07-06 20:24:13,188] {dag.py:2931} INFO - Setting next_dagrun for example_external_task_marker_child to None, run_after=None
[2022-07-06 20:24:13,188] {logging_mixin.py:115} INFO - [2022-07-06 20:24:13,188] {dag.py:2931} INFO - Setting next_dagrun for example_external_task_marker_parent to None, run_after=None
[2022-07-06 20:24:13,224] {processor.py:161} INFO - Processing /home/airflow/.local/lib/python3.7/site-packages/airflow/example_dags/example_external_task_marker_dag.py took 0.156 seconds
[2022-07-06 20:24:44,720] {processor.py:153} INFO - Started process (PID=3051) to work on /home/airflow/.local/lib/python3.7/site-packages/airflow/example_dags/example_external_task_marker_dag.py
[2022-07-06 20:24:44,721] {processor.py:641} INFO - Processing file /home/airflow/.local/lib/python3.7/site-packages/airflow/example_dags/example_external_task_marker_dag.py for tasks to queue
[2022-07-06 20:24:44,722] {logging_mixin.py:115} INFO - [2022-07-06 20:24:44,721] {dagbag.py:507} INFO - Filling up the DagBag from /home/airflow/.local/lib/python3.7/site-packages/airflow/example_dags/example_external_task_marker_dag.py
[2022-07-06 20:24:44,734] {processor.py:651} INFO - DAG(s) dict_keys(['example_external_task_marker_parent', 'example_external_task_marker_child']) retrieved from /home/airflow/.local/lib/python3.7/site-packages/airflow/example_dags/example_external_task_marker_dag.py
[2022-07-06 20:24:44,836] {logging_mixin.py:115} INFO - [2022-07-06 20:24:44,836] {dag.py:2379} INFO - Sync 2 DAGs
[2022-07-06 20:24:44,902] {logging_mixin.py:115} INFO - [2022-07-06 20:24:44,902] {dag.py:2931} INFO - Setting next_dagrun for example_external_task_marker_child to None, run_after=None
[2022-07-06 20:24:44,903] {logging_mixin.py:115} INFO - [2022-07-06 20:24:44,903] {dag.py:2931} INFO - Setting next_dagrun for example_external_task_marker_parent to None, run_after=None
[2022-07-06 20:24:45,263] {processor.py:161} INFO - Processing /home/airflow/.local/lib/python3.7/site-packages/airflow/example_dags/example_external_task_marker_dag.py took 0.549 seconds
[2022-07-06 20:25:16,047] {processor.py:153} INFO - Started process (PID=3103) to work on /home/airflow/.local/lib/python3.7/site-packages/airflow/example_dags/example_external_task_marker_dag.py
[2022-07-06 20:25:16,049] {processor.py:641} INFO - Processing file /home/airflow/.local/lib/python3.7/site-packages/airflow/example_dags/example_external_task_marker_dag.py for tasks to queue
[2022-07-06 20:25:16,052] {logging_mixin.py:115} INFO - [2022-07-06 20:25:16,052] {dagbag.py:507} INFO - Filling up the DagBag from /home/airflow/.local/lib/python3.7/site-packages/airflow/example_dags/example_external_task_marker_dag.py
[2022-07-06 20:25:16,062] {processor.py:651} INFO - DAG(s) dict_keys(['example_external_task_marker_parent', 'example_external_task_marker_child']) retrieved from /home/airflow/.local/lib/python3.7/site-packages/airflow/example_dags/example_external_task_marker_dag.py
[2022-07-06 20:25:16,136] {logging_mixin.py:115} INFO - [2022-07-06 20:25:16,136] {dag.py:2379} INFO - Sync 2 DAGs
[2022-07-06 20:25:16,172] {logging_mixin.py:115} INFO - [2022-07-06 20:25:16,172] {dag.py:2931} INFO - Setting next_dagrun for example_external_task_marker_child to None, run_after=None
[2022-07-06 20:25:16,173] {logging_mixin.py:115} INFO - [2022-07-06 20:25:16,173] {dag.py:2931} INFO - Setting next_dagrun for example_external_task_marker_parent to None, run_after=None
[2022-07-06 20:25:16,214] {processor.py:161} INFO - Processing /home/airflow/.local/lib/python3.7/site-packages/airflow/example_dags/example_external_task_marker_dag.py took 0.191 seconds
[2022-07-06 20:25:46,529] {processor.py:153} INFO - Started process (PID=3166) to work on /home/airflow/.local/lib/python3.7/site-packages/airflow/example_dags/example_external_task_marker_dag.py
[2022-07-06 20:25:46,531] {processor.py:641} INFO - Processing file /home/airflow/.local/lib/python3.7/site-packages/airflow/example_dags/example_external_task_marker_dag.py for tasks to queue
[2022-07-06 20:25:46,532] {logging_mixin.py:115} INFO - [2022-07-06 20:25:46,532] {dagbag.py:507} INFO - Filling up the DagBag from /home/airflow/.local/lib/python3.7/site-packages/airflow/example_dags/example_external_task_marker_dag.py
[2022-07-06 20:25:46,539] {processor.py:651} INFO - DAG(s) dict_keys(['example_external_task_marker_parent', 'example_external_task_marker_child']) retrieved from /home/airflow/.local/lib/python3.7/site-packages/airflow/example_dags/example_external_task_marker_dag.py
[2022-07-06 20:25:46,599] {logging_mixin.py:115} INFO - [2022-07-06 20:25:46,599] {dag.py:2379} INFO - Sync 2 DAGs
[2022-07-06 20:25:46,630] {logging_mixin.py:115} INFO - [2022-07-06 20:25:46,630] {dag.py:2931} INFO - Setting next_dagrun for example_external_task_marker_child to None, run_after=None
[2022-07-06 20:25:46,631] {logging_mixin.py:115} INFO - [2022-07-06 20:25:46,631] {dag.py:2931} INFO - Setting next_dagrun for example_external_task_marker_parent to None, run_after=None
[2022-07-06 20:25:46,666] {processor.py:161} INFO - Processing /home/airflow/.local/lib/python3.7/site-packages/airflow/example_dags/example_external_task_marker_dag.py took 0.146 seconds
[2022-07-06 20:26:18,717] {processor.py:153} INFO - Started process (PID=3216) to work on /home/airflow/.local/lib/python3.7/site-packages/airflow/example_dags/example_external_task_marker_dag.py
[2022-07-06 20:26:18,717] {processor.py:641} INFO - Processing file /home/airflow/.local/lib/python3.7/site-packages/airflow/example_dags/example_external_task_marker_dag.py for tasks to queue
[2022-07-06 20:26:18,718] {logging_mixin.py:115} INFO - [2022-07-06 20:26:18,718] {dagbag.py:507} INFO - Filling up the DagBag from /home/airflow/.local/lib/python3.7/site-packages/airflow/example_dags/example_external_task_marker_dag.py
[2022-07-06 20:26:18,763] {processor.py:651} INFO - DAG(s) dict_keys(['example_external_task_marker_parent', 'example_external_task_marker_child']) retrieved from /home/airflow/.local/lib/python3.7/site-packages/airflow/example_dags/example_external_task_marker_dag.py
[2022-07-06 20:26:19,100] {logging_mixin.py:115} INFO - [2022-07-06 20:26:19,100] {dag.py:2379} INFO - Sync 2 DAGs
[2022-07-06 20:26:19,204] {logging_mixin.py:115} INFO - [2022-07-06 20:26:19,203] {dag.py:2931} INFO - Setting next_dagrun for example_external_task_marker_child to None, run_after=None
[2022-07-06 20:26:19,204] {logging_mixin.py:115} INFO - [2022-07-06 20:26:19,204] {dag.py:2931} INFO - Setting next_dagrun for example_external_task_marker_parent to None, run_after=None
[2022-07-06 20:26:19,259] {processor.py:161} INFO - Processing /home/airflow/.local/lib/python3.7/site-packages/airflow/example_dags/example_external_task_marker_dag.py took 0.619 seconds
[2022-07-06 20:26:49,676] {processor.py:153} INFO - Started process (PID=3279) to work on /home/airflow/.local/lib/python3.7/site-packages/airflow/example_dags/example_external_task_marker_dag.py
[2022-07-06 20:26:49,741] {processor.py:641} INFO - Processing file /home/airflow/.local/lib/python3.7/site-packages/airflow/example_dags/example_external_task_marker_dag.py for tasks to queue
[2022-07-06 20:26:49,744] {logging_mixin.py:115} INFO - [2022-07-06 20:26:49,743] {dagbag.py:507} INFO - Filling up the DagBag from /home/airflow/.local/lib/python3.7/site-packages/airflow/example_dags/example_external_task_marker_dag.py
[2022-07-06 20:26:49,764] {processor.py:651} INFO - DAG(s) dict_keys(['example_external_task_marker_parent', 'example_external_task_marker_child']) retrieved from /home/airflow/.local/lib/python3.7/site-packages/airflow/example_dags/example_external_task_marker_dag.py
[2022-07-06 20:26:49,879] {logging_mixin.py:115} INFO - [2022-07-06 20:26:49,879] {dag.py:2379} INFO - Sync 2 DAGs
[2022-07-06 20:26:49,909] {logging_mixin.py:115} INFO - [2022-07-06 20:26:49,908] {dag.py:2931} INFO - Setting next_dagrun for example_external_task_marker_child to None, run_after=None
[2022-07-06 20:26:49,909] {logging_mixin.py:115} INFO - [2022-07-06 20:26:49,909] {dag.py:2931} INFO - Setting next_dagrun for example_external_task_marker_parent to None, run_after=None
[2022-07-06 20:26:49,943] {processor.py:161} INFO - Processing /home/airflow/.local/lib/python3.7/site-packages/airflow/example_dags/example_external_task_marker_dag.py took 0.278 seconds
