[2022-07-06 19:38:46,073] {processor.py:153} INFO - Started process (PID=139) to work on /home/airflow/.local/lib/python3.7/site-packages/airflow/example_dags/example_branch_operator_decorator.py
[2022-07-06 19:38:46,074] {processor.py:641} INFO - Processing file /home/airflow/.local/lib/python3.7/site-packages/airflow/example_dags/example_branch_operator_decorator.py for tasks to queue
[2022-07-06 19:38:46,075] {logging_mixin.py:115} INFO - [2022-07-06 19:38:46,075] {dagbag.py:507} INFO - Filling up the DagBag from /home/airflow/.local/lib/python3.7/site-packages/airflow/example_dags/example_branch_operator_decorator.py
[2022-07-06 19:38:46,124] {processor.py:651} INFO - DAG(s) dict_keys(['example_branch_python_operator_decorator']) retrieved from /home/airflow/.local/lib/python3.7/site-packages/airflow/example_dags/example_branch_operator_decorator.py
[2022-07-06 19:38:46,575] {logging_mixin.py:115} INFO - [2022-07-06 19:38:46,575] {manager.py:508} INFO - Created Permission View: can delete on DAG:example_branch_python_operator_decorator
[2022-07-06 19:38:46,736] {logging_mixin.py:115} INFO - [2022-07-06 19:38:46,736] {manager.py:508} INFO - Created Permission View: can edit on DAG:example_branch_python_operator_decorator
[2022-07-06 19:38:46,924] {logging_mixin.py:115} INFO - [2022-07-06 19:38:46,924] {manager.py:508} INFO - Created Permission View: can read on DAG:example_branch_python_operator_decorator
[2022-07-06 19:38:46,924] {logging_mixin.py:115} INFO - [2022-07-06 19:38:46,924] {dag.py:2379} INFO - Sync 1 DAGs
[2022-07-06 19:38:47,005] {logging_mixin.py:115} INFO - [2022-07-06 19:38:47,005] {dag.py:2398} INFO - Creating ORM DAG for example_branch_python_operator_decorator
[2022-07-06 19:38:47,066] {logging_mixin.py:115} INFO - [2022-07-06 19:38:47,066] {dag.py:2931} INFO - Setting next_dagrun for example_branch_python_operator_decorator to 2022-07-05T00:00:00+00:00, run_after=2022-07-06T00:00:00+00:00
[2022-07-06 19:38:47,298] {processor.py:161} INFO - Processing /home/airflow/.local/lib/python3.7/site-packages/airflow/example_dags/example_branch_operator_decorator.py took 1.234 seconds
[2022-07-06 19:39:47,631] {processor.py:153} INFO - Started process (PID=195) to work on /home/airflow/.local/lib/python3.7/site-packages/airflow/example_dags/example_branch_operator_decorator.py
[2022-07-06 19:39:47,706] {processor.py:641} INFO - Processing file /home/airflow/.local/lib/python3.7/site-packages/airflow/example_dags/example_branch_operator_decorator.py for tasks to queue
[2022-07-06 19:39:47,707] {logging_mixin.py:115} INFO - [2022-07-06 19:39:47,707] {dagbag.py:507} INFO - Filling up the DagBag from /home/airflow/.local/lib/python3.7/site-packages/airflow/example_dags/example_branch_operator_decorator.py
[2022-07-06 19:39:48,112] {processor.py:651} INFO - DAG(s) dict_keys(['example_branch_python_operator_decorator']) retrieved from /home/airflow/.local/lib/python3.7/site-packages/airflow/example_dags/example_branch_operator_decorator.py
[2022-07-06 19:39:48,141] {logging_mixin.py:115} INFO - [2022-07-06 19:39:48,141] {dag.py:2379} INFO - Sync 1 DAGs
[2022-07-06 19:39:48,176] {logging_mixin.py:115} INFO - [2022-07-06 19:39:48,176] {dag.py:2931} INFO - Setting next_dagrun for example_branch_python_operator_decorator to 2022-07-05T00:00:00+00:00, run_after=2022-07-06T00:00:00+00:00
[2022-07-06 19:39:48,524] {processor.py:161} INFO - Processing /home/airflow/.local/lib/python3.7/site-packages/airflow/example_dags/example_branch_operator_decorator.py took 0.903 seconds
[2022-07-06 19:40:19,195] {processor.py:153} INFO - Started process (PID=248) to work on /home/airflow/.local/lib/python3.7/site-packages/airflow/example_dags/example_branch_operator_decorator.py
[2022-07-06 19:40:19,196] {processor.py:641} INFO - Processing file /home/airflow/.local/lib/python3.7/site-packages/airflow/example_dags/example_branch_operator_decorator.py for tasks to queue
[2022-07-06 19:40:19,196] {logging_mixin.py:115} INFO - [2022-07-06 19:40:19,196] {dagbag.py:507} INFO - Filling up the DagBag from /home/airflow/.local/lib/python3.7/site-packages/airflow/example_dags/example_branch_operator_decorator.py
[2022-07-06 19:40:19,230] {processor.py:651} INFO - DAG(s) dict_keys(['example_branch_python_operator_decorator']) retrieved from /home/airflow/.local/lib/python3.7/site-packages/airflow/example_dags/example_branch_operator_decorator.py
[2022-07-06 19:40:19,268] {logging_mixin.py:115} INFO - [2022-07-06 19:40:19,267] {dag.py:2379} INFO - Sync 1 DAGs
[2022-07-06 19:40:19,300] {logging_mixin.py:115} INFO - [2022-07-06 19:40:19,300] {dag.py:2931} INFO - Setting next_dagrun for example_branch_python_operator_decorator to 2022-07-05T00:00:00+00:00, run_after=2022-07-06T00:00:00+00:00
[2022-07-06 19:40:19,408] {processor.py:161} INFO - Processing /home/airflow/.local/lib/python3.7/site-packages/airflow/example_dags/example_branch_operator_decorator.py took 0.216 seconds
[2022-07-06 19:40:49,442] {processor.py:153} INFO - Started process (PID=301) to work on /home/airflow/.local/lib/python3.7/site-packages/airflow/example_dags/example_branch_operator_decorator.py
[2022-07-06 19:40:49,478] {processor.py:641} INFO - Processing file /home/airflow/.local/lib/python3.7/site-packages/airflow/example_dags/example_branch_operator_decorator.py for tasks to queue
[2022-07-06 19:40:49,479] {logging_mixin.py:115} INFO - [2022-07-06 19:40:49,479] {dagbag.py:507} INFO - Filling up the DagBag from /home/airflow/.local/lib/python3.7/site-packages/airflow/example_dags/example_branch_operator_decorator.py
[2022-07-06 19:40:49,518] {processor.py:651} INFO - DAG(s) dict_keys(['example_branch_python_operator_decorator']) retrieved from /home/airflow/.local/lib/python3.7/site-packages/airflow/example_dags/example_branch_operator_decorator.py
[2022-07-06 19:40:49,560] {logging_mixin.py:115} INFO - [2022-07-06 19:40:49,560] {dag.py:2379} INFO - Sync 1 DAGs
[2022-07-06 19:40:49,598] {logging_mixin.py:115} INFO - [2022-07-06 19:40:49,598] {dag.py:2931} INFO - Setting next_dagrun for example_branch_python_operator_decorator to 2022-07-05T00:00:00+00:00, run_after=2022-07-06T00:00:00+00:00
[2022-07-06 19:40:49,637] {processor.py:161} INFO - Processing /home/airflow/.local/lib/python3.7/site-packages/airflow/example_dags/example_branch_operator_decorator.py took 0.200 seconds
[2022-07-06 19:41:20,046] {processor.py:153} INFO - Started process (PID=352) to work on /home/airflow/.local/lib/python3.7/site-packages/airflow/example_dags/example_branch_operator_decorator.py
[2022-07-06 19:41:20,047] {processor.py:641} INFO - Processing file /home/airflow/.local/lib/python3.7/site-packages/airflow/example_dags/example_branch_operator_decorator.py for tasks to queue
[2022-07-06 19:41:20,048] {logging_mixin.py:115} INFO - [2022-07-06 19:41:20,048] {dagbag.py:507} INFO - Filling up the DagBag from /home/airflow/.local/lib/python3.7/site-packages/airflow/example_dags/example_branch_operator_decorator.py
[2022-07-06 19:41:20,084] {processor.py:651} INFO - DAG(s) dict_keys(['example_branch_python_operator_decorator']) retrieved from /home/airflow/.local/lib/python3.7/site-packages/airflow/example_dags/example_branch_operator_decorator.py
[2022-07-06 19:41:20,122] {logging_mixin.py:115} INFO - [2022-07-06 19:41:20,122] {dag.py:2379} INFO - Sync 1 DAGs
[2022-07-06 19:41:20,155] {logging_mixin.py:115} INFO - [2022-07-06 19:41:20,155] {dag.py:2931} INFO - Setting next_dagrun for example_branch_python_operator_decorator to 2022-07-05T00:00:00+00:00, run_after=2022-07-06T00:00:00+00:00
[2022-07-06 19:41:20,187] {processor.py:161} INFO - Processing /home/airflow/.local/lib/python3.7/site-packages/airflow/example_dags/example_branch_operator_decorator.py took 0.145 seconds
[2022-07-06 19:42:06,987] {processor.py:153} INFO - Started process (PID=400) to work on /home/airflow/.local/lib/python3.7/site-packages/airflow/example_dags/example_branch_operator_decorator.py
[2022-07-06 19:42:07,326] {processor.py:641} INFO - Processing file /home/airflow/.local/lib/python3.7/site-packages/airflow/example_dags/example_branch_operator_decorator.py for tasks to queue
[2022-07-06 19:42:07,327] {logging_mixin.py:115} INFO - [2022-07-06 19:42:07,327] {dagbag.py:507} INFO - Filling up the DagBag from /home/airflow/.local/lib/python3.7/site-packages/airflow/example_dags/example_branch_operator_decorator.py
[2022-07-06 19:42:07,883] {processor.py:651} INFO - DAG(s) dict_keys(['example_branch_python_operator_decorator']) retrieved from /home/airflow/.local/lib/python3.7/site-packages/airflow/example_dags/example_branch_operator_decorator.py
[2022-07-06 19:42:07,912] {logging_mixin.py:115} INFO - [2022-07-06 19:42:07,912] {dag.py:2379} INFO - Sync 1 DAGs
[2022-07-06 19:42:07,937] {logging_mixin.py:115} INFO - [2022-07-06 19:42:07,937] {dag.py:2931} INFO - Setting next_dagrun for example_branch_python_operator_decorator to 2022-07-05T00:00:00+00:00, run_after=2022-07-06T00:00:00+00:00
[2022-07-06 19:42:08,511] {processor.py:161} INFO - Processing /home/airflow/.local/lib/python3.7/site-packages/airflow/example_dags/example_branch_operator_decorator.py took 1.531 seconds
[2022-07-06 19:44:51,887] {processor.py:153} INFO - Started process (PID=462) to work on /home/airflow/.local/lib/python3.7/site-packages/airflow/example_dags/example_branch_operator_decorator.py
[2022-07-06 19:44:52,158] {processor.py:641} INFO - Processing file /home/airflow/.local/lib/python3.7/site-packages/airflow/example_dags/example_branch_operator_decorator.py for tasks to queue
[2022-07-06 19:44:52,159] {logging_mixin.py:115} INFO - [2022-07-06 19:44:52,159] {dagbag.py:507} INFO - Filling up the DagBag from /home/airflow/.local/lib/python3.7/site-packages/airflow/example_dags/example_branch_operator_decorator.py
[2022-07-06 19:44:53,155] {processor.py:651} INFO - DAG(s) dict_keys(['example_branch_python_operator_decorator']) retrieved from /home/airflow/.local/lib/python3.7/site-packages/airflow/example_dags/example_branch_operator_decorator.py
[2022-07-06 19:44:53,265] {logging_mixin.py:115} INFO - [2022-07-06 19:44:53,265] {dag.py:2379} INFO - Sync 1 DAGs
[2022-07-06 19:44:53,303] {logging_mixin.py:115} INFO - [2022-07-06 19:44:53,303] {dag.py:2931} INFO - Setting next_dagrun for example_branch_python_operator_decorator to 2022-07-05T00:00:00+00:00, run_after=2022-07-06T00:00:00+00:00
[2022-07-06 19:44:53,521] {processor.py:161} INFO - Processing /home/airflow/.local/lib/python3.7/site-packages/airflow/example_dags/example_branch_operator_decorator.py took 1.650 seconds
[2022-07-06 19:54:36,850] {processor.py:153} INFO - Started process (PID=130) to work on /home/airflow/.local/lib/python3.7/site-packages/airflow/example_dags/example_branch_operator_decorator.py
[2022-07-06 19:54:36,923] {processor.py:641} INFO - Processing file /home/airflow/.local/lib/python3.7/site-packages/airflow/example_dags/example_branch_operator_decorator.py for tasks to queue
[2022-07-06 19:54:36,924] {logging_mixin.py:115} INFO - [2022-07-06 19:54:36,924] {dagbag.py:507} INFO - Filling up the DagBag from /home/airflow/.local/lib/python3.7/site-packages/airflow/example_dags/example_branch_operator_decorator.py
[2022-07-06 19:54:36,989] {processor.py:651} INFO - DAG(s) dict_keys(['example_branch_python_operator_decorator']) retrieved from /home/airflow/.local/lib/python3.7/site-packages/airflow/example_dags/example_branch_operator_decorator.py
[2022-07-06 19:54:37,057] {logging_mixin.py:115} INFO - [2022-07-06 19:54:37,057] {dag.py:2379} INFO - Sync 1 DAGs
[2022-07-06 19:54:37,132] {logging_mixin.py:115} INFO - [2022-07-06 19:54:37,131] {dag.py:2931} INFO - Setting next_dagrun for example_branch_python_operator_decorator to 2022-07-05T00:00:00+00:00, run_after=2022-07-06T00:00:00+00:00
[2022-07-06 19:54:37,305] {processor.py:161} INFO - Processing /home/airflow/.local/lib/python3.7/site-packages/airflow/example_dags/example_branch_operator_decorator.py took 0.460 seconds
[2022-07-06 19:55:15,025] {processor.py:153} INFO - Started process (PID=182) to work on /home/airflow/.local/lib/python3.7/site-packages/airflow/example_dags/example_branch_operator_decorator.py
[2022-07-06 19:55:15,117] {processor.py:641} INFO - Processing file /home/airflow/.local/lib/python3.7/site-packages/airflow/example_dags/example_branch_operator_decorator.py for tasks to queue
[2022-07-06 19:55:15,118] {logging_mixin.py:115} INFO - [2022-07-06 19:55:15,118] {dagbag.py:507} INFO - Filling up the DagBag from /home/airflow/.local/lib/python3.7/site-packages/airflow/example_dags/example_branch_operator_decorator.py
[2022-07-06 19:55:15,156] {processor.py:651} INFO - DAG(s) dict_keys(['example_branch_python_operator_decorator']) retrieved from /home/airflow/.local/lib/python3.7/site-packages/airflow/example_dags/example_branch_operator_decorator.py
[2022-07-06 19:55:15,198] {logging_mixin.py:115} INFO - [2022-07-06 19:55:15,198] {dag.py:2379} INFO - Sync 1 DAGs
[2022-07-06 19:55:15,244] {logging_mixin.py:115} INFO - [2022-07-06 19:55:15,244] {dag.py:2931} INFO - Setting next_dagrun for example_branch_python_operator_decorator to 2022-07-05T00:00:00+00:00, run_after=2022-07-06T00:00:00+00:00
[2022-07-06 19:55:15,372] {processor.py:161} INFO - Processing /home/airflow/.local/lib/python3.7/site-packages/airflow/example_dags/example_branch_operator_decorator.py took 0.350 seconds
[2022-07-06 19:57:17,204] {processor.py:153} INFO - Started process (PID=298) to work on /home/airflow/.local/lib/python3.7/site-packages/airflow/example_dags/example_branch_operator_decorator.py
[2022-07-06 19:57:17,241] {processor.py:641} INFO - Processing file /home/airflow/.local/lib/python3.7/site-packages/airflow/example_dags/example_branch_operator_decorator.py for tasks to queue
[2022-07-06 19:57:17,242] {logging_mixin.py:115} INFO - [2022-07-06 19:57:17,242] {dagbag.py:507} INFO - Filling up the DagBag from /home/airflow/.local/lib/python3.7/site-packages/airflow/example_dags/example_branch_operator_decorator.py
[2022-07-06 19:57:17,317] {processor.py:651} INFO - DAG(s) dict_keys(['example_branch_python_operator_decorator']) retrieved from /home/airflow/.local/lib/python3.7/site-packages/airflow/example_dags/example_branch_operator_decorator.py
[2022-07-06 19:57:17,398] {logging_mixin.py:115} INFO - [2022-07-06 19:57:17,398] {dag.py:2379} INFO - Sync 1 DAGs
[2022-07-06 19:57:17,483] {logging_mixin.py:115} INFO - [2022-07-06 19:57:17,483] {dag.py:2931} INFO - Setting next_dagrun for example_branch_python_operator_decorator to 2022-07-05T00:00:00+00:00, run_after=2022-07-06T00:00:00+00:00
[2022-07-06 19:57:17,985] {processor.py:161} INFO - Processing /home/airflow/.local/lib/python3.7/site-packages/airflow/example_dags/example_branch_operator_decorator.py took 0.794 seconds
[2022-07-06 19:58:30,383] {processor.py:153} INFO - Started process (PID=380) to work on /home/airflow/.local/lib/python3.7/site-packages/airflow/example_dags/example_branch_operator_decorator.py
[2022-07-06 19:58:30,391] {processor.py:641} INFO - Processing file /home/airflow/.local/lib/python3.7/site-packages/airflow/example_dags/example_branch_operator_decorator.py for tasks to queue
[2022-07-06 19:58:30,392] {logging_mixin.py:115} INFO - [2022-07-06 19:58:30,392] {dagbag.py:507} INFO - Filling up the DagBag from /home/airflow/.local/lib/python3.7/site-packages/airflow/example_dags/example_branch_operator_decorator.py
[2022-07-06 19:58:30,439] {processor.py:651} INFO - DAG(s) dict_keys(['example_branch_python_operator_decorator']) retrieved from /home/airflow/.local/lib/python3.7/site-packages/airflow/example_dags/example_branch_operator_decorator.py
[2022-07-06 19:58:30,527] {logging_mixin.py:115} INFO - [2022-07-06 19:58:30,527] {dag.py:2379} INFO - Sync 1 DAGs
[2022-07-06 19:58:30,571] {logging_mixin.py:115} INFO - [2022-07-06 19:58:30,571] {dag.py:2931} INFO - Setting next_dagrun for example_branch_python_operator_decorator to 2022-07-05T00:00:00+00:00, run_after=2022-07-06T00:00:00+00:00
[2022-07-06 19:58:31,171] {processor.py:161} INFO - Processing /home/airflow/.local/lib/python3.7/site-packages/airflow/example_dags/example_branch_operator_decorator.py took 0.797 seconds
[2022-07-06 19:59:01,595] {processor.py:153} INFO - Started process (PID=441) to work on /home/airflow/.local/lib/python3.7/site-packages/airflow/example_dags/example_branch_operator_decorator.py
[2022-07-06 19:59:01,596] {processor.py:641} INFO - Processing file /home/airflow/.local/lib/python3.7/site-packages/airflow/example_dags/example_branch_operator_decorator.py for tasks to queue
[2022-07-06 19:59:01,596] {logging_mixin.py:115} INFO - [2022-07-06 19:59:01,596] {dagbag.py:507} INFO - Filling up the DagBag from /home/airflow/.local/lib/python3.7/site-packages/airflow/example_dags/example_branch_operator_decorator.py
[2022-07-06 19:59:01,635] {processor.py:651} INFO - DAG(s) dict_keys(['example_branch_python_operator_decorator']) retrieved from /home/airflow/.local/lib/python3.7/site-packages/airflow/example_dags/example_branch_operator_decorator.py
[2022-07-06 19:59:01,701] {logging_mixin.py:115} INFO - [2022-07-06 19:59:01,701] {dag.py:2379} INFO - Sync 1 DAGs
[2022-07-06 19:59:01,800] {logging_mixin.py:115} INFO - [2022-07-06 19:59:01,799] {dag.py:2931} INFO - Setting next_dagrun for example_branch_python_operator_decorator to 2022-07-05T00:00:00+00:00, run_after=2022-07-06T00:00:00+00:00
[2022-07-06 19:59:02,015] {processor.py:161} INFO - Processing /home/airflow/.local/lib/python3.7/site-packages/airflow/example_dags/example_branch_operator_decorator.py took 0.425 seconds
[2022-07-06 19:59:59,692] {processor.py:153} INFO - Started process (PID=501) to work on /home/airflow/.local/lib/python3.7/site-packages/airflow/example_dags/example_branch_operator_decorator.py
[2022-07-06 19:59:59,727] {processor.py:641} INFO - Processing file /home/airflow/.local/lib/python3.7/site-packages/airflow/example_dags/example_branch_operator_decorator.py for tasks to queue
[2022-07-06 19:59:59,729] {logging_mixin.py:115} INFO - [2022-07-06 19:59:59,729] {dagbag.py:507} INFO - Filling up the DagBag from /home/airflow/.local/lib/python3.7/site-packages/airflow/example_dags/example_branch_operator_decorator.py
[2022-07-06 19:59:59,784] {processor.py:651} INFO - DAG(s) dict_keys(['example_branch_python_operator_decorator']) retrieved from /home/airflow/.local/lib/python3.7/site-packages/airflow/example_dags/example_branch_operator_decorator.py
[2022-07-06 19:59:59,817] {logging_mixin.py:115} INFO - [2022-07-06 19:59:59,817] {dag.py:2379} INFO - Sync 1 DAGs
[2022-07-06 19:59:59,849] {logging_mixin.py:115} INFO - [2022-07-06 19:59:59,849] {dag.py:2931} INFO - Setting next_dagrun for example_branch_python_operator_decorator to 2022-07-05T00:00:00+00:00, run_after=2022-07-06T00:00:00+00:00
[2022-07-06 19:59:59,936] {processor.py:161} INFO - Processing /home/airflow/.local/lib/python3.7/site-packages/airflow/example_dags/example_branch_operator_decorator.py took 0.255 seconds
[2022-07-06 20:00:30,760] {processor.py:153} INFO - Started process (PID=561) to work on /home/airflow/.local/lib/python3.7/site-packages/airflow/example_dags/example_branch_operator_decorator.py
[2022-07-06 20:00:30,777] {processor.py:641} INFO - Processing file /home/airflow/.local/lib/python3.7/site-packages/airflow/example_dags/example_branch_operator_decorator.py for tasks to queue
[2022-07-06 20:00:30,778] {logging_mixin.py:115} INFO - [2022-07-06 20:00:30,777] {dagbag.py:507} INFO - Filling up the DagBag from /home/airflow/.local/lib/python3.7/site-packages/airflow/example_dags/example_branch_operator_decorator.py
[2022-07-06 20:00:30,809] {processor.py:651} INFO - DAG(s) dict_keys(['example_branch_python_operator_decorator']) retrieved from /home/airflow/.local/lib/python3.7/site-packages/airflow/example_dags/example_branch_operator_decorator.py
[2022-07-06 20:00:30,852] {logging_mixin.py:115} INFO - [2022-07-06 20:00:30,852] {dag.py:2379} INFO - Sync 1 DAGs
[2022-07-06 20:00:30,898] {logging_mixin.py:115} INFO - [2022-07-06 20:00:30,898] {dag.py:2931} INFO - Setting next_dagrun for example_branch_python_operator_decorator to 2022-07-05T00:00:00+00:00, run_after=2022-07-06T00:00:00+00:00
[2022-07-06 20:00:30,950] {processor.py:161} INFO - Processing /home/airflow/.local/lib/python3.7/site-packages/airflow/example_dags/example_branch_operator_decorator.py took 0.196 seconds
[2022-07-06 20:01:10,809] {processor.py:153} INFO - Started process (PID=622) to work on /home/airflow/.local/lib/python3.7/site-packages/airflow/example_dags/example_branch_operator_decorator.py
[2022-07-06 20:01:10,994] {processor.py:641} INFO - Processing file /home/airflow/.local/lib/python3.7/site-packages/airflow/example_dags/example_branch_operator_decorator.py for tasks to queue
[2022-07-06 20:01:10,995] {logging_mixin.py:115} INFO - [2022-07-06 20:01:10,995] {dagbag.py:507} INFO - Filling up the DagBag from /home/airflow/.local/lib/python3.7/site-packages/airflow/example_dags/example_branch_operator_decorator.py
[2022-07-06 20:01:11,024] {processor.py:651} INFO - DAG(s) dict_keys(['example_branch_python_operator_decorator']) retrieved from /home/airflow/.local/lib/python3.7/site-packages/airflow/example_dags/example_branch_operator_decorator.py
[2022-07-06 20:01:11,061] {logging_mixin.py:115} INFO - [2022-07-06 20:01:11,061] {dag.py:2379} INFO - Sync 1 DAGs
[2022-07-06 20:01:11,092] {logging_mixin.py:115} INFO - [2022-07-06 20:01:11,092] {dag.py:2931} INFO - Setting next_dagrun for example_branch_python_operator_decorator to 2022-07-05T00:00:00+00:00, run_after=2022-07-06T00:00:00+00:00
[2022-07-06 20:01:11,297] {processor.py:161} INFO - Processing /home/airflow/.local/lib/python3.7/site-packages/airflow/example_dags/example_branch_operator_decorator.py took 0.492 seconds
[2022-07-06 20:01:52,667] {processor.py:153} INFO - Started process (PID=683) to work on /home/airflow/.local/lib/python3.7/site-packages/airflow/example_dags/example_branch_operator_decorator.py
[2022-07-06 20:01:52,667] {processor.py:641} INFO - Processing file /home/airflow/.local/lib/python3.7/site-packages/airflow/example_dags/example_branch_operator_decorator.py for tasks to queue
[2022-07-06 20:01:52,668] {logging_mixin.py:115} INFO - [2022-07-06 20:01:52,668] {dagbag.py:507} INFO - Filling up the DagBag from /home/airflow/.local/lib/python3.7/site-packages/airflow/example_dags/example_branch_operator_decorator.py
[2022-07-06 20:01:52,691] {processor.py:651} INFO - DAG(s) dict_keys(['example_branch_python_operator_decorator']) retrieved from /home/airflow/.local/lib/python3.7/site-packages/airflow/example_dags/example_branch_operator_decorator.py
[2022-07-06 20:01:52,731] {logging_mixin.py:115} INFO - [2022-07-06 20:01:52,730] {dag.py:2379} INFO - Sync 1 DAGs
[2022-07-06 20:01:52,773] {logging_mixin.py:115} INFO - [2022-07-06 20:01:52,773] {dag.py:2931} INFO - Setting next_dagrun for example_branch_python_operator_decorator to 2022-07-05T00:00:00+00:00, run_after=2022-07-06T00:00:00+00:00
[2022-07-06 20:01:52,846] {processor.py:161} INFO - Processing /home/airflow/.local/lib/python3.7/site-packages/airflow/example_dags/example_branch_operator_decorator.py took 0.183 seconds
[2022-07-06 20:02:23,583] {processor.py:153} INFO - Started process (PID=734) to work on /home/airflow/.local/lib/python3.7/site-packages/airflow/example_dags/example_branch_operator_decorator.py
[2022-07-06 20:02:23,584] {processor.py:641} INFO - Processing file /home/airflow/.local/lib/python3.7/site-packages/airflow/example_dags/example_branch_operator_decorator.py for tasks to queue
[2022-07-06 20:02:23,585] {logging_mixin.py:115} INFO - [2022-07-06 20:02:23,585] {dagbag.py:507} INFO - Filling up the DagBag from /home/airflow/.local/lib/python3.7/site-packages/airflow/example_dags/example_branch_operator_decorator.py
[2022-07-06 20:02:23,618] {processor.py:651} INFO - DAG(s) dict_keys(['example_branch_python_operator_decorator']) retrieved from /home/airflow/.local/lib/python3.7/site-packages/airflow/example_dags/example_branch_operator_decorator.py
[2022-07-06 20:02:23,660] {logging_mixin.py:115} INFO - [2022-07-06 20:02:23,660] {dag.py:2379} INFO - Sync 1 DAGs
[2022-07-06 20:02:23,705] {logging_mixin.py:115} INFO - [2022-07-06 20:02:23,705] {dag.py:2931} INFO - Setting next_dagrun for example_branch_python_operator_decorator to 2022-07-05T00:00:00+00:00, run_after=2022-07-06T00:00:00+00:00
[2022-07-06 20:02:23,751] {processor.py:161} INFO - Processing /home/airflow/.local/lib/python3.7/site-packages/airflow/example_dags/example_branch_operator_decorator.py took 0.173 seconds
[2022-07-06 20:02:55,424] {processor.py:153} INFO - Started process (PID=794) to work on /home/airflow/.local/lib/python3.7/site-packages/airflow/example_dags/example_branch_operator_decorator.py
[2022-07-06 20:02:55,485] {processor.py:641} INFO - Processing file /home/airflow/.local/lib/python3.7/site-packages/airflow/example_dags/example_branch_operator_decorator.py for tasks to queue
[2022-07-06 20:02:55,486] {logging_mixin.py:115} INFO - [2022-07-06 20:02:55,486] {dagbag.py:507} INFO - Filling up the DagBag from /home/airflow/.local/lib/python3.7/site-packages/airflow/example_dags/example_branch_operator_decorator.py
[2022-07-06 20:02:55,523] {processor.py:651} INFO - DAG(s) dict_keys(['example_branch_python_operator_decorator']) retrieved from /home/airflow/.local/lib/python3.7/site-packages/airflow/example_dags/example_branch_operator_decorator.py
[2022-07-06 20:02:55,580] {logging_mixin.py:115} INFO - [2022-07-06 20:02:55,580] {dag.py:2379} INFO - Sync 1 DAGs
[2022-07-06 20:02:55,627] {logging_mixin.py:115} INFO - [2022-07-06 20:02:55,627] {dag.py:2931} INFO - Setting next_dagrun for example_branch_python_operator_decorator to 2022-07-05T00:00:00+00:00, run_after=2022-07-06T00:00:00+00:00
[2022-07-06 20:02:55,717] {processor.py:161} INFO - Processing /home/airflow/.local/lib/python3.7/site-packages/airflow/example_dags/example_branch_operator_decorator.py took 0.299 seconds
[2022-07-06 20:03:25,982] {processor.py:153} INFO - Started process (PID=845) to work on /home/airflow/.local/lib/python3.7/site-packages/airflow/example_dags/example_branch_operator_decorator.py
[2022-07-06 20:03:25,982] {processor.py:641} INFO - Processing file /home/airflow/.local/lib/python3.7/site-packages/airflow/example_dags/example_branch_operator_decorator.py for tasks to queue
[2022-07-06 20:03:25,983] {logging_mixin.py:115} INFO - [2022-07-06 20:03:25,983] {dagbag.py:507} INFO - Filling up the DagBag from /home/airflow/.local/lib/python3.7/site-packages/airflow/example_dags/example_branch_operator_decorator.py
[2022-07-06 20:03:26,013] {processor.py:651} INFO - DAG(s) dict_keys(['example_branch_python_operator_decorator']) retrieved from /home/airflow/.local/lib/python3.7/site-packages/airflow/example_dags/example_branch_operator_decorator.py
[2022-07-06 20:03:26,051] {logging_mixin.py:115} INFO - [2022-07-06 20:03:26,050] {dag.py:2379} INFO - Sync 1 DAGs
[2022-07-06 20:03:26,090] {logging_mixin.py:115} INFO - [2022-07-06 20:03:26,090] {dag.py:2931} INFO - Setting next_dagrun for example_branch_python_operator_decorator to 2022-07-05T00:00:00+00:00, run_after=2022-07-06T00:00:00+00:00
[2022-07-06 20:03:26,148] {processor.py:161} INFO - Processing /home/airflow/.local/lib/python3.7/site-packages/airflow/example_dags/example_branch_operator_decorator.py took 0.171 seconds
[2022-07-06 20:03:59,470] {processor.py:153} INFO - Started process (PID=898) to work on /home/airflow/.local/lib/python3.7/site-packages/airflow/example_dags/example_branch_operator_decorator.py
[2022-07-06 20:03:59,492] {processor.py:641} INFO - Processing file /home/airflow/.local/lib/python3.7/site-packages/airflow/example_dags/example_branch_operator_decorator.py for tasks to queue
[2022-07-06 20:03:59,493] {logging_mixin.py:115} INFO - [2022-07-06 20:03:59,493] {dagbag.py:507} INFO - Filling up the DagBag from /home/airflow/.local/lib/python3.7/site-packages/airflow/example_dags/example_branch_operator_decorator.py
[2022-07-06 20:03:59,518] {processor.py:651} INFO - DAG(s) dict_keys(['example_branch_python_operator_decorator']) retrieved from /home/airflow/.local/lib/python3.7/site-packages/airflow/example_dags/example_branch_operator_decorator.py
[2022-07-06 20:03:59,558] {logging_mixin.py:115} INFO - [2022-07-06 20:03:59,558] {dag.py:2379} INFO - Sync 1 DAGs
[2022-07-06 20:03:59,627] {logging_mixin.py:115} INFO - [2022-07-06 20:03:59,626] {dag.py:2931} INFO - Setting next_dagrun for example_branch_python_operator_decorator to 2022-07-05T00:00:00+00:00, run_after=2022-07-06T00:00:00+00:00
[2022-07-06 20:03:59,787] {processor.py:161} INFO - Processing /home/airflow/.local/lib/python3.7/site-packages/airflow/example_dags/example_branch_operator_decorator.py took 0.320 seconds
[2022-07-06 20:04:29,866] {processor.py:153} INFO - Started process (PID=948) to work on /home/airflow/.local/lib/python3.7/site-packages/airflow/example_dags/example_branch_operator_decorator.py
[2022-07-06 20:04:29,880] {processor.py:641} INFO - Processing file /home/airflow/.local/lib/python3.7/site-packages/airflow/example_dags/example_branch_operator_decorator.py for tasks to queue
[2022-07-06 20:04:29,881] {logging_mixin.py:115} INFO - [2022-07-06 20:04:29,880] {dagbag.py:507} INFO - Filling up the DagBag from /home/airflow/.local/lib/python3.7/site-packages/airflow/example_dags/example_branch_operator_decorator.py
[2022-07-06 20:04:29,906] {processor.py:651} INFO - DAG(s) dict_keys(['example_branch_python_operator_decorator']) retrieved from /home/airflow/.local/lib/python3.7/site-packages/airflow/example_dags/example_branch_operator_decorator.py
[2022-07-06 20:04:29,938] {logging_mixin.py:115} INFO - [2022-07-06 20:04:29,938] {dag.py:2379} INFO - Sync 1 DAGs
[2022-07-06 20:04:29,969] {logging_mixin.py:115} INFO - [2022-07-06 20:04:29,969] {dag.py:2931} INFO - Setting next_dagrun for example_branch_python_operator_decorator to 2022-07-05T00:00:00+00:00, run_after=2022-07-06T00:00:00+00:00
[2022-07-06 20:04:30,002] {processor.py:161} INFO - Processing /home/airflow/.local/lib/python3.7/site-packages/airflow/example_dags/example_branch_operator_decorator.py took 0.140 seconds
[2022-07-06 20:05:00,245] {processor.py:153} INFO - Started process (PID=1008) to work on /home/airflow/.local/lib/python3.7/site-packages/airflow/example_dags/example_branch_operator_decorator.py
[2022-07-06 20:05:00,246] {processor.py:641} INFO - Processing file /home/airflow/.local/lib/python3.7/site-packages/airflow/example_dags/example_branch_operator_decorator.py for tasks to queue
[2022-07-06 20:05:00,247] {logging_mixin.py:115} INFO - [2022-07-06 20:05:00,247] {dagbag.py:507} INFO - Filling up the DagBag from /home/airflow/.local/lib/python3.7/site-packages/airflow/example_dags/example_branch_operator_decorator.py
[2022-07-06 20:05:00,307] {processor.py:651} INFO - DAG(s) dict_keys(['example_branch_python_operator_decorator']) retrieved from /home/airflow/.local/lib/python3.7/site-packages/airflow/example_dags/example_branch_operator_decorator.py
[2022-07-06 20:05:00,353] {logging_mixin.py:115} INFO - [2022-07-06 20:05:00,353] {dag.py:2379} INFO - Sync 1 DAGs
[2022-07-06 20:05:00,397] {logging_mixin.py:115} INFO - [2022-07-06 20:05:00,397] {dag.py:2931} INFO - Setting next_dagrun for example_branch_python_operator_decorator to 2022-07-05T00:00:00+00:00, run_after=2022-07-06T00:00:00+00:00
[2022-07-06 20:05:00,431] {processor.py:161} INFO - Processing /home/airflow/.local/lib/python3.7/site-packages/airflow/example_dags/example_branch_operator_decorator.py took 0.190 seconds
[2022-07-06 20:05:30,499] {processor.py:153} INFO - Started process (PID=1061) to work on /home/airflow/.local/lib/python3.7/site-packages/airflow/example_dags/example_branch_operator_decorator.py
[2022-07-06 20:05:30,511] {processor.py:641} INFO - Processing file /home/airflow/.local/lib/python3.7/site-packages/airflow/example_dags/example_branch_operator_decorator.py for tasks to queue
[2022-07-06 20:05:30,512] {logging_mixin.py:115} INFO - [2022-07-06 20:05:30,511] {dagbag.py:507} INFO - Filling up the DagBag from /home/airflow/.local/lib/python3.7/site-packages/airflow/example_dags/example_branch_operator_decorator.py
[2022-07-06 20:05:30,549] {processor.py:651} INFO - DAG(s) dict_keys(['example_branch_python_operator_decorator']) retrieved from /home/airflow/.local/lib/python3.7/site-packages/airflow/example_dags/example_branch_operator_decorator.py
[2022-07-06 20:05:30,584] {logging_mixin.py:115} INFO - [2022-07-06 20:05:30,584] {dag.py:2379} INFO - Sync 1 DAGs
[2022-07-06 20:05:30,617] {logging_mixin.py:115} INFO - [2022-07-06 20:05:30,617] {dag.py:2931} INFO - Setting next_dagrun for example_branch_python_operator_decorator to 2022-07-05T00:00:00+00:00, run_after=2022-07-06T00:00:00+00:00
[2022-07-06 20:05:30,643] {processor.py:161} INFO - Processing /home/airflow/.local/lib/python3.7/site-packages/airflow/example_dags/example_branch_operator_decorator.py took 0.156 seconds
[2022-07-06 20:06:01,926] {processor.py:153} INFO - Started process (PID=1113) to work on /home/airflow/.local/lib/python3.7/site-packages/airflow/example_dags/example_branch_operator_decorator.py
[2022-07-06 20:06:01,950] {processor.py:641} INFO - Processing file /home/airflow/.local/lib/python3.7/site-packages/airflow/example_dags/example_branch_operator_decorator.py for tasks to queue
[2022-07-06 20:06:01,952] {logging_mixin.py:115} INFO - [2022-07-06 20:06:01,951] {dagbag.py:507} INFO - Filling up the DagBag from /home/airflow/.local/lib/python3.7/site-packages/airflow/example_dags/example_branch_operator_decorator.py
[2022-07-06 20:06:02,012] {processor.py:651} INFO - DAG(s) dict_keys(['example_branch_python_operator_decorator']) retrieved from /home/airflow/.local/lib/python3.7/site-packages/airflow/example_dags/example_branch_operator_decorator.py
[2022-07-06 20:06:02,045] {logging_mixin.py:115} INFO - [2022-07-06 20:06:02,045] {dag.py:2379} INFO - Sync 1 DAGs
[2022-07-06 20:06:02,075] {logging_mixin.py:115} INFO - [2022-07-06 20:06:02,075] {dag.py:2931} INFO - Setting next_dagrun for example_branch_python_operator_decorator to 2022-07-05T00:00:00+00:00, run_after=2022-07-06T00:00:00+00:00
[2022-07-06 20:06:02,094] {processor.py:161} INFO - Processing /home/airflow/.local/lib/python3.7/site-packages/airflow/example_dags/example_branch_operator_decorator.py took 0.178 seconds
[2022-07-06 20:06:32,876] {processor.py:153} INFO - Started process (PID=1174) to work on /home/airflow/.local/lib/python3.7/site-packages/airflow/example_dags/example_branch_operator_decorator.py
[2022-07-06 20:06:32,877] {processor.py:641} INFO - Processing file /home/airflow/.local/lib/python3.7/site-packages/airflow/example_dags/example_branch_operator_decorator.py for tasks to queue
[2022-07-06 20:06:32,878] {logging_mixin.py:115} INFO - [2022-07-06 20:06:32,878] {dagbag.py:507} INFO - Filling up the DagBag from /home/airflow/.local/lib/python3.7/site-packages/airflow/example_dags/example_branch_operator_decorator.py
[2022-07-06 20:06:32,912] {processor.py:651} INFO - DAG(s) dict_keys(['example_branch_python_operator_decorator']) retrieved from /home/airflow/.local/lib/python3.7/site-packages/airflow/example_dags/example_branch_operator_decorator.py
[2022-07-06 20:06:32,967] {logging_mixin.py:115} INFO - [2022-07-06 20:06:32,967] {dag.py:2379} INFO - Sync 1 DAGs
[2022-07-06 20:06:33,010] {logging_mixin.py:115} INFO - [2022-07-06 20:06:33,010] {dag.py:2931} INFO - Setting next_dagrun for example_branch_python_operator_decorator to 2022-07-05T00:00:00+00:00, run_after=2022-07-06T00:00:00+00:00
[2022-07-06 20:06:33,202] {processor.py:161} INFO - Processing /home/airflow/.local/lib/python3.7/site-packages/airflow/example_dags/example_branch_operator_decorator.py took 0.330 seconds
[2022-07-06 20:07:03,308] {processor.py:153} INFO - Started process (PID=1226) to work on /home/airflow/.local/lib/python3.7/site-packages/airflow/example_dags/example_branch_operator_decorator.py
[2022-07-06 20:07:03,309] {processor.py:641} INFO - Processing file /home/airflow/.local/lib/python3.7/site-packages/airflow/example_dags/example_branch_operator_decorator.py for tasks to queue
[2022-07-06 20:07:03,310] {logging_mixin.py:115} INFO - [2022-07-06 20:07:03,310] {dagbag.py:507} INFO - Filling up the DagBag from /home/airflow/.local/lib/python3.7/site-packages/airflow/example_dags/example_branch_operator_decorator.py
[2022-07-06 20:07:03,334] {processor.py:651} INFO - DAG(s) dict_keys(['example_branch_python_operator_decorator']) retrieved from /home/airflow/.local/lib/python3.7/site-packages/airflow/example_dags/example_branch_operator_decorator.py
[2022-07-06 20:07:03,365] {logging_mixin.py:115} INFO - [2022-07-06 20:07:03,364] {dag.py:2379} INFO - Sync 1 DAGs
[2022-07-06 20:07:03,394] {logging_mixin.py:115} INFO - [2022-07-06 20:07:03,394] {dag.py:2931} INFO - Setting next_dagrun for example_branch_python_operator_decorator to 2022-07-05T00:00:00+00:00, run_after=2022-07-06T00:00:00+00:00
[2022-07-06 20:07:03,718] {processor.py:161} INFO - Processing /home/airflow/.local/lib/python3.7/site-packages/airflow/example_dags/example_branch_operator_decorator.py took 0.415 seconds
[2022-07-06 20:07:34,550] {processor.py:153} INFO - Started process (PID=1278) to work on /home/airflow/.local/lib/python3.7/site-packages/airflow/example_dags/example_branch_operator_decorator.py
[2022-07-06 20:07:34,551] {processor.py:641} INFO - Processing file /home/airflow/.local/lib/python3.7/site-packages/airflow/example_dags/example_branch_operator_decorator.py for tasks to queue
[2022-07-06 20:07:34,553] {logging_mixin.py:115} INFO - [2022-07-06 20:07:34,553] {dagbag.py:507} INFO - Filling up the DagBag from /home/airflow/.local/lib/python3.7/site-packages/airflow/example_dags/example_branch_operator_decorator.py
[2022-07-06 20:07:34,627] {processor.py:651} INFO - DAG(s) dict_keys(['example_branch_python_operator_decorator']) retrieved from /home/airflow/.local/lib/python3.7/site-packages/airflow/example_dags/example_branch_operator_decorator.py
[2022-07-06 20:07:34,670] {logging_mixin.py:115} INFO - [2022-07-06 20:07:34,670] {dag.py:2379} INFO - Sync 1 DAGs
[2022-07-06 20:07:34,712] {logging_mixin.py:115} INFO - [2022-07-06 20:07:34,712] {dag.py:2931} INFO - Setting next_dagrun for example_branch_python_operator_decorator to 2022-07-05T00:00:00+00:00, run_after=2022-07-06T00:00:00+00:00
[2022-07-06 20:07:34,820] {processor.py:161} INFO - Processing /home/airflow/.local/lib/python3.7/site-packages/airflow/example_dags/example_branch_operator_decorator.py took 0.280 seconds
[2022-07-06 20:08:05,001] {processor.py:153} INFO - Started process (PID=1338) to work on /home/airflow/.local/lib/python3.7/site-packages/airflow/example_dags/example_branch_operator_decorator.py
[2022-07-06 20:08:05,002] {processor.py:641} INFO - Processing file /home/airflow/.local/lib/python3.7/site-packages/airflow/example_dags/example_branch_operator_decorator.py for tasks to queue
[2022-07-06 20:08:05,003] {logging_mixin.py:115} INFO - [2022-07-06 20:08:05,003] {dagbag.py:507} INFO - Filling up the DagBag from /home/airflow/.local/lib/python3.7/site-packages/airflow/example_dags/example_branch_operator_decorator.py
[2022-07-06 20:08:05,041] {processor.py:651} INFO - DAG(s) dict_keys(['example_branch_python_operator_decorator']) retrieved from /home/airflow/.local/lib/python3.7/site-packages/airflow/example_dags/example_branch_operator_decorator.py
[2022-07-06 20:08:05,099] {logging_mixin.py:115} INFO - [2022-07-06 20:08:05,099] {dag.py:2379} INFO - Sync 1 DAGs
[2022-07-06 20:08:05,173] {logging_mixin.py:115} INFO - [2022-07-06 20:08:05,173] {dag.py:2931} INFO - Setting next_dagrun for example_branch_python_operator_decorator to 2022-07-05T00:00:00+00:00, run_after=2022-07-06T00:00:00+00:00
[2022-07-06 20:08:05,227] {processor.py:161} INFO - Processing /home/airflow/.local/lib/python3.7/site-packages/airflow/example_dags/example_branch_operator_decorator.py took 0.233 seconds
[2022-07-06 20:08:35,820] {processor.py:153} INFO - Started process (PID=1390) to work on /home/airflow/.local/lib/python3.7/site-packages/airflow/example_dags/example_branch_operator_decorator.py
[2022-07-06 20:08:35,835] {processor.py:641} INFO - Processing file /home/airflow/.local/lib/python3.7/site-packages/airflow/example_dags/example_branch_operator_decorator.py for tasks to queue
[2022-07-06 20:08:35,838] {logging_mixin.py:115} INFO - [2022-07-06 20:08:35,838] {dagbag.py:507} INFO - Filling up the DagBag from /home/airflow/.local/lib/python3.7/site-packages/airflow/example_dags/example_branch_operator_decorator.py
[2022-07-06 20:08:35,903] {processor.py:651} INFO - DAG(s) dict_keys(['example_branch_python_operator_decorator']) retrieved from /home/airflow/.local/lib/python3.7/site-packages/airflow/example_dags/example_branch_operator_decorator.py
[2022-07-06 20:08:36,021] {logging_mixin.py:115} INFO - [2022-07-06 20:08:36,021] {dag.py:2379} INFO - Sync 1 DAGs
[2022-07-06 20:08:36,068] {logging_mixin.py:115} INFO - [2022-07-06 20:08:36,067] {dag.py:2931} INFO - Setting next_dagrun for example_branch_python_operator_decorator to 2022-07-05T00:00:00+00:00, run_after=2022-07-06T00:00:00+00:00
[2022-07-06 20:08:36,089] {processor.py:161} INFO - Processing /home/airflow/.local/lib/python3.7/site-packages/airflow/example_dags/example_branch_operator_decorator.py took 0.282 seconds
[2022-07-06 20:09:06,313] {processor.py:153} INFO - Started process (PID=1441) to work on /home/airflow/.local/lib/python3.7/site-packages/airflow/example_dags/example_branch_operator_decorator.py
[2022-07-06 20:09:06,313] {processor.py:641} INFO - Processing file /home/airflow/.local/lib/python3.7/site-packages/airflow/example_dags/example_branch_operator_decorator.py for tasks to queue
[2022-07-06 20:09:06,314] {logging_mixin.py:115} INFO - [2022-07-06 20:09:06,314] {dagbag.py:507} INFO - Filling up the DagBag from /home/airflow/.local/lib/python3.7/site-packages/airflow/example_dags/example_branch_operator_decorator.py
[2022-07-06 20:09:06,350] {processor.py:651} INFO - DAG(s) dict_keys(['example_branch_python_operator_decorator']) retrieved from /home/airflow/.local/lib/python3.7/site-packages/airflow/example_dags/example_branch_operator_decorator.py
[2022-07-06 20:09:06,427] {logging_mixin.py:115} INFO - [2022-07-06 20:09:06,427] {dag.py:2379} INFO - Sync 1 DAGs
[2022-07-06 20:09:06,479] {logging_mixin.py:115} INFO - [2022-07-06 20:09:06,479] {dag.py:2931} INFO - Setting next_dagrun for example_branch_python_operator_decorator to 2022-07-05T00:00:00+00:00, run_after=2022-07-06T00:00:00+00:00
[2022-07-06 20:09:06,594] {processor.py:161} INFO - Processing /home/airflow/.local/lib/python3.7/site-packages/airflow/example_dags/example_branch_operator_decorator.py took 0.286 seconds
[2022-07-06 20:09:36,645] {processor.py:153} INFO - Started process (PID=1501) to work on /home/airflow/.local/lib/python3.7/site-packages/airflow/example_dags/example_branch_operator_decorator.py
[2022-07-06 20:09:36,649] {processor.py:641} INFO - Processing file /home/airflow/.local/lib/python3.7/site-packages/airflow/example_dags/example_branch_operator_decorator.py for tasks to queue
[2022-07-06 20:09:36,651] {logging_mixin.py:115} INFO - [2022-07-06 20:09:36,650] {dagbag.py:507} INFO - Filling up the DagBag from /home/airflow/.local/lib/python3.7/site-packages/airflow/example_dags/example_branch_operator_decorator.py
[2022-07-06 20:09:36,719] {processor.py:651} INFO - DAG(s) dict_keys(['example_branch_python_operator_decorator']) retrieved from /home/airflow/.local/lib/python3.7/site-packages/airflow/example_dags/example_branch_operator_decorator.py
[2022-07-06 20:09:36,765] {logging_mixin.py:115} INFO - [2022-07-06 20:09:36,765] {dag.py:2379} INFO - Sync 1 DAGs
[2022-07-06 20:09:36,813] {logging_mixin.py:115} INFO - [2022-07-06 20:09:36,813] {dag.py:2931} INFO - Setting next_dagrun for example_branch_python_operator_decorator to 2022-07-05T00:00:00+00:00, run_after=2022-07-06T00:00:00+00:00
[2022-07-06 20:09:36,844] {processor.py:161} INFO - Processing /home/airflow/.local/lib/python3.7/site-packages/airflow/example_dags/example_branch_operator_decorator.py took 0.208 seconds
[2022-07-06 20:10:07,614] {processor.py:153} INFO - Started process (PID=1553) to work on /home/airflow/.local/lib/python3.7/site-packages/airflow/example_dags/example_branch_operator_decorator.py
[2022-07-06 20:10:07,623] {processor.py:641} INFO - Processing file /home/airflow/.local/lib/python3.7/site-packages/airflow/example_dags/example_branch_operator_decorator.py for tasks to queue
[2022-07-06 20:10:07,625] {logging_mixin.py:115} INFO - [2022-07-06 20:10:07,625] {dagbag.py:507} INFO - Filling up the DagBag from /home/airflow/.local/lib/python3.7/site-packages/airflow/example_dags/example_branch_operator_decorator.py
[2022-07-06 20:10:07,679] {processor.py:651} INFO - DAG(s) dict_keys(['example_branch_python_operator_decorator']) retrieved from /home/airflow/.local/lib/python3.7/site-packages/airflow/example_dags/example_branch_operator_decorator.py
[2022-07-06 20:10:07,714] {logging_mixin.py:115} INFO - [2022-07-06 20:10:07,714] {dag.py:2379} INFO - Sync 1 DAGs
[2022-07-06 20:10:07,756] {logging_mixin.py:115} INFO - [2022-07-06 20:10:07,756] {dag.py:2931} INFO - Setting next_dagrun for example_branch_python_operator_decorator to 2022-07-05T00:00:00+00:00, run_after=2022-07-06T00:00:00+00:00
[2022-07-06 20:10:07,795] {processor.py:161} INFO - Processing /home/airflow/.local/lib/python3.7/site-packages/airflow/example_dags/example_branch_operator_decorator.py took 0.193 seconds
[2022-07-06 20:10:38,003] {processor.py:153} INFO - Started process (PID=1605) to work on /home/airflow/.local/lib/python3.7/site-packages/airflow/example_dags/example_branch_operator_decorator.py
[2022-07-06 20:10:38,003] {processor.py:641} INFO - Processing file /home/airflow/.local/lib/python3.7/site-packages/airflow/example_dags/example_branch_operator_decorator.py for tasks to queue
[2022-07-06 20:10:38,004] {logging_mixin.py:115} INFO - [2022-07-06 20:10:38,004] {dagbag.py:507} INFO - Filling up the DagBag from /home/airflow/.local/lib/python3.7/site-packages/airflow/example_dags/example_branch_operator_decorator.py
[2022-07-06 20:10:38,051] {processor.py:651} INFO - DAG(s) dict_keys(['example_branch_python_operator_decorator']) retrieved from /home/airflow/.local/lib/python3.7/site-packages/airflow/example_dags/example_branch_operator_decorator.py
[2022-07-06 20:10:38,111] {logging_mixin.py:115} INFO - [2022-07-06 20:10:38,111] {dag.py:2379} INFO - Sync 1 DAGs
[2022-07-06 20:10:38,163] {logging_mixin.py:115} INFO - [2022-07-06 20:10:38,162] {dag.py:2931} INFO - Setting next_dagrun for example_branch_python_operator_decorator to 2022-07-05T00:00:00+00:00, run_after=2022-07-06T00:00:00+00:00
[2022-07-06 20:10:38,335] {processor.py:161} INFO - Processing /home/airflow/.local/lib/python3.7/site-packages/airflow/example_dags/example_branch_operator_decorator.py took 0.338 seconds
[2022-07-06 20:11:09,032] {processor.py:153} INFO - Started process (PID=1666) to work on /home/airflow/.local/lib/python3.7/site-packages/airflow/example_dags/example_branch_operator_decorator.py
[2022-07-06 20:11:09,033] {processor.py:641} INFO - Processing file /home/airflow/.local/lib/python3.7/site-packages/airflow/example_dags/example_branch_operator_decorator.py for tasks to queue
[2022-07-06 20:11:09,034] {logging_mixin.py:115} INFO - [2022-07-06 20:11:09,034] {dagbag.py:507} INFO - Filling up the DagBag from /home/airflow/.local/lib/python3.7/site-packages/airflow/example_dags/example_branch_operator_decorator.py
[2022-07-06 20:11:09,066] {processor.py:651} INFO - DAG(s) dict_keys(['example_branch_python_operator_decorator']) retrieved from /home/airflow/.local/lib/python3.7/site-packages/airflow/example_dags/example_branch_operator_decorator.py
[2022-07-06 20:11:09,109] {logging_mixin.py:115} INFO - [2022-07-06 20:11:09,108] {dag.py:2379} INFO - Sync 1 DAGs
[2022-07-06 20:11:09,153] {logging_mixin.py:115} INFO - [2022-07-06 20:11:09,153] {dag.py:2931} INFO - Setting next_dagrun for example_branch_python_operator_decorator to 2022-07-05T00:00:00+00:00, run_after=2022-07-06T00:00:00+00:00
[2022-07-06 20:11:09,179] {processor.py:161} INFO - Processing /home/airflow/.local/lib/python3.7/site-packages/airflow/example_dags/example_branch_operator_decorator.py took 0.151 seconds
[2022-07-06 20:11:39,316] {processor.py:153} INFO - Started process (PID=1718) to work on /home/airflow/.local/lib/python3.7/site-packages/airflow/example_dags/example_branch_operator_decorator.py
[2022-07-06 20:11:39,317] {processor.py:641} INFO - Processing file /home/airflow/.local/lib/python3.7/site-packages/airflow/example_dags/example_branch_operator_decorator.py for tasks to queue
[2022-07-06 20:11:39,318] {logging_mixin.py:115} INFO - [2022-07-06 20:11:39,318] {dagbag.py:507} INFO - Filling up the DagBag from /home/airflow/.local/lib/python3.7/site-packages/airflow/example_dags/example_branch_operator_decorator.py
[2022-07-06 20:11:39,344] {processor.py:651} INFO - DAG(s) dict_keys(['example_branch_python_operator_decorator']) retrieved from /home/airflow/.local/lib/python3.7/site-packages/airflow/example_dags/example_branch_operator_decorator.py
[2022-07-06 20:11:39,378] {logging_mixin.py:115} INFO - [2022-07-06 20:11:39,378] {dag.py:2379} INFO - Sync 1 DAGs
[2022-07-06 20:11:39,410] {logging_mixin.py:115} INFO - [2022-07-06 20:11:39,409] {dag.py:2931} INFO - Setting next_dagrun for example_branch_python_operator_decorator to 2022-07-05T00:00:00+00:00, run_after=2022-07-06T00:00:00+00:00
[2022-07-06 20:11:39,458] {processor.py:161} INFO - Processing /home/airflow/.local/lib/python3.7/site-packages/airflow/example_dags/example_branch_operator_decorator.py took 0.147 seconds
[2022-07-06 20:12:09,847] {processor.py:153} INFO - Started process (PID=1770) to work on /home/airflow/.local/lib/python3.7/site-packages/airflow/example_dags/example_branch_operator_decorator.py
[2022-07-06 20:12:10,068] {processor.py:641} INFO - Processing file /home/airflow/.local/lib/python3.7/site-packages/airflow/example_dags/example_branch_operator_decorator.py for tasks to queue
[2022-07-06 20:12:10,119] {logging_mixin.py:115} INFO - [2022-07-06 20:12:10,118] {dagbag.py:507} INFO - Filling up the DagBag from /home/airflow/.local/lib/python3.7/site-packages/airflow/example_dags/example_branch_operator_decorator.py
[2022-07-06 20:12:10,228] {processor.py:651} INFO - DAG(s) dict_keys(['example_branch_python_operator_decorator']) retrieved from /home/airflow/.local/lib/python3.7/site-packages/airflow/example_dags/example_branch_operator_decorator.py
[2022-07-06 20:12:10,279] {logging_mixin.py:115} INFO - [2022-07-06 20:12:10,279] {dag.py:2379} INFO - Sync 1 DAGs
[2022-07-06 20:12:10,328] {logging_mixin.py:115} INFO - [2022-07-06 20:12:10,328] {dag.py:2931} INFO - Setting next_dagrun for example_branch_python_operator_decorator to 2022-07-05T00:00:00+00:00, run_after=2022-07-06T00:00:00+00:00
[2022-07-06 20:12:10,430] {processor.py:161} INFO - Processing /home/airflow/.local/lib/python3.7/site-packages/airflow/example_dags/example_branch_operator_decorator.py took 0.599 seconds
[2022-07-06 20:12:41,303] {processor.py:153} INFO - Started process (PID=1829) to work on /home/airflow/.local/lib/python3.7/site-packages/airflow/example_dags/example_branch_operator_decorator.py
[2022-07-06 20:12:41,303] {processor.py:641} INFO - Processing file /home/airflow/.local/lib/python3.7/site-packages/airflow/example_dags/example_branch_operator_decorator.py for tasks to queue
[2022-07-06 20:12:41,304] {logging_mixin.py:115} INFO - [2022-07-06 20:12:41,304] {dagbag.py:507} INFO - Filling up the DagBag from /home/airflow/.local/lib/python3.7/site-packages/airflow/example_dags/example_branch_operator_decorator.py
[2022-07-06 20:12:41,328] {processor.py:651} INFO - DAG(s) dict_keys(['example_branch_python_operator_decorator']) retrieved from /home/airflow/.local/lib/python3.7/site-packages/airflow/example_dags/example_branch_operator_decorator.py
[2022-07-06 20:12:41,363] {logging_mixin.py:115} INFO - [2022-07-06 20:12:41,363] {dag.py:2379} INFO - Sync 1 DAGs
[2022-07-06 20:12:41,396] {logging_mixin.py:115} INFO - [2022-07-06 20:12:41,396] {dag.py:2931} INFO - Setting next_dagrun for example_branch_python_operator_decorator to 2022-07-05T00:00:00+00:00, run_after=2022-07-06T00:00:00+00:00
[2022-07-06 20:12:41,424] {processor.py:161} INFO - Processing /home/airflow/.local/lib/python3.7/site-packages/airflow/example_dags/example_branch_operator_decorator.py took 0.126 seconds
[2022-07-06 20:13:11,520] {processor.py:153} INFO - Started process (PID=1879) to work on /home/airflow/.local/lib/python3.7/site-packages/airflow/example_dags/example_branch_operator_decorator.py
[2022-07-06 20:13:11,521] {processor.py:641} INFO - Processing file /home/airflow/.local/lib/python3.7/site-packages/airflow/example_dags/example_branch_operator_decorator.py for tasks to queue
[2022-07-06 20:13:11,522] {logging_mixin.py:115} INFO - [2022-07-06 20:13:11,521] {dagbag.py:507} INFO - Filling up the DagBag from /home/airflow/.local/lib/python3.7/site-packages/airflow/example_dags/example_branch_operator_decorator.py
[2022-07-06 20:13:11,548] {processor.py:651} INFO - DAG(s) dict_keys(['example_branch_python_operator_decorator']) retrieved from /home/airflow/.local/lib/python3.7/site-packages/airflow/example_dags/example_branch_operator_decorator.py
[2022-07-06 20:13:11,590] {logging_mixin.py:115} INFO - [2022-07-06 20:13:11,590] {dag.py:2379} INFO - Sync 1 DAGs
[2022-07-06 20:13:11,636] {logging_mixin.py:115} INFO - [2022-07-06 20:13:11,636] {dag.py:2931} INFO - Setting next_dagrun for example_branch_python_operator_decorator to 2022-07-05T00:00:00+00:00, run_after=2022-07-06T00:00:00+00:00
[2022-07-06 20:13:11,671] {processor.py:161} INFO - Processing /home/airflow/.local/lib/python3.7/site-packages/airflow/example_dags/example_branch_operator_decorator.py took 0.155 seconds
[2022-07-06 20:13:48,023] {processor.py:153} INFO - Started process (PID=1940) to work on /home/airflow/.local/lib/python3.7/site-packages/airflow/example_dags/example_branch_operator_decorator.py
[2022-07-06 20:13:48,025] {processor.py:641} INFO - Processing file /home/airflow/.local/lib/python3.7/site-packages/airflow/example_dags/example_branch_operator_decorator.py for tasks to queue
[2022-07-06 20:13:48,027] {logging_mixin.py:115} INFO - [2022-07-06 20:13:48,027] {dagbag.py:507} INFO - Filling up the DagBag from /home/airflow/.local/lib/python3.7/site-packages/airflow/example_dags/example_branch_operator_decorator.py
[2022-07-06 20:13:48,074] {processor.py:651} INFO - DAG(s) dict_keys(['example_branch_python_operator_decorator']) retrieved from /home/airflow/.local/lib/python3.7/site-packages/airflow/example_dags/example_branch_operator_decorator.py
[2022-07-06 20:13:48,117] {logging_mixin.py:115} INFO - [2022-07-06 20:13:48,116] {dag.py:2379} INFO - Sync 1 DAGs
[2022-07-06 20:13:48,149] {logging_mixin.py:115} INFO - [2022-07-06 20:13:48,149] {dag.py:2931} INFO - Setting next_dagrun for example_branch_python_operator_decorator to 2022-07-05T00:00:00+00:00, run_after=2022-07-06T00:00:00+00:00
[2022-07-06 20:13:48,270] {processor.py:161} INFO - Processing /home/airflow/.local/lib/python3.7/site-packages/airflow/example_dags/example_branch_operator_decorator.py took 0.259 seconds
[2022-07-06 20:14:31,695] {processor.py:153} INFO - Started process (PID=1988) to work on /home/airflow/.local/lib/python3.7/site-packages/airflow/example_dags/example_branch_operator_decorator.py
[2022-07-06 20:14:31,695] {processor.py:641} INFO - Processing file /home/airflow/.local/lib/python3.7/site-packages/airflow/example_dags/example_branch_operator_decorator.py for tasks to queue
[2022-07-06 20:14:31,696] {logging_mixin.py:115} INFO - [2022-07-06 20:14:31,696] {dagbag.py:507} INFO - Filling up the DagBag from /home/airflow/.local/lib/python3.7/site-packages/airflow/example_dags/example_branch_operator_decorator.py
[2022-07-06 20:14:31,726] {processor.py:651} INFO - DAG(s) dict_keys(['example_branch_python_operator_decorator']) retrieved from /home/airflow/.local/lib/python3.7/site-packages/airflow/example_dags/example_branch_operator_decorator.py
[2022-07-06 20:14:31,760] {logging_mixin.py:115} INFO - [2022-07-06 20:14:31,760] {dag.py:2379} INFO - Sync 1 DAGs
[2022-07-06 20:14:31,794] {logging_mixin.py:115} INFO - [2022-07-06 20:14:31,794] {dag.py:2931} INFO - Setting next_dagrun for example_branch_python_operator_decorator to 2022-07-05T00:00:00+00:00, run_after=2022-07-06T00:00:00+00:00
[2022-07-06 20:14:31,876] {processor.py:161} INFO - Processing /home/airflow/.local/lib/python3.7/site-packages/airflow/example_dags/example_branch_operator_decorator.py took 0.186 seconds
[2022-07-06 20:15:02,269] {processor.py:153} INFO - Started process (PID=2039) to work on /home/airflow/.local/lib/python3.7/site-packages/airflow/example_dags/example_branch_operator_decorator.py
[2022-07-06 20:15:02,269] {processor.py:641} INFO - Processing file /home/airflow/.local/lib/python3.7/site-packages/airflow/example_dags/example_branch_operator_decorator.py for tasks to queue
[2022-07-06 20:15:02,270] {logging_mixin.py:115} INFO - [2022-07-06 20:15:02,270] {dagbag.py:507} INFO - Filling up the DagBag from /home/airflow/.local/lib/python3.7/site-packages/airflow/example_dags/example_branch_operator_decorator.py
[2022-07-06 20:15:02,295] {processor.py:651} INFO - DAG(s) dict_keys(['example_branch_python_operator_decorator']) retrieved from /home/airflow/.local/lib/python3.7/site-packages/airflow/example_dags/example_branch_operator_decorator.py
[2022-07-06 20:15:02,331] {logging_mixin.py:115} INFO - [2022-07-06 20:15:02,331] {dag.py:2379} INFO - Sync 1 DAGs
[2022-07-06 20:15:02,367] {logging_mixin.py:115} INFO - [2022-07-06 20:15:02,367] {dag.py:2931} INFO - Setting next_dagrun for example_branch_python_operator_decorator to 2022-07-05T00:00:00+00:00, run_after=2022-07-06T00:00:00+00:00
[2022-07-06 20:15:02,572] {processor.py:161} INFO - Processing /home/airflow/.local/lib/python3.7/site-packages/airflow/example_dags/example_branch_operator_decorator.py took 0.307 seconds
[2022-07-06 20:15:33,026] {processor.py:153} INFO - Started process (PID=2100) to work on /home/airflow/.local/lib/python3.7/site-packages/airflow/example_dags/example_branch_operator_decorator.py
[2022-07-06 20:15:33,045] {processor.py:641} INFO - Processing file /home/airflow/.local/lib/python3.7/site-packages/airflow/example_dags/example_branch_operator_decorator.py for tasks to queue
[2022-07-06 20:15:33,046] {logging_mixin.py:115} INFO - [2022-07-06 20:15:33,046] {dagbag.py:507} INFO - Filling up the DagBag from /home/airflow/.local/lib/python3.7/site-packages/airflow/example_dags/example_branch_operator_decorator.py
[2022-07-06 20:15:33,087] {processor.py:651} INFO - DAG(s) dict_keys(['example_branch_python_operator_decorator']) retrieved from /home/airflow/.local/lib/python3.7/site-packages/airflow/example_dags/example_branch_operator_decorator.py
[2022-07-06 20:15:33,144] {logging_mixin.py:115} INFO - [2022-07-06 20:15:33,144] {dag.py:2379} INFO - Sync 1 DAGs
[2022-07-06 20:15:33,196] {logging_mixin.py:115} INFO - [2022-07-06 20:15:33,196] {dag.py:2931} INFO - Setting next_dagrun for example_branch_python_operator_decorator to 2022-07-05T00:00:00+00:00, run_after=2022-07-06T00:00:00+00:00
[2022-07-06 20:15:33,286] {processor.py:161} INFO - Processing /home/airflow/.local/lib/python3.7/site-packages/airflow/example_dags/example_branch_operator_decorator.py took 0.266 seconds
[2022-07-06 20:16:14,291] {processor.py:153} INFO - Started process (PID=2153) to work on /home/airflow/.local/lib/python3.7/site-packages/airflow/example_dags/example_branch_operator_decorator.py
[2022-07-06 20:16:14,292] {processor.py:641} INFO - Processing file /home/airflow/.local/lib/python3.7/site-packages/airflow/example_dags/example_branch_operator_decorator.py for tasks to queue
[2022-07-06 20:16:14,293] {logging_mixin.py:115} INFO - [2022-07-06 20:16:14,293] {dagbag.py:507} INFO - Filling up the DagBag from /home/airflow/.local/lib/python3.7/site-packages/airflow/example_dags/example_branch_operator_decorator.py
[2022-07-06 20:16:14,325] {processor.py:651} INFO - DAG(s) dict_keys(['example_branch_python_operator_decorator']) retrieved from /home/airflow/.local/lib/python3.7/site-packages/airflow/example_dags/example_branch_operator_decorator.py
[2022-07-06 20:16:14,363] {logging_mixin.py:115} INFO - [2022-07-06 20:16:14,363] {dag.py:2379} INFO - Sync 1 DAGs
[2022-07-06 20:16:14,401] {logging_mixin.py:115} INFO - [2022-07-06 20:16:14,401] {dag.py:2931} INFO - Setting next_dagrun for example_branch_python_operator_decorator to 2022-07-05T00:00:00+00:00, run_after=2022-07-06T00:00:00+00:00
[2022-07-06 20:16:14,429] {processor.py:161} INFO - Processing /home/airflow/.local/lib/python3.7/site-packages/airflow/example_dags/example_branch_operator_decorator.py took 0.141 seconds
[2022-07-06 20:16:45,303] {processor.py:153} INFO - Started process (PID=2208) to work on /home/airflow/.local/lib/python3.7/site-packages/airflow/example_dags/example_branch_operator_decorator.py
[2022-07-06 20:16:45,303] {processor.py:641} INFO - Processing file /home/airflow/.local/lib/python3.7/site-packages/airflow/example_dags/example_branch_operator_decorator.py for tasks to queue
[2022-07-06 20:16:45,304] {logging_mixin.py:115} INFO - [2022-07-06 20:16:45,304] {dagbag.py:507} INFO - Filling up the DagBag from /home/airflow/.local/lib/python3.7/site-packages/airflow/example_dags/example_branch_operator_decorator.py
[2022-07-06 20:16:45,340] {processor.py:651} INFO - DAG(s) dict_keys(['example_branch_python_operator_decorator']) retrieved from /home/airflow/.local/lib/python3.7/site-packages/airflow/example_dags/example_branch_operator_decorator.py
[2022-07-06 20:16:45,396] {logging_mixin.py:115} INFO - [2022-07-06 20:16:45,396] {dag.py:2379} INFO - Sync 1 DAGs
[2022-07-06 20:16:45,448] {logging_mixin.py:115} INFO - [2022-07-06 20:16:45,447] {dag.py:2931} INFO - Setting next_dagrun for example_branch_python_operator_decorator to 2022-07-05T00:00:00+00:00, run_after=2022-07-06T00:00:00+00:00
[2022-07-06 20:16:45,543] {processor.py:161} INFO - Processing /home/airflow/.local/lib/python3.7/site-packages/airflow/example_dags/example_branch_operator_decorator.py took 0.245 seconds
[2022-07-06 20:17:16,007] {processor.py:153} INFO - Started process (PID=2262) to work on /home/airflow/.local/lib/python3.7/site-packages/airflow/example_dags/example_branch_operator_decorator.py
[2022-07-06 20:17:16,013] {processor.py:641} INFO - Processing file /home/airflow/.local/lib/python3.7/site-packages/airflow/example_dags/example_branch_operator_decorator.py for tasks to queue
[2022-07-06 20:17:16,014] {logging_mixin.py:115} INFO - [2022-07-06 20:17:16,014] {dagbag.py:507} INFO - Filling up the DagBag from /home/airflow/.local/lib/python3.7/site-packages/airflow/example_dags/example_branch_operator_decorator.py
[2022-07-06 20:17:16,055] {processor.py:651} INFO - DAG(s) dict_keys(['example_branch_python_operator_decorator']) retrieved from /home/airflow/.local/lib/python3.7/site-packages/airflow/example_dags/example_branch_operator_decorator.py
[2022-07-06 20:17:16,095] {logging_mixin.py:115} INFO - [2022-07-06 20:17:16,095] {dag.py:2379} INFO - Sync 1 DAGs
[2022-07-06 20:17:16,130] {logging_mixin.py:115} INFO - [2022-07-06 20:17:16,129] {dag.py:2931} INFO - Setting next_dagrun for example_branch_python_operator_decorator to 2022-07-05T00:00:00+00:00, run_after=2022-07-06T00:00:00+00:00
[2022-07-06 20:17:16,155] {processor.py:161} INFO - Processing /home/airflow/.local/lib/python3.7/site-packages/airflow/example_dags/example_branch_operator_decorator.py took 0.156 seconds
[2022-07-06 20:17:46,852] {processor.py:153} INFO - Started process (PID=2314) to work on /home/airflow/.local/lib/python3.7/site-packages/airflow/example_dags/example_branch_operator_decorator.py
[2022-07-06 20:17:46,852] {processor.py:641} INFO - Processing file /home/airflow/.local/lib/python3.7/site-packages/airflow/example_dags/example_branch_operator_decorator.py for tasks to queue
[2022-07-06 20:17:46,853] {logging_mixin.py:115} INFO - [2022-07-06 20:17:46,853] {dagbag.py:507} INFO - Filling up the DagBag from /home/airflow/.local/lib/python3.7/site-packages/airflow/example_dags/example_branch_operator_decorator.py
[2022-07-06 20:17:46,880] {processor.py:651} INFO - DAG(s) dict_keys(['example_branch_python_operator_decorator']) retrieved from /home/airflow/.local/lib/python3.7/site-packages/airflow/example_dags/example_branch_operator_decorator.py
[2022-07-06 20:17:46,915] {logging_mixin.py:115} INFO - [2022-07-06 20:17:46,915] {dag.py:2379} INFO - Sync 1 DAGs
[2022-07-06 20:17:46,949] {logging_mixin.py:115} INFO - [2022-07-06 20:17:46,949] {dag.py:2931} INFO - Setting next_dagrun for example_branch_python_operator_decorator to 2022-07-05T00:00:00+00:00, run_after=2022-07-06T00:00:00+00:00
[2022-07-06 20:17:47,054] {processor.py:161} INFO - Processing /home/airflow/.local/lib/python3.7/site-packages/airflow/example_dags/example_branch_operator_decorator.py took 0.205 seconds
[2022-07-06 20:18:18,044] {processor.py:153} INFO - Started process (PID=2375) to work on /home/airflow/.local/lib/python3.7/site-packages/airflow/example_dags/example_branch_operator_decorator.py
[2022-07-06 20:18:18,045] {processor.py:641} INFO - Processing file /home/airflow/.local/lib/python3.7/site-packages/airflow/example_dags/example_branch_operator_decorator.py for tasks to queue
[2022-07-06 20:18:18,046] {logging_mixin.py:115} INFO - [2022-07-06 20:18:18,046] {dagbag.py:507} INFO - Filling up the DagBag from /home/airflow/.local/lib/python3.7/site-packages/airflow/example_dags/example_branch_operator_decorator.py
[2022-07-06 20:18:18,080] {processor.py:651} INFO - DAG(s) dict_keys(['example_branch_python_operator_decorator']) retrieved from /home/airflow/.local/lib/python3.7/site-packages/airflow/example_dags/example_branch_operator_decorator.py
[2022-07-06 20:18:18,139] {logging_mixin.py:115} INFO - [2022-07-06 20:18:18,139] {dag.py:2379} INFO - Sync 1 DAGs
[2022-07-06 20:18:18,181] {logging_mixin.py:115} INFO - [2022-07-06 20:18:18,181] {dag.py:2931} INFO - Setting next_dagrun for example_branch_python_operator_decorator to 2022-07-05T00:00:00+00:00, run_after=2022-07-06T00:00:00+00:00
[2022-07-06 20:18:18,282] {processor.py:161} INFO - Processing /home/airflow/.local/lib/python3.7/site-packages/airflow/example_dags/example_branch_operator_decorator.py took 0.243 seconds
[2022-07-06 20:18:48,511] {processor.py:153} INFO - Started process (PID=2423) to work on /home/airflow/.local/lib/python3.7/site-packages/airflow/example_dags/example_branch_operator_decorator.py
[2022-07-06 20:18:48,512] {processor.py:641} INFO - Processing file /home/airflow/.local/lib/python3.7/site-packages/airflow/example_dags/example_branch_operator_decorator.py for tasks to queue
[2022-07-06 20:18:48,513] {logging_mixin.py:115} INFO - [2022-07-06 20:18:48,513] {dagbag.py:507} INFO - Filling up the DagBag from /home/airflow/.local/lib/python3.7/site-packages/airflow/example_dags/example_branch_operator_decorator.py
[2022-07-06 20:18:48,547] {processor.py:651} INFO - DAG(s) dict_keys(['example_branch_python_operator_decorator']) retrieved from /home/airflow/.local/lib/python3.7/site-packages/airflow/example_dags/example_branch_operator_decorator.py
[2022-07-06 20:18:48,588] {logging_mixin.py:115} INFO - [2022-07-06 20:18:48,588] {dag.py:2379} INFO - Sync 1 DAGs
[2022-07-06 20:18:48,621] {logging_mixin.py:115} INFO - [2022-07-06 20:18:48,621] {dag.py:2931} INFO - Setting next_dagrun for example_branch_python_operator_decorator to 2022-07-05T00:00:00+00:00, run_after=2022-07-06T00:00:00+00:00
[2022-07-06 20:18:48,648] {processor.py:161} INFO - Processing /home/airflow/.local/lib/python3.7/site-packages/airflow/example_dags/example_branch_operator_decorator.py took 0.141 seconds
[2022-07-06 20:19:19,351] {processor.py:153} INFO - Started process (PID=2482) to work on /home/airflow/.local/lib/python3.7/site-packages/airflow/example_dags/example_branch_operator_decorator.py
[2022-07-06 20:19:19,369] {processor.py:641} INFO - Processing file /home/airflow/.local/lib/python3.7/site-packages/airflow/example_dags/example_branch_operator_decorator.py for tasks to queue
[2022-07-06 20:19:19,370] {logging_mixin.py:115} INFO - [2022-07-06 20:19:19,370] {dagbag.py:507} INFO - Filling up the DagBag from /home/airflow/.local/lib/python3.7/site-packages/airflow/example_dags/example_branch_operator_decorator.py
[2022-07-06 20:19:19,417] {processor.py:651} INFO - DAG(s) dict_keys(['example_branch_python_operator_decorator']) retrieved from /home/airflow/.local/lib/python3.7/site-packages/airflow/example_dags/example_branch_operator_decorator.py
[2022-07-06 20:19:19,514] {logging_mixin.py:115} INFO - [2022-07-06 20:19:19,513] {dag.py:2379} INFO - Sync 1 DAGs
[2022-07-06 20:19:19,642] {logging_mixin.py:115} INFO - [2022-07-06 20:19:19,642] {dag.py:2931} INFO - Setting next_dagrun for example_branch_python_operator_decorator to 2022-07-05T00:00:00+00:00, run_after=2022-07-06T00:00:00+00:00
[2022-07-06 20:19:19,680] {processor.py:161} INFO - Processing /home/airflow/.local/lib/python3.7/site-packages/airflow/example_dags/example_branch_operator_decorator.py took 0.333 seconds
[2022-07-06 20:19:50,563] {processor.py:153} INFO - Started process (PID=2533) to work on /home/airflow/.local/lib/python3.7/site-packages/airflow/example_dags/example_branch_operator_decorator.py
[2022-07-06 20:19:50,564] {processor.py:641} INFO - Processing file /home/airflow/.local/lib/python3.7/site-packages/airflow/example_dags/example_branch_operator_decorator.py for tasks to queue
[2022-07-06 20:19:50,565] {logging_mixin.py:115} INFO - [2022-07-06 20:19:50,565] {dagbag.py:507} INFO - Filling up the DagBag from /home/airflow/.local/lib/python3.7/site-packages/airflow/example_dags/example_branch_operator_decorator.py
[2022-07-06 20:19:50,602] {processor.py:651} INFO - DAG(s) dict_keys(['example_branch_python_operator_decorator']) retrieved from /home/airflow/.local/lib/python3.7/site-packages/airflow/example_dags/example_branch_operator_decorator.py
[2022-07-06 20:19:50,641] {logging_mixin.py:115} INFO - [2022-07-06 20:19:50,641] {dag.py:2379} INFO - Sync 1 DAGs
[2022-07-06 20:19:50,689] {logging_mixin.py:115} INFO - [2022-07-06 20:19:50,689] {dag.py:2931} INFO - Setting next_dagrun for example_branch_python_operator_decorator to 2022-07-05T00:00:00+00:00, run_after=2022-07-06T00:00:00+00:00
[2022-07-06 20:19:50,719] {processor.py:161} INFO - Processing /home/airflow/.local/lib/python3.7/site-packages/airflow/example_dags/example_branch_operator_decorator.py took 0.160 seconds
[2022-07-06 20:20:23,124] {processor.py:153} INFO - Started process (PID=2588) to work on /home/airflow/.local/lib/python3.7/site-packages/airflow/example_dags/example_branch_operator_decorator.py
[2022-07-06 20:20:23,145] {processor.py:641} INFO - Processing file /home/airflow/.local/lib/python3.7/site-packages/airflow/example_dags/example_branch_operator_decorator.py for tasks to queue
[2022-07-06 20:20:23,146] {logging_mixin.py:115} INFO - [2022-07-06 20:20:23,146] {dagbag.py:507} INFO - Filling up the DagBag from /home/airflow/.local/lib/python3.7/site-packages/airflow/example_dags/example_branch_operator_decorator.py
[2022-07-06 20:20:23,200] {processor.py:651} INFO - DAG(s) dict_keys(['example_branch_python_operator_decorator']) retrieved from /home/airflow/.local/lib/python3.7/site-packages/airflow/example_dags/example_branch_operator_decorator.py
[2022-07-06 20:20:23,296] {logging_mixin.py:115} INFO - [2022-07-06 20:20:23,296] {dag.py:2379} INFO - Sync 1 DAGs
[2022-07-06 20:20:23,396] {logging_mixin.py:115} INFO - [2022-07-06 20:20:23,395] {dag.py:2931} INFO - Setting next_dagrun for example_branch_python_operator_decorator to 2022-07-05T00:00:00+00:00, run_after=2022-07-06T00:00:00+00:00
[2022-07-06 20:20:23,455] {processor.py:161} INFO - Processing /home/airflow/.local/lib/python3.7/site-packages/airflow/example_dags/example_branch_operator_decorator.py took 0.338 seconds
[2022-07-06 20:20:54,451] {processor.py:153} INFO - Started process (PID=2641) to work on /home/airflow/.local/lib/python3.7/site-packages/airflow/example_dags/example_branch_operator_decorator.py
[2022-07-06 20:20:54,474] {processor.py:641} INFO - Processing file /home/airflow/.local/lib/python3.7/site-packages/airflow/example_dags/example_branch_operator_decorator.py for tasks to queue
[2022-07-06 20:20:54,475] {logging_mixin.py:115} INFO - [2022-07-06 20:20:54,475] {dagbag.py:507} INFO - Filling up the DagBag from /home/airflow/.local/lib/python3.7/site-packages/airflow/example_dags/example_branch_operator_decorator.py
[2022-07-06 20:20:54,508] {processor.py:651} INFO - DAG(s) dict_keys(['example_branch_python_operator_decorator']) retrieved from /home/airflow/.local/lib/python3.7/site-packages/airflow/example_dags/example_branch_operator_decorator.py
[2022-07-06 20:20:54,544] {logging_mixin.py:115} INFO - [2022-07-06 20:20:54,543] {dag.py:2379} INFO - Sync 1 DAGs
[2022-07-06 20:20:54,580] {logging_mixin.py:115} INFO - [2022-07-06 20:20:54,580] {dag.py:2931} INFO - Setting next_dagrun for example_branch_python_operator_decorator to 2022-07-05T00:00:00+00:00, run_after=2022-07-06T00:00:00+00:00
[2022-07-06 20:20:54,616] {processor.py:161} INFO - Processing /home/airflow/.local/lib/python3.7/site-packages/airflow/example_dags/example_branch_operator_decorator.py took 0.182 seconds
[2022-07-06 20:21:25,453] {processor.py:153} INFO - Started process (PID=2693) to work on /home/airflow/.local/lib/python3.7/site-packages/airflow/example_dags/example_branch_operator_decorator.py
[2022-07-06 20:21:25,454] {processor.py:641} INFO - Processing file /home/airflow/.local/lib/python3.7/site-packages/airflow/example_dags/example_branch_operator_decorator.py for tasks to queue
[2022-07-06 20:21:25,455] {logging_mixin.py:115} INFO - [2022-07-06 20:21:25,455] {dagbag.py:507} INFO - Filling up the DagBag from /home/airflow/.local/lib/python3.7/site-packages/airflow/example_dags/example_branch_operator_decorator.py
[2022-07-06 20:21:25,494] {processor.py:651} INFO - DAG(s) dict_keys(['example_branch_python_operator_decorator']) retrieved from /home/airflow/.local/lib/python3.7/site-packages/airflow/example_dags/example_branch_operator_decorator.py
[2022-07-06 20:21:25,545] {logging_mixin.py:115} INFO - [2022-07-06 20:21:25,545] {dag.py:2379} INFO - Sync 1 DAGs
[2022-07-06 20:21:25,656] {logging_mixin.py:115} INFO - [2022-07-06 20:21:25,656] {dag.py:2931} INFO - Setting next_dagrun for example_branch_python_operator_decorator to 2022-07-05T00:00:00+00:00, run_after=2022-07-06T00:00:00+00:00
[2022-07-06 20:21:25,730] {processor.py:161} INFO - Processing /home/airflow/.local/lib/python3.7/site-packages/airflow/example_dags/example_branch_operator_decorator.py took 0.284 seconds
[2022-07-06 20:21:55,902] {processor.py:153} INFO - Started process (PID=2752) to work on /home/airflow/.local/lib/python3.7/site-packages/airflow/example_dags/example_branch_operator_decorator.py
[2022-07-06 20:21:55,903] {processor.py:641} INFO - Processing file /home/airflow/.local/lib/python3.7/site-packages/airflow/example_dags/example_branch_operator_decorator.py for tasks to queue
[2022-07-06 20:21:55,904] {logging_mixin.py:115} INFO - [2022-07-06 20:21:55,904] {dagbag.py:507} INFO - Filling up the DagBag from /home/airflow/.local/lib/python3.7/site-packages/airflow/example_dags/example_branch_operator_decorator.py
[2022-07-06 20:21:55,943] {processor.py:651} INFO - DAG(s) dict_keys(['example_branch_python_operator_decorator']) retrieved from /home/airflow/.local/lib/python3.7/site-packages/airflow/example_dags/example_branch_operator_decorator.py
[2022-07-06 20:21:55,990] {logging_mixin.py:115} INFO - [2022-07-06 20:21:55,990] {dag.py:2379} INFO - Sync 1 DAGs
[2022-07-06 20:21:56,044] {logging_mixin.py:115} INFO - [2022-07-06 20:21:56,044] {dag.py:2931} INFO - Setting next_dagrun for example_branch_python_operator_decorator to 2022-07-05T00:00:00+00:00, run_after=2022-07-06T00:00:00+00:00
[2022-07-06 20:21:56,127] {processor.py:161} INFO - Processing /home/airflow/.local/lib/python3.7/site-packages/airflow/example_dags/example_branch_operator_decorator.py took 0.230 seconds
[2022-07-06 20:22:35,320] {processor.py:153} INFO - Started process (PID=2803) to work on /home/airflow/.local/lib/python3.7/site-packages/airflow/example_dags/example_branch_operator_decorator.py
[2022-07-06 20:22:35,333] {processor.py:641} INFO - Processing file /home/airflow/.local/lib/python3.7/site-packages/airflow/example_dags/example_branch_operator_decorator.py for tasks to queue
[2022-07-06 20:22:35,334] {logging_mixin.py:115} INFO - [2022-07-06 20:22:35,333] {dagbag.py:507} INFO - Filling up the DagBag from /home/airflow/.local/lib/python3.7/site-packages/airflow/example_dags/example_branch_operator_decorator.py
[2022-07-06 20:22:35,366] {processor.py:651} INFO - DAG(s) dict_keys(['example_branch_python_operator_decorator']) retrieved from /home/airflow/.local/lib/python3.7/site-packages/airflow/example_dags/example_branch_operator_decorator.py
[2022-07-06 20:22:35,402] {logging_mixin.py:115} INFO - [2022-07-06 20:22:35,402] {dag.py:2379} INFO - Sync 1 DAGs
[2022-07-06 20:22:35,436] {logging_mixin.py:115} INFO - [2022-07-06 20:22:35,436] {dag.py:2931} INFO - Setting next_dagrun for example_branch_python_operator_decorator to 2022-07-05T00:00:00+00:00, run_after=2022-07-06T00:00:00+00:00
[2022-07-06 20:22:35,464] {processor.py:161} INFO - Processing /home/airflow/.local/lib/python3.7/site-packages/airflow/example_dags/example_branch_operator_decorator.py took 0.147 seconds
[2022-07-06 20:23:06,335] {processor.py:153} INFO - Started process (PID=2854) to work on /home/airflow/.local/lib/python3.7/site-packages/airflow/example_dags/example_branch_operator_decorator.py
[2022-07-06 20:23:06,336] {processor.py:641} INFO - Processing file /home/airflow/.local/lib/python3.7/site-packages/airflow/example_dags/example_branch_operator_decorator.py for tasks to queue
[2022-07-06 20:23:06,337] {logging_mixin.py:115} INFO - [2022-07-06 20:23:06,336] {dagbag.py:507} INFO - Filling up the DagBag from /home/airflow/.local/lib/python3.7/site-packages/airflow/example_dags/example_branch_operator_decorator.py
[2022-07-06 20:23:06,367] {processor.py:651} INFO - DAG(s) dict_keys(['example_branch_python_operator_decorator']) retrieved from /home/airflow/.local/lib/python3.7/site-packages/airflow/example_dags/example_branch_operator_decorator.py
[2022-07-06 20:23:06,403] {logging_mixin.py:115} INFO - [2022-07-06 20:23:06,402] {dag.py:2379} INFO - Sync 1 DAGs
[2022-07-06 20:23:06,442] {logging_mixin.py:115} INFO - [2022-07-06 20:23:06,442] {dag.py:2931} INFO - Setting next_dagrun for example_branch_python_operator_decorator to 2022-07-05T00:00:00+00:00, run_after=2022-07-06T00:00:00+00:00
[2022-07-06 20:23:06,473] {processor.py:161} INFO - Processing /home/airflow/.local/lib/python3.7/site-packages/airflow/example_dags/example_branch_operator_decorator.py took 0.142 seconds
[2022-07-06 20:23:36,985] {processor.py:153} INFO - Started process (PID=2914) to work on /home/airflow/.local/lib/python3.7/site-packages/airflow/example_dags/example_branch_operator_decorator.py
[2022-07-06 20:23:37,000] {processor.py:641} INFO - Processing file /home/airflow/.local/lib/python3.7/site-packages/airflow/example_dags/example_branch_operator_decorator.py for tasks to queue
[2022-07-06 20:23:37,001] {logging_mixin.py:115} INFO - [2022-07-06 20:23:37,001] {dagbag.py:507} INFO - Filling up the DagBag from /home/airflow/.local/lib/python3.7/site-packages/airflow/example_dags/example_branch_operator_decorator.py
[2022-07-06 20:23:37,036] {processor.py:651} INFO - DAG(s) dict_keys(['example_branch_python_operator_decorator']) retrieved from /home/airflow/.local/lib/python3.7/site-packages/airflow/example_dags/example_branch_operator_decorator.py
[2022-07-06 20:23:37,085] {logging_mixin.py:115} INFO - [2022-07-06 20:23:37,085] {dag.py:2379} INFO - Sync 1 DAGs
[2022-07-06 20:23:37,129] {logging_mixin.py:115} INFO - [2022-07-06 20:23:37,129] {dag.py:2931} INFO - Setting next_dagrun for example_branch_python_operator_decorator to 2022-07-05T00:00:00+00:00, run_after=2022-07-06T00:00:00+00:00
[2022-07-06 20:23:37,183] {processor.py:161} INFO - Processing /home/airflow/.local/lib/python3.7/site-packages/airflow/example_dags/example_branch_operator_decorator.py took 0.203 seconds
[2022-07-06 20:24:08,745] {processor.py:153} INFO - Started process (PID=2966) to work on /home/airflow/.local/lib/python3.7/site-packages/airflow/example_dags/example_branch_operator_decorator.py
[2022-07-06 20:24:08,745] {processor.py:641} INFO - Processing file /home/airflow/.local/lib/python3.7/site-packages/airflow/example_dags/example_branch_operator_decorator.py for tasks to queue
[2022-07-06 20:24:08,746] {logging_mixin.py:115} INFO - [2022-07-06 20:24:08,746] {dagbag.py:507} INFO - Filling up the DagBag from /home/airflow/.local/lib/python3.7/site-packages/airflow/example_dags/example_branch_operator_decorator.py
[2022-07-06 20:24:08,777] {processor.py:651} INFO - DAG(s) dict_keys(['example_branch_python_operator_decorator']) retrieved from /home/airflow/.local/lib/python3.7/site-packages/airflow/example_dags/example_branch_operator_decorator.py
[2022-07-06 20:24:08,812] {logging_mixin.py:115} INFO - [2022-07-06 20:24:08,812] {dag.py:2379} INFO - Sync 1 DAGs
[2022-07-06 20:24:08,860] {logging_mixin.py:115} INFO - [2022-07-06 20:24:08,860] {dag.py:2931} INFO - Setting next_dagrun for example_branch_python_operator_decorator to 2022-07-05T00:00:00+00:00, run_after=2022-07-06T00:00:00+00:00
[2022-07-06 20:24:08,917] {processor.py:161} INFO - Processing /home/airflow/.local/lib/python3.7/site-packages/airflow/example_dags/example_branch_operator_decorator.py took 0.177 seconds
[2022-07-06 20:24:40,431] {processor.py:153} INFO - Started process (PID=3030) to work on /home/airflow/.local/lib/python3.7/site-packages/airflow/example_dags/example_branch_operator_decorator.py
[2022-07-06 20:24:40,481] {processor.py:641} INFO - Processing file /home/airflow/.local/lib/python3.7/site-packages/airflow/example_dags/example_branch_operator_decorator.py for tasks to queue
[2022-07-06 20:24:40,484] {logging_mixin.py:115} INFO - [2022-07-06 20:24:40,483] {dagbag.py:507} INFO - Filling up the DagBag from /home/airflow/.local/lib/python3.7/site-packages/airflow/example_dags/example_branch_operator_decorator.py
[2022-07-06 20:24:40,564] {processor.py:651} INFO - DAG(s) dict_keys(['example_branch_python_operator_decorator']) retrieved from /home/airflow/.local/lib/python3.7/site-packages/airflow/example_dags/example_branch_operator_decorator.py
[2022-07-06 20:24:40,731] {logging_mixin.py:115} INFO - [2022-07-06 20:24:40,730] {dag.py:2379} INFO - Sync 1 DAGs
[2022-07-06 20:24:40,819] {logging_mixin.py:115} INFO - [2022-07-06 20:24:40,819] {dag.py:2931} INFO - Setting next_dagrun for example_branch_python_operator_decorator to 2022-07-05T00:00:00+00:00, run_after=2022-07-06T00:00:00+00:00
[2022-07-06 20:24:41,021] {processor.py:161} INFO - Processing /home/airflow/.local/lib/python3.7/site-packages/airflow/example_dags/example_branch_operator_decorator.py took 0.633 seconds
[2022-07-06 20:25:11,298] {processor.py:153} INFO - Started process (PID=3082) to work on /home/airflow/.local/lib/python3.7/site-packages/airflow/example_dags/example_branch_operator_decorator.py
[2022-07-06 20:25:11,299] {processor.py:641} INFO - Processing file /home/airflow/.local/lib/python3.7/site-packages/airflow/example_dags/example_branch_operator_decorator.py for tasks to queue
[2022-07-06 20:25:11,300] {logging_mixin.py:115} INFO - [2022-07-06 20:25:11,300] {dagbag.py:507} INFO - Filling up the DagBag from /home/airflow/.local/lib/python3.7/site-packages/airflow/example_dags/example_branch_operator_decorator.py
[2022-07-06 20:25:11,338] {processor.py:651} INFO - DAG(s) dict_keys(['example_branch_python_operator_decorator']) retrieved from /home/airflow/.local/lib/python3.7/site-packages/airflow/example_dags/example_branch_operator_decorator.py
[2022-07-06 20:25:11,384] {logging_mixin.py:115} INFO - [2022-07-06 20:25:11,384] {dag.py:2379} INFO - Sync 1 DAGs
[2022-07-06 20:25:11,435] {logging_mixin.py:115} INFO - [2022-07-06 20:25:11,435] {dag.py:2931} INFO - Setting next_dagrun for example_branch_python_operator_decorator to 2022-07-05T00:00:00+00:00, run_after=2022-07-06T00:00:00+00:00
[2022-07-06 20:25:11,485] {processor.py:161} INFO - Processing /home/airflow/.local/lib/python3.7/site-packages/airflow/example_dags/example_branch_operator_decorator.py took 0.204 seconds
[2022-07-06 20:25:42,404] {processor.py:153} INFO - Started process (PID=3135) to work on /home/airflow/.local/lib/python3.7/site-packages/airflow/example_dags/example_branch_operator_decorator.py
[2022-07-06 20:25:42,411] {processor.py:641} INFO - Processing file /home/airflow/.local/lib/python3.7/site-packages/airflow/example_dags/example_branch_operator_decorator.py for tasks to queue
[2022-07-06 20:25:42,413] {logging_mixin.py:115} INFO - [2022-07-06 20:25:42,413] {dagbag.py:507} INFO - Filling up the DagBag from /home/airflow/.local/lib/python3.7/site-packages/airflow/example_dags/example_branch_operator_decorator.py
[2022-07-06 20:25:42,455] {processor.py:651} INFO - DAG(s) dict_keys(['example_branch_python_operator_decorator']) retrieved from /home/airflow/.local/lib/python3.7/site-packages/airflow/example_dags/example_branch_operator_decorator.py
[2022-07-06 20:25:42,487] {logging_mixin.py:115} INFO - [2022-07-06 20:25:42,487] {dag.py:2379} INFO - Sync 1 DAGs
[2022-07-06 20:25:42,523] {logging_mixin.py:115} INFO - [2022-07-06 20:25:42,523] {dag.py:2931} INFO - Setting next_dagrun for example_branch_python_operator_decorator to 2022-07-05T00:00:00+00:00, run_after=2022-07-06T00:00:00+00:00
[2022-07-06 20:25:42,548] {processor.py:161} INFO - Processing /home/airflow/.local/lib/python3.7/site-packages/airflow/example_dags/example_branch_operator_decorator.py took 0.149 seconds
[2022-07-06 20:26:12,743] {processor.py:153} INFO - Started process (PID=3196) to work on /home/airflow/.local/lib/python3.7/site-packages/airflow/example_dags/example_branch_operator_decorator.py
[2022-07-06 20:26:12,744] {processor.py:641} INFO - Processing file /home/airflow/.local/lib/python3.7/site-packages/airflow/example_dags/example_branch_operator_decorator.py for tasks to queue
[2022-07-06 20:26:12,745] {logging_mixin.py:115} INFO - [2022-07-06 20:26:12,745] {dagbag.py:507} INFO - Filling up the DagBag from /home/airflow/.local/lib/python3.7/site-packages/airflow/example_dags/example_branch_operator_decorator.py
[2022-07-06 20:26:12,772] {processor.py:651} INFO - DAG(s) dict_keys(['example_branch_python_operator_decorator']) retrieved from /home/airflow/.local/lib/python3.7/site-packages/airflow/example_dags/example_branch_operator_decorator.py
[2022-07-06 20:26:12,808] {logging_mixin.py:115} INFO - [2022-07-06 20:26:12,808] {dag.py:2379} INFO - Sync 1 DAGs
[2022-07-06 20:26:12,843] {logging_mixin.py:115} INFO - [2022-07-06 20:26:12,842] {dag.py:2931} INFO - Setting next_dagrun for example_branch_python_operator_decorator to 2022-07-05T00:00:00+00:00, run_after=2022-07-06T00:00:00+00:00
[2022-07-06 20:26:12,871] {processor.py:161} INFO - Processing /home/airflow/.local/lib/python3.7/site-packages/airflow/example_dags/example_branch_operator_decorator.py took 0.131 seconds
[2022-07-06 20:26:43,702] {processor.py:153} INFO - Started process (PID=3250) to work on /home/airflow/.local/lib/python3.7/site-packages/airflow/example_dags/example_branch_operator_decorator.py
[2022-07-06 20:26:43,722] {processor.py:641} INFO - Processing file /home/airflow/.local/lib/python3.7/site-packages/airflow/example_dags/example_branch_operator_decorator.py for tasks to queue
[2022-07-06 20:26:43,724] {logging_mixin.py:115} INFO - [2022-07-06 20:26:43,723] {dagbag.py:507} INFO - Filling up the DagBag from /home/airflow/.local/lib/python3.7/site-packages/airflow/example_dags/example_branch_operator_decorator.py
[2022-07-06 20:26:43,843] {processor.py:651} INFO - DAG(s) dict_keys(['example_branch_python_operator_decorator']) retrieved from /home/airflow/.local/lib/python3.7/site-packages/airflow/example_dags/example_branch_operator_decorator.py
[2022-07-06 20:26:43,897] {logging_mixin.py:115} INFO - [2022-07-06 20:26:43,897] {dag.py:2379} INFO - Sync 1 DAGs
[2022-07-06 20:26:43,974] {logging_mixin.py:115} INFO - [2022-07-06 20:26:43,974] {dag.py:2931} INFO - Setting next_dagrun for example_branch_python_operator_decorator to 2022-07-05T00:00:00+00:00, run_after=2022-07-06T00:00:00+00:00
[2022-07-06 20:26:44,027] {processor.py:161} INFO - Processing /home/airflow/.local/lib/python3.7/site-packages/airflow/example_dags/example_branch_operator_decorator.py took 0.330 seconds
