[2022-07-06 19:39:01,029] {processor.py:153} INFO - Started process (PID=144) to work on /home/airflow/.local/lib/python3.7/site-packages/airflow/example_dags/example_branch_operator.py
[2022-07-06 19:39:01,030] {processor.py:641} INFO - Processing file /home/airflow/.local/lib/python3.7/site-packages/airflow/example_dags/example_branch_operator.py for tasks to queue
[2022-07-06 19:39:01,031] {logging_mixin.py:115} INFO - [2022-07-06 19:39:01,031] {dagbag.py:507} INFO - Filling up the DagBag from /home/airflow/.local/lib/python3.7/site-packages/airflow/example_dags/example_branch_operator.py
[2022-07-06 19:39:01,054] {processor.py:651} INFO - DAG(s) dict_keys(['example_branch_operator']) retrieved from /home/airflow/.local/lib/python3.7/site-packages/airflow/example_dags/example_branch_operator.py
[2022-07-06 19:39:02,263] {logging_mixin.py:115} INFO - [2022-07-06 19:39:02,262] {manager.py:508} INFO - Created Permission View: can delete on DAG:example_branch_operator
[2022-07-06 19:39:03,046] {logging_mixin.py:115} INFO - [2022-07-06 19:39:03,046] {manager.py:508} INFO - Created Permission View: can edit on DAG:example_branch_operator
[2022-07-06 19:39:03,806] {logging_mixin.py:115} INFO - [2022-07-06 19:39:03,806] {manager.py:508} INFO - Created Permission View: can read on DAG:example_branch_operator
[2022-07-06 19:39:03,808] {logging_mixin.py:115} INFO - [2022-07-06 19:39:03,807] {dag.py:2379} INFO - Sync 1 DAGs
[2022-07-06 19:39:03,840] {logging_mixin.py:115} INFO - [2022-07-06 19:39:03,839] {dag.py:2398} INFO - Creating ORM DAG for example_branch_operator
[2022-07-06 19:39:03,866] {logging_mixin.py:115} INFO - [2022-07-06 19:39:03,866] {dag.py:2931} INFO - Setting next_dagrun for example_branch_operator to 2022-07-05T00:00:00+00:00, run_after=2022-07-06T00:00:00+00:00
[2022-07-06 19:39:04,475] {processor.py:161} INFO - Processing /home/airflow/.local/lib/python3.7/site-packages/airflow/example_dags/example_branch_operator.py took 3.454 seconds
[2022-07-06 19:39:50,303] {processor.py:153} INFO - Started process (PID=200) to work on /home/airflow/.local/lib/python3.7/site-packages/airflow/example_dags/example_branch_operator.py
[2022-07-06 19:39:50,445] {processor.py:641} INFO - Processing file /home/airflow/.local/lib/python3.7/site-packages/airflow/example_dags/example_branch_operator.py for tasks to queue
[2022-07-06 19:39:50,447] {logging_mixin.py:115} INFO - [2022-07-06 19:39:50,447] {dagbag.py:507} INFO - Filling up the DagBag from /home/airflow/.local/lib/python3.7/site-packages/airflow/example_dags/example_branch_operator.py
[2022-07-06 19:39:50,704] {processor.py:651} INFO - DAG(s) dict_keys(['example_branch_operator']) retrieved from /home/airflow/.local/lib/python3.7/site-packages/airflow/example_dags/example_branch_operator.py
[2022-07-06 19:39:50,734] {logging_mixin.py:115} INFO - [2022-07-06 19:39:50,734] {dag.py:2379} INFO - Sync 1 DAGs
[2022-07-06 19:39:50,759] {logging_mixin.py:115} INFO - [2022-07-06 19:39:50,759] {dag.py:2931} INFO - Setting next_dagrun for example_branch_operator to 2022-07-05T00:00:00+00:00, run_after=2022-07-06T00:00:00+00:00
[2022-07-06 19:39:50,982] {processor.py:161} INFO - Processing /home/airflow/.local/lib/python3.7/site-packages/airflow/example_dags/example_branch_operator.py took 0.689 seconds
[2022-07-06 19:40:21,230] {processor.py:153} INFO - Started process (PID=253) to work on /home/airflow/.local/lib/python3.7/site-packages/airflow/example_dags/example_branch_operator.py
[2022-07-06 19:40:21,236] {processor.py:641} INFO - Processing file /home/airflow/.local/lib/python3.7/site-packages/airflow/example_dags/example_branch_operator.py for tasks to queue
[2022-07-06 19:40:21,237] {logging_mixin.py:115} INFO - [2022-07-06 19:40:21,237] {dagbag.py:507} INFO - Filling up the DagBag from /home/airflow/.local/lib/python3.7/site-packages/airflow/example_dags/example_branch_operator.py
[2022-07-06 19:40:21,259] {processor.py:651} INFO - DAG(s) dict_keys(['example_branch_operator']) retrieved from /home/airflow/.local/lib/python3.7/site-packages/airflow/example_dags/example_branch_operator.py
[2022-07-06 19:40:21,307] {logging_mixin.py:115} INFO - [2022-07-06 19:40:21,307] {dag.py:2379} INFO - Sync 1 DAGs
[2022-07-06 19:40:21,346] {logging_mixin.py:115} INFO - [2022-07-06 19:40:21,346] {dag.py:2931} INFO - Setting next_dagrun for example_branch_operator to 2022-07-05T00:00:00+00:00, run_after=2022-07-06T00:00:00+00:00
[2022-07-06 19:40:21,491] {processor.py:161} INFO - Processing /home/airflow/.local/lib/python3.7/site-packages/airflow/example_dags/example_branch_operator.py took 0.266 seconds
[2022-07-06 19:40:52,321] {processor.py:153} INFO - Started process (PID=306) to work on /home/airflow/.local/lib/python3.7/site-packages/airflow/example_dags/example_branch_operator.py
[2022-07-06 19:40:52,338] {processor.py:641} INFO - Processing file /home/airflow/.local/lib/python3.7/site-packages/airflow/example_dags/example_branch_operator.py for tasks to queue
[2022-07-06 19:40:52,339] {logging_mixin.py:115} INFO - [2022-07-06 19:40:52,339] {dagbag.py:507} INFO - Filling up the DagBag from /home/airflow/.local/lib/python3.7/site-packages/airflow/example_dags/example_branch_operator.py
[2022-07-06 19:40:52,385] {processor.py:651} INFO - DAG(s) dict_keys(['example_branch_operator']) retrieved from /home/airflow/.local/lib/python3.7/site-packages/airflow/example_dags/example_branch_operator.py
[2022-07-06 19:40:52,441] {logging_mixin.py:115} INFO - [2022-07-06 19:40:52,441] {dag.py:2379} INFO - Sync 1 DAGs
[2022-07-06 19:40:52,472] {logging_mixin.py:115} INFO - [2022-07-06 19:40:52,472] {dag.py:2931} INFO - Setting next_dagrun for example_branch_operator to 2022-07-05T00:00:00+00:00, run_after=2022-07-06T00:00:00+00:00
[2022-07-06 19:40:52,577] {processor.py:161} INFO - Processing /home/airflow/.local/lib/python3.7/site-packages/airflow/example_dags/example_branch_operator.py took 0.265 seconds
[2022-07-06 19:41:22,932] {processor.py:153} INFO - Started process (PID=366) to work on /home/airflow/.local/lib/python3.7/site-packages/airflow/example_dags/example_branch_operator.py
[2022-07-06 19:41:22,979] {processor.py:641} INFO - Processing file /home/airflow/.local/lib/python3.7/site-packages/airflow/example_dags/example_branch_operator.py for tasks to queue
[2022-07-06 19:41:22,979] {logging_mixin.py:115} INFO - [2022-07-06 19:41:22,979] {dagbag.py:507} INFO - Filling up the DagBag from /home/airflow/.local/lib/python3.7/site-packages/airflow/example_dags/example_branch_operator.py
[2022-07-06 19:41:22,995] {processor.py:651} INFO - DAG(s) dict_keys(['example_branch_operator']) retrieved from /home/airflow/.local/lib/python3.7/site-packages/airflow/example_dags/example_branch_operator.py
[2022-07-06 19:41:23,030] {logging_mixin.py:115} INFO - [2022-07-06 19:41:23,030] {dag.py:2379} INFO - Sync 1 DAGs
[2022-07-06 19:41:23,062] {logging_mixin.py:115} INFO - [2022-07-06 19:41:23,062] {dag.py:2931} INFO - Setting next_dagrun for example_branch_operator to 2022-07-05T00:00:00+00:00, run_after=2022-07-06T00:00:00+00:00
[2022-07-06 19:41:23,366] {processor.py:161} INFO - Processing /home/airflow/.local/lib/python3.7/site-packages/airflow/example_dags/example_branch_operator.py took 0.440 seconds
[2022-07-06 19:42:17,596] {processor.py:153} INFO - Started process (PID=407) to work on /home/airflow/.local/lib/python3.7/site-packages/airflow/example_dags/example_branch_operator.py
[2022-07-06 19:42:17,842] {processor.py:641} INFO - Processing file /home/airflow/.local/lib/python3.7/site-packages/airflow/example_dags/example_branch_operator.py for tasks to queue
[2022-07-06 19:42:17,844] {logging_mixin.py:115} INFO - [2022-07-06 19:42:17,844] {dagbag.py:507} INFO - Filling up the DagBag from /home/airflow/.local/lib/python3.7/site-packages/airflow/example_dags/example_branch_operator.py
[2022-07-06 19:42:18,511] {processor.py:651} INFO - DAG(s) dict_keys(['example_branch_operator']) retrieved from /home/airflow/.local/lib/python3.7/site-packages/airflow/example_dags/example_branch_operator.py
[2022-07-06 19:42:18,542] {logging_mixin.py:115} INFO - [2022-07-06 19:42:18,542] {dag.py:2379} INFO - Sync 1 DAGs
[2022-07-06 19:42:18,568] {logging_mixin.py:115} INFO - [2022-07-06 19:42:18,568] {dag.py:2931} INFO - Setting next_dagrun for example_branch_operator to 2022-07-05T00:00:00+00:00, run_after=2022-07-06T00:00:00+00:00
[2022-07-06 19:42:18,859] {processor.py:161} INFO - Processing /home/airflow/.local/lib/python3.7/site-packages/airflow/example_dags/example_branch_operator.py took 1.266 seconds
[2022-07-06 19:45:01,394] {processor.py:153} INFO - Started process (PID=467) to work on /home/airflow/.local/lib/python3.7/site-packages/airflow/example_dags/example_branch_operator.py
[2022-07-06 19:45:01,845] {processor.py:641} INFO - Processing file /home/airflow/.local/lib/python3.7/site-packages/airflow/example_dags/example_branch_operator.py for tasks to queue
[2022-07-06 19:45:01,847] {logging_mixin.py:115} INFO - [2022-07-06 19:45:01,847] {dagbag.py:507} INFO - Filling up the DagBag from /home/airflow/.local/lib/python3.7/site-packages/airflow/example_dags/example_branch_operator.py
[2022-07-06 19:45:02,242] {processor.py:651} INFO - DAG(s) dict_keys(['example_branch_operator']) retrieved from /home/airflow/.local/lib/python3.7/site-packages/airflow/example_dags/example_branch_operator.py
[2022-07-06 19:45:02,282] {logging_mixin.py:115} INFO - [2022-07-06 19:45:02,282] {dag.py:2379} INFO - Sync 1 DAGs
[2022-07-06 19:45:02,311] {logging_mixin.py:115} INFO - [2022-07-06 19:45:02,310] {dag.py:2931} INFO - Setting next_dagrun for example_branch_operator to 2022-07-05T00:00:00+00:00, run_after=2022-07-06T00:00:00+00:00
[2022-07-06 19:45:03,101] {processor.py:161} INFO - Processing /home/airflow/.local/lib/python3.7/site-packages/airflow/example_dags/example_branch_operator.py took 1.711 seconds
[2022-07-06 19:54:38,415] {processor.py:153} INFO - Started process (PID=135) to work on /home/airflow/.local/lib/python3.7/site-packages/airflow/example_dags/example_branch_operator.py
[2022-07-06 19:54:38,552] {processor.py:641} INFO - Processing file /home/airflow/.local/lib/python3.7/site-packages/airflow/example_dags/example_branch_operator.py for tasks to queue
[2022-07-06 19:54:38,554] {logging_mixin.py:115} INFO - [2022-07-06 19:54:38,553] {dagbag.py:507} INFO - Filling up the DagBag from /home/airflow/.local/lib/python3.7/site-packages/airflow/example_dags/example_branch_operator.py
[2022-07-06 19:54:38,584] {processor.py:651} INFO - DAG(s) dict_keys(['example_branch_operator']) retrieved from /home/airflow/.local/lib/python3.7/site-packages/airflow/example_dags/example_branch_operator.py
[2022-07-06 19:54:38,624] {logging_mixin.py:115} INFO - [2022-07-06 19:54:38,624] {dag.py:2379} INFO - Sync 1 DAGs
[2022-07-06 19:54:38,662] {logging_mixin.py:115} INFO - [2022-07-06 19:54:38,662] {dag.py:2931} INFO - Setting next_dagrun for example_branch_operator to 2022-07-05T00:00:00+00:00, run_after=2022-07-06T00:00:00+00:00
[2022-07-06 19:54:38,733] {processor.py:161} INFO - Processing /home/airflow/.local/lib/python3.7/site-packages/airflow/example_dags/example_branch_operator.py took 0.323 seconds
[2022-07-06 19:55:21,388] {processor.py:153} INFO - Started process (PID=187) to work on /home/airflow/.local/lib/python3.7/site-packages/airflow/example_dags/example_branch_operator.py
[2022-07-06 19:55:21,549] {processor.py:641} INFO - Processing file /home/airflow/.local/lib/python3.7/site-packages/airflow/example_dags/example_branch_operator.py for tasks to queue
[2022-07-06 19:55:21,551] {logging_mixin.py:115} INFO - [2022-07-06 19:55:21,551] {dagbag.py:507} INFO - Filling up the DagBag from /home/airflow/.local/lib/python3.7/site-packages/airflow/example_dags/example_branch_operator.py
[2022-07-06 19:55:21,909] {processor.py:651} INFO - DAG(s) dict_keys(['example_branch_operator']) retrieved from /home/airflow/.local/lib/python3.7/site-packages/airflow/example_dags/example_branch_operator.py
[2022-07-06 19:55:22,274] {logging_mixin.py:115} INFO - [2022-07-06 19:55:22,274] {dag.py:2379} INFO - Sync 1 DAGs
[2022-07-06 19:55:23,885] {logging_mixin.py:115} INFO - [2022-07-06 19:55:23,885] {dag.py:2931} INFO - Setting next_dagrun for example_branch_operator to 2022-07-05T00:00:00+00:00, run_after=2022-07-06T00:00:00+00:00
[2022-07-06 19:55:24,651] {processor.py:161} INFO - Processing /home/airflow/.local/lib/python3.7/site-packages/airflow/example_dags/example_branch_operator.py took 3.526 seconds
[2022-07-06 19:58:10,588] {processor.py:153} INFO - Started process (PID=342) to work on /home/airflow/.local/lib/python3.7/site-packages/airflow/example_dags/example_branch_operator.py
[2022-07-06 19:58:10,695] {processor.py:641} INFO - Processing file /home/airflow/.local/lib/python3.7/site-packages/airflow/example_dags/example_branch_operator.py for tasks to queue
[2022-07-06 19:58:10,696] {logging_mixin.py:115} INFO - [2022-07-06 19:58:10,696] {dagbag.py:507} INFO - Filling up the DagBag from /home/airflow/.local/lib/python3.7/site-packages/airflow/example_dags/example_branch_operator.py
[2022-07-06 19:58:10,933] {processor.py:651} INFO - DAG(s) dict_keys(['example_branch_operator']) retrieved from /home/airflow/.local/lib/python3.7/site-packages/airflow/example_dags/example_branch_operator.py
[2022-07-06 19:58:11,908] {logging_mixin.py:115} INFO - [2022-07-06 19:58:11,908] {dag.py:2379} INFO - Sync 1 DAGs
[2022-07-06 19:58:12,414] {logging_mixin.py:115} INFO - [2022-07-06 19:58:12,414] {dag.py:2931} INFO - Setting next_dagrun for example_branch_operator to 2022-07-05T00:00:00+00:00, run_after=2022-07-06T00:00:00+00:00
[2022-07-06 19:58:12,500] {processor.py:161} INFO - Processing /home/airflow/.local/lib/python3.7/site-packages/airflow/example_dags/example_branch_operator.py took 1.917 seconds
[2022-07-06 19:58:42,701] {processor.py:153} INFO - Started process (PID=394) to work on /home/airflow/.local/lib/python3.7/site-packages/airflow/example_dags/example_branch_operator.py
[2022-07-06 19:58:42,787] {processor.py:641} INFO - Processing file /home/airflow/.local/lib/python3.7/site-packages/airflow/example_dags/example_branch_operator.py for tasks to queue
[2022-07-06 19:58:42,788] {logging_mixin.py:115} INFO - [2022-07-06 19:58:42,788] {dagbag.py:507} INFO - Filling up the DagBag from /home/airflow/.local/lib/python3.7/site-packages/airflow/example_dags/example_branch_operator.py
[2022-07-06 19:58:42,810] {processor.py:651} INFO - DAG(s) dict_keys(['example_branch_operator']) retrieved from /home/airflow/.local/lib/python3.7/site-packages/airflow/example_dags/example_branch_operator.py
[2022-07-06 19:58:42,853] {logging_mixin.py:115} INFO - [2022-07-06 19:58:42,853] {dag.py:2379} INFO - Sync 1 DAGs
[2022-07-06 19:58:42,901] {logging_mixin.py:115} INFO - [2022-07-06 19:58:42,901] {dag.py:2931} INFO - Setting next_dagrun for example_branch_operator to 2022-07-05T00:00:00+00:00, run_after=2022-07-06T00:00:00+00:00
[2022-07-06 19:58:42,994] {processor.py:161} INFO - Processing /home/airflow/.local/lib/python3.7/site-packages/airflow/example_dags/example_branch_operator.py took 0.297 seconds
[2022-07-06 19:59:13,682] {processor.py:153} INFO - Started process (PID=446) to work on /home/airflow/.local/lib/python3.7/site-packages/airflow/example_dags/example_branch_operator.py
[2022-07-06 19:59:13,722] {processor.py:641} INFO - Processing file /home/airflow/.local/lib/python3.7/site-packages/airflow/example_dags/example_branch_operator.py for tasks to queue
[2022-07-06 19:59:13,724] {logging_mixin.py:115} INFO - [2022-07-06 19:59:13,724] {dagbag.py:507} INFO - Filling up the DagBag from /home/airflow/.local/lib/python3.7/site-packages/airflow/example_dags/example_branch_operator.py
[2022-07-06 19:59:15,609] {processor.py:651} INFO - DAG(s) dict_keys(['example_branch_operator']) retrieved from /home/airflow/.local/lib/python3.7/site-packages/airflow/example_dags/example_branch_operator.py
[2022-07-06 19:59:18,651] {logging_mixin.py:115} INFO - [2022-07-06 19:59:18,651] {dag.py:2379} INFO - Sync 1 DAGs
[2022-07-06 19:59:19,087] {logging_mixin.py:115} INFO - [2022-07-06 19:59:19,086] {dag.py:2931} INFO - Setting next_dagrun for example_branch_operator to 2022-07-05T00:00:00+00:00, run_after=2022-07-06T00:00:00+00:00
[2022-07-06 19:59:21,095] {processor.py:161} INFO - Processing /home/airflow/.local/lib/python3.7/site-packages/airflow/example_dags/example_branch_operator.py took 7.426 seconds
[2022-07-06 20:00:01,725] {processor.py:153} INFO - Started process (PID=508) to work on /home/airflow/.local/lib/python3.7/site-packages/airflow/example_dags/example_branch_operator.py
[2022-07-06 20:00:01,763] {processor.py:641} INFO - Processing file /home/airflow/.local/lib/python3.7/site-packages/airflow/example_dags/example_branch_operator.py for tasks to queue
[2022-07-06 20:00:01,765] {logging_mixin.py:115} INFO - [2022-07-06 20:00:01,765] {dagbag.py:507} INFO - Filling up the DagBag from /home/airflow/.local/lib/python3.7/site-packages/airflow/example_dags/example_branch_operator.py
[2022-07-06 20:00:01,810] {processor.py:651} INFO - DAG(s) dict_keys(['example_branch_operator']) retrieved from /home/airflow/.local/lib/python3.7/site-packages/airflow/example_dags/example_branch_operator.py
[2022-07-06 20:00:01,901] {logging_mixin.py:115} INFO - [2022-07-06 20:00:01,901] {dag.py:2379} INFO - Sync 1 DAGs
[2022-07-06 20:00:01,947] {logging_mixin.py:115} INFO - [2022-07-06 20:00:01,947] {dag.py:2931} INFO - Setting next_dagrun for example_branch_operator to 2022-07-05T00:00:00+00:00, run_after=2022-07-06T00:00:00+00:00
[2022-07-06 20:00:01,987] {processor.py:161} INFO - Processing /home/airflow/.local/lib/python3.7/site-packages/airflow/example_dags/example_branch_operator.py took 0.271 seconds
[2022-07-06 20:00:32,361] {processor.py:153} INFO - Started process (PID=568) to work on /home/airflow/.local/lib/python3.7/site-packages/airflow/example_dags/example_branch_operator.py
[2022-07-06 20:00:32,362] {processor.py:641} INFO - Processing file /home/airflow/.local/lib/python3.7/site-packages/airflow/example_dags/example_branch_operator.py for tasks to queue
[2022-07-06 20:00:32,363] {logging_mixin.py:115} INFO - [2022-07-06 20:00:32,362] {dagbag.py:507} INFO - Filling up the DagBag from /home/airflow/.local/lib/python3.7/site-packages/airflow/example_dags/example_branch_operator.py
[2022-07-06 20:00:32,377] {processor.py:651} INFO - DAG(s) dict_keys(['example_branch_operator']) retrieved from /home/airflow/.local/lib/python3.7/site-packages/airflow/example_dags/example_branch_operator.py
[2022-07-06 20:00:32,677] {logging_mixin.py:115} INFO - [2022-07-06 20:00:32,676] {dag.py:2379} INFO - Sync 1 DAGs
[2022-07-06 20:00:32,727] {logging_mixin.py:115} INFO - [2022-07-06 20:00:32,727] {dag.py:2931} INFO - Setting next_dagrun for example_branch_operator to 2022-07-05T00:00:00+00:00, run_after=2022-07-06T00:00:00+00:00
[2022-07-06 20:00:32,852] {processor.py:161} INFO - Processing /home/airflow/.local/lib/python3.7/site-packages/airflow/example_dags/example_branch_operator.py took 0.495 seconds
[2022-07-06 20:01:12,365] {processor.py:153} INFO - Started process (PID=627) to work on /home/airflow/.local/lib/python3.7/site-packages/airflow/example_dags/example_branch_operator.py
[2022-07-06 20:01:12,401] {processor.py:641} INFO - Processing file /home/airflow/.local/lib/python3.7/site-packages/airflow/example_dags/example_branch_operator.py for tasks to queue
[2022-07-06 20:01:12,403] {logging_mixin.py:115} INFO - [2022-07-06 20:01:12,403] {dagbag.py:507} INFO - Filling up the DagBag from /home/airflow/.local/lib/python3.7/site-packages/airflow/example_dags/example_branch_operator.py
[2022-07-06 20:01:12,443] {processor.py:651} INFO - DAG(s) dict_keys(['example_branch_operator']) retrieved from /home/airflow/.local/lib/python3.7/site-packages/airflow/example_dags/example_branch_operator.py
[2022-07-06 20:01:12,544] {logging_mixin.py:115} INFO - [2022-07-06 20:01:12,544] {dag.py:2379} INFO - Sync 1 DAGs
[2022-07-06 20:01:12,584] {logging_mixin.py:115} INFO - [2022-07-06 20:01:12,584] {dag.py:2931} INFO - Setting next_dagrun for example_branch_operator to 2022-07-05T00:00:00+00:00, run_after=2022-07-06T00:00:00+00:00
[2022-07-06 20:01:12,618] {processor.py:161} INFO - Processing /home/airflow/.local/lib/python3.7/site-packages/airflow/example_dags/example_branch_operator.py took 0.261 seconds
[2022-07-06 20:01:53,488] {processor.py:153} INFO - Started process (PID=688) to work on /home/airflow/.local/lib/python3.7/site-packages/airflow/example_dags/example_branch_operator.py
[2022-07-06 20:01:53,504] {processor.py:641} INFO - Processing file /home/airflow/.local/lib/python3.7/site-packages/airflow/example_dags/example_branch_operator.py for tasks to queue
[2022-07-06 20:01:53,504] {logging_mixin.py:115} INFO - [2022-07-06 20:01:53,504] {dagbag.py:507} INFO - Filling up the DagBag from /home/airflow/.local/lib/python3.7/site-packages/airflow/example_dags/example_branch_operator.py
[2022-07-06 20:01:53,518] {processor.py:651} INFO - DAG(s) dict_keys(['example_branch_operator']) retrieved from /home/airflow/.local/lib/python3.7/site-packages/airflow/example_dags/example_branch_operator.py
[2022-07-06 20:01:53,552] {logging_mixin.py:115} INFO - [2022-07-06 20:01:53,552] {dag.py:2379} INFO - Sync 1 DAGs
[2022-07-06 20:01:53,586] {logging_mixin.py:115} INFO - [2022-07-06 20:01:53,586] {dag.py:2931} INFO - Setting next_dagrun for example_branch_operator to 2022-07-05T00:00:00+00:00, run_after=2022-07-06T00:00:00+00:00
[2022-07-06 20:01:53,610] {processor.py:161} INFO - Processing /home/airflow/.local/lib/python3.7/site-packages/airflow/example_dags/example_branch_operator.py took 0.125 seconds
[2022-07-06 20:02:24,750] {processor.py:153} INFO - Started process (PID=739) to work on /home/airflow/.local/lib/python3.7/site-packages/airflow/example_dags/example_branch_operator.py
[2022-07-06 20:02:24,777] {processor.py:641} INFO - Processing file /home/airflow/.local/lib/python3.7/site-packages/airflow/example_dags/example_branch_operator.py for tasks to queue
[2022-07-06 20:02:24,778] {logging_mixin.py:115} INFO - [2022-07-06 20:02:24,777] {dagbag.py:507} INFO - Filling up the DagBag from /home/airflow/.local/lib/python3.7/site-packages/airflow/example_dags/example_branch_operator.py
[2022-07-06 20:02:24,797] {processor.py:651} INFO - DAG(s) dict_keys(['example_branch_operator']) retrieved from /home/airflow/.local/lib/python3.7/site-packages/airflow/example_dags/example_branch_operator.py
[2022-07-06 20:02:24,844] {logging_mixin.py:115} INFO - [2022-07-06 20:02:24,844] {dag.py:2379} INFO - Sync 1 DAGs
[2022-07-06 20:02:24,891] {logging_mixin.py:115} INFO - [2022-07-06 20:02:24,890] {dag.py:2931} INFO - Setting next_dagrun for example_branch_operator to 2022-07-05T00:00:00+00:00, run_after=2022-07-06T00:00:00+00:00
[2022-07-06 20:02:24,927] {processor.py:161} INFO - Processing /home/airflow/.local/lib/python3.7/site-packages/airflow/example_dags/example_branch_operator.py took 0.180 seconds
[2022-07-06 20:02:57,376] {processor.py:153} INFO - Started process (PID=799) to work on /home/airflow/.local/lib/python3.7/site-packages/airflow/example_dags/example_branch_operator.py
[2022-07-06 20:02:57,500] {processor.py:641} INFO - Processing file /home/airflow/.local/lib/python3.7/site-packages/airflow/example_dags/example_branch_operator.py for tasks to queue
[2022-07-06 20:02:57,501] {logging_mixin.py:115} INFO - [2022-07-06 20:02:57,501] {dagbag.py:507} INFO - Filling up the DagBag from /home/airflow/.local/lib/python3.7/site-packages/airflow/example_dags/example_branch_operator.py
[2022-07-06 20:02:57,522] {processor.py:651} INFO - DAG(s) dict_keys(['example_branch_operator']) retrieved from /home/airflow/.local/lib/python3.7/site-packages/airflow/example_dags/example_branch_operator.py
[2022-07-06 20:02:57,576] {logging_mixin.py:115} INFO - [2022-07-06 20:02:57,576] {dag.py:2379} INFO - Sync 1 DAGs
[2022-07-06 20:02:57,624] {logging_mixin.py:115} INFO - [2022-07-06 20:02:57,624] {dag.py:2931} INFO - Setting next_dagrun for example_branch_operator to 2022-07-05T00:00:00+00:00, run_after=2022-07-06T00:00:00+00:00
[2022-07-06 20:02:57,870] {processor.py:161} INFO - Processing /home/airflow/.local/lib/python3.7/site-packages/airflow/example_dags/example_branch_operator.py took 0.499 seconds
[2022-07-06 20:03:29,040] {processor.py:153} INFO - Started process (PID=851) to work on /home/airflow/.local/lib/python3.7/site-packages/airflow/example_dags/example_branch_operator.py
[2022-07-06 20:03:29,040] {processor.py:641} INFO - Processing file /home/airflow/.local/lib/python3.7/site-packages/airflow/example_dags/example_branch_operator.py for tasks to queue
[2022-07-06 20:03:29,041] {logging_mixin.py:115} INFO - [2022-07-06 20:03:29,041] {dagbag.py:507} INFO - Filling up the DagBag from /home/airflow/.local/lib/python3.7/site-packages/airflow/example_dags/example_branch_operator.py
[2022-07-06 20:03:29,054] {processor.py:651} INFO - DAG(s) dict_keys(['example_branch_operator']) retrieved from /home/airflow/.local/lib/python3.7/site-packages/airflow/example_dags/example_branch_operator.py
[2022-07-06 20:03:29,085] {logging_mixin.py:115} INFO - [2022-07-06 20:03:29,085] {dag.py:2379} INFO - Sync 1 DAGs
[2022-07-06 20:03:29,116] {logging_mixin.py:115} INFO - [2022-07-06 20:03:29,116] {dag.py:2931} INFO - Setting next_dagrun for example_branch_operator to 2022-07-05T00:00:00+00:00, run_after=2022-07-06T00:00:00+00:00
[2022-07-06 20:03:29,899] {processor.py:161} INFO - Processing /home/airflow/.local/lib/python3.7/site-packages/airflow/example_dags/example_branch_operator.py took 0.863 seconds
[2022-07-06 20:04:00,354] {processor.py:153} INFO - Started process (PID=903) to work on /home/airflow/.local/lib/python3.7/site-packages/airflow/example_dags/example_branch_operator.py
[2022-07-06 20:04:00,372] {processor.py:641} INFO - Processing file /home/airflow/.local/lib/python3.7/site-packages/airflow/example_dags/example_branch_operator.py for tasks to queue
[2022-07-06 20:04:00,372] {logging_mixin.py:115} INFO - [2022-07-06 20:04:00,372] {dagbag.py:507} INFO - Filling up the DagBag from /home/airflow/.local/lib/python3.7/site-packages/airflow/example_dags/example_branch_operator.py
[2022-07-06 20:04:00,391] {processor.py:651} INFO - DAG(s) dict_keys(['example_branch_operator']) retrieved from /home/airflow/.local/lib/python3.7/site-packages/airflow/example_dags/example_branch_operator.py
[2022-07-06 20:04:00,427] {logging_mixin.py:115} INFO - [2022-07-06 20:04:00,427] {dag.py:2379} INFO - Sync 1 DAGs
[2022-07-06 20:04:00,472] {logging_mixin.py:115} INFO - [2022-07-06 20:04:00,472] {dag.py:2931} INFO - Setting next_dagrun for example_branch_operator to 2022-07-05T00:00:00+00:00, run_after=2022-07-06T00:00:00+00:00
[2022-07-06 20:04:00,500] {processor.py:161} INFO - Processing /home/airflow/.local/lib/python3.7/site-packages/airflow/example_dags/example_branch_operator.py took 0.151 seconds
[2022-07-06 20:04:31,173] {processor.py:153} INFO - Started process (PID=954) to work on /home/airflow/.local/lib/python3.7/site-packages/airflow/example_dags/example_branch_operator.py
[2022-07-06 20:04:31,191] {processor.py:641} INFO - Processing file /home/airflow/.local/lib/python3.7/site-packages/airflow/example_dags/example_branch_operator.py for tasks to queue
[2022-07-06 20:04:31,192] {logging_mixin.py:115} INFO - [2022-07-06 20:04:31,192] {dagbag.py:507} INFO - Filling up the DagBag from /home/airflow/.local/lib/python3.7/site-packages/airflow/example_dags/example_branch_operator.py
[2022-07-06 20:04:31,223] {processor.py:651} INFO - DAG(s) dict_keys(['example_branch_operator']) retrieved from /home/airflow/.local/lib/python3.7/site-packages/airflow/example_dags/example_branch_operator.py
[2022-07-06 20:04:31,290] {logging_mixin.py:115} INFO - [2022-07-06 20:04:31,289] {dag.py:2379} INFO - Sync 1 DAGs
[2022-07-06 20:04:31,335] {logging_mixin.py:115} INFO - [2022-07-06 20:04:31,335] {dag.py:2931} INFO - Setting next_dagrun for example_branch_operator to 2022-07-05T00:00:00+00:00, run_after=2022-07-06T00:00:00+00:00
[2022-07-06 20:04:31,373] {processor.py:161} INFO - Processing /home/airflow/.local/lib/python3.7/site-packages/airflow/example_dags/example_branch_operator.py took 0.214 seconds
[2022-07-06 20:05:02,012] {processor.py:153} INFO - Started process (PID=1016) to work on /home/airflow/.local/lib/python3.7/site-packages/airflow/example_dags/example_branch_operator.py
[2022-07-06 20:05:02,013] {processor.py:641} INFO - Processing file /home/airflow/.local/lib/python3.7/site-packages/airflow/example_dags/example_branch_operator.py for tasks to queue
[2022-07-06 20:05:02,014] {logging_mixin.py:115} INFO - [2022-07-06 20:05:02,014] {dagbag.py:507} INFO - Filling up the DagBag from /home/airflow/.local/lib/python3.7/site-packages/airflow/example_dags/example_branch_operator.py
[2022-07-06 20:05:02,097] {processor.py:651} INFO - DAG(s) dict_keys(['example_branch_operator']) retrieved from /home/airflow/.local/lib/python3.7/site-packages/airflow/example_dags/example_branch_operator.py
[2022-07-06 20:05:02,218] {logging_mixin.py:115} INFO - [2022-07-06 20:05:02,218] {dag.py:2379} INFO - Sync 1 DAGs
[2022-07-06 20:05:02,289] {logging_mixin.py:115} INFO - [2022-07-06 20:05:02,289] {dag.py:2931} INFO - Setting next_dagrun for example_branch_operator to 2022-07-05T00:00:00+00:00, run_after=2022-07-06T00:00:00+00:00
[2022-07-06 20:05:02,406] {processor.py:161} INFO - Processing /home/airflow/.local/lib/python3.7/site-packages/airflow/example_dags/example_branch_operator.py took 0.403 seconds
[2022-07-06 20:05:32,568] {processor.py:153} INFO - Started process (PID=1067) to work on /home/airflow/.local/lib/python3.7/site-packages/airflow/example_dags/example_branch_operator.py
[2022-07-06 20:05:32,569] {processor.py:641} INFO - Processing file /home/airflow/.local/lib/python3.7/site-packages/airflow/example_dags/example_branch_operator.py for tasks to queue
[2022-07-06 20:05:32,570] {logging_mixin.py:115} INFO - [2022-07-06 20:05:32,570] {dagbag.py:507} INFO - Filling up the DagBag from /home/airflow/.local/lib/python3.7/site-packages/airflow/example_dags/example_branch_operator.py
[2022-07-06 20:05:32,586] {processor.py:651} INFO - DAG(s) dict_keys(['example_branch_operator']) retrieved from /home/airflow/.local/lib/python3.7/site-packages/airflow/example_dags/example_branch_operator.py
[2022-07-06 20:05:32,619] {logging_mixin.py:115} INFO - [2022-07-06 20:05:32,619] {dag.py:2379} INFO - Sync 1 DAGs
[2022-07-06 20:05:32,650] {logging_mixin.py:115} INFO - [2022-07-06 20:05:32,650] {dag.py:2931} INFO - Setting next_dagrun for example_branch_operator to 2022-07-05T00:00:00+00:00, run_after=2022-07-06T00:00:00+00:00
[2022-07-06 20:05:32,668] {processor.py:161} INFO - Processing /home/airflow/.local/lib/python3.7/site-packages/airflow/example_dags/example_branch_operator.py took 0.103 seconds
[2022-07-06 20:06:02,993] {processor.py:153} INFO - Started process (PID=1119) to work on /home/airflow/.local/lib/python3.7/site-packages/airflow/example_dags/example_branch_operator.py
[2022-07-06 20:06:02,994] {processor.py:641} INFO - Processing file /home/airflow/.local/lib/python3.7/site-packages/airflow/example_dags/example_branch_operator.py for tasks to queue
[2022-07-06 20:06:02,995] {logging_mixin.py:115} INFO - [2022-07-06 20:06:02,994] {dagbag.py:507} INFO - Filling up the DagBag from /home/airflow/.local/lib/python3.7/site-packages/airflow/example_dags/example_branch_operator.py
[2022-07-06 20:06:03,009] {processor.py:651} INFO - DAG(s) dict_keys(['example_branch_operator']) retrieved from /home/airflow/.local/lib/python3.7/site-packages/airflow/example_dags/example_branch_operator.py
[2022-07-06 20:06:03,056] {logging_mixin.py:115} INFO - [2022-07-06 20:06:03,056] {dag.py:2379} INFO - Sync 1 DAGs
[2022-07-06 20:06:03,118] {logging_mixin.py:115} INFO - [2022-07-06 20:06:03,118] {dag.py:2931} INFO - Setting next_dagrun for example_branch_operator to 2022-07-05T00:00:00+00:00, run_after=2022-07-06T00:00:00+00:00
[2022-07-06 20:06:03,169] {processor.py:161} INFO - Processing /home/airflow/.local/lib/python3.7/site-packages/airflow/example_dags/example_branch_operator.py took 0.179 seconds
[2022-07-06 20:06:34,516] {processor.py:153} INFO - Started process (PID=1180) to work on /home/airflow/.local/lib/python3.7/site-packages/airflow/example_dags/example_branch_operator.py
[2022-07-06 20:06:34,528] {processor.py:641} INFO - Processing file /home/airflow/.local/lib/python3.7/site-packages/airflow/example_dags/example_branch_operator.py for tasks to queue
[2022-07-06 20:06:34,529] {logging_mixin.py:115} INFO - [2022-07-06 20:06:34,529] {dagbag.py:507} INFO - Filling up the DagBag from /home/airflow/.local/lib/python3.7/site-packages/airflow/example_dags/example_branch_operator.py
[2022-07-06 20:06:34,589] {processor.py:651} INFO - DAG(s) dict_keys(['example_branch_operator']) retrieved from /home/airflow/.local/lib/python3.7/site-packages/airflow/example_dags/example_branch_operator.py
[2022-07-06 20:06:34,687] {logging_mixin.py:115} INFO - [2022-07-06 20:06:34,687] {dag.py:2379} INFO - Sync 1 DAGs
[2022-07-06 20:06:34,734] {logging_mixin.py:115} INFO - [2022-07-06 20:06:34,734] {dag.py:2931} INFO - Setting next_dagrun for example_branch_operator to 2022-07-05T00:00:00+00:00, run_after=2022-07-06T00:00:00+00:00
[2022-07-06 20:06:34,783] {processor.py:161} INFO - Processing /home/airflow/.local/lib/python3.7/site-packages/airflow/example_dags/example_branch_operator.py took 0.279 seconds
[2022-07-06 20:07:05,702] {processor.py:153} INFO - Started process (PID=1232) to work on /home/airflow/.local/lib/python3.7/site-packages/airflow/example_dags/example_branch_operator.py
[2022-07-06 20:07:05,703] {processor.py:641} INFO - Processing file /home/airflow/.local/lib/python3.7/site-packages/airflow/example_dags/example_branch_operator.py for tasks to queue
[2022-07-06 20:07:05,703] {logging_mixin.py:115} INFO - [2022-07-06 20:07:05,703] {dagbag.py:507} INFO - Filling up the DagBag from /home/airflow/.local/lib/python3.7/site-packages/airflow/example_dags/example_branch_operator.py
[2022-07-06 20:07:05,718] {processor.py:651} INFO - DAG(s) dict_keys(['example_branch_operator']) retrieved from /home/airflow/.local/lib/python3.7/site-packages/airflow/example_dags/example_branch_operator.py
[2022-07-06 20:07:05,755] {logging_mixin.py:115} INFO - [2022-07-06 20:07:05,755] {dag.py:2379} INFO - Sync 1 DAGs
[2022-07-06 20:07:05,785] {logging_mixin.py:115} INFO - [2022-07-06 20:07:05,785] {dag.py:2931} INFO - Setting next_dagrun for example_branch_operator to 2022-07-05T00:00:00+00:00, run_after=2022-07-06T00:00:00+00:00
[2022-07-06 20:07:05,815] {processor.py:161} INFO - Processing /home/airflow/.local/lib/python3.7/site-packages/airflow/example_dags/example_branch_operator.py took 0.116 seconds
[2022-07-06 20:07:36,619] {processor.py:153} INFO - Started process (PID=1292) to work on /home/airflow/.local/lib/python3.7/site-packages/airflow/example_dags/example_branch_operator.py
[2022-07-06 20:07:36,645] {processor.py:641} INFO - Processing file /home/airflow/.local/lib/python3.7/site-packages/airflow/example_dags/example_branch_operator.py for tasks to queue
[2022-07-06 20:07:36,646] {logging_mixin.py:115} INFO - [2022-07-06 20:07:36,645] {dagbag.py:507} INFO - Filling up the DagBag from /home/airflow/.local/lib/python3.7/site-packages/airflow/example_dags/example_branch_operator.py
[2022-07-06 20:07:36,692] {processor.py:651} INFO - DAG(s) dict_keys(['example_branch_operator']) retrieved from /home/airflow/.local/lib/python3.7/site-packages/airflow/example_dags/example_branch_operator.py
[2022-07-06 20:07:36,741] {logging_mixin.py:115} INFO - [2022-07-06 20:07:36,741] {dag.py:2379} INFO - Sync 1 DAGs
[2022-07-06 20:07:36,787] {logging_mixin.py:115} INFO - [2022-07-06 20:07:36,786] {dag.py:2931} INFO - Setting next_dagrun for example_branch_operator to 2022-07-05T00:00:00+00:00, run_after=2022-07-06T00:00:00+00:00
[2022-07-06 20:07:36,833] {processor.py:161} INFO - Processing /home/airflow/.local/lib/python3.7/site-packages/airflow/example_dags/example_branch_operator.py took 0.218 seconds
[2022-07-06 20:08:08,165] {processor.py:153} INFO - Started process (PID=1344) to work on /home/airflow/.local/lib/python3.7/site-packages/airflow/example_dags/example_branch_operator.py
[2022-07-06 20:08:08,166] {processor.py:641} INFO - Processing file /home/airflow/.local/lib/python3.7/site-packages/airflow/example_dags/example_branch_operator.py for tasks to queue
[2022-07-06 20:08:08,167] {logging_mixin.py:115} INFO - [2022-07-06 20:08:08,167] {dagbag.py:507} INFO - Filling up the DagBag from /home/airflow/.local/lib/python3.7/site-packages/airflow/example_dags/example_branch_operator.py
[2022-07-06 20:08:08,193] {processor.py:651} INFO - DAG(s) dict_keys(['example_branch_operator']) retrieved from /home/airflow/.local/lib/python3.7/site-packages/airflow/example_dags/example_branch_operator.py
[2022-07-06 20:08:08,269] {logging_mixin.py:115} INFO - [2022-07-06 20:08:08,269] {dag.py:2379} INFO - Sync 1 DAGs
[2022-07-06 20:08:08,320] {logging_mixin.py:115} INFO - [2022-07-06 20:08:08,320] {dag.py:2931} INFO - Setting next_dagrun for example_branch_operator to 2022-07-05T00:00:00+00:00, run_after=2022-07-06T00:00:00+00:00
[2022-07-06 20:08:08,479] {processor.py:161} INFO - Processing /home/airflow/.local/lib/python3.7/site-packages/airflow/example_dags/example_branch_operator.py took 0.319 seconds
[2022-07-06 20:08:38,708] {processor.py:153} INFO - Started process (PID=1396) to work on /home/airflow/.local/lib/python3.7/site-packages/airflow/example_dags/example_branch_operator.py
[2022-07-06 20:08:38,796] {processor.py:641} INFO - Processing file /home/airflow/.local/lib/python3.7/site-packages/airflow/example_dags/example_branch_operator.py for tasks to queue
[2022-07-06 20:08:38,797] {logging_mixin.py:115} INFO - [2022-07-06 20:08:38,797] {dagbag.py:507} INFO - Filling up the DagBag from /home/airflow/.local/lib/python3.7/site-packages/airflow/example_dags/example_branch_operator.py
[2022-07-06 20:08:38,818] {processor.py:651} INFO - DAG(s) dict_keys(['example_branch_operator']) retrieved from /home/airflow/.local/lib/python3.7/site-packages/airflow/example_dags/example_branch_operator.py
[2022-07-06 20:08:38,870] {logging_mixin.py:115} INFO - [2022-07-06 20:08:38,870] {dag.py:2379} INFO - Sync 1 DAGs
[2022-07-06 20:08:38,916] {logging_mixin.py:115} INFO - [2022-07-06 20:08:38,916] {dag.py:2931} INFO - Setting next_dagrun for example_branch_operator to 2022-07-05T00:00:00+00:00, run_after=2022-07-06T00:00:00+00:00
[2022-07-06 20:08:39,022] {processor.py:161} INFO - Processing /home/airflow/.local/lib/python3.7/site-packages/airflow/example_dags/example_branch_operator.py took 0.319 seconds
[2022-07-06 20:09:09,103] {processor.py:153} INFO - Started process (PID=1454) to work on /home/airflow/.local/lib/python3.7/site-packages/airflow/example_dags/example_branch_operator.py
[2022-07-06 20:09:09,104] {processor.py:641} INFO - Processing file /home/airflow/.local/lib/python3.7/site-packages/airflow/example_dags/example_branch_operator.py for tasks to queue
[2022-07-06 20:09:09,105] {logging_mixin.py:115} INFO - [2022-07-06 20:09:09,105] {dagbag.py:507} INFO - Filling up the DagBag from /home/airflow/.local/lib/python3.7/site-packages/airflow/example_dags/example_branch_operator.py
[2022-07-06 20:09:09,124] {processor.py:651} INFO - DAG(s) dict_keys(['example_branch_operator']) retrieved from /home/airflow/.local/lib/python3.7/site-packages/airflow/example_dags/example_branch_operator.py
[2022-07-06 20:09:09,169] {logging_mixin.py:115} INFO - [2022-07-06 20:09:09,169] {dag.py:2379} INFO - Sync 1 DAGs
[2022-07-06 20:09:09,219] {logging_mixin.py:115} INFO - [2022-07-06 20:09:09,219] {dag.py:2931} INFO - Setting next_dagrun for example_branch_operator to 2022-07-05T00:00:00+00:00, run_after=2022-07-06T00:00:00+00:00
[2022-07-06 20:09:09,267] {processor.py:161} INFO - Processing /home/airflow/.local/lib/python3.7/site-packages/airflow/example_dags/example_branch_operator.py took 0.169 seconds
[2022-07-06 20:09:40,150] {processor.py:153} INFO - Started process (PID=1507) to work on /home/airflow/.local/lib/python3.7/site-packages/airflow/example_dags/example_branch_operator.py
[2022-07-06 20:09:40,168] {processor.py:641} INFO - Processing file /home/airflow/.local/lib/python3.7/site-packages/airflow/example_dags/example_branch_operator.py for tasks to queue
[2022-07-06 20:09:40,169] {logging_mixin.py:115} INFO - [2022-07-06 20:09:40,168] {dagbag.py:507} INFO - Filling up the DagBag from /home/airflow/.local/lib/python3.7/site-packages/airflow/example_dags/example_branch_operator.py
[2022-07-06 20:09:40,187] {processor.py:651} INFO - DAG(s) dict_keys(['example_branch_operator']) retrieved from /home/airflow/.local/lib/python3.7/site-packages/airflow/example_dags/example_branch_operator.py
[2022-07-06 20:09:40,222] {logging_mixin.py:115} INFO - [2022-07-06 20:09:40,222] {dag.py:2379} INFO - Sync 1 DAGs
[2022-07-06 20:09:40,254] {logging_mixin.py:115} INFO - [2022-07-06 20:09:40,254] {dag.py:2931} INFO - Setting next_dagrun for example_branch_operator to 2022-07-05T00:00:00+00:00, run_after=2022-07-06T00:00:00+00:00
[2022-07-06 20:09:40,284] {processor.py:161} INFO - Processing /home/airflow/.local/lib/python3.7/site-packages/airflow/example_dags/example_branch_operator.py took 0.138 seconds
[2022-07-06 20:10:10,451] {processor.py:153} INFO - Started process (PID=1559) to work on /home/airflow/.local/lib/python3.7/site-packages/airflow/example_dags/example_branch_operator.py
[2022-07-06 20:10:10,452] {processor.py:641} INFO - Processing file /home/airflow/.local/lib/python3.7/site-packages/airflow/example_dags/example_branch_operator.py for tasks to queue
[2022-07-06 20:10:10,452] {logging_mixin.py:115} INFO - [2022-07-06 20:10:10,452] {dagbag.py:507} INFO - Filling up the DagBag from /home/airflow/.local/lib/python3.7/site-packages/airflow/example_dags/example_branch_operator.py
[2022-07-06 20:10:10,472] {processor.py:651} INFO - DAG(s) dict_keys(['example_branch_operator']) retrieved from /home/airflow/.local/lib/python3.7/site-packages/airflow/example_dags/example_branch_operator.py
[2022-07-06 20:10:10,543] {logging_mixin.py:115} INFO - [2022-07-06 20:10:10,543] {dag.py:2379} INFO - Sync 1 DAGs
[2022-07-06 20:10:10,612] {logging_mixin.py:115} INFO - [2022-07-06 20:10:10,612] {dag.py:2931} INFO - Setting next_dagrun for example_branch_operator to 2022-07-05T00:00:00+00:00, run_after=2022-07-06T00:00:00+00:00
[2022-07-06 20:10:10,811] {processor.py:161} INFO - Processing /home/airflow/.local/lib/python3.7/site-packages/airflow/example_dags/example_branch_operator.py took 0.363 seconds
[2022-07-06 20:10:41,006] {processor.py:153} INFO - Started process (PID=1620) to work on /home/airflow/.local/lib/python3.7/site-packages/airflow/example_dags/example_branch_operator.py
[2022-07-06 20:10:41,029] {processor.py:641} INFO - Processing file /home/airflow/.local/lib/python3.7/site-packages/airflow/example_dags/example_branch_operator.py for tasks to queue
[2022-07-06 20:10:41,030] {logging_mixin.py:115} INFO - [2022-07-06 20:10:41,030] {dagbag.py:507} INFO - Filling up the DagBag from /home/airflow/.local/lib/python3.7/site-packages/airflow/example_dags/example_branch_operator.py
[2022-07-06 20:10:41,068] {processor.py:651} INFO - DAG(s) dict_keys(['example_branch_operator']) retrieved from /home/airflow/.local/lib/python3.7/site-packages/airflow/example_dags/example_branch_operator.py
[2022-07-06 20:10:41,133] {logging_mixin.py:115} INFO - [2022-07-06 20:10:41,133] {dag.py:2379} INFO - Sync 1 DAGs
[2022-07-06 20:10:41,180] {logging_mixin.py:115} INFO - [2022-07-06 20:10:41,180] {dag.py:2931} INFO - Setting next_dagrun for example_branch_operator to 2022-07-05T00:00:00+00:00, run_after=2022-07-06T00:00:00+00:00
[2022-07-06 20:10:41,208] {processor.py:161} INFO - Processing /home/airflow/.local/lib/python3.7/site-packages/airflow/example_dags/example_branch_operator.py took 0.206 seconds
[2022-07-06 20:11:11,700] {processor.py:153} INFO - Started process (PID=1671) to work on /home/airflow/.local/lib/python3.7/site-packages/airflow/example_dags/example_branch_operator.py
[2022-07-06 20:11:11,701] {processor.py:641} INFO - Processing file /home/airflow/.local/lib/python3.7/site-packages/airflow/example_dags/example_branch_operator.py for tasks to queue
[2022-07-06 20:11:11,702] {logging_mixin.py:115} INFO - [2022-07-06 20:11:11,701] {dagbag.py:507} INFO - Filling up the DagBag from /home/airflow/.local/lib/python3.7/site-packages/airflow/example_dags/example_branch_operator.py
[2022-07-06 20:11:11,718] {processor.py:651} INFO - DAG(s) dict_keys(['example_branch_operator']) retrieved from /home/airflow/.local/lib/python3.7/site-packages/airflow/example_dags/example_branch_operator.py
[2022-07-06 20:11:11,749] {logging_mixin.py:115} INFO - [2022-07-06 20:11:11,749] {dag.py:2379} INFO - Sync 1 DAGs
[2022-07-06 20:11:11,793] {logging_mixin.py:115} INFO - [2022-07-06 20:11:11,793] {dag.py:2931} INFO - Setting next_dagrun for example_branch_operator to 2022-07-05T00:00:00+00:00, run_after=2022-07-06T00:00:00+00:00
[2022-07-06 20:11:11,823] {processor.py:161} INFO - Processing /home/airflow/.local/lib/python3.7/site-packages/airflow/example_dags/example_branch_operator.py took 0.127 seconds
[2022-07-06 20:11:42,068] {processor.py:153} INFO - Started process (PID=1723) to work on /home/airflow/.local/lib/python3.7/site-packages/airflow/example_dags/example_branch_operator.py
[2022-07-06 20:11:42,083] {processor.py:641} INFO - Processing file /home/airflow/.local/lib/python3.7/site-packages/airflow/example_dags/example_branch_operator.py for tasks to queue
[2022-07-06 20:11:42,083] {logging_mixin.py:115} INFO - [2022-07-06 20:11:42,083] {dagbag.py:507} INFO - Filling up the DagBag from /home/airflow/.local/lib/python3.7/site-packages/airflow/example_dags/example_branch_operator.py
[2022-07-06 20:11:42,096] {processor.py:651} INFO - DAG(s) dict_keys(['example_branch_operator']) retrieved from /home/airflow/.local/lib/python3.7/site-packages/airflow/example_dags/example_branch_operator.py
[2022-07-06 20:11:42,137] {logging_mixin.py:115} INFO - [2022-07-06 20:11:42,137] {dag.py:2379} INFO - Sync 1 DAGs
[2022-07-06 20:11:42,179] {logging_mixin.py:115} INFO - [2022-07-06 20:11:42,179] {dag.py:2931} INFO - Setting next_dagrun for example_branch_operator to 2022-07-05T00:00:00+00:00, run_after=2022-07-06T00:00:00+00:00
[2022-07-06 20:11:42,212] {processor.py:161} INFO - Processing /home/airflow/.local/lib/python3.7/site-packages/airflow/example_dags/example_branch_operator.py took 0.147 seconds
[2022-07-06 20:12:13,664] {processor.py:153} INFO - Started process (PID=1785) to work on /home/airflow/.local/lib/python3.7/site-packages/airflow/example_dags/example_branch_operator.py
[2022-07-06 20:12:13,688] {processor.py:641} INFO - Processing file /home/airflow/.local/lib/python3.7/site-packages/airflow/example_dags/example_branch_operator.py for tasks to queue
[2022-07-06 20:12:13,688] {logging_mixin.py:115} INFO - [2022-07-06 20:12:13,688] {dagbag.py:507} INFO - Filling up the DagBag from /home/airflow/.local/lib/python3.7/site-packages/airflow/example_dags/example_branch_operator.py
[2022-07-06 20:12:13,722] {processor.py:651} INFO - DAG(s) dict_keys(['example_branch_operator']) retrieved from /home/airflow/.local/lib/python3.7/site-packages/airflow/example_dags/example_branch_operator.py
[2022-07-06 20:12:13,769] {logging_mixin.py:115} INFO - [2022-07-06 20:12:13,769] {dag.py:2379} INFO - Sync 1 DAGs
[2022-07-06 20:12:13,810] {logging_mixin.py:115} INFO - [2022-07-06 20:12:13,810] {dag.py:2931} INFO - Setting next_dagrun for example_branch_operator to 2022-07-05T00:00:00+00:00, run_after=2022-07-06T00:00:00+00:00
[2022-07-06 20:12:13,862] {processor.py:161} INFO - Processing /home/airflow/.local/lib/python3.7/site-packages/airflow/example_dags/example_branch_operator.py took 0.204 seconds
[2022-07-06 20:12:44,822] {processor.py:153} INFO - Started process (PID=1835) to work on /home/airflow/.local/lib/python3.7/site-packages/airflow/example_dags/example_branch_operator.py
[2022-07-06 20:12:44,839] {processor.py:641} INFO - Processing file /home/airflow/.local/lib/python3.7/site-packages/airflow/example_dags/example_branch_operator.py for tasks to queue
[2022-07-06 20:12:44,840] {logging_mixin.py:115} INFO - [2022-07-06 20:12:44,839] {dagbag.py:507} INFO - Filling up the DagBag from /home/airflow/.local/lib/python3.7/site-packages/airflow/example_dags/example_branch_operator.py
[2022-07-06 20:12:44,859] {processor.py:651} INFO - DAG(s) dict_keys(['example_branch_operator']) retrieved from /home/airflow/.local/lib/python3.7/site-packages/airflow/example_dags/example_branch_operator.py
[2022-07-06 20:12:44,909] {logging_mixin.py:115} INFO - [2022-07-06 20:12:44,909] {dag.py:2379} INFO - Sync 1 DAGs
[2022-07-06 20:12:44,960] {logging_mixin.py:115} INFO - [2022-07-06 20:12:44,960] {dag.py:2931} INFO - Setting next_dagrun for example_branch_operator to 2022-07-05T00:00:00+00:00, run_after=2022-07-06T00:00:00+00:00
[2022-07-06 20:12:44,995] {processor.py:161} INFO - Processing /home/airflow/.local/lib/python3.7/site-packages/airflow/example_dags/example_branch_operator.py took 0.176 seconds
[2022-07-06 20:13:16,067] {processor.py:153} INFO - Started process (PID=1893) to work on /home/airflow/.local/lib/python3.7/site-packages/airflow/example_dags/example_branch_operator.py
[2022-07-06 20:13:16,067] {processor.py:641} INFO - Processing file /home/airflow/.local/lib/python3.7/site-packages/airflow/example_dags/example_branch_operator.py for tasks to queue
[2022-07-06 20:13:16,068] {logging_mixin.py:115} INFO - [2022-07-06 20:13:16,068] {dagbag.py:507} INFO - Filling up the DagBag from /home/airflow/.local/lib/python3.7/site-packages/airflow/example_dags/example_branch_operator.py
[2022-07-06 20:13:16,086] {processor.py:651} INFO - DAG(s) dict_keys(['example_branch_operator']) retrieved from /home/airflow/.local/lib/python3.7/site-packages/airflow/example_dags/example_branch_operator.py
[2022-07-06 20:13:16,130] {logging_mixin.py:115} INFO - [2022-07-06 20:13:16,130] {dag.py:2379} INFO - Sync 1 DAGs
[2022-07-06 20:13:16,169] {logging_mixin.py:115} INFO - [2022-07-06 20:13:16,169] {dag.py:2931} INFO - Setting next_dagrun for example_branch_operator to 2022-07-05T00:00:00+00:00, run_after=2022-07-06T00:00:00+00:00
[2022-07-06 20:13:16,186] {processor.py:161} INFO - Processing /home/airflow/.local/lib/python3.7/site-packages/airflow/example_dags/example_branch_operator.py took 0.124 seconds
[2022-07-06 20:14:23,848] {processor.py:153} INFO - Started process (PID=1969) to work on /home/airflow/.local/lib/python3.7/site-packages/airflow/example_dags/example_branch_operator.py
[2022-07-06 20:14:23,963] {processor.py:641} INFO - Processing file /home/airflow/.local/lib/python3.7/site-packages/airflow/example_dags/example_branch_operator.py for tasks to queue
[2022-07-06 20:14:24,171] {logging_mixin.py:115} INFO - [2022-07-06 20:14:24,171] {dagbag.py:507} INFO - Filling up the DagBag from /home/airflow/.local/lib/python3.7/site-packages/airflow/example_dags/example_branch_operator.py
[2022-07-06 20:14:25,112] {processor.py:651} INFO - DAG(s) dict_keys(['example_branch_operator']) retrieved from /home/airflow/.local/lib/python3.7/site-packages/airflow/example_dags/example_branch_operator.py
[2022-07-06 20:14:25,513] {logging_mixin.py:115} INFO - [2022-07-06 20:14:25,513] {dag.py:2379} INFO - Sync 1 DAGs
[2022-07-06 20:14:26,031] {logging_mixin.py:115} INFO - [2022-07-06 20:14:26,031] {dag.py:2931} INFO - Setting next_dagrun for example_branch_operator to 2022-07-05T00:00:00+00:00, run_after=2022-07-06T00:00:00+00:00
[2022-07-06 20:14:26,166] {processor.py:161} INFO - Processing /home/airflow/.local/lib/python3.7/site-packages/airflow/example_dags/example_branch_operator.py took 2.325 seconds
[2022-07-06 20:14:56,682] {processor.py:153} INFO - Started process (PID=2023) to work on /home/airflow/.local/lib/python3.7/site-packages/airflow/example_dags/example_branch_operator.py
[2022-07-06 20:14:56,716] {processor.py:641} INFO - Processing file /home/airflow/.local/lib/python3.7/site-packages/airflow/example_dags/example_branch_operator.py for tasks to queue
[2022-07-06 20:14:56,718] {logging_mixin.py:115} INFO - [2022-07-06 20:14:56,717] {dagbag.py:507} INFO - Filling up the DagBag from /home/airflow/.local/lib/python3.7/site-packages/airflow/example_dags/example_branch_operator.py
[2022-07-06 20:14:56,748] {processor.py:651} INFO - DAG(s) dict_keys(['example_branch_operator']) retrieved from /home/airflow/.local/lib/python3.7/site-packages/airflow/example_dags/example_branch_operator.py
[2022-07-06 20:14:56,782] {logging_mixin.py:115} INFO - [2022-07-06 20:14:56,782] {dag.py:2379} INFO - Sync 1 DAGs
[2022-07-06 20:14:56,816] {logging_mixin.py:115} INFO - [2022-07-06 20:14:56,816] {dag.py:2931} INFO - Setting next_dagrun for example_branch_operator to 2022-07-05T00:00:00+00:00, run_after=2022-07-06T00:00:00+00:00
[2022-07-06 20:14:56,883] {processor.py:161} INFO - Processing /home/airflow/.local/lib/python3.7/site-packages/airflow/example_dags/example_branch_operator.py took 0.214 seconds
[2022-07-06 20:15:27,533] {processor.py:153} INFO - Started process (PID=2075) to work on /home/airflow/.local/lib/python3.7/site-packages/airflow/example_dags/example_branch_operator.py
[2022-07-06 20:15:27,534] {processor.py:641} INFO - Processing file /home/airflow/.local/lib/python3.7/site-packages/airflow/example_dags/example_branch_operator.py for tasks to queue
[2022-07-06 20:15:27,536] {logging_mixin.py:115} INFO - [2022-07-06 20:15:27,536] {dagbag.py:507} INFO - Filling up the DagBag from /home/airflow/.local/lib/python3.7/site-packages/airflow/example_dags/example_branch_operator.py
[2022-07-06 20:15:27,600] {processor.py:651} INFO - DAG(s) dict_keys(['example_branch_operator']) retrieved from /home/airflow/.local/lib/python3.7/site-packages/airflow/example_dags/example_branch_operator.py
[2022-07-06 20:15:27,678] {logging_mixin.py:115} INFO - [2022-07-06 20:15:27,678] {dag.py:2379} INFO - Sync 1 DAGs
[2022-07-06 20:15:27,725] {logging_mixin.py:115} INFO - [2022-07-06 20:15:27,725] {dag.py:2931} INFO - Setting next_dagrun for example_branch_operator to 2022-07-05T00:00:00+00:00, run_after=2022-07-06T00:00:00+00:00
[2022-07-06 20:15:28,056] {processor.py:161} INFO - Processing /home/airflow/.local/lib/python3.7/site-packages/airflow/example_dags/example_branch_operator.py took 0.536 seconds
[2022-07-06 20:16:12,272] {processor.py:153} INFO - Started process (PID=2130) to work on /home/airflow/.local/lib/python3.7/site-packages/airflow/example_dags/example_branch_operator.py
[2022-07-06 20:16:12,291] {processor.py:641} INFO - Processing file /home/airflow/.local/lib/python3.7/site-packages/airflow/example_dags/example_branch_operator.py for tasks to queue
[2022-07-06 20:16:12,291] {logging_mixin.py:115} INFO - [2022-07-06 20:16:12,291] {dagbag.py:507} INFO - Filling up the DagBag from /home/airflow/.local/lib/python3.7/site-packages/airflow/example_dags/example_branch_operator.py
[2022-07-06 20:16:12,320] {processor.py:651} INFO - DAG(s) dict_keys(['example_branch_operator']) retrieved from /home/airflow/.local/lib/python3.7/site-packages/airflow/example_dags/example_branch_operator.py
[2022-07-06 20:16:12,358] {logging_mixin.py:115} INFO - [2022-07-06 20:16:12,358] {dag.py:2379} INFO - Sync 1 DAGs
[2022-07-06 20:16:12,402] {logging_mixin.py:115} INFO - [2022-07-06 20:16:12,402] {dag.py:2931} INFO - Setting next_dagrun for example_branch_operator to 2022-07-05T00:00:00+00:00, run_after=2022-07-06T00:00:00+00:00
[2022-07-06 20:16:12,493] {processor.py:161} INFO - Processing /home/airflow/.local/lib/python3.7/site-packages/airflow/example_dags/example_branch_operator.py took 0.231 seconds
[2022-07-06 20:16:42,958] {processor.py:153} INFO - Started process (PID=2181) to work on /home/airflow/.local/lib/python3.7/site-packages/airflow/example_dags/example_branch_operator.py
[2022-07-06 20:16:42,960] {processor.py:641} INFO - Processing file /home/airflow/.local/lib/python3.7/site-packages/airflow/example_dags/example_branch_operator.py for tasks to queue
[2022-07-06 20:16:42,962] {logging_mixin.py:115} INFO - [2022-07-06 20:16:42,962] {dagbag.py:507} INFO - Filling up the DagBag from /home/airflow/.local/lib/python3.7/site-packages/airflow/example_dags/example_branch_operator.py
[2022-07-06 20:16:43,012] {processor.py:651} INFO - DAG(s) dict_keys(['example_branch_operator']) retrieved from /home/airflow/.local/lib/python3.7/site-packages/airflow/example_dags/example_branch_operator.py
[2022-07-06 20:16:43,072] {logging_mixin.py:115} INFO - [2022-07-06 20:16:43,072] {dag.py:2379} INFO - Sync 1 DAGs
[2022-07-06 20:16:43,178] {logging_mixin.py:115} INFO - [2022-07-06 20:16:43,178] {dag.py:2931} INFO - Setting next_dagrun for example_branch_operator to 2022-07-05T00:00:00+00:00, run_after=2022-07-06T00:00:00+00:00
[2022-07-06 20:16:43,243] {processor.py:161} INFO - Processing /home/airflow/.local/lib/python3.7/site-packages/airflow/example_dags/example_branch_operator.py took 0.299 seconds
[2022-07-06 20:17:13,360] {processor.py:153} INFO - Started process (PID=2239) to work on /home/airflow/.local/lib/python3.7/site-packages/airflow/example_dags/example_branch_operator.py
[2022-07-06 20:17:13,371] {processor.py:641} INFO - Processing file /home/airflow/.local/lib/python3.7/site-packages/airflow/example_dags/example_branch_operator.py for tasks to queue
[2022-07-06 20:17:13,372] {logging_mixin.py:115} INFO - [2022-07-06 20:17:13,372] {dagbag.py:507} INFO - Filling up the DagBag from /home/airflow/.local/lib/python3.7/site-packages/airflow/example_dags/example_branch_operator.py
[2022-07-06 20:17:13,421] {processor.py:651} INFO - DAG(s) dict_keys(['example_branch_operator']) retrieved from /home/airflow/.local/lib/python3.7/site-packages/airflow/example_dags/example_branch_operator.py
[2022-07-06 20:17:13,566] {logging_mixin.py:115} INFO - [2022-07-06 20:17:13,565] {dag.py:2379} INFO - Sync 1 DAGs
[2022-07-06 20:17:13,702] {logging_mixin.py:115} INFO - [2022-07-06 20:17:13,700] {dag.py:2931} INFO - Setting next_dagrun for example_branch_operator to 2022-07-05T00:00:00+00:00, run_after=2022-07-06T00:00:00+00:00
[2022-07-06 20:17:13,759] {processor.py:161} INFO - Processing /home/airflow/.local/lib/python3.7/site-packages/airflow/example_dags/example_branch_operator.py took 0.413 seconds
[2022-07-06 20:17:43,915] {processor.py:153} INFO - Started process (PID=2291) to work on /home/airflow/.local/lib/python3.7/site-packages/airflow/example_dags/example_branch_operator.py
[2022-07-06 20:17:43,916] {processor.py:641} INFO - Processing file /home/airflow/.local/lib/python3.7/site-packages/airflow/example_dags/example_branch_operator.py for tasks to queue
[2022-07-06 20:17:43,918] {logging_mixin.py:115} INFO - [2022-07-06 20:17:43,917] {dagbag.py:507} INFO - Filling up the DagBag from /home/airflow/.local/lib/python3.7/site-packages/airflow/example_dags/example_branch_operator.py
[2022-07-06 20:17:43,942] {processor.py:651} INFO - DAG(s) dict_keys(['example_branch_operator']) retrieved from /home/airflow/.local/lib/python3.7/site-packages/airflow/example_dags/example_branch_operator.py
[2022-07-06 20:17:43,984] {logging_mixin.py:115} INFO - [2022-07-06 20:17:43,983] {dag.py:2379} INFO - Sync 1 DAGs
[2022-07-06 20:17:44,026] {logging_mixin.py:115} INFO - [2022-07-06 20:17:44,026] {dag.py:2931} INFO - Setting next_dagrun for example_branch_operator to 2022-07-05T00:00:00+00:00, run_after=2022-07-06T00:00:00+00:00
[2022-07-06 20:17:44,091] {processor.py:161} INFO - Processing /home/airflow/.local/lib/python3.7/site-packages/airflow/example_dags/example_branch_operator.py took 0.190 seconds
[2022-07-06 20:18:14,517] {processor.py:153} INFO - Started process (PID=2343) to work on /home/airflow/.local/lib/python3.7/site-packages/airflow/example_dags/example_branch_operator.py
[2022-07-06 20:18:14,533] {processor.py:641} INFO - Processing file /home/airflow/.local/lib/python3.7/site-packages/airflow/example_dags/example_branch_operator.py for tasks to queue
[2022-07-06 20:18:14,534] {logging_mixin.py:115} INFO - [2022-07-06 20:18:14,534] {dagbag.py:507} INFO - Filling up the DagBag from /home/airflow/.local/lib/python3.7/site-packages/airflow/example_dags/example_branch_operator.py
[2022-07-06 20:18:14,553] {processor.py:651} INFO - DAG(s) dict_keys(['example_branch_operator']) retrieved from /home/airflow/.local/lib/python3.7/site-packages/airflow/example_dags/example_branch_operator.py
[2022-07-06 20:18:14,600] {logging_mixin.py:115} INFO - [2022-07-06 20:18:14,600] {dag.py:2379} INFO - Sync 1 DAGs
[2022-07-06 20:18:14,647] {logging_mixin.py:115} INFO - [2022-07-06 20:18:14,647] {dag.py:2931} INFO - Setting next_dagrun for example_branch_operator to 2022-07-05T00:00:00+00:00, run_after=2022-07-06T00:00:00+00:00
[2022-07-06 20:18:14,675] {processor.py:161} INFO - Processing /home/airflow/.local/lib/python3.7/site-packages/airflow/example_dags/example_branch_operator.py took 0.163 seconds
[2022-07-06 20:18:44,860] {processor.py:153} INFO - Started process (PID=2404) to work on /home/airflow/.local/lib/python3.7/site-packages/airflow/example_dags/example_branch_operator.py
[2022-07-06 20:18:44,861] {processor.py:641} INFO - Processing file /home/airflow/.local/lib/python3.7/site-packages/airflow/example_dags/example_branch_operator.py for tasks to queue
[2022-07-06 20:18:44,862] {logging_mixin.py:115} INFO - [2022-07-06 20:18:44,861] {dagbag.py:507} INFO - Filling up the DagBag from /home/airflow/.local/lib/python3.7/site-packages/airflow/example_dags/example_branch_operator.py
[2022-07-06 20:18:44,876] {processor.py:651} INFO - DAG(s) dict_keys(['example_branch_operator']) retrieved from /home/airflow/.local/lib/python3.7/site-packages/airflow/example_dags/example_branch_operator.py
[2022-07-06 20:18:44,917] {logging_mixin.py:115} INFO - [2022-07-06 20:18:44,917] {dag.py:2379} INFO - Sync 1 DAGs
[2022-07-06 20:18:44,964] {logging_mixin.py:115} INFO - [2022-07-06 20:18:44,964] {dag.py:2931} INFO - Setting next_dagrun for example_branch_operator to 2022-07-05T00:00:00+00:00, run_after=2022-07-06T00:00:00+00:00
[2022-07-06 20:18:45,012] {processor.py:161} INFO - Processing /home/airflow/.local/lib/python3.7/site-packages/airflow/example_dags/example_branch_operator.py took 0.156 seconds
[2022-07-06 20:19:15,178] {processor.py:153} INFO - Started process (PID=2456) to work on /home/airflow/.local/lib/python3.7/site-packages/airflow/example_dags/example_branch_operator.py
[2022-07-06 20:19:15,192] {processor.py:641} INFO - Processing file /home/airflow/.local/lib/python3.7/site-packages/airflow/example_dags/example_branch_operator.py for tasks to queue
[2022-07-06 20:19:15,192] {logging_mixin.py:115} INFO - [2022-07-06 20:19:15,192] {dagbag.py:507} INFO - Filling up the DagBag from /home/airflow/.local/lib/python3.7/site-packages/airflow/example_dags/example_branch_operator.py
[2022-07-06 20:19:15,208] {processor.py:651} INFO - DAG(s) dict_keys(['example_branch_operator']) retrieved from /home/airflow/.local/lib/python3.7/site-packages/airflow/example_dags/example_branch_operator.py
[2022-07-06 20:19:15,252] {logging_mixin.py:115} INFO - [2022-07-06 20:19:15,252] {dag.py:2379} INFO - Sync 1 DAGs
[2022-07-06 20:19:15,294] {logging_mixin.py:115} INFO - [2022-07-06 20:19:15,294] {dag.py:2931} INFO - Setting next_dagrun for example_branch_operator to 2022-07-05T00:00:00+00:00, run_after=2022-07-06T00:00:00+00:00
[2022-07-06 20:19:15,372] {processor.py:161} INFO - Processing /home/airflow/.local/lib/python3.7/site-packages/airflow/example_dags/example_branch_operator.py took 0.200 seconds
[2022-07-06 20:19:47,420] {processor.py:153} INFO - Started process (PID=2517) to work on /home/airflow/.local/lib/python3.7/site-packages/airflow/example_dags/example_branch_operator.py
[2022-07-06 20:19:47,440] {processor.py:641} INFO - Processing file /home/airflow/.local/lib/python3.7/site-packages/airflow/example_dags/example_branch_operator.py for tasks to queue
[2022-07-06 20:19:47,442] {logging_mixin.py:115} INFO - [2022-07-06 20:19:47,442] {dagbag.py:507} INFO - Filling up the DagBag from /home/airflow/.local/lib/python3.7/site-packages/airflow/example_dags/example_branch_operator.py
[2022-07-06 20:19:47,480] {processor.py:651} INFO - DAG(s) dict_keys(['example_branch_operator']) retrieved from /home/airflow/.local/lib/python3.7/site-packages/airflow/example_dags/example_branch_operator.py
[2022-07-06 20:19:47,566] {logging_mixin.py:115} INFO - [2022-07-06 20:19:47,565] {dag.py:2379} INFO - Sync 1 DAGs
[2022-07-06 20:19:47,604] {logging_mixin.py:115} INFO - [2022-07-06 20:19:47,604] {dag.py:2931} INFO - Setting next_dagrun for example_branch_operator to 2022-07-05T00:00:00+00:00, run_after=2022-07-06T00:00:00+00:00
[2022-07-06 20:19:47,636] {processor.py:161} INFO - Processing /home/airflow/.local/lib/python3.7/site-packages/airflow/example_dags/example_branch_operator.py took 0.228 seconds
[2022-07-06 20:20:20,947] {processor.py:153} INFO - Started process (PID=2569) to work on /home/airflow/.local/lib/python3.7/site-packages/airflow/example_dags/example_branch_operator.py
[2022-07-06 20:20:21,048] {processor.py:641} INFO - Processing file /home/airflow/.local/lib/python3.7/site-packages/airflow/example_dags/example_branch_operator.py for tasks to queue
[2022-07-06 20:20:21,049] {logging_mixin.py:115} INFO - [2022-07-06 20:20:21,048] {dagbag.py:507} INFO - Filling up the DagBag from /home/airflow/.local/lib/python3.7/site-packages/airflow/example_dags/example_branch_operator.py
[2022-07-06 20:20:21,130] {processor.py:651} INFO - DAG(s) dict_keys(['example_branch_operator']) retrieved from /home/airflow/.local/lib/python3.7/site-packages/airflow/example_dags/example_branch_operator.py
[2022-07-06 20:20:21,494] {logging_mixin.py:115} INFO - [2022-07-06 20:20:21,494] {dag.py:2379} INFO - Sync 1 DAGs
[2022-07-06 20:20:21,541] {logging_mixin.py:115} INFO - [2022-07-06 20:20:21,541] {dag.py:2931} INFO - Setting next_dagrun for example_branch_operator to 2022-07-05T00:00:00+00:00, run_after=2022-07-06T00:00:00+00:00
[2022-07-06 20:20:21,594] {processor.py:161} INFO - Processing /home/airflow/.local/lib/python3.7/site-packages/airflow/example_dags/example_branch_operator.py took 0.658 seconds
[2022-07-06 20:20:51,919] {processor.py:153} INFO - Started process (PID=2633) to work on /home/airflow/.local/lib/python3.7/site-packages/airflow/example_dags/example_branch_operator.py
[2022-07-06 20:20:51,920] {processor.py:641} INFO - Processing file /home/airflow/.local/lib/python3.7/site-packages/airflow/example_dags/example_branch_operator.py for tasks to queue
[2022-07-06 20:20:51,921] {logging_mixin.py:115} INFO - [2022-07-06 20:20:51,920] {dagbag.py:507} INFO - Filling up the DagBag from /home/airflow/.local/lib/python3.7/site-packages/airflow/example_dags/example_branch_operator.py
[2022-07-06 20:20:51,943] {processor.py:651} INFO - DAG(s) dict_keys(['example_branch_operator']) retrieved from /home/airflow/.local/lib/python3.7/site-packages/airflow/example_dags/example_branch_operator.py
[2022-07-06 20:20:52,021] {logging_mixin.py:115} INFO - [2022-07-06 20:20:52,021] {dag.py:2379} INFO - Sync 1 DAGs
[2022-07-06 20:20:52,117] {logging_mixin.py:115} INFO - [2022-07-06 20:20:52,116] {dag.py:2931} INFO - Setting next_dagrun for example_branch_operator to 2022-07-05T00:00:00+00:00, run_after=2022-07-06T00:00:00+00:00
[2022-07-06 20:20:52,182] {processor.py:161} INFO - Processing /home/airflow/.local/lib/python3.7/site-packages/airflow/example_dags/example_branch_operator.py took 0.268 seconds
[2022-07-06 20:21:22,798] {processor.py:153} INFO - Started process (PID=2686) to work on /home/airflow/.local/lib/python3.7/site-packages/airflow/example_dags/example_branch_operator.py
[2022-07-06 20:21:22,809] {processor.py:641} INFO - Processing file /home/airflow/.local/lib/python3.7/site-packages/airflow/example_dags/example_branch_operator.py for tasks to queue
[2022-07-06 20:21:22,810] {logging_mixin.py:115} INFO - [2022-07-06 20:21:22,810] {dagbag.py:507} INFO - Filling up the DagBag from /home/airflow/.local/lib/python3.7/site-packages/airflow/example_dags/example_branch_operator.py
[2022-07-06 20:21:22,823] {processor.py:651} INFO - DAG(s) dict_keys(['example_branch_operator']) retrieved from /home/airflow/.local/lib/python3.7/site-packages/airflow/example_dags/example_branch_operator.py
[2022-07-06 20:21:22,859] {logging_mixin.py:115} INFO - [2022-07-06 20:21:22,859] {dag.py:2379} INFO - Sync 1 DAGs
[2022-07-06 20:21:22,896] {logging_mixin.py:115} INFO - [2022-07-06 20:21:22,896] {dag.py:2931} INFO - Setting next_dagrun for example_branch_operator to 2022-07-05T00:00:00+00:00, run_after=2022-07-06T00:00:00+00:00
[2022-07-06 20:21:22,922] {processor.py:161} INFO - Processing /home/airflow/.local/lib/python3.7/site-packages/airflow/example_dags/example_branch_operator.py took 0.127 seconds
[2022-07-06 20:21:54,060] {processor.py:153} INFO - Started process (PID=2743) to work on /home/airflow/.local/lib/python3.7/site-packages/airflow/example_dags/example_branch_operator.py
[2022-07-06 20:21:54,065] {processor.py:641} INFO - Processing file /home/airflow/.local/lib/python3.7/site-packages/airflow/example_dags/example_branch_operator.py for tasks to queue
[2022-07-06 20:21:54,066] {logging_mixin.py:115} INFO - [2022-07-06 20:21:54,066] {dagbag.py:507} INFO - Filling up the DagBag from /home/airflow/.local/lib/python3.7/site-packages/airflow/example_dags/example_branch_operator.py
[2022-07-06 20:21:54,128] {processor.py:651} INFO - DAG(s) dict_keys(['example_branch_operator']) retrieved from /home/airflow/.local/lib/python3.7/site-packages/airflow/example_dags/example_branch_operator.py
[2022-07-06 20:21:54,250] {logging_mixin.py:115} INFO - [2022-07-06 20:21:54,249] {dag.py:2379} INFO - Sync 1 DAGs
[2022-07-06 20:21:54,336] {logging_mixin.py:115} INFO - [2022-07-06 20:21:54,336] {dag.py:2931} INFO - Setting next_dagrun for example_branch_operator to 2022-07-05T00:00:00+00:00, run_after=2022-07-06T00:00:00+00:00
[2022-07-06 20:21:54,421] {processor.py:161} INFO - Processing /home/airflow/.local/lib/python3.7/site-packages/airflow/example_dags/example_branch_operator.py took 0.370 seconds
[2022-07-06 20:22:31,758] {processor.py:153} INFO - Started process (PID=2795) to work on /home/airflow/.local/lib/python3.7/site-packages/airflow/example_dags/example_branch_operator.py
[2022-07-06 20:22:31,825] {processor.py:641} INFO - Processing file /home/airflow/.local/lib/python3.7/site-packages/airflow/example_dags/example_branch_operator.py for tasks to queue
[2022-07-06 20:22:31,827] {logging_mixin.py:115} INFO - [2022-07-06 20:22:31,827] {dagbag.py:507} INFO - Filling up the DagBag from /home/airflow/.local/lib/python3.7/site-packages/airflow/example_dags/example_branch_operator.py
[2022-07-06 20:22:31,900] {processor.py:651} INFO - DAG(s) dict_keys(['example_branch_operator']) retrieved from /home/airflow/.local/lib/python3.7/site-packages/airflow/example_dags/example_branch_operator.py
[2022-07-06 20:22:32,000] {logging_mixin.py:115} INFO - [2022-07-06 20:22:32,000] {dag.py:2379} INFO - Sync 1 DAGs
[2022-07-06 20:22:32,107] {logging_mixin.py:115} INFO - [2022-07-06 20:22:32,106] {dag.py:2931} INFO - Setting next_dagrun for example_branch_operator to 2022-07-05T00:00:00+00:00, run_after=2022-07-06T00:00:00+00:00
[2022-07-06 20:22:32,179] {processor.py:161} INFO - Processing /home/airflow/.local/lib/python3.7/site-packages/airflow/example_dags/example_branch_operator.py took 0.432 seconds
[2022-07-06 20:23:02,954] {processor.py:153} INFO - Started process (PID=2846) to work on /home/airflow/.local/lib/python3.7/site-packages/airflow/example_dags/example_branch_operator.py
[2022-07-06 20:23:02,956] {processor.py:641} INFO - Processing file /home/airflow/.local/lib/python3.7/site-packages/airflow/example_dags/example_branch_operator.py for tasks to queue
[2022-07-06 20:23:02,958] {logging_mixin.py:115} INFO - [2022-07-06 20:23:02,957] {dagbag.py:507} INFO - Filling up the DagBag from /home/airflow/.local/lib/python3.7/site-packages/airflow/example_dags/example_branch_operator.py
[2022-07-06 20:23:02,985] {processor.py:651} INFO - DAG(s) dict_keys(['example_branch_operator']) retrieved from /home/airflow/.local/lib/python3.7/site-packages/airflow/example_dags/example_branch_operator.py
[2022-07-06 20:23:03,031] {logging_mixin.py:115} INFO - [2022-07-06 20:23:03,031] {dag.py:2379} INFO - Sync 1 DAGs
[2022-07-06 20:23:03,072] {logging_mixin.py:115} INFO - [2022-07-06 20:23:03,072] {dag.py:2931} INFO - Setting next_dagrun for example_branch_operator to 2022-07-05T00:00:00+00:00, run_after=2022-07-06T00:00:00+00:00
[2022-07-06 20:23:03,107] {processor.py:161} INFO - Processing /home/airflow/.local/lib/python3.7/site-packages/airflow/example_dags/example_branch_operator.py took 0.168 seconds
[2022-07-06 20:23:33,843] {processor.py:153} INFO - Started process (PID=2898) to work on /home/airflow/.local/lib/python3.7/site-packages/airflow/example_dags/example_branch_operator.py
[2022-07-06 20:23:33,916] {processor.py:641} INFO - Processing file /home/airflow/.local/lib/python3.7/site-packages/airflow/example_dags/example_branch_operator.py for tasks to queue
[2022-07-06 20:23:33,917] {logging_mixin.py:115} INFO - [2022-07-06 20:23:33,917] {dagbag.py:507} INFO - Filling up the DagBag from /home/airflow/.local/lib/python3.7/site-packages/airflow/example_dags/example_branch_operator.py
[2022-07-06 20:23:33,978] {processor.py:651} INFO - DAG(s) dict_keys(['example_branch_operator']) retrieved from /home/airflow/.local/lib/python3.7/site-packages/airflow/example_dags/example_branch_operator.py
[2022-07-06 20:23:34,045] {logging_mixin.py:115} INFO - [2022-07-06 20:23:34,045] {dag.py:2379} INFO - Sync 1 DAGs
[2022-07-06 20:23:34,102] {logging_mixin.py:115} INFO - [2022-07-06 20:23:34,102] {dag.py:2931} INFO - Setting next_dagrun for example_branch_operator to 2022-07-05T00:00:00+00:00, run_after=2022-07-06T00:00:00+00:00
[2022-07-06 20:23:34,157] {processor.py:161} INFO - Processing /home/airflow/.local/lib/python3.7/site-packages/airflow/example_dags/example_branch_operator.py took 0.320 seconds
[2022-07-06 20:24:04,279] {processor.py:153} INFO - Started process (PID=2958) to work on /home/airflow/.local/lib/python3.7/site-packages/airflow/example_dags/example_branch_operator.py
[2022-07-06 20:24:04,280] {processor.py:641} INFO - Processing file /home/airflow/.local/lib/python3.7/site-packages/airflow/example_dags/example_branch_operator.py for tasks to queue
[2022-07-06 20:24:04,282] {logging_mixin.py:115} INFO - [2022-07-06 20:24:04,282] {dagbag.py:507} INFO - Filling up the DagBag from /home/airflow/.local/lib/python3.7/site-packages/airflow/example_dags/example_branch_operator.py
[2022-07-06 20:24:04,321] {processor.py:651} INFO - DAG(s) dict_keys(['example_branch_operator']) retrieved from /home/airflow/.local/lib/python3.7/site-packages/airflow/example_dags/example_branch_operator.py
[2022-07-06 20:24:04,374] {logging_mixin.py:115} INFO - [2022-07-06 20:24:04,374] {dag.py:2379} INFO - Sync 1 DAGs
[2022-07-06 20:24:04,420] {logging_mixin.py:115} INFO - [2022-07-06 20:24:04,419] {dag.py:2931} INFO - Setting next_dagrun for example_branch_operator to 2022-07-05T00:00:00+00:00, run_after=2022-07-06T00:00:00+00:00
[2022-07-06 20:24:04,468] {processor.py:161} INFO - Processing /home/airflow/.local/lib/python3.7/site-packages/airflow/example_dags/example_branch_operator.py took 0.196 seconds
[2022-07-06 20:24:35,378] {processor.py:153} INFO - Started process (PID=3012) to work on /home/airflow/.local/lib/python3.7/site-packages/airflow/example_dags/example_branch_operator.py
[2022-07-06 20:24:35,411] {processor.py:641} INFO - Processing file /home/airflow/.local/lib/python3.7/site-packages/airflow/example_dags/example_branch_operator.py for tasks to queue
[2022-07-06 20:24:35,413] {logging_mixin.py:115} INFO - [2022-07-06 20:24:35,413] {dagbag.py:507} INFO - Filling up the DagBag from /home/airflow/.local/lib/python3.7/site-packages/airflow/example_dags/example_branch_operator.py
[2022-07-06 20:24:35,441] {processor.py:651} INFO - DAG(s) dict_keys(['example_branch_operator']) retrieved from /home/airflow/.local/lib/python3.7/site-packages/airflow/example_dags/example_branch_operator.py
[2022-07-06 20:24:35,478] {logging_mixin.py:115} INFO - [2022-07-06 20:24:35,478] {dag.py:2379} INFO - Sync 1 DAGs
[2022-07-06 20:24:35,514] {logging_mixin.py:115} INFO - [2022-07-06 20:24:35,514] {dag.py:2931} INFO - Setting next_dagrun for example_branch_operator to 2022-07-05T00:00:00+00:00, run_after=2022-07-06T00:00:00+00:00
[2022-07-06 20:24:35,692] {processor.py:161} INFO - Processing /home/airflow/.local/lib/python3.7/site-packages/airflow/example_dags/example_branch_operator.py took 0.326 seconds
[2022-07-06 20:25:05,807] {processor.py:153} INFO - Started process (PID=3072) to work on /home/airflow/.local/lib/python3.7/site-packages/airflow/example_dags/example_branch_operator.py
[2022-07-06 20:25:05,808] {processor.py:641} INFO - Processing file /home/airflow/.local/lib/python3.7/site-packages/airflow/example_dags/example_branch_operator.py for tasks to queue
[2022-07-06 20:25:05,809] {logging_mixin.py:115} INFO - [2022-07-06 20:25:05,809] {dagbag.py:507} INFO - Filling up the DagBag from /home/airflow/.local/lib/python3.7/site-packages/airflow/example_dags/example_branch_operator.py
[2022-07-06 20:25:05,842] {processor.py:651} INFO - DAG(s) dict_keys(['example_branch_operator']) retrieved from /home/airflow/.local/lib/python3.7/site-packages/airflow/example_dags/example_branch_operator.py
[2022-07-06 20:25:05,900] {logging_mixin.py:115} INFO - [2022-07-06 20:25:05,900] {dag.py:2379} INFO - Sync 1 DAGs
[2022-07-06 20:25:05,953] {logging_mixin.py:115} INFO - [2022-07-06 20:25:05,953] {dag.py:2931} INFO - Setting next_dagrun for example_branch_operator to 2022-07-05T00:00:00+00:00, run_after=2022-07-06T00:00:00+00:00
[2022-07-06 20:25:06,019] {processor.py:161} INFO - Processing /home/airflow/.local/lib/python3.7/site-packages/airflow/example_dags/example_branch_operator.py took 0.229 seconds
[2022-07-06 20:25:36,386] {processor.py:153} INFO - Started process (PID=3127) to work on /home/airflow/.local/lib/python3.7/site-packages/airflow/example_dags/example_branch_operator.py
[2022-07-06 20:25:36,388] {processor.py:641} INFO - Processing file /home/airflow/.local/lib/python3.7/site-packages/airflow/example_dags/example_branch_operator.py for tasks to queue
[2022-07-06 20:25:36,389] {logging_mixin.py:115} INFO - [2022-07-06 20:25:36,389] {dagbag.py:507} INFO - Filling up the DagBag from /home/airflow/.local/lib/python3.7/site-packages/airflow/example_dags/example_branch_operator.py
[2022-07-06 20:25:36,409] {processor.py:651} INFO - DAG(s) dict_keys(['example_branch_operator']) retrieved from /home/airflow/.local/lib/python3.7/site-packages/airflow/example_dags/example_branch_operator.py
[2022-07-06 20:25:36,464] {logging_mixin.py:115} INFO - [2022-07-06 20:25:36,464] {dag.py:2379} INFO - Sync 1 DAGs
[2022-07-06 20:25:36,517] {logging_mixin.py:115} INFO - [2022-07-06 20:25:36,517] {dag.py:2931} INFO - Setting next_dagrun for example_branch_operator to 2022-07-05T00:00:00+00:00, run_after=2022-07-06T00:00:00+00:00
[2022-07-06 20:25:36,581] {processor.py:161} INFO - Processing /home/airflow/.local/lib/python3.7/site-packages/airflow/example_dags/example_branch_operator.py took 0.199 seconds
[2022-07-06 20:26:07,083] {processor.py:153} INFO - Started process (PID=3179) to work on /home/airflow/.local/lib/python3.7/site-packages/airflow/example_dags/example_branch_operator.py
[2022-07-06 20:26:07,083] {processor.py:641} INFO - Processing file /home/airflow/.local/lib/python3.7/site-packages/airflow/example_dags/example_branch_operator.py for tasks to queue
[2022-07-06 20:26:07,084] {logging_mixin.py:115} INFO - [2022-07-06 20:26:07,084] {dagbag.py:507} INFO - Filling up the DagBag from /home/airflow/.local/lib/python3.7/site-packages/airflow/example_dags/example_branch_operator.py
[2022-07-06 20:26:07,106] {processor.py:651} INFO - DAG(s) dict_keys(['example_branch_operator']) retrieved from /home/airflow/.local/lib/python3.7/site-packages/airflow/example_dags/example_branch_operator.py
[2022-07-06 20:26:07,155] {logging_mixin.py:115} INFO - [2022-07-06 20:26:07,155] {dag.py:2379} INFO - Sync 1 DAGs
[2022-07-06 20:26:07,270] {logging_mixin.py:115} INFO - [2022-07-06 20:26:07,270] {dag.py:2931} INFO - Setting next_dagrun for example_branch_operator to 2022-07-05T00:00:00+00:00, run_after=2022-07-06T00:00:00+00:00
[2022-07-06 20:26:07,728] {processor.py:161} INFO - Processing /home/airflow/.local/lib/python3.7/site-packages/airflow/example_dags/example_branch_operator.py took 0.650 seconds
[2022-07-06 20:26:37,819] {processor.py:153} INFO - Started process (PID=3242) to work on /home/airflow/.local/lib/python3.7/site-packages/airflow/example_dags/example_branch_operator.py
[2022-07-06 20:26:37,827] {processor.py:641} INFO - Processing file /home/airflow/.local/lib/python3.7/site-packages/airflow/example_dags/example_branch_operator.py for tasks to queue
[2022-07-06 20:26:37,829] {logging_mixin.py:115} INFO - [2022-07-06 20:26:37,829] {dagbag.py:507} INFO - Filling up the DagBag from /home/airflow/.local/lib/python3.7/site-packages/airflow/example_dags/example_branch_operator.py
[2022-07-06 20:26:37,865] {processor.py:651} INFO - DAG(s) dict_keys(['example_branch_operator']) retrieved from /home/airflow/.local/lib/python3.7/site-packages/airflow/example_dags/example_branch_operator.py
[2022-07-06 20:26:37,902] {logging_mixin.py:115} INFO - [2022-07-06 20:26:37,902] {dag.py:2379} INFO - Sync 1 DAGs
[2022-07-06 20:26:37,946] {logging_mixin.py:115} INFO - [2022-07-06 20:26:37,946] {dag.py:2931} INFO - Setting next_dagrun for example_branch_operator to 2022-07-05T00:00:00+00:00, run_after=2022-07-06T00:00:00+00:00
[2022-07-06 20:26:37,988] {processor.py:161} INFO - Processing /home/airflow/.local/lib/python3.7/site-packages/airflow/example_dags/example_branch_operator.py took 0.179 seconds
[2022-07-06 20:27:08,374] {processor.py:153} INFO - Started process (PID=3293) to work on /home/airflow/.local/lib/python3.7/site-packages/airflow/example_dags/example_branch_operator.py
[2022-07-06 20:27:08,376] {processor.py:641} INFO - Processing file /home/airflow/.local/lib/python3.7/site-packages/airflow/example_dags/example_branch_operator.py for tasks to queue
[2022-07-06 20:27:08,377] {logging_mixin.py:115} INFO - [2022-07-06 20:27:08,377] {dagbag.py:507} INFO - Filling up the DagBag from /home/airflow/.local/lib/python3.7/site-packages/airflow/example_dags/example_branch_operator.py
[2022-07-06 20:27:08,408] {processor.py:651} INFO - DAG(s) dict_keys(['example_branch_operator']) retrieved from /home/airflow/.local/lib/python3.7/site-packages/airflow/example_dags/example_branch_operator.py
[2022-07-06 20:27:08,456] {logging_mixin.py:115} INFO - [2022-07-06 20:27:08,456] {dag.py:2379} INFO - Sync 1 DAGs
[2022-07-06 20:27:08,502] {logging_mixin.py:115} INFO - [2022-07-06 20:27:08,502] {dag.py:2931} INFO - Setting next_dagrun for example_branch_operator to 2022-07-05T00:00:00+00:00, run_after=2022-07-06T00:00:00+00:00
[2022-07-06 20:27:08,553] {processor.py:161} INFO - Processing /home/airflow/.local/lib/python3.7/site-packages/airflow/example_dags/example_branch_operator.py took 0.184 seconds
