[2022-07-06 19:38:44,704] {processor.py:153} INFO - Started process (PID=138) to work on /home/airflow/.local/lib/python3.7/site-packages/airflow/example_dags/example_task_group_decorator.py
[2022-07-06 19:38:44,705] {processor.py:641} INFO - Processing file /home/airflow/.local/lib/python3.7/site-packages/airflow/example_dags/example_task_group_decorator.py for tasks to queue
[2022-07-06 19:38:44,706] {logging_mixin.py:115} INFO - [2022-07-06 19:38:44,706] {dagbag.py:507} INFO - Filling up the DagBag from /home/airflow/.local/lib/python3.7/site-packages/airflow/example_dags/example_task_group_decorator.py
[2022-07-06 19:38:44,769] {processor.py:651} INFO - DAG(s) dict_keys(['example_task_group_decorator']) retrieved from /home/airflow/.local/lib/python3.7/site-packages/airflow/example_dags/example_task_group_decorator.py
[2022-07-06 19:38:45,099] {logging_mixin.py:115} INFO - [2022-07-06 19:38:45,099] {manager.py:508} INFO - Created Permission View: can delete on DAG:example_task_group_decorator
[2022-07-06 19:38:45,219] {logging_mixin.py:115} INFO - [2022-07-06 19:38:45,219] {manager.py:508} INFO - Created Permission View: can edit on DAG:example_task_group_decorator
[2022-07-06 19:38:45,688] {logging_mixin.py:115} INFO - [2022-07-06 19:38:45,687] {manager.py:508} INFO - Created Permission View: can read on DAG:example_task_group_decorator
[2022-07-06 19:38:45,688] {logging_mixin.py:115} INFO - [2022-07-06 19:38:45,688] {dag.py:2379} INFO - Sync 1 DAGs
[2022-07-06 19:38:45,751] {logging_mixin.py:115} INFO - [2022-07-06 19:38:45,751] {dag.py:2398} INFO - Creating ORM DAG for example_task_group_decorator
[2022-07-06 19:38:45,788] {logging_mixin.py:115} INFO - [2022-07-06 19:38:45,788] {dag.py:2931} INFO - Setting next_dagrun for example_task_group_decorator to 2022-07-05T19:38:45.788364+00:00, run_after=2022-07-06T19:38:45.788364+00:00
[2022-07-06 19:38:46,006] {processor.py:161} INFO - Processing /home/airflow/.local/lib/python3.7/site-packages/airflow/example_dags/example_task_group_decorator.py took 1.314 seconds
[2022-07-06 19:39:47,261] {processor.py:153} INFO - Started process (PID=194) to work on /home/airflow/.local/lib/python3.7/site-packages/airflow/example_dags/example_task_group_decorator.py
[2022-07-06 19:39:47,322] {processor.py:641} INFO - Processing file /home/airflow/.local/lib/python3.7/site-packages/airflow/example_dags/example_task_group_decorator.py for tasks to queue
[2022-07-06 19:39:47,323] {logging_mixin.py:115} INFO - [2022-07-06 19:39:47,323] {dagbag.py:507} INFO - Filling up the DagBag from /home/airflow/.local/lib/python3.7/site-packages/airflow/example_dags/example_task_group_decorator.py
[2022-07-06 19:39:47,698] {processor.py:651} INFO - DAG(s) dict_keys(['example_task_group_decorator']) retrieved from /home/airflow/.local/lib/python3.7/site-packages/airflow/example_dags/example_task_group_decorator.py
[2022-07-06 19:39:47,792] {logging_mixin.py:115} INFO - [2022-07-06 19:39:47,792] {dag.py:2379} INFO - Sync 1 DAGs
[2022-07-06 19:39:47,814] {logging_mixin.py:115} INFO - [2022-07-06 19:39:47,814] {dag.py:2931} INFO - Setting next_dagrun for example_task_group_decorator to 2022-07-05T19:39:47.813745+00:00, run_after=2022-07-06T19:39:47.813745+00:00
[2022-07-06 19:39:48,032] {processor.py:161} INFO - Processing /home/airflow/.local/lib/python3.7/site-packages/airflow/example_dags/example_task_group_decorator.py took 0.776 seconds
[2022-07-06 19:40:18,102] {processor.py:153} INFO - Started process (PID=247) to work on /home/airflow/.local/lib/python3.7/site-packages/airflow/example_dags/example_task_group_decorator.py
[2022-07-06 19:40:18,102] {processor.py:641} INFO - Processing file /home/airflow/.local/lib/python3.7/site-packages/airflow/example_dags/example_task_group_decorator.py for tasks to queue
[2022-07-06 19:40:18,103] {logging_mixin.py:115} INFO - [2022-07-06 19:40:18,103] {dagbag.py:507} INFO - Filling up the DagBag from /home/airflow/.local/lib/python3.7/site-packages/airflow/example_dags/example_task_group_decorator.py
[2022-07-06 19:40:18,149] {processor.py:651} INFO - DAG(s) dict_keys(['example_task_group_decorator']) retrieved from /home/airflow/.local/lib/python3.7/site-packages/airflow/example_dags/example_task_group_decorator.py
[2022-07-06 19:40:18,290] {logging_mixin.py:115} INFO - [2022-07-06 19:40:18,290] {dag.py:2379} INFO - Sync 1 DAGs
[2022-07-06 19:40:18,320] {logging_mixin.py:115} INFO - [2022-07-06 19:40:18,320] {dag.py:2931} INFO - Setting next_dagrun for example_task_group_decorator to 2022-07-05T19:40:18.320374+00:00, run_after=2022-07-06T19:40:18.320374+00:00
[2022-07-06 19:40:18,463] {processor.py:161} INFO - Processing /home/airflow/.local/lib/python3.7/site-packages/airflow/example_dags/example_task_group_decorator.py took 0.366 seconds
[2022-07-06 19:40:49,420] {processor.py:153} INFO - Started process (PID=300) to work on /home/airflow/.local/lib/python3.7/site-packages/airflow/example_dags/example_task_group_decorator.py
[2022-07-06 19:40:49,437] {processor.py:641} INFO - Processing file /home/airflow/.local/lib/python3.7/site-packages/airflow/example_dags/example_task_group_decorator.py for tasks to queue
[2022-07-06 19:40:49,437] {logging_mixin.py:115} INFO - [2022-07-06 19:40:49,437] {dagbag.py:507} INFO - Filling up the DagBag from /home/airflow/.local/lib/python3.7/site-packages/airflow/example_dags/example_task_group_decorator.py
[2022-07-06 19:40:49,481] {processor.py:651} INFO - DAG(s) dict_keys(['example_task_group_decorator']) retrieved from /home/airflow/.local/lib/python3.7/site-packages/airflow/example_dags/example_task_group_decorator.py
[2022-07-06 19:40:49,616] {logging_mixin.py:115} INFO - [2022-07-06 19:40:49,616] {dag.py:2379} INFO - Sync 1 DAGs
[2022-07-06 19:40:49,642] {logging_mixin.py:115} INFO - [2022-07-06 19:40:49,642] {dag.py:2931} INFO - Setting next_dagrun for example_task_group_decorator to 2022-07-05T19:40:49.641833+00:00, run_after=2022-07-06T19:40:49.641833+00:00
[2022-07-06 19:40:49,676] {processor.py:161} INFO - Processing /home/airflow/.local/lib/python3.7/site-packages/airflow/example_dags/example_task_group_decorator.py took 0.260 seconds
[2022-07-06 19:41:20,039] {processor.py:153} INFO - Started process (PID=351) to work on /home/airflow/.local/lib/python3.7/site-packages/airflow/example_dags/example_task_group_decorator.py
[2022-07-06 19:41:20,039] {processor.py:641} INFO - Processing file /home/airflow/.local/lib/python3.7/site-packages/airflow/example_dags/example_task_group_decorator.py for tasks to queue
[2022-07-06 19:41:20,040] {logging_mixin.py:115} INFO - [2022-07-06 19:41:20,040] {dagbag.py:507} INFO - Filling up the DagBag from /home/airflow/.local/lib/python3.7/site-packages/airflow/example_dags/example_task_group_decorator.py
[2022-07-06 19:41:20,096] {processor.py:651} INFO - DAG(s) dict_keys(['example_task_group_decorator']) retrieved from /home/airflow/.local/lib/python3.7/site-packages/airflow/example_dags/example_task_group_decorator.py
[2022-07-06 19:41:20,223] {logging_mixin.py:115} INFO - [2022-07-06 19:41:20,223] {dag.py:2379} INFO - Sync 1 DAGs
[2022-07-06 19:41:20,261] {logging_mixin.py:115} INFO - [2022-07-06 19:41:20,260] {dag.py:2931} INFO - Setting next_dagrun for example_task_group_decorator to 2022-07-05T19:41:20.260471+00:00, run_after=2022-07-06T19:41:20.260471+00:00
[2022-07-06 19:41:20,296] {processor.py:161} INFO - Processing /home/airflow/.local/lib/python3.7/site-packages/airflow/example_dags/example_task_group_decorator.py took 0.262 seconds
[2022-07-06 19:42:05,327] {processor.py:153} INFO - Started process (PID=399) to work on /home/airflow/.local/lib/python3.7/site-packages/airflow/example_dags/example_task_group_decorator.py
[2022-07-06 19:42:05,404] {processor.py:641} INFO - Processing file /home/airflow/.local/lib/python3.7/site-packages/airflow/example_dags/example_task_group_decorator.py for tasks to queue
[2022-07-06 19:42:05,406] {logging_mixin.py:115} INFO - [2022-07-06 19:42:05,405] {dagbag.py:507} INFO - Filling up the DagBag from /home/airflow/.local/lib/python3.7/site-packages/airflow/example_dags/example_task_group_decorator.py
[2022-07-06 19:42:05,580] {processor.py:651} INFO - DAG(s) dict_keys(['example_task_group_decorator']) retrieved from /home/airflow/.local/lib/python3.7/site-packages/airflow/example_dags/example_task_group_decorator.py
[2022-07-06 19:42:05,682] {logging_mixin.py:115} INFO - [2022-07-06 19:42:05,682] {dag.py:2379} INFO - Sync 1 DAGs
[2022-07-06 19:42:05,703] {logging_mixin.py:115} INFO - [2022-07-06 19:42:05,703] {dag.py:2931} INFO - Setting next_dagrun for example_task_group_decorator to 2022-07-05T19:42:05.703513+00:00, run_after=2022-07-06T19:42:05.703513+00:00
[2022-07-06 19:42:07,733] {processor.py:161} INFO - Processing /home/airflow/.local/lib/python3.7/site-packages/airflow/example_dags/example_task_group_decorator.py took 2.411 seconds
[2022-07-06 19:44:44,698] {processor.py:153} INFO - Started process (PID=455) to work on /home/airflow/.local/lib/python3.7/site-packages/airflow/example_dags/example_task_group_decorator.py
[2022-07-06 19:44:45,002] {processor.py:641} INFO - Processing file /home/airflow/.local/lib/python3.7/site-packages/airflow/example_dags/example_task_group_decorator.py for tasks to queue
[2022-07-06 19:44:45,051] {logging_mixin.py:115} INFO - [2022-07-06 19:44:45,051] {dagbag.py:507} INFO - Filling up the DagBag from /home/airflow/.local/lib/python3.7/site-packages/airflow/example_dags/example_task_group_decorator.py
[2022-07-06 19:44:45,744] {processor.py:651} INFO - DAG(s) dict_keys(['example_task_group_decorator']) retrieved from /home/airflow/.local/lib/python3.7/site-packages/airflow/example_dags/example_task_group_decorator.py
[2022-07-06 19:44:50,493] {logging_mixin.py:115} INFO - [2022-07-06 19:44:50,493] {dag.py:2379} INFO - Sync 1 DAGs
[2022-07-06 19:44:50,977] {logging_mixin.py:115} INFO - [2022-07-06 19:44:50,975] {dag.py:2931} INFO - Setting next_dagrun for example_task_group_decorator to 2022-07-05T19:44:50.974040+00:00, run_after=2022-07-06T19:44:50.974040+00:00
[2022-07-06 19:44:51,813] {processor.py:161} INFO - Processing /home/airflow/.local/lib/python3.7/site-packages/airflow/example_dags/example_task_group_decorator.py took 7.143 seconds
[2022-07-06 19:54:36,423] {processor.py:153} INFO - Started process (PID=127) to work on /home/airflow/.local/lib/python3.7/site-packages/airflow/example_dags/example_task_group_decorator.py
[2022-07-06 19:54:36,466] {processor.py:641} INFO - Processing file /home/airflow/.local/lib/python3.7/site-packages/airflow/example_dags/example_task_group_decorator.py for tasks to queue
[2022-07-06 19:54:36,467] {logging_mixin.py:115} INFO - [2022-07-06 19:54:36,467] {dagbag.py:507} INFO - Filling up the DagBag from /home/airflow/.local/lib/python3.7/site-packages/airflow/example_dags/example_task_group_decorator.py
[2022-07-06 19:54:36,529] {processor.py:651} INFO - DAG(s) dict_keys(['example_task_group_decorator']) retrieved from /home/airflow/.local/lib/python3.7/site-packages/airflow/example_dags/example_task_group_decorator.py
[2022-07-06 19:54:36,676] {logging_mixin.py:115} INFO - [2022-07-06 19:54:36,676] {dag.py:2379} INFO - Sync 1 DAGs
[2022-07-06 19:54:36,848] {logging_mixin.py:115} INFO - [2022-07-06 19:54:36,848] {dag.py:2931} INFO - Setting next_dagrun for example_task_group_decorator to 2022-07-05T19:54:36.848167+00:00, run_after=2022-07-06T19:54:36.848167+00:00
[2022-07-06 19:54:36,962] {processor.py:161} INFO - Processing /home/airflow/.local/lib/python3.7/site-packages/airflow/example_dags/example_task_group_decorator.py took 0.544 seconds
[2022-07-06 19:55:14,938] {processor.py:153} INFO - Started process (PID=181) to work on /home/airflow/.local/lib/python3.7/site-packages/airflow/example_dags/example_task_group_decorator.py
[2022-07-06 19:55:15,034] {processor.py:641} INFO - Processing file /home/airflow/.local/lib/python3.7/site-packages/airflow/example_dags/example_task_group_decorator.py for tasks to queue
[2022-07-06 19:55:15,035] {logging_mixin.py:115} INFO - [2022-07-06 19:55:15,035] {dagbag.py:507} INFO - Filling up the DagBag from /home/airflow/.local/lib/python3.7/site-packages/airflow/example_dags/example_task_group_decorator.py
[2022-07-06 19:55:15,076] {processor.py:651} INFO - DAG(s) dict_keys(['example_task_group_decorator']) retrieved from /home/airflow/.local/lib/python3.7/site-packages/airflow/example_dags/example_task_group_decorator.py
[2022-07-06 19:55:15,199] {logging_mixin.py:115} INFO - [2022-07-06 19:55:15,198] {dag.py:2379} INFO - Sync 1 DAGs
[2022-07-06 19:55:20,602] {logging_mixin.py:115} INFO - [2022-07-06 19:55:20,601] {dag.py:2931} INFO - Setting next_dagrun for example_task_group_decorator to 2022-07-05T19:55:20.601636+00:00, run_after=2022-07-06T19:55:20.601636+00:00
[2022-07-06 19:55:21,020] {processor.py:161} INFO - Processing /home/airflow/.local/lib/python3.7/site-packages/airflow/example_dags/example_task_group_decorator.py took 6.086 seconds
[2022-07-06 19:57:19,621] {processor.py:153} INFO - Started process (PID=302) to work on /home/airflow/.local/lib/python3.7/site-packages/airflow/example_dags/example_task_group_decorator.py
[2022-07-06 19:57:19,718] {processor.py:641} INFO - Processing file /home/airflow/.local/lib/python3.7/site-packages/airflow/example_dags/example_task_group_decorator.py for tasks to queue
[2022-07-06 19:57:19,719] {logging_mixin.py:115} INFO - [2022-07-06 19:57:19,719] {dagbag.py:507} INFO - Filling up the DagBag from /home/airflow/.local/lib/python3.7/site-packages/airflow/example_dags/example_task_group_decorator.py
[2022-07-06 19:57:19,762] {processor.py:651} INFO - DAG(s) dict_keys(['example_task_group_decorator']) retrieved from /home/airflow/.local/lib/python3.7/site-packages/airflow/example_dags/example_task_group_decorator.py
[2022-07-06 19:57:19,805] {logging_mixin.py:115} INFO - [2022-07-06 19:57:19,805] {dag.py:2379} INFO - Sync 1 DAGs
[2022-07-06 19:57:19,845] {logging_mixin.py:115} INFO - [2022-07-06 19:57:19,845] {dag.py:2931} INFO - Setting next_dagrun for example_task_group_decorator to 2022-07-05T19:57:19.844620+00:00, run_after=2022-07-06T19:57:19.844620+00:00
[2022-07-06 19:57:19,957] {processor.py:161} INFO - Processing /home/airflow/.local/lib/python3.7/site-packages/airflow/example_dags/example_task_group_decorator.py took 0.339 seconds
[2022-07-06 19:58:30,110] {processor.py:153} INFO - Started process (PID=379) to work on /home/airflow/.local/lib/python3.7/site-packages/airflow/example_dags/example_task_group_decorator.py
[2022-07-06 19:58:30,179] {processor.py:641} INFO - Processing file /home/airflow/.local/lib/python3.7/site-packages/airflow/example_dags/example_task_group_decorator.py for tasks to queue
[2022-07-06 19:58:30,328] {logging_mixin.py:115} INFO - [2022-07-06 19:58:30,328] {dagbag.py:507} INFO - Filling up the DagBag from /home/airflow/.local/lib/python3.7/site-packages/airflow/example_dags/example_task_group_decorator.py
[2022-07-06 19:58:30,428] {processor.py:651} INFO - DAG(s) dict_keys(['example_task_group_decorator']) retrieved from /home/airflow/.local/lib/python3.7/site-packages/airflow/example_dags/example_task_group_decorator.py
[2022-07-06 19:58:30,571] {logging_mixin.py:115} INFO - [2022-07-06 19:58:30,571] {dag.py:2379} INFO - Sync 1 DAGs
[2022-07-06 19:58:30,982] {logging_mixin.py:115} INFO - [2022-07-06 19:58:30,981] {dag.py:2931} INFO - Setting next_dagrun for example_task_group_decorator to 2022-07-05T19:58:30.981661+00:00, run_after=2022-07-06T19:58:30.981661+00:00
[2022-07-06 19:58:31,242] {processor.py:161} INFO - Processing /home/airflow/.local/lib/python3.7/site-packages/airflow/example_dags/example_task_group_decorator.py took 1.139 seconds
[2022-07-06 19:59:01,574] {processor.py:153} INFO - Started process (PID=440) to work on /home/airflow/.local/lib/python3.7/site-packages/airflow/example_dags/example_task_group_decorator.py
[2022-07-06 19:59:01,574] {processor.py:641} INFO - Processing file /home/airflow/.local/lib/python3.7/site-packages/airflow/example_dags/example_task_group_decorator.py for tasks to queue
[2022-07-06 19:59:01,575] {logging_mixin.py:115} INFO - [2022-07-06 19:59:01,575] {dagbag.py:507} INFO - Filling up the DagBag from /home/airflow/.local/lib/python3.7/site-packages/airflow/example_dags/example_task_group_decorator.py
[2022-07-06 19:59:01,635] {processor.py:651} INFO - DAG(s) dict_keys(['example_task_group_decorator']) retrieved from /home/airflow/.local/lib/python3.7/site-packages/airflow/example_dags/example_task_group_decorator.py
[2022-07-06 19:59:01,864] {logging_mixin.py:115} INFO - [2022-07-06 19:59:01,864] {dag.py:2379} INFO - Sync 1 DAGs
[2022-07-06 19:59:06,546] {logging_mixin.py:115} INFO - [2022-07-06 19:59:06,545] {dag.py:2931} INFO - Setting next_dagrun for example_task_group_decorator to 2022-07-05T19:59:06.545556+00:00, run_after=2022-07-06T19:59:06.545556+00:00
[2022-07-06 19:59:06,597] {processor.py:161} INFO - Processing /home/airflow/.local/lib/python3.7/site-packages/airflow/example_dags/example_task_group_decorator.py took 5.028 seconds
[2022-07-06 20:00:00,540] {processor.py:153} INFO - Started process (PID=505) to work on /home/airflow/.local/lib/python3.7/site-packages/airflow/example_dags/example_task_group_decorator.py
[2022-07-06 20:00:00,554] {processor.py:641} INFO - Processing file /home/airflow/.local/lib/python3.7/site-packages/airflow/example_dags/example_task_group_decorator.py for tasks to queue
[2022-07-06 20:00:00,556] {logging_mixin.py:115} INFO - [2022-07-06 20:00:00,555] {dagbag.py:507} INFO - Filling up the DagBag from /home/airflow/.local/lib/python3.7/site-packages/airflow/example_dags/example_task_group_decorator.py
[2022-07-06 20:00:00,646] {processor.py:651} INFO - DAG(s) dict_keys(['example_task_group_decorator']) retrieved from /home/airflow/.local/lib/python3.7/site-packages/airflow/example_dags/example_task_group_decorator.py
[2022-07-06 20:00:00,762] {logging_mixin.py:115} INFO - [2022-07-06 20:00:00,761] {dag.py:2379} INFO - Sync 1 DAGs
[2022-07-06 20:00:00,968] {logging_mixin.py:115} INFO - [2022-07-06 20:00:00,968] {dag.py:2931} INFO - Setting next_dagrun for example_task_group_decorator to 2022-07-05T20:00:00.967959+00:00, run_after=2022-07-06T20:00:00.967959+00:00
[2022-07-06 20:00:01,258] {processor.py:161} INFO - Processing /home/airflow/.local/lib/python3.7/site-packages/airflow/example_dags/example_task_group_decorator.py took 0.728 seconds
[2022-07-06 20:00:31,503] {processor.py:153} INFO - Started process (PID=565) to work on /home/airflow/.local/lib/python3.7/site-packages/airflow/example_dags/example_task_group_decorator.py
[2022-07-06 20:00:31,503] {processor.py:641} INFO - Processing file /home/airflow/.local/lib/python3.7/site-packages/airflow/example_dags/example_task_group_decorator.py for tasks to queue
[2022-07-06 20:00:31,504] {logging_mixin.py:115} INFO - [2022-07-06 20:00:31,504] {dagbag.py:507} INFO - Filling up the DagBag from /home/airflow/.local/lib/python3.7/site-packages/airflow/example_dags/example_task_group_decorator.py
[2022-07-06 20:00:31,542] {processor.py:651} INFO - DAG(s) dict_keys(['example_task_group_decorator']) retrieved from /home/airflow/.local/lib/python3.7/site-packages/airflow/example_dags/example_task_group_decorator.py
[2022-07-06 20:00:31,636] {logging_mixin.py:115} INFO - [2022-07-06 20:00:31,635] {dag.py:2379} INFO - Sync 1 DAGs
[2022-07-06 20:00:31,781] {logging_mixin.py:115} INFO - [2022-07-06 20:00:31,781] {dag.py:2931} INFO - Setting next_dagrun for example_task_group_decorator to 2022-07-05T20:00:31.780815+00:00, run_after=2022-07-06T20:00:31.780815+00:00
[2022-07-06 20:00:31,812] {processor.py:161} INFO - Processing /home/airflow/.local/lib/python3.7/site-packages/airflow/example_dags/example_task_group_decorator.py took 0.313 seconds
[2022-07-06 20:01:10,710] {processor.py:153} INFO - Started process (PID=621) to work on /home/airflow/.local/lib/python3.7/site-packages/airflow/example_dags/example_task_group_decorator.py
[2022-07-06 20:01:10,745] {processor.py:641} INFO - Processing file /home/airflow/.local/lib/python3.7/site-packages/airflow/example_dags/example_task_group_decorator.py for tasks to queue
[2022-07-06 20:01:10,746] {logging_mixin.py:115} INFO - [2022-07-06 20:01:10,746] {dagbag.py:507} INFO - Filling up the DagBag from /home/airflow/.local/lib/python3.7/site-packages/airflow/example_dags/example_task_group_decorator.py
[2022-07-06 20:01:10,785] {processor.py:651} INFO - DAG(s) dict_keys(['example_task_group_decorator']) retrieved from /home/airflow/.local/lib/python3.7/site-packages/airflow/example_dags/example_task_group_decorator.py
[2022-07-06 20:01:10,876] {logging_mixin.py:115} INFO - [2022-07-06 20:01:10,876] {dag.py:2379} INFO - Sync 1 DAGs
[2022-07-06 20:01:11,023] {logging_mixin.py:115} INFO - [2022-07-06 20:01:11,023] {dag.py:2931} INFO - Setting next_dagrun for example_task_group_decorator to 2022-07-05T20:01:11.022713+00:00, run_after=2022-07-06T20:01:11.022713+00:00
[2022-07-06 20:01:11,198] {processor.py:161} INFO - Processing /home/airflow/.local/lib/python3.7/site-packages/airflow/example_dags/example_task_group_decorator.py took 0.496 seconds
[2022-07-06 20:01:52,504] {processor.py:153} INFO - Started process (PID=682) to work on /home/airflow/.local/lib/python3.7/site-packages/airflow/example_dags/example_task_group_decorator.py
[2022-07-06 20:01:52,532] {processor.py:641} INFO - Processing file /home/airflow/.local/lib/python3.7/site-packages/airflow/example_dags/example_task_group_decorator.py for tasks to queue
[2022-07-06 20:01:52,534] {logging_mixin.py:115} INFO - [2022-07-06 20:01:52,533] {dagbag.py:507} INFO - Filling up the DagBag from /home/airflow/.local/lib/python3.7/site-packages/airflow/example_dags/example_task_group_decorator.py
[2022-07-06 20:01:52,623] {processor.py:651} INFO - DAG(s) dict_keys(['example_task_group_decorator']) retrieved from /home/airflow/.local/lib/python3.7/site-packages/airflow/example_dags/example_task_group_decorator.py
[2022-07-06 20:01:52,771] {logging_mixin.py:115} INFO - [2022-07-06 20:01:52,771] {dag.py:2379} INFO - Sync 1 DAGs
[2022-07-06 20:01:53,070] {logging_mixin.py:115} INFO - [2022-07-06 20:01:53,070] {dag.py:2931} INFO - Setting next_dagrun for example_task_group_decorator to 2022-07-05T20:01:53.070250+00:00, run_after=2022-07-06T20:01:53.070250+00:00
[2022-07-06 20:01:53,111] {processor.py:161} INFO - Processing /home/airflow/.local/lib/python3.7/site-packages/airflow/example_dags/example_task_group_decorator.py took 0.614 seconds
[2022-07-06 20:02:23,466] {processor.py:153} INFO - Started process (PID=733) to work on /home/airflow/.local/lib/python3.7/site-packages/airflow/example_dags/example_task_group_decorator.py
[2022-07-06 20:02:23,466] {processor.py:641} INFO - Processing file /home/airflow/.local/lib/python3.7/site-packages/airflow/example_dags/example_task_group_decorator.py for tasks to queue
[2022-07-06 20:02:23,467] {logging_mixin.py:115} INFO - [2022-07-06 20:02:23,467] {dagbag.py:507} INFO - Filling up the DagBag from /home/airflow/.local/lib/python3.7/site-packages/airflow/example_dags/example_task_group_decorator.py
[2022-07-06 20:02:23,520] {processor.py:651} INFO - DAG(s) dict_keys(['example_task_group_decorator']) retrieved from /home/airflow/.local/lib/python3.7/site-packages/airflow/example_dags/example_task_group_decorator.py
[2022-07-06 20:02:23,648] {logging_mixin.py:115} INFO - [2022-07-06 20:02:23,647] {dag.py:2379} INFO - Sync 1 DAGs
[2022-07-06 20:02:23,946] {logging_mixin.py:115} INFO - [2022-07-06 20:02:23,946] {dag.py:2931} INFO - Setting next_dagrun for example_task_group_decorator to 2022-07-05T20:02:23.946387+00:00, run_after=2022-07-06T20:02:23.946387+00:00
[2022-07-06 20:02:24,055] {processor.py:161} INFO - Processing /home/airflow/.local/lib/python3.7/site-packages/airflow/example_dags/example_task_group_decorator.py took 0.594 seconds
[2022-07-06 20:02:55,255] {processor.py:153} INFO - Started process (PID=793) to work on /home/airflow/.local/lib/python3.7/site-packages/airflow/example_dags/example_task_group_decorator.py
[2022-07-06 20:02:55,333] {processor.py:641} INFO - Processing file /home/airflow/.local/lib/python3.7/site-packages/airflow/example_dags/example_task_group_decorator.py for tasks to queue
[2022-07-06 20:02:55,333] {logging_mixin.py:115} INFO - [2022-07-06 20:02:55,333] {dagbag.py:507} INFO - Filling up the DagBag from /home/airflow/.local/lib/python3.7/site-packages/airflow/example_dags/example_task_group_decorator.py
[2022-07-06 20:02:55,371] {processor.py:651} INFO - DAG(s) dict_keys(['example_task_group_decorator']) retrieved from /home/airflow/.local/lib/python3.7/site-packages/airflow/example_dags/example_task_group_decorator.py
[2022-07-06 20:02:55,479] {logging_mixin.py:115} INFO - [2022-07-06 20:02:55,479] {dag.py:2379} INFO - Sync 1 DAGs
[2022-07-06 20:02:55,674] {logging_mixin.py:115} INFO - [2022-07-06 20:02:55,674] {dag.py:2931} INFO - Setting next_dagrun for example_task_group_decorator to 2022-07-05T20:02:55.674336+00:00, run_after=2022-07-06T20:02:55.674336+00:00
[2022-07-06 20:02:55,918] {processor.py:161} INFO - Processing /home/airflow/.local/lib/python3.7/site-packages/airflow/example_dags/example_task_group_decorator.py took 0.668 seconds
[2022-07-06 20:03:26,138] {processor.py:153} INFO - Started process (PID=846) to work on /home/airflow/.local/lib/python3.7/site-packages/airflow/example_dags/example_task_group_decorator.py
[2022-07-06 20:03:26,139] {processor.py:641} INFO - Processing file /home/airflow/.local/lib/python3.7/site-packages/airflow/example_dags/example_task_group_decorator.py for tasks to queue
[2022-07-06 20:03:26,139] {logging_mixin.py:115} INFO - [2022-07-06 20:03:26,139] {dagbag.py:507} INFO - Filling up the DagBag from /home/airflow/.local/lib/python3.7/site-packages/airflow/example_dags/example_task_group_decorator.py
[2022-07-06 20:03:26,177] {processor.py:651} INFO - DAG(s) dict_keys(['example_task_group_decorator']) retrieved from /home/airflow/.local/lib/python3.7/site-packages/airflow/example_dags/example_task_group_decorator.py
[2022-07-06 20:03:26,274] {logging_mixin.py:115} INFO - [2022-07-06 20:03:26,274] {dag.py:2379} INFO - Sync 1 DAGs
[2022-07-06 20:03:26,429] {logging_mixin.py:115} INFO - [2022-07-06 20:03:26,429] {dag.py:2931} INFO - Setting next_dagrun for example_task_group_decorator to 2022-07-05T20:03:26.429438+00:00, run_after=2022-07-06T20:03:26.429438+00:00
[2022-07-06 20:03:26,526] {processor.py:161} INFO - Processing /home/airflow/.local/lib/python3.7/site-packages/airflow/example_dags/example_task_group_decorator.py took 0.392 seconds
[2022-07-06 20:03:59,282] {processor.py:153} INFO - Started process (PID=897) to work on /home/airflow/.local/lib/python3.7/site-packages/airflow/example_dags/example_task_group_decorator.py
[2022-07-06 20:03:59,331] {processor.py:641} INFO - Processing file /home/airflow/.local/lib/python3.7/site-packages/airflow/example_dags/example_task_group_decorator.py for tasks to queue
[2022-07-06 20:03:59,332] {logging_mixin.py:115} INFO - [2022-07-06 20:03:59,332] {dagbag.py:507} INFO - Filling up the DagBag from /home/airflow/.local/lib/python3.7/site-packages/airflow/example_dags/example_task_group_decorator.py
[2022-07-06 20:03:59,385] {processor.py:651} INFO - DAG(s) dict_keys(['example_task_group_decorator']) retrieved from /home/airflow/.local/lib/python3.7/site-packages/airflow/example_dags/example_task_group_decorator.py
[2022-07-06 20:03:59,486] {logging_mixin.py:115} INFO - [2022-07-06 20:03:59,486] {dag.py:2379} INFO - Sync 1 DAGs
[2022-07-06 20:03:59,684] {logging_mixin.py:115} INFO - [2022-07-06 20:03:59,683] {dag.py:2931} INFO - Setting next_dagrun for example_task_group_decorator to 2022-07-05T20:03:59.683688+00:00, run_after=2022-07-06T20:03:59.683688+00:00
[2022-07-06 20:03:59,835] {processor.py:161} INFO - Processing /home/airflow/.local/lib/python3.7/site-packages/airflow/example_dags/example_task_group_decorator.py took 0.558 seconds
[2022-07-06 20:04:29,942] {processor.py:153} INFO - Started process (PID=949) to work on /home/airflow/.local/lib/python3.7/site-packages/airflow/example_dags/example_task_group_decorator.py
[2022-07-06 20:04:29,962] {processor.py:641} INFO - Processing file /home/airflow/.local/lib/python3.7/site-packages/airflow/example_dags/example_task_group_decorator.py for tasks to queue
[2022-07-06 20:04:29,963] {logging_mixin.py:115} INFO - [2022-07-06 20:04:29,963] {dagbag.py:507} INFO - Filling up the DagBag from /home/airflow/.local/lib/python3.7/site-packages/airflow/example_dags/example_task_group_decorator.py
[2022-07-06 20:04:30,005] {processor.py:651} INFO - DAG(s) dict_keys(['example_task_group_decorator']) retrieved from /home/airflow/.local/lib/python3.7/site-packages/airflow/example_dags/example_task_group_decorator.py
[2022-07-06 20:04:30,127] {logging_mixin.py:115} INFO - [2022-07-06 20:04:30,127] {dag.py:2379} INFO - Sync 1 DAGs
[2022-07-06 20:04:30,303] {logging_mixin.py:115} INFO - [2022-07-06 20:04:30,303] {dag.py:2931} INFO - Setting next_dagrun for example_task_group_decorator to 2022-07-05T20:04:30.303081+00:00, run_after=2022-07-06T20:04:30.303081+00:00
[2022-07-06 20:04:30,355] {processor.py:161} INFO - Processing /home/airflow/.local/lib/python3.7/site-packages/airflow/example_dags/example_task_group_decorator.py took 0.417 seconds
[2022-07-06 20:05:00,434] {processor.py:153} INFO - Started process (PID=1009) to work on /home/airflow/.local/lib/python3.7/site-packages/airflow/example_dags/example_task_group_decorator.py
[2022-07-06 20:05:00,435] {processor.py:641} INFO - Processing file /home/airflow/.local/lib/python3.7/site-packages/airflow/example_dags/example_task_group_decorator.py for tasks to queue
[2022-07-06 20:05:00,435] {logging_mixin.py:115} INFO - [2022-07-06 20:05:00,435] {dagbag.py:507} INFO - Filling up the DagBag from /home/airflow/.local/lib/python3.7/site-packages/airflow/example_dags/example_task_group_decorator.py
[2022-07-06 20:05:00,476] {processor.py:651} INFO - DAG(s) dict_keys(['example_task_group_decorator']) retrieved from /home/airflow/.local/lib/python3.7/site-packages/airflow/example_dags/example_task_group_decorator.py
[2022-07-06 20:05:00,576] {logging_mixin.py:115} INFO - [2022-07-06 20:05:00,576] {dag.py:2379} INFO - Sync 1 DAGs
[2022-07-06 20:05:00,888] {logging_mixin.py:115} INFO - [2022-07-06 20:05:00,888] {dag.py:2931} INFO - Setting next_dagrun for example_task_group_decorator to 2022-07-05T20:05:00.888411+00:00, run_after=2022-07-06T20:05:00.888411+00:00
[2022-07-06 20:05:00,983] {processor.py:161} INFO - Processing /home/airflow/.local/lib/python3.7/site-packages/airflow/example_dags/example_task_group_decorator.py took 0.554 seconds
[2022-07-06 20:05:31,672] {processor.py:153} INFO - Started process (PID=1062) to work on /home/airflow/.local/lib/python3.7/site-packages/airflow/example_dags/example_task_group_decorator.py
[2022-07-06 20:05:31,682] {processor.py:641} INFO - Processing file /home/airflow/.local/lib/python3.7/site-packages/airflow/example_dags/example_task_group_decorator.py for tasks to queue
[2022-07-06 20:05:31,683] {logging_mixin.py:115} INFO - [2022-07-06 20:05:31,683] {dagbag.py:507} INFO - Filling up the DagBag from /home/airflow/.local/lib/python3.7/site-packages/airflow/example_dags/example_task_group_decorator.py
[2022-07-06 20:05:31,724] {processor.py:651} INFO - DAG(s) dict_keys(['example_task_group_decorator']) retrieved from /home/airflow/.local/lib/python3.7/site-packages/airflow/example_dags/example_task_group_decorator.py
[2022-07-06 20:05:31,812] {logging_mixin.py:115} INFO - [2022-07-06 20:05:31,812] {dag.py:2379} INFO - Sync 1 DAGs
[2022-07-06 20:05:31,963] {logging_mixin.py:115} INFO - [2022-07-06 20:05:31,963] {dag.py:2931} INFO - Setting next_dagrun for example_task_group_decorator to 2022-07-05T20:05:31.963603+00:00, run_after=2022-07-06T20:05:31.963603+00:00
[2022-07-06 20:05:31,993] {processor.py:161} INFO - Processing /home/airflow/.local/lib/python3.7/site-packages/airflow/example_dags/example_task_group_decorator.py took 0.332 seconds
[2022-07-06 20:06:02,106] {processor.py:153} INFO - Started process (PID=1114) to work on /home/airflow/.local/lib/python3.7/site-packages/airflow/example_dags/example_task_group_decorator.py
[2022-07-06 20:06:02,106] {processor.py:641} INFO - Processing file /home/airflow/.local/lib/python3.7/site-packages/airflow/example_dags/example_task_group_decorator.py for tasks to queue
[2022-07-06 20:06:02,107] {logging_mixin.py:115} INFO - [2022-07-06 20:06:02,107] {dagbag.py:507} INFO - Filling up the DagBag from /home/airflow/.local/lib/python3.7/site-packages/airflow/example_dags/example_task_group_decorator.py
[2022-07-06 20:06:02,146] {processor.py:651} INFO - DAG(s) dict_keys(['example_task_group_decorator']) retrieved from /home/airflow/.local/lib/python3.7/site-packages/airflow/example_dags/example_task_group_decorator.py
[2022-07-06 20:06:02,261] {logging_mixin.py:115} INFO - [2022-07-06 20:06:02,260] {dag.py:2379} INFO - Sync 1 DAGs
[2022-07-06 20:06:02,444] {logging_mixin.py:115} INFO - [2022-07-06 20:06:02,444] {dag.py:2931} INFO - Setting next_dagrun for example_task_group_decorator to 2022-07-05T20:06:02.444498+00:00, run_after=2022-07-06T20:06:02.444498+00:00
[2022-07-06 20:06:02,526] {processor.py:161} INFO - Processing /home/airflow/.local/lib/python3.7/site-packages/airflow/example_dags/example_task_group_decorator.py took 0.425 seconds
[2022-07-06 20:06:33,255] {processor.py:153} INFO - Started process (PID=1176) to work on /home/airflow/.local/lib/python3.7/site-packages/airflow/example_dags/example_task_group_decorator.py
[2022-07-06 20:06:33,256] {processor.py:641} INFO - Processing file /home/airflow/.local/lib/python3.7/site-packages/airflow/example_dags/example_task_group_decorator.py for tasks to queue
[2022-07-06 20:06:33,257] {logging_mixin.py:115} INFO - [2022-07-06 20:06:33,257] {dagbag.py:507} INFO - Filling up the DagBag from /home/airflow/.local/lib/python3.7/site-packages/airflow/example_dags/example_task_group_decorator.py
[2022-07-06 20:06:33,407] {processor.py:651} INFO - DAG(s) dict_keys(['example_task_group_decorator']) retrieved from /home/airflow/.local/lib/python3.7/site-packages/airflow/example_dags/example_task_group_decorator.py
[2022-07-06 20:06:33,570] {logging_mixin.py:115} INFO - [2022-07-06 20:06:33,570] {dag.py:2379} INFO - Sync 1 DAGs
[2022-07-06 20:06:34,013] {logging_mixin.py:115} INFO - [2022-07-06 20:06:34,013] {dag.py:2931} INFO - Setting next_dagrun for example_task_group_decorator to 2022-07-05T20:06:34.013482+00:00, run_after=2022-07-06T20:06:34.013482+00:00
[2022-07-06 20:06:34,117] {processor.py:161} INFO - Processing /home/airflow/.local/lib/python3.7/site-packages/airflow/example_dags/example_task_group_decorator.py took 0.871 seconds
[2022-07-06 20:07:04,996] {processor.py:153} INFO - Started process (PID=1229) to work on /home/airflow/.local/lib/python3.7/site-packages/airflow/example_dags/example_task_group_decorator.py
[2022-07-06 20:07:05,192] {processor.py:641} INFO - Processing file /home/airflow/.local/lib/python3.7/site-packages/airflow/example_dags/example_task_group_decorator.py for tasks to queue
[2022-07-06 20:07:05,193] {logging_mixin.py:115} INFO - [2022-07-06 20:07:05,193] {dagbag.py:507} INFO - Filling up the DagBag from /home/airflow/.local/lib/python3.7/site-packages/airflow/example_dags/example_task_group_decorator.py
[2022-07-06 20:07:05,232] {processor.py:651} INFO - DAG(s) dict_keys(['example_task_group_decorator']) retrieved from /home/airflow/.local/lib/python3.7/site-packages/airflow/example_dags/example_task_group_decorator.py
[2022-07-06 20:07:05,351] {logging_mixin.py:115} INFO - [2022-07-06 20:07:05,350] {dag.py:2379} INFO - Sync 1 DAGs
[2022-07-06 20:07:05,561] {logging_mixin.py:115} INFO - [2022-07-06 20:07:05,561] {dag.py:2931} INFO - Setting next_dagrun for example_task_group_decorator to 2022-07-05T20:07:05.561040+00:00, run_after=2022-07-06T20:07:05.561040+00:00
[2022-07-06 20:07:05,676] {processor.py:161} INFO - Processing /home/airflow/.local/lib/python3.7/site-packages/airflow/example_dags/example_task_group_decorator.py took 0.686 seconds
[2022-07-06 20:07:35,887] {processor.py:153} INFO - Started process (PID=1287) to work on /home/airflow/.local/lib/python3.7/site-packages/airflow/example_dags/example_task_group_decorator.py
[2022-07-06 20:07:35,888] {processor.py:641} INFO - Processing file /home/airflow/.local/lib/python3.7/site-packages/airflow/example_dags/example_task_group_decorator.py for tasks to queue
[2022-07-06 20:07:35,889] {logging_mixin.py:115} INFO - [2022-07-06 20:07:35,889] {dagbag.py:507} INFO - Filling up the DagBag from /home/airflow/.local/lib/python3.7/site-packages/airflow/example_dags/example_task_group_decorator.py
[2022-07-06 20:07:35,953] {processor.py:651} INFO - DAG(s) dict_keys(['example_task_group_decorator']) retrieved from /home/airflow/.local/lib/python3.7/site-packages/airflow/example_dags/example_task_group_decorator.py
[2022-07-06 20:07:36,148] {logging_mixin.py:115} INFO - [2022-07-06 20:07:36,148] {dag.py:2379} INFO - Sync 1 DAGs
[2022-07-06 20:07:36,444] {logging_mixin.py:115} INFO - [2022-07-06 20:07:36,444] {dag.py:2931} INFO - Setting next_dagrun for example_task_group_decorator to 2022-07-05T20:07:36.444292+00:00, run_after=2022-07-06T20:07:36.444292+00:00
[2022-07-06 20:07:36,566] {processor.py:161} INFO - Processing /home/airflow/.local/lib/python3.7/site-packages/airflow/example_dags/example_task_group_decorator.py took 0.684 seconds
[2022-07-06 20:08:07,344] {processor.py:153} INFO - Started process (PID=1341) to work on /home/airflow/.local/lib/python3.7/site-packages/airflow/example_dags/example_task_group_decorator.py
[2022-07-06 20:08:07,514] {processor.py:641} INFO - Processing file /home/airflow/.local/lib/python3.7/site-packages/airflow/example_dags/example_task_group_decorator.py for tasks to queue
[2022-07-06 20:08:07,515] {logging_mixin.py:115} INFO - [2022-07-06 20:08:07,515] {dagbag.py:507} INFO - Filling up the DagBag from /home/airflow/.local/lib/python3.7/site-packages/airflow/example_dags/example_task_group_decorator.py
[2022-07-06 20:08:07,578] {processor.py:651} INFO - DAG(s) dict_keys(['example_task_group_decorator']) retrieved from /home/airflow/.local/lib/python3.7/site-packages/airflow/example_dags/example_task_group_decorator.py
[2022-07-06 20:08:07,744] {logging_mixin.py:115} INFO - [2022-07-06 20:08:07,744] {dag.py:2379} INFO - Sync 1 DAGs
[2022-07-06 20:08:07,989] {logging_mixin.py:115} INFO - [2022-07-06 20:08:07,980] {dag.py:2931} INFO - Setting next_dagrun for example_task_group_decorator to 2022-07-05T20:08:07.980585+00:00, run_after=2022-07-06T20:08:07.980585+00:00
[2022-07-06 20:08:08,135] {processor.py:161} INFO - Processing /home/airflow/.local/lib/python3.7/site-packages/airflow/example_dags/example_task_group_decorator.py took 0.796 seconds
[2022-07-06 20:08:38,341] {processor.py:153} INFO - Started process (PID=1394) to work on /home/airflow/.local/lib/python3.7/site-packages/airflow/example_dags/example_task_group_decorator.py
[2022-07-06 20:08:38,342] {processor.py:641} INFO - Processing file /home/airflow/.local/lib/python3.7/site-packages/airflow/example_dags/example_task_group_decorator.py for tasks to queue
[2022-07-06 20:08:38,343] {logging_mixin.py:115} INFO - [2022-07-06 20:08:38,343] {dagbag.py:507} INFO - Filling up the DagBag from /home/airflow/.local/lib/python3.7/site-packages/airflow/example_dags/example_task_group_decorator.py
[2022-07-06 20:08:38,379] {processor.py:651} INFO - DAG(s) dict_keys(['example_task_group_decorator']) retrieved from /home/airflow/.local/lib/python3.7/site-packages/airflow/example_dags/example_task_group_decorator.py
[2022-07-06 20:08:38,486] {logging_mixin.py:115} INFO - [2022-07-06 20:08:38,486] {dag.py:2379} INFO - Sync 1 DAGs
[2022-07-06 20:08:38,655] {logging_mixin.py:115} INFO - [2022-07-06 20:08:38,655] {dag.py:2931} INFO - Setting next_dagrun for example_task_group_decorator to 2022-07-05T20:08:38.654682+00:00, run_after=2022-07-06T20:08:38.654682+00:00
[2022-07-06 20:08:38,679] {processor.py:161} INFO - Processing /home/airflow/.local/lib/python3.7/site-packages/airflow/example_dags/example_task_group_decorator.py took 0.341 seconds
[2022-07-06 20:09:08,806] {processor.py:153} INFO - Started process (PID=1453) to work on /home/airflow/.local/lib/python3.7/site-packages/airflow/example_dags/example_task_group_decorator.py
[2022-07-06 20:09:08,809] {processor.py:641} INFO - Processing file /home/airflow/.local/lib/python3.7/site-packages/airflow/example_dags/example_task_group_decorator.py for tasks to queue
[2022-07-06 20:09:08,810] {logging_mixin.py:115} INFO - [2022-07-06 20:09:08,810] {dagbag.py:507} INFO - Filling up the DagBag from /home/airflow/.local/lib/python3.7/site-packages/airflow/example_dags/example_task_group_decorator.py
[2022-07-06 20:09:08,869] {processor.py:651} INFO - DAG(s) dict_keys(['example_task_group_decorator']) retrieved from /home/airflow/.local/lib/python3.7/site-packages/airflow/example_dags/example_task_group_decorator.py
[2022-07-06 20:09:09,008] {logging_mixin.py:115} INFO - [2022-07-06 20:09:09,008] {dag.py:2379} INFO - Sync 1 DAGs
[2022-07-06 20:09:09,214] {logging_mixin.py:115} INFO - [2022-07-06 20:09:09,214] {dag.py:2931} INFO - Setting next_dagrun for example_task_group_decorator to 2022-07-05T20:09:09.214453+00:00, run_after=2022-07-06T20:09:09.214453+00:00
[2022-07-06 20:09:09,267] {processor.py:161} INFO - Processing /home/airflow/.local/lib/python3.7/site-packages/airflow/example_dags/example_task_group_decorator.py took 0.466 seconds
[2022-07-06 20:09:39,707] {processor.py:153} INFO - Started process (PID=1505) to work on /home/airflow/.local/lib/python3.7/site-packages/airflow/example_dags/example_task_group_decorator.py
[2022-07-06 20:09:39,708] {processor.py:641} INFO - Processing file /home/airflow/.local/lib/python3.7/site-packages/airflow/example_dags/example_task_group_decorator.py for tasks to queue
[2022-07-06 20:09:39,709] {logging_mixin.py:115} INFO - [2022-07-06 20:09:39,709] {dagbag.py:507} INFO - Filling up the DagBag from /home/airflow/.local/lib/python3.7/site-packages/airflow/example_dags/example_task_group_decorator.py
[2022-07-06 20:09:39,807] {processor.py:651} INFO - DAG(s) dict_keys(['example_task_group_decorator']) retrieved from /home/airflow/.local/lib/python3.7/site-packages/airflow/example_dags/example_task_group_decorator.py
[2022-07-06 20:09:39,939] {logging_mixin.py:115} INFO - [2022-07-06 20:09:39,939] {dag.py:2379} INFO - Sync 1 DAGs
[2022-07-06 20:09:40,097] {logging_mixin.py:115} INFO - [2022-07-06 20:09:40,097] {dag.py:2931} INFO - Setting next_dagrun for example_task_group_decorator to 2022-07-05T20:09:40.097543+00:00, run_after=2022-07-06T20:09:40.097543+00:00
[2022-07-06 20:09:40,129] {processor.py:161} INFO - Processing /home/airflow/.local/lib/python3.7/site-packages/airflow/example_dags/example_task_group_decorator.py took 0.430 seconds
[2022-07-06 20:10:10,216] {processor.py:153} INFO - Started process (PID=1557) to work on /home/airflow/.local/lib/python3.7/site-packages/airflow/example_dags/example_task_group_decorator.py
[2022-07-06 20:10:10,225] {processor.py:641} INFO - Processing file /home/airflow/.local/lib/python3.7/site-packages/airflow/example_dags/example_task_group_decorator.py for tasks to queue
[2022-07-06 20:10:10,227] {logging_mixin.py:115} INFO - [2022-07-06 20:10:10,226] {dagbag.py:507} INFO - Filling up the DagBag from /home/airflow/.local/lib/python3.7/site-packages/airflow/example_dags/example_task_group_decorator.py
[2022-07-06 20:10:10,290] {processor.py:651} INFO - DAG(s) dict_keys(['example_task_group_decorator']) retrieved from /home/airflow/.local/lib/python3.7/site-packages/airflow/example_dags/example_task_group_decorator.py
[2022-07-06 20:10:10,341] {logging_mixin.py:115} INFO - [2022-07-06 20:10:10,340] {dag.py:2379} INFO - Sync 1 DAGs
[2022-07-06 20:10:10,383] {logging_mixin.py:115} INFO - [2022-07-06 20:10:10,383] {dag.py:2931} INFO - Setting next_dagrun for example_task_group_decorator to 2022-07-05T20:10:10.383471+00:00, run_after=2022-07-06T20:10:10.383471+00:00
[2022-07-06 20:10:10,427] {processor.py:161} INFO - Processing /home/airflow/.local/lib/python3.7/site-packages/airflow/example_dags/example_task_group_decorator.py took 0.217 seconds
[2022-07-06 20:10:40,526] {processor.py:153} INFO - Started process (PID=1617) to work on /home/airflow/.local/lib/python3.7/site-packages/airflow/example_dags/example_task_group_decorator.py
[2022-07-06 20:10:40,527] {processor.py:641} INFO - Processing file /home/airflow/.local/lib/python3.7/site-packages/airflow/example_dags/example_task_group_decorator.py for tasks to queue
[2022-07-06 20:10:40,528] {logging_mixin.py:115} INFO - [2022-07-06 20:10:40,528] {dagbag.py:507} INFO - Filling up the DagBag from /home/airflow/.local/lib/python3.7/site-packages/airflow/example_dags/example_task_group_decorator.py
[2022-07-06 20:10:40,582] {processor.py:651} INFO - DAG(s) dict_keys(['example_task_group_decorator']) retrieved from /home/airflow/.local/lib/python3.7/site-packages/airflow/example_dags/example_task_group_decorator.py
[2022-07-06 20:10:40,633] {logging_mixin.py:115} INFO - [2022-07-06 20:10:40,633] {dag.py:2379} INFO - Sync 1 DAGs
[2022-07-06 20:10:40,681] {logging_mixin.py:115} INFO - [2022-07-06 20:10:40,680] {dag.py:2931} INFO - Setting next_dagrun for example_task_group_decorator to 2022-07-05T20:10:40.680561+00:00, run_after=2022-07-06T20:10:40.680561+00:00
[2022-07-06 20:10:40,721] {processor.py:161} INFO - Processing /home/airflow/.local/lib/python3.7/site-packages/airflow/example_dags/example_task_group_decorator.py took 0.199 seconds
[2022-07-06 20:11:11,347] {processor.py:153} INFO - Started process (PID=1669) to work on /home/airflow/.local/lib/python3.7/site-packages/airflow/example_dags/example_task_group_decorator.py
[2022-07-06 20:11:11,371] {processor.py:641} INFO - Processing file /home/airflow/.local/lib/python3.7/site-packages/airflow/example_dags/example_task_group_decorator.py for tasks to queue
[2022-07-06 20:11:11,372] {logging_mixin.py:115} INFO - [2022-07-06 20:11:11,372] {dagbag.py:507} INFO - Filling up the DagBag from /home/airflow/.local/lib/python3.7/site-packages/airflow/example_dags/example_task_group_decorator.py
[2022-07-06 20:11:11,415] {processor.py:651} INFO - DAG(s) dict_keys(['example_task_group_decorator']) retrieved from /home/airflow/.local/lib/python3.7/site-packages/airflow/example_dags/example_task_group_decorator.py
[2022-07-06 20:11:11,528] {logging_mixin.py:115} INFO - [2022-07-06 20:11:11,528] {dag.py:2379} INFO - Sync 1 DAGs
[2022-07-06 20:11:11,676] {logging_mixin.py:115} INFO - [2022-07-06 20:11:11,676] {dag.py:2931} INFO - Setting next_dagrun for example_task_group_decorator to 2022-07-05T20:11:11.676230+00:00, run_after=2022-07-06T20:11:11.676230+00:00
[2022-07-06 20:11:11,702] {processor.py:161} INFO - Processing /home/airflow/.local/lib/python3.7/site-packages/airflow/example_dags/example_task_group_decorator.py took 0.366 seconds
[2022-07-06 20:11:41,753] {processor.py:153} INFO - Started process (PID=1722) to work on /home/airflow/.local/lib/python3.7/site-packages/airflow/example_dags/example_task_group_decorator.py
[2022-07-06 20:11:41,754] {processor.py:641} INFO - Processing file /home/airflow/.local/lib/python3.7/site-packages/airflow/example_dags/example_task_group_decorator.py for tasks to queue
[2022-07-06 20:11:41,754] {logging_mixin.py:115} INFO - [2022-07-06 20:11:41,754] {dagbag.py:507} INFO - Filling up the DagBag from /home/airflow/.local/lib/python3.7/site-packages/airflow/example_dags/example_task_group_decorator.py
[2022-07-06 20:11:41,792] {processor.py:651} INFO - DAG(s) dict_keys(['example_task_group_decorator']) retrieved from /home/airflow/.local/lib/python3.7/site-packages/airflow/example_dags/example_task_group_decorator.py
[2022-07-06 20:11:41,886] {logging_mixin.py:115} INFO - [2022-07-06 20:11:41,886] {dag.py:2379} INFO - Sync 1 DAGs
[2022-07-06 20:11:42,035] {logging_mixin.py:115} INFO - [2022-07-06 20:11:42,035] {dag.py:2931} INFO - Setting next_dagrun for example_task_group_decorator to 2022-07-05T20:11:42.034840+00:00, run_after=2022-07-06T20:11:42.034840+00:00
[2022-07-06 20:11:42,055] {processor.py:161} INFO - Processing /home/airflow/.local/lib/python3.7/site-packages/airflow/example_dags/example_task_group_decorator.py took 0.307 seconds
[2022-07-06 20:12:12,569] {processor.py:153} INFO - Started process (PID=1782) to work on /home/airflow/.local/lib/python3.7/site-packages/airflow/example_dags/example_task_group_decorator.py
[2022-07-06 20:12:12,589] {processor.py:641} INFO - Processing file /home/airflow/.local/lib/python3.7/site-packages/airflow/example_dags/example_task_group_decorator.py for tasks to queue
[2022-07-06 20:12:12,590] {logging_mixin.py:115} INFO - [2022-07-06 20:12:12,589] {dagbag.py:507} INFO - Filling up the DagBag from /home/airflow/.local/lib/python3.7/site-packages/airflow/example_dags/example_task_group_decorator.py
[2022-07-06 20:12:12,732] {processor.py:651} INFO - DAG(s) dict_keys(['example_task_group_decorator']) retrieved from /home/airflow/.local/lib/python3.7/site-packages/airflow/example_dags/example_task_group_decorator.py
[2022-07-06 20:12:12,993] {logging_mixin.py:115} INFO - [2022-07-06 20:12:12,993] {dag.py:2379} INFO - Sync 1 DAGs
[2022-07-06 20:12:13,592] {logging_mixin.py:115} INFO - [2022-07-06 20:12:13,591] {dag.py:2931} INFO - Setting next_dagrun for example_task_group_decorator to 2022-07-05T20:12:13.591544+00:00, run_after=2022-07-06T20:12:13.591544+00:00
[2022-07-06 20:12:13,639] {processor.py:161} INFO - Processing /home/airflow/.local/lib/python3.7/site-packages/airflow/example_dags/example_task_group_decorator.py took 1.077 seconds
[2022-07-06 20:12:44,498] {processor.py:153} INFO - Started process (PID=1832) to work on /home/airflow/.local/lib/python3.7/site-packages/airflow/example_dags/example_task_group_decorator.py
[2022-07-06 20:12:44,599] {processor.py:641} INFO - Processing file /home/airflow/.local/lib/python3.7/site-packages/airflow/example_dags/example_task_group_decorator.py for tasks to queue
[2022-07-06 20:12:44,601] {logging_mixin.py:115} INFO - [2022-07-06 20:12:44,600] {dagbag.py:507} INFO - Filling up the DagBag from /home/airflow/.local/lib/python3.7/site-packages/airflow/example_dags/example_task_group_decorator.py
[2022-07-06 20:12:44,713] {processor.py:651} INFO - DAG(s) dict_keys(['example_task_group_decorator']) retrieved from /home/airflow/.local/lib/python3.7/site-packages/airflow/example_dags/example_task_group_decorator.py
[2022-07-06 20:12:44,751] {logging_mixin.py:115} INFO - [2022-07-06 20:12:44,751] {dag.py:2379} INFO - Sync 1 DAGs
[2022-07-06 20:12:44,783] {logging_mixin.py:115} INFO - [2022-07-06 20:12:44,783] {dag.py:2931} INFO - Setting next_dagrun for example_task_group_decorator to 2022-07-05T20:12:44.783187+00:00, run_after=2022-07-06T20:12:44.783187+00:00
[2022-07-06 20:12:44,803] {processor.py:161} INFO - Processing /home/airflow/.local/lib/python3.7/site-packages/airflow/example_dags/example_task_group_decorator.py took 0.316 seconds
[2022-07-06 20:13:15,726] {processor.py:153} INFO - Started process (PID=1890) to work on /home/airflow/.local/lib/python3.7/site-packages/airflow/example_dags/example_task_group_decorator.py
[2022-07-06 20:13:15,736] {processor.py:641} INFO - Processing file /home/airflow/.local/lib/python3.7/site-packages/airflow/example_dags/example_task_group_decorator.py for tasks to queue
[2022-07-06 20:13:15,737] {logging_mixin.py:115} INFO - [2022-07-06 20:13:15,737] {dagbag.py:507} INFO - Filling up the DagBag from /home/airflow/.local/lib/python3.7/site-packages/airflow/example_dags/example_task_group_decorator.py
[2022-07-06 20:13:15,780] {processor.py:651} INFO - DAG(s) dict_keys(['example_task_group_decorator']) retrieved from /home/airflow/.local/lib/python3.7/site-packages/airflow/example_dags/example_task_group_decorator.py
[2022-07-06 20:13:15,857] {logging_mixin.py:115} INFO - [2022-07-06 20:13:15,857] {dag.py:2379} INFO - Sync 1 DAGs
[2022-07-06 20:13:15,905] {logging_mixin.py:115} INFO - [2022-07-06 20:13:15,905] {dag.py:2931} INFO - Setting next_dagrun for example_task_group_decorator to 2022-07-05T20:13:15.904477+00:00, run_after=2022-07-06T20:13:15.904477+00:00
[2022-07-06 20:13:16,045] {processor.py:161} INFO - Processing /home/airflow/.local/lib/python3.7/site-packages/airflow/example_dags/example_task_group_decorator.py took 0.323 seconds
[2022-07-06 20:13:47,900] {processor.py:153} INFO - Started process (PID=1939) to work on /home/airflow/.local/lib/python3.7/site-packages/airflow/example_dags/example_task_group_decorator.py
[2022-07-06 20:13:47,964] {processor.py:641} INFO - Processing file /home/airflow/.local/lib/python3.7/site-packages/airflow/example_dags/example_task_group_decorator.py for tasks to queue
[2022-07-06 20:13:47,966] {logging_mixin.py:115} INFO - [2022-07-06 20:13:47,965] {dagbag.py:507} INFO - Filling up the DagBag from /home/airflow/.local/lib/python3.7/site-packages/airflow/example_dags/example_task_group_decorator.py
[2022-07-06 20:13:48,073] {processor.py:651} INFO - DAG(s) dict_keys(['example_task_group_decorator']) retrieved from /home/airflow/.local/lib/python3.7/site-packages/airflow/example_dags/example_task_group_decorator.py
[2022-07-06 20:13:48,332] {logging_mixin.py:115} INFO - [2022-07-06 20:13:48,331] {dag.py:2379} INFO - Sync 1 DAGs
[2022-07-06 20:14:23,616] {logging_mixin.py:115} INFO - [2022-07-06 20:14:23,616] {dag.py:2931} INFO - Setting next_dagrun for example_task_group_decorator to 2022-07-05T20:14:23.616227+00:00, run_after=2022-07-06T20:14:23.616227+00:00
[2022-07-06 20:14:23,757] {processor.py:161} INFO - Processing /home/airflow/.local/lib/python3.7/site-packages/airflow/example_dags/example_task_group_decorator.py took 35.861 seconds
[2022-07-06 20:14:54,062] {processor.py:153} INFO - Started process (PID=2021) to work on /home/airflow/.local/lib/python3.7/site-packages/airflow/example_dags/example_task_group_decorator.py
[2022-07-06 20:14:54,063] {processor.py:641} INFO - Processing file /home/airflow/.local/lib/python3.7/site-packages/airflow/example_dags/example_task_group_decorator.py for tasks to queue
[2022-07-06 20:14:54,064] {logging_mixin.py:115} INFO - [2022-07-06 20:14:54,064] {dagbag.py:507} INFO - Filling up the DagBag from /home/airflow/.local/lib/python3.7/site-packages/airflow/example_dags/example_task_group_decorator.py
[2022-07-06 20:14:54,139] {processor.py:651} INFO - DAG(s) dict_keys(['example_task_group_decorator']) retrieved from /home/airflow/.local/lib/python3.7/site-packages/airflow/example_dags/example_task_group_decorator.py
[2022-07-06 20:14:54,340] {logging_mixin.py:115} INFO - [2022-07-06 20:14:54,340] {dag.py:2379} INFO - Sync 1 DAGs
[2022-07-06 20:14:54,573] {logging_mixin.py:115} INFO - [2022-07-06 20:14:54,573] {dag.py:2931} INFO - Setting next_dagrun for example_task_group_decorator to 2022-07-05T20:14:54.572709+00:00, run_after=2022-07-06T20:14:54.572709+00:00
[2022-07-06 20:14:54,656] {processor.py:161} INFO - Processing /home/airflow/.local/lib/python3.7/site-packages/airflow/example_dags/example_task_group_decorator.py took 0.600 seconds
[2022-07-06 20:15:24,894] {processor.py:153} INFO - Started process (PID=2073) to work on /home/airflow/.local/lib/python3.7/site-packages/airflow/example_dags/example_task_group_decorator.py
[2022-07-06 20:15:24,928] {processor.py:641} INFO - Processing file /home/airflow/.local/lib/python3.7/site-packages/airflow/example_dags/example_task_group_decorator.py for tasks to queue
[2022-07-06 20:15:24,929] {logging_mixin.py:115} INFO - [2022-07-06 20:15:24,929] {dagbag.py:507} INFO - Filling up the DagBag from /home/airflow/.local/lib/python3.7/site-packages/airflow/example_dags/example_task_group_decorator.py
[2022-07-06 20:15:24,971] {processor.py:651} INFO - DAG(s) dict_keys(['example_task_group_decorator']) retrieved from /home/airflow/.local/lib/python3.7/site-packages/airflow/example_dags/example_task_group_decorator.py
[2022-07-06 20:15:25,078] {logging_mixin.py:115} INFO - [2022-07-06 20:15:25,078] {dag.py:2379} INFO - Sync 1 DAGs
[2022-07-06 20:15:25,260] {logging_mixin.py:115} INFO - [2022-07-06 20:15:25,260] {dag.py:2931} INFO - Setting next_dagrun for example_task_group_decorator to 2022-07-05T20:15:25.260223+00:00, run_after=2022-07-06T20:15:25.260223+00:00
[2022-07-06 20:15:25,474] {processor.py:161} INFO - Processing /home/airflow/.local/lib/python3.7/site-packages/airflow/example_dags/example_task_group_decorator.py took 0.589 seconds
[2022-07-06 20:16:00,220] {processor.py:153} INFO - Started process (PID=2128) to work on /home/airflow/.local/lib/python3.7/site-packages/airflow/example_dags/example_task_group_decorator.py
[2022-07-06 20:16:00,308] {processor.py:641} INFO - Processing file /home/airflow/.local/lib/python3.7/site-packages/airflow/example_dags/example_task_group_decorator.py for tasks to queue
[2022-07-06 20:16:00,569] {logging_mixin.py:115} INFO - [2022-07-06 20:16:00,569] {dagbag.py:507} INFO - Filling up the DagBag from /home/airflow/.local/lib/python3.7/site-packages/airflow/example_dags/example_task_group_decorator.py
[2022-07-06 20:16:00,610] {processor.py:651} INFO - DAG(s) dict_keys(['example_task_group_decorator']) retrieved from /home/airflow/.local/lib/python3.7/site-packages/airflow/example_dags/example_task_group_decorator.py
[2022-07-06 20:16:01,916] {logging_mixin.py:115} INFO - [2022-07-06 20:16:01,916] {dag.py:2379} INFO - Sync 1 DAGs
[2022-07-06 20:16:11,303] {logging_mixin.py:115} INFO - [2022-07-06 20:16:11,303] {dag.py:2931} INFO - Setting next_dagrun for example_task_group_decorator to 2022-07-05T20:16:11.302819+00:00, run_after=2022-07-06T20:16:11.302819+00:00
[2022-07-06 20:16:11,368] {processor.py:161} INFO - Processing /home/airflow/.local/lib/python3.7/site-packages/airflow/example_dags/example_task_group_decorator.py took 11.153 seconds
[2022-07-06 20:16:41,643] {processor.py:153} INFO - Started process (PID=2179) to work on /home/airflow/.local/lib/python3.7/site-packages/airflow/example_dags/example_task_group_decorator.py
[2022-07-06 20:16:41,655] {processor.py:641} INFO - Processing file /home/airflow/.local/lib/python3.7/site-packages/airflow/example_dags/example_task_group_decorator.py for tasks to queue
[2022-07-06 20:16:41,656] {logging_mixin.py:115} INFO - [2022-07-06 20:16:41,656] {dagbag.py:507} INFO - Filling up the DagBag from /home/airflow/.local/lib/python3.7/site-packages/airflow/example_dags/example_task_group_decorator.py
[2022-07-06 20:16:41,723] {processor.py:651} INFO - DAG(s) dict_keys(['example_task_group_decorator']) retrieved from /home/airflow/.local/lib/python3.7/site-packages/airflow/example_dags/example_task_group_decorator.py
[2022-07-06 20:16:41,785] {logging_mixin.py:115} INFO - [2022-07-06 20:16:41,784] {dag.py:2379} INFO - Sync 1 DAGs
[2022-07-06 20:16:41,827] {logging_mixin.py:115} INFO - [2022-07-06 20:16:41,826] {dag.py:2931} INFO - Setting next_dagrun for example_task_group_decorator to 2022-07-05T20:16:41.826442+00:00, run_after=2022-07-06T20:16:41.826442+00:00
[2022-07-06 20:16:41,900] {processor.py:161} INFO - Processing /home/airflow/.local/lib/python3.7/site-packages/airflow/example_dags/example_task_group_decorator.py took 0.263 seconds
[2022-07-06 20:17:11,948] {processor.py:153} INFO - Started process (PID=2235) to work on /home/airflow/.local/lib/python3.7/site-packages/airflow/example_dags/example_task_group_decorator.py
[2022-07-06 20:17:11,949] {processor.py:641} INFO - Processing file /home/airflow/.local/lib/python3.7/site-packages/airflow/example_dags/example_task_group_decorator.py for tasks to queue
[2022-07-06 20:17:11,949] {logging_mixin.py:115} INFO - [2022-07-06 20:17:11,949] {dagbag.py:507} INFO - Filling up the DagBag from /home/airflow/.local/lib/python3.7/site-packages/airflow/example_dags/example_task_group_decorator.py
[2022-07-06 20:17:12,002] {processor.py:651} INFO - DAG(s) dict_keys(['example_task_group_decorator']) retrieved from /home/airflow/.local/lib/python3.7/site-packages/airflow/example_dags/example_task_group_decorator.py
[2022-07-06 20:17:12,116] {logging_mixin.py:115} INFO - [2022-07-06 20:17:12,116] {dag.py:2379} INFO - Sync 1 DAGs
[2022-07-06 20:17:12,285] {logging_mixin.py:115} INFO - [2022-07-06 20:17:12,285] {dag.py:2931} INFO - Setting next_dagrun for example_task_group_decorator to 2022-07-05T20:17:12.285000+00:00, run_after=2022-07-06T20:17:12.285000+00:00
[2022-07-06 20:17:12,312] {processor.py:161} INFO - Processing /home/airflow/.local/lib/python3.7/site-packages/airflow/example_dags/example_task_group_decorator.py took 0.368 seconds
[2022-07-06 20:17:42,341] {processor.py:153} INFO - Started process (PID=2289) to work on /home/airflow/.local/lib/python3.7/site-packages/airflow/example_dags/example_task_group_decorator.py
[2022-07-06 20:17:42,375] {processor.py:641} INFO - Processing file /home/airflow/.local/lib/python3.7/site-packages/airflow/example_dags/example_task_group_decorator.py for tasks to queue
[2022-07-06 20:17:42,375] {logging_mixin.py:115} INFO - [2022-07-06 20:17:42,375] {dagbag.py:507} INFO - Filling up the DagBag from /home/airflow/.local/lib/python3.7/site-packages/airflow/example_dags/example_task_group_decorator.py
[2022-07-06 20:17:42,416] {processor.py:651} INFO - DAG(s) dict_keys(['example_task_group_decorator']) retrieved from /home/airflow/.local/lib/python3.7/site-packages/airflow/example_dags/example_task_group_decorator.py
[2022-07-06 20:17:42,453] {logging_mixin.py:115} INFO - [2022-07-06 20:17:42,453] {dag.py:2379} INFO - Sync 1 DAGs
[2022-07-06 20:17:42,485] {logging_mixin.py:115} INFO - [2022-07-06 20:17:42,485] {dag.py:2931} INFO - Setting next_dagrun for example_task_group_decorator to 2022-07-05T20:17:42.485288+00:00, run_after=2022-07-06T20:17:42.485288+00:00
[2022-07-06 20:17:42,523] {processor.py:161} INFO - Processing /home/airflow/.local/lib/python3.7/site-packages/airflow/example_dags/example_task_group_decorator.py took 0.187 seconds
[2022-07-06 20:18:12,990] {processor.py:153} INFO - Started process (PID=2342) to work on /home/airflow/.local/lib/python3.7/site-packages/airflow/example_dags/example_task_group_decorator.py
[2022-07-06 20:18:12,992] {processor.py:641} INFO - Processing file /home/airflow/.local/lib/python3.7/site-packages/airflow/example_dags/example_task_group_decorator.py for tasks to queue
[2022-07-06 20:18:12,993] {logging_mixin.py:115} INFO - [2022-07-06 20:18:12,993] {dagbag.py:507} INFO - Filling up the DagBag from /home/airflow/.local/lib/python3.7/site-packages/airflow/example_dags/example_task_group_decorator.py
[2022-07-06 20:18:13,041] {processor.py:651} INFO - DAG(s) dict_keys(['example_task_group_decorator']) retrieved from /home/airflow/.local/lib/python3.7/site-packages/airflow/example_dags/example_task_group_decorator.py
[2022-07-06 20:18:13,149] {logging_mixin.py:115} INFO - [2022-07-06 20:18:13,148] {dag.py:2379} INFO - Sync 1 DAGs
[2022-07-06 20:18:13,314] {logging_mixin.py:115} INFO - [2022-07-06 20:18:13,313] {dag.py:2931} INFO - Setting next_dagrun for example_task_group_decorator to 2022-07-05T20:18:13.313716+00:00, run_after=2022-07-06T20:18:13.313716+00:00
[2022-07-06 20:18:13,524] {processor.py:161} INFO - Processing /home/airflow/.local/lib/python3.7/site-packages/airflow/example_dags/example_task_group_decorator.py took 0.546 seconds
[2022-07-06 20:18:43,703] {processor.py:153} INFO - Started process (PID=2403) to work on /home/airflow/.local/lib/python3.7/site-packages/airflow/example_dags/example_task_group_decorator.py
[2022-07-06 20:18:43,704] {processor.py:641} INFO - Processing file /home/airflow/.local/lib/python3.7/site-packages/airflow/example_dags/example_task_group_decorator.py for tasks to queue
[2022-07-06 20:18:43,705] {logging_mixin.py:115} INFO - [2022-07-06 20:18:43,705] {dagbag.py:507} INFO - Filling up the DagBag from /home/airflow/.local/lib/python3.7/site-packages/airflow/example_dags/example_task_group_decorator.py
[2022-07-06 20:18:43,761] {processor.py:651} INFO - DAG(s) dict_keys(['example_task_group_decorator']) retrieved from /home/airflow/.local/lib/python3.7/site-packages/airflow/example_dags/example_task_group_decorator.py
[2022-07-06 20:18:43,811] {logging_mixin.py:115} INFO - [2022-07-06 20:18:43,811] {dag.py:2379} INFO - Sync 1 DAGs
[2022-07-06 20:18:43,846] {logging_mixin.py:115} INFO - [2022-07-06 20:18:43,846] {dag.py:2931} INFO - Setting next_dagrun for example_task_group_decorator to 2022-07-05T20:18:43.846047+00:00, run_after=2022-07-06T20:18:43.846047+00:00
[2022-07-06 20:18:43,936] {processor.py:161} INFO - Processing /home/airflow/.local/lib/python3.7/site-packages/airflow/example_dags/example_task_group_decorator.py took 0.237 seconds
[2022-07-06 20:19:14,617] {processor.py:153} INFO - Started process (PID=2455) to work on /home/airflow/.local/lib/python3.7/site-packages/airflow/example_dags/example_task_group_decorator.py
[2022-07-06 20:19:14,636] {processor.py:641} INFO - Processing file /home/airflow/.local/lib/python3.7/site-packages/airflow/example_dags/example_task_group_decorator.py for tasks to queue
[2022-07-06 20:19:14,639] {logging_mixin.py:115} INFO - [2022-07-06 20:19:14,638] {dagbag.py:507} INFO - Filling up the DagBag from /home/airflow/.local/lib/python3.7/site-packages/airflow/example_dags/example_task_group_decorator.py
[2022-07-06 20:19:14,709] {processor.py:651} INFO - DAG(s) dict_keys(['example_task_group_decorator']) retrieved from /home/airflow/.local/lib/python3.7/site-packages/airflow/example_dags/example_task_group_decorator.py
[2022-07-06 20:19:14,815] {logging_mixin.py:115} INFO - [2022-07-06 20:19:14,815] {dag.py:2379} INFO - Sync 1 DAGs
[2022-07-06 20:19:15,120] {logging_mixin.py:115} INFO - [2022-07-06 20:19:15,120] {dag.py:2931} INFO - Setting next_dagrun for example_task_group_decorator to 2022-07-05T20:19:15.119371+00:00, run_after=2022-07-06T20:19:15.119371+00:00
[2022-07-06 20:19:15,166] {processor.py:161} INFO - Processing /home/airflow/.local/lib/python3.7/site-packages/airflow/example_dags/example_task_group_decorator.py took 0.562 seconds
[2022-07-06 20:19:45,813] {processor.py:153} INFO - Started process (PID=2516) to work on /home/airflow/.local/lib/python3.7/site-packages/airflow/example_dags/example_task_group_decorator.py
[2022-07-06 20:19:45,814] {processor.py:641} INFO - Processing file /home/airflow/.local/lib/python3.7/site-packages/airflow/example_dags/example_task_group_decorator.py for tasks to queue
[2022-07-06 20:19:45,815] {logging_mixin.py:115} INFO - [2022-07-06 20:19:45,814] {dagbag.py:507} INFO - Filling up the DagBag from /home/airflow/.local/lib/python3.7/site-packages/airflow/example_dags/example_task_group_decorator.py
[2022-07-06 20:19:45,866] {processor.py:651} INFO - DAG(s) dict_keys(['example_task_group_decorator']) retrieved from /home/airflow/.local/lib/python3.7/site-packages/airflow/example_dags/example_task_group_decorator.py
[2022-07-06 20:19:45,988] {logging_mixin.py:115} INFO - [2022-07-06 20:19:45,988] {dag.py:2379} INFO - Sync 1 DAGs
[2022-07-06 20:19:47,309] {logging_mixin.py:115} INFO - [2022-07-06 20:19:47,309] {dag.py:2931} INFO - Setting next_dagrun for example_task_group_decorator to 2022-07-05T20:19:47.309541+00:00, run_after=2022-07-06T20:19:47.309541+00:00
[2022-07-06 20:19:47,365] {processor.py:161} INFO - Processing /home/airflow/.local/lib/python3.7/site-packages/airflow/example_dags/example_task_group_decorator.py took 1.557 seconds
[2022-07-06 20:20:17,698] {processor.py:153} INFO - Started process (PID=2568) to work on /home/airflow/.local/lib/python3.7/site-packages/airflow/example_dags/example_task_group_decorator.py
[2022-07-06 20:20:17,699] {processor.py:641} INFO - Processing file /home/airflow/.local/lib/python3.7/site-packages/airflow/example_dags/example_task_group_decorator.py for tasks to queue
[2022-07-06 20:20:17,700] {logging_mixin.py:115} INFO - [2022-07-06 20:20:17,700] {dagbag.py:507} INFO - Filling up the DagBag from /home/airflow/.local/lib/python3.7/site-packages/airflow/example_dags/example_task_group_decorator.py
[2022-07-06 20:20:17,769] {processor.py:651} INFO - DAG(s) dict_keys(['example_task_group_decorator']) retrieved from /home/airflow/.local/lib/python3.7/site-packages/airflow/example_dags/example_task_group_decorator.py
[2022-07-06 20:20:18,010] {logging_mixin.py:115} INFO - [2022-07-06 20:20:18,010] {dag.py:2379} INFO - Sync 1 DAGs
[2022-07-06 20:20:20,758] {logging_mixin.py:115} INFO - [2022-07-06 20:20:20,758] {dag.py:2931} INFO - Setting next_dagrun for example_task_group_decorator to 2022-07-05T20:20:20.757923+00:00, run_after=2022-07-06T20:20:20.757923+00:00
[2022-07-06 20:20:20,912] {processor.py:161} INFO - Processing /home/airflow/.local/lib/python3.7/site-packages/airflow/example_dags/example_task_group_decorator.py took 3.227 seconds
[2022-07-06 20:20:51,262] {processor.py:153} INFO - Started process (PID=2631) to work on /home/airflow/.local/lib/python3.7/site-packages/airflow/example_dags/example_task_group_decorator.py
[2022-07-06 20:20:51,287] {processor.py:641} INFO - Processing file /home/airflow/.local/lib/python3.7/site-packages/airflow/example_dags/example_task_group_decorator.py for tasks to queue
[2022-07-06 20:20:51,288] {logging_mixin.py:115} INFO - [2022-07-06 20:20:51,288] {dagbag.py:507} INFO - Filling up the DagBag from /home/airflow/.local/lib/python3.7/site-packages/airflow/example_dags/example_task_group_decorator.py
[2022-07-06 20:20:51,406] {processor.py:651} INFO - DAG(s) dict_keys(['example_task_group_decorator']) retrieved from /home/airflow/.local/lib/python3.7/site-packages/airflow/example_dags/example_task_group_decorator.py
[2022-07-06 20:20:51,576] {logging_mixin.py:115} INFO - [2022-07-06 20:20:51,576] {dag.py:2379} INFO - Sync 1 DAGs
[2022-07-06 20:20:51,827] {logging_mixin.py:115} INFO - [2022-07-06 20:20:51,826] {dag.py:2931} INFO - Setting next_dagrun for example_task_group_decorator to 2022-07-05T20:20:51.826334+00:00, run_after=2022-07-06T20:20:51.826334+00:00
[2022-07-06 20:20:51,884] {processor.py:161} INFO - Processing /home/airflow/.local/lib/python3.7/site-packages/airflow/example_dags/example_task_group_decorator.py took 0.627 seconds
[2022-07-06 20:21:22,643] {processor.py:153} INFO - Started process (PID=2684) to work on /home/airflow/.local/lib/python3.7/site-packages/airflow/example_dags/example_task_group_decorator.py
[2022-07-06 20:21:22,644] {processor.py:641} INFO - Processing file /home/airflow/.local/lib/python3.7/site-packages/airflow/example_dags/example_task_group_decorator.py for tasks to queue
[2022-07-06 20:21:22,645] {logging_mixin.py:115} INFO - [2022-07-06 20:21:22,645] {dagbag.py:507} INFO - Filling up the DagBag from /home/airflow/.local/lib/python3.7/site-packages/airflow/example_dags/example_task_group_decorator.py
[2022-07-06 20:21:22,701] {processor.py:651} INFO - DAG(s) dict_keys(['example_task_group_decorator']) retrieved from /home/airflow/.local/lib/python3.7/site-packages/airflow/example_dags/example_task_group_decorator.py
[2022-07-06 20:21:22,744] {logging_mixin.py:115} INFO - [2022-07-06 20:21:22,744] {dag.py:2379} INFO - Sync 1 DAGs
[2022-07-06 20:21:22,779] {logging_mixin.py:115} INFO - [2022-07-06 20:21:22,778] {dag.py:2931} INFO - Setting next_dagrun for example_task_group_decorator to 2022-07-05T20:21:22.778476+00:00, run_after=2022-07-06T20:21:22.778476+00:00
[2022-07-06 20:21:22,800] {processor.py:161} INFO - Processing /home/airflow/.local/lib/python3.7/site-packages/airflow/example_dags/example_task_group_decorator.py took 0.166 seconds
[2022-07-06 20:21:54,059] {processor.py:153} INFO - Started process (PID=2742) to work on /home/airflow/.local/lib/python3.7/site-packages/airflow/example_dags/example_task_group_decorator.py
[2022-07-06 20:21:54,081] {processor.py:641} INFO - Processing file /home/airflow/.local/lib/python3.7/site-packages/airflow/example_dags/example_task_group_decorator.py for tasks to queue
[2022-07-06 20:21:54,082] {logging_mixin.py:115} INFO - [2022-07-06 20:21:54,082] {dagbag.py:507} INFO - Filling up the DagBag from /home/airflow/.local/lib/python3.7/site-packages/airflow/example_dags/example_task_group_decorator.py
[2022-07-06 20:21:54,214] {processor.py:651} INFO - DAG(s) dict_keys(['example_task_group_decorator']) retrieved from /home/airflow/.local/lib/python3.7/site-packages/airflow/example_dags/example_task_group_decorator.py
[2022-07-06 20:21:54,408] {logging_mixin.py:115} INFO - [2022-07-06 20:21:54,407] {dag.py:2379} INFO - Sync 1 DAGs
[2022-07-06 20:21:54,814] {logging_mixin.py:115} INFO - [2022-07-06 20:21:54,814] {dag.py:2931} INFO - Setting next_dagrun for example_task_group_decorator to 2022-07-05T20:21:54.813885+00:00, run_after=2022-07-06T20:21:54.813885+00:00
[2022-07-06 20:21:55,091] {processor.py:161} INFO - Processing /home/airflow/.local/lib/python3.7/site-packages/airflow/example_dags/example_task_group_decorator.py took 1.050 seconds
[2022-07-06 20:22:34,573] {processor.py:153} INFO - Started process (PID=2802) to work on /home/airflow/.local/lib/python3.7/site-packages/airflow/example_dags/example_task_group_decorator.py
[2022-07-06 20:22:34,593] {processor.py:641} INFO - Processing file /home/airflow/.local/lib/python3.7/site-packages/airflow/example_dags/example_task_group_decorator.py for tasks to queue
[2022-07-06 20:22:34,594] {logging_mixin.py:115} INFO - [2022-07-06 20:22:34,594] {dagbag.py:507} INFO - Filling up the DagBag from /home/airflow/.local/lib/python3.7/site-packages/airflow/example_dags/example_task_group_decorator.py
[2022-07-06 20:22:34,632] {processor.py:651} INFO - DAG(s) dict_keys(['example_task_group_decorator']) retrieved from /home/airflow/.local/lib/python3.7/site-packages/airflow/example_dags/example_task_group_decorator.py
[2022-07-06 20:22:34,726] {logging_mixin.py:115} INFO - [2022-07-06 20:22:34,726] {dag.py:2379} INFO - Sync 1 DAGs
[2022-07-06 20:22:35,263] {logging_mixin.py:115} INFO - [2022-07-06 20:22:35,263] {dag.py:2931} INFO - Setting next_dagrun for example_task_group_decorator to 2022-07-05T20:22:35.263143+00:00, run_after=2022-07-06T20:22:35.263143+00:00
[2022-07-06 20:22:35,309] {processor.py:161} INFO - Processing /home/airflow/.local/lib/python3.7/site-packages/airflow/example_dags/example_task_group_decorator.py took 0.740 seconds
[2022-07-06 20:23:05,660] {processor.py:153} INFO - Started process (PID=2853) to work on /home/airflow/.local/lib/python3.7/site-packages/airflow/example_dags/example_task_group_decorator.py
[2022-07-06 20:23:05,660] {processor.py:641} INFO - Processing file /home/airflow/.local/lib/python3.7/site-packages/airflow/example_dags/example_task_group_decorator.py for tasks to queue
[2022-07-06 20:23:05,661] {logging_mixin.py:115} INFO - [2022-07-06 20:23:05,661] {dagbag.py:507} INFO - Filling up the DagBag from /home/airflow/.local/lib/python3.7/site-packages/airflow/example_dags/example_task_group_decorator.py
[2022-07-06 20:23:05,715] {processor.py:651} INFO - DAG(s) dict_keys(['example_task_group_decorator']) retrieved from /home/airflow/.local/lib/python3.7/site-packages/airflow/example_dags/example_task_group_decorator.py
[2022-07-06 20:23:05,907] {logging_mixin.py:115} INFO - [2022-07-06 20:23:05,907] {dag.py:2379} INFO - Sync 1 DAGs
[2022-07-06 20:23:06,258] {logging_mixin.py:115} INFO - [2022-07-06 20:23:06,258] {dag.py:2931} INFO - Setting next_dagrun for example_task_group_decorator to 2022-07-05T20:23:06.257843+00:00, run_after=2022-07-06T20:23:06.257843+00:00
[2022-07-06 20:23:06,308] {processor.py:161} INFO - Processing /home/airflow/.local/lib/python3.7/site-packages/airflow/example_dags/example_task_group_decorator.py took 0.652 seconds
[2022-07-06 20:23:36,753] {processor.py:153} INFO - Started process (PID=2913) to work on /home/airflow/.local/lib/python3.7/site-packages/airflow/example_dags/example_task_group_decorator.py
[2022-07-06 20:23:36,795] {processor.py:641} INFO - Processing file /home/airflow/.local/lib/python3.7/site-packages/airflow/example_dags/example_task_group_decorator.py for tasks to queue
[2022-07-06 20:23:36,796] {logging_mixin.py:115} INFO - [2022-07-06 20:23:36,795] {dagbag.py:507} INFO - Filling up the DagBag from /home/airflow/.local/lib/python3.7/site-packages/airflow/example_dags/example_task_group_decorator.py
[2022-07-06 20:23:36,847] {processor.py:651} INFO - DAG(s) dict_keys(['example_task_group_decorator']) retrieved from /home/airflow/.local/lib/python3.7/site-packages/airflow/example_dags/example_task_group_decorator.py
[2022-07-06 20:23:36,896] {logging_mixin.py:115} INFO - [2022-07-06 20:23:36,896] {dag.py:2379} INFO - Sync 1 DAGs
[2022-07-06 20:23:36,939] {logging_mixin.py:115} INFO - [2022-07-06 20:23:36,938] {dag.py:2931} INFO - Setting next_dagrun for example_task_group_decorator to 2022-07-05T20:23:36.938434+00:00, run_after=2022-07-06T20:23:36.938434+00:00
[2022-07-06 20:23:37,051] {processor.py:161} INFO - Processing /home/airflow/.local/lib/python3.7/site-packages/airflow/example_dags/example_task_group_decorator.py took 0.308 seconds
[2022-07-06 20:24:07,848] {processor.py:153} INFO - Started process (PID=2965) to work on /home/airflow/.local/lib/python3.7/site-packages/airflow/example_dags/example_task_group_decorator.py
[2022-07-06 20:24:07,857] {processor.py:641} INFO - Processing file /home/airflow/.local/lib/python3.7/site-packages/airflow/example_dags/example_task_group_decorator.py for tasks to queue
[2022-07-06 20:24:07,858] {logging_mixin.py:115} INFO - [2022-07-06 20:24:07,858] {dagbag.py:507} INFO - Filling up the DagBag from /home/airflow/.local/lib/python3.7/site-packages/airflow/example_dags/example_task_group_decorator.py
[2022-07-06 20:24:08,087] {processor.py:651} INFO - DAG(s) dict_keys(['example_task_group_decorator']) retrieved from /home/airflow/.local/lib/python3.7/site-packages/airflow/example_dags/example_task_group_decorator.py
[2022-07-06 20:24:08,456] {logging_mixin.py:115} INFO - [2022-07-06 20:24:08,455] {dag.py:2379} INFO - Sync 1 DAGs
[2022-07-06 20:24:08,690] {logging_mixin.py:115} INFO - [2022-07-06 20:24:08,690] {dag.py:2931} INFO - Setting next_dagrun for example_task_group_decorator to 2022-07-05T20:24:08.689873+00:00, run_after=2022-07-06T20:24:08.689873+00:00
[2022-07-06 20:24:08,719] {processor.py:161} INFO - Processing /home/airflow/.local/lib/python3.7/site-packages/airflow/example_dags/example_task_group_decorator.py took 0.879 seconds
[2022-07-06 20:24:39,217] {processor.py:153} INFO - Started process (PID=3029) to work on /home/airflow/.local/lib/python3.7/site-packages/airflow/example_dags/example_task_group_decorator.py
[2022-07-06 20:24:39,238] {processor.py:641} INFO - Processing file /home/airflow/.local/lib/python3.7/site-packages/airflow/example_dags/example_task_group_decorator.py for tasks to queue
[2022-07-06 20:24:39,239] {logging_mixin.py:115} INFO - [2022-07-06 20:24:39,239] {dagbag.py:507} INFO - Filling up the DagBag from /home/airflow/.local/lib/python3.7/site-packages/airflow/example_dags/example_task_group_decorator.py
[2022-07-06 20:24:39,477] {processor.py:651} INFO - DAG(s) dict_keys(['example_task_group_decorator']) retrieved from /home/airflow/.local/lib/python3.7/site-packages/airflow/example_dags/example_task_group_decorator.py
[2022-07-06 20:24:40,305] {logging_mixin.py:115} INFO - [2022-07-06 20:24:40,305] {dag.py:2379} INFO - Sync 1 DAGs
[2022-07-06 20:24:40,459] {logging_mixin.py:115} INFO - [2022-07-06 20:24:40,459] {dag.py:2931} INFO - Setting next_dagrun for example_task_group_decorator to 2022-07-05T20:24:40.459396+00:00, run_after=2022-07-06T20:24:40.459396+00:00
[2022-07-06 20:24:40,611] {processor.py:161} INFO - Processing /home/airflow/.local/lib/python3.7/site-packages/airflow/example_dags/example_task_group_decorator.py took 1.399 seconds
[2022-07-06 20:25:10,771] {processor.py:153} INFO - Started process (PID=3081) to work on /home/airflow/.local/lib/python3.7/site-packages/airflow/example_dags/example_task_group_decorator.py
[2022-07-06 20:25:10,772] {processor.py:641} INFO - Processing file /home/airflow/.local/lib/python3.7/site-packages/airflow/example_dags/example_task_group_decorator.py for tasks to queue
[2022-07-06 20:25:10,773] {logging_mixin.py:115} INFO - [2022-07-06 20:25:10,773] {dagbag.py:507} INFO - Filling up the DagBag from /home/airflow/.local/lib/python3.7/site-packages/airflow/example_dags/example_task_group_decorator.py
[2022-07-06 20:25:10,844] {processor.py:651} INFO - DAG(s) dict_keys(['example_task_group_decorator']) retrieved from /home/airflow/.local/lib/python3.7/site-packages/airflow/example_dags/example_task_group_decorator.py
[2022-07-06 20:25:11,426] {logging_mixin.py:115} INFO - [2022-07-06 20:25:11,426] {dag.py:2379} INFO - Sync 1 DAGs
[2022-07-06 20:25:11,469] {logging_mixin.py:115} INFO - [2022-07-06 20:25:11,469] {dag.py:2931} INFO - Setting next_dagrun for example_task_group_decorator to 2022-07-05T20:25:11.469152+00:00, run_after=2022-07-06T20:25:11.469152+00:00
[2022-07-06 20:25:11,556] {processor.py:161} INFO - Processing /home/airflow/.local/lib/python3.7/site-packages/airflow/example_dags/example_task_group_decorator.py took 0.791 seconds
[2022-07-06 20:25:42,027] {processor.py:153} INFO - Started process (PID=3134) to work on /home/airflow/.local/lib/python3.7/site-packages/airflow/example_dags/example_task_group_decorator.py
[2022-07-06 20:25:42,057] {processor.py:641} INFO - Processing file /home/airflow/.local/lib/python3.7/site-packages/airflow/example_dags/example_task_group_decorator.py for tasks to queue
[2022-07-06 20:25:42,058] {logging_mixin.py:115} INFO - [2022-07-06 20:25:42,058] {dagbag.py:507} INFO - Filling up the DagBag from /home/airflow/.local/lib/python3.7/site-packages/airflow/example_dags/example_task_group_decorator.py
[2022-07-06 20:25:42,120] {processor.py:651} INFO - DAG(s) dict_keys(['example_task_group_decorator']) retrieved from /home/airflow/.local/lib/python3.7/site-packages/airflow/example_dags/example_task_group_decorator.py
[2022-07-06 20:25:42,364] {logging_mixin.py:115} INFO - [2022-07-06 20:25:42,364] {dag.py:2379} INFO - Sync 1 DAGs
[2022-07-06 20:25:42,390] {logging_mixin.py:115} INFO - [2022-07-06 20:25:42,390] {dag.py:2931} INFO - Setting next_dagrun for example_task_group_decorator to 2022-07-05T20:25:42.389759+00:00, run_after=2022-07-06T20:25:42.389759+00:00
[2022-07-06 20:25:42,424] {processor.py:161} INFO - Processing /home/airflow/.local/lib/python3.7/site-packages/airflow/example_dags/example_task_group_decorator.py took 0.402 seconds
[2022-07-06 20:26:12,548] {processor.py:153} INFO - Started process (PID=3195) to work on /home/airflow/.local/lib/python3.7/site-packages/airflow/example_dags/example_task_group_decorator.py
[2022-07-06 20:26:12,549] {processor.py:641} INFO - Processing file /home/airflow/.local/lib/python3.7/site-packages/airflow/example_dags/example_task_group_decorator.py for tasks to queue
[2022-07-06 20:26:12,552] {logging_mixin.py:115} INFO - [2022-07-06 20:26:12,551] {dagbag.py:507} INFO - Filling up the DagBag from /home/airflow/.local/lib/python3.7/site-packages/airflow/example_dags/example_task_group_decorator.py
[2022-07-06 20:26:12,628] {processor.py:651} INFO - DAG(s) dict_keys(['example_task_group_decorator']) retrieved from /home/airflow/.local/lib/python3.7/site-packages/airflow/example_dags/example_task_group_decorator.py
[2022-07-06 20:26:12,674] {logging_mixin.py:115} INFO - [2022-07-06 20:26:12,674] {dag.py:2379} INFO - Sync 1 DAGs
[2022-07-06 20:26:12,714] {logging_mixin.py:115} INFO - [2022-07-06 20:26:12,713] {dag.py:2931} INFO - Setting next_dagrun for example_task_group_decorator to 2022-07-05T20:26:12.713574+00:00, run_after=2022-07-06T20:26:12.713574+00:00
[2022-07-06 20:26:12,736] {processor.py:161} INFO - Processing /home/airflow/.local/lib/python3.7/site-packages/airflow/example_dags/example_task_group_decorator.py took 0.201 seconds
[2022-07-06 20:26:43,545] {processor.py:153} INFO - Started process (PID=3249) to work on /home/airflow/.local/lib/python3.7/site-packages/airflow/example_dags/example_task_group_decorator.py
[2022-07-06 20:26:43,569] {processor.py:641} INFO - Processing file /home/airflow/.local/lib/python3.7/site-packages/airflow/example_dags/example_task_group_decorator.py for tasks to queue
[2022-07-06 20:26:43,570] {logging_mixin.py:115} INFO - [2022-07-06 20:26:43,569] {dagbag.py:507} INFO - Filling up the DagBag from /home/airflow/.local/lib/python3.7/site-packages/airflow/example_dags/example_task_group_decorator.py
[2022-07-06 20:26:43,625] {processor.py:651} INFO - DAG(s) dict_keys(['example_task_group_decorator']) retrieved from /home/airflow/.local/lib/python3.7/site-packages/airflow/example_dags/example_task_group_decorator.py
[2022-07-06 20:26:43,669] {logging_mixin.py:115} INFO - [2022-07-06 20:26:43,669] {dag.py:2379} INFO - Sync 1 DAGs
[2022-07-06 20:26:43,707] {logging_mixin.py:115} INFO - [2022-07-06 20:26:43,707] {dag.py:2931} INFO - Setting next_dagrun for example_task_group_decorator to 2022-07-05T20:26:43.706930+00:00, run_after=2022-07-06T20:26:43.706930+00:00
[2022-07-06 20:26:43,751] {processor.py:161} INFO - Processing /home/airflow/.local/lib/python3.7/site-packages/airflow/example_dags/example_task_group_decorator.py took 0.211 seconds
