[2022-07-06 19:38:50,838] {processor.py:153} INFO - Started process (PID=142) to work on /home/airflow/.local/lib/python3.7/site-packages/airflow/example_dags/example_dag_decorator.py
[2022-07-06 19:38:50,840] {processor.py:641} INFO - Processing file /home/airflow/.local/lib/python3.7/site-packages/airflow/example_dags/example_dag_decorator.py for tasks to queue
[2022-07-06 19:38:50,842] {logging_mixin.py:115} INFO - [2022-07-06 19:38:50,842] {dagbag.py:507} INFO - Filling up the DagBag from /home/airflow/.local/lib/python3.7/site-packages/airflow/example_dags/example_dag_decorator.py
[2022-07-06 19:38:51,586] {processor.py:651} INFO - DAG(s) dict_keys(['example_dag_decorator']) retrieved from /home/airflow/.local/lib/python3.7/site-packages/airflow/example_dags/example_dag_decorator.py
[2022-07-06 19:38:53,437] {logging_mixin.py:115} INFO - [2022-07-06 19:38:53,436] {manager.py:508} INFO - Created Permission View: can delete on DAG:example_dag_decorator
[2022-07-06 19:38:55,459] {logging_mixin.py:115} INFO - [2022-07-06 19:38:55,457] {manager.py:508} INFO - Created Permission View: can edit on DAG:example_dag_decorator
[2022-07-06 19:38:56,071] {logging_mixin.py:115} INFO - [2022-07-06 19:38:56,070] {manager.py:508} INFO - Created Permission View: can read on DAG:example_dag_decorator
[2022-07-06 19:38:56,073] {logging_mixin.py:115} INFO - [2022-07-06 19:38:56,073] {dag.py:2379} INFO - Sync 1 DAGs
[2022-07-06 19:38:56,089] {logging_mixin.py:115} INFO - [2022-07-06 19:38:56,089] {dag.py:2398} INFO - Creating ORM DAG for example_dag_decorator
[2022-07-06 19:38:56,118] {logging_mixin.py:115} INFO - [2022-07-06 19:38:56,118] {dag.py:2931} INFO - Setting next_dagrun for example_dag_decorator to None, run_after=None
[2022-07-06 19:38:57,191] {processor.py:161} INFO - Processing /home/airflow/.local/lib/python3.7/site-packages/airflow/example_dags/example_dag_decorator.py took 6.367 seconds
[2022-07-06 19:39:48,852] {processor.py:153} INFO - Started process (PID=198) to work on /home/airflow/.local/lib/python3.7/site-packages/airflow/example_dags/example_dag_decorator.py
[2022-07-06 19:39:48,946] {processor.py:641} INFO - Processing file /home/airflow/.local/lib/python3.7/site-packages/airflow/example_dags/example_dag_decorator.py for tasks to queue
[2022-07-06 19:39:48,947] {logging_mixin.py:115} INFO - [2022-07-06 19:39:48,947] {dagbag.py:507} INFO - Filling up the DagBag from /home/airflow/.local/lib/python3.7/site-packages/airflow/example_dags/example_dag_decorator.py
[2022-07-06 19:39:49,651] {processor.py:651} INFO - DAG(s) dict_keys(['example_dag_decorator']) retrieved from /home/airflow/.local/lib/python3.7/site-packages/airflow/example_dags/example_dag_decorator.py
[2022-07-06 19:39:49,814] {logging_mixin.py:115} INFO - [2022-07-06 19:39:49,814] {dag.py:2379} INFO - Sync 1 DAGs
[2022-07-06 19:39:49,842] {logging_mixin.py:115} INFO - [2022-07-06 19:39:49,842] {dag.py:2931} INFO - Setting next_dagrun for example_dag_decorator to None, run_after=None
[2022-07-06 19:39:50,243] {processor.py:161} INFO - Processing /home/airflow/.local/lib/python3.7/site-packages/airflow/example_dags/example_dag_decorator.py took 1.395 seconds
[2022-07-06 19:40:20,617] {processor.py:153} INFO - Started process (PID=251) to work on /home/airflow/.local/lib/python3.7/site-packages/airflow/example_dags/example_dag_decorator.py
[2022-07-06 19:40:20,654] {processor.py:641} INFO - Processing file /home/airflow/.local/lib/python3.7/site-packages/airflow/example_dags/example_dag_decorator.py for tasks to queue
[2022-07-06 19:40:20,669] {logging_mixin.py:115} INFO - [2022-07-06 19:40:20,669] {dagbag.py:507} INFO - Filling up the DagBag from /home/airflow/.local/lib/python3.7/site-packages/airflow/example_dags/example_dag_decorator.py
[2022-07-06 19:40:20,718] {processor.py:651} INFO - DAG(s) dict_keys(['example_dag_decorator']) retrieved from /home/airflow/.local/lib/python3.7/site-packages/airflow/example_dags/example_dag_decorator.py
[2022-07-06 19:40:20,900] {logging_mixin.py:115} INFO - [2022-07-06 19:40:20,900] {dag.py:2379} INFO - Sync 1 DAGs
[2022-07-06 19:40:20,972] {logging_mixin.py:115} INFO - [2022-07-06 19:40:20,972] {dag.py:2931} INFO - Setting next_dagrun for example_dag_decorator to None, run_after=None
[2022-07-06 19:40:21,197] {processor.py:161} INFO - Processing /home/airflow/.local/lib/python3.7/site-packages/airflow/example_dags/example_dag_decorator.py took 0.593 seconds
[2022-07-06 19:40:51,842] {processor.py:153} INFO - Started process (PID=304) to work on /home/airflow/.local/lib/python3.7/site-packages/airflow/example_dags/example_dag_decorator.py
[2022-07-06 19:40:51,844] {processor.py:641} INFO - Processing file /home/airflow/.local/lib/python3.7/site-packages/airflow/example_dags/example_dag_decorator.py for tasks to queue
[2022-07-06 19:40:51,845] {logging_mixin.py:115} INFO - [2022-07-06 19:40:51,845] {dagbag.py:507} INFO - Filling up the DagBag from /home/airflow/.local/lib/python3.7/site-packages/airflow/example_dags/example_dag_decorator.py
[2022-07-06 19:40:51,881] {processor.py:651} INFO - DAG(s) dict_keys(['example_dag_decorator']) retrieved from /home/airflow/.local/lib/python3.7/site-packages/airflow/example_dags/example_dag_decorator.py
[2022-07-06 19:40:51,982] {logging_mixin.py:115} INFO - [2022-07-06 19:40:51,981] {dag.py:2379} INFO - Sync 1 DAGs
[2022-07-06 19:40:52,057] {logging_mixin.py:115} INFO - [2022-07-06 19:40:52,057] {dag.py:2931} INFO - Setting next_dagrun for example_dag_decorator to None, run_after=None
[2022-07-06 19:40:52,381] {processor.py:161} INFO - Processing /home/airflow/.local/lib/python3.7/site-packages/airflow/example_dags/example_dag_decorator.py took 0.547 seconds
[2022-07-06 19:41:22,831] {processor.py:153} INFO - Started process (PID=365) to work on /home/airflow/.local/lib/python3.7/site-packages/airflow/example_dags/example_dag_decorator.py
[2022-07-06 19:41:22,883] {processor.py:641} INFO - Processing file /home/airflow/.local/lib/python3.7/site-packages/airflow/example_dags/example_dag_decorator.py for tasks to queue
[2022-07-06 19:41:22,885] {logging_mixin.py:115} INFO - [2022-07-06 19:41:22,885] {dagbag.py:507} INFO - Filling up the DagBag from /home/airflow/.local/lib/python3.7/site-packages/airflow/example_dags/example_dag_decorator.py
[2022-07-06 19:41:22,958] {processor.py:651} INFO - DAG(s) dict_keys(['example_dag_decorator']) retrieved from /home/airflow/.local/lib/python3.7/site-packages/airflow/example_dags/example_dag_decorator.py
[2022-07-06 19:41:22,989] {logging_mixin.py:115} INFO - [2022-07-06 19:41:22,989] {dag.py:2379} INFO - Sync 1 DAGs
[2022-07-06 19:41:23,017] {logging_mixin.py:115} INFO - [2022-07-06 19:41:23,017] {dag.py:2931} INFO - Setting next_dagrun for example_dag_decorator to None, run_after=None
[2022-07-06 19:41:23,135] {processor.py:161} INFO - Processing /home/airflow/.local/lib/python3.7/site-packages/airflow/example_dags/example_dag_decorator.py took 0.308 seconds
[2022-07-06 19:42:13,175] {processor.py:153} INFO - Started process (PID=405) to work on /home/airflow/.local/lib/python3.7/site-packages/airflow/example_dags/example_dag_decorator.py
[2022-07-06 19:42:13,439] {processor.py:641} INFO - Processing file /home/airflow/.local/lib/python3.7/site-packages/airflow/example_dags/example_dag_decorator.py for tasks to queue
[2022-07-06 19:42:13,441] {logging_mixin.py:115} INFO - [2022-07-06 19:42:13,441] {dagbag.py:507} INFO - Filling up the DagBag from /home/airflow/.local/lib/python3.7/site-packages/airflow/example_dags/example_dag_decorator.py
[2022-07-06 19:42:15,731] {processor.py:651} INFO - DAG(s) dict_keys(['example_dag_decorator']) retrieved from /home/airflow/.local/lib/python3.7/site-packages/airflow/example_dags/example_dag_decorator.py
[2022-07-06 19:42:15,837] {logging_mixin.py:115} INFO - [2022-07-06 19:42:15,837] {dag.py:2379} INFO - Sync 1 DAGs
[2022-07-06 19:42:15,858] {logging_mixin.py:115} INFO - [2022-07-06 19:42:15,857] {dag.py:2931} INFO - Setting next_dagrun for example_dag_decorator to None, run_after=None
[2022-07-06 19:42:16,256] {processor.py:161} INFO - Processing /home/airflow/.local/lib/python3.7/site-packages/airflow/example_dags/example_dag_decorator.py took 3.085 seconds
[2022-07-06 19:44:57,212] {processor.py:153} INFO - Started process (PID=465) to work on /home/airflow/.local/lib/python3.7/site-packages/airflow/example_dags/example_dag_decorator.py
[2022-07-06 19:44:57,647] {processor.py:641} INFO - Processing file /home/airflow/.local/lib/python3.7/site-packages/airflow/example_dags/example_dag_decorator.py for tasks to queue
[2022-07-06 19:44:57,736] {logging_mixin.py:115} INFO - [2022-07-06 19:44:57,735] {dagbag.py:507} INFO - Filling up the DagBag from /home/airflow/.local/lib/python3.7/site-packages/airflow/example_dags/example_dag_decorator.py
[2022-07-06 19:44:58,752] {processor.py:651} INFO - DAG(s) dict_keys(['example_dag_decorator']) retrieved from /home/airflow/.local/lib/python3.7/site-packages/airflow/example_dags/example_dag_decorator.py
[2022-07-06 19:44:58,852] {logging_mixin.py:115} INFO - [2022-07-06 19:44:58,852] {dag.py:2379} INFO - Sync 1 DAGs
[2022-07-06 19:44:58,877] {logging_mixin.py:115} INFO - [2022-07-06 19:44:58,877] {dag.py:2931} INFO - Setting next_dagrun for example_dag_decorator to None, run_after=None
[2022-07-06 19:44:59,347] {processor.py:161} INFO - Processing /home/airflow/.local/lib/python3.7/site-packages/airflow/example_dags/example_dag_decorator.py took 2.139 seconds
[2022-07-06 19:54:37,547] {processor.py:153} INFO - Started process (PID=133) to work on /home/airflow/.local/lib/python3.7/site-packages/airflow/example_dags/example_dag_decorator.py
[2022-07-06 19:54:37,885] {processor.py:641} INFO - Processing file /home/airflow/.local/lib/python3.7/site-packages/airflow/example_dags/example_dag_decorator.py for tasks to queue
[2022-07-06 19:54:37,886] {logging_mixin.py:115} INFO - [2022-07-06 19:54:37,886] {dagbag.py:507} INFO - Filling up the DagBag from /home/airflow/.local/lib/python3.7/site-packages/airflow/example_dags/example_dag_decorator.py
[2022-07-06 19:54:38,251] {processor.py:651} INFO - DAG(s) dict_keys(['example_dag_decorator']) retrieved from /home/airflow/.local/lib/python3.7/site-packages/airflow/example_dags/example_dag_decorator.py
[2022-07-06 19:54:38,391] {logging_mixin.py:115} INFO - [2022-07-06 19:54:38,390] {dag.py:2379} INFO - Sync 1 DAGs
[2022-07-06 19:54:38,574] {logging_mixin.py:115} INFO - [2022-07-06 19:54:38,574] {dag.py:2931} INFO - Setting next_dagrun for example_dag_decorator to None, run_after=None
[2022-07-06 19:54:38,667] {processor.py:161} INFO - Processing /home/airflow/.local/lib/python3.7/site-packages/airflow/example_dags/example_dag_decorator.py took 1.125 seconds
[2022-07-06 19:55:16,024] {processor.py:153} INFO - Started process (PID=185) to work on /home/airflow/.local/lib/python3.7/site-packages/airflow/example_dags/example_dag_decorator.py
[2022-07-06 19:55:16,387] {processor.py:641} INFO - Processing file /home/airflow/.local/lib/python3.7/site-packages/airflow/example_dags/example_dag_decorator.py for tasks to queue
[2022-07-06 19:55:16,387] {logging_mixin.py:115} INFO - [2022-07-06 19:55:16,387] {dagbag.py:507} INFO - Filling up the DagBag from /home/airflow/.local/lib/python3.7/site-packages/airflow/example_dags/example_dag_decorator.py
[2022-07-06 19:55:16,420] {processor.py:651} INFO - DAG(s) dict_keys(['example_dag_decorator']) retrieved from /home/airflow/.local/lib/python3.7/site-packages/airflow/example_dags/example_dag_decorator.py
[2022-07-06 19:55:16,506] {logging_mixin.py:115} INFO - [2022-07-06 19:55:16,505] {dag.py:2379} INFO - Sync 1 DAGs
[2022-07-06 19:55:20,613] {logging_mixin.py:115} INFO - [2022-07-06 19:55:20,613] {dag.py:2931} INFO - Setting next_dagrun for example_dag_decorator to None, run_after=None
[2022-07-06 19:55:21,093] {processor.py:161} INFO - Processing /home/airflow/.local/lib/python3.7/site-packages/airflow/example_dags/example_dag_decorator.py took 5.072 seconds
[2022-07-06 19:57:20,467] {processor.py:153} INFO - Started process (PID=304) to work on /home/airflow/.local/lib/python3.7/site-packages/airflow/example_dags/example_dag_decorator.py
[2022-07-06 19:57:20,526] {processor.py:641} INFO - Processing file /home/airflow/.local/lib/python3.7/site-packages/airflow/example_dags/example_dag_decorator.py for tasks to queue
[2022-07-06 19:57:20,527] {logging_mixin.py:115} INFO - [2022-07-06 19:57:20,527] {dagbag.py:507} INFO - Filling up the DagBag from /home/airflow/.local/lib/python3.7/site-packages/airflow/example_dags/example_dag_decorator.py
[2022-07-06 19:57:23,127] {processor.py:651} INFO - DAG(s) dict_keys(['example_dag_decorator']) retrieved from /home/airflow/.local/lib/python3.7/site-packages/airflow/example_dags/example_dag_decorator.py
[2022-07-06 19:57:26,232] {logging_mixin.py:115} INFO - [2022-07-06 19:57:26,232] {dag.py:2379} INFO - Sync 1 DAGs
[2022-07-06 19:58:31,621] {processor.py:153} INFO - Started process (PID=383) to work on /home/airflow/.local/lib/python3.7/site-packages/airflow/example_dags/example_dag_decorator.py
[2022-07-06 19:58:31,732] {processor.py:641} INFO - Processing file /home/airflow/.local/lib/python3.7/site-packages/airflow/example_dags/example_dag_decorator.py for tasks to queue
[2022-07-06 19:58:31,733] {logging_mixin.py:115} INFO - [2022-07-06 19:58:31,733] {dagbag.py:507} INFO - Filling up the DagBag from /home/airflow/.local/lib/python3.7/site-packages/airflow/example_dags/example_dag_decorator.py
[2022-07-06 19:58:31,786] {processor.py:651} INFO - DAG(s) dict_keys(['example_dag_decorator']) retrieved from /home/airflow/.local/lib/python3.7/site-packages/airflow/example_dags/example_dag_decorator.py
[2022-07-06 19:58:31,869] {logging_mixin.py:115} INFO - [2022-07-06 19:58:31,869] {dag.py:2379} INFO - Sync 1 DAGs
[2022-07-06 19:58:32,002] {logging_mixin.py:115} INFO - [2022-07-06 19:58:32,002] {dag.py:2931} INFO - Setting next_dagrun for example_dag_decorator to None, run_after=None
[2022-07-06 19:58:32,075] {processor.py:161} INFO - Processing /home/airflow/.local/lib/python3.7/site-packages/airflow/example_dags/example_dag_decorator.py took 0.458 seconds
[2022-07-06 19:59:02,930] {processor.py:153} INFO - Started process (PID=444) to work on /home/airflow/.local/lib/python3.7/site-packages/airflow/example_dags/example_dag_decorator.py
[2022-07-06 19:59:02,949] {processor.py:641} INFO - Processing file /home/airflow/.local/lib/python3.7/site-packages/airflow/example_dags/example_dag_decorator.py for tasks to queue
[2022-07-06 19:59:02,950] {logging_mixin.py:115} INFO - [2022-07-06 19:59:02,950] {dagbag.py:507} INFO - Filling up the DagBag from /home/airflow/.local/lib/python3.7/site-packages/airflow/example_dags/example_dag_decorator.py
[2022-07-06 19:59:03,114] {processor.py:651} INFO - DAG(s) dict_keys(['example_dag_decorator']) retrieved from /home/airflow/.local/lib/python3.7/site-packages/airflow/example_dags/example_dag_decorator.py
[2022-07-06 19:59:03,562] {logging_mixin.py:115} INFO - [2022-07-06 19:59:03,562] {dag.py:2379} INFO - Sync 1 DAGs
[2022-07-06 19:59:06,548] {logging_mixin.py:115} INFO - [2022-07-06 19:59:06,548] {dag.py:2931} INFO - Setting next_dagrun for example_dag_decorator to None, run_after=None
[2022-07-06 19:59:06,585] {processor.py:161} INFO - Processing /home/airflow/.local/lib/python3.7/site-packages/airflow/example_dags/example_dag_decorator.py took 3.660 seconds
[2022-07-06 20:00:01,117] {processor.py:153} INFO - Started process (PID=506) to work on /home/airflow/.local/lib/python3.7/site-packages/airflow/example_dags/example_dag_decorator.py
[2022-07-06 20:00:01,265] {processor.py:641} INFO - Processing file /home/airflow/.local/lib/python3.7/site-packages/airflow/example_dags/example_dag_decorator.py for tasks to queue
[2022-07-06 20:00:01,266] {logging_mixin.py:115} INFO - [2022-07-06 20:00:01,266] {dagbag.py:507} INFO - Filling up the DagBag from /home/airflow/.local/lib/python3.7/site-packages/airflow/example_dags/example_dag_decorator.py
[2022-07-06 20:00:01,302] {processor.py:651} INFO - DAG(s) dict_keys(['example_dag_decorator']) retrieved from /home/airflow/.local/lib/python3.7/site-packages/airflow/example_dags/example_dag_decorator.py
[2022-07-06 20:00:01,391] {logging_mixin.py:115} INFO - [2022-07-06 20:00:01,391] {dag.py:2379} INFO - Sync 1 DAGs
[2022-07-06 20:00:01,548] {logging_mixin.py:115} INFO - [2022-07-06 20:00:01,548] {dag.py:2931} INFO - Setting next_dagrun for example_dag_decorator to None, run_after=None
[2022-07-06 20:00:01,674] {processor.py:161} INFO - Processing /home/airflow/.local/lib/python3.7/site-packages/airflow/example_dags/example_dag_decorator.py took 0.569 seconds
[2022-07-06 20:00:31,835] {processor.py:153} INFO - Started process (PID=566) to work on /home/airflow/.local/lib/python3.7/site-packages/airflow/example_dags/example_dag_decorator.py
[2022-07-06 20:00:31,835] {processor.py:641} INFO - Processing file /home/airflow/.local/lib/python3.7/site-packages/airflow/example_dags/example_dag_decorator.py for tasks to queue
[2022-07-06 20:00:31,836] {logging_mixin.py:115} INFO - [2022-07-06 20:00:31,835] {dagbag.py:507} INFO - Filling up the DagBag from /home/airflow/.local/lib/python3.7/site-packages/airflow/example_dags/example_dag_decorator.py
[2022-07-06 20:00:31,865] {processor.py:651} INFO - DAG(s) dict_keys(['example_dag_decorator']) retrieved from /home/airflow/.local/lib/python3.7/site-packages/airflow/example_dags/example_dag_decorator.py
[2022-07-06 20:00:31,989] {logging_mixin.py:115} INFO - [2022-07-06 20:00:31,989] {dag.py:2379} INFO - Sync 1 DAGs
[2022-07-06 20:00:32,234] {logging_mixin.py:115} INFO - [2022-07-06 20:00:32,234] {dag.py:2931} INFO - Setting next_dagrun for example_dag_decorator to None, run_after=None
[2022-07-06 20:00:32,312] {processor.py:161} INFO - Processing /home/airflow/.local/lib/python3.7/site-packages/airflow/example_dags/example_dag_decorator.py took 0.482 seconds
[2022-07-06 20:01:11,576] {processor.py:153} INFO - Started process (PID=625) to work on /home/airflow/.local/lib/python3.7/site-packages/airflow/example_dags/example_dag_decorator.py
[2022-07-06 20:01:11,680] {processor.py:641} INFO - Processing file /home/airflow/.local/lib/python3.7/site-packages/airflow/example_dags/example_dag_decorator.py for tasks to queue
[2022-07-06 20:01:11,681] {logging_mixin.py:115} INFO - [2022-07-06 20:01:11,681] {dagbag.py:507} INFO - Filling up the DagBag from /home/airflow/.local/lib/python3.7/site-packages/airflow/example_dags/example_dag_decorator.py
[2022-07-06 20:01:11,756] {processor.py:651} INFO - DAG(s) dict_keys(['example_dag_decorator']) retrieved from /home/airflow/.local/lib/python3.7/site-packages/airflow/example_dags/example_dag_decorator.py
[2022-07-06 20:01:11,901] {logging_mixin.py:115} INFO - [2022-07-06 20:01:11,901] {dag.py:2379} INFO - Sync 1 DAGs
[2022-07-06 20:01:12,218] {logging_mixin.py:115} INFO - [2022-07-06 20:01:12,218] {dag.py:2931} INFO - Setting next_dagrun for example_dag_decorator to None, run_after=None
[2022-07-06 20:01:12,302] {processor.py:161} INFO - Processing /home/airflow/.local/lib/python3.7/site-packages/airflow/example_dags/example_dag_decorator.py took 0.735 seconds
[2022-07-06 20:01:53,142] {processor.py:153} INFO - Started process (PID=686) to work on /home/airflow/.local/lib/python3.7/site-packages/airflow/example_dags/example_dag_decorator.py
[2022-07-06 20:01:53,159] {processor.py:641} INFO - Processing file /home/airflow/.local/lib/python3.7/site-packages/airflow/example_dags/example_dag_decorator.py for tasks to queue
[2022-07-06 20:01:53,160] {logging_mixin.py:115} INFO - [2022-07-06 20:01:53,159] {dagbag.py:507} INFO - Filling up the DagBag from /home/airflow/.local/lib/python3.7/site-packages/airflow/example_dags/example_dag_decorator.py
[2022-07-06 20:01:53,190] {processor.py:651} INFO - DAG(s) dict_keys(['example_dag_decorator']) retrieved from /home/airflow/.local/lib/python3.7/site-packages/airflow/example_dags/example_dag_decorator.py
[2022-07-06 20:01:53,281] {logging_mixin.py:115} INFO - [2022-07-06 20:01:53,280] {dag.py:2379} INFO - Sync 1 DAGs
[2022-07-06 20:01:53,437] {logging_mixin.py:115} INFO - [2022-07-06 20:01:53,437] {dag.py:2931} INFO - Setting next_dagrun for example_dag_decorator to None, run_after=None
[2022-07-06 20:01:53,466] {processor.py:161} INFO - Processing /home/airflow/.local/lib/python3.7/site-packages/airflow/example_dags/example_dag_decorator.py took 0.327 seconds
[2022-07-06 20:02:24,346] {processor.py:153} INFO - Started process (PID=737) to work on /home/airflow/.local/lib/python3.7/site-packages/airflow/example_dags/example_dag_decorator.py
[2022-07-06 20:02:24,347] {processor.py:641} INFO - Processing file /home/airflow/.local/lib/python3.7/site-packages/airflow/example_dags/example_dag_decorator.py for tasks to queue
[2022-07-06 20:02:24,348] {logging_mixin.py:115} INFO - [2022-07-06 20:02:24,348] {dagbag.py:507} INFO - Filling up the DagBag from /home/airflow/.local/lib/python3.7/site-packages/airflow/example_dags/example_dag_decorator.py
[2022-07-06 20:02:24,378] {processor.py:651} INFO - DAG(s) dict_keys(['example_dag_decorator']) retrieved from /home/airflow/.local/lib/python3.7/site-packages/airflow/example_dags/example_dag_decorator.py
[2022-07-06 20:02:24,468] {logging_mixin.py:115} INFO - [2022-07-06 20:02:24,468] {dag.py:2379} INFO - Sync 1 DAGs
[2022-07-06 20:02:24,613] {logging_mixin.py:115} INFO - [2022-07-06 20:02:24,613] {dag.py:2931} INFO - Setting next_dagrun for example_dag_decorator to None, run_after=None
[2022-07-06 20:02:24,728] {processor.py:161} INFO - Processing /home/airflow/.local/lib/python3.7/site-packages/airflow/example_dags/example_dag_decorator.py took 0.386 seconds
[2022-07-06 20:02:56,302] {processor.py:153} INFO - Started process (PID=797) to work on /home/airflow/.local/lib/python3.7/site-packages/airflow/example_dags/example_dag_decorator.py
[2022-07-06 20:02:56,473] {processor.py:641} INFO - Processing file /home/airflow/.local/lib/python3.7/site-packages/airflow/example_dags/example_dag_decorator.py for tasks to queue
[2022-07-06 20:02:56,474] {logging_mixin.py:115} INFO - [2022-07-06 20:02:56,474] {dagbag.py:507} INFO - Filling up the DagBag from /home/airflow/.local/lib/python3.7/site-packages/airflow/example_dags/example_dag_decorator.py
[2022-07-06 20:02:56,515] {processor.py:651} INFO - DAG(s) dict_keys(['example_dag_decorator']) retrieved from /home/airflow/.local/lib/python3.7/site-packages/airflow/example_dags/example_dag_decorator.py
[2022-07-06 20:02:56,647] {logging_mixin.py:115} INFO - [2022-07-06 20:02:56,647] {dag.py:2379} INFO - Sync 1 DAGs
[2022-07-06 20:02:56,947] {logging_mixin.py:115} INFO - [2022-07-06 20:02:56,947] {dag.py:2931} INFO - Setting next_dagrun for example_dag_decorator to None, run_after=None
[2022-07-06 20:02:57,241] {processor.py:161} INFO - Processing /home/airflow/.local/lib/python3.7/site-packages/airflow/example_dags/example_dag_decorator.py took 0.944 seconds
[2022-07-06 20:03:27,793] {processor.py:153} INFO - Started process (PID=849) to work on /home/airflow/.local/lib/python3.7/site-packages/airflow/example_dags/example_dag_decorator.py
[2022-07-06 20:03:27,793] {processor.py:641} INFO - Processing file /home/airflow/.local/lib/python3.7/site-packages/airflow/example_dags/example_dag_decorator.py for tasks to queue
[2022-07-06 20:03:27,794] {logging_mixin.py:115} INFO - [2022-07-06 20:03:27,794] {dagbag.py:507} INFO - Filling up the DagBag from /home/airflow/.local/lib/python3.7/site-packages/airflow/example_dags/example_dag_decorator.py
[2022-07-06 20:03:27,858] {processor.py:651} INFO - DAG(s) dict_keys(['example_dag_decorator']) retrieved from /home/airflow/.local/lib/python3.7/site-packages/airflow/example_dags/example_dag_decorator.py
[2022-07-06 20:03:28,027] {logging_mixin.py:115} INFO - [2022-07-06 20:03:28,027] {dag.py:2379} INFO - Sync 1 DAGs
[2022-07-06 20:03:28,231] {logging_mixin.py:115} INFO - [2022-07-06 20:03:28,231] {dag.py:2931} INFO - Setting next_dagrun for example_dag_decorator to None, run_after=None
[2022-07-06 20:03:28,995] {processor.py:161} INFO - Processing /home/airflow/.local/lib/python3.7/site-packages/airflow/example_dags/example_dag_decorator.py took 1.208 seconds
[2022-07-06 20:04:00,135] {processor.py:153} INFO - Started process (PID=901) to work on /home/airflow/.local/lib/python3.7/site-packages/airflow/example_dags/example_dag_decorator.py
[2022-07-06 20:04:00,148] {processor.py:641} INFO - Processing file /home/airflow/.local/lib/python3.7/site-packages/airflow/example_dags/example_dag_decorator.py for tasks to queue
[2022-07-06 20:04:00,149] {logging_mixin.py:115} INFO - [2022-07-06 20:04:00,149] {dagbag.py:507} INFO - Filling up the DagBag from /home/airflow/.local/lib/python3.7/site-packages/airflow/example_dags/example_dag_decorator.py
[2022-07-06 20:04:00,183] {processor.py:651} INFO - DAG(s) dict_keys(['example_dag_decorator']) retrieved from /home/airflow/.local/lib/python3.7/site-packages/airflow/example_dags/example_dag_decorator.py
[2022-07-06 20:04:00,286] {logging_mixin.py:115} INFO - [2022-07-06 20:04:00,286] {dag.py:2379} INFO - Sync 1 DAGs
[2022-07-06 20:04:00,440] {logging_mixin.py:115} INFO - [2022-07-06 20:04:00,440] {dag.py:2931} INFO - Setting next_dagrun for example_dag_decorator to None, run_after=None
[2022-07-06 20:04:00,466] {processor.py:161} INFO - Processing /home/airflow/.local/lib/python3.7/site-packages/airflow/example_dags/example_dag_decorator.py took 0.335 seconds
[2022-07-06 20:04:30,548] {processor.py:153} INFO - Started process (PID=953) to work on /home/airflow/.local/lib/python3.7/site-packages/airflow/example_dags/example_dag_decorator.py
[2022-07-06 20:04:30,572] {processor.py:641} INFO - Processing file /home/airflow/.local/lib/python3.7/site-packages/airflow/example_dags/example_dag_decorator.py for tasks to queue
[2022-07-06 20:04:30,573] {logging_mixin.py:115} INFO - [2022-07-06 20:04:30,573] {dagbag.py:507} INFO - Filling up the DagBag from /home/airflow/.local/lib/python3.7/site-packages/airflow/example_dags/example_dag_decorator.py
[2022-07-06 20:04:30,612] {processor.py:651} INFO - DAG(s) dict_keys(['example_dag_decorator']) retrieved from /home/airflow/.local/lib/python3.7/site-packages/airflow/example_dags/example_dag_decorator.py
[2022-07-06 20:04:30,726] {logging_mixin.py:115} INFO - [2022-07-06 20:04:30,726] {dag.py:2379} INFO - Sync 1 DAGs
[2022-07-06 20:04:30,927] {logging_mixin.py:115} INFO - [2022-07-06 20:04:30,927] {dag.py:2931} INFO - Setting next_dagrun for example_dag_decorator to None, run_after=None
[2022-07-06 20:04:31,167] {processor.py:161} INFO - Processing /home/airflow/.local/lib/python3.7/site-packages/airflow/example_dags/example_dag_decorator.py took 0.623 seconds
[2022-07-06 20:05:01,436] {processor.py:153} INFO - Started process (PID=1014) to work on /home/airflow/.local/lib/python3.7/site-packages/airflow/example_dags/example_dag_decorator.py
[2022-07-06 20:05:01,437] {processor.py:641} INFO - Processing file /home/airflow/.local/lib/python3.7/site-packages/airflow/example_dags/example_dag_decorator.py for tasks to queue
[2022-07-06 20:05:01,438] {logging_mixin.py:115} INFO - [2022-07-06 20:05:01,437] {dagbag.py:507} INFO - Filling up the DagBag from /home/airflow/.local/lib/python3.7/site-packages/airflow/example_dags/example_dag_decorator.py
[2022-07-06 20:05:01,478] {processor.py:651} INFO - DAG(s) dict_keys(['example_dag_decorator']) retrieved from /home/airflow/.local/lib/python3.7/site-packages/airflow/example_dags/example_dag_decorator.py
[2022-07-06 20:05:01,650] {logging_mixin.py:115} INFO - [2022-07-06 20:05:01,650] {dag.py:2379} INFO - Sync 1 DAGs
[2022-07-06 20:05:02,240] {logging_mixin.py:115} INFO - [2022-07-06 20:05:02,240] {dag.py:2931} INFO - Setting next_dagrun for example_dag_decorator to None, run_after=None
[2022-07-06 20:05:02,362] {processor.py:161} INFO - Processing /home/airflow/.local/lib/python3.7/site-packages/airflow/example_dags/example_dag_decorator.py took 0.930 seconds
[2022-07-06 20:05:32,564] {processor.py:153} INFO - Started process (PID=1066) to work on /home/airflow/.local/lib/python3.7/site-packages/airflow/example_dags/example_dag_decorator.py
[2022-07-06 20:05:32,576] {processor.py:641} INFO - Processing file /home/airflow/.local/lib/python3.7/site-packages/airflow/example_dags/example_dag_decorator.py for tasks to queue
[2022-07-06 20:05:32,576] {logging_mixin.py:115} INFO - [2022-07-06 20:05:32,576] {dagbag.py:507} INFO - Filling up the DagBag from /home/airflow/.local/lib/python3.7/site-packages/airflow/example_dags/example_dag_decorator.py
[2022-07-06 20:05:32,613] {processor.py:651} INFO - DAG(s) dict_keys(['example_dag_decorator']) retrieved from /home/airflow/.local/lib/python3.7/site-packages/airflow/example_dags/example_dag_decorator.py
[2022-07-06 20:05:32,698] {logging_mixin.py:115} INFO - [2022-07-06 20:05:32,698] {dag.py:2379} INFO - Sync 1 DAGs
[2022-07-06 20:05:32,897] {logging_mixin.py:115} INFO - [2022-07-06 20:05:32,897] {dag.py:2931} INFO - Setting next_dagrun for example_dag_decorator to None, run_after=None
[2022-07-06 20:05:32,936] {processor.py:161} INFO - Processing /home/airflow/.local/lib/python3.7/site-packages/airflow/example_dags/example_dag_decorator.py took 0.375 seconds
[2022-07-06 20:06:02,989] {processor.py:153} INFO - Started process (PID=1118) to work on /home/airflow/.local/lib/python3.7/site-packages/airflow/example_dags/example_dag_decorator.py
[2022-07-06 20:06:02,989] {processor.py:641} INFO - Processing file /home/airflow/.local/lib/python3.7/site-packages/airflow/example_dags/example_dag_decorator.py for tasks to queue
[2022-07-06 20:06:02,990] {logging_mixin.py:115} INFO - [2022-07-06 20:06:02,990] {dagbag.py:507} INFO - Filling up the DagBag from /home/airflow/.local/lib/python3.7/site-packages/airflow/example_dags/example_dag_decorator.py
[2022-07-06 20:06:03,026] {processor.py:651} INFO - DAG(s) dict_keys(['example_dag_decorator']) retrieved from /home/airflow/.local/lib/python3.7/site-packages/airflow/example_dags/example_dag_decorator.py
[2022-07-06 20:06:03,077] {logging_mixin.py:115} INFO - [2022-07-06 20:06:03,077] {dag.py:2379} INFO - Sync 1 DAGs
[2022-07-06 20:06:03,129] {logging_mixin.py:115} INFO - [2022-07-06 20:06:03,129] {dag.py:2931} INFO - Setting next_dagrun for example_dag_decorator to None, run_after=None
[2022-07-06 20:06:03,184] {processor.py:161} INFO - Processing /home/airflow/.local/lib/python3.7/site-packages/airflow/example_dags/example_dag_decorator.py took 0.199 seconds
[2022-07-06 20:06:33,916] {processor.py:153} INFO - Started process (PID=1178) to work on /home/airflow/.local/lib/python3.7/site-packages/airflow/example_dags/example_dag_decorator.py
[2022-07-06 20:06:33,937] {processor.py:641} INFO - Processing file /home/airflow/.local/lib/python3.7/site-packages/airflow/example_dags/example_dag_decorator.py for tasks to queue
[2022-07-06 20:06:33,938] {logging_mixin.py:115} INFO - [2022-07-06 20:06:33,938] {dagbag.py:507} INFO - Filling up the DagBag from /home/airflow/.local/lib/python3.7/site-packages/airflow/example_dags/example_dag_decorator.py
[2022-07-06 20:06:34,048] {processor.py:651} INFO - DAG(s) dict_keys(['example_dag_decorator']) retrieved from /home/airflow/.local/lib/python3.7/site-packages/airflow/example_dags/example_dag_decorator.py
[2022-07-06 20:06:34,235] {logging_mixin.py:115} INFO - [2022-07-06 20:06:34,235] {dag.py:2379} INFO - Sync 1 DAGs
[2022-07-06 20:06:34,447] {logging_mixin.py:115} INFO - [2022-07-06 20:06:34,447] {dag.py:2931} INFO - Setting next_dagrun for example_dag_decorator to None, run_after=None
[2022-07-06 20:06:34,474] {processor.py:161} INFO - Processing /home/airflow/.local/lib/python3.7/site-packages/airflow/example_dags/example_dag_decorator.py took 0.563 seconds
[2022-07-06 20:07:05,002] {processor.py:153} INFO - Started process (PID=1230) to work on /home/airflow/.local/lib/python3.7/site-packages/airflow/example_dags/example_dag_decorator.py
[2022-07-06 20:07:05,003] {processor.py:641} INFO - Processing file /home/airflow/.local/lib/python3.7/site-packages/airflow/example_dags/example_dag_decorator.py for tasks to queue
[2022-07-06 20:07:05,004] {logging_mixin.py:115} INFO - [2022-07-06 20:07:05,003] {dagbag.py:507} INFO - Filling up the DagBag from /home/airflow/.local/lib/python3.7/site-packages/airflow/example_dags/example_dag_decorator.py
[2022-07-06 20:07:05,039] {processor.py:651} INFO - DAG(s) dict_keys(['example_dag_decorator']) retrieved from /home/airflow/.local/lib/python3.7/site-packages/airflow/example_dags/example_dag_decorator.py
[2022-07-06 20:07:05,122] {logging_mixin.py:115} INFO - [2022-07-06 20:07:05,122] {dag.py:2379} INFO - Sync 1 DAGs
[2022-07-06 20:07:05,285] {logging_mixin.py:115} INFO - [2022-07-06 20:07:05,285] {dag.py:2931} INFO - Setting next_dagrun for example_dag_decorator to None, run_after=None
[2022-07-06 20:07:05,336] {processor.py:161} INFO - Processing /home/airflow/.local/lib/python3.7/site-packages/airflow/example_dags/example_dag_decorator.py took 0.340 seconds
[2022-07-06 20:07:35,890] {processor.py:153} INFO - Started process (PID=1288) to work on /home/airflow/.local/lib/python3.7/site-packages/airflow/example_dags/example_dag_decorator.py
[2022-07-06 20:07:35,910] {processor.py:641} INFO - Processing file /home/airflow/.local/lib/python3.7/site-packages/airflow/example_dags/example_dag_decorator.py for tasks to queue
[2022-07-06 20:07:35,911] {logging_mixin.py:115} INFO - [2022-07-06 20:07:35,911] {dagbag.py:507} INFO - Filling up the DagBag from /home/airflow/.local/lib/python3.7/site-packages/airflow/example_dags/example_dag_decorator.py
[2022-07-06 20:07:35,961] {processor.py:651} INFO - DAG(s) dict_keys(['example_dag_decorator']) retrieved from /home/airflow/.local/lib/python3.7/site-packages/airflow/example_dags/example_dag_decorator.py
[2022-07-06 20:07:36,266] {logging_mixin.py:115} INFO - [2022-07-06 20:07:36,265] {dag.py:2379} INFO - Sync 1 DAGs
[2022-07-06 20:07:36,502] {logging_mixin.py:115} INFO - [2022-07-06 20:07:36,502] {dag.py:2931} INFO - Setting next_dagrun for example_dag_decorator to None, run_after=None
[2022-07-06 20:07:36,589] {processor.py:161} INFO - Processing /home/airflow/.local/lib/python3.7/site-packages/airflow/example_dags/example_dag_decorator.py took 0.704 seconds
[2022-07-06 20:08:07,351] {processor.py:153} INFO - Started process (PID=1342) to work on /home/airflow/.local/lib/python3.7/site-packages/airflow/example_dags/example_dag_decorator.py
[2022-07-06 20:08:07,352] {processor.py:641} INFO - Processing file /home/airflow/.local/lib/python3.7/site-packages/airflow/example_dags/example_dag_decorator.py for tasks to queue
[2022-07-06 20:08:07,352] {logging_mixin.py:115} INFO - [2022-07-06 20:08:07,352] {dagbag.py:507} INFO - Filling up the DagBag from /home/airflow/.local/lib/python3.7/site-packages/airflow/example_dags/example_dag_decorator.py
[2022-07-06 20:08:07,384] {processor.py:651} INFO - DAG(s) dict_keys(['example_dag_decorator']) retrieved from /home/airflow/.local/lib/python3.7/site-packages/airflow/example_dags/example_dag_decorator.py
[2022-07-06 20:08:07,495] {logging_mixin.py:115} INFO - [2022-07-06 20:08:07,495] {dag.py:2379} INFO - Sync 1 DAGs
[2022-07-06 20:08:07,695] {logging_mixin.py:115} INFO - [2022-07-06 20:08:07,695] {dag.py:2931} INFO - Setting next_dagrun for example_dag_decorator to None, run_after=None
[2022-07-06 20:08:07,898] {processor.py:161} INFO - Processing /home/airflow/.local/lib/python3.7/site-packages/airflow/example_dags/example_dag_decorator.py took 0.551 seconds
[2022-07-06 20:08:38,146] {processor.py:153} INFO - Started process (PID=1393) to work on /home/airflow/.local/lib/python3.7/site-packages/airflow/example_dags/example_dag_decorator.py
[2022-07-06 20:08:38,157] {processor.py:641} INFO - Processing file /home/airflow/.local/lib/python3.7/site-packages/airflow/example_dags/example_dag_decorator.py for tasks to queue
[2022-07-06 20:08:38,158] {logging_mixin.py:115} INFO - [2022-07-06 20:08:38,158] {dagbag.py:507} INFO - Filling up the DagBag from /home/airflow/.local/lib/python3.7/site-packages/airflow/example_dags/example_dag_decorator.py
[2022-07-06 20:08:38,228] {processor.py:651} INFO - DAG(s) dict_keys(['example_dag_decorator']) retrieved from /home/airflow/.local/lib/python3.7/site-packages/airflow/example_dags/example_dag_decorator.py
[2022-07-06 20:08:38,328] {logging_mixin.py:115} INFO - [2022-07-06 20:08:38,328] {dag.py:2379} INFO - Sync 1 DAGs
[2022-07-06 20:08:38,511] {logging_mixin.py:115} INFO - [2022-07-06 20:08:38,511] {dag.py:2931} INFO - Setting next_dagrun for example_dag_decorator to None, run_after=None
[2022-07-06 20:08:38,546] {processor.py:161} INFO - Processing /home/airflow/.local/lib/python3.7/site-packages/airflow/example_dags/example_dag_decorator.py took 0.411 seconds
[2022-07-06 20:09:08,663] {processor.py:153} INFO - Started process (PID=1452) to work on /home/airflow/.local/lib/python3.7/site-packages/airflow/example_dags/example_dag_decorator.py
[2022-07-06 20:09:08,663] {processor.py:641} INFO - Processing file /home/airflow/.local/lib/python3.7/site-packages/airflow/example_dags/example_dag_decorator.py for tasks to queue
[2022-07-06 20:09:08,664] {logging_mixin.py:115} INFO - [2022-07-06 20:09:08,664] {dagbag.py:507} INFO - Filling up the DagBag from /home/airflow/.local/lib/python3.7/site-packages/airflow/example_dags/example_dag_decorator.py
[2022-07-06 20:09:08,704] {processor.py:651} INFO - DAG(s) dict_keys(['example_dag_decorator']) retrieved from /home/airflow/.local/lib/python3.7/site-packages/airflow/example_dags/example_dag_decorator.py
[2022-07-06 20:09:08,832] {logging_mixin.py:115} INFO - [2022-07-06 20:09:08,832] {dag.py:2379} INFO - Sync 1 DAGs
[2022-07-06 20:09:09,027] {logging_mixin.py:115} INFO - [2022-07-06 20:09:09,027] {dag.py:2931} INFO - Setting next_dagrun for example_dag_decorator to None, run_after=None
[2022-07-06 20:09:09,069] {processor.py:161} INFO - Processing /home/airflow/.local/lib/python3.7/site-packages/airflow/example_dags/example_dag_decorator.py took 0.410 seconds
[2022-07-06 20:09:39,277] {processor.py:153} INFO - Started process (PID=1504) to work on /home/airflow/.local/lib/python3.7/site-packages/airflow/example_dags/example_dag_decorator.py
[2022-07-06 20:09:39,296] {processor.py:641} INFO - Processing file /home/airflow/.local/lib/python3.7/site-packages/airflow/example_dags/example_dag_decorator.py for tasks to queue
[2022-07-06 20:09:39,297] {logging_mixin.py:115} INFO - [2022-07-06 20:09:39,297] {dagbag.py:507} INFO - Filling up the DagBag from /home/airflow/.local/lib/python3.7/site-packages/airflow/example_dags/example_dag_decorator.py
[2022-07-06 20:09:39,325] {processor.py:651} INFO - DAG(s) dict_keys(['example_dag_decorator']) retrieved from /home/airflow/.local/lib/python3.7/site-packages/airflow/example_dags/example_dag_decorator.py
[2022-07-06 20:09:39,412] {logging_mixin.py:115} INFO - [2022-07-06 20:09:39,412] {dag.py:2379} INFO - Sync 1 DAGs
[2022-07-06 20:09:39,597] {logging_mixin.py:115} INFO - [2022-07-06 20:09:39,597] {dag.py:2931} INFO - Setting next_dagrun for example_dag_decorator to None, run_after=None
[2022-07-06 20:09:39,661] {processor.py:161} INFO - Processing /home/airflow/.local/lib/python3.7/site-packages/airflow/example_dags/example_dag_decorator.py took 0.389 seconds
[2022-07-06 20:10:10,029] {processor.py:153} INFO - Started process (PID=1556) to work on /home/airflow/.local/lib/python3.7/site-packages/airflow/example_dags/example_dag_decorator.py
[2022-07-06 20:10:10,030] {processor.py:641} INFO - Processing file /home/airflow/.local/lib/python3.7/site-packages/airflow/example_dags/example_dag_decorator.py for tasks to queue
[2022-07-06 20:10:10,033] {logging_mixin.py:115} INFO - [2022-07-06 20:10:10,032] {dagbag.py:507} INFO - Filling up the DagBag from /home/airflow/.local/lib/python3.7/site-packages/airflow/example_dags/example_dag_decorator.py
[2022-07-06 20:10:10,090] {processor.py:651} INFO - DAG(s) dict_keys(['example_dag_decorator']) retrieved from /home/airflow/.local/lib/python3.7/site-packages/airflow/example_dags/example_dag_decorator.py
[2022-07-06 20:10:10,119] {logging_mixin.py:115} INFO - [2022-07-06 20:10:10,119] {dag.py:2379} INFO - Sync 1 DAGs
[2022-07-06 20:10:10,148] {logging_mixin.py:115} INFO - [2022-07-06 20:10:10,148] {dag.py:2931} INFO - Setting next_dagrun for example_dag_decorator to None, run_after=None
[2022-07-06 20:10:10,185] {processor.py:161} INFO - Processing /home/airflow/.local/lib/python3.7/site-packages/airflow/example_dags/example_dag_decorator.py took 0.170 seconds
[2022-07-06 20:10:40,533] {processor.py:153} INFO - Started process (PID=1618) to work on /home/airflow/.local/lib/python3.7/site-packages/airflow/example_dags/example_dag_decorator.py
[2022-07-06 20:10:40,557] {processor.py:641} INFO - Processing file /home/airflow/.local/lib/python3.7/site-packages/airflow/example_dags/example_dag_decorator.py for tasks to queue
[2022-07-06 20:10:40,558] {logging_mixin.py:115} INFO - [2022-07-06 20:10:40,557] {dagbag.py:507} INFO - Filling up the DagBag from /home/airflow/.local/lib/python3.7/site-packages/airflow/example_dags/example_dag_decorator.py
[2022-07-06 20:10:40,605] {processor.py:651} INFO - DAG(s) dict_keys(['example_dag_decorator']) retrieved from /home/airflow/.local/lib/python3.7/site-packages/airflow/example_dags/example_dag_decorator.py
[2022-07-06 20:10:40,747] {logging_mixin.py:115} INFO - [2022-07-06 20:10:40,747] {dag.py:2379} INFO - Sync 1 DAGs
[2022-07-06 20:10:40,937] {logging_mixin.py:115} INFO - [2022-07-06 20:10:40,937] {dag.py:2931} INFO - Setting next_dagrun for example_dag_decorator to None, run_after=None
[2022-07-06 20:10:40,972] {processor.py:161} INFO - Processing /home/airflow/.local/lib/python3.7/site-packages/airflow/example_dags/example_dag_decorator.py took 0.443 seconds
[2022-07-06 20:11:11,358] {processor.py:153} INFO - Started process (PID=1670) to work on /home/airflow/.local/lib/python3.7/site-packages/airflow/example_dags/example_dag_decorator.py
[2022-07-06 20:11:11,359] {processor.py:641} INFO - Processing file /home/airflow/.local/lib/python3.7/site-packages/airflow/example_dags/example_dag_decorator.py for tasks to queue
[2022-07-06 20:11:11,360] {logging_mixin.py:115} INFO - [2022-07-06 20:11:11,360] {dagbag.py:507} INFO - Filling up the DagBag from /home/airflow/.local/lib/python3.7/site-packages/airflow/example_dags/example_dag_decorator.py
[2022-07-06 20:11:11,393] {processor.py:651} INFO - DAG(s) dict_keys(['example_dag_decorator']) retrieved from /home/airflow/.local/lib/python3.7/site-packages/airflow/example_dags/example_dag_decorator.py
[2022-07-06 20:11:11,507] {logging_mixin.py:115} INFO - [2022-07-06 20:11:11,507] {dag.py:2379} INFO - Sync 1 DAGs
[2022-07-06 20:11:11,654] {logging_mixin.py:115} INFO - [2022-07-06 20:11:11,654] {dag.py:2931} INFO - Setting next_dagrun for example_dag_decorator to None, run_after=None
[2022-07-06 20:11:11,679] {processor.py:161} INFO - Processing /home/airflow/.local/lib/python3.7/site-packages/airflow/example_dags/example_dag_decorator.py took 0.329 seconds
[2022-07-06 20:11:41,723] {processor.py:153} INFO - Started process (PID=1721) to work on /home/airflow/.local/lib/python3.7/site-packages/airflow/example_dags/example_dag_decorator.py
[2022-07-06 20:11:41,733] {processor.py:641} INFO - Processing file /home/airflow/.local/lib/python3.7/site-packages/airflow/example_dags/example_dag_decorator.py for tasks to queue
[2022-07-06 20:11:41,734] {logging_mixin.py:115} INFO - [2022-07-06 20:11:41,734] {dagbag.py:507} INFO - Filling up the DagBag from /home/airflow/.local/lib/python3.7/site-packages/airflow/example_dags/example_dag_decorator.py
[2022-07-06 20:11:41,771] {processor.py:651} INFO - DAG(s) dict_keys(['example_dag_decorator']) retrieved from /home/airflow/.local/lib/python3.7/site-packages/airflow/example_dags/example_dag_decorator.py
[2022-07-06 20:11:41,859] {logging_mixin.py:115} INFO - [2022-07-06 20:11:41,859] {dag.py:2379} INFO - Sync 1 DAGs
[2022-07-06 20:11:42,007] {logging_mixin.py:115} INFO - [2022-07-06 20:11:42,007] {dag.py:2931} INFO - Setting next_dagrun for example_dag_decorator to None, run_after=None
[2022-07-06 20:11:42,044] {processor.py:161} INFO - Processing /home/airflow/.local/lib/python3.7/site-packages/airflow/example_dags/example_dag_decorator.py took 0.331 seconds
[2022-07-06 20:12:12,588] {processor.py:153} INFO - Started process (PID=1783) to work on /home/airflow/.local/lib/python3.7/site-packages/airflow/example_dags/example_dag_decorator.py
[2022-07-06 20:12:12,596] {processor.py:641} INFO - Processing file /home/airflow/.local/lib/python3.7/site-packages/airflow/example_dags/example_dag_decorator.py for tasks to queue
[2022-07-06 20:12:12,597] {logging_mixin.py:115} INFO - [2022-07-06 20:12:12,597] {dagbag.py:507} INFO - Filling up the DagBag from /home/airflow/.local/lib/python3.7/site-packages/airflow/example_dags/example_dag_decorator.py
[2022-07-06 20:12:12,751] {processor.py:651} INFO - DAG(s) dict_keys(['example_dag_decorator']) retrieved from /home/airflow/.local/lib/python3.7/site-packages/airflow/example_dags/example_dag_decorator.py
[2022-07-06 20:12:13,112] {logging_mixin.py:115} INFO - [2022-07-06 20:12:13,111] {dag.py:2379} INFO - Sync 1 DAGs
[2022-07-06 20:12:13,577] {logging_mixin.py:115} INFO - [2022-07-06 20:12:13,577] {dag.py:2931} INFO - Setting next_dagrun for example_dag_decorator to None, run_after=None
[2022-07-06 20:12:13,625] {processor.py:161} INFO - Processing /home/airflow/.local/lib/python3.7/site-packages/airflow/example_dags/example_dag_decorator.py took 1.045 seconds
[2022-07-06 20:12:44,507] {processor.py:153} INFO - Started process (PID=1833) to work on /home/airflow/.local/lib/python3.7/site-packages/airflow/example_dags/example_dag_decorator.py
[2022-07-06 20:12:44,604] {processor.py:641} INFO - Processing file /home/airflow/.local/lib/python3.7/site-packages/airflow/example_dags/example_dag_decorator.py for tasks to queue
[2022-07-06 20:12:44,606] {logging_mixin.py:115} INFO - [2022-07-06 20:12:44,605] {dagbag.py:507} INFO - Filling up the DagBag from /home/airflow/.local/lib/python3.7/site-packages/airflow/example_dags/example_dag_decorator.py
[2022-07-06 20:12:44,701] {processor.py:651} INFO - DAG(s) dict_keys(['example_dag_decorator']) retrieved from /home/airflow/.local/lib/python3.7/site-packages/airflow/example_dags/example_dag_decorator.py
[2022-07-06 20:12:44,737] {logging_mixin.py:115} INFO - [2022-07-06 20:12:44,737] {dag.py:2379} INFO - Sync 1 DAGs
[2022-07-06 20:12:44,768] {logging_mixin.py:115} INFO - [2022-07-06 20:12:44,768] {dag.py:2931} INFO - Setting next_dagrun for example_dag_decorator to None, run_after=None
[2022-07-06 20:12:44,792] {processor.py:161} INFO - Processing /home/airflow/.local/lib/python3.7/site-packages/airflow/example_dags/example_dag_decorator.py took 0.292 seconds
[2022-07-06 20:13:15,743] {processor.py:153} INFO - Started process (PID=1891) to work on /home/airflow/.local/lib/python3.7/site-packages/airflow/example_dags/example_dag_decorator.py
[2022-07-06 20:13:15,743] {processor.py:641} INFO - Processing file /home/airflow/.local/lib/python3.7/site-packages/airflow/example_dags/example_dag_decorator.py for tasks to queue
[2022-07-06 20:13:15,744] {logging_mixin.py:115} INFO - [2022-07-06 20:13:15,744] {dagbag.py:507} INFO - Filling up the DagBag from /home/airflow/.local/lib/python3.7/site-packages/airflow/example_dags/example_dag_decorator.py
[2022-07-06 20:13:15,785] {processor.py:651} INFO - DAG(s) dict_keys(['example_dag_decorator']) retrieved from /home/airflow/.local/lib/python3.7/site-packages/airflow/example_dags/example_dag_decorator.py
[2022-07-06 20:13:15,828] {logging_mixin.py:115} INFO - [2022-07-06 20:13:15,827] {dag.py:2379} INFO - Sync 1 DAGs
[2022-07-06 20:13:15,887] {logging_mixin.py:115} INFO - [2022-07-06 20:13:15,886] {dag.py:2931} INFO - Setting next_dagrun for example_dag_decorator to None, run_after=None
[2022-07-06 20:13:16,011] {processor.py:161} INFO - Processing /home/airflow/.local/lib/python3.7/site-packages/airflow/example_dags/example_dag_decorator.py took 0.280 seconds
[2022-07-06 20:13:49,910] {processor.py:153} INFO - Started process (PID=1943) to work on /home/airflow/.local/lib/python3.7/site-packages/airflow/example_dags/example_dag_decorator.py
[2022-07-06 20:13:49,939] {processor.py:641} INFO - Processing file /home/airflow/.local/lib/python3.7/site-packages/airflow/example_dags/example_dag_decorator.py for tasks to queue
[2022-07-06 20:13:49,942] {logging_mixin.py:115} INFO - [2022-07-06 20:13:49,941] {dagbag.py:507} INFO - Filling up the DagBag from /home/airflow/.local/lib/python3.7/site-packages/airflow/example_dags/example_dag_decorator.py
[2022-07-06 20:13:51,316] {processor.py:651} INFO - DAG(s) dict_keys(['example_dag_decorator']) retrieved from /home/airflow/.local/lib/python3.7/site-packages/airflow/example_dags/example_dag_decorator.py
[2022-07-06 20:13:51,393] {logging_mixin.py:115} INFO - [2022-07-06 20:13:51,392] {dag.py:2379} INFO - Sync 1 DAGs
[2022-07-06 20:13:51,426] {logging_mixin.py:115} INFO - [2022-07-06 20:13:51,426] {dag.py:2931} INFO - Setting next_dagrun for example_dag_decorator to None, run_after=None
[2022-07-06 20:13:51,747] {processor.py:161} INFO - Processing /home/airflow/.local/lib/python3.7/site-packages/airflow/example_dags/example_dag_decorator.py took 1.850 seconds
[2022-07-06 20:14:32,837] {processor.py:153} INFO - Started process (PID=1991) to work on /home/airflow/.local/lib/python3.7/site-packages/airflow/example_dags/example_dag_decorator.py
[2022-07-06 20:14:32,903] {processor.py:641} INFO - Processing file /home/airflow/.local/lib/python3.7/site-packages/airflow/example_dags/example_dag_decorator.py for tasks to queue
[2022-07-06 20:14:32,906] {logging_mixin.py:115} INFO - [2022-07-06 20:14:32,905] {dagbag.py:507} INFO - Filling up the DagBag from /home/airflow/.local/lib/python3.7/site-packages/airflow/example_dags/example_dag_decorator.py
[2022-07-06 20:14:32,993] {processor.py:651} INFO - DAG(s) dict_keys(['example_dag_decorator']) retrieved from /home/airflow/.local/lib/python3.7/site-packages/airflow/example_dags/example_dag_decorator.py
[2022-07-06 20:14:33,085] {logging_mixin.py:115} INFO - [2022-07-06 20:14:33,085] {dag.py:2379} INFO - Sync 1 DAGs
[2022-07-06 20:14:44,450] {logging_mixin.py:115} INFO - [2022-07-06 20:14:44,450] {dag.py:2931} INFO - Setting next_dagrun for example_dag_decorator to None, run_after=None
[2022-07-06 20:14:44,514] {processor.py:161} INFO - Processing /home/airflow/.local/lib/python3.7/site-packages/airflow/example_dags/example_dag_decorator.py took 11.685 seconds
[2022-07-06 20:15:15,096] {processor.py:153} INFO - Started process (PID=2052) to work on /home/airflow/.local/lib/python3.7/site-packages/airflow/example_dags/example_dag_decorator.py
[2022-07-06 20:15:15,134] {processor.py:641} INFO - Processing file /home/airflow/.local/lib/python3.7/site-packages/airflow/example_dags/example_dag_decorator.py for tasks to queue
[2022-07-06 20:15:15,134] {logging_mixin.py:115} INFO - [2022-07-06 20:15:15,134] {dagbag.py:507} INFO - Filling up the DagBag from /home/airflow/.local/lib/python3.7/site-packages/airflow/example_dags/example_dag_decorator.py
[2022-07-06 20:15:15,169] {processor.py:651} INFO - DAG(s) dict_keys(['example_dag_decorator']) retrieved from /home/airflow/.local/lib/python3.7/site-packages/airflow/example_dags/example_dag_decorator.py
[2022-07-06 20:15:15,281] {logging_mixin.py:115} INFO - [2022-07-06 20:15:15,281] {dag.py:2379} INFO - Sync 1 DAGs
[2022-07-06 20:15:22,767] {logging_mixin.py:115} INFO - [2022-07-06 20:15:22,767] {dag.py:2931} INFO - Setting next_dagrun for example_dag_decorator to None, run_after=None
[2022-07-06 20:15:22,842] {processor.py:161} INFO - Processing /home/airflow/.local/lib/python3.7/site-packages/airflow/example_dags/example_dag_decorator.py took 7.750 seconds
[2022-07-06 20:15:53,626] {processor.py:153} INFO - Started process (PID=2113) to work on /home/airflow/.local/lib/python3.7/site-packages/airflow/example_dags/example_dag_decorator.py
[2022-07-06 20:15:54,022] {processor.py:641} INFO - Processing file /home/airflow/.local/lib/python3.7/site-packages/airflow/example_dags/example_dag_decorator.py for tasks to queue
[2022-07-06 20:15:54,024] {logging_mixin.py:115} INFO - [2022-07-06 20:15:54,024] {dagbag.py:507} INFO - Filling up the DagBag from /home/airflow/.local/lib/python3.7/site-packages/airflow/example_dags/example_dag_decorator.py
[2022-07-06 20:15:54,508] {processor.py:651} INFO - DAG(s) dict_keys(['example_dag_decorator']) retrieved from /home/airflow/.local/lib/python3.7/site-packages/airflow/example_dags/example_dag_decorator.py
[2022-07-06 20:15:55,002] {logging_mixin.py:115} INFO - [2022-07-06 20:15:55,001] {dag.py:2379} INFO - Sync 1 DAGs
[2022-07-06 20:15:57,539] {logging_mixin.py:115} INFO - [2022-07-06 20:15:57,539] {dag.py:2931} INFO - Setting next_dagrun for example_dag_decorator to None, run_after=None
[2022-07-06 20:15:58,519] {processor.py:161} INFO - Processing /home/airflow/.local/lib/python3.7/site-packages/airflow/example_dags/example_dag_decorator.py took 5.042 seconds
[2022-07-06 20:16:28,697] {processor.py:153} INFO - Started process (PID=2166) to work on /home/airflow/.local/lib/python3.7/site-packages/airflow/example_dags/example_dag_decorator.py
[2022-07-06 20:16:28,719] {processor.py:641} INFO - Processing file /home/airflow/.local/lib/python3.7/site-packages/airflow/example_dags/example_dag_decorator.py for tasks to queue
[2022-07-06 20:16:28,720] {logging_mixin.py:115} INFO - [2022-07-06 20:16:28,720] {dagbag.py:507} INFO - Filling up the DagBag from /home/airflow/.local/lib/python3.7/site-packages/airflow/example_dags/example_dag_decorator.py
[2022-07-06 20:16:28,791] {processor.py:651} INFO - DAG(s) dict_keys(['example_dag_decorator']) retrieved from /home/airflow/.local/lib/python3.7/site-packages/airflow/example_dags/example_dag_decorator.py
[2022-07-06 20:16:28,824] {logging_mixin.py:115} INFO - [2022-07-06 20:16:28,824] {dag.py:2379} INFO - Sync 1 DAGs
[2022-07-06 20:16:28,859] {logging_mixin.py:115} INFO - [2022-07-06 20:16:28,859] {dag.py:2931} INFO - Setting next_dagrun for example_dag_decorator to None, run_after=None
[2022-07-06 20:16:28,897] {processor.py:161} INFO - Processing /home/airflow/.local/lib/python3.7/site-packages/airflow/example_dags/example_dag_decorator.py took 0.208 seconds
[2022-07-06 20:16:59,262] {processor.py:153} INFO - Started process (PID=2225) to work on /home/airflow/.local/lib/python3.7/site-packages/airflow/example_dags/example_dag_decorator.py
[2022-07-06 20:16:59,262] {processor.py:641} INFO - Processing file /home/airflow/.local/lib/python3.7/site-packages/airflow/example_dags/example_dag_decorator.py for tasks to queue
[2022-07-06 20:16:59,263] {logging_mixin.py:115} INFO - [2022-07-06 20:16:59,263] {dagbag.py:507} INFO - Filling up the DagBag from /home/airflow/.local/lib/python3.7/site-packages/airflow/example_dags/example_dag_decorator.py
[2022-07-06 20:16:59,306] {processor.py:651} INFO - DAG(s) dict_keys(['example_dag_decorator']) retrieved from /home/airflow/.local/lib/python3.7/site-packages/airflow/example_dags/example_dag_decorator.py
[2022-07-06 20:16:59,348] {logging_mixin.py:115} INFO - [2022-07-06 20:16:59,348] {dag.py:2379} INFO - Sync 1 DAGs
[2022-07-06 20:16:59,394] {logging_mixin.py:115} INFO - [2022-07-06 20:16:59,394] {dag.py:2931} INFO - Setting next_dagrun for example_dag_decorator to None, run_after=None
[2022-07-06 20:16:59,429] {processor.py:161} INFO - Processing /home/airflow/.local/lib/python3.7/site-packages/airflow/example_dags/example_dag_decorator.py took 0.172 seconds
[2022-07-06 20:17:29,610] {processor.py:153} INFO - Started process (PID=2275) to work on /home/airflow/.local/lib/python3.7/site-packages/airflow/example_dags/example_dag_decorator.py
[2022-07-06 20:17:29,693] {processor.py:641} INFO - Processing file /home/airflow/.local/lib/python3.7/site-packages/airflow/example_dags/example_dag_decorator.py for tasks to queue
[2022-07-06 20:17:29,754] {logging_mixin.py:115} INFO - [2022-07-06 20:17:29,754] {dagbag.py:507} INFO - Filling up the DagBag from /home/airflow/.local/lib/python3.7/site-packages/airflow/example_dags/example_dag_decorator.py
[2022-07-06 20:17:29,797] {processor.py:651} INFO - DAG(s) dict_keys(['example_dag_decorator']) retrieved from /home/airflow/.local/lib/python3.7/site-packages/airflow/example_dags/example_dag_decorator.py
[2022-07-06 20:17:29,893] {logging_mixin.py:115} INFO - [2022-07-06 20:17:29,893] {dag.py:2379} INFO - Sync 1 DAGs
[2022-07-06 20:17:30,047] {logging_mixin.py:115} INFO - [2022-07-06 20:17:30,047] {dag.py:2931} INFO - Setting next_dagrun for example_dag_decorator to None, run_after=None
[2022-07-06 20:17:30,069] {processor.py:161} INFO - Processing /home/airflow/.local/lib/python3.7/site-packages/airflow/example_dags/example_dag_decorator.py took 0.463 seconds
[2022-07-06 20:18:00,301] {processor.py:153} INFO - Started process (PID=2327) to work on /home/airflow/.local/lib/python3.7/site-packages/airflow/example_dags/example_dag_decorator.py
[2022-07-06 20:18:00,302] {processor.py:641} INFO - Processing file /home/airflow/.local/lib/python3.7/site-packages/airflow/example_dags/example_dag_decorator.py for tasks to queue
[2022-07-06 20:18:00,304] {logging_mixin.py:115} INFO - [2022-07-06 20:18:00,304] {dagbag.py:507} INFO - Filling up the DagBag from /home/airflow/.local/lib/python3.7/site-packages/airflow/example_dags/example_dag_decorator.py
[2022-07-06 20:18:00,358] {processor.py:651} INFO - DAG(s) dict_keys(['example_dag_decorator']) retrieved from /home/airflow/.local/lib/python3.7/site-packages/airflow/example_dags/example_dag_decorator.py
[2022-07-06 20:18:00,445] {logging_mixin.py:115} INFO - [2022-07-06 20:18:00,445] {dag.py:2379} INFO - Sync 1 DAGs
[2022-07-06 20:18:00,629] {logging_mixin.py:115} INFO - [2022-07-06 20:18:00,629] {dag.py:2931} INFO - Setting next_dagrun for example_dag_decorator to None, run_after=None
[2022-07-06 20:18:00,671] {processor.py:161} INFO - Processing /home/airflow/.local/lib/python3.7/site-packages/airflow/example_dags/example_dag_decorator.py took 0.383 seconds
[2022-07-06 20:18:30,840] {processor.py:153} INFO - Started process (PID=2388) to work on /home/airflow/.local/lib/python3.7/site-packages/airflow/example_dags/example_dag_decorator.py
[2022-07-06 20:18:30,866] {processor.py:641} INFO - Processing file /home/airflow/.local/lib/python3.7/site-packages/airflow/example_dags/example_dag_decorator.py for tasks to queue
[2022-07-06 20:18:30,867] {logging_mixin.py:115} INFO - [2022-07-06 20:18:30,867] {dagbag.py:507} INFO - Filling up the DagBag from /home/airflow/.local/lib/python3.7/site-packages/airflow/example_dags/example_dag_decorator.py
[2022-07-06 20:18:30,929] {processor.py:651} INFO - DAG(s) dict_keys(['example_dag_decorator']) retrieved from /home/airflow/.local/lib/python3.7/site-packages/airflow/example_dags/example_dag_decorator.py
[2022-07-06 20:18:31,071] {logging_mixin.py:115} INFO - [2022-07-06 20:18:31,071] {dag.py:2379} INFO - Sync 1 DAGs
[2022-07-06 20:18:31,274] {logging_mixin.py:115} INFO - [2022-07-06 20:18:31,274] {dag.py:2931} INFO - Setting next_dagrun for example_dag_decorator to None, run_after=None
[2022-07-06 20:18:31,342] {processor.py:161} INFO - Processing /home/airflow/.local/lib/python3.7/site-packages/airflow/example_dags/example_dag_decorator.py took 0.505 seconds
[2022-07-06 20:19:02,022] {processor.py:153} INFO - Started process (PID=2440) to work on /home/airflow/.local/lib/python3.7/site-packages/airflow/example_dags/example_dag_decorator.py
[2022-07-06 20:19:02,023] {processor.py:641} INFO - Processing file /home/airflow/.local/lib/python3.7/site-packages/airflow/example_dags/example_dag_decorator.py for tasks to queue
[2022-07-06 20:19:02,024] {logging_mixin.py:115} INFO - [2022-07-06 20:19:02,024] {dagbag.py:507} INFO - Filling up the DagBag from /home/airflow/.local/lib/python3.7/site-packages/airflow/example_dags/example_dag_decorator.py
[2022-07-06 20:19:02,073] {processor.py:651} INFO - DAG(s) dict_keys(['example_dag_decorator']) retrieved from /home/airflow/.local/lib/python3.7/site-packages/airflow/example_dags/example_dag_decorator.py
[2022-07-06 20:19:02,198] {logging_mixin.py:115} INFO - [2022-07-06 20:19:02,198] {dag.py:2379} INFO - Sync 1 DAGs
[2022-07-06 20:19:02,351] {logging_mixin.py:115} INFO - [2022-07-06 20:19:02,351] {dag.py:2931} INFO - Setting next_dagrun for example_dag_decorator to None, run_after=None
[2022-07-06 20:19:02,374] {processor.py:161} INFO - Processing /home/airflow/.local/lib/python3.7/site-packages/airflow/example_dags/example_dag_decorator.py took 0.368 seconds
[2022-07-06 20:19:32,509] {processor.py:153} INFO - Started process (PID=2502) to work on /home/airflow/.local/lib/python3.7/site-packages/airflow/example_dags/example_dag_decorator.py
[2022-07-06 20:19:32,537] {processor.py:641} INFO - Processing file /home/airflow/.local/lib/python3.7/site-packages/airflow/example_dags/example_dag_decorator.py for tasks to queue
[2022-07-06 20:19:32,538] {logging_mixin.py:115} INFO - [2022-07-06 20:19:32,538] {dagbag.py:507} INFO - Filling up the DagBag from /home/airflow/.local/lib/python3.7/site-packages/airflow/example_dags/example_dag_decorator.py
[2022-07-06 20:19:32,581] {processor.py:651} INFO - DAG(s) dict_keys(['example_dag_decorator']) retrieved from /home/airflow/.local/lib/python3.7/site-packages/airflow/example_dags/example_dag_decorator.py
[2022-07-06 20:19:33,366] {logging_mixin.py:115} INFO - [2022-07-06 20:19:33,366] {dag.py:2379} INFO - Sync 1 DAGs
[2022-07-06 20:19:33,410] {logging_mixin.py:115} INFO - [2022-07-06 20:19:33,409] {dag.py:2931} INFO - Setting next_dagrun for example_dag_decorator to None, run_after=None
[2022-07-06 20:19:33,449] {processor.py:161} INFO - Processing /home/airflow/.local/lib/python3.7/site-packages/airflow/example_dags/example_dag_decorator.py took 0.945 seconds
[2022-07-06 20:20:03,817] {processor.py:153} INFO - Started process (PID=2554) to work on /home/airflow/.local/lib/python3.7/site-packages/airflow/example_dags/example_dag_decorator.py
[2022-07-06 20:20:03,818] {processor.py:641} INFO - Processing file /home/airflow/.local/lib/python3.7/site-packages/airflow/example_dags/example_dag_decorator.py for tasks to queue
[2022-07-06 20:20:03,819] {logging_mixin.py:115} INFO - [2022-07-06 20:20:03,819] {dagbag.py:507} INFO - Filling up the DagBag from /home/airflow/.local/lib/python3.7/site-packages/airflow/example_dags/example_dag_decorator.py
[2022-07-06 20:20:03,867] {processor.py:651} INFO - DAG(s) dict_keys(['example_dag_decorator']) retrieved from /home/airflow/.local/lib/python3.7/site-packages/airflow/example_dags/example_dag_decorator.py
[2022-07-06 20:20:04,169] {logging_mixin.py:115} INFO - [2022-07-06 20:20:04,169] {dag.py:2379} INFO - Sync 1 DAGs
[2022-07-06 20:20:04,202] {logging_mixin.py:115} INFO - [2022-07-06 20:20:04,201] {dag.py:2931} INFO - Setting next_dagrun for example_dag_decorator to None, run_after=None
[2022-07-06 20:20:04,267] {processor.py:161} INFO - Processing /home/airflow/.local/lib/python3.7/site-packages/airflow/example_dags/example_dag_decorator.py took 0.455 seconds
[2022-07-06 20:20:34,489] {processor.py:153} INFO - Started process (PID=2607) to work on /home/airflow/.local/lib/python3.7/site-packages/airflow/example_dags/example_dag_decorator.py
[2022-07-06 20:20:34,510] {processor.py:641} INFO - Processing file /home/airflow/.local/lib/python3.7/site-packages/airflow/example_dags/example_dag_decorator.py for tasks to queue
[2022-07-06 20:20:34,513] {logging_mixin.py:115} INFO - [2022-07-06 20:20:34,512] {dagbag.py:507} INFO - Filling up the DagBag from /home/airflow/.local/lib/python3.7/site-packages/airflow/example_dags/example_dag_decorator.py
[2022-07-06 20:20:34,556] {processor.py:651} INFO - DAG(s) dict_keys(['example_dag_decorator']) retrieved from /home/airflow/.local/lib/python3.7/site-packages/airflow/example_dags/example_dag_decorator.py
[2022-07-06 20:20:34,598] {logging_mixin.py:115} INFO - [2022-07-06 20:20:34,598] {dag.py:2379} INFO - Sync 1 DAGs
[2022-07-06 20:20:34,649] {logging_mixin.py:115} INFO - [2022-07-06 20:20:34,648] {dag.py:2931} INFO - Setting next_dagrun for example_dag_decorator to None, run_after=None
[2022-07-06 20:20:34,668] {processor.py:161} INFO - Processing /home/airflow/.local/lib/python3.7/site-packages/airflow/example_dags/example_dag_decorator.py took 0.183 seconds
[2022-07-06 20:21:05,307] {processor.py:153} INFO - Started process (PID=2669) to work on /home/airflow/.local/lib/python3.7/site-packages/airflow/example_dags/example_dag_decorator.py
[2022-07-06 20:21:05,309] {processor.py:641} INFO - Processing file /home/airflow/.local/lib/python3.7/site-packages/airflow/example_dags/example_dag_decorator.py for tasks to queue
[2022-07-06 20:21:05,311] {logging_mixin.py:115} INFO - [2022-07-06 20:21:05,311] {dagbag.py:507} INFO - Filling up the DagBag from /home/airflow/.local/lib/python3.7/site-packages/airflow/example_dags/example_dag_decorator.py
[2022-07-06 20:21:05,386] {processor.py:651} INFO - DAG(s) dict_keys(['example_dag_decorator']) retrieved from /home/airflow/.local/lib/python3.7/site-packages/airflow/example_dags/example_dag_decorator.py
[2022-07-06 20:21:05,714] {logging_mixin.py:115} INFO - [2022-07-06 20:21:05,714] {dag.py:2379} INFO - Sync 1 DAGs
[2022-07-06 20:21:05,742] {logging_mixin.py:115} INFO - [2022-07-06 20:21:05,742] {dag.py:2931} INFO - Setting next_dagrun for example_dag_decorator to None, run_after=None
[2022-07-06 20:21:05,796] {processor.py:161} INFO - Processing /home/airflow/.local/lib/python3.7/site-packages/airflow/example_dags/example_dag_decorator.py took 0.503 seconds
[2022-07-06 20:21:36,455] {processor.py:153} INFO - Started process (PID=2720) to work on /home/airflow/.local/lib/python3.7/site-packages/airflow/example_dags/example_dag_decorator.py
[2022-07-06 20:21:36,490] {processor.py:641} INFO - Processing file /home/airflow/.local/lib/python3.7/site-packages/airflow/example_dags/example_dag_decorator.py for tasks to queue
[2022-07-06 20:21:36,491] {logging_mixin.py:115} INFO - [2022-07-06 20:21:36,491] {dagbag.py:507} INFO - Filling up the DagBag from /home/airflow/.local/lib/python3.7/site-packages/airflow/example_dags/example_dag_decorator.py
[2022-07-06 20:21:36,534] {processor.py:651} INFO - DAG(s) dict_keys(['example_dag_decorator']) retrieved from /home/airflow/.local/lib/python3.7/site-packages/airflow/example_dags/example_dag_decorator.py
[2022-07-06 20:21:36,578] {logging_mixin.py:115} INFO - [2022-07-06 20:21:36,578] {dag.py:2379} INFO - Sync 1 DAGs
[2022-07-06 20:21:36,624] {logging_mixin.py:115} INFO - [2022-07-06 20:21:36,624] {dag.py:2931} INFO - Setting next_dagrun for example_dag_decorator to None, run_after=None
[2022-07-06 20:21:36,663] {processor.py:161} INFO - Processing /home/airflow/.local/lib/python3.7/site-packages/airflow/example_dags/example_dag_decorator.py took 0.214 seconds
[2022-07-06 20:22:06,873] {processor.py:153} INFO - Started process (PID=2771) to work on /home/airflow/.local/lib/python3.7/site-packages/airflow/example_dags/example_dag_decorator.py
[2022-07-06 20:22:06,910] {processor.py:641} INFO - Processing file /home/airflow/.local/lib/python3.7/site-packages/airflow/example_dags/example_dag_decorator.py for tasks to queue
[2022-07-06 20:22:06,911] {logging_mixin.py:115} INFO - [2022-07-06 20:22:06,911] {dagbag.py:507} INFO - Filling up the DagBag from /home/airflow/.local/lib/python3.7/site-packages/airflow/example_dags/example_dag_decorator.py
[2022-07-06 20:22:06,982] {processor.py:651} INFO - DAG(s) dict_keys(['example_dag_decorator']) retrieved from /home/airflow/.local/lib/python3.7/site-packages/airflow/example_dags/example_dag_decorator.py
[2022-07-06 20:22:07,037] {logging_mixin.py:115} INFO - [2022-07-06 20:22:07,037] {dag.py:2379} INFO - Sync 1 DAGs
[2022-07-06 20:22:07,083] {logging_mixin.py:115} INFO - [2022-07-06 20:22:07,083] {dag.py:2931} INFO - Setting next_dagrun for example_dag_decorator to None, run_after=None
[2022-07-06 20:22:07,161] {processor.py:161} INFO - Processing /home/airflow/.local/lib/python3.7/site-packages/airflow/example_dags/example_dag_decorator.py took 0.309 seconds
[2022-07-06 20:22:37,923] {processor.py:153} INFO - Started process (PID=2822) to work on /home/airflow/.local/lib/python3.7/site-packages/airflow/example_dags/example_dag_decorator.py
[2022-07-06 20:22:37,951] {processor.py:641} INFO - Processing file /home/airflow/.local/lib/python3.7/site-packages/airflow/example_dags/example_dag_decorator.py for tasks to queue
[2022-07-06 20:22:37,952] {logging_mixin.py:115} INFO - [2022-07-06 20:22:37,951] {dagbag.py:507} INFO - Filling up the DagBag from /home/airflow/.local/lib/python3.7/site-packages/airflow/example_dags/example_dag_decorator.py
[2022-07-06 20:22:38,036] {processor.py:651} INFO - DAG(s) dict_keys(['example_dag_decorator']) retrieved from /home/airflow/.local/lib/python3.7/site-packages/airflow/example_dags/example_dag_decorator.py
[2022-07-06 20:22:38,285] {logging_mixin.py:115} INFO - [2022-07-06 20:22:38,285] {dag.py:2379} INFO - Sync 1 DAGs
[2022-07-06 20:22:38,321] {logging_mixin.py:115} INFO - [2022-07-06 20:22:38,321] {dag.py:2931} INFO - Setting next_dagrun for example_dag_decorator to None, run_after=None
[2022-07-06 20:22:38,371] {processor.py:161} INFO - Processing /home/airflow/.local/lib/python3.7/site-packages/airflow/example_dags/example_dag_decorator.py took 0.453 seconds
[2022-07-06 20:23:09,108] {processor.py:153} INFO - Started process (PID=2882) to work on /home/airflow/.local/lib/python3.7/site-packages/airflow/example_dags/example_dag_decorator.py
[2022-07-06 20:23:09,109] {processor.py:641} INFO - Processing file /home/airflow/.local/lib/python3.7/site-packages/airflow/example_dags/example_dag_decorator.py for tasks to queue
[2022-07-06 20:23:09,110] {logging_mixin.py:115} INFO - [2022-07-06 20:23:09,110] {dagbag.py:507} INFO - Filling up the DagBag from /home/airflow/.local/lib/python3.7/site-packages/airflow/example_dags/example_dag_decorator.py
[2022-07-06 20:23:09,168] {processor.py:651} INFO - DAG(s) dict_keys(['example_dag_decorator']) retrieved from /home/airflow/.local/lib/python3.7/site-packages/airflow/example_dags/example_dag_decorator.py
[2022-07-06 20:23:09,214] {logging_mixin.py:115} INFO - [2022-07-06 20:23:09,213] {dag.py:2379} INFO - Sync 1 DAGs
[2022-07-06 20:23:09,260] {logging_mixin.py:115} INFO - [2022-07-06 20:23:09,260] {dag.py:2931} INFO - Setting next_dagrun for example_dag_decorator to None, run_after=None
[2022-07-06 20:23:09,288] {processor.py:161} INFO - Processing /home/airflow/.local/lib/python3.7/site-packages/airflow/example_dags/example_dag_decorator.py took 0.185 seconds
[2022-07-06 20:23:39,662] {processor.py:153} INFO - Started process (PID=2933) to work on /home/airflow/.local/lib/python3.7/site-packages/airflow/example_dags/example_dag_decorator.py
[2022-07-06 20:23:39,677] {processor.py:641} INFO - Processing file /home/airflow/.local/lib/python3.7/site-packages/airflow/example_dags/example_dag_decorator.py for tasks to queue
[2022-07-06 20:23:39,678] {logging_mixin.py:115} INFO - [2022-07-06 20:23:39,678] {dagbag.py:507} INFO - Filling up the DagBag from /home/airflow/.local/lib/python3.7/site-packages/airflow/example_dags/example_dag_decorator.py
[2022-07-06 20:23:39,714] {processor.py:651} INFO - DAG(s) dict_keys(['example_dag_decorator']) retrieved from /home/airflow/.local/lib/python3.7/site-packages/airflow/example_dags/example_dag_decorator.py
[2022-07-06 20:23:40,031] {logging_mixin.py:115} INFO - [2022-07-06 20:23:40,031] {dag.py:2379} INFO - Sync 1 DAGs
[2022-07-06 20:23:40,067] {logging_mixin.py:115} INFO - [2022-07-06 20:23:40,067] {dag.py:2931} INFO - Setting next_dagrun for example_dag_decorator to None, run_after=None
[2022-07-06 20:23:40,093] {processor.py:161} INFO - Processing /home/airflow/.local/lib/python3.7/site-packages/airflow/example_dags/example_dag_decorator.py took 0.435 seconds
[2022-07-06 20:24:10,440] {processor.py:153} INFO - Started process (PID=2984) to work on /home/airflow/.local/lib/python3.7/site-packages/airflow/example_dags/example_dag_decorator.py
[2022-07-06 20:24:10,441] {processor.py:641} INFO - Processing file /home/airflow/.local/lib/python3.7/site-packages/airflow/example_dags/example_dag_decorator.py for tasks to queue
[2022-07-06 20:24:10,441] {logging_mixin.py:115} INFO - [2022-07-06 20:24:10,441] {dagbag.py:507} INFO - Filling up the DagBag from /home/airflow/.local/lib/python3.7/site-packages/airflow/example_dags/example_dag_decorator.py
[2022-07-06 20:24:10,478] {processor.py:651} INFO - DAG(s) dict_keys(['example_dag_decorator']) retrieved from /home/airflow/.local/lib/python3.7/site-packages/airflow/example_dags/example_dag_decorator.py
[2022-07-06 20:24:10,769] {logging_mixin.py:115} INFO - [2022-07-06 20:24:10,769] {dag.py:2379} INFO - Sync 1 DAGs
[2022-07-06 20:24:10,797] {logging_mixin.py:115} INFO - [2022-07-06 20:24:10,796] {dag.py:2931} INFO - Setting next_dagrun for example_dag_decorator to None, run_after=None
[2022-07-06 20:24:10,823] {processor.py:161} INFO - Processing /home/airflow/.local/lib/python3.7/site-packages/airflow/example_dags/example_dag_decorator.py took 0.387 seconds
[2022-07-06 20:24:41,418] {processor.py:153} INFO - Started process (PID=3034) to work on /home/airflow/.local/lib/python3.7/site-packages/airflow/example_dags/example_dag_decorator.py
[2022-07-06 20:24:41,423] {processor.py:641} INFO - Processing file /home/airflow/.local/lib/python3.7/site-packages/airflow/example_dags/example_dag_decorator.py for tasks to queue
[2022-07-06 20:24:41,423] {logging_mixin.py:115} INFO - [2022-07-06 20:24:41,423] {dagbag.py:507} INFO - Filling up the DagBag from /home/airflow/.local/lib/python3.7/site-packages/airflow/example_dags/example_dag_decorator.py
[2022-07-06 20:24:41,481] {processor.py:651} INFO - DAG(s) dict_keys(['example_dag_decorator']) retrieved from /home/airflow/.local/lib/python3.7/site-packages/airflow/example_dags/example_dag_decorator.py
[2022-07-06 20:24:42,083] {logging_mixin.py:115} INFO - [2022-07-06 20:24:42,083] {dag.py:2379} INFO - Sync 1 DAGs
[2022-07-06 20:24:42,137] {logging_mixin.py:115} INFO - [2022-07-06 20:24:42,137] {dag.py:2931} INFO - Setting next_dagrun for example_dag_decorator to None, run_after=None
[2022-07-06 20:24:42,181] {processor.py:161} INFO - Processing /home/airflow/.local/lib/python3.7/site-packages/airflow/example_dags/example_dag_decorator.py took 0.774 seconds
[2022-07-06 20:25:12,742] {processor.py:153} INFO - Started process (PID=3086) to work on /home/airflow/.local/lib/python3.7/site-packages/airflow/example_dags/example_dag_decorator.py
[2022-07-06 20:25:12,816] {processor.py:641} INFO - Processing file /home/airflow/.local/lib/python3.7/site-packages/airflow/example_dags/example_dag_decorator.py for tasks to queue
[2022-07-06 20:25:12,861] {logging_mixin.py:115} INFO - [2022-07-06 20:25:12,861] {dagbag.py:507} INFO - Filling up the DagBag from /home/airflow/.local/lib/python3.7/site-packages/airflow/example_dags/example_dag_decorator.py
[2022-07-06 20:25:12,895] {processor.py:651} INFO - DAG(s) dict_keys(['example_dag_decorator']) retrieved from /home/airflow/.local/lib/python3.7/site-packages/airflow/example_dags/example_dag_decorator.py
[2022-07-06 20:25:13,195] {logging_mixin.py:115} INFO - [2022-07-06 20:25:13,195] {dag.py:2379} INFO - Sync 1 DAGs
[2022-07-06 20:25:13,231] {logging_mixin.py:115} INFO - [2022-07-06 20:25:13,231] {dag.py:2931} INFO - Setting next_dagrun for example_dag_decorator to None, run_after=None
[2022-07-06 20:25:13,413] {processor.py:161} INFO - Processing /home/airflow/.local/lib/python3.7/site-packages/airflow/example_dags/example_dag_decorator.py took 0.680 seconds
[2022-07-06 20:25:43,643] {processor.py:153} INFO - Started process (PID=3149) to work on /home/airflow/.local/lib/python3.7/site-packages/airflow/example_dags/example_dag_decorator.py
[2022-07-06 20:25:43,643] {processor.py:641} INFO - Processing file /home/airflow/.local/lib/python3.7/site-packages/airflow/example_dags/example_dag_decorator.py for tasks to queue
[2022-07-06 20:25:43,644] {logging_mixin.py:115} INFO - [2022-07-06 20:25:43,644] {dagbag.py:507} INFO - Filling up the DagBag from /home/airflow/.local/lib/python3.7/site-packages/airflow/example_dags/example_dag_decorator.py
[2022-07-06 20:25:43,687] {processor.py:651} INFO - DAG(s) dict_keys(['example_dag_decorator']) retrieved from /home/airflow/.local/lib/python3.7/site-packages/airflow/example_dags/example_dag_decorator.py
[2022-07-06 20:25:43,996] {logging_mixin.py:115} INFO - [2022-07-06 20:25:43,996] {dag.py:2379} INFO - Sync 1 DAGs
[2022-07-06 20:25:44,029] {logging_mixin.py:115} INFO - [2022-07-06 20:25:44,029] {dag.py:2931} INFO - Setting next_dagrun for example_dag_decorator to None, run_after=None
[2022-07-06 20:25:44,066] {processor.py:161} INFO - Processing /home/airflow/.local/lib/python3.7/site-packages/airflow/example_dags/example_dag_decorator.py took 0.429 seconds
[2022-07-06 20:26:14,215] {processor.py:153} INFO - Started process (PID=3200) to work on /home/airflow/.local/lib/python3.7/site-packages/airflow/example_dags/example_dag_decorator.py
[2022-07-06 20:26:14,243] {processor.py:641} INFO - Processing file /home/airflow/.local/lib/python3.7/site-packages/airflow/example_dags/example_dag_decorator.py for tasks to queue
[2022-07-06 20:26:14,244] {logging_mixin.py:115} INFO - [2022-07-06 20:26:14,244] {dagbag.py:507} INFO - Filling up the DagBag from /home/airflow/.local/lib/python3.7/site-packages/airflow/example_dags/example_dag_decorator.py
[2022-07-06 20:26:14,286] {processor.py:651} INFO - DAG(s) dict_keys(['example_dag_decorator']) retrieved from /home/airflow/.local/lib/python3.7/site-packages/airflow/example_dags/example_dag_decorator.py
[2022-07-06 20:26:14,321] {logging_mixin.py:115} INFO - [2022-07-06 20:26:14,321] {dag.py:2379} INFO - Sync 1 DAGs
[2022-07-06 20:26:14,353] {logging_mixin.py:115} INFO - [2022-07-06 20:26:14,352] {dag.py:2931} INFO - Setting next_dagrun for example_dag_decorator to None, run_after=None
[2022-07-06 20:26:14,377] {processor.py:161} INFO - Processing /home/airflow/.local/lib/python3.7/site-packages/airflow/example_dags/example_dag_decorator.py took 0.169 seconds
[2022-07-06 20:26:45,108] {processor.py:153} INFO - Started process (PID=3254) to work on /home/airflow/.local/lib/python3.7/site-packages/airflow/example_dags/example_dag_decorator.py
[2022-07-06 20:26:45,109] {processor.py:641} INFO - Processing file /home/airflow/.local/lib/python3.7/site-packages/airflow/example_dags/example_dag_decorator.py for tasks to queue
[2022-07-06 20:26:45,111] {logging_mixin.py:115} INFO - [2022-07-06 20:26:45,110] {dagbag.py:507} INFO - Filling up the DagBag from /home/airflow/.local/lib/python3.7/site-packages/airflow/example_dags/example_dag_decorator.py
[2022-07-06 20:26:45,169] {processor.py:651} INFO - DAG(s) dict_keys(['example_dag_decorator']) retrieved from /home/airflow/.local/lib/python3.7/site-packages/airflow/example_dags/example_dag_decorator.py
[2022-07-06 20:26:45,693] {logging_mixin.py:115} INFO - [2022-07-06 20:26:45,692] {dag.py:2379} INFO - Sync 1 DAGs
[2022-07-06 20:26:45,751] {logging_mixin.py:115} INFO - [2022-07-06 20:26:45,751] {dag.py:2931} INFO - Setting next_dagrun for example_dag_decorator to None, run_after=None
[2022-07-06 20:26:45,826] {processor.py:161} INFO - Processing /home/airflow/.local/lib/python3.7/site-packages/airflow/example_dags/example_dag_decorator.py took 0.722 seconds
