[2022-07-06 19:39:19,621] {processor.py:153} INFO - Started process (PID=156) to work on /home/airflow/.local/lib/python3.7/site-packages/airflow/example_dags/example_branch_datetime_operator.py
[2022-07-06 19:39:19,621] {processor.py:641} INFO - Processing file /home/airflow/.local/lib/python3.7/site-packages/airflow/example_dags/example_branch_datetime_operator.py for tasks to queue
[2022-07-06 19:39:19,622] {logging_mixin.py:115} INFO - [2022-07-06 19:39:19,622] {dagbag.py:507} INFO - Filling up the DagBag from /home/airflow/.local/lib/python3.7/site-packages/airflow/example_dags/example_branch_datetime_operator.py
[2022-07-06 19:39:19,912] {processor.py:651} INFO - DAG(s) dict_keys(['example_branch_datetime_operator_2']) retrieved from /home/airflow/.local/lib/python3.7/site-packages/airflow/example_dags/example_branch_datetime_operator.py
[2022-07-06 19:39:20,981] {logging_mixin.py:115} INFO - [2022-07-06 19:39:20,981] {manager.py:508} INFO - Created Permission View: can delete on DAG:example_branch_datetime_operator_2
[2022-07-06 19:39:21,922] {logging_mixin.py:115} INFO - [2022-07-06 19:39:21,921] {manager.py:508} INFO - Created Permission View: can edit on DAG:example_branch_datetime_operator_2
[2022-07-06 19:39:22,339] {logging_mixin.py:115} INFO - [2022-07-06 19:39:22,339] {manager.py:508} INFO - Created Permission View: can read on DAG:example_branch_datetime_operator_2
[2022-07-06 19:39:22,340] {logging_mixin.py:115} INFO - [2022-07-06 19:39:22,340] {dag.py:2379} INFO - Sync 1 DAGs
[2022-07-06 19:39:22,599] {logging_mixin.py:115} INFO - [2022-07-06 19:39:22,598] {dag.py:2398} INFO - Creating ORM DAG for example_branch_datetime_operator_2
[2022-07-06 19:39:22,790] {logging_mixin.py:115} INFO - [2022-07-06 19:39:22,789] {dag.py:2931} INFO - Setting next_dagrun for example_branch_datetime_operator_2 to 2022-07-05T00:00:00+00:00, run_after=2022-07-06T00:00:00+00:00
[2022-07-06 19:39:24,010] {processor.py:161} INFO - Processing /home/airflow/.local/lib/python3.7/site-packages/airflow/example_dags/example_branch_datetime_operator.py took 4.392 seconds
[2022-07-06 19:39:54,672] {processor.py:153} INFO - Started process (PID=205) to work on /home/airflow/.local/lib/python3.7/site-packages/airflow/example_dags/example_branch_datetime_operator.py
[2022-07-06 19:39:54,858] {processor.py:641} INFO - Processing file /home/airflow/.local/lib/python3.7/site-packages/airflow/example_dags/example_branch_datetime_operator.py for tasks to queue
[2022-07-06 19:39:54,859] {logging_mixin.py:115} INFO - [2022-07-06 19:39:54,859] {dagbag.py:507} INFO - Filling up the DagBag from /home/airflow/.local/lib/python3.7/site-packages/airflow/example_dags/example_branch_datetime_operator.py
[2022-07-06 19:39:54,885] {processor.py:651} INFO - DAG(s) dict_keys(['example_branch_datetime_operator_2']) retrieved from /home/airflow/.local/lib/python3.7/site-packages/airflow/example_dags/example_branch_datetime_operator.py
[2022-07-06 19:39:54,923] {logging_mixin.py:115} INFO - [2022-07-06 19:39:54,923] {dag.py:2379} INFO - Sync 1 DAGs
[2022-07-06 19:39:54,974] {logging_mixin.py:115} INFO - [2022-07-06 19:39:54,974] {dag.py:2931} INFO - Setting next_dagrun for example_branch_datetime_operator_2 to 2022-07-05T00:00:00+00:00, run_after=2022-07-06T00:00:00+00:00
[2022-07-06 19:39:55,100] {processor.py:161} INFO - Processing /home/airflow/.local/lib/python3.7/site-packages/airflow/example_dags/example_branch_datetime_operator.py took 0.437 seconds
[2022-07-06 19:40:25,240] {processor.py:153} INFO - Started process (PID=258) to work on /home/airflow/.local/lib/python3.7/site-packages/airflow/example_dags/example_branch_datetime_operator.py
[2022-07-06 19:40:25,254] {processor.py:641} INFO - Processing file /home/airflow/.local/lib/python3.7/site-packages/airflow/example_dags/example_branch_datetime_operator.py for tasks to queue
[2022-07-06 19:40:25,255] {logging_mixin.py:115} INFO - [2022-07-06 19:40:25,255] {dagbag.py:507} INFO - Filling up the DagBag from /home/airflow/.local/lib/python3.7/site-packages/airflow/example_dags/example_branch_datetime_operator.py
[2022-07-06 19:40:25,267] {processor.py:651} INFO - DAG(s) dict_keys(['example_branch_datetime_operator_2']) retrieved from /home/airflow/.local/lib/python3.7/site-packages/airflow/example_dags/example_branch_datetime_operator.py
[2022-07-06 19:40:25,301] {logging_mixin.py:115} INFO - [2022-07-06 19:40:25,301] {dag.py:2379} INFO - Sync 1 DAGs
[2022-07-06 19:40:25,341] {logging_mixin.py:115} INFO - [2022-07-06 19:40:25,341] {dag.py:2931} INFO - Setting next_dagrun for example_branch_datetime_operator_2 to 2022-07-05T00:00:00+00:00, run_after=2022-07-06T00:00:00+00:00
[2022-07-06 19:40:25,422] {processor.py:161} INFO - Processing /home/airflow/.local/lib/python3.7/site-packages/airflow/example_dags/example_branch_datetime_operator.py took 0.185 seconds
[2022-07-06 19:40:55,919] {processor.py:153} INFO - Started process (PID=320) to work on /home/airflow/.local/lib/python3.7/site-packages/airflow/example_dags/example_branch_datetime_operator.py
[2022-07-06 19:40:55,920] {processor.py:641} INFO - Processing file /home/airflow/.local/lib/python3.7/site-packages/airflow/example_dags/example_branch_datetime_operator.py for tasks to queue
[2022-07-06 19:40:55,921] {logging_mixin.py:115} INFO - [2022-07-06 19:40:55,920] {dagbag.py:507} INFO - Filling up the DagBag from /home/airflow/.local/lib/python3.7/site-packages/airflow/example_dags/example_branch_datetime_operator.py
[2022-07-06 19:40:55,937] {processor.py:651} INFO - DAG(s) dict_keys(['example_branch_datetime_operator_2']) retrieved from /home/airflow/.local/lib/python3.7/site-packages/airflow/example_dags/example_branch_datetime_operator.py
[2022-07-06 19:40:56,020] {logging_mixin.py:115} INFO - [2022-07-06 19:40:56,020] {dag.py:2379} INFO - Sync 1 DAGs
[2022-07-06 19:40:56,059] {logging_mixin.py:115} INFO - [2022-07-06 19:40:56,059] {dag.py:2931} INFO - Setting next_dagrun for example_branch_datetime_operator_2 to 2022-07-05T00:00:00+00:00, run_after=2022-07-06T00:00:00+00:00
[2022-07-06 19:40:56,211] {processor.py:161} INFO - Processing /home/airflow/.local/lib/python3.7/site-packages/airflow/example_dags/example_branch_datetime_operator.py took 0.296 seconds
[2022-07-06 19:41:26,269] {processor.py:153} INFO - Started process (PID=371) to work on /home/airflow/.local/lib/python3.7/site-packages/airflow/example_dags/example_branch_datetime_operator.py
[2022-07-06 19:41:26,392] {processor.py:641} INFO - Processing file /home/airflow/.local/lib/python3.7/site-packages/airflow/example_dags/example_branch_datetime_operator.py for tasks to queue
[2022-07-06 19:41:26,395] {logging_mixin.py:115} INFO - [2022-07-06 19:41:26,394] {dagbag.py:507} INFO - Filling up the DagBag from /home/airflow/.local/lib/python3.7/site-packages/airflow/example_dags/example_branch_datetime_operator.py
[2022-07-06 19:41:26,455] {processor.py:651} INFO - DAG(s) dict_keys(['example_branch_datetime_operator_2']) retrieved from /home/airflow/.local/lib/python3.7/site-packages/airflow/example_dags/example_branch_datetime_operator.py
[2022-07-06 19:41:26,507] {logging_mixin.py:115} INFO - [2022-07-06 19:41:26,507] {dag.py:2379} INFO - Sync 1 DAGs
[2022-07-06 19:41:26,534] {logging_mixin.py:115} INFO - [2022-07-06 19:41:26,534] {dag.py:2931} INFO - Setting next_dagrun for example_branch_datetime_operator_2 to 2022-07-05T00:00:00+00:00, run_after=2022-07-06T00:00:00+00:00
[2022-07-06 19:41:26,809] {processor.py:161} INFO - Processing /home/airflow/.local/lib/python3.7/site-packages/airflow/example_dags/example_branch_datetime_operator.py took 0.549 seconds
[2022-07-06 19:43:06,371] {processor.py:153} INFO - Started process (PID=411) to work on /home/airflow/.local/lib/python3.7/site-packages/airflow/example_dags/example_branch_datetime_operator.py
[2022-07-06 19:43:06,531] {processor.py:641} INFO - Processing file /home/airflow/.local/lib/python3.7/site-packages/airflow/example_dags/example_branch_datetime_operator.py for tasks to queue
[2022-07-06 19:43:06,533] {logging_mixin.py:115} INFO - [2022-07-06 19:43:06,532] {dagbag.py:507} INFO - Filling up the DagBag from /home/airflow/.local/lib/python3.7/site-packages/airflow/example_dags/example_branch_datetime_operator.py
[2022-07-06 19:43:17,187] {processor.py:651} INFO - DAG(s) dict_keys(['example_branch_datetime_operator_2']) retrieved from /home/airflow/.local/lib/python3.7/site-packages/airflow/example_dags/example_branch_datetime_operator.py
[2022-07-06 19:43:50,052] {logging_mixin.py:115} INFO - [2022-07-06 19:43:50,051] {dag.py:2379} INFO - Sync 1 DAGs
[2022-07-06 19:43:51,297] {logging_mixin.py:115} INFO - [2022-07-06 19:43:51,297] {dag.py:2931} INFO - Setting next_dagrun for example_branch_datetime_operator_2 to 2022-07-05T00:00:00+00:00, run_after=2022-07-06T00:00:00+00:00
[2022-07-06 19:45:07,906] {processor.py:153} INFO - Started process (PID=471) to work on /home/airflow/.local/lib/python3.7/site-packages/airflow/example_dags/example_branch_datetime_operator.py
[2022-07-06 19:45:08,140] {processor.py:641} INFO - Processing file /home/airflow/.local/lib/python3.7/site-packages/airflow/example_dags/example_branch_datetime_operator.py for tasks to queue
[2022-07-06 19:45:08,141] {logging_mixin.py:115} INFO - [2022-07-06 19:45:08,141] {dagbag.py:507} INFO - Filling up the DagBag from /home/airflow/.local/lib/python3.7/site-packages/airflow/example_dags/example_branch_datetime_operator.py
[2022-07-06 19:45:08,613] {processor.py:651} INFO - DAG(s) dict_keys(['example_branch_datetime_operator_2']) retrieved from /home/airflow/.local/lib/python3.7/site-packages/airflow/example_dags/example_branch_datetime_operator.py
[2022-07-06 19:45:08,654] {logging_mixin.py:115} INFO - [2022-07-06 19:45:08,654] {dag.py:2379} INFO - Sync 1 DAGs
[2022-07-06 19:45:08,686] {logging_mixin.py:115} INFO - [2022-07-06 19:45:08,686] {dag.py:2931} INFO - Setting next_dagrun for example_branch_datetime_operator_2 to 2022-07-05T00:00:00+00:00, run_after=2022-07-06T00:00:00+00:00
[2022-07-06 19:45:09,068] {processor.py:161} INFO - Processing /home/airflow/.local/lib/python3.7/site-packages/airflow/example_dags/example_branch_datetime_operator.py took 1.166 seconds
[2022-07-06 19:54:39,350] {processor.py:153} INFO - Started process (PID=139) to work on /home/airflow/.local/lib/python3.7/site-packages/airflow/example_dags/example_branch_datetime_operator.py
[2022-07-06 19:54:39,367] {processor.py:641} INFO - Processing file /home/airflow/.local/lib/python3.7/site-packages/airflow/example_dags/example_branch_datetime_operator.py for tasks to queue
[2022-07-06 19:54:39,368] {logging_mixin.py:115} INFO - [2022-07-06 19:54:39,368] {dagbag.py:507} INFO - Filling up the DagBag from /home/airflow/.local/lib/python3.7/site-packages/airflow/example_dags/example_branch_datetime_operator.py
[2022-07-06 19:54:39,709] {processor.py:651} INFO - DAG(s) dict_keys(['example_branch_datetime_operator_2']) retrieved from /home/airflow/.local/lib/python3.7/site-packages/airflow/example_dags/example_branch_datetime_operator.py
[2022-07-06 19:54:39,758] {logging_mixin.py:115} INFO - [2022-07-06 19:54:39,758] {dag.py:2379} INFO - Sync 1 DAGs
[2022-07-06 19:54:39,799] {logging_mixin.py:115} INFO - [2022-07-06 19:54:39,799] {dag.py:2931} INFO - Setting next_dagrun for example_branch_datetime_operator_2 to 2022-07-05T00:00:00+00:00, run_after=2022-07-06T00:00:00+00:00
[2022-07-06 19:54:40,103] {processor.py:161} INFO - Processing /home/airflow/.local/lib/python3.7/site-packages/airflow/example_dags/example_branch_datetime_operator.py took 0.758 seconds
[2022-07-06 19:55:32,730] {processor.py:153} INFO - Started process (PID=201) to work on /home/airflow/.local/lib/python3.7/site-packages/airflow/example_dags/example_branch_datetime_operator.py
[2022-07-06 19:55:33,146] {processor.py:641} INFO - Processing file /home/airflow/.local/lib/python3.7/site-packages/airflow/example_dags/example_branch_datetime_operator.py for tasks to queue
[2022-07-06 19:55:33,148] {logging_mixin.py:115} INFO - [2022-07-06 19:55:33,147] {dagbag.py:507} INFO - Filling up the DagBag from /home/airflow/.local/lib/python3.7/site-packages/airflow/example_dags/example_branch_datetime_operator.py
[2022-07-06 19:55:33,902] {processor.py:651} INFO - DAG(s) dict_keys(['example_branch_datetime_operator_2']) retrieved from /home/airflow/.local/lib/python3.7/site-packages/airflow/example_dags/example_branch_datetime_operator.py
[2022-07-06 19:55:34,211] {logging_mixin.py:115} INFO - [2022-07-06 19:55:34,211] {dag.py:2379} INFO - Sync 1 DAGs
[2022-07-06 19:55:34,552] {logging_mixin.py:115} INFO - [2022-07-06 19:55:34,552] {dag.py:2931} INFO - Setting next_dagrun for example_branch_datetime_operator_2 to 2022-07-05T00:00:00+00:00, run_after=2022-07-06T00:00:00+00:00
[2022-07-06 19:55:35,020] {processor.py:161} INFO - Processing /home/airflow/.local/lib/python3.7/site-packages/airflow/example_dags/example_branch_datetime_operator.py took 2.300 seconds
[2022-07-06 19:58:13,071] {processor.py:153} INFO - Started process (PID=346) to work on /home/airflow/.local/lib/python3.7/site-packages/airflow/example_dags/example_branch_datetime_operator.py
[2022-07-06 19:58:13,183] {processor.py:641} INFO - Processing file /home/airflow/.local/lib/python3.7/site-packages/airflow/example_dags/example_branch_datetime_operator.py for tasks to queue
[2022-07-06 19:58:13,184] {logging_mixin.py:115} INFO - [2022-07-06 19:58:13,184] {dagbag.py:507} INFO - Filling up the DagBag from /home/airflow/.local/lib/python3.7/site-packages/airflow/example_dags/example_branch_datetime_operator.py
[2022-07-06 19:58:13,203] {processor.py:651} INFO - DAG(s) dict_keys(['example_branch_datetime_operator_2']) retrieved from /home/airflow/.local/lib/python3.7/site-packages/airflow/example_dags/example_branch_datetime_operator.py
[2022-07-06 19:58:13,237] {logging_mixin.py:115} INFO - [2022-07-06 19:58:13,237] {dag.py:2379} INFO - Sync 1 DAGs
[2022-07-06 19:58:13,270] {logging_mixin.py:115} INFO - [2022-07-06 19:58:13,270] {dag.py:2931} INFO - Setting next_dagrun for example_branch_datetime_operator_2 to 2022-07-05T00:00:00+00:00, run_after=2022-07-06T00:00:00+00:00
[2022-07-06 19:58:13,361] {processor.py:161} INFO - Processing /home/airflow/.local/lib/python3.7/site-packages/airflow/example_dags/example_branch_datetime_operator.py took 0.294 seconds
[2022-07-06 19:58:44,291] {processor.py:153} INFO - Started process (PID=398) to work on /home/airflow/.local/lib/python3.7/site-packages/airflow/example_dags/example_branch_datetime_operator.py
[2022-07-06 19:58:44,382] {processor.py:641} INFO - Processing file /home/airflow/.local/lib/python3.7/site-packages/airflow/example_dags/example_branch_datetime_operator.py for tasks to queue
[2022-07-06 19:58:44,383] {logging_mixin.py:115} INFO - [2022-07-06 19:58:44,383] {dagbag.py:507} INFO - Filling up the DagBag from /home/airflow/.local/lib/python3.7/site-packages/airflow/example_dags/example_branch_datetime_operator.py
[2022-07-06 19:58:44,423] {processor.py:651} INFO - DAG(s) dict_keys(['example_branch_datetime_operator_2']) retrieved from /home/airflow/.local/lib/python3.7/site-packages/airflow/example_dags/example_branch_datetime_operator.py
[2022-07-06 19:58:44,462] {logging_mixin.py:115} INFO - [2022-07-06 19:58:44,461] {dag.py:2379} INFO - Sync 1 DAGs
[2022-07-06 19:58:44,508] {logging_mixin.py:115} INFO - [2022-07-06 19:58:44,508] {dag.py:2931} INFO - Setting next_dagrun for example_branch_datetime_operator_2 to 2022-07-05T00:00:00+00:00, run_after=2022-07-06T00:00:00+00:00
[2022-07-06 19:58:44,616] {processor.py:161} INFO - Processing /home/airflow/.local/lib/python3.7/site-packages/airflow/example_dags/example_branch_datetime_operator.py took 0.330 seconds
[2022-07-06 19:59:28,980] {processor.py:153} INFO - Started process (PID=459) to work on /home/airflow/.local/lib/python3.7/site-packages/airflow/example_dags/example_branch_datetime_operator.py
[2022-07-06 19:59:29,049] {processor.py:641} INFO - Processing file /home/airflow/.local/lib/python3.7/site-packages/airflow/example_dags/example_branch_datetime_operator.py for tasks to queue
[2022-07-06 19:59:29,050] {logging_mixin.py:115} INFO - [2022-07-06 19:59:29,050] {dagbag.py:507} INFO - Filling up the DagBag from /home/airflow/.local/lib/python3.7/site-packages/airflow/example_dags/example_branch_datetime_operator.py
[2022-07-06 19:59:29,069] {processor.py:651} INFO - DAG(s) dict_keys(['example_branch_datetime_operator_2']) retrieved from /home/airflow/.local/lib/python3.7/site-packages/airflow/example_dags/example_branch_datetime_operator.py
[2022-07-06 19:59:29,221] {logging_mixin.py:115} INFO - [2022-07-06 19:59:29,221] {dag.py:2379} INFO - Sync 1 DAGs
[2022-07-06 19:59:29,253] {logging_mixin.py:115} INFO - [2022-07-06 19:59:29,253] {dag.py:2931} INFO - Setting next_dagrun for example_branch_datetime_operator_2 to 2022-07-05T00:00:00+00:00, run_after=2022-07-06T00:00:00+00:00
[2022-07-06 19:59:29,722] {processor.py:161} INFO - Processing /home/airflow/.local/lib/python3.7/site-packages/airflow/example_dags/example_branch_datetime_operator.py took 0.746 seconds
[2022-07-06 20:00:02,220] {processor.py:153} INFO - Started process (PID=512) to work on /home/airflow/.local/lib/python3.7/site-packages/airflow/example_dags/example_branch_datetime_operator.py
[2022-07-06 20:00:02,221] {processor.py:641} INFO - Processing file /home/airflow/.local/lib/python3.7/site-packages/airflow/example_dags/example_branch_datetime_operator.py for tasks to queue
[2022-07-06 20:00:02,222] {logging_mixin.py:115} INFO - [2022-07-06 20:00:02,221] {dagbag.py:507} INFO - Filling up the DagBag from /home/airflow/.local/lib/python3.7/site-packages/airflow/example_dags/example_branch_datetime_operator.py
[2022-07-06 20:00:02,231] {processor.py:651} INFO - DAG(s) dict_keys(['example_branch_datetime_operator_2']) retrieved from /home/airflow/.local/lib/python3.7/site-packages/airflow/example_dags/example_branch_datetime_operator.py
[2022-07-06 20:00:02,271] {logging_mixin.py:115} INFO - [2022-07-06 20:00:02,271] {dag.py:2379} INFO - Sync 1 DAGs
[2022-07-06 20:00:02,308] {logging_mixin.py:115} INFO - [2022-07-06 20:00:02,307] {dag.py:2931} INFO - Setting next_dagrun for example_branch_datetime_operator_2 to 2022-07-05T00:00:00+00:00, run_after=2022-07-06T00:00:00+00:00
[2022-07-06 20:00:02,366] {processor.py:161} INFO - Processing /home/airflow/.local/lib/python3.7/site-packages/airflow/example_dags/example_branch_datetime_operator.py took 0.149 seconds
[2022-07-06 20:00:32,996] {processor.py:153} INFO - Started process (PID=572) to work on /home/airflow/.local/lib/python3.7/site-packages/airflow/example_dags/example_branch_datetime_operator.py
[2022-07-06 20:00:32,996] {processor.py:641} INFO - Processing file /home/airflow/.local/lib/python3.7/site-packages/airflow/example_dags/example_branch_datetime_operator.py for tasks to queue
[2022-07-06 20:00:32,997] {logging_mixin.py:115} INFO - [2022-07-06 20:00:32,996] {dagbag.py:507} INFO - Filling up the DagBag from /home/airflow/.local/lib/python3.7/site-packages/airflow/example_dags/example_branch_datetime_operator.py
[2022-07-06 20:00:33,006] {processor.py:651} INFO - DAG(s) dict_keys(['example_branch_datetime_operator_2']) retrieved from /home/airflow/.local/lib/python3.7/site-packages/airflow/example_dags/example_branch_datetime_operator.py
[2022-07-06 20:00:33,037] {logging_mixin.py:115} INFO - [2022-07-06 20:00:33,037] {dag.py:2379} INFO - Sync 1 DAGs
[2022-07-06 20:00:33,070] {logging_mixin.py:115} INFO - [2022-07-06 20:00:33,070] {dag.py:2931} INFO - Setting next_dagrun for example_branch_datetime_operator_2 to 2022-07-05T00:00:00+00:00, run_after=2022-07-06T00:00:00+00:00
[2022-07-06 20:00:33,097] {processor.py:161} INFO - Processing /home/airflow/.local/lib/python3.7/site-packages/airflow/example_dags/example_branch_datetime_operator.py took 0.105 seconds
[2022-07-06 20:01:12,822] {processor.py:153} INFO - Started process (PID=631) to work on /home/airflow/.local/lib/python3.7/site-packages/airflow/example_dags/example_branch_datetime_operator.py
[2022-07-06 20:01:12,842] {processor.py:641} INFO - Processing file /home/airflow/.local/lib/python3.7/site-packages/airflow/example_dags/example_branch_datetime_operator.py for tasks to queue
[2022-07-06 20:01:12,843] {logging_mixin.py:115} INFO - [2022-07-06 20:01:12,843] {dagbag.py:507} INFO - Filling up the DagBag from /home/airflow/.local/lib/python3.7/site-packages/airflow/example_dags/example_branch_datetime_operator.py
[2022-07-06 20:01:12,856] {processor.py:651} INFO - DAG(s) dict_keys(['example_branch_datetime_operator_2']) retrieved from /home/airflow/.local/lib/python3.7/site-packages/airflow/example_dags/example_branch_datetime_operator.py
[2022-07-06 20:01:12,887] {logging_mixin.py:115} INFO - [2022-07-06 20:01:12,887] {dag.py:2379} INFO - Sync 1 DAGs
[2022-07-06 20:01:12,919] {logging_mixin.py:115} INFO - [2022-07-06 20:01:12,919] {dag.py:2931} INFO - Setting next_dagrun for example_branch_datetime_operator_2 to 2022-07-05T00:00:00+00:00, run_after=2022-07-06T00:00:00+00:00
[2022-07-06 20:01:13,007] {processor.py:161} INFO - Processing /home/airflow/.local/lib/python3.7/site-packages/airflow/example_dags/example_branch_datetime_operator.py took 0.189 seconds
[2022-07-06 20:01:53,772] {processor.py:153} INFO - Started process (PID=692) to work on /home/airflow/.local/lib/python3.7/site-packages/airflow/example_dags/example_branch_datetime_operator.py
[2022-07-06 20:01:53,790] {processor.py:641} INFO - Processing file /home/airflow/.local/lib/python3.7/site-packages/airflow/example_dags/example_branch_datetime_operator.py for tasks to queue
[2022-07-06 20:01:53,790] {logging_mixin.py:115} INFO - [2022-07-06 20:01:53,790] {dagbag.py:507} INFO - Filling up the DagBag from /home/airflow/.local/lib/python3.7/site-packages/airflow/example_dags/example_branch_datetime_operator.py
[2022-07-06 20:01:53,800] {processor.py:651} INFO - DAG(s) dict_keys(['example_branch_datetime_operator_2']) retrieved from /home/airflow/.local/lib/python3.7/site-packages/airflow/example_dags/example_branch_datetime_operator.py
[2022-07-06 20:01:53,831] {logging_mixin.py:115} INFO - [2022-07-06 20:01:53,831] {dag.py:2379} INFO - Sync 1 DAGs
[2022-07-06 20:01:53,869] {logging_mixin.py:115} INFO - [2022-07-06 20:01:53,869] {dag.py:2931} INFO - Setting next_dagrun for example_branch_datetime_operator_2 to 2022-07-05T00:00:00+00:00, run_after=2022-07-06T00:00:00+00:00
[2022-07-06 20:01:53,898] {processor.py:161} INFO - Processing /home/airflow/.local/lib/python3.7/site-packages/airflow/example_dags/example_branch_datetime_operator.py took 0.130 seconds
[2022-07-06 20:02:25,145] {processor.py:153} INFO - Started process (PID=743) to work on /home/airflow/.local/lib/python3.7/site-packages/airflow/example_dags/example_branch_datetime_operator.py
[2022-07-06 20:02:25,165] {processor.py:641} INFO - Processing file /home/airflow/.local/lib/python3.7/site-packages/airflow/example_dags/example_branch_datetime_operator.py for tasks to queue
[2022-07-06 20:02:25,166] {logging_mixin.py:115} INFO - [2022-07-06 20:02:25,166] {dagbag.py:507} INFO - Filling up the DagBag from /home/airflow/.local/lib/python3.7/site-packages/airflow/example_dags/example_branch_datetime_operator.py
[2022-07-06 20:02:25,197] {processor.py:651} INFO - DAG(s) dict_keys(['example_branch_datetime_operator_2']) retrieved from /home/airflow/.local/lib/python3.7/site-packages/airflow/example_dags/example_branch_datetime_operator.py
[2022-07-06 20:02:25,279] {logging_mixin.py:115} INFO - [2022-07-06 20:02:25,279] {dag.py:2379} INFO - Sync 1 DAGs
[2022-07-06 20:02:25,327] {logging_mixin.py:115} INFO - [2022-07-06 20:02:25,326] {dag.py:2931} INFO - Setting next_dagrun for example_branch_datetime_operator_2 to 2022-07-05T00:00:00+00:00, run_after=2022-07-06T00:00:00+00:00
[2022-07-06 20:02:25,418] {processor.py:161} INFO - Processing /home/airflow/.local/lib/python3.7/site-packages/airflow/example_dags/example_branch_datetime_operator.py took 0.283 seconds
[2022-07-06 20:02:58,542] {processor.py:153} INFO - Started process (PID=803) to work on /home/airflow/.local/lib/python3.7/site-packages/airflow/example_dags/example_branch_datetime_operator.py
[2022-07-06 20:02:58,594] {processor.py:641} INFO - Processing file /home/airflow/.local/lib/python3.7/site-packages/airflow/example_dags/example_branch_datetime_operator.py for tasks to queue
[2022-07-06 20:02:58,595] {logging_mixin.py:115} INFO - [2022-07-06 20:02:58,595] {dagbag.py:507} INFO - Filling up the DagBag from /home/airflow/.local/lib/python3.7/site-packages/airflow/example_dags/example_branch_datetime_operator.py
[2022-07-06 20:02:58,608] {processor.py:651} INFO - DAG(s) dict_keys(['example_branch_datetime_operator_2']) retrieved from /home/airflow/.local/lib/python3.7/site-packages/airflow/example_dags/example_branch_datetime_operator.py
[2022-07-06 20:02:58,640] {logging_mixin.py:115} INFO - [2022-07-06 20:02:58,639] {dag.py:2379} INFO - Sync 1 DAGs
[2022-07-06 20:02:58,673] {logging_mixin.py:115} INFO - [2022-07-06 20:02:58,673] {dag.py:2931} INFO - Setting next_dagrun for example_branch_datetime_operator_2 to 2022-07-05T00:00:00+00:00, run_after=2022-07-06T00:00:00+00:00
[2022-07-06 20:02:58,784] {processor.py:161} INFO - Processing /home/airflow/.local/lib/python3.7/site-packages/airflow/example_dags/example_branch_datetime_operator.py took 0.260 seconds
[2022-07-06 20:03:30,122] {processor.py:153} INFO - Started process (PID=854) to work on /home/airflow/.local/lib/python3.7/site-packages/airflow/example_dags/example_branch_datetime_operator.py
[2022-07-06 20:03:30,124] {processor.py:641} INFO - Processing file /home/airflow/.local/lib/python3.7/site-packages/airflow/example_dags/example_branch_datetime_operator.py for tasks to queue
[2022-07-06 20:03:30,127] {logging_mixin.py:115} INFO - [2022-07-06 20:03:30,126] {dagbag.py:507} INFO - Filling up the DagBag from /home/airflow/.local/lib/python3.7/site-packages/airflow/example_dags/example_branch_datetime_operator.py
[2022-07-06 20:03:30,168] {processor.py:651} INFO - DAG(s) dict_keys(['example_branch_datetime_operator_2']) retrieved from /home/airflow/.local/lib/python3.7/site-packages/airflow/example_dags/example_branch_datetime_operator.py
[2022-07-06 20:03:30,220] {logging_mixin.py:115} INFO - [2022-07-06 20:03:30,220] {dag.py:2379} INFO - Sync 1 DAGs
[2022-07-06 20:03:30,265] {logging_mixin.py:115} INFO - [2022-07-06 20:03:30,265] {dag.py:2931} INFO - Setting next_dagrun for example_branch_datetime_operator_2 to 2022-07-05T00:00:00+00:00, run_after=2022-07-06T00:00:00+00:00
[2022-07-06 20:03:30,668] {processor.py:161} INFO - Processing /home/airflow/.local/lib/python3.7/site-packages/airflow/example_dags/example_branch_datetime_operator.py took 0.562 seconds
[2022-07-06 20:04:01,532] {processor.py:153} INFO - Started process (PID=907) to work on /home/airflow/.local/lib/python3.7/site-packages/airflow/example_dags/example_branch_datetime_operator.py
[2022-07-06 20:04:01,547] {processor.py:641} INFO - Processing file /home/airflow/.local/lib/python3.7/site-packages/airflow/example_dags/example_branch_datetime_operator.py for tasks to queue
[2022-07-06 20:04:01,548] {logging_mixin.py:115} INFO - [2022-07-06 20:04:01,547] {dagbag.py:507} INFO - Filling up the DagBag from /home/airflow/.local/lib/python3.7/site-packages/airflow/example_dags/example_branch_datetime_operator.py
[2022-07-06 20:04:01,560] {processor.py:651} INFO - DAG(s) dict_keys(['example_branch_datetime_operator_2']) retrieved from /home/airflow/.local/lib/python3.7/site-packages/airflow/example_dags/example_branch_datetime_operator.py
[2022-07-06 20:04:01,606] {logging_mixin.py:115} INFO - [2022-07-06 20:04:01,606] {dag.py:2379} INFO - Sync 1 DAGs
[2022-07-06 20:04:01,652] {logging_mixin.py:115} INFO - [2022-07-06 20:04:01,652] {dag.py:2931} INFO - Setting next_dagrun for example_branch_datetime_operator_2 to 2022-07-05T00:00:00+00:00, run_after=2022-07-06T00:00:00+00:00
[2022-07-06 20:04:01,714] {processor.py:161} INFO - Processing /home/airflow/.local/lib/python3.7/site-packages/airflow/example_dags/example_branch_datetime_operator.py took 0.185 seconds
[2022-07-06 20:04:32,519] {processor.py:153} INFO - Started process (PID=958) to work on /home/airflow/.local/lib/python3.7/site-packages/airflow/example_dags/example_branch_datetime_operator.py
[2022-07-06 20:04:32,643] {processor.py:641} INFO - Processing file /home/airflow/.local/lib/python3.7/site-packages/airflow/example_dags/example_branch_datetime_operator.py for tasks to queue
[2022-07-06 20:04:32,645] {logging_mixin.py:115} INFO - [2022-07-06 20:04:32,645] {dagbag.py:507} INFO - Filling up the DagBag from /home/airflow/.local/lib/python3.7/site-packages/airflow/example_dags/example_branch_datetime_operator.py
[2022-07-06 20:04:32,676] {processor.py:651} INFO - DAG(s) dict_keys(['example_branch_datetime_operator_2']) retrieved from /home/airflow/.local/lib/python3.7/site-packages/airflow/example_dags/example_branch_datetime_operator.py
[2022-07-06 20:04:32,763] {logging_mixin.py:115} INFO - [2022-07-06 20:04:32,763] {dag.py:2379} INFO - Sync 1 DAGs
[2022-07-06 20:04:32,809] {logging_mixin.py:115} INFO - [2022-07-06 20:04:32,809] {dag.py:2931} INFO - Setting next_dagrun for example_branch_datetime_operator_2 to 2022-07-05T00:00:00+00:00, run_after=2022-07-06T00:00:00+00:00
[2022-07-06 20:04:32,835] {processor.py:161} INFO - Processing /home/airflow/.local/lib/python3.7/site-packages/airflow/example_dags/example_branch_datetime_operator.py took 0.321 seconds
[2022-07-06 20:05:03,686] {processor.py:153} INFO - Started process (PID=1020) to work on /home/airflow/.local/lib/python3.7/site-packages/airflow/example_dags/example_branch_datetime_operator.py
[2022-07-06 20:05:03,687] {processor.py:641} INFO - Processing file /home/airflow/.local/lib/python3.7/site-packages/airflow/example_dags/example_branch_datetime_operator.py for tasks to queue
[2022-07-06 20:05:03,688] {logging_mixin.py:115} INFO - [2022-07-06 20:05:03,688] {dagbag.py:507} INFO - Filling up the DagBag from /home/airflow/.local/lib/python3.7/site-packages/airflow/example_dags/example_branch_datetime_operator.py
[2022-07-06 20:05:03,704] {processor.py:651} INFO - DAG(s) dict_keys(['example_branch_datetime_operator_2']) retrieved from /home/airflow/.local/lib/python3.7/site-packages/airflow/example_dags/example_branch_datetime_operator.py
[2022-07-06 20:05:03,755] {logging_mixin.py:115} INFO - [2022-07-06 20:05:03,755] {dag.py:2379} INFO - Sync 1 DAGs
[2022-07-06 20:05:03,804] {logging_mixin.py:115} INFO - [2022-07-06 20:05:03,804] {dag.py:2931} INFO - Setting next_dagrun for example_branch_datetime_operator_2 to 2022-07-05T00:00:00+00:00, run_after=2022-07-06T00:00:00+00:00
[2022-07-06 20:05:03,877] {processor.py:161} INFO - Processing /home/airflow/.local/lib/python3.7/site-packages/airflow/example_dags/example_branch_datetime_operator.py took 0.196 seconds
[2022-07-06 20:05:33,968] {processor.py:153} INFO - Started process (PID=1071) to work on /home/airflow/.local/lib/python3.7/site-packages/airflow/example_dags/example_branch_datetime_operator.py
[2022-07-06 20:05:33,969] {processor.py:641} INFO - Processing file /home/airflow/.local/lib/python3.7/site-packages/airflow/example_dags/example_branch_datetime_operator.py for tasks to queue
[2022-07-06 20:05:33,970] {logging_mixin.py:115} INFO - [2022-07-06 20:05:33,970] {dagbag.py:507} INFO - Filling up the DagBag from /home/airflow/.local/lib/python3.7/site-packages/airflow/example_dags/example_branch_datetime_operator.py
[2022-07-06 20:05:33,982] {processor.py:651} INFO - DAG(s) dict_keys(['example_branch_datetime_operator_2']) retrieved from /home/airflow/.local/lib/python3.7/site-packages/airflow/example_dags/example_branch_datetime_operator.py
[2022-07-06 20:05:34,025] {logging_mixin.py:115} INFO - [2022-07-06 20:05:34,025] {dag.py:2379} INFO - Sync 1 DAGs
[2022-07-06 20:05:34,066] {logging_mixin.py:115} INFO - [2022-07-06 20:05:34,066] {dag.py:2931} INFO - Setting next_dagrun for example_branch_datetime_operator_2 to 2022-07-05T00:00:00+00:00, run_after=2022-07-06T00:00:00+00:00
[2022-07-06 20:05:34,097] {processor.py:161} INFO - Processing /home/airflow/.local/lib/python3.7/site-packages/airflow/example_dags/example_branch_datetime_operator.py took 0.132 seconds
[2022-07-06 20:06:04,419] {processor.py:153} INFO - Started process (PID=1123) to work on /home/airflow/.local/lib/python3.7/site-packages/airflow/example_dags/example_branch_datetime_operator.py
[2022-07-06 20:06:04,420] {processor.py:641} INFO - Processing file /home/airflow/.local/lib/python3.7/site-packages/airflow/example_dags/example_branch_datetime_operator.py for tasks to queue
[2022-07-06 20:06:04,421] {logging_mixin.py:115} INFO - [2022-07-06 20:06:04,421] {dagbag.py:507} INFO - Filling up the DagBag from /home/airflow/.local/lib/python3.7/site-packages/airflow/example_dags/example_branch_datetime_operator.py
[2022-07-06 20:06:04,437] {processor.py:651} INFO - DAG(s) dict_keys(['example_branch_datetime_operator_2']) retrieved from /home/airflow/.local/lib/python3.7/site-packages/airflow/example_dags/example_branch_datetime_operator.py
[2022-07-06 20:06:04,469] {logging_mixin.py:115} INFO - [2022-07-06 20:06:04,469] {dag.py:2379} INFO - Sync 1 DAGs
[2022-07-06 20:06:04,501] {logging_mixin.py:115} INFO - [2022-07-06 20:06:04,501] {dag.py:2931} INFO - Setting next_dagrun for example_branch_datetime_operator_2 to 2022-07-05T00:00:00+00:00, run_after=2022-07-06T00:00:00+00:00
[2022-07-06 20:06:04,529] {processor.py:161} INFO - Processing /home/airflow/.local/lib/python3.7/site-packages/airflow/example_dags/example_branch_datetime_operator.py took 0.121 seconds
[2022-07-06 20:06:34,991] {processor.py:153} INFO - Started process (PID=1184) to work on /home/airflow/.local/lib/python3.7/site-packages/airflow/example_dags/example_branch_datetime_operator.py
[2022-07-06 20:06:34,999] {processor.py:641} INFO - Processing file /home/airflow/.local/lib/python3.7/site-packages/airflow/example_dags/example_branch_datetime_operator.py for tasks to queue
[2022-07-06 20:06:35,018] {logging_mixin.py:115} INFO - [2022-07-06 20:06:35,018] {dagbag.py:507} INFO - Filling up the DagBag from /home/airflow/.local/lib/python3.7/site-packages/airflow/example_dags/example_branch_datetime_operator.py
[2022-07-06 20:06:35,028] {processor.py:651} INFO - DAG(s) dict_keys(['example_branch_datetime_operator_2']) retrieved from /home/airflow/.local/lib/python3.7/site-packages/airflow/example_dags/example_branch_datetime_operator.py
[2022-07-06 20:06:35,057] {logging_mixin.py:115} INFO - [2022-07-06 20:06:35,057] {dag.py:2379} INFO - Sync 1 DAGs
[2022-07-06 20:06:35,097] {logging_mixin.py:115} INFO - [2022-07-06 20:06:35,097] {dag.py:2931} INFO - Setting next_dagrun for example_branch_datetime_operator_2 to 2022-07-05T00:00:00+00:00, run_after=2022-07-06T00:00:00+00:00
[2022-07-06 20:06:35,127] {processor.py:161} INFO - Processing /home/airflow/.local/lib/python3.7/site-packages/airflow/example_dags/example_branch_datetime_operator.py took 0.140 seconds
[2022-07-06 20:07:06,094] {processor.py:153} INFO - Started process (PID=1236) to work on /home/airflow/.local/lib/python3.7/site-packages/airflow/example_dags/example_branch_datetime_operator.py
[2022-07-06 20:07:06,095] {processor.py:641} INFO - Processing file /home/airflow/.local/lib/python3.7/site-packages/airflow/example_dags/example_branch_datetime_operator.py for tasks to queue
[2022-07-06 20:07:06,095] {logging_mixin.py:115} INFO - [2022-07-06 20:07:06,095] {dagbag.py:507} INFO - Filling up the DagBag from /home/airflow/.local/lib/python3.7/site-packages/airflow/example_dags/example_branch_datetime_operator.py
[2022-07-06 20:07:06,106] {processor.py:651} INFO - DAG(s) dict_keys(['example_branch_datetime_operator_2']) retrieved from /home/airflow/.local/lib/python3.7/site-packages/airflow/example_dags/example_branch_datetime_operator.py
[2022-07-06 20:07:06,137] {logging_mixin.py:115} INFO - [2022-07-06 20:07:06,136] {dag.py:2379} INFO - Sync 1 DAGs
[2022-07-06 20:07:06,169] {logging_mixin.py:115} INFO - [2022-07-06 20:07:06,169] {dag.py:2931} INFO - Setting next_dagrun for example_branch_datetime_operator_2 to 2022-07-05T00:00:00+00:00, run_after=2022-07-06T00:00:00+00:00
[2022-07-06 20:07:06,198] {processor.py:161} INFO - Processing /home/airflow/.local/lib/python3.7/site-packages/airflow/example_dags/example_branch_datetime_operator.py took 0.108 seconds
[2022-07-06 20:07:37,212] {processor.py:153} INFO - Started process (PID=1296) to work on /home/airflow/.local/lib/python3.7/site-packages/airflow/example_dags/example_branch_datetime_operator.py
[2022-07-06 20:07:37,213] {processor.py:641} INFO - Processing file /home/airflow/.local/lib/python3.7/site-packages/airflow/example_dags/example_branch_datetime_operator.py for tasks to queue
[2022-07-06 20:07:37,214] {logging_mixin.py:115} INFO - [2022-07-06 20:07:37,214] {dagbag.py:507} INFO - Filling up the DagBag from /home/airflow/.local/lib/python3.7/site-packages/airflow/example_dags/example_branch_datetime_operator.py
[2022-07-06 20:07:37,228] {processor.py:651} INFO - DAG(s) dict_keys(['example_branch_datetime_operator_2']) retrieved from /home/airflow/.local/lib/python3.7/site-packages/airflow/example_dags/example_branch_datetime_operator.py
[2022-07-06 20:07:37,273] {logging_mixin.py:115} INFO - [2022-07-06 20:07:37,273] {dag.py:2379} INFO - Sync 1 DAGs
[2022-07-06 20:07:37,376] {logging_mixin.py:115} INFO - [2022-07-06 20:07:37,376] {dag.py:2931} INFO - Setting next_dagrun for example_branch_datetime_operator_2 to 2022-07-05T00:00:00+00:00, run_after=2022-07-06T00:00:00+00:00
[2022-07-06 20:07:37,447] {processor.py:161} INFO - Processing /home/airflow/.local/lib/python3.7/site-packages/airflow/example_dags/example_branch_datetime_operator.py took 0.239 seconds
[2022-07-06 20:08:08,901] {processor.py:153} INFO - Started process (PID=1348) to work on /home/airflow/.local/lib/python3.7/site-packages/airflow/example_dags/example_branch_datetime_operator.py
[2022-07-06 20:08:08,901] {processor.py:641} INFO - Processing file /home/airflow/.local/lib/python3.7/site-packages/airflow/example_dags/example_branch_datetime_operator.py for tasks to queue
[2022-07-06 20:08:08,902] {logging_mixin.py:115} INFO - [2022-07-06 20:08:08,902] {dagbag.py:507} INFO - Filling up the DagBag from /home/airflow/.local/lib/python3.7/site-packages/airflow/example_dags/example_branch_datetime_operator.py
[2022-07-06 20:08:08,914] {processor.py:651} INFO - DAG(s) dict_keys(['example_branch_datetime_operator_2']) retrieved from /home/airflow/.local/lib/python3.7/site-packages/airflow/example_dags/example_branch_datetime_operator.py
[2022-07-06 20:08:08,957] {logging_mixin.py:115} INFO - [2022-07-06 20:08:08,957] {dag.py:2379} INFO - Sync 1 DAGs
[2022-07-06 20:08:08,993] {logging_mixin.py:115} INFO - [2022-07-06 20:08:08,993] {dag.py:2931} INFO - Setting next_dagrun for example_branch_datetime_operator_2 to 2022-07-05T00:00:00+00:00, run_after=2022-07-06T00:00:00+00:00
[2022-07-06 20:08:09,026] {processor.py:161} INFO - Processing /home/airflow/.local/lib/python3.7/site-packages/airflow/example_dags/example_branch_datetime_operator.py took 0.129 seconds
[2022-07-06 20:08:39,351] {processor.py:153} INFO - Started process (PID=1400) to work on /home/airflow/.local/lib/python3.7/site-packages/airflow/example_dags/example_branch_datetime_operator.py
[2022-07-06 20:08:39,352] {processor.py:641} INFO - Processing file /home/airflow/.local/lib/python3.7/site-packages/airflow/example_dags/example_branch_datetime_operator.py for tasks to queue
[2022-07-06 20:08:39,352] {logging_mixin.py:115} INFO - [2022-07-06 20:08:39,352] {dagbag.py:507} INFO - Filling up the DagBag from /home/airflow/.local/lib/python3.7/site-packages/airflow/example_dags/example_branch_datetime_operator.py
[2022-07-06 20:08:39,366] {processor.py:651} INFO - DAG(s) dict_keys(['example_branch_datetime_operator_2']) retrieved from /home/airflow/.local/lib/python3.7/site-packages/airflow/example_dags/example_branch_datetime_operator.py
[2022-07-06 20:08:39,399] {logging_mixin.py:115} INFO - [2022-07-06 20:08:39,398] {dag.py:2379} INFO - Sync 1 DAGs
[2022-07-06 20:08:39,433] {logging_mixin.py:115} INFO - [2022-07-06 20:08:39,433] {dag.py:2931} INFO - Setting next_dagrun for example_branch_datetime_operator_2 to 2022-07-05T00:00:00+00:00, run_after=2022-07-06T00:00:00+00:00
[2022-07-06 20:08:39,454] {processor.py:161} INFO - Processing /home/airflow/.local/lib/python3.7/site-packages/airflow/example_dags/example_branch_datetime_operator.py took 0.106 seconds
[2022-07-06 20:09:10,050] {processor.py:153} INFO - Started process (PID=1459) to work on /home/airflow/.local/lib/python3.7/site-packages/airflow/example_dags/example_branch_datetime_operator.py
[2022-07-06 20:09:10,058] {processor.py:641} INFO - Processing file /home/airflow/.local/lib/python3.7/site-packages/airflow/example_dags/example_branch_datetime_operator.py for tasks to queue
[2022-07-06 20:09:10,059] {logging_mixin.py:115} INFO - [2022-07-06 20:09:10,058] {dagbag.py:507} INFO - Filling up the DagBag from /home/airflow/.local/lib/python3.7/site-packages/airflow/example_dags/example_branch_datetime_operator.py
[2022-07-06 20:09:10,089] {processor.py:651} INFO - DAG(s) dict_keys(['example_branch_datetime_operator_2']) retrieved from /home/airflow/.local/lib/python3.7/site-packages/airflow/example_dags/example_branch_datetime_operator.py
[2022-07-06 20:09:10,217] {logging_mixin.py:115} INFO - [2022-07-06 20:09:10,217] {dag.py:2379} INFO - Sync 1 DAGs
[2022-07-06 20:09:10,312] {logging_mixin.py:115} INFO - [2022-07-06 20:09:10,312] {dag.py:2931} INFO - Setting next_dagrun for example_branch_datetime_operator_2 to 2022-07-05T00:00:00+00:00, run_after=2022-07-06T00:00:00+00:00
[2022-07-06 20:09:10,384] {processor.py:161} INFO - Processing /home/airflow/.local/lib/python3.7/site-packages/airflow/example_dags/example_branch_datetime_operator.py took 0.339 seconds
[2022-07-06 20:09:40,414] {processor.py:153} INFO - Started process (PID=1510) to work on /home/airflow/.local/lib/python3.7/site-packages/airflow/example_dags/example_branch_datetime_operator.py
[2022-07-06 20:09:40,415] {processor.py:641} INFO - Processing file /home/airflow/.local/lib/python3.7/site-packages/airflow/example_dags/example_branch_datetime_operator.py for tasks to queue
[2022-07-06 20:09:40,415] {logging_mixin.py:115} INFO - [2022-07-06 20:09:40,415] {dagbag.py:507} INFO - Filling up the DagBag from /home/airflow/.local/lib/python3.7/site-packages/airflow/example_dags/example_branch_datetime_operator.py
[2022-07-06 20:09:40,426] {processor.py:651} INFO - DAG(s) dict_keys(['example_branch_datetime_operator_2']) retrieved from /home/airflow/.local/lib/python3.7/site-packages/airflow/example_dags/example_branch_datetime_operator.py
[2022-07-06 20:09:40,454] {logging_mixin.py:115} INFO - [2022-07-06 20:09:40,454] {dag.py:2379} INFO - Sync 1 DAGs
[2022-07-06 20:09:40,484] {logging_mixin.py:115} INFO - [2022-07-06 20:09:40,484] {dag.py:2931} INFO - Setting next_dagrun for example_branch_datetime_operator_2 to 2022-07-05T00:00:00+00:00, run_after=2022-07-06T00:00:00+00:00
[2022-07-06 20:09:40,517] {processor.py:161} INFO - Processing /home/airflow/.local/lib/python3.7/site-packages/airflow/example_dags/example_branch_datetime_operator.py took 0.106 seconds
[2022-07-06 20:10:11,091] {processor.py:153} INFO - Started process (PID=1562) to work on /home/airflow/.local/lib/python3.7/site-packages/airflow/example_dags/example_branch_datetime_operator.py
[2022-07-06 20:10:11,092] {processor.py:641} INFO - Processing file /home/airflow/.local/lib/python3.7/site-packages/airflow/example_dags/example_branch_datetime_operator.py for tasks to queue
[2022-07-06 20:10:11,092] {logging_mixin.py:115} INFO - [2022-07-06 20:10:11,092] {dagbag.py:507} INFO - Filling up the DagBag from /home/airflow/.local/lib/python3.7/site-packages/airflow/example_dags/example_branch_datetime_operator.py
[2022-07-06 20:10:11,102] {processor.py:651} INFO - DAG(s) dict_keys(['example_branch_datetime_operator_2']) retrieved from /home/airflow/.local/lib/python3.7/site-packages/airflow/example_dags/example_branch_datetime_operator.py
[2022-07-06 20:10:11,136] {logging_mixin.py:115} INFO - [2022-07-06 20:10:11,136] {dag.py:2379} INFO - Sync 1 DAGs
[2022-07-06 20:10:11,171] {logging_mixin.py:115} INFO - [2022-07-06 20:10:11,171] {dag.py:2931} INFO - Setting next_dagrun for example_branch_datetime_operator_2 to 2022-07-05T00:00:00+00:00, run_after=2022-07-06T00:00:00+00:00
[2022-07-06 20:10:11,215] {processor.py:161} INFO - Processing /home/airflow/.local/lib/python3.7/site-packages/airflow/example_dags/example_branch_datetime_operator.py took 0.128 seconds
[2022-07-06 20:10:41,469] {processor.py:153} INFO - Started process (PID=1623) to work on /home/airflow/.local/lib/python3.7/site-packages/airflow/example_dags/example_branch_datetime_operator.py
[2022-07-06 20:10:41,470] {processor.py:641} INFO - Processing file /home/airflow/.local/lib/python3.7/site-packages/airflow/example_dags/example_branch_datetime_operator.py for tasks to queue
[2022-07-06 20:10:41,471] {logging_mixin.py:115} INFO - [2022-07-06 20:10:41,471] {dagbag.py:507} INFO - Filling up the DagBag from /home/airflow/.local/lib/python3.7/site-packages/airflow/example_dags/example_branch_datetime_operator.py
[2022-07-06 20:10:41,490] {processor.py:651} INFO - DAG(s) dict_keys(['example_branch_datetime_operator_2']) retrieved from /home/airflow/.local/lib/python3.7/site-packages/airflow/example_dags/example_branch_datetime_operator.py
[2022-07-06 20:10:41,536] {logging_mixin.py:115} INFO - [2022-07-06 20:10:41,536] {dag.py:2379} INFO - Sync 1 DAGs
[2022-07-06 20:10:41,634] {logging_mixin.py:115} INFO - [2022-07-06 20:10:41,634] {dag.py:2931} INFO - Setting next_dagrun for example_branch_datetime_operator_2 to 2022-07-05T00:00:00+00:00, run_after=2022-07-06T00:00:00+00:00
[2022-07-06 20:10:41,674] {processor.py:161} INFO - Processing /home/airflow/.local/lib/python3.7/site-packages/airflow/example_dags/example_branch_datetime_operator.py took 0.210 seconds
[2022-07-06 20:11:12,081] {processor.py:153} INFO - Started process (PID=1675) to work on /home/airflow/.local/lib/python3.7/site-packages/airflow/example_dags/example_branch_datetime_operator.py
[2022-07-06 20:11:12,082] {processor.py:641} INFO - Processing file /home/airflow/.local/lib/python3.7/site-packages/airflow/example_dags/example_branch_datetime_operator.py for tasks to queue
[2022-07-06 20:11:12,082] {logging_mixin.py:115} INFO - [2022-07-06 20:11:12,082] {dagbag.py:507} INFO - Filling up the DagBag from /home/airflow/.local/lib/python3.7/site-packages/airflow/example_dags/example_branch_datetime_operator.py
[2022-07-06 20:11:12,091] {processor.py:651} INFO - DAG(s) dict_keys(['example_branch_datetime_operator_2']) retrieved from /home/airflow/.local/lib/python3.7/site-packages/airflow/example_dags/example_branch_datetime_operator.py
[2022-07-06 20:11:12,121] {logging_mixin.py:115} INFO - [2022-07-06 20:11:12,120] {dag.py:2379} INFO - Sync 1 DAGs
[2022-07-06 20:11:12,155] {logging_mixin.py:115} INFO - [2022-07-06 20:11:12,154] {dag.py:2931} INFO - Setting next_dagrun for example_branch_datetime_operator_2 to 2022-07-05T00:00:00+00:00, run_after=2022-07-06T00:00:00+00:00
[2022-07-06 20:11:12,189] {processor.py:161} INFO - Processing /home/airflow/.local/lib/python3.7/site-packages/airflow/example_dags/example_branch_datetime_operator.py took 0.111 seconds
[2022-07-06 20:11:42,361] {processor.py:153} INFO - Started process (PID=1727) to work on /home/airflow/.local/lib/python3.7/site-packages/airflow/example_dags/example_branch_datetime_operator.py
[2022-07-06 20:11:42,380] {processor.py:641} INFO - Processing file /home/airflow/.local/lib/python3.7/site-packages/airflow/example_dags/example_branch_datetime_operator.py for tasks to queue
[2022-07-06 20:11:42,380] {logging_mixin.py:115} INFO - [2022-07-06 20:11:42,380] {dagbag.py:507} INFO - Filling up the DagBag from /home/airflow/.local/lib/python3.7/site-packages/airflow/example_dags/example_branch_datetime_operator.py
[2022-07-06 20:11:42,390] {processor.py:651} INFO - DAG(s) dict_keys(['example_branch_datetime_operator_2']) retrieved from /home/airflow/.local/lib/python3.7/site-packages/airflow/example_dags/example_branch_datetime_operator.py
[2022-07-06 20:11:42,420] {logging_mixin.py:115} INFO - [2022-07-06 20:11:42,420] {dag.py:2379} INFO - Sync 1 DAGs
[2022-07-06 20:11:42,451] {logging_mixin.py:115} INFO - [2022-07-06 20:11:42,451] {dag.py:2931} INFO - Setting next_dagrun for example_branch_datetime_operator_2 to 2022-07-05T00:00:00+00:00, run_after=2022-07-06T00:00:00+00:00
[2022-07-06 20:11:42,476] {processor.py:161} INFO - Processing /home/airflow/.local/lib/python3.7/site-packages/airflow/example_dags/example_branch_datetime_operator.py took 0.119 seconds
[2022-07-06 20:12:14,039] {processor.py:153} INFO - Started process (PID=1788) to work on /home/airflow/.local/lib/python3.7/site-packages/airflow/example_dags/example_branch_datetime_operator.py
[2022-07-06 20:12:14,040] {processor.py:641} INFO - Processing file /home/airflow/.local/lib/python3.7/site-packages/airflow/example_dags/example_branch_datetime_operator.py for tasks to queue
[2022-07-06 20:12:14,040] {logging_mixin.py:115} INFO - [2022-07-06 20:12:14,040] {dagbag.py:507} INFO - Filling up the DagBag from /home/airflow/.local/lib/python3.7/site-packages/airflow/example_dags/example_branch_datetime_operator.py
[2022-07-06 20:12:14,051] {processor.py:651} INFO - DAG(s) dict_keys(['example_branch_datetime_operator_2']) retrieved from /home/airflow/.local/lib/python3.7/site-packages/airflow/example_dags/example_branch_datetime_operator.py
[2022-07-06 20:12:14,089] {logging_mixin.py:115} INFO - [2022-07-06 20:12:14,089] {dag.py:2379} INFO - Sync 1 DAGs
[2022-07-06 20:12:14,125] {logging_mixin.py:115} INFO - [2022-07-06 20:12:14,125] {dag.py:2931} INFO - Setting next_dagrun for example_branch_datetime_operator_2 to 2022-07-05T00:00:00+00:00, run_after=2022-07-06T00:00:00+00:00
[2022-07-06 20:12:14,162] {processor.py:161} INFO - Processing /home/airflow/.local/lib/python3.7/site-packages/airflow/example_dags/example_branch_datetime_operator.py took 0.129 seconds
[2022-07-06 20:12:45,271] {processor.py:153} INFO - Started process (PID=1839) to work on /home/airflow/.local/lib/python3.7/site-packages/airflow/example_dags/example_branch_datetime_operator.py
[2022-07-06 20:12:45,272] {processor.py:641} INFO - Processing file /home/airflow/.local/lib/python3.7/site-packages/airflow/example_dags/example_branch_datetime_operator.py for tasks to queue
[2022-07-06 20:12:45,275] {logging_mixin.py:115} INFO - [2022-07-06 20:12:45,274] {dagbag.py:507} INFO - Filling up the DagBag from /home/airflow/.local/lib/python3.7/site-packages/airflow/example_dags/example_branch_datetime_operator.py
[2022-07-06 20:12:45,311] {processor.py:651} INFO - DAG(s) dict_keys(['example_branch_datetime_operator_2']) retrieved from /home/airflow/.local/lib/python3.7/site-packages/airflow/example_dags/example_branch_datetime_operator.py
[2022-07-06 20:12:45,348] {logging_mixin.py:115} INFO - [2022-07-06 20:12:45,348] {dag.py:2379} INFO - Sync 1 DAGs
[2022-07-06 20:12:45,379] {logging_mixin.py:115} INFO - [2022-07-06 20:12:45,379] {dag.py:2931} INFO - Setting next_dagrun for example_branch_datetime_operator_2 to 2022-07-05T00:00:00+00:00, run_after=2022-07-06T00:00:00+00:00
[2022-07-06 20:12:45,399] {processor.py:161} INFO - Processing /home/airflow/.local/lib/python3.7/site-packages/airflow/example_dags/example_branch_datetime_operator.py took 0.143 seconds
[2022-07-06 20:13:16,337] {processor.py:153} INFO - Started process (PID=1897) to work on /home/airflow/.local/lib/python3.7/site-packages/airflow/example_dags/example_branch_datetime_operator.py
[2022-07-06 20:13:16,338] {processor.py:641} INFO - Processing file /home/airflow/.local/lib/python3.7/site-packages/airflow/example_dags/example_branch_datetime_operator.py for tasks to queue
[2022-07-06 20:13:16,339] {logging_mixin.py:115} INFO - [2022-07-06 20:13:16,338] {dagbag.py:507} INFO - Filling up the DagBag from /home/airflow/.local/lib/python3.7/site-packages/airflow/example_dags/example_branch_datetime_operator.py
[2022-07-06 20:13:16,351] {processor.py:651} INFO - DAG(s) dict_keys(['example_branch_datetime_operator_2']) retrieved from /home/airflow/.local/lib/python3.7/site-packages/airflow/example_dags/example_branch_datetime_operator.py
[2022-07-06 20:13:16,384] {logging_mixin.py:115} INFO - [2022-07-06 20:13:16,384] {dag.py:2379} INFO - Sync 1 DAGs
[2022-07-06 20:13:16,416] {logging_mixin.py:115} INFO - [2022-07-06 20:13:16,416] {dag.py:2931} INFO - Setting next_dagrun for example_branch_datetime_operator_2 to 2022-07-05T00:00:00+00:00, run_after=2022-07-06T00:00:00+00:00
[2022-07-06 20:13:16,441] {processor.py:161} INFO - Processing /home/airflow/.local/lib/python3.7/site-packages/airflow/example_dags/example_branch_datetime_operator.py took 0.107 seconds
[2022-07-06 20:14:26,650] {processor.py:153} INFO - Started process (PID=1975) to work on /home/airflow/.local/lib/python3.7/site-packages/airflow/example_dags/example_branch_datetime_operator.py
[2022-07-06 20:14:26,672] {processor.py:641} INFO - Processing file /home/airflow/.local/lib/python3.7/site-packages/airflow/example_dags/example_branch_datetime_operator.py for tasks to queue
[2022-07-06 20:14:26,673] {logging_mixin.py:115} INFO - [2022-07-06 20:14:26,673] {dagbag.py:507} INFO - Filling up the DagBag from /home/airflow/.local/lib/python3.7/site-packages/airflow/example_dags/example_branch_datetime_operator.py
[2022-07-06 20:14:26,686] {processor.py:651} INFO - DAG(s) dict_keys(['example_branch_datetime_operator_2']) retrieved from /home/airflow/.local/lib/python3.7/site-packages/airflow/example_dags/example_branch_datetime_operator.py
[2022-07-06 20:14:26,732] {logging_mixin.py:115} INFO - [2022-07-06 20:14:26,732] {dag.py:2379} INFO - Sync 1 DAGs
[2022-07-06 20:14:26,781] {logging_mixin.py:115} INFO - [2022-07-06 20:14:26,781] {dag.py:2931} INFO - Setting next_dagrun for example_branch_datetime_operator_2 to 2022-07-05T00:00:00+00:00, run_after=2022-07-06T00:00:00+00:00
[2022-07-06 20:14:26,839] {processor.py:161} INFO - Processing /home/airflow/.local/lib/python3.7/site-packages/airflow/example_dags/example_branch_datetime_operator.py took 0.193 seconds
[2022-07-06 20:14:57,293] {processor.py:153} INFO - Started process (PID=2027) to work on /home/airflow/.local/lib/python3.7/site-packages/airflow/example_dags/example_branch_datetime_operator.py
[2022-07-06 20:14:57,294] {processor.py:641} INFO - Processing file /home/airflow/.local/lib/python3.7/site-packages/airflow/example_dags/example_branch_datetime_operator.py for tasks to queue
[2022-07-06 20:14:57,295] {logging_mixin.py:115} INFO - [2022-07-06 20:14:57,295] {dagbag.py:507} INFO - Filling up the DagBag from /home/airflow/.local/lib/python3.7/site-packages/airflow/example_dags/example_branch_datetime_operator.py
[2022-07-06 20:14:57,310] {processor.py:651} INFO - DAG(s) dict_keys(['example_branch_datetime_operator_2']) retrieved from /home/airflow/.local/lib/python3.7/site-packages/airflow/example_dags/example_branch_datetime_operator.py
[2022-07-06 20:14:57,355] {logging_mixin.py:115} INFO - [2022-07-06 20:14:57,355] {dag.py:2379} INFO - Sync 1 DAGs
[2022-07-06 20:14:57,399] {logging_mixin.py:115} INFO - [2022-07-06 20:14:57,398] {dag.py:2931} INFO - Setting next_dagrun for example_branch_datetime_operator_2 to 2022-07-05T00:00:00+00:00, run_after=2022-07-06T00:00:00+00:00
[2022-07-06 20:14:57,602] {processor.py:161} INFO - Processing /home/airflow/.local/lib/python3.7/site-packages/airflow/example_dags/example_branch_datetime_operator.py took 0.313 seconds
[2022-07-06 20:15:28,279] {processor.py:153} INFO - Started process (PID=2079) to work on /home/airflow/.local/lib/python3.7/site-packages/airflow/example_dags/example_branch_datetime_operator.py
[2022-07-06 20:15:28,292] {processor.py:641} INFO - Processing file /home/airflow/.local/lib/python3.7/site-packages/airflow/example_dags/example_branch_datetime_operator.py for tasks to queue
[2022-07-06 20:15:28,292] {logging_mixin.py:115} INFO - [2022-07-06 20:15:28,292] {dagbag.py:507} INFO - Filling up the DagBag from /home/airflow/.local/lib/python3.7/site-packages/airflow/example_dags/example_branch_datetime_operator.py
[2022-07-06 20:15:28,302] {processor.py:651} INFO - DAG(s) dict_keys(['example_branch_datetime_operator_2']) retrieved from /home/airflow/.local/lib/python3.7/site-packages/airflow/example_dags/example_branch_datetime_operator.py
[2022-07-06 20:15:28,331] {logging_mixin.py:115} INFO - [2022-07-06 20:15:28,331] {dag.py:2379} INFO - Sync 1 DAGs
[2022-07-06 20:15:28,371] {logging_mixin.py:115} INFO - [2022-07-06 20:15:28,371] {dag.py:2931} INFO - Setting next_dagrun for example_branch_datetime_operator_2 to 2022-07-05T00:00:00+00:00, run_after=2022-07-06T00:00:00+00:00
[2022-07-06 20:15:28,424] {processor.py:161} INFO - Processing /home/airflow/.local/lib/python3.7/site-packages/airflow/example_dags/example_branch_datetime_operator.py took 0.155 seconds
[2022-07-06 20:16:12,662] {processor.py:153} INFO - Started process (PID=2134) to work on /home/airflow/.local/lib/python3.7/site-packages/airflow/example_dags/example_branch_datetime_operator.py
[2022-07-06 20:16:12,662] {processor.py:641} INFO - Processing file /home/airflow/.local/lib/python3.7/site-packages/airflow/example_dags/example_branch_datetime_operator.py for tasks to queue
[2022-07-06 20:16:12,663] {logging_mixin.py:115} INFO - [2022-07-06 20:16:12,663] {dagbag.py:507} INFO - Filling up the DagBag from /home/airflow/.local/lib/python3.7/site-packages/airflow/example_dags/example_branch_datetime_operator.py
[2022-07-06 20:16:12,673] {processor.py:651} INFO - DAG(s) dict_keys(['example_branch_datetime_operator_2']) retrieved from /home/airflow/.local/lib/python3.7/site-packages/airflow/example_dags/example_branch_datetime_operator.py
[2022-07-06 20:16:12,705] {logging_mixin.py:115} INFO - [2022-07-06 20:16:12,705] {dag.py:2379} INFO - Sync 1 DAGs
[2022-07-06 20:16:12,739] {logging_mixin.py:115} INFO - [2022-07-06 20:16:12,739] {dag.py:2931} INFO - Setting next_dagrun for example_branch_datetime_operator_2 to 2022-07-05T00:00:00+00:00, run_after=2022-07-06T00:00:00+00:00
[2022-07-06 20:16:12,777] {processor.py:161} INFO - Processing /home/airflow/.local/lib/python3.7/site-packages/airflow/example_dags/example_branch_datetime_operator.py took 0.119 seconds
[2022-07-06 20:16:43,687] {processor.py:153} INFO - Started process (PID=2185) to work on /home/airflow/.local/lib/python3.7/site-packages/airflow/example_dags/example_branch_datetime_operator.py
[2022-07-06 20:16:43,687] {processor.py:641} INFO - Processing file /home/airflow/.local/lib/python3.7/site-packages/airflow/example_dags/example_branch_datetime_operator.py for tasks to queue
[2022-07-06 20:16:43,688] {logging_mixin.py:115} INFO - [2022-07-06 20:16:43,688] {dagbag.py:507} INFO - Filling up the DagBag from /home/airflow/.local/lib/python3.7/site-packages/airflow/example_dags/example_branch_datetime_operator.py
[2022-07-06 20:16:43,700] {processor.py:651} INFO - DAG(s) dict_keys(['example_branch_datetime_operator_2']) retrieved from /home/airflow/.local/lib/python3.7/site-packages/airflow/example_dags/example_branch_datetime_operator.py
[2022-07-06 20:16:43,744] {logging_mixin.py:115} INFO - [2022-07-06 20:16:43,744] {dag.py:2379} INFO - Sync 1 DAGs
[2022-07-06 20:16:43,791] {logging_mixin.py:115} INFO - [2022-07-06 20:16:43,791] {dag.py:2931} INFO - Setting next_dagrun for example_branch_datetime_operator_2 to 2022-07-05T00:00:00+00:00, run_after=2022-07-06T00:00:00+00:00
[2022-07-06 20:16:43,819] {processor.py:161} INFO - Processing /home/airflow/.local/lib/python3.7/site-packages/airflow/example_dags/example_branch_datetime_operator.py took 0.136 seconds
[2022-07-06 20:17:14,429] {processor.py:153} INFO - Started process (PID=2244) to work on /home/airflow/.local/lib/python3.7/site-packages/airflow/example_dags/example_branch_datetime_operator.py
[2022-07-06 20:17:14,433] {processor.py:641} INFO - Processing file /home/airflow/.local/lib/python3.7/site-packages/airflow/example_dags/example_branch_datetime_operator.py for tasks to queue
[2022-07-06 20:17:14,436] {logging_mixin.py:115} INFO - [2022-07-06 20:17:14,436] {dagbag.py:507} INFO - Filling up the DagBag from /home/airflow/.local/lib/python3.7/site-packages/airflow/example_dags/example_branch_datetime_operator.py
[2022-07-06 20:17:14,473] {processor.py:651} INFO - DAG(s) dict_keys(['example_branch_datetime_operator_2']) retrieved from /home/airflow/.local/lib/python3.7/site-packages/airflow/example_dags/example_branch_datetime_operator.py
[2022-07-06 20:17:14,533] {logging_mixin.py:115} INFO - [2022-07-06 20:17:14,533] {dag.py:2379} INFO - Sync 1 DAGs
[2022-07-06 20:17:14,584] {logging_mixin.py:115} INFO - [2022-07-06 20:17:14,583] {dag.py:2931} INFO - Setting next_dagrun for example_branch_datetime_operator_2 to 2022-07-05T00:00:00+00:00, run_after=2022-07-06T00:00:00+00:00
[2022-07-06 20:17:14,641] {processor.py:161} INFO - Processing /home/airflow/.local/lib/python3.7/site-packages/airflow/example_dags/example_branch_datetime_operator.py took 0.224 seconds
[2022-07-06 20:17:44,946] {processor.py:153} INFO - Started process (PID=2296) to work on /home/airflow/.local/lib/python3.7/site-packages/airflow/example_dags/example_branch_datetime_operator.py
[2022-07-06 20:17:44,946] {processor.py:641} INFO - Processing file /home/airflow/.local/lib/python3.7/site-packages/airflow/example_dags/example_branch_datetime_operator.py for tasks to queue
[2022-07-06 20:17:44,948] {logging_mixin.py:115} INFO - [2022-07-06 20:17:44,948] {dagbag.py:507} INFO - Filling up the DagBag from /home/airflow/.local/lib/python3.7/site-packages/airflow/example_dags/example_branch_datetime_operator.py
[2022-07-06 20:17:44,962] {processor.py:651} INFO - DAG(s) dict_keys(['example_branch_datetime_operator_2']) retrieved from /home/airflow/.local/lib/python3.7/site-packages/airflow/example_dags/example_branch_datetime_operator.py
[2022-07-06 20:17:44,998] {logging_mixin.py:115} INFO - [2022-07-06 20:17:44,998] {dag.py:2379} INFO - Sync 1 DAGs
[2022-07-06 20:17:45,049] {logging_mixin.py:115} INFO - [2022-07-06 20:17:45,049] {dag.py:2931} INFO - Setting next_dagrun for example_branch_datetime_operator_2 to 2022-07-05T00:00:00+00:00, run_after=2022-07-06T00:00:00+00:00
[2022-07-06 20:17:45,112] {processor.py:161} INFO - Processing /home/airflow/.local/lib/python3.7/site-packages/airflow/example_dags/example_branch_datetime_operator.py took 0.172 seconds
[2022-07-06 20:18:16,558] {processor.py:153} INFO - Started process (PID=2359) to work on /home/airflow/.local/lib/python3.7/site-packages/airflow/example_dags/example_branch_datetime_operator.py
[2022-07-06 20:18:16,559] {processor.py:641} INFO - Processing file /home/airflow/.local/lib/python3.7/site-packages/airflow/example_dags/example_branch_datetime_operator.py for tasks to queue
[2022-07-06 20:18:16,560] {logging_mixin.py:115} INFO - [2022-07-06 20:18:16,560] {dagbag.py:507} INFO - Filling up the DagBag from /home/airflow/.local/lib/python3.7/site-packages/airflow/example_dags/example_branch_datetime_operator.py
[2022-07-06 20:18:16,575] {processor.py:651} INFO - DAG(s) dict_keys(['example_branch_datetime_operator_2']) retrieved from /home/airflow/.local/lib/python3.7/site-packages/airflow/example_dags/example_branch_datetime_operator.py
[2022-07-06 20:18:16,621] {logging_mixin.py:115} INFO - [2022-07-06 20:18:16,621] {dag.py:2379} INFO - Sync 1 DAGs
[2022-07-06 20:18:16,673] {logging_mixin.py:115} INFO - [2022-07-06 20:18:16,673] {dag.py:2931} INFO - Setting next_dagrun for example_branch_datetime_operator_2 to 2022-07-05T00:00:00+00:00, run_after=2022-07-06T00:00:00+00:00
[2022-07-06 20:18:16,724] {processor.py:161} INFO - Processing /home/airflow/.local/lib/python3.7/site-packages/airflow/example_dags/example_branch_datetime_operator.py took 0.171 seconds
[2022-07-06 20:18:47,616] {processor.py:153} INFO - Started process (PID=2413) to work on /home/airflow/.local/lib/python3.7/site-packages/airflow/example_dags/example_branch_datetime_operator.py
[2022-07-06 20:18:47,616] {processor.py:641} INFO - Processing file /home/airflow/.local/lib/python3.7/site-packages/airflow/example_dags/example_branch_datetime_operator.py for tasks to queue
[2022-07-06 20:18:47,617] {logging_mixin.py:115} INFO - [2022-07-06 20:18:47,617] {dagbag.py:507} INFO - Filling up the DagBag from /home/airflow/.local/lib/python3.7/site-packages/airflow/example_dags/example_branch_datetime_operator.py
[2022-07-06 20:18:47,629] {processor.py:651} INFO - DAG(s) dict_keys(['example_branch_datetime_operator_2']) retrieved from /home/airflow/.local/lib/python3.7/site-packages/airflow/example_dags/example_branch_datetime_operator.py
[2022-07-06 20:18:47,672] {logging_mixin.py:115} INFO - [2022-07-06 20:18:47,672] {dag.py:2379} INFO - Sync 1 DAGs
[2022-07-06 20:18:47,710] {logging_mixin.py:115} INFO - [2022-07-06 20:18:47,710] {dag.py:2931} INFO - Setting next_dagrun for example_branch_datetime_operator_2 to 2022-07-05T00:00:00+00:00, run_after=2022-07-06T00:00:00+00:00
[2022-07-06 20:18:47,730] {processor.py:161} INFO - Processing /home/airflow/.local/lib/python3.7/site-packages/airflow/example_dags/example_branch_datetime_operator.py took 0.118 seconds
[2022-07-06 20:19:18,270] {processor.py:153} INFO - Started process (PID=2464) to work on /home/airflow/.local/lib/python3.7/site-packages/airflow/example_dags/example_branch_datetime_operator.py
[2022-07-06 20:19:18,320] {processor.py:641} INFO - Processing file /home/airflow/.local/lib/python3.7/site-packages/airflow/example_dags/example_branch_datetime_operator.py for tasks to queue
[2022-07-06 20:19:18,321] {logging_mixin.py:115} INFO - [2022-07-06 20:19:18,321] {dagbag.py:507} INFO - Filling up the DagBag from /home/airflow/.local/lib/python3.7/site-packages/airflow/example_dags/example_branch_datetime_operator.py
[2022-07-06 20:19:18,354] {processor.py:651} INFO - DAG(s) dict_keys(['example_branch_datetime_operator_2']) retrieved from /home/airflow/.local/lib/python3.7/site-packages/airflow/example_dags/example_branch_datetime_operator.py
[2022-07-06 20:19:18,400] {logging_mixin.py:115} INFO - [2022-07-06 20:19:18,400] {dag.py:2379} INFO - Sync 1 DAGs
[2022-07-06 20:19:18,434] {logging_mixin.py:115} INFO - [2022-07-06 20:19:18,434] {dag.py:2931} INFO - Setting next_dagrun for example_branch_datetime_operator_2 to 2022-07-05T00:00:00+00:00, run_after=2022-07-06T00:00:00+00:00
[2022-07-06 20:19:18,460] {processor.py:161} INFO - Processing /home/airflow/.local/lib/python3.7/site-packages/airflow/example_dags/example_branch_datetime_operator.py took 0.194 seconds
[2022-07-06 20:19:50,156] {processor.py:153} INFO - Started process (PID=2529) to work on /home/airflow/.local/lib/python3.7/site-packages/airflow/example_dags/example_branch_datetime_operator.py
[2022-07-06 20:19:50,156] {processor.py:641} INFO - Processing file /home/airflow/.local/lib/python3.7/site-packages/airflow/example_dags/example_branch_datetime_operator.py for tasks to queue
[2022-07-06 20:19:50,157] {logging_mixin.py:115} INFO - [2022-07-06 20:19:50,157] {dagbag.py:507} INFO - Filling up the DagBag from /home/airflow/.local/lib/python3.7/site-packages/airflow/example_dags/example_branch_datetime_operator.py
[2022-07-06 20:19:50,172] {processor.py:651} INFO - DAG(s) dict_keys(['example_branch_datetime_operator_2']) retrieved from /home/airflow/.local/lib/python3.7/site-packages/airflow/example_dags/example_branch_datetime_operator.py
[2022-07-06 20:19:50,215] {logging_mixin.py:115} INFO - [2022-07-06 20:19:50,215] {dag.py:2379} INFO - Sync 1 DAGs
[2022-07-06 20:19:50,253] {logging_mixin.py:115} INFO - [2022-07-06 20:19:50,253] {dag.py:2931} INFO - Setting next_dagrun for example_branch_datetime_operator_2 to 2022-07-05T00:00:00+00:00, run_after=2022-07-06T00:00:00+00:00
[2022-07-06 20:19:50,358] {processor.py:161} INFO - Processing /home/airflow/.local/lib/python3.7/site-packages/airflow/example_dags/example_branch_datetime_operator.py took 0.208 seconds
[2022-07-06 20:20:24,327] {processor.py:153} INFO - Started process (PID=2595) to work on /home/airflow/.local/lib/python3.7/site-packages/airflow/example_dags/example_branch_datetime_operator.py
[2022-07-06 20:20:24,398] {processor.py:641} INFO - Processing file /home/airflow/.local/lib/python3.7/site-packages/airflow/example_dags/example_branch_datetime_operator.py for tasks to queue
[2022-07-06 20:20:24,399] {logging_mixin.py:115} INFO - [2022-07-06 20:20:24,399] {dagbag.py:507} INFO - Filling up the DagBag from /home/airflow/.local/lib/python3.7/site-packages/airflow/example_dags/example_branch_datetime_operator.py
[2022-07-06 20:20:24,424] {processor.py:651} INFO - DAG(s) dict_keys(['example_branch_datetime_operator_2']) retrieved from /home/airflow/.local/lib/python3.7/site-packages/airflow/example_dags/example_branch_datetime_operator.py
[2022-07-06 20:20:24,485] {logging_mixin.py:115} INFO - [2022-07-06 20:20:24,485] {dag.py:2379} INFO - Sync 1 DAGs
[2022-07-06 20:20:24,540] {logging_mixin.py:115} INFO - [2022-07-06 20:20:24,540] {dag.py:2931} INFO - Setting next_dagrun for example_branch_datetime_operator_2 to 2022-07-05T00:00:00+00:00, run_after=2022-07-06T00:00:00+00:00
[2022-07-06 20:20:24,600] {processor.py:161} INFO - Processing /home/airflow/.local/lib/python3.7/site-packages/airflow/example_dags/example_branch_datetime_operator.py took 0.281 seconds
[2022-07-06 20:20:55,546] {processor.py:153} INFO - Started process (PID=2648) to work on /home/airflow/.local/lib/python3.7/site-packages/airflow/example_dags/example_branch_datetime_operator.py
[2022-07-06 20:20:55,547] {processor.py:641} INFO - Processing file /home/airflow/.local/lib/python3.7/site-packages/airflow/example_dags/example_branch_datetime_operator.py for tasks to queue
[2022-07-06 20:20:55,548] {logging_mixin.py:115} INFO - [2022-07-06 20:20:55,548] {dagbag.py:507} INFO - Filling up the DagBag from /home/airflow/.local/lib/python3.7/site-packages/airflow/example_dags/example_branch_datetime_operator.py
[2022-07-06 20:20:55,562] {processor.py:651} INFO - DAG(s) dict_keys(['example_branch_datetime_operator_2']) retrieved from /home/airflow/.local/lib/python3.7/site-packages/airflow/example_dags/example_branch_datetime_operator.py
[2022-07-06 20:20:55,593] {logging_mixin.py:115} INFO - [2022-07-06 20:20:55,592] {dag.py:2379} INFO - Sync 1 DAGs
[2022-07-06 20:20:55,626] {logging_mixin.py:115} INFO - [2022-07-06 20:20:55,625] {dag.py:2931} INFO - Setting next_dagrun for example_branch_datetime_operator_2 to 2022-07-05T00:00:00+00:00, run_after=2022-07-06T00:00:00+00:00
[2022-07-06 20:20:55,657] {processor.py:161} INFO - Processing /home/airflow/.local/lib/python3.7/site-packages/airflow/example_dags/example_branch_datetime_operator.py took 0.117 seconds
[2022-07-06 20:21:26,742] {processor.py:153} INFO - Started process (PID=2700) to work on /home/airflow/.local/lib/python3.7/site-packages/airflow/example_dags/example_branch_datetime_operator.py
[2022-07-06 20:21:26,750] {processor.py:641} INFO - Processing file /home/airflow/.local/lib/python3.7/site-packages/airflow/example_dags/example_branch_datetime_operator.py for tasks to queue
[2022-07-06 20:21:26,751] {logging_mixin.py:115} INFO - [2022-07-06 20:21:26,751] {dagbag.py:507} INFO - Filling up the DagBag from /home/airflow/.local/lib/python3.7/site-packages/airflow/example_dags/example_branch_datetime_operator.py
[2022-07-06 20:21:26,764] {processor.py:651} INFO - DAG(s) dict_keys(['example_branch_datetime_operator_2']) retrieved from /home/airflow/.local/lib/python3.7/site-packages/airflow/example_dags/example_branch_datetime_operator.py
[2022-07-06 20:21:26,804] {logging_mixin.py:115} INFO - [2022-07-06 20:21:26,804] {dag.py:2379} INFO - Sync 1 DAGs
[2022-07-06 20:21:26,838] {logging_mixin.py:115} INFO - [2022-07-06 20:21:26,838] {dag.py:2931} INFO - Setting next_dagrun for example_branch_datetime_operator_2 to 2022-07-05T00:00:00+00:00, run_after=2022-07-06T00:00:00+00:00
[2022-07-06 20:21:26,874] {processor.py:161} INFO - Processing /home/airflow/.local/lib/python3.7/site-packages/airflow/example_dags/example_branch_datetime_operator.py took 0.137 seconds
[2022-07-06 20:21:57,854] {processor.py:153} INFO - Started process (PID=2759) to work on /home/airflow/.local/lib/python3.7/site-packages/airflow/example_dags/example_branch_datetime_operator.py
[2022-07-06 20:21:57,854] {processor.py:641} INFO - Processing file /home/airflow/.local/lib/python3.7/site-packages/airflow/example_dags/example_branch_datetime_operator.py for tasks to queue
[2022-07-06 20:21:57,855] {logging_mixin.py:115} INFO - [2022-07-06 20:21:57,855] {dagbag.py:507} INFO - Filling up the DagBag from /home/airflow/.local/lib/python3.7/site-packages/airflow/example_dags/example_branch_datetime_operator.py
[2022-07-06 20:21:57,866] {processor.py:651} INFO - DAG(s) dict_keys(['example_branch_datetime_operator_2']) retrieved from /home/airflow/.local/lib/python3.7/site-packages/airflow/example_dags/example_branch_datetime_operator.py
[2022-07-06 20:21:57,914] {logging_mixin.py:115} INFO - [2022-07-06 20:21:57,914] {dag.py:2379} INFO - Sync 1 DAGs
[2022-07-06 20:21:57,961] {logging_mixin.py:115} INFO - [2022-07-06 20:21:57,961] {dag.py:2931} INFO - Setting next_dagrun for example_branch_datetime_operator_2 to 2022-07-05T00:00:00+00:00, run_after=2022-07-06T00:00:00+00:00
[2022-07-06 20:21:58,017] {processor.py:161} INFO - Processing /home/airflow/.local/lib/python3.7/site-packages/airflow/example_dags/example_branch_datetime_operator.py took 0.168 seconds
[2022-07-06 20:22:35,904] {processor.py:153} INFO - Started process (PID=2810) to work on /home/airflow/.local/lib/python3.7/site-packages/airflow/example_dags/example_branch_datetime_operator.py
[2022-07-06 20:22:35,905] {processor.py:641} INFO - Processing file /home/airflow/.local/lib/python3.7/site-packages/airflow/example_dags/example_branch_datetime_operator.py for tasks to queue
[2022-07-06 20:22:35,905] {logging_mixin.py:115} INFO - [2022-07-06 20:22:35,905] {dagbag.py:507} INFO - Filling up the DagBag from /home/airflow/.local/lib/python3.7/site-packages/airflow/example_dags/example_branch_datetime_operator.py
[2022-07-06 20:22:35,929] {processor.py:651} INFO - DAG(s) dict_keys(['example_branch_datetime_operator_2']) retrieved from /home/airflow/.local/lib/python3.7/site-packages/airflow/example_dags/example_branch_datetime_operator.py
[2022-07-06 20:22:35,965] {logging_mixin.py:115} INFO - [2022-07-06 20:22:35,965] {dag.py:2379} INFO - Sync 1 DAGs
[2022-07-06 20:22:36,006] {logging_mixin.py:115} INFO - [2022-07-06 20:22:36,006] {dag.py:2931} INFO - Setting next_dagrun for example_branch_datetime_operator_2 to 2022-07-05T00:00:00+00:00, run_after=2022-07-06T00:00:00+00:00
[2022-07-06 20:22:36,039] {processor.py:161} INFO - Processing /home/airflow/.local/lib/python3.7/site-packages/airflow/example_dags/example_branch_datetime_operator.py took 0.139 seconds
[2022-07-06 20:23:07,132] {processor.py:153} INFO - Started process (PID=2861) to work on /home/airflow/.local/lib/python3.7/site-packages/airflow/example_dags/example_branch_datetime_operator.py
[2022-07-06 20:23:07,134] {processor.py:641} INFO - Processing file /home/airflow/.local/lib/python3.7/site-packages/airflow/example_dags/example_branch_datetime_operator.py for tasks to queue
[2022-07-06 20:23:07,135] {logging_mixin.py:115} INFO - [2022-07-06 20:23:07,135] {dagbag.py:507} INFO - Filling up the DagBag from /home/airflow/.local/lib/python3.7/site-packages/airflow/example_dags/example_branch_datetime_operator.py
[2022-07-06 20:23:07,150] {processor.py:651} INFO - DAG(s) dict_keys(['example_branch_datetime_operator_2']) retrieved from /home/airflow/.local/lib/python3.7/site-packages/airflow/example_dags/example_branch_datetime_operator.py
[2022-07-06 20:23:07,194] {logging_mixin.py:115} INFO - [2022-07-06 20:23:07,194] {dag.py:2379} INFO - Sync 1 DAGs
[2022-07-06 20:23:07,244] {logging_mixin.py:115} INFO - [2022-07-06 20:23:07,244] {dag.py:2931} INFO - Setting next_dagrun for example_branch_datetime_operator_2 to 2022-07-05T00:00:00+00:00, run_after=2022-07-06T00:00:00+00:00
[2022-07-06 20:23:07,270] {processor.py:161} INFO - Processing /home/airflow/.local/lib/python3.7/site-packages/airflow/example_dags/example_branch_datetime_operator.py took 0.146 seconds
[2022-07-06 20:23:37,685] {processor.py:153} INFO - Started process (PID=2921) to work on /home/airflow/.local/lib/python3.7/site-packages/airflow/example_dags/example_branch_datetime_operator.py
[2022-07-06 20:23:37,719] {processor.py:641} INFO - Processing file /home/airflow/.local/lib/python3.7/site-packages/airflow/example_dags/example_branch_datetime_operator.py for tasks to queue
[2022-07-06 20:23:37,719] {logging_mixin.py:115} INFO - [2022-07-06 20:23:37,719] {dagbag.py:507} INFO - Filling up the DagBag from /home/airflow/.local/lib/python3.7/site-packages/airflow/example_dags/example_branch_datetime_operator.py
[2022-07-06 20:23:37,730] {processor.py:651} INFO - DAG(s) dict_keys(['example_branch_datetime_operator_2']) retrieved from /home/airflow/.local/lib/python3.7/site-packages/airflow/example_dags/example_branch_datetime_operator.py
[2022-07-06 20:23:37,764] {logging_mixin.py:115} INFO - [2022-07-06 20:23:37,764] {dag.py:2379} INFO - Sync 1 DAGs
[2022-07-06 20:23:37,798] {logging_mixin.py:115} INFO - [2022-07-06 20:23:37,797] {dag.py:2931} INFO - Setting next_dagrun for example_branch_datetime_operator_2 to 2022-07-05T00:00:00+00:00, run_after=2022-07-06T00:00:00+00:00
[2022-07-06 20:23:37,855] {processor.py:161} INFO - Processing /home/airflow/.local/lib/python3.7/site-packages/airflow/example_dags/example_branch_datetime_operator.py took 0.174 seconds
[2022-07-06 20:24:09,590] {processor.py:153} INFO - Started process (PID=2973) to work on /home/airflow/.local/lib/python3.7/site-packages/airflow/example_dags/example_branch_datetime_operator.py
[2022-07-06 20:24:09,591] {processor.py:641} INFO - Processing file /home/airflow/.local/lib/python3.7/site-packages/airflow/example_dags/example_branch_datetime_operator.py for tasks to queue
[2022-07-06 20:24:09,592] {logging_mixin.py:115} INFO - [2022-07-06 20:24:09,591] {dagbag.py:507} INFO - Filling up the DagBag from /home/airflow/.local/lib/python3.7/site-packages/airflow/example_dags/example_branch_datetime_operator.py
[2022-07-06 20:24:09,602] {processor.py:651} INFO - DAG(s) dict_keys(['example_branch_datetime_operator_2']) retrieved from /home/airflow/.local/lib/python3.7/site-packages/airflow/example_dags/example_branch_datetime_operator.py
[2022-07-06 20:24:09,636] {logging_mixin.py:115} INFO - [2022-07-06 20:24:09,636] {dag.py:2379} INFO - Sync 1 DAGs
[2022-07-06 20:24:09,682] {logging_mixin.py:115} INFO - [2022-07-06 20:24:09,682] {dag.py:2931} INFO - Setting next_dagrun for example_branch_datetime_operator_2 to 2022-07-05T00:00:00+00:00, run_after=2022-07-06T00:00:00+00:00
[2022-07-06 20:24:09,761] {processor.py:161} INFO - Processing /home/airflow/.local/lib/python3.7/site-packages/airflow/example_dags/example_branch_datetime_operator.py took 0.175 seconds
[2022-07-06 20:24:42,847] {processor.py:153} INFO - Started process (PID=3039) to work on /home/airflow/.local/lib/python3.7/site-packages/airflow/example_dags/example_branch_datetime_operator.py
[2022-07-06 20:24:42,848] {processor.py:641} INFO - Processing file /home/airflow/.local/lib/python3.7/site-packages/airflow/example_dags/example_branch_datetime_operator.py for tasks to queue
[2022-07-06 20:24:42,849] {logging_mixin.py:115} INFO - [2022-07-06 20:24:42,849] {dagbag.py:507} INFO - Filling up the DagBag from /home/airflow/.local/lib/python3.7/site-packages/airflow/example_dags/example_branch_datetime_operator.py
[2022-07-06 20:24:42,866] {processor.py:651} INFO - DAG(s) dict_keys(['example_branch_datetime_operator_2']) retrieved from /home/airflow/.local/lib/python3.7/site-packages/airflow/example_dags/example_branch_datetime_operator.py
[2022-07-06 20:24:42,957] {logging_mixin.py:115} INFO - [2022-07-06 20:24:42,957] {dag.py:2379} INFO - Sync 1 DAGs
[2022-07-06 20:24:43,036] {logging_mixin.py:115} INFO - [2022-07-06 20:24:43,036] {dag.py:2931} INFO - Setting next_dagrun for example_branch_datetime_operator_2 to 2022-07-05T00:00:00+00:00, run_after=2022-07-06T00:00:00+00:00
[2022-07-06 20:24:43,070] {processor.py:161} INFO - Processing /home/airflow/.local/lib/python3.7/site-packages/airflow/example_dags/example_branch_datetime_operator.py took 0.228 seconds
[2022-07-06 20:25:13,838] {processor.py:153} INFO - Started process (PID=3091) to work on /home/airflow/.local/lib/python3.7/site-packages/airflow/example_dags/example_branch_datetime_operator.py
[2022-07-06 20:25:13,839] {processor.py:641} INFO - Processing file /home/airflow/.local/lib/python3.7/site-packages/airflow/example_dags/example_branch_datetime_operator.py for tasks to queue
[2022-07-06 20:25:13,839] {logging_mixin.py:115} INFO - [2022-07-06 20:25:13,839] {dagbag.py:507} INFO - Filling up the DagBag from /home/airflow/.local/lib/python3.7/site-packages/airflow/example_dags/example_branch_datetime_operator.py
[2022-07-06 20:25:13,852] {processor.py:651} INFO - DAG(s) dict_keys(['example_branch_datetime_operator_2']) retrieved from /home/airflow/.local/lib/python3.7/site-packages/airflow/example_dags/example_branch_datetime_operator.py
[2022-07-06 20:25:13,890] {logging_mixin.py:115} INFO - [2022-07-06 20:25:13,889] {dag.py:2379} INFO - Sync 1 DAGs
[2022-07-06 20:25:13,932] {logging_mixin.py:115} INFO - [2022-07-06 20:25:13,932] {dag.py:2931} INFO - Setting next_dagrun for example_branch_datetime_operator_2 to 2022-07-05T00:00:00+00:00, run_after=2022-07-06T00:00:00+00:00
[2022-07-06 20:25:13,966] {processor.py:161} INFO - Processing /home/airflow/.local/lib/python3.7/site-packages/airflow/example_dags/example_branch_datetime_operator.py took 0.132 seconds
[2022-07-06 20:25:44,604] {processor.py:153} INFO - Started process (PID=3154) to work on /home/airflow/.local/lib/python3.7/site-packages/airflow/example_dags/example_branch_datetime_operator.py
[2022-07-06 20:25:44,605] {processor.py:641} INFO - Processing file /home/airflow/.local/lib/python3.7/site-packages/airflow/example_dags/example_branch_datetime_operator.py for tasks to queue
[2022-07-06 20:25:44,606] {logging_mixin.py:115} INFO - [2022-07-06 20:25:44,606] {dagbag.py:507} INFO - Filling up the DagBag from /home/airflow/.local/lib/python3.7/site-packages/airflow/example_dags/example_branch_datetime_operator.py
[2022-07-06 20:25:44,621] {processor.py:651} INFO - DAG(s) dict_keys(['example_branch_datetime_operator_2']) retrieved from /home/airflow/.local/lib/python3.7/site-packages/airflow/example_dags/example_branch_datetime_operator.py
[2022-07-06 20:25:44,663] {logging_mixin.py:115} INFO - [2022-07-06 20:25:44,662] {dag.py:2379} INFO - Sync 1 DAGs
[2022-07-06 20:25:44,708] {logging_mixin.py:115} INFO - [2022-07-06 20:25:44,708] {dag.py:2931} INFO - Setting next_dagrun for example_branch_datetime_operator_2 to 2022-07-05T00:00:00+00:00, run_after=2022-07-06T00:00:00+00:00
[2022-07-06 20:25:44,740] {processor.py:161} INFO - Processing /home/airflow/.local/lib/python3.7/site-packages/airflow/example_dags/example_branch_datetime_operator.py took 0.141 seconds
[2022-07-06 20:26:15,956] {processor.py:153} INFO - Started process (PID=3205) to work on /home/airflow/.local/lib/python3.7/site-packages/airflow/example_dags/example_branch_datetime_operator.py
[2022-07-06 20:26:15,957] {processor.py:641} INFO - Processing file /home/airflow/.local/lib/python3.7/site-packages/airflow/example_dags/example_branch_datetime_operator.py for tasks to queue
[2022-07-06 20:26:15,959] {logging_mixin.py:115} INFO - [2022-07-06 20:26:15,959] {dagbag.py:507} INFO - Filling up the DagBag from /home/airflow/.local/lib/python3.7/site-packages/airflow/example_dags/example_branch_datetime_operator.py
[2022-07-06 20:26:15,975] {processor.py:651} INFO - DAG(s) dict_keys(['example_branch_datetime_operator_2']) retrieved from /home/airflow/.local/lib/python3.7/site-packages/airflow/example_dags/example_branch_datetime_operator.py
[2022-07-06 20:26:16,030] {logging_mixin.py:115} INFO - [2022-07-06 20:26:16,030] {dag.py:2379} INFO - Sync 1 DAGs
[2022-07-06 20:26:16,082] {logging_mixin.py:115} INFO - [2022-07-06 20:26:16,082] {dag.py:2931} INFO - Setting next_dagrun for example_branch_datetime_operator_2 to 2022-07-05T00:00:00+00:00, run_after=2022-07-06T00:00:00+00:00
[2022-07-06 20:26:16,134] {processor.py:161} INFO - Processing /home/airflow/.local/lib/python3.7/site-packages/airflow/example_dags/example_branch_datetime_operator.py took 0.182 seconds
[2022-07-06 20:26:46,456] {processor.py:153} INFO - Started process (PID=3266) to work on /home/airflow/.local/lib/python3.7/site-packages/airflow/example_dags/example_branch_datetime_operator.py
[2022-07-06 20:26:46,475] {processor.py:641} INFO - Processing file /home/airflow/.local/lib/python3.7/site-packages/airflow/example_dags/example_branch_datetime_operator.py for tasks to queue
[2022-07-06 20:26:46,476] {logging_mixin.py:115} INFO - [2022-07-06 20:26:46,476] {dagbag.py:507} INFO - Filling up the DagBag from /home/airflow/.local/lib/python3.7/site-packages/airflow/example_dags/example_branch_datetime_operator.py
[2022-07-06 20:26:46,498] {processor.py:651} INFO - DAG(s) dict_keys(['example_branch_datetime_operator_2']) retrieved from /home/airflow/.local/lib/python3.7/site-packages/airflow/example_dags/example_branch_datetime_operator.py
[2022-07-06 20:26:46,541] {logging_mixin.py:115} INFO - [2022-07-06 20:26:46,541] {dag.py:2379} INFO - Sync 1 DAGs
[2022-07-06 20:26:46,598] {logging_mixin.py:115} INFO - [2022-07-06 20:26:46,598] {dag.py:2931} INFO - Setting next_dagrun for example_branch_datetime_operator_2 to 2022-07-05T00:00:00+00:00, run_after=2022-07-06T00:00:00+00:00
[2022-07-06 20:26:46,634] {processor.py:161} INFO - Processing /home/airflow/.local/lib/python3.7/site-packages/airflow/example_dags/example_branch_datetime_operator.py took 0.183 seconds
