[2022-07-06 19:39:24,706] {processor.py:153} INFO - Started process (PID=167) to work on /home/airflow/.local/lib/python3.7/site-packages/airflow/example_dags/example_branch_labels.py
[2022-07-06 19:39:24,706] {processor.py:641} INFO - Processing file /home/airflow/.local/lib/python3.7/site-packages/airflow/example_dags/example_branch_labels.py for tasks to queue
[2022-07-06 19:39:24,707] {logging_mixin.py:115} INFO - [2022-07-06 19:39:24,707] {dagbag.py:507} INFO - Filling up the DagBag from /home/airflow/.local/lib/python3.7/site-packages/airflow/example_dags/example_branch_labels.py
[2022-07-06 19:39:25,034] {processor.py:651} INFO - DAG(s) dict_keys(['example_branch_labels']) retrieved from /home/airflow/.local/lib/python3.7/site-packages/airflow/example_dags/example_branch_labels.py
[2022-07-06 19:39:27,336] {logging_mixin.py:115} INFO - [2022-07-06 19:39:27,336] {manager.py:508} INFO - Created Permission View: can delete on DAG:example_branch_labels
[2022-07-06 19:39:28,117] {logging_mixin.py:115} INFO - [2022-07-06 19:39:28,116] {manager.py:508} INFO - Created Permission View: can edit on DAG:example_branch_labels
[2022-07-06 19:39:28,707] {logging_mixin.py:115} INFO - [2022-07-06 19:39:28,707] {manager.py:508} INFO - Created Permission View: can read on DAG:example_branch_labels
[2022-07-06 19:39:28,707] {logging_mixin.py:115} INFO - [2022-07-06 19:39:28,707] {dag.py:2379} INFO - Sync 1 DAGs
[2022-07-06 19:39:28,737] {logging_mixin.py:115} INFO - [2022-07-06 19:39:28,737] {dag.py:2398} INFO - Creating ORM DAG for example_branch_labels
[2022-07-06 19:39:28,757] {logging_mixin.py:115} INFO - [2022-07-06 19:39:28,757] {dag.py:2931} INFO - Setting next_dagrun for example_branch_labels to 2022-07-05T00:00:00+00:00, run_after=2022-07-06T00:00:00+00:00
[2022-07-06 19:39:29,359] {processor.py:161} INFO - Processing /home/airflow/.local/lib/python3.7/site-packages/airflow/example_dags/example_branch_labels.py took 4.656 seconds
[2022-07-06 19:39:59,656] {processor.py:153} INFO - Started process (PID=209) to work on /home/airflow/.local/lib/python3.7/site-packages/airflow/example_dags/example_branch_labels.py
[2022-07-06 19:39:59,739] {processor.py:641} INFO - Processing file /home/airflow/.local/lib/python3.7/site-packages/airflow/example_dags/example_branch_labels.py for tasks to queue
[2022-07-06 19:39:59,740] {logging_mixin.py:115} INFO - [2022-07-06 19:39:59,740] {dagbag.py:507} INFO - Filling up the DagBag from /home/airflow/.local/lib/python3.7/site-packages/airflow/example_dags/example_branch_labels.py
[2022-07-06 19:39:59,747] {processor.py:651} INFO - DAG(s) dict_keys(['example_branch_labels']) retrieved from /home/airflow/.local/lib/python3.7/site-packages/airflow/example_dags/example_branch_labels.py
[2022-07-06 19:39:59,780] {logging_mixin.py:115} INFO - [2022-07-06 19:39:59,780] {dag.py:2379} INFO - Sync 1 DAGs
[2022-07-06 19:39:59,815] {logging_mixin.py:115} INFO - [2022-07-06 19:39:59,815] {dag.py:2931} INFO - Setting next_dagrun for example_branch_labels to 2022-07-05T00:00:00+00:00, run_after=2022-07-06T00:00:00+00:00
[2022-07-06 19:40:00,055] {processor.py:161} INFO - Processing /home/airflow/.local/lib/python3.7/site-packages/airflow/example_dags/example_branch_labels.py took 0.403 seconds
[2022-07-06 19:40:30,461] {processor.py:153} INFO - Started process (PID=270) to work on /home/airflow/.local/lib/python3.7/site-packages/airflow/example_dags/example_branch_labels.py
[2022-07-06 19:40:30,461] {processor.py:641} INFO - Processing file /home/airflow/.local/lib/python3.7/site-packages/airflow/example_dags/example_branch_labels.py for tasks to queue
[2022-07-06 19:40:30,462] {logging_mixin.py:115} INFO - [2022-07-06 19:40:30,462] {dagbag.py:507} INFO - Filling up the DagBag from /home/airflow/.local/lib/python3.7/site-packages/airflow/example_dags/example_branch_labels.py
[2022-07-06 19:40:30,469] {processor.py:651} INFO - DAG(s) dict_keys(['example_branch_labels']) retrieved from /home/airflow/.local/lib/python3.7/site-packages/airflow/example_dags/example_branch_labels.py
[2022-07-06 19:40:30,508] {logging_mixin.py:115} INFO - [2022-07-06 19:40:30,508] {dag.py:2379} INFO - Sync 1 DAGs
[2022-07-06 19:40:30,545] {logging_mixin.py:115} INFO - [2022-07-06 19:40:30,545] {dag.py:2931} INFO - Setting next_dagrun for example_branch_labels to 2022-07-05T00:00:00+00:00, run_after=2022-07-06T00:00:00+00:00
[2022-07-06 19:40:30,666] {processor.py:161} INFO - Processing /home/airflow/.local/lib/python3.7/site-packages/airflow/example_dags/example_branch_labels.py took 0.209 seconds
[2022-07-06 19:41:00,985] {processor.py:153} INFO - Started process (PID=322) to work on /home/airflow/.local/lib/python3.7/site-packages/airflow/example_dags/example_branch_labels.py
[2022-07-06 19:41:00,985] {processor.py:641} INFO - Processing file /home/airflow/.local/lib/python3.7/site-packages/airflow/example_dags/example_branch_labels.py for tasks to queue
[2022-07-06 19:41:00,986] {logging_mixin.py:115} INFO - [2022-07-06 19:41:00,986] {dagbag.py:507} INFO - Filling up the DagBag from /home/airflow/.local/lib/python3.7/site-packages/airflow/example_dags/example_branch_labels.py
[2022-07-06 19:41:00,993] {processor.py:651} INFO - DAG(s) dict_keys(['example_branch_labels']) retrieved from /home/airflow/.local/lib/python3.7/site-packages/airflow/example_dags/example_branch_labels.py
[2022-07-06 19:41:01,027] {logging_mixin.py:115} INFO - [2022-07-06 19:41:01,027] {dag.py:2379} INFO - Sync 1 DAGs
[2022-07-06 19:41:01,054] {logging_mixin.py:115} INFO - [2022-07-06 19:41:01,054] {dag.py:2931} INFO - Setting next_dagrun for example_branch_labels to 2022-07-05T00:00:00+00:00, run_after=2022-07-06T00:00:00+00:00
[2022-07-06 19:41:01,408] {processor.py:161} INFO - Processing /home/airflow/.local/lib/python3.7/site-packages/airflow/example_dags/example_branch_labels.py took 0.427 seconds
[2022-07-06 19:41:31,870] {processor.py:153} INFO - Started process (PID=373) to work on /home/airflow/.local/lib/python3.7/site-packages/airflow/example_dags/example_branch_labels.py
[2022-07-06 19:41:31,927] {processor.py:641} INFO - Processing file /home/airflow/.local/lib/python3.7/site-packages/airflow/example_dags/example_branch_labels.py for tasks to queue
[2022-07-06 19:41:32,112] {logging_mixin.py:115} INFO - [2022-07-06 19:41:32,112] {dagbag.py:507} INFO - Filling up the DagBag from /home/airflow/.local/lib/python3.7/site-packages/airflow/example_dags/example_branch_labels.py
[2022-07-06 19:41:32,191] {processor.py:651} INFO - DAG(s) dict_keys(['example_branch_labels']) retrieved from /home/airflow/.local/lib/python3.7/site-packages/airflow/example_dags/example_branch_labels.py
[2022-07-06 19:41:32,225] {logging_mixin.py:115} INFO - [2022-07-06 19:41:32,225] {dag.py:2379} INFO - Sync 1 DAGs
[2022-07-06 19:41:32,252] {logging_mixin.py:115} INFO - [2022-07-06 19:41:32,252] {dag.py:2931} INFO - Setting next_dagrun for example_branch_labels to 2022-07-05T00:00:00+00:00, run_after=2022-07-06T00:00:00+00:00
[2022-07-06 19:41:32,371] {processor.py:161} INFO - Processing /home/airflow/.local/lib/python3.7/site-packages/airflow/example_dags/example_branch_labels.py took 0.505 seconds
[2022-07-06 19:43:51,954] {processor.py:153} INFO - Started process (PID=421) to work on /home/airflow/.local/lib/python3.7/site-packages/airflow/example_dags/example_branch_labels.py
[2022-07-06 19:43:52,394] {processor.py:641} INFO - Processing file /home/airflow/.local/lib/python3.7/site-packages/airflow/example_dags/example_branch_labels.py for tasks to queue
[2022-07-06 19:43:52,791] {logging_mixin.py:115} INFO - [2022-07-06 19:43:52,791] {dagbag.py:507} INFO - Filling up the DagBag from /home/airflow/.local/lib/python3.7/site-packages/airflow/example_dags/example_branch_labels.py
[2022-07-06 19:43:52,798] {processor.py:651} INFO - DAG(s) dict_keys(['example_branch_labels']) retrieved from /home/airflow/.local/lib/python3.7/site-packages/airflow/example_dags/example_branch_labels.py
[2022-07-06 19:43:52,832] {logging_mixin.py:115} INFO - [2022-07-06 19:43:52,832] {dag.py:2379} INFO - Sync 1 DAGs
[2022-07-06 19:43:52,858] {logging_mixin.py:115} INFO - [2022-07-06 19:43:52,858] {dag.py:2931} INFO - Setting next_dagrun for example_branch_labels to 2022-07-05T00:00:00+00:00, run_after=2022-07-06T00:00:00+00:00
[2022-07-06 19:43:54,013] {processor.py:161} INFO - Processing /home/airflow/.local/lib/python3.7/site-packages/airflow/example_dags/example_branch_labels.py took 2.339 seconds
[2022-07-06 19:54:40,148] {processor.py:153} INFO - Started process (PID=141) to work on /home/airflow/.local/lib/python3.7/site-packages/airflow/example_dags/example_branch_labels.py
[2022-07-06 19:54:40,220] {processor.py:641} INFO - Processing file /home/airflow/.local/lib/python3.7/site-packages/airflow/example_dags/example_branch_labels.py for tasks to queue
[2022-07-06 19:54:40,221] {logging_mixin.py:115} INFO - [2022-07-06 19:54:40,221] {dagbag.py:507} INFO - Filling up the DagBag from /home/airflow/.local/lib/python3.7/site-packages/airflow/example_dags/example_branch_labels.py
[2022-07-06 19:54:40,230] {processor.py:651} INFO - DAG(s) dict_keys(['example_branch_labels']) retrieved from /home/airflow/.local/lib/python3.7/site-packages/airflow/example_dags/example_branch_labels.py
[2022-07-06 19:54:40,265] {logging_mixin.py:115} INFO - [2022-07-06 19:54:40,265] {dag.py:2379} INFO - Sync 1 DAGs
[2022-07-06 19:54:40,331] {logging_mixin.py:115} INFO - [2022-07-06 19:54:40,331] {dag.py:2931} INFO - Setting next_dagrun for example_branch_labels to 2022-07-05T00:00:00+00:00, run_after=2022-07-06T00:00:00+00:00
[2022-07-06 19:54:40,446] {processor.py:161} INFO - Processing /home/airflow/.local/lib/python3.7/site-packages/airflow/example_dags/example_branch_labels.py took 0.307 seconds
[2022-07-06 19:55:35,615] {processor.py:153} INFO - Started process (PID=203) to work on /home/airflow/.local/lib/python3.7/site-packages/airflow/example_dags/example_branch_labels.py
[2022-07-06 19:55:35,792] {processor.py:641} INFO - Processing file /home/airflow/.local/lib/python3.7/site-packages/airflow/example_dags/example_branch_labels.py for tasks to queue
[2022-07-06 19:55:35,793] {logging_mixin.py:115} INFO - [2022-07-06 19:55:35,793] {dagbag.py:507} INFO - Filling up the DagBag from /home/airflow/.local/lib/python3.7/site-packages/airflow/example_dags/example_branch_labels.py
[2022-07-06 19:55:35,809] {processor.py:651} INFO - DAG(s) dict_keys(['example_branch_labels']) retrieved from /home/airflow/.local/lib/python3.7/site-packages/airflow/example_dags/example_branch_labels.py
[2022-07-06 19:55:35,852] {logging_mixin.py:115} INFO - [2022-07-06 19:55:35,851] {dag.py:2379} INFO - Sync 1 DAGs
[2022-07-06 19:55:35,902] {logging_mixin.py:115} INFO - [2022-07-06 19:55:35,902] {dag.py:2931} INFO - Setting next_dagrun for example_branch_labels to 2022-07-05T00:00:00+00:00, run_after=2022-07-06T00:00:00+00:00
[2022-07-06 19:55:36,605] {processor.py:161} INFO - Processing /home/airflow/.local/lib/python3.7/site-packages/airflow/example_dags/example_branch_labels.py took 0.994 seconds
[2022-07-06 19:58:13,931] {processor.py:153} INFO - Started process (PID=348) to work on /home/airflow/.local/lib/python3.7/site-packages/airflow/example_dags/example_branch_labels.py
[2022-07-06 19:58:14,059] {processor.py:641} INFO - Processing file /home/airflow/.local/lib/python3.7/site-packages/airflow/example_dags/example_branch_labels.py for tasks to queue
[2022-07-06 19:58:14,060] {logging_mixin.py:115} INFO - [2022-07-06 19:58:14,060] {dagbag.py:507} INFO - Filling up the DagBag from /home/airflow/.local/lib/python3.7/site-packages/airflow/example_dags/example_branch_labels.py
[2022-07-06 19:58:14,072] {processor.py:651} INFO - DAG(s) dict_keys(['example_branch_labels']) retrieved from /home/airflow/.local/lib/python3.7/site-packages/airflow/example_dags/example_branch_labels.py
[2022-07-06 19:58:14,111] {logging_mixin.py:115} INFO - [2022-07-06 19:58:14,111] {dag.py:2379} INFO - Sync 1 DAGs
[2022-07-06 19:58:14,145] {logging_mixin.py:115} INFO - [2022-07-06 19:58:14,145] {dag.py:2931} INFO - Setting next_dagrun for example_branch_labels to 2022-07-05T00:00:00+00:00, run_after=2022-07-06T00:00:00+00:00
[2022-07-06 19:58:14,378] {processor.py:161} INFO - Processing /home/airflow/.local/lib/python3.7/site-packages/airflow/example_dags/example_branch_labels.py took 0.451 seconds
[2022-07-06 19:58:44,747] {processor.py:153} INFO - Started process (PID=400) to work on /home/airflow/.local/lib/python3.7/site-packages/airflow/example_dags/example_branch_labels.py
[2022-07-06 19:58:44,890] {processor.py:641} INFO - Processing file /home/airflow/.local/lib/python3.7/site-packages/airflow/example_dags/example_branch_labels.py for tasks to queue
[2022-07-06 19:58:45,232] {logging_mixin.py:115} INFO - [2022-07-06 19:58:45,232] {dagbag.py:507} INFO - Filling up the DagBag from /home/airflow/.local/lib/python3.7/site-packages/airflow/example_dags/example_branch_labels.py
[2022-07-06 19:58:45,269] {processor.py:651} INFO - DAG(s) dict_keys(['example_branch_labels']) retrieved from /home/airflow/.local/lib/python3.7/site-packages/airflow/example_dags/example_branch_labels.py
[2022-07-06 19:58:45,314] {logging_mixin.py:115} INFO - [2022-07-06 19:58:45,313] {dag.py:2379} INFO - Sync 1 DAGs
[2022-07-06 19:58:45,367] {logging_mixin.py:115} INFO - [2022-07-06 19:58:45,367] {dag.py:2931} INFO - Setting next_dagrun for example_branch_labels to 2022-07-05T00:00:00+00:00, run_after=2022-07-06T00:00:00+00:00
[2022-07-06 19:58:45,840] {processor.py:161} INFO - Processing /home/airflow/.local/lib/python3.7/site-packages/airflow/example_dags/example_branch_labels.py took 1.098 seconds
[2022-07-06 19:59:30,475] {processor.py:153} INFO - Started process (PID=461) to work on /home/airflow/.local/lib/python3.7/site-packages/airflow/example_dags/example_branch_labels.py
[2022-07-06 19:59:30,598] {processor.py:641} INFO - Processing file /home/airflow/.local/lib/python3.7/site-packages/airflow/example_dags/example_branch_labels.py for tasks to queue
[2022-07-06 19:59:30,598] {logging_mixin.py:115} INFO - [2022-07-06 19:59:30,598] {dagbag.py:507} INFO - Filling up the DagBag from /home/airflow/.local/lib/python3.7/site-packages/airflow/example_dags/example_branch_labels.py
[2022-07-06 19:59:30,606] {processor.py:651} INFO - DAG(s) dict_keys(['example_branch_labels']) retrieved from /home/airflow/.local/lib/python3.7/site-packages/airflow/example_dags/example_branch_labels.py
[2022-07-06 19:59:30,639] {logging_mixin.py:115} INFO - [2022-07-06 19:59:30,639] {dag.py:2379} INFO - Sync 1 DAGs
[2022-07-06 19:59:30,682] {logging_mixin.py:115} INFO - [2022-07-06 19:59:30,682] {dag.py:2931} INFO - Setting next_dagrun for example_branch_labels to 2022-07-05T00:00:00+00:00, run_after=2022-07-06T00:00:00+00:00
[2022-07-06 19:59:30,794] {processor.py:161} INFO - Processing /home/airflow/.local/lib/python3.7/site-packages/airflow/example_dags/example_branch_labels.py took 0.323 seconds
[2022-07-06 20:00:02,383] {processor.py:153} INFO - Started process (PID=514) to work on /home/airflow/.local/lib/python3.7/site-packages/airflow/example_dags/example_branch_labels.py
[2022-07-06 20:00:02,435] {processor.py:641} INFO - Processing file /home/airflow/.local/lib/python3.7/site-packages/airflow/example_dags/example_branch_labels.py for tasks to queue
[2022-07-06 20:00:02,436] {logging_mixin.py:115} INFO - [2022-07-06 20:00:02,436] {dagbag.py:507} INFO - Filling up the DagBag from /home/airflow/.local/lib/python3.7/site-packages/airflow/example_dags/example_branch_labels.py
[2022-07-06 20:00:02,445] {processor.py:651} INFO - DAG(s) dict_keys(['example_branch_labels']) retrieved from /home/airflow/.local/lib/python3.7/site-packages/airflow/example_dags/example_branch_labels.py
[2022-07-06 20:00:02,482] {logging_mixin.py:115} INFO - [2022-07-06 20:00:02,482] {dag.py:2379} INFO - Sync 1 DAGs
[2022-07-06 20:00:02,518] {logging_mixin.py:115} INFO - [2022-07-06 20:00:02,518] {dag.py:2931} INFO - Setting next_dagrun for example_branch_labels to 2022-07-05T00:00:00+00:00, run_after=2022-07-06T00:00:00+00:00
[2022-07-06 20:00:02,566] {processor.py:161} INFO - Processing /home/airflow/.local/lib/python3.7/site-packages/airflow/example_dags/example_branch_labels.py took 0.186 seconds
[2022-07-06 20:00:33,114] {processor.py:153} INFO - Started process (PID=574) to work on /home/airflow/.local/lib/python3.7/site-packages/airflow/example_dags/example_branch_labels.py
[2022-07-06 20:00:33,115] {processor.py:641} INFO - Processing file /home/airflow/.local/lib/python3.7/site-packages/airflow/example_dags/example_branch_labels.py for tasks to queue
[2022-07-06 20:00:33,115] {logging_mixin.py:115} INFO - [2022-07-06 20:00:33,115] {dagbag.py:507} INFO - Filling up the DagBag from /home/airflow/.local/lib/python3.7/site-packages/airflow/example_dags/example_branch_labels.py
[2022-07-06 20:00:33,123] {processor.py:651} INFO - DAG(s) dict_keys(['example_branch_labels']) retrieved from /home/airflow/.local/lib/python3.7/site-packages/airflow/example_dags/example_branch_labels.py
[2022-07-06 20:00:33,160] {logging_mixin.py:115} INFO - [2022-07-06 20:00:33,160] {dag.py:2379} INFO - Sync 1 DAGs
[2022-07-06 20:00:33,196] {logging_mixin.py:115} INFO - [2022-07-06 20:00:33,196] {dag.py:2931} INFO - Setting next_dagrun for example_branch_labels to 2022-07-05T00:00:00+00:00, run_after=2022-07-06T00:00:00+00:00
[2022-07-06 20:00:33,218] {processor.py:161} INFO - Processing /home/airflow/.local/lib/python3.7/site-packages/airflow/example_dags/example_branch_labels.py took 0.107 seconds
[2022-07-06 20:01:13,051] {processor.py:153} INFO - Started process (PID=633) to work on /home/airflow/.local/lib/python3.7/site-packages/airflow/example_dags/example_branch_labels.py
[2022-07-06 20:01:13,061] {processor.py:641} INFO - Processing file /home/airflow/.local/lib/python3.7/site-packages/airflow/example_dags/example_branch_labels.py for tasks to queue
[2022-07-06 20:01:13,062] {logging_mixin.py:115} INFO - [2022-07-06 20:01:13,062] {dagbag.py:507} INFO - Filling up the DagBag from /home/airflow/.local/lib/python3.7/site-packages/airflow/example_dags/example_branch_labels.py
[2022-07-06 20:01:13,073] {processor.py:651} INFO - DAG(s) dict_keys(['example_branch_labels']) retrieved from /home/airflow/.local/lib/python3.7/site-packages/airflow/example_dags/example_branch_labels.py
[2022-07-06 20:01:13,127] {logging_mixin.py:115} INFO - [2022-07-06 20:01:13,126] {dag.py:2379} INFO - Sync 1 DAGs
[2022-07-06 20:01:13,170] {logging_mixin.py:115} INFO - [2022-07-06 20:01:13,170] {dag.py:2931} INFO - Setting next_dagrun for example_branch_labels to 2022-07-05T00:00:00+00:00, run_after=2022-07-06T00:00:00+00:00
[2022-07-06 20:01:13,237] {processor.py:161} INFO - Processing /home/airflow/.local/lib/python3.7/site-packages/airflow/example_dags/example_branch_labels.py took 0.191 seconds
[2022-07-06 20:01:53,917] {processor.py:153} INFO - Started process (PID=694) to work on /home/airflow/.local/lib/python3.7/site-packages/airflow/example_dags/example_branch_labels.py
[2022-07-06 20:01:53,932] {processor.py:641} INFO - Processing file /home/airflow/.local/lib/python3.7/site-packages/airflow/example_dags/example_branch_labels.py for tasks to queue
[2022-07-06 20:01:53,933] {logging_mixin.py:115} INFO - [2022-07-06 20:01:53,933] {dagbag.py:507} INFO - Filling up the DagBag from /home/airflow/.local/lib/python3.7/site-packages/airflow/example_dags/example_branch_labels.py
[2022-07-06 20:01:53,943] {processor.py:651} INFO - DAG(s) dict_keys(['example_branch_labels']) retrieved from /home/airflow/.local/lib/python3.7/site-packages/airflow/example_dags/example_branch_labels.py
[2022-07-06 20:01:53,988] {logging_mixin.py:115} INFO - [2022-07-06 20:01:53,988] {dag.py:2379} INFO - Sync 1 DAGs
[2022-07-06 20:01:54,031] {logging_mixin.py:115} INFO - [2022-07-06 20:01:54,030] {dag.py:2931} INFO - Setting next_dagrun for example_branch_labels to 2022-07-05T00:00:00+00:00, run_after=2022-07-06T00:00:00+00:00
[2022-07-06 20:01:54,228] {processor.py:161} INFO - Processing /home/airflow/.local/lib/python3.7/site-packages/airflow/example_dags/example_branch_labels.py took 0.315 seconds
[2022-07-06 20:02:25,455] {processor.py:153} INFO - Started process (PID=744) to work on /home/airflow/.local/lib/python3.7/site-packages/airflow/example_dags/example_branch_labels.py
[2022-07-06 20:02:25,493] {processor.py:641} INFO - Processing file /home/airflow/.local/lib/python3.7/site-packages/airflow/example_dags/example_branch_labels.py for tasks to queue
[2022-07-06 20:02:25,493] {logging_mixin.py:115} INFO - [2022-07-06 20:02:25,493] {dagbag.py:507} INFO - Filling up the DagBag from /home/airflow/.local/lib/python3.7/site-packages/airflow/example_dags/example_branch_labels.py
[2022-07-06 20:02:25,501] {processor.py:651} INFO - DAG(s) dict_keys(['example_branch_labels']) retrieved from /home/airflow/.local/lib/python3.7/site-packages/airflow/example_dags/example_branch_labels.py
[2022-07-06 20:02:25,533] {logging_mixin.py:115} INFO - [2022-07-06 20:02:25,533] {dag.py:2379} INFO - Sync 1 DAGs
[2022-07-06 20:02:25,567] {logging_mixin.py:115} INFO - [2022-07-06 20:02:25,567] {dag.py:2931} INFO - Setting next_dagrun for example_branch_labels to 2022-07-05T00:00:00+00:00, run_after=2022-07-06T00:00:00+00:00
[2022-07-06 20:02:25,832] {processor.py:161} INFO - Processing /home/airflow/.local/lib/python3.7/site-packages/airflow/example_dags/example_branch_labels.py took 0.392 seconds
[2022-07-06 20:02:58,916] {processor.py:153} INFO - Started process (PID=805) to work on /home/airflow/.local/lib/python3.7/site-packages/airflow/example_dags/example_branch_labels.py
[2022-07-06 20:02:58,944] {processor.py:641} INFO - Processing file /home/airflow/.local/lib/python3.7/site-packages/airflow/example_dags/example_branch_labels.py for tasks to queue
[2022-07-06 20:02:58,946] {logging_mixin.py:115} INFO - [2022-07-06 20:02:58,946] {dagbag.py:507} INFO - Filling up the DagBag from /home/airflow/.local/lib/python3.7/site-packages/airflow/example_dags/example_branch_labels.py
[2022-07-06 20:02:58,997] {processor.py:651} INFO - DAG(s) dict_keys(['example_branch_labels']) retrieved from /home/airflow/.local/lib/python3.7/site-packages/airflow/example_dags/example_branch_labels.py
[2022-07-06 20:02:59,049] {logging_mixin.py:115} INFO - [2022-07-06 20:02:59,049] {dag.py:2379} INFO - Sync 1 DAGs
[2022-07-06 20:02:59,080] {logging_mixin.py:115} INFO - [2022-07-06 20:02:59,080] {dag.py:2931} INFO - Setting next_dagrun for example_branch_labels to 2022-07-05T00:00:00+00:00, run_after=2022-07-06T00:00:00+00:00
[2022-07-06 20:02:59,474] {processor.py:161} INFO - Processing /home/airflow/.local/lib/python3.7/site-packages/airflow/example_dags/example_branch_labels.py took 0.569 seconds
[2022-07-06 20:03:31,043] {processor.py:153} INFO - Started process (PID=857) to work on /home/airflow/.local/lib/python3.7/site-packages/airflow/example_dags/example_branch_labels.py
[2022-07-06 20:03:31,068] {processor.py:641} INFO - Processing file /home/airflow/.local/lib/python3.7/site-packages/airflow/example_dags/example_branch_labels.py for tasks to queue
[2022-07-06 20:03:31,069] {logging_mixin.py:115} INFO - [2022-07-06 20:03:31,069] {dagbag.py:507} INFO - Filling up the DagBag from /home/airflow/.local/lib/python3.7/site-packages/airflow/example_dags/example_branch_labels.py
[2022-07-06 20:03:31,079] {processor.py:651} INFO - DAG(s) dict_keys(['example_branch_labels']) retrieved from /home/airflow/.local/lib/python3.7/site-packages/airflow/example_dags/example_branch_labels.py
[2022-07-06 20:03:31,109] {logging_mixin.py:115} INFO - [2022-07-06 20:03:31,109] {dag.py:2379} INFO - Sync 1 DAGs
[2022-07-06 20:03:31,146] {logging_mixin.py:115} INFO - [2022-07-06 20:03:31,146] {dag.py:2931} INFO - Setting next_dagrun for example_branch_labels to 2022-07-05T00:00:00+00:00, run_after=2022-07-06T00:00:00+00:00
[2022-07-06 20:03:31,222] {processor.py:161} INFO - Processing /home/airflow/.local/lib/python3.7/site-packages/airflow/example_dags/example_branch_labels.py took 0.184 seconds
[2022-07-06 20:04:01,750] {processor.py:153} INFO - Started process (PID=909) to work on /home/airflow/.local/lib/python3.7/site-packages/airflow/example_dags/example_branch_labels.py
[2022-07-06 20:04:01,766] {processor.py:641} INFO - Processing file /home/airflow/.local/lib/python3.7/site-packages/airflow/example_dags/example_branch_labels.py for tasks to queue
[2022-07-06 20:04:01,766] {logging_mixin.py:115} INFO - [2022-07-06 20:04:01,766] {dagbag.py:507} INFO - Filling up the DagBag from /home/airflow/.local/lib/python3.7/site-packages/airflow/example_dags/example_branch_labels.py
[2022-07-06 20:04:01,774] {processor.py:651} INFO - DAG(s) dict_keys(['example_branch_labels']) retrieved from /home/airflow/.local/lib/python3.7/site-packages/airflow/example_dags/example_branch_labels.py
[2022-07-06 20:04:01,815] {logging_mixin.py:115} INFO - [2022-07-06 20:04:01,815] {dag.py:2379} INFO - Sync 1 DAGs
[2022-07-06 20:04:01,864] {logging_mixin.py:115} INFO - [2022-07-06 20:04:01,864] {dag.py:2931} INFO - Setting next_dagrun for example_branch_labels to 2022-07-05T00:00:00+00:00, run_after=2022-07-06T00:00:00+00:00
[2022-07-06 20:04:01,952] {processor.py:161} INFO - Processing /home/airflow/.local/lib/python3.7/site-packages/airflow/example_dags/example_branch_labels.py took 0.206 seconds
[2022-07-06 20:04:32,931] {processor.py:153} INFO - Started process (PID=960) to work on /home/airflow/.local/lib/python3.7/site-packages/airflow/example_dags/example_branch_labels.py
[2022-07-06 20:04:32,939] {processor.py:641} INFO - Processing file /home/airflow/.local/lib/python3.7/site-packages/airflow/example_dags/example_branch_labels.py for tasks to queue
[2022-07-06 20:04:32,939] {logging_mixin.py:115} INFO - [2022-07-06 20:04:32,939] {dagbag.py:507} INFO - Filling up the DagBag from /home/airflow/.local/lib/python3.7/site-packages/airflow/example_dags/example_branch_labels.py
[2022-07-06 20:04:32,947] {processor.py:651} INFO - DAG(s) dict_keys(['example_branch_labels']) retrieved from /home/airflow/.local/lib/python3.7/site-packages/airflow/example_dags/example_branch_labels.py
[2022-07-06 20:04:32,986] {logging_mixin.py:115} INFO - [2022-07-06 20:04:32,986] {dag.py:2379} INFO - Sync 1 DAGs
[2022-07-06 20:04:33,022] {logging_mixin.py:115} INFO - [2022-07-06 20:04:33,022] {dag.py:2931} INFO - Setting next_dagrun for example_branch_labels to 2022-07-05T00:00:00+00:00, run_after=2022-07-06T00:00:00+00:00
[2022-07-06 20:04:33,067] {processor.py:161} INFO - Processing /home/airflow/.local/lib/python3.7/site-packages/airflow/example_dags/example_branch_labels.py took 0.140 seconds
[2022-07-06 20:05:03,925] {processor.py:153} INFO - Started process (PID=1022) to work on /home/airflow/.local/lib/python3.7/site-packages/airflow/example_dags/example_branch_labels.py
[2022-07-06 20:05:03,926] {processor.py:641} INFO - Processing file /home/airflow/.local/lib/python3.7/site-packages/airflow/example_dags/example_branch_labels.py for tasks to queue
[2022-07-06 20:05:03,927] {logging_mixin.py:115} INFO - [2022-07-06 20:05:03,927] {dagbag.py:507} INFO - Filling up the DagBag from /home/airflow/.local/lib/python3.7/site-packages/airflow/example_dags/example_branch_labels.py
[2022-07-06 20:05:03,938] {processor.py:651} INFO - DAG(s) dict_keys(['example_branch_labels']) retrieved from /home/airflow/.local/lib/python3.7/site-packages/airflow/example_dags/example_branch_labels.py
[2022-07-06 20:05:03,975] {logging_mixin.py:115} INFO - [2022-07-06 20:05:03,975] {dag.py:2379} INFO - Sync 1 DAGs
[2022-07-06 20:05:04,012] {logging_mixin.py:115} INFO - [2022-07-06 20:05:04,012] {dag.py:2931} INFO - Setting next_dagrun for example_branch_labels to 2022-07-05T00:00:00+00:00, run_after=2022-07-06T00:00:00+00:00
[2022-07-06 20:05:04,042] {processor.py:161} INFO - Processing /home/airflow/.local/lib/python3.7/site-packages/airflow/example_dags/example_branch_labels.py took 0.121 seconds
[2022-07-06 20:05:34,181] {processor.py:153} INFO - Started process (PID=1073) to work on /home/airflow/.local/lib/python3.7/site-packages/airflow/example_dags/example_branch_labels.py
[2022-07-06 20:05:34,200] {processor.py:641} INFO - Processing file /home/airflow/.local/lib/python3.7/site-packages/airflow/example_dags/example_branch_labels.py for tasks to queue
[2022-07-06 20:05:34,201] {logging_mixin.py:115} INFO - [2022-07-06 20:05:34,201] {dagbag.py:507} INFO - Filling up the DagBag from /home/airflow/.local/lib/python3.7/site-packages/airflow/example_dags/example_branch_labels.py
[2022-07-06 20:05:34,209] {processor.py:651} INFO - DAG(s) dict_keys(['example_branch_labels']) retrieved from /home/airflow/.local/lib/python3.7/site-packages/airflow/example_dags/example_branch_labels.py
[2022-07-06 20:05:34,239] {logging_mixin.py:115} INFO - [2022-07-06 20:05:34,239] {dag.py:2379} INFO - Sync 1 DAGs
[2022-07-06 20:05:34,270] {logging_mixin.py:115} INFO - [2022-07-06 20:05:34,270] {dag.py:2931} INFO - Setting next_dagrun for example_branch_labels to 2022-07-05T00:00:00+00:00, run_after=2022-07-06T00:00:00+00:00
[2022-07-06 20:05:34,308] {processor.py:161} INFO - Processing /home/airflow/.local/lib/python3.7/site-packages/airflow/example_dags/example_branch_labels.py took 0.131 seconds
[2022-07-06 20:06:04,611] {processor.py:153} INFO - Started process (PID=1125) to work on /home/airflow/.local/lib/python3.7/site-packages/airflow/example_dags/example_branch_labels.py
[2022-07-06 20:06:04,612] {processor.py:641} INFO - Processing file /home/airflow/.local/lib/python3.7/site-packages/airflow/example_dags/example_branch_labels.py for tasks to queue
[2022-07-06 20:06:04,613] {logging_mixin.py:115} INFO - [2022-07-06 20:06:04,612] {dagbag.py:507} INFO - Filling up the DagBag from /home/airflow/.local/lib/python3.7/site-packages/airflow/example_dags/example_branch_labels.py
[2022-07-06 20:06:04,620] {processor.py:651} INFO - DAG(s) dict_keys(['example_branch_labels']) retrieved from /home/airflow/.local/lib/python3.7/site-packages/airflow/example_dags/example_branch_labels.py
[2022-07-06 20:06:04,659] {logging_mixin.py:115} INFO - [2022-07-06 20:06:04,659] {dag.py:2379} INFO - Sync 1 DAGs
[2022-07-06 20:06:04,729] {logging_mixin.py:115} INFO - [2022-07-06 20:06:04,729] {dag.py:2931} INFO - Setting next_dagrun for example_branch_labels to 2022-07-05T00:00:00+00:00, run_after=2022-07-06T00:00:00+00:00
[2022-07-06 20:06:05,058] {processor.py:161} INFO - Processing /home/airflow/.local/lib/python3.7/site-packages/airflow/example_dags/example_branch_labels.py took 0.450 seconds
[2022-07-06 20:06:35,239] {processor.py:153} INFO - Started process (PID=1186) to work on /home/airflow/.local/lib/python3.7/site-packages/airflow/example_dags/example_branch_labels.py
[2022-07-06 20:06:35,258] {processor.py:641} INFO - Processing file /home/airflow/.local/lib/python3.7/site-packages/airflow/example_dags/example_branch_labels.py for tasks to queue
[2022-07-06 20:06:35,259] {logging_mixin.py:115} INFO - [2022-07-06 20:06:35,259] {dagbag.py:507} INFO - Filling up the DagBag from /home/airflow/.local/lib/python3.7/site-packages/airflow/example_dags/example_branch_labels.py
[2022-07-06 20:06:35,269] {processor.py:651} INFO - DAG(s) dict_keys(['example_branch_labels']) retrieved from /home/airflow/.local/lib/python3.7/site-packages/airflow/example_dags/example_branch_labels.py
[2022-07-06 20:06:35,302] {logging_mixin.py:115} INFO - [2022-07-06 20:06:35,302] {dag.py:2379} INFO - Sync 1 DAGs
[2022-07-06 20:06:35,346] {logging_mixin.py:115} INFO - [2022-07-06 20:06:35,346] {dag.py:2931} INFO - Setting next_dagrun for example_branch_labels to 2022-07-05T00:00:00+00:00, run_after=2022-07-06T00:00:00+00:00
[2022-07-06 20:06:35,371] {processor.py:161} INFO - Processing /home/airflow/.local/lib/python3.7/site-packages/airflow/example_dags/example_branch_labels.py took 0.136 seconds
[2022-07-06 20:07:06,216] {processor.py:153} INFO - Started process (PID=1238) to work on /home/airflow/.local/lib/python3.7/site-packages/airflow/example_dags/example_branch_labels.py
[2022-07-06 20:07:06,216] {processor.py:641} INFO - Processing file /home/airflow/.local/lib/python3.7/site-packages/airflow/example_dags/example_branch_labels.py for tasks to queue
[2022-07-06 20:07:06,217] {logging_mixin.py:115} INFO - [2022-07-06 20:07:06,217] {dagbag.py:507} INFO - Filling up the DagBag from /home/airflow/.local/lib/python3.7/site-packages/airflow/example_dags/example_branch_labels.py
[2022-07-06 20:07:06,224] {processor.py:651} INFO - DAG(s) dict_keys(['example_branch_labels']) retrieved from /home/airflow/.local/lib/python3.7/site-packages/airflow/example_dags/example_branch_labels.py
[2022-07-06 20:07:06,259] {logging_mixin.py:115} INFO - [2022-07-06 20:07:06,259] {dag.py:2379} INFO - Sync 1 DAGs
[2022-07-06 20:07:06,291] {logging_mixin.py:115} INFO - [2022-07-06 20:07:06,291] {dag.py:2931} INFO - Setting next_dagrun for example_branch_labels to 2022-07-05T00:00:00+00:00, run_after=2022-07-06T00:00:00+00:00
[2022-07-06 20:07:06,333] {processor.py:161} INFO - Processing /home/airflow/.local/lib/python3.7/site-packages/airflow/example_dags/example_branch_labels.py took 0.121 seconds
[2022-07-06 20:07:37,471] {processor.py:153} INFO - Started process (PID=1298) to work on /home/airflow/.local/lib/python3.7/site-packages/airflow/example_dags/example_branch_labels.py
[2022-07-06 20:07:37,495] {processor.py:641} INFO - Processing file /home/airflow/.local/lib/python3.7/site-packages/airflow/example_dags/example_branch_labels.py for tasks to queue
[2022-07-06 20:07:37,496] {logging_mixin.py:115} INFO - [2022-07-06 20:07:37,496] {dagbag.py:507} INFO - Filling up the DagBag from /home/airflow/.local/lib/python3.7/site-packages/airflow/example_dags/example_branch_labels.py
[2022-07-06 20:07:37,507] {processor.py:651} INFO - DAG(s) dict_keys(['example_branch_labels']) retrieved from /home/airflow/.local/lib/python3.7/site-packages/airflow/example_dags/example_branch_labels.py
[2022-07-06 20:07:37,552] {logging_mixin.py:115} INFO - [2022-07-06 20:07:37,552] {dag.py:2379} INFO - Sync 1 DAGs
[2022-07-06 20:07:37,595] {logging_mixin.py:115} INFO - [2022-07-06 20:07:37,595] {dag.py:2931} INFO - Setting next_dagrun for example_branch_labels to 2022-07-05T00:00:00+00:00, run_after=2022-07-06T00:00:00+00:00
[2022-07-06 20:07:37,619] {processor.py:161} INFO - Processing /home/airflow/.local/lib/python3.7/site-packages/airflow/example_dags/example_branch_labels.py took 0.152 seconds
[2022-07-06 20:08:09,047] {processor.py:153} INFO - Started process (PID=1350) to work on /home/airflow/.local/lib/python3.7/site-packages/airflow/example_dags/example_branch_labels.py
[2022-07-06 20:08:09,048] {processor.py:641} INFO - Processing file /home/airflow/.local/lib/python3.7/site-packages/airflow/example_dags/example_branch_labels.py for tasks to queue
[2022-07-06 20:08:09,049] {logging_mixin.py:115} INFO - [2022-07-06 20:08:09,049] {dagbag.py:507} INFO - Filling up the DagBag from /home/airflow/.local/lib/python3.7/site-packages/airflow/example_dags/example_branch_labels.py
[2022-07-06 20:08:09,058] {processor.py:651} INFO - DAG(s) dict_keys(['example_branch_labels']) retrieved from /home/airflow/.local/lib/python3.7/site-packages/airflow/example_dags/example_branch_labels.py
[2022-07-06 20:08:09,090] {logging_mixin.py:115} INFO - [2022-07-06 20:08:09,090] {dag.py:2379} INFO - Sync 1 DAGs
[2022-07-06 20:08:09,124] {logging_mixin.py:115} INFO - [2022-07-06 20:08:09,124] {dag.py:2931} INFO - Setting next_dagrun for example_branch_labels to 2022-07-05T00:00:00+00:00, run_after=2022-07-06T00:00:00+00:00
[2022-07-06 20:08:09,155] {processor.py:161} INFO - Processing /home/airflow/.local/lib/python3.7/site-packages/airflow/example_dags/example_branch_labels.py took 0.112 seconds
[2022-07-06 20:08:39,494] {processor.py:153} INFO - Started process (PID=1402) to work on /home/airflow/.local/lib/python3.7/site-packages/airflow/example_dags/example_branch_labels.py
[2022-07-06 20:08:39,509] {processor.py:641} INFO - Processing file /home/airflow/.local/lib/python3.7/site-packages/airflow/example_dags/example_branch_labels.py for tasks to queue
[2022-07-06 20:08:39,509] {logging_mixin.py:115} INFO - [2022-07-06 20:08:39,509] {dagbag.py:507} INFO - Filling up the DagBag from /home/airflow/.local/lib/python3.7/site-packages/airflow/example_dags/example_branch_labels.py
[2022-07-06 20:08:39,519] {processor.py:651} INFO - DAG(s) dict_keys(['example_branch_labels']) retrieved from /home/airflow/.local/lib/python3.7/site-packages/airflow/example_dags/example_branch_labels.py
[2022-07-06 20:08:39,551] {logging_mixin.py:115} INFO - [2022-07-06 20:08:39,551] {dag.py:2379} INFO - Sync 1 DAGs
[2022-07-06 20:08:39,590] {logging_mixin.py:115} INFO - [2022-07-06 20:08:39,590] {dag.py:2931} INFO - Setting next_dagrun for example_branch_labels to 2022-07-05T00:00:00+00:00, run_after=2022-07-06T00:00:00+00:00
[2022-07-06 20:08:39,632] {processor.py:161} INFO - Processing /home/airflow/.local/lib/python3.7/site-packages/airflow/example_dags/example_branch_labels.py took 0.142 seconds
[2022-07-06 20:09:10,559] {processor.py:153} INFO - Started process (PID=1461) to work on /home/airflow/.local/lib/python3.7/site-packages/airflow/example_dags/example_branch_labels.py
[2022-07-06 20:09:10,578] {processor.py:641} INFO - Processing file /home/airflow/.local/lib/python3.7/site-packages/airflow/example_dags/example_branch_labels.py for tasks to queue
[2022-07-06 20:09:10,578] {logging_mixin.py:115} INFO - [2022-07-06 20:09:10,578] {dagbag.py:507} INFO - Filling up the DagBag from /home/airflow/.local/lib/python3.7/site-packages/airflow/example_dags/example_branch_labels.py
[2022-07-06 20:09:10,586] {processor.py:651} INFO - DAG(s) dict_keys(['example_branch_labels']) retrieved from /home/airflow/.local/lib/python3.7/site-packages/airflow/example_dags/example_branch_labels.py
[2022-07-06 20:09:10,619] {logging_mixin.py:115} INFO - [2022-07-06 20:09:10,619] {dag.py:2379} INFO - Sync 1 DAGs
[2022-07-06 20:09:10,652] {logging_mixin.py:115} INFO - [2022-07-06 20:09:10,651] {dag.py:2931} INFO - Setting next_dagrun for example_branch_labels to 2022-07-05T00:00:00+00:00, run_after=2022-07-06T00:00:00+00:00
[2022-07-06 20:09:10,685] {processor.py:161} INFO - Processing /home/airflow/.local/lib/python3.7/site-packages/airflow/example_dags/example_branch_labels.py took 0.129 seconds
[2022-07-06 20:09:41,640] {processor.py:153} INFO - Started process (PID=1513) to work on /home/airflow/.local/lib/python3.7/site-packages/airflow/example_dags/example_branch_labels.py
[2022-07-06 20:09:41,641] {processor.py:641} INFO - Processing file /home/airflow/.local/lib/python3.7/site-packages/airflow/example_dags/example_branch_labels.py for tasks to queue
[2022-07-06 20:09:41,641] {logging_mixin.py:115} INFO - [2022-07-06 20:09:41,641] {dagbag.py:507} INFO - Filling up the DagBag from /home/airflow/.local/lib/python3.7/site-packages/airflow/example_dags/example_branch_labels.py
[2022-07-06 20:09:41,648] {processor.py:651} INFO - DAG(s) dict_keys(['example_branch_labels']) retrieved from /home/airflow/.local/lib/python3.7/site-packages/airflow/example_dags/example_branch_labels.py
[2022-07-06 20:09:41,682] {logging_mixin.py:115} INFO - [2022-07-06 20:09:41,682] {dag.py:2379} INFO - Sync 1 DAGs
[2022-07-06 20:09:41,722] {logging_mixin.py:115} INFO - [2022-07-06 20:09:41,722] {dag.py:2931} INFO - Setting next_dagrun for example_branch_labels to 2022-07-05T00:00:00+00:00, run_after=2022-07-06T00:00:00+00:00
[2022-07-06 20:09:41,777] {processor.py:161} INFO - Processing /home/airflow/.local/lib/python3.7/site-packages/airflow/example_dags/example_branch_labels.py took 0.140 seconds
[2022-07-06 20:10:12,547] {processor.py:153} INFO - Started process (PID=1565) to work on /home/airflow/.local/lib/python3.7/site-packages/airflow/example_dags/example_branch_labels.py
[2022-07-06 20:10:12,659] {processor.py:641} INFO - Processing file /home/airflow/.local/lib/python3.7/site-packages/airflow/example_dags/example_branch_labels.py for tasks to queue
[2022-07-06 20:10:12,660] {logging_mixin.py:115} INFO - [2022-07-06 20:10:12,660] {dagbag.py:507} INFO - Filling up the DagBag from /home/airflow/.local/lib/python3.7/site-packages/airflow/example_dags/example_branch_labels.py
[2022-07-06 20:10:12,683] {processor.py:651} INFO - DAG(s) dict_keys(['example_branch_labels']) retrieved from /home/airflow/.local/lib/python3.7/site-packages/airflow/example_dags/example_branch_labels.py
[2022-07-06 20:10:12,800] {logging_mixin.py:115} INFO - [2022-07-06 20:10:12,800] {dag.py:2379} INFO - Sync 1 DAGs
[2022-07-06 20:10:12,869] {logging_mixin.py:115} INFO - [2022-07-06 20:10:12,869] {dag.py:2931} INFO - Setting next_dagrun for example_branch_labels to 2022-07-05T00:00:00+00:00, run_after=2022-07-06T00:00:00+00:00
[2022-07-06 20:10:12,915] {processor.py:161} INFO - Processing /home/airflow/.local/lib/python3.7/site-packages/airflow/example_dags/example_branch_labels.py took 0.374 seconds
[2022-07-06 20:10:43,837] {processor.py:153} INFO - Started process (PID=1626) to work on /home/airflow/.local/lib/python3.7/site-packages/airflow/example_dags/example_branch_labels.py
[2022-07-06 20:10:43,838] {processor.py:641} INFO - Processing file /home/airflow/.local/lib/python3.7/site-packages/airflow/example_dags/example_branch_labels.py for tasks to queue
[2022-07-06 20:10:43,839] {logging_mixin.py:115} INFO - [2022-07-06 20:10:43,838] {dagbag.py:507} INFO - Filling up the DagBag from /home/airflow/.local/lib/python3.7/site-packages/airflow/example_dags/example_branch_labels.py
[2022-07-06 20:10:43,849] {processor.py:651} INFO - DAG(s) dict_keys(['example_branch_labels']) retrieved from /home/airflow/.local/lib/python3.7/site-packages/airflow/example_dags/example_branch_labels.py
[2022-07-06 20:10:43,889] {logging_mixin.py:115} INFO - [2022-07-06 20:10:43,889] {dag.py:2379} INFO - Sync 1 DAGs
[2022-07-06 20:10:43,920] {logging_mixin.py:115} INFO - [2022-07-06 20:10:43,920] {dag.py:2931} INFO - Setting next_dagrun for example_branch_labels to 2022-07-05T00:00:00+00:00, run_after=2022-07-06T00:00:00+00:00
[2022-07-06 20:10:43,939] {processor.py:161} INFO - Processing /home/airflow/.local/lib/python3.7/site-packages/airflow/example_dags/example_branch_labels.py took 0.107 seconds
[2022-07-06 20:11:14,360] {processor.py:153} INFO - Started process (PID=1678) to work on /home/airflow/.local/lib/python3.7/site-packages/airflow/example_dags/example_branch_labels.py
[2022-07-06 20:11:14,361] {processor.py:641} INFO - Processing file /home/airflow/.local/lib/python3.7/site-packages/airflow/example_dags/example_branch_labels.py for tasks to queue
[2022-07-06 20:11:14,362] {logging_mixin.py:115} INFO - [2022-07-06 20:11:14,362] {dagbag.py:507} INFO - Filling up the DagBag from /home/airflow/.local/lib/python3.7/site-packages/airflow/example_dags/example_branch_labels.py
[2022-07-06 20:11:14,371] {processor.py:651} INFO - DAG(s) dict_keys(['example_branch_labels']) retrieved from /home/airflow/.local/lib/python3.7/site-packages/airflow/example_dags/example_branch_labels.py
[2022-07-06 20:11:14,418] {logging_mixin.py:115} INFO - [2022-07-06 20:11:14,417] {dag.py:2379} INFO - Sync 1 DAGs
[2022-07-06 20:11:14,462] {logging_mixin.py:115} INFO - [2022-07-06 20:11:14,461] {dag.py:2931} INFO - Setting next_dagrun for example_branch_labels to 2022-07-05T00:00:00+00:00, run_after=2022-07-06T00:00:00+00:00
[2022-07-06 20:11:14,493] {processor.py:161} INFO - Processing /home/airflow/.local/lib/python3.7/site-packages/airflow/example_dags/example_branch_labels.py took 0.142 seconds
[2022-07-06 20:11:44,969] {processor.py:153} INFO - Started process (PID=1739) to work on /home/airflow/.local/lib/python3.7/site-packages/airflow/example_dags/example_branch_labels.py
[2022-07-06 20:11:44,970] {processor.py:641} INFO - Processing file /home/airflow/.local/lib/python3.7/site-packages/airflow/example_dags/example_branch_labels.py for tasks to queue
[2022-07-06 20:11:44,971] {logging_mixin.py:115} INFO - [2022-07-06 20:11:44,971] {dagbag.py:507} INFO - Filling up the DagBag from /home/airflow/.local/lib/python3.7/site-packages/airflow/example_dags/example_branch_labels.py
[2022-07-06 20:11:44,981] {processor.py:651} INFO - DAG(s) dict_keys(['example_branch_labels']) retrieved from /home/airflow/.local/lib/python3.7/site-packages/airflow/example_dags/example_branch_labels.py
[2022-07-06 20:11:45,094] {logging_mixin.py:115} INFO - [2022-07-06 20:11:45,093] {dag.py:2379} INFO - Sync 1 DAGs
[2022-07-06 20:11:45,174] {logging_mixin.py:115} INFO - [2022-07-06 20:11:45,174] {dag.py:2931} INFO - Setting next_dagrun for example_branch_labels to 2022-07-05T00:00:00+00:00, run_after=2022-07-06T00:00:00+00:00
[2022-07-06 20:11:45,282] {processor.py:161} INFO - Processing /home/airflow/.local/lib/python3.7/site-packages/airflow/example_dags/example_branch_labels.py took 0.328 seconds
[2022-07-06 20:12:15,435] {processor.py:153} INFO - Started process (PID=1791) to work on /home/airflow/.local/lib/python3.7/site-packages/airflow/example_dags/example_branch_labels.py
[2022-07-06 20:12:15,436] {processor.py:641} INFO - Processing file /home/airflow/.local/lib/python3.7/site-packages/airflow/example_dags/example_branch_labels.py for tasks to queue
[2022-07-06 20:12:15,437] {logging_mixin.py:115} INFO - [2022-07-06 20:12:15,437] {dagbag.py:507} INFO - Filling up the DagBag from /home/airflow/.local/lib/python3.7/site-packages/airflow/example_dags/example_branch_labels.py
[2022-07-06 20:12:15,465] {processor.py:651} INFO - DAG(s) dict_keys(['example_branch_labels']) retrieved from /home/airflow/.local/lib/python3.7/site-packages/airflow/example_dags/example_branch_labels.py
[2022-07-06 20:12:15,542] {logging_mixin.py:115} INFO - [2022-07-06 20:12:15,541] {dag.py:2379} INFO - Sync 1 DAGs
[2022-07-06 20:12:15,592] {logging_mixin.py:115} INFO - [2022-07-06 20:12:15,591] {dag.py:2931} INFO - Setting next_dagrun for example_branch_labels to 2022-07-05T00:00:00+00:00, run_after=2022-07-06T00:00:00+00:00
[2022-07-06 20:12:15,671] {processor.py:161} INFO - Processing /home/airflow/.local/lib/python3.7/site-packages/airflow/example_dags/example_branch_labels.py took 0.241 seconds
[2022-07-06 20:12:46,497] {processor.py:153} INFO - Started process (PID=1841) to work on /home/airflow/.local/lib/python3.7/site-packages/airflow/example_dags/example_branch_labels.py
[2022-07-06 20:12:46,509] {processor.py:641} INFO - Processing file /home/airflow/.local/lib/python3.7/site-packages/airflow/example_dags/example_branch_labels.py for tasks to queue
[2022-07-06 20:12:46,510] {logging_mixin.py:115} INFO - [2022-07-06 20:12:46,510] {dagbag.py:507} INFO - Filling up the DagBag from /home/airflow/.local/lib/python3.7/site-packages/airflow/example_dags/example_branch_labels.py
[2022-07-06 20:12:46,519] {processor.py:651} INFO - DAG(s) dict_keys(['example_branch_labels']) retrieved from /home/airflow/.local/lib/python3.7/site-packages/airflow/example_dags/example_branch_labels.py
[2022-07-06 20:12:46,552] {logging_mixin.py:115} INFO - [2022-07-06 20:12:46,551] {dag.py:2379} INFO - Sync 1 DAGs
[2022-07-06 20:12:46,582] {logging_mixin.py:115} INFO - [2022-07-06 20:12:46,582] {dag.py:2931} INFO - Setting next_dagrun for example_branch_labels to 2022-07-05T00:00:00+00:00, run_after=2022-07-06T00:00:00+00:00
[2022-07-06 20:12:46,607] {processor.py:161} INFO - Processing /home/airflow/.local/lib/python3.7/site-packages/airflow/example_dags/example_branch_labels.py took 0.120 seconds
[2022-07-06 20:13:17,529] {processor.py:153} INFO - Started process (PID=1899) to work on /home/airflow/.local/lib/python3.7/site-packages/airflow/example_dags/example_branch_labels.py
[2022-07-06 20:13:17,529] {processor.py:641} INFO - Processing file /home/airflow/.local/lib/python3.7/site-packages/airflow/example_dags/example_branch_labels.py for tasks to queue
[2022-07-06 20:13:17,530] {logging_mixin.py:115} INFO - [2022-07-06 20:13:17,530] {dagbag.py:507} INFO - Filling up the DagBag from /home/airflow/.local/lib/python3.7/site-packages/airflow/example_dags/example_branch_labels.py
[2022-07-06 20:13:17,538] {processor.py:651} INFO - DAG(s) dict_keys(['example_branch_labels']) retrieved from /home/airflow/.local/lib/python3.7/site-packages/airflow/example_dags/example_branch_labels.py
[2022-07-06 20:13:17,571] {logging_mixin.py:115} INFO - [2022-07-06 20:13:17,571] {dag.py:2379} INFO - Sync 1 DAGs
[2022-07-06 20:13:17,603] {logging_mixin.py:115} INFO - [2022-07-06 20:13:17,602] {dag.py:2931} INFO - Setting next_dagrun for example_branch_labels to 2022-07-05T00:00:00+00:00, run_after=2022-07-06T00:00:00+00:00
[2022-07-06 20:13:17,637] {processor.py:161} INFO - Processing /home/airflow/.local/lib/python3.7/site-packages/airflow/example_dags/example_branch_labels.py took 0.112 seconds
[2022-07-06 20:14:44,505] {processor.py:153} INFO - Started process (PID=2002) to work on /home/airflow/.local/lib/python3.7/site-packages/airflow/example_dags/example_branch_labels.py
[2022-07-06 20:14:44,538] {processor.py:641} INFO - Processing file /home/airflow/.local/lib/python3.7/site-packages/airflow/example_dags/example_branch_labels.py for tasks to queue
[2022-07-06 20:14:44,539] {logging_mixin.py:115} INFO - [2022-07-06 20:14:44,539] {dagbag.py:507} INFO - Filling up the DagBag from /home/airflow/.local/lib/python3.7/site-packages/airflow/example_dags/example_branch_labels.py
[2022-07-06 20:14:44,548] {processor.py:651} INFO - DAG(s) dict_keys(['example_branch_labels']) retrieved from /home/airflow/.local/lib/python3.7/site-packages/airflow/example_dags/example_branch_labels.py
[2022-07-06 20:14:44,586] {logging_mixin.py:115} INFO - [2022-07-06 20:14:44,586] {dag.py:2379} INFO - Sync 1 DAGs
[2022-07-06 20:14:44,660] {logging_mixin.py:115} INFO - [2022-07-06 20:14:44,660] {dag.py:2931} INFO - Setting next_dagrun for example_branch_labels to 2022-07-05T00:00:00+00:00, run_after=2022-07-06T00:00:00+00:00
[2022-07-06 20:14:44,771] {processor.py:161} INFO - Processing /home/airflow/.local/lib/python3.7/site-packages/airflow/example_dags/example_branch_labels.py took 0.271 seconds
[2022-07-06 20:15:22,847] {processor.py:153} INFO - Started process (PID=2062) to work on /home/airflow/.local/lib/python3.7/site-packages/airflow/example_dags/example_branch_labels.py
[2022-07-06 20:15:22,881] {processor.py:641} INFO - Processing file /home/airflow/.local/lib/python3.7/site-packages/airflow/example_dags/example_branch_labels.py for tasks to queue
[2022-07-06 20:15:22,929] {logging_mixin.py:115} INFO - [2022-07-06 20:15:22,929] {dagbag.py:507} INFO - Filling up the DagBag from /home/airflow/.local/lib/python3.7/site-packages/airflow/example_dags/example_branch_labels.py
[2022-07-06 20:15:23,035] {processor.py:651} INFO - DAG(s) dict_keys(['example_branch_labels']) retrieved from /home/airflow/.local/lib/python3.7/site-packages/airflow/example_dags/example_branch_labels.py
[2022-07-06 20:15:23,161] {logging_mixin.py:115} INFO - [2022-07-06 20:15:23,161] {dag.py:2379} INFO - Sync 1 DAGs
[2022-07-06 20:15:23,213] {logging_mixin.py:115} INFO - [2022-07-06 20:15:23,213] {dag.py:2931} INFO - Setting next_dagrun for example_branch_labels to 2022-07-05T00:00:00+00:00, run_after=2022-07-06T00:00:00+00:00
[2022-07-06 20:15:23,250] {processor.py:161} INFO - Processing /home/airflow/.local/lib/python3.7/site-packages/airflow/example_dags/example_branch_labels.py took 0.406 seconds
[2022-07-06 20:15:58,346] {processor.py:153} INFO - Started process (PID=2124) to work on /home/airflow/.local/lib/python3.7/site-packages/airflow/example_dags/example_branch_labels.py
[2022-07-06 20:15:58,449] {processor.py:641} INFO - Processing file /home/airflow/.local/lib/python3.7/site-packages/airflow/example_dags/example_branch_labels.py for tasks to queue
[2022-07-06 20:15:58,452] {logging_mixin.py:115} INFO - [2022-07-06 20:15:58,451] {dagbag.py:507} INFO - Filling up the DagBag from /home/airflow/.local/lib/python3.7/site-packages/airflow/example_dags/example_branch_labels.py
[2022-07-06 20:15:58,502] {processor.py:651} INFO - DAG(s) dict_keys(['example_branch_labels']) retrieved from /home/airflow/.local/lib/python3.7/site-packages/airflow/example_dags/example_branch_labels.py
[2022-07-06 20:15:58,677] {logging_mixin.py:115} INFO - [2022-07-06 20:15:58,677] {dag.py:2379} INFO - Sync 1 DAGs
[2022-07-06 20:15:59,174] {logging_mixin.py:115} INFO - [2022-07-06 20:15:59,174] {dag.py:2931} INFO - Setting next_dagrun for example_branch_labels to 2022-07-05T00:00:00+00:00, run_after=2022-07-06T00:00:00+00:00
[2022-07-06 20:15:59,472] {processor.py:161} INFO - Processing /home/airflow/.local/lib/python3.7/site-packages/airflow/example_dags/example_branch_labels.py took 1.132 seconds
[2022-07-06 20:16:29,937] {processor.py:153} INFO - Started process (PID=2167) to work on /home/airflow/.local/lib/python3.7/site-packages/airflow/example_dags/example_branch_labels.py
[2022-07-06 20:16:29,939] {processor.py:641} INFO - Processing file /home/airflow/.local/lib/python3.7/site-packages/airflow/example_dags/example_branch_labels.py for tasks to queue
[2022-07-06 20:16:29,940] {logging_mixin.py:115} INFO - [2022-07-06 20:16:29,940] {dagbag.py:507} INFO - Filling up the DagBag from /home/airflow/.local/lib/python3.7/site-packages/airflow/example_dags/example_branch_labels.py
[2022-07-06 20:16:29,949] {processor.py:651} INFO - DAG(s) dict_keys(['example_branch_labels']) retrieved from /home/airflow/.local/lib/python3.7/site-packages/airflow/example_dags/example_branch_labels.py
[2022-07-06 20:16:30,016] {logging_mixin.py:115} INFO - [2022-07-06 20:16:30,016] {dag.py:2379} INFO - Sync 1 DAGs
[2022-07-06 20:16:30,077] {logging_mixin.py:115} INFO - [2022-07-06 20:16:30,075] {dag.py:2931} INFO - Setting next_dagrun for example_branch_labels to 2022-07-05T00:00:00+00:00, run_after=2022-07-06T00:00:00+00:00
[2022-07-06 20:16:30,141] {processor.py:161} INFO - Processing /home/airflow/.local/lib/python3.7/site-packages/airflow/example_dags/example_branch_labels.py took 0.213 seconds
[2022-07-06 20:17:00,465] {processor.py:153} INFO - Started process (PID=2226) to work on /home/airflow/.local/lib/python3.7/site-packages/airflow/example_dags/example_branch_labels.py
[2022-07-06 20:17:00,474] {processor.py:641} INFO - Processing file /home/airflow/.local/lib/python3.7/site-packages/airflow/example_dags/example_branch_labels.py for tasks to queue
[2022-07-06 20:17:00,475] {logging_mixin.py:115} INFO - [2022-07-06 20:17:00,475] {dagbag.py:507} INFO - Filling up the DagBag from /home/airflow/.local/lib/python3.7/site-packages/airflow/example_dags/example_branch_labels.py
[2022-07-06 20:17:00,483] {processor.py:651} INFO - DAG(s) dict_keys(['example_branch_labels']) retrieved from /home/airflow/.local/lib/python3.7/site-packages/airflow/example_dags/example_branch_labels.py
[2022-07-06 20:17:00,561] {logging_mixin.py:115} INFO - [2022-07-06 20:17:00,561] {dag.py:2379} INFO - Sync 1 DAGs
[2022-07-06 20:17:00,652] {logging_mixin.py:115} INFO - [2022-07-06 20:17:00,652] {dag.py:2931} INFO - Setting next_dagrun for example_branch_labels to 2022-07-05T00:00:00+00:00, run_after=2022-07-06T00:00:00+00:00
[2022-07-06 20:17:00,689] {processor.py:161} INFO - Processing /home/airflow/.local/lib/python3.7/site-packages/airflow/example_dags/example_branch_labels.py took 0.231 seconds
[2022-07-06 20:17:31,098] {processor.py:153} INFO - Started process (PID=2277) to work on /home/airflow/.local/lib/python3.7/site-packages/airflow/example_dags/example_branch_labels.py
[2022-07-06 20:17:31,099] {processor.py:641} INFO - Processing file /home/airflow/.local/lib/python3.7/site-packages/airflow/example_dags/example_branch_labels.py for tasks to queue
[2022-07-06 20:17:31,100] {logging_mixin.py:115} INFO - [2022-07-06 20:17:31,100] {dagbag.py:507} INFO - Filling up the DagBag from /home/airflow/.local/lib/python3.7/site-packages/airflow/example_dags/example_branch_labels.py
[2022-07-06 20:17:31,111] {processor.py:651} INFO - DAG(s) dict_keys(['example_branch_labels']) retrieved from /home/airflow/.local/lib/python3.7/site-packages/airflow/example_dags/example_branch_labels.py
[2022-07-06 20:17:31,153] {logging_mixin.py:115} INFO - [2022-07-06 20:17:31,153] {dag.py:2379} INFO - Sync 1 DAGs
[2022-07-06 20:17:31,198] {logging_mixin.py:115} INFO - [2022-07-06 20:17:31,197] {dag.py:2931} INFO - Setting next_dagrun for example_branch_labels to 2022-07-05T00:00:00+00:00, run_after=2022-07-06T00:00:00+00:00
[2022-07-06 20:17:31,232] {processor.py:161} INFO - Processing /home/airflow/.local/lib/python3.7/site-packages/airflow/example_dags/example_branch_labels.py took 0.140 seconds
[2022-07-06 20:18:01,715] {processor.py:153} INFO - Started process (PID=2329) to work on /home/airflow/.local/lib/python3.7/site-packages/airflow/example_dags/example_branch_labels.py
[2022-07-06 20:18:01,736] {processor.py:641} INFO - Processing file /home/airflow/.local/lib/python3.7/site-packages/airflow/example_dags/example_branch_labels.py for tasks to queue
[2022-07-06 20:18:01,738] {logging_mixin.py:115} INFO - [2022-07-06 20:18:01,737] {dagbag.py:507} INFO - Filling up the DagBag from /home/airflow/.local/lib/python3.7/site-packages/airflow/example_dags/example_branch_labels.py
[2022-07-06 20:18:01,750] {processor.py:651} INFO - DAG(s) dict_keys(['example_branch_labels']) retrieved from /home/airflow/.local/lib/python3.7/site-packages/airflow/example_dags/example_branch_labels.py
[2022-07-06 20:18:01,795] {logging_mixin.py:115} INFO - [2022-07-06 20:18:01,795] {dag.py:2379} INFO - Sync 1 DAGs
[2022-07-06 20:18:01,845] {logging_mixin.py:115} INFO - [2022-07-06 20:18:01,845] {dag.py:2931} INFO - Setting next_dagrun for example_branch_labels to 2022-07-05T00:00:00+00:00, run_after=2022-07-06T00:00:00+00:00
[2022-07-06 20:18:01,876] {processor.py:161} INFO - Processing /home/airflow/.local/lib/python3.7/site-packages/airflow/example_dags/example_branch_labels.py took 0.170 seconds
[2022-07-06 20:18:32,389] {processor.py:153} INFO - Started process (PID=2390) to work on /home/airflow/.local/lib/python3.7/site-packages/airflow/example_dags/example_branch_labels.py
[2022-07-06 20:18:32,390] {processor.py:641} INFO - Processing file /home/airflow/.local/lib/python3.7/site-packages/airflow/example_dags/example_branch_labels.py for tasks to queue
[2022-07-06 20:18:32,391] {logging_mixin.py:115} INFO - [2022-07-06 20:18:32,391] {dagbag.py:507} INFO - Filling up the DagBag from /home/airflow/.local/lib/python3.7/site-packages/airflow/example_dags/example_branch_labels.py
[2022-07-06 20:18:32,400] {processor.py:651} INFO - DAG(s) dict_keys(['example_branch_labels']) retrieved from /home/airflow/.local/lib/python3.7/site-packages/airflow/example_dags/example_branch_labels.py
[2022-07-06 20:18:32,437] {logging_mixin.py:115} INFO - [2022-07-06 20:18:32,437] {dag.py:2379} INFO - Sync 1 DAGs
[2022-07-06 20:18:32,470] {logging_mixin.py:115} INFO - [2022-07-06 20:18:32,470] {dag.py:2931} INFO - Setting next_dagrun for example_branch_labels to 2022-07-05T00:00:00+00:00, run_after=2022-07-06T00:00:00+00:00
[2022-07-06 20:18:32,572] {processor.py:161} INFO - Processing /home/airflow/.local/lib/python3.7/site-packages/airflow/example_dags/example_branch_labels.py took 0.186 seconds
[2022-07-06 20:19:03,257] {processor.py:153} INFO - Started process (PID=2441) to work on /home/airflow/.local/lib/python3.7/site-packages/airflow/example_dags/example_branch_labels.py
[2022-07-06 20:19:03,277] {processor.py:641} INFO - Processing file /home/airflow/.local/lib/python3.7/site-packages/airflow/example_dags/example_branch_labels.py for tasks to queue
[2022-07-06 20:19:03,278] {logging_mixin.py:115} INFO - [2022-07-06 20:19:03,278] {dagbag.py:507} INFO - Filling up the DagBag from /home/airflow/.local/lib/python3.7/site-packages/airflow/example_dags/example_branch_labels.py
[2022-07-06 20:19:03,289] {processor.py:651} INFO - DAG(s) dict_keys(['example_branch_labels']) retrieved from /home/airflow/.local/lib/python3.7/site-packages/airflow/example_dags/example_branch_labels.py
[2022-07-06 20:19:03,330] {logging_mixin.py:115} INFO - [2022-07-06 20:19:03,330] {dag.py:2379} INFO - Sync 1 DAGs
[2022-07-06 20:19:03,377] {logging_mixin.py:115} INFO - [2022-07-06 20:19:03,377] {dag.py:2931} INFO - Setting next_dagrun for example_branch_labels to 2022-07-05T00:00:00+00:00, run_after=2022-07-06T00:00:00+00:00
[2022-07-06 20:19:03,504] {processor.py:161} INFO - Processing /home/airflow/.local/lib/python3.7/site-packages/airflow/example_dags/example_branch_labels.py took 0.267 seconds
[2022-07-06 20:19:34,510] {processor.py:153} INFO - Started process (PID=2503) to work on /home/airflow/.local/lib/python3.7/site-packages/airflow/example_dags/example_branch_labels.py
[2022-07-06 20:19:34,512] {processor.py:641} INFO - Processing file /home/airflow/.local/lib/python3.7/site-packages/airflow/example_dags/example_branch_labels.py for tasks to queue
[2022-07-06 20:19:34,514] {logging_mixin.py:115} INFO - [2022-07-06 20:19:34,513] {dagbag.py:507} INFO - Filling up the DagBag from /home/airflow/.local/lib/python3.7/site-packages/airflow/example_dags/example_branch_labels.py
[2022-07-06 20:19:34,537] {processor.py:651} INFO - DAG(s) dict_keys(['example_branch_labels']) retrieved from /home/airflow/.local/lib/python3.7/site-packages/airflow/example_dags/example_branch_labels.py
[2022-07-06 20:19:34,618] {logging_mixin.py:115} INFO - [2022-07-06 20:19:34,617] {dag.py:2379} INFO - Sync 1 DAGs
[2022-07-06 20:19:34,659] {logging_mixin.py:115} INFO - [2022-07-06 20:19:34,658] {dag.py:2931} INFO - Setting next_dagrun for example_branch_labels to 2022-07-05T00:00:00+00:00, run_after=2022-07-06T00:00:00+00:00
[2022-07-06 20:19:34,689] {processor.py:161} INFO - Processing /home/airflow/.local/lib/python3.7/site-packages/airflow/example_dags/example_branch_labels.py took 0.190 seconds
[2022-07-06 20:20:05,329] {processor.py:153} INFO - Started process (PID=2556) to work on /home/airflow/.local/lib/python3.7/site-packages/airflow/example_dags/example_branch_labels.py
[2022-07-06 20:20:05,339] {processor.py:641} INFO - Processing file /home/airflow/.local/lib/python3.7/site-packages/airflow/example_dags/example_branch_labels.py for tasks to queue
[2022-07-06 20:20:05,343] {logging_mixin.py:115} INFO - [2022-07-06 20:20:05,342] {dagbag.py:507} INFO - Filling up the DagBag from /home/airflow/.local/lib/python3.7/site-packages/airflow/example_dags/example_branch_labels.py
[2022-07-06 20:20:05,376] {processor.py:651} INFO - DAG(s) dict_keys(['example_branch_labels']) retrieved from /home/airflow/.local/lib/python3.7/site-packages/airflow/example_dags/example_branch_labels.py
[2022-07-06 20:20:05,464] {logging_mixin.py:115} INFO - [2022-07-06 20:20:05,464] {dag.py:2379} INFO - Sync 1 DAGs
[2022-07-06 20:20:05,538] {logging_mixin.py:115} INFO - [2022-07-06 20:20:05,538] {dag.py:2931} INFO - Setting next_dagrun for example_branch_labels to 2022-07-05T00:00:00+00:00, run_after=2022-07-06T00:00:00+00:00
[2022-07-06 20:20:05,597] {processor.py:161} INFO - Processing /home/airflow/.local/lib/python3.7/site-packages/airflow/example_dags/example_branch_labels.py took 0.283 seconds
[2022-07-06 20:20:35,674] {processor.py:153} INFO - Started process (PID=2609) to work on /home/airflow/.local/lib/python3.7/site-packages/airflow/example_dags/example_branch_labels.py
[2022-07-06 20:20:35,674] {processor.py:641} INFO - Processing file /home/airflow/.local/lib/python3.7/site-packages/airflow/example_dags/example_branch_labels.py for tasks to queue
[2022-07-06 20:20:35,675] {logging_mixin.py:115} INFO - [2022-07-06 20:20:35,675] {dagbag.py:507} INFO - Filling up the DagBag from /home/airflow/.local/lib/python3.7/site-packages/airflow/example_dags/example_branch_labels.py
[2022-07-06 20:20:35,686] {processor.py:651} INFO - DAG(s) dict_keys(['example_branch_labels']) retrieved from /home/airflow/.local/lib/python3.7/site-packages/airflow/example_dags/example_branch_labels.py
[2022-07-06 20:20:35,727] {logging_mixin.py:115} INFO - [2022-07-06 20:20:35,727] {dag.py:2379} INFO - Sync 1 DAGs
[2022-07-06 20:20:35,762] {logging_mixin.py:115} INFO - [2022-07-06 20:20:35,762] {dag.py:2931} INFO - Setting next_dagrun for example_branch_labels to 2022-07-05T00:00:00+00:00, run_after=2022-07-06T00:00:00+00:00
[2022-07-06 20:20:35,819] {processor.py:161} INFO - Processing /home/airflow/.local/lib/python3.7/site-packages/airflow/example_dags/example_branch_labels.py took 0.149 seconds
[2022-07-06 20:21:06,851] {processor.py:153} INFO - Started process (PID=2671) to work on /home/airflow/.local/lib/python3.7/site-packages/airflow/example_dags/example_branch_labels.py
[2022-07-06 20:21:06,881] {processor.py:641} INFO - Processing file /home/airflow/.local/lib/python3.7/site-packages/airflow/example_dags/example_branch_labels.py for tasks to queue
[2022-07-06 20:21:06,882] {logging_mixin.py:115} INFO - [2022-07-06 20:21:06,882] {dagbag.py:507} INFO - Filling up the DagBag from /home/airflow/.local/lib/python3.7/site-packages/airflow/example_dags/example_branch_labels.py
[2022-07-06 20:21:06,890] {processor.py:651} INFO - DAG(s) dict_keys(['example_branch_labels']) retrieved from /home/airflow/.local/lib/python3.7/site-packages/airflow/example_dags/example_branch_labels.py
[2022-07-06 20:21:06,935] {logging_mixin.py:115} INFO - [2022-07-06 20:21:06,935] {dag.py:2379} INFO - Sync 1 DAGs
[2022-07-06 20:21:07,002] {logging_mixin.py:115} INFO - [2022-07-06 20:21:07,002] {dag.py:2931} INFO - Setting next_dagrun for example_branch_labels to 2022-07-05T00:00:00+00:00, run_after=2022-07-06T00:00:00+00:00
[2022-07-06 20:21:07,059] {processor.py:161} INFO - Processing /home/airflow/.local/lib/python3.7/site-packages/airflow/example_dags/example_branch_labels.py took 0.219 seconds
[2022-07-06 20:21:37,700] {processor.py:153} INFO - Started process (PID=2722) to work on /home/airflow/.local/lib/python3.7/site-packages/airflow/example_dags/example_branch_labels.py
[2022-07-06 20:21:37,701] {processor.py:641} INFO - Processing file /home/airflow/.local/lib/python3.7/site-packages/airflow/example_dags/example_branch_labels.py for tasks to queue
[2022-07-06 20:21:37,702] {logging_mixin.py:115} INFO - [2022-07-06 20:21:37,702] {dagbag.py:507} INFO - Filling up the DagBag from /home/airflow/.local/lib/python3.7/site-packages/airflow/example_dags/example_branch_labels.py
[2022-07-06 20:21:37,714] {processor.py:651} INFO - DAG(s) dict_keys(['example_branch_labels']) retrieved from /home/airflow/.local/lib/python3.7/site-packages/airflow/example_dags/example_branch_labels.py
[2022-07-06 20:21:37,761] {logging_mixin.py:115} INFO - [2022-07-06 20:21:37,761] {dag.py:2379} INFO - Sync 1 DAGs
[2022-07-06 20:21:37,827] {logging_mixin.py:115} INFO - [2022-07-06 20:21:37,827] {dag.py:2931} INFO - Setting next_dagrun for example_branch_labels to 2022-07-05T00:00:00+00:00, run_after=2022-07-06T00:00:00+00:00
[2022-07-06 20:21:37,872] {processor.py:161} INFO - Processing /home/airflow/.local/lib/python3.7/site-packages/airflow/example_dags/example_branch_labels.py took 0.177 seconds
[2022-07-06 20:22:08,247] {processor.py:153} INFO - Started process (PID=2781) to work on /home/airflow/.local/lib/python3.7/site-packages/airflow/example_dags/example_branch_labels.py
[2022-07-06 20:22:08,265] {processor.py:641} INFO - Processing file /home/airflow/.local/lib/python3.7/site-packages/airflow/example_dags/example_branch_labels.py for tasks to queue
[2022-07-06 20:22:08,266] {logging_mixin.py:115} INFO - [2022-07-06 20:22:08,266] {dagbag.py:507} INFO - Filling up the DagBag from /home/airflow/.local/lib/python3.7/site-packages/airflow/example_dags/example_branch_labels.py
[2022-07-06 20:22:08,283] {processor.py:651} INFO - DAG(s) dict_keys(['example_branch_labels']) retrieved from /home/airflow/.local/lib/python3.7/site-packages/airflow/example_dags/example_branch_labels.py
[2022-07-06 20:22:08,459] {logging_mixin.py:115} INFO - [2022-07-06 20:22:08,459] {dag.py:2379} INFO - Sync 1 DAGs
[2022-07-06 20:22:08,566] {logging_mixin.py:115} INFO - [2022-07-06 20:22:08,566] {dag.py:2931} INFO - Setting next_dagrun for example_branch_labels to 2022-07-05T00:00:00+00:00, run_after=2022-07-06T00:00:00+00:00
[2022-07-06 20:22:08,641] {processor.py:161} INFO - Processing /home/airflow/.local/lib/python3.7/site-packages/airflow/example_dags/example_branch_labels.py took 0.407 seconds
[2022-07-06 20:22:39,400] {processor.py:153} INFO - Started process (PID=2824) to work on /home/airflow/.local/lib/python3.7/site-packages/airflow/example_dags/example_branch_labels.py
[2022-07-06 20:22:39,416] {processor.py:641} INFO - Processing file /home/airflow/.local/lib/python3.7/site-packages/airflow/example_dags/example_branch_labels.py for tasks to queue
[2022-07-06 20:22:39,418] {logging_mixin.py:115} INFO - [2022-07-06 20:22:39,418] {dagbag.py:507} INFO - Filling up the DagBag from /home/airflow/.local/lib/python3.7/site-packages/airflow/example_dags/example_branch_labels.py
[2022-07-06 20:22:39,464] {processor.py:651} INFO - DAG(s) dict_keys(['example_branch_labels']) retrieved from /home/airflow/.local/lib/python3.7/site-packages/airflow/example_dags/example_branch_labels.py
[2022-07-06 20:22:39,584] {logging_mixin.py:115} INFO - [2022-07-06 20:22:39,584] {dag.py:2379} INFO - Sync 1 DAGs
[2022-07-06 20:22:39,708] {logging_mixin.py:115} INFO - [2022-07-06 20:22:39,708] {dag.py:2931} INFO - Setting next_dagrun for example_branch_labels to 2022-07-05T00:00:00+00:00, run_after=2022-07-06T00:00:00+00:00
[2022-07-06 20:22:39,751] {processor.py:161} INFO - Processing /home/airflow/.local/lib/python3.7/site-packages/airflow/example_dags/example_branch_labels.py took 0.359 seconds
[2022-07-06 20:23:10,313] {processor.py:153} INFO - Started process (PID=2884) to work on /home/airflow/.local/lib/python3.7/site-packages/airflow/example_dags/example_branch_labels.py
[2022-07-06 20:23:10,314] {processor.py:641} INFO - Processing file /home/airflow/.local/lib/python3.7/site-packages/airflow/example_dags/example_branch_labels.py for tasks to queue
[2022-07-06 20:23:10,315] {logging_mixin.py:115} INFO - [2022-07-06 20:23:10,315] {dagbag.py:507} INFO - Filling up the DagBag from /home/airflow/.local/lib/python3.7/site-packages/airflow/example_dags/example_branch_labels.py
[2022-07-06 20:23:10,328] {processor.py:651} INFO - DAG(s) dict_keys(['example_branch_labels']) retrieved from /home/airflow/.local/lib/python3.7/site-packages/airflow/example_dags/example_branch_labels.py
[2022-07-06 20:23:10,377] {logging_mixin.py:115} INFO - [2022-07-06 20:23:10,376] {dag.py:2379} INFO - Sync 1 DAGs
[2022-07-06 20:23:10,432] {logging_mixin.py:115} INFO - [2022-07-06 20:23:10,431] {dag.py:2931} INFO - Setting next_dagrun for example_branch_labels to 2022-07-05T00:00:00+00:00, run_after=2022-07-06T00:00:00+00:00
[2022-07-06 20:23:10,474] {processor.py:161} INFO - Processing /home/airflow/.local/lib/python3.7/site-packages/airflow/example_dags/example_branch_labels.py took 0.166 seconds
[2022-07-06 20:23:41,158] {processor.py:153} INFO - Started process (PID=2935) to work on /home/airflow/.local/lib/python3.7/site-packages/airflow/example_dags/example_branch_labels.py
[2022-07-06 20:23:41,161] {processor.py:641} INFO - Processing file /home/airflow/.local/lib/python3.7/site-packages/airflow/example_dags/example_branch_labels.py for tasks to queue
[2022-07-06 20:23:41,163] {logging_mixin.py:115} INFO - [2022-07-06 20:23:41,163] {dagbag.py:507} INFO - Filling up the DagBag from /home/airflow/.local/lib/python3.7/site-packages/airflow/example_dags/example_branch_labels.py
[2022-07-06 20:23:41,195] {processor.py:651} INFO - DAG(s) dict_keys(['example_branch_labels']) retrieved from /home/airflow/.local/lib/python3.7/site-packages/airflow/example_dags/example_branch_labels.py
[2022-07-06 20:23:41,262] {logging_mixin.py:115} INFO - [2022-07-06 20:23:41,262] {dag.py:2379} INFO - Sync 1 DAGs
[2022-07-06 20:23:41,298] {logging_mixin.py:115} INFO - [2022-07-06 20:23:41,298] {dag.py:2931} INFO - Setting next_dagrun for example_branch_labels to 2022-07-05T00:00:00+00:00, run_after=2022-07-06T00:00:00+00:00
[2022-07-06 20:23:41,363] {processor.py:161} INFO - Processing /home/airflow/.local/lib/python3.7/site-packages/airflow/example_dags/example_branch_labels.py took 0.219 seconds
[2022-07-06 20:24:11,885] {processor.py:153} INFO - Started process (PID=2987) to work on /home/airflow/.local/lib/python3.7/site-packages/airflow/example_dags/example_branch_labels.py
[2022-07-06 20:24:11,886] {processor.py:641} INFO - Processing file /home/airflow/.local/lib/python3.7/site-packages/airflow/example_dags/example_branch_labels.py for tasks to queue
[2022-07-06 20:24:11,889] {logging_mixin.py:115} INFO - [2022-07-06 20:24:11,888] {dagbag.py:507} INFO - Filling up the DagBag from /home/airflow/.local/lib/python3.7/site-packages/airflow/example_dags/example_branch_labels.py
[2022-07-06 20:24:11,913] {processor.py:651} INFO - DAG(s) dict_keys(['example_branch_labels']) retrieved from /home/airflow/.local/lib/python3.7/site-packages/airflow/example_dags/example_branch_labels.py
[2022-07-06 20:24:11,983] {logging_mixin.py:115} INFO - [2022-07-06 20:24:11,983] {dag.py:2379} INFO - Sync 1 DAGs
[2022-07-06 20:24:12,018] {logging_mixin.py:115} INFO - [2022-07-06 20:24:12,018] {dag.py:2931} INFO - Setting next_dagrun for example_branch_labels to 2022-07-05T00:00:00+00:00, run_after=2022-07-06T00:00:00+00:00
[2022-07-06 20:24:12,051] {processor.py:161} INFO - Processing /home/airflow/.local/lib/python3.7/site-packages/airflow/example_dags/example_branch_labels.py took 0.177 seconds
[2022-07-06 20:24:44,517] {processor.py:153} INFO - Started process (PID=3050) to work on /home/airflow/.local/lib/python3.7/site-packages/airflow/example_dags/example_branch_labels.py
[2022-07-06 20:24:44,521] {processor.py:641} INFO - Processing file /home/airflow/.local/lib/python3.7/site-packages/airflow/example_dags/example_branch_labels.py for tasks to queue
[2022-07-06 20:24:44,524] {logging_mixin.py:115} INFO - [2022-07-06 20:24:44,524] {dagbag.py:507} INFO - Filling up the DagBag from /home/airflow/.local/lib/python3.7/site-packages/airflow/example_dags/example_branch_labels.py
[2022-07-06 20:24:44,537] {processor.py:651} INFO - DAG(s) dict_keys(['example_branch_labels']) retrieved from /home/airflow/.local/lib/python3.7/site-packages/airflow/example_dags/example_branch_labels.py
[2022-07-06 20:24:44,593] {logging_mixin.py:115} INFO - [2022-07-06 20:24:44,593] {dag.py:2379} INFO - Sync 1 DAGs
[2022-07-06 20:24:44,654] {logging_mixin.py:115} INFO - [2022-07-06 20:24:44,653] {dag.py:2931} INFO - Setting next_dagrun for example_branch_labels to 2022-07-05T00:00:00+00:00, run_after=2022-07-06T00:00:00+00:00
[2022-07-06 20:24:44,688] {processor.py:161} INFO - Processing /home/airflow/.local/lib/python3.7/site-packages/airflow/example_dags/example_branch_labels.py took 0.176 seconds
[2022-07-06 20:25:14,815] {processor.py:153} INFO - Started process (PID=3102) to work on /home/airflow/.local/lib/python3.7/site-packages/airflow/example_dags/example_branch_labels.py
[2022-07-06 20:25:14,816] {processor.py:641} INFO - Processing file /home/airflow/.local/lib/python3.7/site-packages/airflow/example_dags/example_branch_labels.py for tasks to queue
[2022-07-06 20:25:14,817] {logging_mixin.py:115} INFO - [2022-07-06 20:25:14,817] {dagbag.py:507} INFO - Filling up the DagBag from /home/airflow/.local/lib/python3.7/site-packages/airflow/example_dags/example_branch_labels.py
[2022-07-06 20:25:14,831] {processor.py:651} INFO - DAG(s) dict_keys(['example_branch_labels']) retrieved from /home/airflow/.local/lib/python3.7/site-packages/airflow/example_dags/example_branch_labels.py
[2022-07-06 20:25:14,886] {logging_mixin.py:115} INFO - [2022-07-06 20:25:14,886] {dag.py:2379} INFO - Sync 1 DAGs
[2022-07-06 20:25:14,934] {logging_mixin.py:115} INFO - [2022-07-06 20:25:14,934] {dag.py:2931} INFO - Setting next_dagrun for example_branch_labels to 2022-07-05T00:00:00+00:00, run_after=2022-07-06T00:00:00+00:00
[2022-07-06 20:25:14,963] {processor.py:161} INFO - Processing /home/airflow/.local/lib/python3.7/site-packages/airflow/example_dags/example_branch_labels.py took 0.155 seconds
[2022-07-06 20:25:45,347] {processor.py:153} INFO - Started process (PID=3164) to work on /home/airflow/.local/lib/python3.7/site-packages/airflow/example_dags/example_branch_labels.py
[2022-07-06 20:25:45,394] {processor.py:641} INFO - Processing file /home/airflow/.local/lib/python3.7/site-packages/airflow/example_dags/example_branch_labels.py for tasks to queue
[2022-07-06 20:25:45,395] {logging_mixin.py:115} INFO - [2022-07-06 20:25:45,394] {dagbag.py:507} INFO - Filling up the DagBag from /home/airflow/.local/lib/python3.7/site-packages/airflow/example_dags/example_branch_labels.py
[2022-07-06 20:25:45,403] {processor.py:651} INFO - DAG(s) dict_keys(['example_branch_labels']) retrieved from /home/airflow/.local/lib/python3.7/site-packages/airflow/example_dags/example_branch_labels.py
[2022-07-06 20:25:45,438] {logging_mixin.py:115} INFO - [2022-07-06 20:25:45,438] {dag.py:2379} INFO - Sync 1 DAGs
[2022-07-06 20:25:45,473] {logging_mixin.py:115} INFO - [2022-07-06 20:25:45,473] {dag.py:2931} INFO - Setting next_dagrun for example_branch_labels to 2022-07-05T00:00:00+00:00, run_after=2022-07-06T00:00:00+00:00
[2022-07-06 20:25:45,493] {processor.py:161} INFO - Processing /home/airflow/.local/lib/python3.7/site-packages/airflow/example_dags/example_branch_labels.py took 0.150 seconds
[2022-07-06 20:26:18,008] {processor.py:153} INFO - Started process (PID=3215) to work on /home/airflow/.local/lib/python3.7/site-packages/airflow/example_dags/example_branch_labels.py
[2022-07-06 20:26:18,015] {processor.py:641} INFO - Processing file /home/airflow/.local/lib/python3.7/site-packages/airflow/example_dags/example_branch_labels.py for tasks to queue
[2022-07-06 20:26:18,021] {logging_mixin.py:115} INFO - [2022-07-06 20:26:18,021] {dagbag.py:507} INFO - Filling up the DagBag from /home/airflow/.local/lib/python3.7/site-packages/airflow/example_dags/example_branch_labels.py
[2022-07-06 20:26:18,060] {processor.py:651} INFO - DAG(s) dict_keys(['example_branch_labels']) retrieved from /home/airflow/.local/lib/python3.7/site-packages/airflow/example_dags/example_branch_labels.py
[2022-07-06 20:26:18,206] {logging_mixin.py:115} INFO - [2022-07-06 20:26:18,206] {dag.py:2379} INFO - Sync 1 DAGs
[2022-07-06 20:26:18,581] {logging_mixin.py:115} INFO - [2022-07-06 20:26:18,581] {dag.py:2931} INFO - Setting next_dagrun for example_branch_labels to 2022-07-05T00:00:00+00:00, run_after=2022-07-06T00:00:00+00:00
[2022-07-06 20:26:18,685] {processor.py:161} INFO - Processing /home/airflow/.local/lib/python3.7/site-packages/airflow/example_dags/example_branch_labels.py took 0.688 seconds
[2022-07-06 20:26:49,307] {processor.py:153} INFO - Started process (PID=3278) to work on /home/airflow/.local/lib/python3.7/site-packages/airflow/example_dags/example_branch_labels.py
[2022-07-06 20:26:49,327] {processor.py:641} INFO - Processing file /home/airflow/.local/lib/python3.7/site-packages/airflow/example_dags/example_branch_labels.py for tasks to queue
[2022-07-06 20:26:49,330] {logging_mixin.py:115} INFO - [2022-07-06 20:26:49,329] {dagbag.py:507} INFO - Filling up the DagBag from /home/airflow/.local/lib/python3.7/site-packages/airflow/example_dags/example_branch_labels.py
[2022-07-06 20:26:49,352] {processor.py:651} INFO - DAG(s) dict_keys(['example_branch_labels']) retrieved from /home/airflow/.local/lib/python3.7/site-packages/airflow/example_dags/example_branch_labels.py
[2022-07-06 20:26:49,401] {logging_mixin.py:115} INFO - [2022-07-06 20:26:49,401] {dag.py:2379} INFO - Sync 1 DAGs
[2022-07-06 20:26:49,439] {logging_mixin.py:115} INFO - [2022-07-06 20:26:49,439] {dag.py:2931} INFO - Setting next_dagrun for example_branch_labels to 2022-07-05T00:00:00+00:00, run_after=2022-07-06T00:00:00+00:00
[2022-07-06 20:26:49,621] {processor.py:161} INFO - Processing /home/airflow/.local/lib/python3.7/site-packages/airflow/example_dags/example_branch_labels.py took 0.318 seconds
