[2022-07-06 19:38:40,762] {processor.py:153} INFO - Started process (PID=124) to work on /home/airflow/.local/lib/python3.7/site-packages/airflow/example_dags/example_trigger_target_dag.py
[2022-07-06 19:38:40,762] {processor.py:641} INFO - Processing file /home/airflow/.local/lib/python3.7/site-packages/airflow/example_dags/example_trigger_target_dag.py for tasks to queue
[2022-07-06 19:38:40,763] {logging_mixin.py:115} INFO - [2022-07-06 19:38:40,763] {dagbag.py:507} INFO - Filling up the DagBag from /home/airflow/.local/lib/python3.7/site-packages/airflow/example_dags/example_trigger_target_dag.py
[2022-07-06 19:38:40,800] {processor.py:651} INFO - DAG(s) dict_keys(['example_trigger_target_dag']) retrieved from /home/airflow/.local/lib/python3.7/site-packages/airflow/example_dags/example_trigger_target_dag.py
[2022-07-06 19:38:41,745] {logging_mixin.py:115} INFO - [2022-07-06 19:38:41,744] {manager.py:508} INFO - Created Permission View: can delete on DAG:example_trigger_target_dag
[2022-07-06 19:38:41,932] {logging_mixin.py:115} INFO - [2022-07-06 19:38:41,931] {manager.py:508} INFO - Created Permission View: can edit on DAG:example_trigger_target_dag
[2022-07-06 19:38:42,108] {logging_mixin.py:115} INFO - [2022-07-06 19:38:42,108] {manager.py:508} INFO - Created Permission View: can read on DAG:example_trigger_target_dag
[2022-07-06 19:38:42,109] {logging_mixin.py:115} INFO - [2022-07-06 19:38:42,109] {dag.py:2379} INFO - Sync 1 DAGs
[2022-07-06 19:38:42,149] {logging_mixin.py:115} INFO - [2022-07-06 19:38:42,149] {dag.py:2398} INFO - Creating ORM DAG for example_trigger_target_dag
[2022-07-06 19:38:42,242] {logging_mixin.py:115} INFO - [2022-07-06 19:38:42,242] {dag.py:2931} INFO - Setting next_dagrun for example_trigger_target_dag to None, run_after=None
[2022-07-06 19:38:42,423] {processor.py:161} INFO - Processing /home/airflow/.local/lib/python3.7/site-packages/airflow/example_dags/example_trigger_target_dag.py took 1.665 seconds
[2022-07-06 19:39:45,269] {processor.py:153} INFO - Started process (PID=190) to work on /home/airflow/.local/lib/python3.7/site-packages/airflow/example_dags/example_trigger_target_dag.py
[2022-07-06 19:39:45,527] {processor.py:641} INFO - Processing file /home/airflow/.local/lib/python3.7/site-packages/airflow/example_dags/example_trigger_target_dag.py for tasks to queue
[2022-07-06 19:39:45,621] {logging_mixin.py:115} INFO - [2022-07-06 19:39:45,621] {dagbag.py:507} INFO - Filling up the DagBag from /home/airflow/.local/lib/python3.7/site-packages/airflow/example_dags/example_trigger_target_dag.py
[2022-07-06 19:39:46,018] {processor.py:651} INFO - DAG(s) dict_keys(['example_trigger_target_dag']) retrieved from /home/airflow/.local/lib/python3.7/site-packages/airflow/example_dags/example_trigger_target_dag.py
[2022-07-06 19:39:46,178] {logging_mixin.py:115} INFO - [2022-07-06 19:39:46,177] {dag.py:2379} INFO - Sync 1 DAGs
[2022-07-06 19:39:46,210] {logging_mixin.py:115} INFO - [2022-07-06 19:39:46,210] {dag.py:2931} INFO - Setting next_dagrun for example_trigger_target_dag to None, run_after=None
[2022-07-06 19:39:46,361] {processor.py:161} INFO - Processing /home/airflow/.local/lib/python3.7/site-packages/airflow/example_dags/example_trigger_target_dag.py took 1.096 seconds
[2022-07-06 19:40:16,460] {processor.py:153} INFO - Started process (PID=234) to work on /home/airflow/.local/lib/python3.7/site-packages/airflow/example_dags/example_trigger_target_dag.py
[2022-07-06 19:40:16,461] {processor.py:641} INFO - Processing file /home/airflow/.local/lib/python3.7/site-packages/airflow/example_dags/example_trigger_target_dag.py for tasks to queue
[2022-07-06 19:40:16,462] {logging_mixin.py:115} INFO - [2022-07-06 19:40:16,462] {dagbag.py:507} INFO - Filling up the DagBag from /home/airflow/.local/lib/python3.7/site-packages/airflow/example_dags/example_trigger_target_dag.py
[2022-07-06 19:40:16,494] {processor.py:651} INFO - DAG(s) dict_keys(['example_trigger_target_dag']) retrieved from /home/airflow/.local/lib/python3.7/site-packages/airflow/example_dags/example_trigger_target_dag.py
[2022-07-06 19:40:16,544] {logging_mixin.py:115} INFO - [2022-07-06 19:40:16,544] {dag.py:2379} INFO - Sync 1 DAGs
[2022-07-06 19:40:16,592] {logging_mixin.py:115} INFO - [2022-07-06 19:40:16,592] {dag.py:2931} INFO - Setting next_dagrun for example_trigger_target_dag to None, run_after=None
[2022-07-06 19:40:16,689] {processor.py:161} INFO - Processing /home/airflow/.local/lib/python3.7/site-packages/airflow/example_dags/example_trigger_target_dag.py took 0.234 seconds
[2022-07-06 19:40:46,812] {processor.py:153} INFO - Started process (PID=296) to work on /home/airflow/.local/lib/python3.7/site-packages/airflow/example_dags/example_trigger_target_dag.py
[2022-07-06 19:40:46,823] {processor.py:641} INFO - Processing file /home/airflow/.local/lib/python3.7/site-packages/airflow/example_dags/example_trigger_target_dag.py for tasks to queue
[2022-07-06 19:40:46,824] {logging_mixin.py:115} INFO - [2022-07-06 19:40:46,823] {dagbag.py:507} INFO - Filling up the DagBag from /home/airflow/.local/lib/python3.7/site-packages/airflow/example_dags/example_trigger_target_dag.py
[2022-07-06 19:40:46,854] {processor.py:651} INFO - DAG(s) dict_keys(['example_trigger_target_dag']) retrieved from /home/airflow/.local/lib/python3.7/site-packages/airflow/example_dags/example_trigger_target_dag.py
[2022-07-06 19:40:46,901] {logging_mixin.py:115} INFO - [2022-07-06 19:40:46,901] {dag.py:2379} INFO - Sync 1 DAGs
[2022-07-06 19:40:47,002] {logging_mixin.py:115} INFO - [2022-07-06 19:40:47,002] {dag.py:2931} INFO - Setting next_dagrun for example_trigger_target_dag to None, run_after=None
[2022-07-06 19:40:47,219] {processor.py:161} INFO - Processing /home/airflow/.local/lib/python3.7/site-packages/airflow/example_dags/example_trigger_target_dag.py took 0.412 seconds
[2022-07-06 19:41:17,684] {processor.py:153} INFO - Started process (PID=347) to work on /home/airflow/.local/lib/python3.7/site-packages/airflow/example_dags/example_trigger_target_dag.py
[2022-07-06 19:41:17,684] {processor.py:641} INFO - Processing file /home/airflow/.local/lib/python3.7/site-packages/airflow/example_dags/example_trigger_target_dag.py for tasks to queue
[2022-07-06 19:41:17,685] {logging_mixin.py:115} INFO - [2022-07-06 19:41:17,685] {dagbag.py:507} INFO - Filling up the DagBag from /home/airflow/.local/lib/python3.7/site-packages/airflow/example_dags/example_trigger_target_dag.py
[2022-07-06 19:41:17,712] {processor.py:651} INFO - DAG(s) dict_keys(['example_trigger_target_dag']) retrieved from /home/airflow/.local/lib/python3.7/site-packages/airflow/example_dags/example_trigger_target_dag.py
[2022-07-06 19:41:17,748] {logging_mixin.py:115} INFO - [2022-07-06 19:41:17,748] {dag.py:2379} INFO - Sync 1 DAGs
[2022-07-06 19:41:17,781] {logging_mixin.py:115} INFO - [2022-07-06 19:41:17,781] {dag.py:2931} INFO - Setting next_dagrun for example_trigger_target_dag to None, run_after=None
[2022-07-06 19:41:17,821] {processor.py:161} INFO - Processing /home/airflow/.local/lib/python3.7/site-packages/airflow/example_dags/example_trigger_target_dag.py took 0.143 seconds
[2022-07-06 19:42:01,333] {processor.py:153} INFO - Started process (PID=395) to work on /home/airflow/.local/lib/python3.7/site-packages/airflow/example_dags/example_trigger_target_dag.py
[2022-07-06 19:42:01,668] {processor.py:641} INFO - Processing file /home/airflow/.local/lib/python3.7/site-packages/airflow/example_dags/example_trigger_target_dag.py for tasks to queue
[2022-07-06 19:42:01,669] {logging_mixin.py:115} INFO - [2022-07-06 19:42:01,669] {dagbag.py:507} INFO - Filling up the DagBag from /home/airflow/.local/lib/python3.7/site-packages/airflow/example_dags/example_trigger_target_dag.py
[2022-07-06 19:42:02,438] {processor.py:651} INFO - DAG(s) dict_keys(['example_trigger_target_dag']) retrieved from /home/airflow/.local/lib/python3.7/site-packages/airflow/example_dags/example_trigger_target_dag.py
[2022-07-06 19:42:03,320] {logging_mixin.py:115} INFO - [2022-07-06 19:42:03,319] {dag.py:2379} INFO - Sync 1 DAGs
[2022-07-06 19:42:03,342] {logging_mixin.py:115} INFO - [2022-07-06 19:42:03,342] {dag.py:2931} INFO - Setting next_dagrun for example_trigger_target_dag to None, run_after=None
[2022-07-06 19:42:03,789] {processor.py:161} INFO - Processing /home/airflow/.local/lib/python3.7/site-packages/airflow/example_dags/example_trigger_target_dag.py took 2.460 seconds
[2022-07-06 19:44:10,332] {processor.py:153} INFO - Started process (PID=438) to work on /home/airflow/.local/lib/python3.7/site-packages/airflow/example_dags/example_trigger_target_dag.py
[2022-07-06 19:44:10,828] {processor.py:641} INFO - Processing file /home/airflow/.local/lib/python3.7/site-packages/airflow/example_dags/example_trigger_target_dag.py for tasks to queue
[2022-07-06 19:44:11,081] {logging_mixin.py:115} INFO - [2022-07-06 19:44:11,081] {dagbag.py:507} INFO - Filling up the DagBag from /home/airflow/.local/lib/python3.7/site-packages/airflow/example_dags/example_trigger_target_dag.py
[2022-07-06 19:44:11,353] {processor.py:651} INFO - DAG(s) dict_keys(['example_trigger_target_dag']) retrieved from /home/airflow/.local/lib/python3.7/site-packages/airflow/example_dags/example_trigger_target_dag.py
[2022-07-06 19:44:11,380] {logging_mixin.py:115} INFO - [2022-07-06 19:44:11,380] {dag.py:2379} INFO - Sync 1 DAGs
[2022-07-06 19:44:11,402] {logging_mixin.py:115} INFO - [2022-07-06 19:44:11,402] {dag.py:2931} INFO - Setting next_dagrun for example_trigger_target_dag to None, run_after=None
[2022-07-06 19:44:11,975] {processor.py:161} INFO - Processing /home/airflow/.local/lib/python3.7/site-packages/airflow/example_dags/example_trigger_target_dag.py took 1.648 seconds
[2022-07-06 19:46:06,421] {processor.py:153} INFO - Started process (PID=494) to work on /home/airflow/.local/lib/python3.7/site-packages/airflow/example_dags/example_trigger_target_dag.py
[2022-07-06 19:46:06,986] {processor.py:641} INFO - Processing file /home/airflow/.local/lib/python3.7/site-packages/airflow/example_dags/example_trigger_target_dag.py for tasks to queue
[2022-07-06 19:46:06,988] {logging_mixin.py:115} INFO - [2022-07-06 19:46:06,988] {dagbag.py:507} INFO - Filling up the DagBag from /home/airflow/.local/lib/python3.7/site-packages/airflow/example_dags/example_trigger_target_dag.py
[2022-07-06 19:46:09,789] {processor.py:651} INFO - DAG(s) dict_keys(['example_trigger_target_dag']) retrieved from /home/airflow/.local/lib/python3.7/site-packages/airflow/example_dags/example_trigger_target_dag.py
[2022-07-06 19:46:09,834] {logging_mixin.py:115} INFO - [2022-07-06 19:46:09,833] {dag.py:2379} INFO - Sync 1 DAGs
[2022-07-06 19:46:09,864] {logging_mixin.py:115} INFO - [2022-07-06 19:46:09,864] {dag.py:2931} INFO - Setting next_dagrun for example_trigger_target_dag to None, run_after=None
[2022-07-06 19:46:11,326] {processor.py:161} INFO - Processing /home/airflow/.local/lib/python3.7/site-packages/airflow/example_dags/example_trigger_target_dag.py took 4.909 seconds
[2022-07-06 19:54:35,209] {processor.py:153} INFO - Started process (PID=116) to work on /home/airflow/.local/lib/python3.7/site-packages/airflow/example_dags/example_trigger_target_dag.py
[2022-07-06 19:54:35,334] {processor.py:641} INFO - Processing file /home/airflow/.local/lib/python3.7/site-packages/airflow/example_dags/example_trigger_target_dag.py for tasks to queue
[2022-07-06 19:54:35,336] {logging_mixin.py:115} INFO - [2022-07-06 19:54:35,336] {dagbag.py:507} INFO - Filling up the DagBag from /home/airflow/.local/lib/python3.7/site-packages/airflow/example_dags/example_trigger_target_dag.py
[2022-07-06 19:54:35,394] {processor.py:651} INFO - DAG(s) dict_keys(['example_trigger_target_dag']) retrieved from /home/airflow/.local/lib/python3.7/site-packages/airflow/example_dags/example_trigger_target_dag.py
[2022-07-06 19:54:35,433] {logging_mixin.py:115} INFO - [2022-07-06 19:54:35,433] {dag.py:2379} INFO - Sync 1 DAGs
[2022-07-06 19:54:35,483] {logging_mixin.py:115} INFO - [2022-07-06 19:54:35,483] {dag.py:2931} INFO - Setting next_dagrun for example_trigger_target_dag to None, run_after=None
[2022-07-06 19:54:36,020] {processor.py:161} INFO - Processing /home/airflow/.local/lib/python3.7/site-packages/airflow/example_dags/example_trigger_target_dag.py took 0.824 seconds
[2022-07-06 19:55:10,865] {processor.py:153} INFO - Started process (PID=176) to work on /home/airflow/.local/lib/python3.7/site-packages/airflow/example_dags/example_trigger_target_dag.py
[2022-07-06 19:55:10,866] {processor.py:641} INFO - Processing file /home/airflow/.local/lib/python3.7/site-packages/airflow/example_dags/example_trigger_target_dag.py for tasks to queue
[2022-07-06 19:55:10,867] {logging_mixin.py:115} INFO - [2022-07-06 19:55:10,866] {dagbag.py:507} INFO - Filling up the DagBag from /home/airflow/.local/lib/python3.7/site-packages/airflow/example_dags/example_trigger_target_dag.py
[2022-07-06 19:55:11,807] {processor.py:651} INFO - DAG(s) dict_keys(['example_trigger_target_dag']) retrieved from /home/airflow/.local/lib/python3.7/site-packages/airflow/example_dags/example_trigger_target_dag.py
[2022-07-06 19:55:12,975] {logging_mixin.py:115} INFO - [2022-07-06 19:55:12,975] {dag.py:2379} INFO - Sync 1 DAGs
[2022-07-06 19:55:13,041] {logging_mixin.py:115} INFO - [2022-07-06 19:55:13,041] {dag.py:2931} INFO - Setting next_dagrun for example_trigger_target_dag to None, run_after=None
[2022-07-06 19:55:13,383] {processor.py:161} INFO - Processing /home/airflow/.local/lib/python3.7/site-packages/airflow/example_dags/example_trigger_target_dag.py took 2.523 seconds
[2022-07-06 19:57:10,757] {processor.py:153} INFO - Started process (PID=283) to work on /home/airflow/.local/lib/python3.7/site-packages/airflow/example_dags/example_trigger_target_dag.py
[2022-07-06 19:57:10,879] {processor.py:641} INFO - Processing file /home/airflow/.local/lib/python3.7/site-packages/airflow/example_dags/example_trigger_target_dag.py for tasks to queue
[2022-07-06 19:57:10,880] {logging_mixin.py:115} INFO - [2022-07-06 19:57:10,880] {dagbag.py:507} INFO - Filling up the DagBag from /home/airflow/.local/lib/python3.7/site-packages/airflow/example_dags/example_trigger_target_dag.py
[2022-07-06 19:57:15,074] {processor.py:651} INFO - DAG(s) dict_keys(['example_trigger_target_dag']) retrieved from /home/airflow/.local/lib/python3.7/site-packages/airflow/example_dags/example_trigger_target_dag.py
[2022-07-06 19:57:15,971] {logging_mixin.py:115} INFO - [2022-07-06 19:57:15,971] {dag.py:2379} INFO - Sync 1 DAGs
[2022-07-06 19:57:16,042] {logging_mixin.py:115} INFO - [2022-07-06 19:57:16,042] {dag.py:2931} INFO - Setting next_dagrun for example_trigger_target_dag to None, run_after=None
[2022-07-06 19:57:16,268] {processor.py:161} INFO - Processing /home/airflow/.local/lib/python3.7/site-packages/airflow/example_dags/example_trigger_target_dag.py took 5.516 seconds
[2022-07-06 19:58:28,855] {processor.py:153} INFO - Started process (PID=374) to work on /home/airflow/.local/lib/python3.7/site-packages/airflow/example_dags/example_trigger_target_dag.py
[2022-07-06 19:58:28,875] {processor.py:641} INFO - Processing file /home/airflow/.local/lib/python3.7/site-packages/airflow/example_dags/example_trigger_target_dag.py for tasks to queue
[2022-07-06 19:58:28,876] {logging_mixin.py:115} INFO - [2022-07-06 19:58:28,876] {dagbag.py:507} INFO - Filling up the DagBag from /home/airflow/.local/lib/python3.7/site-packages/airflow/example_dags/example_trigger_target_dag.py
[2022-07-06 19:58:28,899] {processor.py:651} INFO - DAG(s) dict_keys(['example_trigger_target_dag']) retrieved from /home/airflow/.local/lib/python3.7/site-packages/airflow/example_dags/example_trigger_target_dag.py
[2022-07-06 19:58:28,929] {logging_mixin.py:115} INFO - [2022-07-06 19:58:28,929] {dag.py:2379} INFO - Sync 1 DAGs
[2022-07-06 19:58:28,958] {logging_mixin.py:115} INFO - [2022-07-06 19:58:28,958] {dag.py:2931} INFO - Setting next_dagrun for example_trigger_target_dag to None, run_after=None
[2022-07-06 19:58:29,090] {processor.py:161} INFO - Processing /home/airflow/.local/lib/python3.7/site-packages/airflow/example_dags/example_trigger_target_dag.py took 0.239 seconds
[2022-07-06 19:58:59,872] {processor.py:153} INFO - Started process (PID=426) to work on /home/airflow/.local/lib/python3.7/site-packages/airflow/example_dags/example_trigger_target_dag.py
[2022-07-06 19:58:59,874] {processor.py:641} INFO - Processing file /home/airflow/.local/lib/python3.7/site-packages/airflow/example_dags/example_trigger_target_dag.py for tasks to queue
[2022-07-06 19:58:59,875] {logging_mixin.py:115} INFO - [2022-07-06 19:58:59,875] {dagbag.py:507} INFO - Filling up the DagBag from /home/airflow/.local/lib/python3.7/site-packages/airflow/example_dags/example_trigger_target_dag.py
[2022-07-06 19:58:59,903] {processor.py:651} INFO - DAG(s) dict_keys(['example_trigger_target_dag']) retrieved from /home/airflow/.local/lib/python3.7/site-packages/airflow/example_dags/example_trigger_target_dag.py
[2022-07-06 19:58:59,930] {logging_mixin.py:115} INFO - [2022-07-06 19:58:59,930] {dag.py:2379} INFO - Sync 1 DAGs
[2022-07-06 19:58:59,957] {logging_mixin.py:115} INFO - [2022-07-06 19:58:59,957] {dag.py:2931} INFO - Setting next_dagrun for example_trigger_target_dag to None, run_after=None
[2022-07-06 19:59:00,067] {processor.py:161} INFO - Processing /home/airflow/.local/lib/python3.7/site-packages/airflow/example_dags/example_trigger_target_dag.py took 0.205 seconds
[2022-07-06 19:59:58,906] {processor.py:153} INFO - Started process (PID=496) to work on /home/airflow/.local/lib/python3.7/site-packages/airflow/example_dags/example_trigger_target_dag.py
[2022-07-06 19:59:58,928] {processor.py:641} INFO - Processing file /home/airflow/.local/lib/python3.7/site-packages/airflow/example_dags/example_trigger_target_dag.py for tasks to queue
[2022-07-06 19:59:58,929] {logging_mixin.py:115} INFO - [2022-07-06 19:59:58,929] {dagbag.py:507} INFO - Filling up the DagBag from /home/airflow/.local/lib/python3.7/site-packages/airflow/example_dags/example_trigger_target_dag.py
[2022-07-06 19:59:58,952] {processor.py:651} INFO - DAG(s) dict_keys(['example_trigger_target_dag']) retrieved from /home/airflow/.local/lib/python3.7/site-packages/airflow/example_dags/example_trigger_target_dag.py
[2022-07-06 19:59:58,991] {logging_mixin.py:115} INFO - [2022-07-06 19:59:58,991] {dag.py:2379} INFO - Sync 1 DAGs
[2022-07-06 19:59:59,042] {logging_mixin.py:115} INFO - [2022-07-06 19:59:59,041] {dag.py:2931} INFO - Setting next_dagrun for example_trigger_target_dag to None, run_after=None
[2022-07-06 19:59:59,090] {processor.py:161} INFO - Processing /home/airflow/.local/lib/python3.7/site-packages/airflow/example_dags/example_trigger_target_dag.py took 0.187 seconds
[2022-07-06 20:00:29,880] {processor.py:153} INFO - Started process (PID=548) to work on /home/airflow/.local/lib/python3.7/site-packages/airflow/example_dags/example_trigger_target_dag.py
[2022-07-06 20:00:29,881] {processor.py:641} INFO - Processing file /home/airflow/.local/lib/python3.7/site-packages/airflow/example_dags/example_trigger_target_dag.py for tasks to queue
[2022-07-06 20:00:29,881] {logging_mixin.py:115} INFO - [2022-07-06 20:00:29,881] {dagbag.py:507} INFO - Filling up the DagBag from /home/airflow/.local/lib/python3.7/site-packages/airflow/example_dags/example_trigger_target_dag.py
[2022-07-06 20:00:29,909] {processor.py:651} INFO - DAG(s) dict_keys(['example_trigger_target_dag']) retrieved from /home/airflow/.local/lib/python3.7/site-packages/airflow/example_dags/example_trigger_target_dag.py
[2022-07-06 20:00:29,960] {logging_mixin.py:115} INFO - [2022-07-06 20:00:29,960] {dag.py:2379} INFO - Sync 1 DAGs
[2022-07-06 20:00:30,005] {logging_mixin.py:115} INFO - [2022-07-06 20:00:30,005] {dag.py:2931} INFO - Setting next_dagrun for example_trigger_target_dag to None, run_after=None
[2022-07-06 20:00:30,331] {processor.py:161} INFO - Processing /home/airflow/.local/lib/python3.7/site-packages/airflow/example_dags/example_trigger_target_dag.py took 0.455 seconds
[2022-07-06 20:01:10,244] {processor.py:153} INFO - Started process (PID=616) to work on /home/airflow/.local/lib/python3.7/site-packages/airflow/example_dags/example_trigger_target_dag.py
[2022-07-06 20:01:10,263] {processor.py:641} INFO - Processing file /home/airflow/.local/lib/python3.7/site-packages/airflow/example_dags/example_trigger_target_dag.py for tasks to queue
[2022-07-06 20:01:10,264] {logging_mixin.py:115} INFO - [2022-07-06 20:01:10,264] {dagbag.py:507} INFO - Filling up the DagBag from /home/airflow/.local/lib/python3.7/site-packages/airflow/example_dags/example_trigger_target_dag.py
[2022-07-06 20:01:10,287] {processor.py:651} INFO - DAG(s) dict_keys(['example_trigger_target_dag']) retrieved from /home/airflow/.local/lib/python3.7/site-packages/airflow/example_dags/example_trigger_target_dag.py
[2022-07-06 20:01:10,325] {logging_mixin.py:115} INFO - [2022-07-06 20:01:10,325] {dag.py:2379} INFO - Sync 1 DAGs
[2022-07-06 20:01:10,370] {logging_mixin.py:115} INFO - [2022-07-06 20:01:10,370] {dag.py:2931} INFO - Setting next_dagrun for example_trigger_target_dag to None, run_after=None
[2022-07-06 20:01:10,393] {processor.py:161} INFO - Processing /home/airflow/.local/lib/python3.7/site-packages/airflow/example_dags/example_trigger_target_dag.py took 0.153 seconds
[2022-07-06 20:01:51,846] {processor.py:153} INFO - Started process (PID=677) to work on /home/airflow/.local/lib/python3.7/site-packages/airflow/example_dags/example_trigger_target_dag.py
[2022-07-06 20:01:51,864] {processor.py:641} INFO - Processing file /home/airflow/.local/lib/python3.7/site-packages/airflow/example_dags/example_trigger_target_dag.py for tasks to queue
[2022-07-06 20:01:51,865] {logging_mixin.py:115} INFO - [2022-07-06 20:01:51,865] {dagbag.py:507} INFO - Filling up the DagBag from /home/airflow/.local/lib/python3.7/site-packages/airflow/example_dags/example_trigger_target_dag.py
[2022-07-06 20:01:51,885] {processor.py:651} INFO - DAG(s) dict_keys(['example_trigger_target_dag']) retrieved from /home/airflow/.local/lib/python3.7/site-packages/airflow/example_dags/example_trigger_target_dag.py
[2022-07-06 20:01:51,918] {logging_mixin.py:115} INFO - [2022-07-06 20:01:51,918] {dag.py:2379} INFO - Sync 1 DAGs
[2022-07-06 20:01:51,955] {logging_mixin.py:115} INFO - [2022-07-06 20:01:51,955] {dag.py:2931} INFO - Setting next_dagrun for example_trigger_target_dag to None, run_after=None
[2022-07-06 20:01:52,000] {processor.py:161} INFO - Processing /home/airflow/.local/lib/python3.7/site-packages/airflow/example_dags/example_trigger_target_dag.py took 0.157 seconds
[2022-07-06 20:02:23,017] {processor.py:153} INFO - Started process (PID=728) to work on /home/airflow/.local/lib/python3.7/site-packages/airflow/example_dags/example_trigger_target_dag.py
[2022-07-06 20:02:23,018] {processor.py:641} INFO - Processing file /home/airflow/.local/lib/python3.7/site-packages/airflow/example_dags/example_trigger_target_dag.py for tasks to queue
[2022-07-06 20:02:23,018] {logging_mixin.py:115} INFO - [2022-07-06 20:02:23,018] {dagbag.py:507} INFO - Filling up the DagBag from /home/airflow/.local/lib/python3.7/site-packages/airflow/example_dags/example_trigger_target_dag.py
[2022-07-06 20:02:23,046] {processor.py:651} INFO - DAG(s) dict_keys(['example_trigger_target_dag']) retrieved from /home/airflow/.local/lib/python3.7/site-packages/airflow/example_dags/example_trigger_target_dag.py
[2022-07-06 20:02:23,085] {logging_mixin.py:115} INFO - [2022-07-06 20:02:23,085] {dag.py:2379} INFO - Sync 1 DAGs
[2022-07-06 20:02:23,126] {logging_mixin.py:115} INFO - [2022-07-06 20:02:23,126] {dag.py:2931} INFO - Setting next_dagrun for example_trigger_target_dag to None, run_after=None
[2022-07-06 20:02:23,167] {processor.py:161} INFO - Processing /home/airflow/.local/lib/python3.7/site-packages/airflow/example_dags/example_trigger_target_dag.py took 0.155 seconds
[2022-07-06 20:02:54,607] {processor.py:153} INFO - Started process (PID=788) to work on /home/airflow/.local/lib/python3.7/site-packages/airflow/example_dags/example_trigger_target_dag.py
[2022-07-06 20:02:54,654] {processor.py:641} INFO - Processing file /home/airflow/.local/lib/python3.7/site-packages/airflow/example_dags/example_trigger_target_dag.py for tasks to queue
[2022-07-06 20:02:54,655] {logging_mixin.py:115} INFO - [2022-07-06 20:02:54,655] {dagbag.py:507} INFO - Filling up the DagBag from /home/airflow/.local/lib/python3.7/site-packages/airflow/example_dags/example_trigger_target_dag.py
[2022-07-06 20:02:54,682] {processor.py:651} INFO - DAG(s) dict_keys(['example_trigger_target_dag']) retrieved from /home/airflow/.local/lib/python3.7/site-packages/airflow/example_dags/example_trigger_target_dag.py
[2022-07-06 20:02:54,723] {logging_mixin.py:115} INFO - [2022-07-06 20:02:54,723] {dag.py:2379} INFO - Sync 1 DAGs
[2022-07-06 20:02:54,767] {logging_mixin.py:115} INFO - [2022-07-06 20:02:54,766] {dag.py:2931} INFO - Setting next_dagrun for example_trigger_target_dag to None, run_after=None
[2022-07-06 20:02:54,852] {processor.py:161} INFO - Processing /home/airflow/.local/lib/python3.7/site-packages/airflow/example_dags/example_trigger_target_dag.py took 0.250 seconds
[2022-07-06 20:03:25,255] {processor.py:153} INFO - Started process (PID=840) to work on /home/airflow/.local/lib/python3.7/site-packages/airflow/example_dags/example_trigger_target_dag.py
[2022-07-06 20:03:25,283] {processor.py:641} INFO - Processing file /home/airflow/.local/lib/python3.7/site-packages/airflow/example_dags/example_trigger_target_dag.py for tasks to queue
[2022-07-06 20:03:25,283] {logging_mixin.py:115} INFO - [2022-07-06 20:03:25,283] {dagbag.py:507} INFO - Filling up the DagBag from /home/airflow/.local/lib/python3.7/site-packages/airflow/example_dags/example_trigger_target_dag.py
[2022-07-06 20:03:25,336] {processor.py:651} INFO - DAG(s) dict_keys(['example_trigger_target_dag']) retrieved from /home/airflow/.local/lib/python3.7/site-packages/airflow/example_dags/example_trigger_target_dag.py
[2022-07-06 20:03:25,382] {logging_mixin.py:115} INFO - [2022-07-06 20:03:25,382] {dag.py:2379} INFO - Sync 1 DAGs
[2022-07-06 20:03:25,431] {logging_mixin.py:115} INFO - [2022-07-06 20:03:25,431] {dag.py:2931} INFO - Setting next_dagrun for example_trigger_target_dag to None, run_after=None
[2022-07-06 20:03:25,537] {processor.py:161} INFO - Processing /home/airflow/.local/lib/python3.7/site-packages/airflow/example_dags/example_trigger_target_dag.py took 0.286 seconds
[2022-07-06 20:03:58,102] {processor.py:153} INFO - Started process (PID=892) to work on /home/airflow/.local/lib/python3.7/site-packages/airflow/example_dags/example_trigger_target_dag.py
[2022-07-06 20:03:58,224] {processor.py:641} INFO - Processing file /home/airflow/.local/lib/python3.7/site-packages/airflow/example_dags/example_trigger_target_dag.py for tasks to queue
[2022-07-06 20:03:58,224] {logging_mixin.py:115} INFO - [2022-07-06 20:03:58,224] {dagbag.py:507} INFO - Filling up the DagBag from /home/airflow/.local/lib/python3.7/site-packages/airflow/example_dags/example_trigger_target_dag.py
[2022-07-06 20:03:58,247] {processor.py:651} INFO - DAG(s) dict_keys(['example_trigger_target_dag']) retrieved from /home/airflow/.local/lib/python3.7/site-packages/airflow/example_dags/example_trigger_target_dag.py
[2022-07-06 20:03:58,282] {logging_mixin.py:115} INFO - [2022-07-06 20:03:58,282] {dag.py:2379} INFO - Sync 1 DAGs
[2022-07-06 20:03:58,316] {logging_mixin.py:115} INFO - [2022-07-06 20:03:58,315] {dag.py:2931} INFO - Setting next_dagrun for example_trigger_target_dag to None, run_after=None
[2022-07-06 20:03:58,717] {processor.py:161} INFO - Processing /home/airflow/.local/lib/python3.7/site-packages/airflow/example_dags/example_trigger_target_dag.py took 0.620 seconds
[2022-07-06 20:04:29,408] {processor.py:153} INFO - Started process (PID=943) to work on /home/airflow/.local/lib/python3.7/site-packages/airflow/example_dags/example_trigger_target_dag.py
[2022-07-06 20:04:29,431] {processor.py:641} INFO - Processing file /home/airflow/.local/lib/python3.7/site-packages/airflow/example_dags/example_trigger_target_dag.py for tasks to queue
[2022-07-06 20:04:29,435] {logging_mixin.py:115} INFO - [2022-07-06 20:04:29,434] {dagbag.py:507} INFO - Filling up the DagBag from /home/airflow/.local/lib/python3.7/site-packages/airflow/example_dags/example_trigger_target_dag.py
[2022-07-06 20:04:29,507] {processor.py:651} INFO - DAG(s) dict_keys(['example_trigger_target_dag']) retrieved from /home/airflow/.local/lib/python3.7/site-packages/airflow/example_dags/example_trigger_target_dag.py
[2022-07-06 20:04:29,543] {logging_mixin.py:115} INFO - [2022-07-06 20:04:29,543] {dag.py:2379} INFO - Sync 1 DAGs
[2022-07-06 20:04:29,575] {logging_mixin.py:115} INFO - [2022-07-06 20:04:29,575] {dag.py:2931} INFO - Setting next_dagrun for example_trigger_target_dag to None, run_after=None
[2022-07-06 20:04:29,602] {processor.py:161} INFO - Processing /home/airflow/.local/lib/python3.7/site-packages/airflow/example_dags/example_trigger_target_dag.py took 0.197 seconds
[2022-07-06 20:04:59,748] {processor.py:153} INFO - Started process (PID=996) to work on /home/airflow/.local/lib/python3.7/site-packages/airflow/example_dags/example_trigger_target_dag.py
[2022-07-06 20:04:59,749] {processor.py:641} INFO - Processing file /home/airflow/.local/lib/python3.7/site-packages/airflow/example_dags/example_trigger_target_dag.py for tasks to queue
[2022-07-06 20:04:59,751] {logging_mixin.py:115} INFO - [2022-07-06 20:04:59,751] {dagbag.py:507} INFO - Filling up the DagBag from /home/airflow/.local/lib/python3.7/site-packages/airflow/example_dags/example_trigger_target_dag.py
[2022-07-06 20:04:59,774] {processor.py:651} INFO - DAG(s) dict_keys(['example_trigger_target_dag']) retrieved from /home/airflow/.local/lib/python3.7/site-packages/airflow/example_dags/example_trigger_target_dag.py
[2022-07-06 20:04:59,805] {logging_mixin.py:115} INFO - [2022-07-06 20:04:59,805] {dag.py:2379} INFO - Sync 1 DAGs
[2022-07-06 20:04:59,834] {logging_mixin.py:115} INFO - [2022-07-06 20:04:59,834] {dag.py:2931} INFO - Setting next_dagrun for example_trigger_target_dag to None, run_after=None
[2022-07-06 20:04:59,857] {processor.py:161} INFO - Processing /home/airflow/.local/lib/python3.7/site-packages/airflow/example_dags/example_trigger_target_dag.py took 0.114 seconds
[2022-07-06 20:05:30,094] {processor.py:153} INFO - Started process (PID=1056) to work on /home/airflow/.local/lib/python3.7/site-packages/airflow/example_dags/example_trigger_target_dag.py
[2022-07-06 20:05:30,095] {processor.py:641} INFO - Processing file /home/airflow/.local/lib/python3.7/site-packages/airflow/example_dags/example_trigger_target_dag.py for tasks to queue
[2022-07-06 20:05:30,095] {logging_mixin.py:115} INFO - [2022-07-06 20:05:30,095] {dagbag.py:507} INFO - Filling up the DagBag from /home/airflow/.local/lib/python3.7/site-packages/airflow/example_dags/example_trigger_target_dag.py
[2022-07-06 20:05:30,115] {processor.py:651} INFO - DAG(s) dict_keys(['example_trigger_target_dag']) retrieved from /home/airflow/.local/lib/python3.7/site-packages/airflow/example_dags/example_trigger_target_dag.py
[2022-07-06 20:05:30,150] {logging_mixin.py:115} INFO - [2022-07-06 20:05:30,150] {dag.py:2379} INFO - Sync 1 DAGs
[2022-07-06 20:05:30,193] {logging_mixin.py:115} INFO - [2022-07-06 20:05:30,193] {dag.py:2931} INFO - Setting next_dagrun for example_trigger_target_dag to None, run_after=None
[2022-07-06 20:05:30,223] {processor.py:161} INFO - Processing /home/airflow/.local/lib/python3.7/site-packages/airflow/example_dags/example_trigger_target_dag.py took 0.133 seconds
[2022-07-06 20:06:01,116] {processor.py:153} INFO - Started process (PID=1108) to work on /home/airflow/.local/lib/python3.7/site-packages/airflow/example_dags/example_trigger_target_dag.py
[2022-07-06 20:06:01,130] {processor.py:641} INFO - Processing file /home/airflow/.local/lib/python3.7/site-packages/airflow/example_dags/example_trigger_target_dag.py for tasks to queue
[2022-07-06 20:06:01,130] {logging_mixin.py:115} INFO - [2022-07-06 20:06:01,130] {dagbag.py:507} INFO - Filling up the DagBag from /home/airflow/.local/lib/python3.7/site-packages/airflow/example_dags/example_trigger_target_dag.py
[2022-07-06 20:06:01,149] {processor.py:651} INFO - DAG(s) dict_keys(['example_trigger_target_dag']) retrieved from /home/airflow/.local/lib/python3.7/site-packages/airflow/example_dags/example_trigger_target_dag.py
[2022-07-06 20:06:01,177] {logging_mixin.py:115} INFO - [2022-07-06 20:06:01,177] {dag.py:2379} INFO - Sync 1 DAGs
[2022-07-06 20:06:01,208] {logging_mixin.py:115} INFO - [2022-07-06 20:06:01,208] {dag.py:2931} INFO - Setting next_dagrun for example_trigger_target_dag to None, run_after=None
[2022-07-06 20:06:01,417] {processor.py:161} INFO - Processing /home/airflow/.local/lib/python3.7/site-packages/airflow/example_dags/example_trigger_target_dag.py took 0.305 seconds
[2022-07-06 20:06:32,017] {processor.py:153} INFO - Started process (PID=1169) to work on /home/airflow/.local/lib/python3.7/site-packages/airflow/example_dags/example_trigger_target_dag.py
[2022-07-06 20:06:32,018] {processor.py:641} INFO - Processing file /home/airflow/.local/lib/python3.7/site-packages/airflow/example_dags/example_trigger_target_dag.py for tasks to queue
[2022-07-06 20:06:32,019] {logging_mixin.py:115} INFO - [2022-07-06 20:06:32,019] {dagbag.py:507} INFO - Filling up the DagBag from /home/airflow/.local/lib/python3.7/site-packages/airflow/example_dags/example_trigger_target_dag.py
[2022-07-06 20:06:32,049] {processor.py:651} INFO - DAG(s) dict_keys(['example_trigger_target_dag']) retrieved from /home/airflow/.local/lib/python3.7/site-packages/airflow/example_dags/example_trigger_target_dag.py
[2022-07-06 20:06:32,087] {logging_mixin.py:115} INFO - [2022-07-06 20:06:32,087] {dag.py:2379} INFO - Sync 1 DAGs
[2022-07-06 20:06:32,142] {logging_mixin.py:115} INFO - [2022-07-06 20:06:32,141] {dag.py:2931} INFO - Setting next_dagrun for example_trigger_target_dag to None, run_after=None
[2022-07-06 20:06:32,182] {processor.py:161} INFO - Processing /home/airflow/.local/lib/python3.7/site-packages/airflow/example_dags/example_trigger_target_dag.py took 0.198 seconds
[2022-07-06 20:07:02,864] {processor.py:153} INFO - Started process (PID=1221) to work on /home/airflow/.local/lib/python3.7/site-packages/airflow/example_dags/example_trigger_target_dag.py
[2022-07-06 20:07:02,875] {processor.py:641} INFO - Processing file /home/airflow/.local/lib/python3.7/site-packages/airflow/example_dags/example_trigger_target_dag.py for tasks to queue
[2022-07-06 20:07:02,876] {logging_mixin.py:115} INFO - [2022-07-06 20:07:02,876] {dagbag.py:507} INFO - Filling up the DagBag from /home/airflow/.local/lib/python3.7/site-packages/airflow/example_dags/example_trigger_target_dag.py
[2022-07-06 20:07:02,895] {processor.py:651} INFO - DAG(s) dict_keys(['example_trigger_target_dag']) retrieved from /home/airflow/.local/lib/python3.7/site-packages/airflow/example_dags/example_trigger_target_dag.py
[2022-07-06 20:07:02,929] {logging_mixin.py:115} INFO - [2022-07-06 20:07:02,928] {dag.py:2379} INFO - Sync 1 DAGs
[2022-07-06 20:07:02,960] {logging_mixin.py:115} INFO - [2022-07-06 20:07:02,960] {dag.py:2931} INFO - Setting next_dagrun for example_trigger_target_dag to None, run_after=None
[2022-07-06 20:07:02,990] {processor.py:161} INFO - Processing /home/airflow/.local/lib/python3.7/site-packages/airflow/example_dags/example_trigger_target_dag.py took 0.130 seconds
[2022-07-06 20:07:33,218] {processor.py:153} INFO - Started process (PID=1273) to work on /home/airflow/.local/lib/python3.7/site-packages/airflow/example_dags/example_trigger_target_dag.py
[2022-07-06 20:07:33,218] {processor.py:641} INFO - Processing file /home/airflow/.local/lib/python3.7/site-packages/airflow/example_dags/example_trigger_target_dag.py for tasks to queue
[2022-07-06 20:07:33,219] {logging_mixin.py:115} INFO - [2022-07-06 20:07:33,219] {dagbag.py:507} INFO - Filling up the DagBag from /home/airflow/.local/lib/python3.7/site-packages/airflow/example_dags/example_trigger_target_dag.py
[2022-07-06 20:07:33,246] {processor.py:651} INFO - DAG(s) dict_keys(['example_trigger_target_dag']) retrieved from /home/airflow/.local/lib/python3.7/site-packages/airflow/example_dags/example_trigger_target_dag.py
[2022-07-06 20:07:33,283] {logging_mixin.py:115} INFO - [2022-07-06 20:07:33,283] {dag.py:2379} INFO - Sync 1 DAGs
[2022-07-06 20:07:33,321] {logging_mixin.py:115} INFO - [2022-07-06 20:07:33,321] {dag.py:2931} INFO - Setting next_dagrun for example_trigger_target_dag to None, run_after=None
[2022-07-06 20:07:33,354] {processor.py:161} INFO - Processing /home/airflow/.local/lib/python3.7/site-packages/airflow/example_dags/example_trigger_target_dag.py took 0.140 seconds
[2022-07-06 20:08:03,523] {processor.py:153} INFO - Started process (PID=1333) to work on /home/airflow/.local/lib/python3.7/site-packages/airflow/example_dags/example_trigger_target_dag.py
[2022-07-06 20:08:03,533] {processor.py:641} INFO - Processing file /home/airflow/.local/lib/python3.7/site-packages/airflow/example_dags/example_trigger_target_dag.py for tasks to queue
[2022-07-06 20:08:03,534] {logging_mixin.py:115} INFO - [2022-07-06 20:08:03,534] {dagbag.py:507} INFO - Filling up the DagBag from /home/airflow/.local/lib/python3.7/site-packages/airflow/example_dags/example_trigger_target_dag.py
[2022-07-06 20:08:03,563] {processor.py:651} INFO - DAG(s) dict_keys(['example_trigger_target_dag']) retrieved from /home/airflow/.local/lib/python3.7/site-packages/airflow/example_dags/example_trigger_target_dag.py
[2022-07-06 20:08:03,623] {logging_mixin.py:115} INFO - [2022-07-06 20:08:03,623] {dag.py:2379} INFO - Sync 1 DAGs
[2022-07-06 20:08:03,667] {logging_mixin.py:115} INFO - [2022-07-06 20:08:03,667] {dag.py:2931} INFO - Setting next_dagrun for example_trigger_target_dag to None, run_after=None
[2022-07-06 20:08:03,697] {processor.py:161} INFO - Processing /home/airflow/.local/lib/python3.7/site-packages/airflow/example_dags/example_trigger_target_dag.py took 0.179 seconds
[2022-07-06 20:08:34,358] {processor.py:153} INFO - Started process (PID=1385) to work on /home/airflow/.local/lib/python3.7/site-packages/airflow/example_dags/example_trigger_target_dag.py
[2022-07-06 20:08:34,359] {processor.py:641} INFO - Processing file /home/airflow/.local/lib/python3.7/site-packages/airflow/example_dags/example_trigger_target_dag.py for tasks to queue
[2022-07-06 20:08:34,360] {logging_mixin.py:115} INFO - [2022-07-06 20:08:34,360] {dagbag.py:507} INFO - Filling up the DagBag from /home/airflow/.local/lib/python3.7/site-packages/airflow/example_dags/example_trigger_target_dag.py
[2022-07-06 20:08:34,389] {processor.py:651} INFO - DAG(s) dict_keys(['example_trigger_target_dag']) retrieved from /home/airflow/.local/lib/python3.7/site-packages/airflow/example_dags/example_trigger_target_dag.py
[2022-07-06 20:08:34,421] {logging_mixin.py:115} INFO - [2022-07-06 20:08:34,421] {dag.py:2379} INFO - Sync 1 DAGs
[2022-07-06 20:08:34,453] {logging_mixin.py:115} INFO - [2022-07-06 20:08:34,453] {dag.py:2931} INFO - Setting next_dagrun for example_trigger_target_dag to None, run_after=None
[2022-07-06 20:08:34,511] {processor.py:161} INFO - Processing /home/airflow/.local/lib/python3.7/site-packages/airflow/example_dags/example_trigger_target_dag.py took 0.158 seconds
[2022-07-06 20:09:05,090] {processor.py:153} INFO - Started process (PID=1436) to work on /home/airflow/.local/lib/python3.7/site-packages/airflow/example_dags/example_trigger_target_dag.py
[2022-07-06 20:09:05,271] {processor.py:641} INFO - Processing file /home/airflow/.local/lib/python3.7/site-packages/airflow/example_dags/example_trigger_target_dag.py for tasks to queue
[2022-07-06 20:09:05,309] {logging_mixin.py:115} INFO - [2022-07-06 20:09:05,308] {dagbag.py:507} INFO - Filling up the DagBag from /home/airflow/.local/lib/python3.7/site-packages/airflow/example_dags/example_trigger_target_dag.py
[2022-07-06 20:09:05,349] {processor.py:651} INFO - DAG(s) dict_keys(['example_trigger_target_dag']) retrieved from /home/airflow/.local/lib/python3.7/site-packages/airflow/example_dags/example_trigger_target_dag.py
[2022-07-06 20:09:05,414] {logging_mixin.py:115} INFO - [2022-07-06 20:09:05,414] {dag.py:2379} INFO - Sync 1 DAGs
[2022-07-06 20:09:05,459] {logging_mixin.py:115} INFO - [2022-07-06 20:09:05,459] {dag.py:2931} INFO - Setting next_dagrun for example_trigger_target_dag to None, run_after=None
[2022-07-06 20:09:05,504] {processor.py:161} INFO - Processing /home/airflow/.local/lib/python3.7/site-packages/airflow/example_dags/example_trigger_target_dag.py took 0.418 seconds
[2022-07-06 20:09:35,821] {processor.py:153} INFO - Started process (PID=1496) to work on /home/airflow/.local/lib/python3.7/site-packages/airflow/example_dags/example_trigger_target_dag.py
[2022-07-06 20:09:35,821] {processor.py:641} INFO - Processing file /home/airflow/.local/lib/python3.7/site-packages/airflow/example_dags/example_trigger_target_dag.py for tasks to queue
[2022-07-06 20:09:35,822] {logging_mixin.py:115} INFO - [2022-07-06 20:09:35,822] {dagbag.py:507} INFO - Filling up the DagBag from /home/airflow/.local/lib/python3.7/site-packages/airflow/example_dags/example_trigger_target_dag.py
[2022-07-06 20:09:35,852] {processor.py:651} INFO - DAG(s) dict_keys(['example_trigger_target_dag']) retrieved from /home/airflow/.local/lib/python3.7/site-packages/airflow/example_dags/example_trigger_target_dag.py
[2022-07-06 20:09:35,898] {logging_mixin.py:115} INFO - [2022-07-06 20:09:35,898] {dag.py:2379} INFO - Sync 1 DAGs
[2022-07-06 20:09:35,943] {logging_mixin.py:115} INFO - [2022-07-06 20:09:35,943] {dag.py:2931} INFO - Setting next_dagrun for example_trigger_target_dag to None, run_after=None
[2022-07-06 20:09:35,980] {processor.py:161} INFO - Processing /home/airflow/.local/lib/python3.7/site-packages/airflow/example_dags/example_trigger_target_dag.py took 0.165 seconds
[2022-07-06 20:10:06,279] {processor.py:153} INFO - Started process (PID=1548) to work on /home/airflow/.local/lib/python3.7/site-packages/airflow/example_dags/example_trigger_target_dag.py
[2022-07-06 20:10:06,279] {processor.py:641} INFO - Processing file /home/airflow/.local/lib/python3.7/site-packages/airflow/example_dags/example_trigger_target_dag.py for tasks to queue
[2022-07-06 20:10:06,280] {logging_mixin.py:115} INFO - [2022-07-06 20:10:06,280] {dagbag.py:507} INFO - Filling up the DagBag from /home/airflow/.local/lib/python3.7/site-packages/airflow/example_dags/example_trigger_target_dag.py
[2022-07-06 20:10:06,303] {processor.py:651} INFO - DAG(s) dict_keys(['example_trigger_target_dag']) retrieved from /home/airflow/.local/lib/python3.7/site-packages/airflow/example_dags/example_trigger_target_dag.py
[2022-07-06 20:10:06,333] {logging_mixin.py:115} INFO - [2022-07-06 20:10:06,333] {dag.py:2379} INFO - Sync 1 DAGs
[2022-07-06 20:10:06,369] {logging_mixin.py:115} INFO - [2022-07-06 20:10:06,369] {dag.py:2931} INFO - Setting next_dagrun for example_trigger_target_dag to None, run_after=None
[2022-07-06 20:10:06,399] {processor.py:161} INFO - Processing /home/airflow/.local/lib/python3.7/site-packages/airflow/example_dags/example_trigger_target_dag.py took 0.124 seconds
[2022-07-06 20:10:36,623] {processor.py:153} INFO - Started process (PID=1600) to work on /home/airflow/.local/lib/python3.7/site-packages/airflow/example_dags/example_trigger_target_dag.py
[2022-07-06 20:10:36,648] {processor.py:641} INFO - Processing file /home/airflow/.local/lib/python3.7/site-packages/airflow/example_dags/example_trigger_target_dag.py for tasks to queue
[2022-07-06 20:10:36,650] {logging_mixin.py:115} INFO - [2022-07-06 20:10:36,649] {dagbag.py:507} INFO - Filling up the DagBag from /home/airflow/.local/lib/python3.7/site-packages/airflow/example_dags/example_trigger_target_dag.py
[2022-07-06 20:10:36,681] {processor.py:651} INFO - DAG(s) dict_keys(['example_trigger_target_dag']) retrieved from /home/airflow/.local/lib/python3.7/site-packages/airflow/example_dags/example_trigger_target_dag.py
[2022-07-06 20:10:36,711] {logging_mixin.py:115} INFO - [2022-07-06 20:10:36,711] {dag.py:2379} INFO - Sync 1 DAGs
[2022-07-06 20:10:36,740] {logging_mixin.py:115} INFO - [2022-07-06 20:10:36,740] {dag.py:2931} INFO - Setting next_dagrun for example_trigger_target_dag to None, run_after=None
[2022-07-06 20:10:36,789] {processor.py:161} INFO - Processing /home/airflow/.local/lib/python3.7/site-packages/airflow/example_dags/example_trigger_target_dag.py took 0.169 seconds
[2022-07-06 20:11:07,382] {processor.py:153} INFO - Started process (PID=1661) to work on /home/airflow/.local/lib/python3.7/site-packages/airflow/example_dags/example_trigger_target_dag.py
[2022-07-06 20:11:07,383] {processor.py:641} INFO - Processing file /home/airflow/.local/lib/python3.7/site-packages/airflow/example_dags/example_trigger_target_dag.py for tasks to queue
[2022-07-06 20:11:07,383] {logging_mixin.py:115} INFO - [2022-07-06 20:11:07,383] {dagbag.py:507} INFO - Filling up the DagBag from /home/airflow/.local/lib/python3.7/site-packages/airflow/example_dags/example_trigger_target_dag.py
[2022-07-06 20:11:07,416] {processor.py:651} INFO - DAG(s) dict_keys(['example_trigger_target_dag']) retrieved from /home/airflow/.local/lib/python3.7/site-packages/airflow/example_dags/example_trigger_target_dag.py
[2022-07-06 20:11:07,548] {logging_mixin.py:115} INFO - [2022-07-06 20:11:07,547] {dag.py:2379} INFO - Sync 1 DAGs
[2022-07-06 20:11:07,609] {logging_mixin.py:115} INFO - [2022-07-06 20:11:07,609] {dag.py:2931} INFO - Setting next_dagrun for example_trigger_target_dag to None, run_after=None
[2022-07-06 20:11:07,661] {processor.py:161} INFO - Processing /home/airflow/.local/lib/python3.7/site-packages/airflow/example_dags/example_trigger_target_dag.py took 0.284 seconds
[2022-07-06 20:11:37,924] {processor.py:153} INFO - Started process (PID=1713) to work on /home/airflow/.local/lib/python3.7/site-packages/airflow/example_dags/example_trigger_target_dag.py
[2022-07-06 20:11:37,939] {processor.py:641} INFO - Processing file /home/airflow/.local/lib/python3.7/site-packages/airflow/example_dags/example_trigger_target_dag.py for tasks to queue
[2022-07-06 20:11:37,940] {logging_mixin.py:115} INFO - [2022-07-06 20:11:37,940] {dagbag.py:507} INFO - Filling up the DagBag from /home/airflow/.local/lib/python3.7/site-packages/airflow/example_dags/example_trigger_target_dag.py
[2022-07-06 20:11:37,960] {processor.py:651} INFO - DAG(s) dict_keys(['example_trigger_target_dag']) retrieved from /home/airflow/.local/lib/python3.7/site-packages/airflow/example_dags/example_trigger_target_dag.py
[2022-07-06 20:11:37,990] {logging_mixin.py:115} INFO - [2022-07-06 20:11:37,990] {dag.py:2379} INFO - Sync 1 DAGs
[2022-07-06 20:11:38,023] {logging_mixin.py:115} INFO - [2022-07-06 20:11:38,023] {dag.py:2931} INFO - Setting next_dagrun for example_trigger_target_dag to None, run_after=None
[2022-07-06 20:11:38,048] {processor.py:161} INFO - Processing /home/airflow/.local/lib/python3.7/site-packages/airflow/example_dags/example_trigger_target_dag.py took 0.127 seconds
[2022-07-06 20:12:08,199] {processor.py:153} INFO - Started process (PID=1765) to work on /home/airflow/.local/lib/python3.7/site-packages/airflow/example_dags/example_trigger_target_dag.py
[2022-07-06 20:12:08,200] {processor.py:641} INFO - Processing file /home/airflow/.local/lib/python3.7/site-packages/airflow/example_dags/example_trigger_target_dag.py for tasks to queue
[2022-07-06 20:12:08,201] {logging_mixin.py:115} INFO - [2022-07-06 20:12:08,201] {dagbag.py:507} INFO - Filling up the DagBag from /home/airflow/.local/lib/python3.7/site-packages/airflow/example_dags/example_trigger_target_dag.py
[2022-07-06 20:12:08,233] {processor.py:651} INFO - DAG(s) dict_keys(['example_trigger_target_dag']) retrieved from /home/airflow/.local/lib/python3.7/site-packages/airflow/example_dags/example_trigger_target_dag.py
[2022-07-06 20:12:08,294] {logging_mixin.py:115} INFO - [2022-07-06 20:12:08,294] {dag.py:2379} INFO - Sync 1 DAGs
[2022-07-06 20:12:08,344] {logging_mixin.py:115} INFO - [2022-07-06 20:12:08,344] {dag.py:2931} INFO - Setting next_dagrun for example_trigger_target_dag to None, run_after=None
[2022-07-06 20:12:08,422] {processor.py:161} INFO - Processing /home/airflow/.local/lib/python3.7/site-packages/airflow/example_dags/example_trigger_target_dag.py took 0.228 seconds
[2022-07-06 20:12:38,641] {processor.py:153} INFO - Started process (PID=1823) to work on /home/airflow/.local/lib/python3.7/site-packages/airflow/example_dags/example_trigger_target_dag.py
[2022-07-06 20:12:38,659] {processor.py:641} INFO - Processing file /home/airflow/.local/lib/python3.7/site-packages/airflow/example_dags/example_trigger_target_dag.py for tasks to queue
[2022-07-06 20:12:38,659] {logging_mixin.py:115} INFO - [2022-07-06 20:12:38,659] {dagbag.py:507} INFO - Filling up the DagBag from /home/airflow/.local/lib/python3.7/site-packages/airflow/example_dags/example_trigger_target_dag.py
[2022-07-06 20:12:38,679] {processor.py:651} INFO - DAG(s) dict_keys(['example_trigger_target_dag']) retrieved from /home/airflow/.local/lib/python3.7/site-packages/airflow/example_dags/example_trigger_target_dag.py
[2022-07-06 20:12:38,715] {logging_mixin.py:115} INFO - [2022-07-06 20:12:38,715] {dag.py:2379} INFO - Sync 1 DAGs
[2022-07-06 20:12:38,751] {logging_mixin.py:115} INFO - [2022-07-06 20:12:38,751] {dag.py:2931} INFO - Setting next_dagrun for example_trigger_target_dag to None, run_after=None
[2022-07-06 20:12:38,802] {processor.py:161} INFO - Processing /home/airflow/.local/lib/python3.7/site-packages/airflow/example_dags/example_trigger_target_dag.py took 0.165 seconds
[2022-07-06 20:13:10,197] {processor.py:153} INFO - Started process (PID=1874) to work on /home/airflow/.local/lib/python3.7/site-packages/airflow/example_dags/example_trigger_target_dag.py
[2022-07-06 20:13:10,198] {processor.py:641} INFO - Processing file /home/airflow/.local/lib/python3.7/site-packages/airflow/example_dags/example_trigger_target_dag.py for tasks to queue
[2022-07-06 20:13:10,199] {logging_mixin.py:115} INFO - [2022-07-06 20:13:10,199] {dagbag.py:507} INFO - Filling up the DagBag from /home/airflow/.local/lib/python3.7/site-packages/airflow/example_dags/example_trigger_target_dag.py
[2022-07-06 20:13:10,228] {processor.py:651} INFO - DAG(s) dict_keys(['example_trigger_target_dag']) retrieved from /home/airflow/.local/lib/python3.7/site-packages/airflow/example_dags/example_trigger_target_dag.py
[2022-07-06 20:13:10,266] {logging_mixin.py:115} INFO - [2022-07-06 20:13:10,266] {dag.py:2379} INFO - Sync 1 DAGs
[2022-07-06 20:13:10,305] {logging_mixin.py:115} INFO - [2022-07-06 20:13:10,305] {dag.py:2931} INFO - Setting next_dagrun for example_trigger_target_dag to None, run_after=None
[2022-07-06 20:13:10,330] {processor.py:161} INFO - Processing /home/airflow/.local/lib/python3.7/site-packages/airflow/example_dags/example_trigger_target_dag.py took 0.137 seconds
[2022-07-06 20:13:46,802] {processor.py:153} INFO - Started process (PID=1934) to work on /home/airflow/.local/lib/python3.7/site-packages/airflow/example_dags/example_trigger_target_dag.py
[2022-07-06 20:13:46,950] {processor.py:641} INFO - Processing file /home/airflow/.local/lib/python3.7/site-packages/airflow/example_dags/example_trigger_target_dag.py for tasks to queue
[2022-07-06 20:13:46,951] {logging_mixin.py:115} INFO - [2022-07-06 20:13:46,950] {dagbag.py:507} INFO - Filling up the DagBag from /home/airflow/.local/lib/python3.7/site-packages/airflow/example_dags/example_trigger_target_dag.py
[2022-07-06 20:13:46,979] {processor.py:651} INFO - DAG(s) dict_keys(['example_trigger_target_dag']) retrieved from /home/airflow/.local/lib/python3.7/site-packages/airflow/example_dags/example_trigger_target_dag.py
[2022-07-06 20:13:47,011] {logging_mixin.py:115} INFO - [2022-07-06 20:13:47,011] {dag.py:2379} INFO - Sync 1 DAGs
[2022-07-06 20:13:47,041] {logging_mixin.py:115} INFO - [2022-07-06 20:13:47,041] {dag.py:2931} INFO - Setting next_dagrun for example_trigger_target_dag to None, run_after=None
[2022-07-06 20:13:47,204] {processor.py:161} INFO - Processing /home/airflow/.local/lib/python3.7/site-packages/airflow/example_dags/example_trigger_target_dag.py took 0.406 seconds
[2022-07-06 20:14:29,918] {processor.py:153} INFO - Started process (PID=1983) to work on /home/airflow/.local/lib/python3.7/site-packages/airflow/example_dags/example_trigger_target_dag.py
[2022-07-06 20:14:30,068] {processor.py:641} INFO - Processing file /home/airflow/.local/lib/python3.7/site-packages/airflow/example_dags/example_trigger_target_dag.py for tasks to queue
[2022-07-06 20:14:30,068] {logging_mixin.py:115} INFO - [2022-07-06 20:14:30,068] {dagbag.py:507} INFO - Filling up the DagBag from /home/airflow/.local/lib/python3.7/site-packages/airflow/example_dags/example_trigger_target_dag.py
[2022-07-06 20:14:30,099] {processor.py:651} INFO - DAG(s) dict_keys(['example_trigger_target_dag']) retrieved from /home/airflow/.local/lib/python3.7/site-packages/airflow/example_dags/example_trigger_target_dag.py
[2022-07-06 20:14:30,151] {logging_mixin.py:115} INFO - [2022-07-06 20:14:30,151] {dag.py:2379} INFO - Sync 1 DAGs
[2022-07-06 20:14:30,190] {logging_mixin.py:115} INFO - [2022-07-06 20:14:30,190] {dag.py:2931} INFO - Setting next_dagrun for example_trigger_target_dag to None, run_after=None
[2022-07-06 20:14:30,409] {processor.py:161} INFO - Processing /home/airflow/.local/lib/python3.7/site-packages/airflow/example_dags/example_trigger_target_dag.py took 0.497 seconds
[2022-07-06 20:15:01,002] {processor.py:153} INFO - Started process (PID=2034) to work on /home/airflow/.local/lib/python3.7/site-packages/airflow/example_dags/example_trigger_target_dag.py
[2022-07-06 20:15:01,003] {processor.py:641} INFO - Processing file /home/airflow/.local/lib/python3.7/site-packages/airflow/example_dags/example_trigger_target_dag.py for tasks to queue
[2022-07-06 20:15:01,005] {logging_mixin.py:115} INFO - [2022-07-06 20:15:01,005] {dagbag.py:507} INFO - Filling up the DagBag from /home/airflow/.local/lib/python3.7/site-packages/airflow/example_dags/example_trigger_target_dag.py
[2022-07-06 20:15:01,039] {processor.py:651} INFO - DAG(s) dict_keys(['example_trigger_target_dag']) retrieved from /home/airflow/.local/lib/python3.7/site-packages/airflow/example_dags/example_trigger_target_dag.py
[2022-07-06 20:15:01,083] {logging_mixin.py:115} INFO - [2022-07-06 20:15:01,083] {dag.py:2379} INFO - Sync 1 DAGs
[2022-07-06 20:15:01,119] {logging_mixin.py:115} INFO - [2022-07-06 20:15:01,119] {dag.py:2931} INFO - Setting next_dagrun for example_trigger_target_dag to None, run_after=None
[2022-07-06 20:15:01,262] {processor.py:161} INFO - Processing /home/airflow/.local/lib/python3.7/site-packages/airflow/example_dags/example_trigger_target_dag.py took 0.276 seconds
[2022-07-06 20:15:31,423] {processor.py:153} INFO - Started process (PID=2095) to work on /home/airflow/.local/lib/python3.7/site-packages/airflow/example_dags/example_trigger_target_dag.py
[2022-07-06 20:15:31,463] {processor.py:641} INFO - Processing file /home/airflow/.local/lib/python3.7/site-packages/airflow/example_dags/example_trigger_target_dag.py for tasks to queue
[2022-07-06 20:15:31,500] {logging_mixin.py:115} INFO - [2022-07-06 20:15:31,499] {dagbag.py:507} INFO - Filling up the DagBag from /home/airflow/.local/lib/python3.7/site-packages/airflow/example_dags/example_trigger_target_dag.py
[2022-07-06 20:15:31,562] {processor.py:651} INFO - DAG(s) dict_keys(['example_trigger_target_dag']) retrieved from /home/airflow/.local/lib/python3.7/site-packages/airflow/example_dags/example_trigger_target_dag.py
[2022-07-06 20:15:31,595] {logging_mixin.py:115} INFO - [2022-07-06 20:15:31,594] {dag.py:2379} INFO - Sync 1 DAGs
[2022-07-06 20:15:31,636] {logging_mixin.py:115} INFO - [2022-07-06 20:15:31,636] {dag.py:2931} INFO - Setting next_dagrun for example_trigger_target_dag to None, run_after=None
[2022-07-06 20:15:31,742] {processor.py:161} INFO - Processing /home/airflow/.local/lib/python3.7/site-packages/airflow/example_dags/example_trigger_target_dag.py took 0.324 seconds
[2022-07-06 20:16:13,948] {processor.py:153} INFO - Started process (PID=2148) to work on /home/airflow/.local/lib/python3.7/site-packages/airflow/example_dags/example_trigger_target_dag.py
[2022-07-06 20:16:13,960] {processor.py:641} INFO - Processing file /home/airflow/.local/lib/python3.7/site-packages/airflow/example_dags/example_trigger_target_dag.py for tasks to queue
[2022-07-06 20:16:13,961] {logging_mixin.py:115} INFO - [2022-07-06 20:16:13,961] {dagbag.py:507} INFO - Filling up the DagBag from /home/airflow/.local/lib/python3.7/site-packages/airflow/example_dags/example_trigger_target_dag.py
[2022-07-06 20:16:13,982] {processor.py:651} INFO - DAG(s) dict_keys(['example_trigger_target_dag']) retrieved from /home/airflow/.local/lib/python3.7/site-packages/airflow/example_dags/example_trigger_target_dag.py
[2022-07-06 20:16:14,018] {logging_mixin.py:115} INFO - [2022-07-06 20:16:14,018] {dag.py:2379} INFO - Sync 1 DAGs
[2022-07-06 20:16:14,047] {logging_mixin.py:115} INFO - [2022-07-06 20:16:14,047] {dag.py:2931} INFO - Setting next_dagrun for example_trigger_target_dag to None, run_after=None
[2022-07-06 20:16:14,083] {processor.py:161} INFO - Processing /home/airflow/.local/lib/python3.7/site-packages/airflow/example_dags/example_trigger_target_dag.py took 0.140 seconds
[2022-07-06 20:16:44,669] {processor.py:153} INFO - Started process (PID=2198) to work on /home/airflow/.local/lib/python3.7/site-packages/airflow/example_dags/example_trigger_target_dag.py
[2022-07-06 20:16:44,670] {processor.py:641} INFO - Processing file /home/airflow/.local/lib/python3.7/site-packages/airflow/example_dags/example_trigger_target_dag.py for tasks to queue
[2022-07-06 20:16:44,671] {logging_mixin.py:115} INFO - [2022-07-06 20:16:44,671] {dagbag.py:507} INFO - Filling up the DagBag from /home/airflow/.local/lib/python3.7/site-packages/airflow/example_dags/example_trigger_target_dag.py
[2022-07-06 20:16:44,706] {processor.py:651} INFO - DAG(s) dict_keys(['example_trigger_target_dag']) retrieved from /home/airflow/.local/lib/python3.7/site-packages/airflow/example_dags/example_trigger_target_dag.py
[2022-07-06 20:16:44,750] {logging_mixin.py:115} INFO - [2022-07-06 20:16:44,750] {dag.py:2379} INFO - Sync 1 DAGs
[2022-07-06 20:16:44,786] {logging_mixin.py:115} INFO - [2022-07-06 20:16:44,786] {dag.py:2931} INFO - Setting next_dagrun for example_trigger_target_dag to None, run_after=None
[2022-07-06 20:16:44,816] {processor.py:161} INFO - Processing /home/airflow/.local/lib/python3.7/site-packages/airflow/example_dags/example_trigger_target_dag.py took 0.151 seconds
[2022-07-06 20:17:15,487] {processor.py:153} INFO - Started process (PID=2257) to work on /home/airflow/.local/lib/python3.7/site-packages/airflow/example_dags/example_trigger_target_dag.py
[2022-07-06 20:17:15,488] {processor.py:641} INFO - Processing file /home/airflow/.local/lib/python3.7/site-packages/airflow/example_dags/example_trigger_target_dag.py for tasks to queue
[2022-07-06 20:17:15,489] {logging_mixin.py:115} INFO - [2022-07-06 20:17:15,489] {dagbag.py:507} INFO - Filling up the DagBag from /home/airflow/.local/lib/python3.7/site-packages/airflow/example_dags/example_trigger_target_dag.py
[2022-07-06 20:17:15,520] {processor.py:651} INFO - DAG(s) dict_keys(['example_trigger_target_dag']) retrieved from /home/airflow/.local/lib/python3.7/site-packages/airflow/example_dags/example_trigger_target_dag.py
[2022-07-06 20:17:15,563] {logging_mixin.py:115} INFO - [2022-07-06 20:17:15,563] {dag.py:2379} INFO - Sync 1 DAGs
[2022-07-06 20:17:15,608] {logging_mixin.py:115} INFO - [2022-07-06 20:17:15,608] {dag.py:2931} INFO - Setting next_dagrun for example_trigger_target_dag to None, run_after=None
[2022-07-06 20:17:15,647] {processor.py:161} INFO - Processing /home/airflow/.local/lib/python3.7/site-packages/airflow/example_dags/example_trigger_target_dag.py took 0.166 seconds
[2022-07-06 20:17:46,096] {processor.py:153} INFO - Started process (PID=2304) to work on /home/airflow/.local/lib/python3.7/site-packages/airflow/example_dags/example_trigger_target_dag.py
[2022-07-06 20:17:46,097] {processor.py:641} INFO - Processing file /home/airflow/.local/lib/python3.7/site-packages/airflow/example_dags/example_trigger_target_dag.py for tasks to queue
[2022-07-06 20:17:46,098] {logging_mixin.py:115} INFO - [2022-07-06 20:17:46,097] {dagbag.py:507} INFO - Filling up the DagBag from /home/airflow/.local/lib/python3.7/site-packages/airflow/example_dags/example_trigger_target_dag.py
[2022-07-06 20:17:46,134] {processor.py:651} INFO - DAG(s) dict_keys(['example_trigger_target_dag']) retrieved from /home/airflow/.local/lib/python3.7/site-packages/airflow/example_dags/example_trigger_target_dag.py
[2022-07-06 20:17:46,166] {logging_mixin.py:115} INFO - [2022-07-06 20:17:46,166] {dag.py:2379} INFO - Sync 1 DAGs
[2022-07-06 20:17:46,197] {logging_mixin.py:115} INFO - [2022-07-06 20:17:46,197] {dag.py:2931} INFO - Setting next_dagrun for example_trigger_target_dag to None, run_after=None
[2022-07-06 20:17:46,301] {processor.py:161} INFO - Processing /home/airflow/.local/lib/python3.7/site-packages/airflow/example_dags/example_trigger_target_dag.py took 0.212 seconds
[2022-07-06 20:18:17,011] {processor.py:153} INFO - Started process (PID=2363) to work on /home/airflow/.local/lib/python3.7/site-packages/airflow/example_dags/example_trigger_target_dag.py
[2022-07-06 20:18:17,033] {processor.py:641} INFO - Processing file /home/airflow/.local/lib/python3.7/site-packages/airflow/example_dags/example_trigger_target_dag.py for tasks to queue
[2022-07-06 20:18:17,034] {logging_mixin.py:115} INFO - [2022-07-06 20:18:17,034] {dagbag.py:507} INFO - Filling up the DagBag from /home/airflow/.local/lib/python3.7/site-packages/airflow/example_dags/example_trigger_target_dag.py
[2022-07-06 20:18:17,064] {processor.py:651} INFO - DAG(s) dict_keys(['example_trigger_target_dag']) retrieved from /home/airflow/.local/lib/python3.7/site-packages/airflow/example_dags/example_trigger_target_dag.py
[2022-07-06 20:18:17,115] {logging_mixin.py:115} INFO - [2022-07-06 20:18:17,115] {dag.py:2379} INFO - Sync 1 DAGs
[2022-07-06 20:18:17,172] {logging_mixin.py:115} INFO - [2022-07-06 20:18:17,172] {dag.py:2931} INFO - Setting next_dagrun for example_trigger_target_dag to None, run_after=None
[2022-07-06 20:18:17,222] {processor.py:161} INFO - Processing /home/airflow/.local/lib/python3.7/site-packages/airflow/example_dags/example_trigger_target_dag.py took 0.219 seconds
[2022-07-06 20:18:47,299] {processor.py:153} INFO - Started process (PID=2409) to work on /home/airflow/.local/lib/python3.7/site-packages/airflow/example_dags/example_trigger_target_dag.py
[2022-07-06 20:18:47,300] {processor.py:641} INFO - Processing file /home/airflow/.local/lib/python3.7/site-packages/airflow/example_dags/example_trigger_target_dag.py for tasks to queue
[2022-07-06 20:18:47,301] {logging_mixin.py:115} INFO - [2022-07-06 20:18:47,301] {dagbag.py:507} INFO - Filling up the DagBag from /home/airflow/.local/lib/python3.7/site-packages/airflow/example_dags/example_trigger_target_dag.py
[2022-07-06 20:18:47,330] {processor.py:651} INFO - DAG(s) dict_keys(['example_trigger_target_dag']) retrieved from /home/airflow/.local/lib/python3.7/site-packages/airflow/example_dags/example_trigger_target_dag.py
[2022-07-06 20:18:47,366] {logging_mixin.py:115} INFO - [2022-07-06 20:18:47,365] {dag.py:2379} INFO - Sync 1 DAGs
[2022-07-06 20:18:47,400] {logging_mixin.py:115} INFO - [2022-07-06 20:18:47,400] {dag.py:2931} INFO - Setting next_dagrun for example_trigger_target_dag to None, run_after=None
[2022-07-06 20:18:47,477] {processor.py:161} INFO - Processing /home/airflow/.local/lib/python3.7/site-packages/airflow/example_dags/example_trigger_target_dag.py took 0.182 seconds
[2022-07-06 20:19:17,565] {processor.py:153} INFO - Started process (PID=2461) to work on /home/airflow/.local/lib/python3.7/site-packages/airflow/example_dags/example_trigger_target_dag.py
[2022-07-06 20:19:17,598] {processor.py:641} INFO - Processing file /home/airflow/.local/lib/python3.7/site-packages/airflow/example_dags/example_trigger_target_dag.py for tasks to queue
[2022-07-06 20:19:17,599] {logging_mixin.py:115} INFO - [2022-07-06 20:19:17,598] {dagbag.py:507} INFO - Filling up the DagBag from /home/airflow/.local/lib/python3.7/site-packages/airflow/example_dags/example_trigger_target_dag.py
[2022-07-06 20:19:17,628] {processor.py:651} INFO - DAG(s) dict_keys(['example_trigger_target_dag']) retrieved from /home/airflow/.local/lib/python3.7/site-packages/airflow/example_dags/example_trigger_target_dag.py
[2022-07-06 20:19:17,663] {logging_mixin.py:115} INFO - [2022-07-06 20:19:17,663] {dag.py:2379} INFO - Sync 1 DAGs
[2022-07-06 20:19:17,693] {logging_mixin.py:115} INFO - [2022-07-06 20:19:17,693] {dag.py:2931} INFO - Setting next_dagrun for example_trigger_target_dag to None, run_after=None
[2022-07-06 20:19:17,764] {processor.py:161} INFO - Processing /home/airflow/.local/lib/python3.7/site-packages/airflow/example_dags/example_trigger_target_dag.py took 0.202 seconds
[2022-07-06 20:19:47,983] {processor.py:153} INFO - Started process (PID=2522) to work on /home/airflow/.local/lib/python3.7/site-packages/airflow/example_dags/example_trigger_target_dag.py
[2022-07-06 20:19:47,984] {processor.py:641} INFO - Processing file /home/airflow/.local/lib/python3.7/site-packages/airflow/example_dags/example_trigger_target_dag.py for tasks to queue
[2022-07-06 20:19:47,986] {logging_mixin.py:115} INFO - [2022-07-06 20:19:47,985] {dagbag.py:507} INFO - Filling up the DagBag from /home/airflow/.local/lib/python3.7/site-packages/airflow/example_dags/example_trigger_target_dag.py
[2022-07-06 20:19:48,011] {processor.py:651} INFO - DAG(s) dict_keys(['example_trigger_target_dag']) retrieved from /home/airflow/.local/lib/python3.7/site-packages/airflow/example_dags/example_trigger_target_dag.py
[2022-07-06 20:19:48,052] {logging_mixin.py:115} INFO - [2022-07-06 20:19:48,051] {dag.py:2379} INFO - Sync 1 DAGs
[2022-07-06 20:19:48,099] {logging_mixin.py:115} INFO - [2022-07-06 20:19:48,099] {dag.py:2931} INFO - Setting next_dagrun for example_trigger_target_dag to None, run_after=None
[2022-07-06 20:19:48,129] {processor.py:161} INFO - Processing /home/airflow/.local/lib/python3.7/site-packages/airflow/example_dags/example_trigger_target_dag.py took 0.153 seconds
[2022-07-06 20:20:21,863] {processor.py:153} INFO - Started process (PID=2577) to work on /home/airflow/.local/lib/python3.7/site-packages/airflow/example_dags/example_trigger_target_dag.py
[2022-07-06 20:20:21,899] {processor.py:641} INFO - Processing file /home/airflow/.local/lib/python3.7/site-packages/airflow/example_dags/example_trigger_target_dag.py for tasks to queue
[2022-07-06 20:20:21,970] {logging_mixin.py:115} INFO - [2022-07-06 20:20:21,969] {dagbag.py:507} INFO - Filling up the DagBag from /home/airflow/.local/lib/python3.7/site-packages/airflow/example_dags/example_trigger_target_dag.py
[2022-07-06 20:20:22,061] {processor.py:651} INFO - DAG(s) dict_keys(['example_trigger_target_dag']) retrieved from /home/airflow/.local/lib/python3.7/site-packages/airflow/example_dags/example_trigger_target_dag.py
[2022-07-06 20:20:22,251] {logging_mixin.py:115} INFO - [2022-07-06 20:20:22,251] {dag.py:2379} INFO - Sync 1 DAGs
[2022-07-06 20:20:22,348] {logging_mixin.py:115} INFO - [2022-07-06 20:20:22,348] {dag.py:2931} INFO - Setting next_dagrun for example_trigger_target_dag to None, run_after=None
[2022-07-06 20:20:22,638] {processor.py:161} INFO - Processing /home/airflow/.local/lib/python3.7/site-packages/airflow/example_dags/example_trigger_target_dag.py took 0.781 seconds
[2022-07-06 20:20:53,272] {processor.py:153} INFO - Started process (PID=2636) to work on /home/airflow/.local/lib/python3.7/site-packages/airflow/example_dags/example_trigger_target_dag.py
[2022-07-06 20:20:53,283] {processor.py:641} INFO - Processing file /home/airflow/.local/lib/python3.7/site-packages/airflow/example_dags/example_trigger_target_dag.py for tasks to queue
[2022-07-06 20:20:53,284] {logging_mixin.py:115} INFO - [2022-07-06 20:20:53,284] {dagbag.py:507} INFO - Filling up the DagBag from /home/airflow/.local/lib/python3.7/site-packages/airflow/example_dags/example_trigger_target_dag.py
[2022-07-06 20:20:53,393] {processor.py:651} INFO - DAG(s) dict_keys(['example_trigger_target_dag']) retrieved from /home/airflow/.local/lib/python3.7/site-packages/airflow/example_dags/example_trigger_target_dag.py
[2022-07-06 20:20:53,487] {logging_mixin.py:115} INFO - [2022-07-06 20:20:53,487] {dag.py:2379} INFO - Sync 1 DAGs
[2022-07-06 20:20:53,517] {logging_mixin.py:115} INFO - [2022-07-06 20:20:53,517] {dag.py:2931} INFO - Setting next_dagrun for example_trigger_target_dag to None, run_after=None
[2022-07-06 20:20:53,724] {processor.py:161} INFO - Processing /home/airflow/.local/lib/python3.7/site-packages/airflow/example_dags/example_trigger_target_dag.py took 0.457 seconds
[2022-07-06 20:21:23,856] {processor.py:153} INFO - Started process (PID=2688) to work on /home/airflow/.local/lib/python3.7/site-packages/airflow/example_dags/example_trigger_target_dag.py
[2022-07-06 20:21:23,857] {processor.py:641} INFO - Processing file /home/airflow/.local/lib/python3.7/site-packages/airflow/example_dags/example_trigger_target_dag.py for tasks to queue
[2022-07-06 20:21:23,858] {logging_mixin.py:115} INFO - [2022-07-06 20:21:23,858] {dagbag.py:507} INFO - Filling up the DagBag from /home/airflow/.local/lib/python3.7/site-packages/airflow/example_dags/example_trigger_target_dag.py
[2022-07-06 20:21:23,886] {processor.py:651} INFO - DAG(s) dict_keys(['example_trigger_target_dag']) retrieved from /home/airflow/.local/lib/python3.7/site-packages/airflow/example_dags/example_trigger_target_dag.py
[2022-07-06 20:21:23,930] {logging_mixin.py:115} INFO - [2022-07-06 20:21:23,930] {dag.py:2379} INFO - Sync 1 DAGs
[2022-07-06 20:21:23,987] {logging_mixin.py:115} INFO - [2022-07-06 20:21:23,987] {dag.py:2931} INFO - Setting next_dagrun for example_trigger_target_dag to None, run_after=None
[2022-07-06 20:21:24,022] {processor.py:161} INFO - Processing /home/airflow/.local/lib/python3.7/site-packages/airflow/example_dags/example_trigger_target_dag.py took 0.186 seconds
[2022-07-06 20:21:55,129] {processor.py:153} INFO - Started process (PID=2747) to work on /home/airflow/.local/lib/python3.7/site-packages/airflow/example_dags/example_trigger_target_dag.py
[2022-07-06 20:21:55,166] {processor.py:641} INFO - Processing file /home/airflow/.local/lib/python3.7/site-packages/airflow/example_dags/example_trigger_target_dag.py for tasks to queue
[2022-07-06 20:21:55,288] {logging_mixin.py:115} INFO - [2022-07-06 20:21:55,287] {dagbag.py:507} INFO - Filling up the DagBag from /home/airflow/.local/lib/python3.7/site-packages/airflow/example_dags/example_trigger_target_dag.py
[2022-07-06 20:21:55,362] {processor.py:651} INFO - DAG(s) dict_keys(['example_trigger_target_dag']) retrieved from /home/airflow/.local/lib/python3.7/site-packages/airflow/example_dags/example_trigger_target_dag.py
[2022-07-06 20:21:55,439] {logging_mixin.py:115} INFO - [2022-07-06 20:21:55,439] {dag.py:2379} INFO - Sync 1 DAGs
[2022-07-06 20:21:55,483] {logging_mixin.py:115} INFO - [2022-07-06 20:21:55,482] {dag.py:2931} INFO - Setting next_dagrun for example_trigger_target_dag to None, run_after=None
[2022-07-06 20:21:55,602] {processor.py:161} INFO - Processing /home/airflow/.local/lib/python3.7/site-packages/airflow/example_dags/example_trigger_target_dag.py took 0.478 seconds
[2022-07-06 20:22:32,750] {processor.py:153} INFO - Started process (PID=2797) to work on /home/airflow/.local/lib/python3.7/site-packages/airflow/example_dags/example_trigger_target_dag.py
[2022-07-06 20:22:32,770] {processor.py:641} INFO - Processing file /home/airflow/.local/lib/python3.7/site-packages/airflow/example_dags/example_trigger_target_dag.py for tasks to queue
[2022-07-06 20:22:32,771] {logging_mixin.py:115} INFO - [2022-07-06 20:22:32,771] {dagbag.py:507} INFO - Filling up the DagBag from /home/airflow/.local/lib/python3.7/site-packages/airflow/example_dags/example_trigger_target_dag.py
[2022-07-06 20:22:32,824] {processor.py:651} INFO - DAG(s) dict_keys(['example_trigger_target_dag']) retrieved from /home/airflow/.local/lib/python3.7/site-packages/airflow/example_dags/example_trigger_target_dag.py
[2022-07-06 20:22:32,905] {logging_mixin.py:115} INFO - [2022-07-06 20:22:32,905] {dag.py:2379} INFO - Sync 1 DAGs
[2022-07-06 20:22:32,950] {logging_mixin.py:115} INFO - [2022-07-06 20:22:32,949] {dag.py:2931} INFO - Setting next_dagrun for example_trigger_target_dag to None, run_after=None
[2022-07-06 20:22:33,297] {processor.py:161} INFO - Processing /home/airflow/.local/lib/python3.7/site-packages/airflow/example_dags/example_trigger_target_dag.py took 0.554 seconds
[2022-07-06 20:23:04,144] {processor.py:153} INFO - Started process (PID=2847) to work on /home/airflow/.local/lib/python3.7/site-packages/airflow/example_dags/example_trigger_target_dag.py
[2022-07-06 20:23:04,145] {processor.py:641} INFO - Processing file /home/airflow/.local/lib/python3.7/site-packages/airflow/example_dags/example_trigger_target_dag.py for tasks to queue
[2022-07-06 20:23:04,147] {logging_mixin.py:115} INFO - [2022-07-06 20:23:04,147] {dagbag.py:507} INFO - Filling up the DagBag from /home/airflow/.local/lib/python3.7/site-packages/airflow/example_dags/example_trigger_target_dag.py
[2022-07-06 20:23:04,198] {processor.py:651} INFO - DAG(s) dict_keys(['example_trigger_target_dag']) retrieved from /home/airflow/.local/lib/python3.7/site-packages/airflow/example_dags/example_trigger_target_dag.py
[2022-07-06 20:23:04,239] {logging_mixin.py:115} INFO - [2022-07-06 20:23:04,238] {dag.py:2379} INFO - Sync 1 DAGs
[2022-07-06 20:23:04,270] {logging_mixin.py:115} INFO - [2022-07-06 20:23:04,269] {dag.py:2931} INFO - Setting next_dagrun for example_trigger_target_dag to None, run_after=None
[2022-07-06 20:23:04,302] {processor.py:161} INFO - Processing /home/airflow/.local/lib/python3.7/site-packages/airflow/example_dags/example_trigger_target_dag.py took 0.172 seconds
[2022-07-06 20:23:35,198] {processor.py:153} INFO - Started process (PID=2907) to work on /home/airflow/.local/lib/python3.7/site-packages/airflow/example_dags/example_trigger_target_dag.py
[2022-07-06 20:23:35,210] {processor.py:641} INFO - Processing file /home/airflow/.local/lib/python3.7/site-packages/airflow/example_dags/example_trigger_target_dag.py for tasks to queue
[2022-07-06 20:23:35,211] {logging_mixin.py:115} INFO - [2022-07-06 20:23:35,211] {dagbag.py:507} INFO - Filling up the DagBag from /home/airflow/.local/lib/python3.7/site-packages/airflow/example_dags/example_trigger_target_dag.py
[2022-07-06 20:23:35,291] {processor.py:651} INFO - DAG(s) dict_keys(['example_trigger_target_dag']) retrieved from /home/airflow/.local/lib/python3.7/site-packages/airflow/example_dags/example_trigger_target_dag.py
[2022-07-06 20:23:35,371] {logging_mixin.py:115} INFO - [2022-07-06 20:23:35,370] {dag.py:2379} INFO - Sync 1 DAGs
[2022-07-06 20:23:35,420] {logging_mixin.py:115} INFO - [2022-07-06 20:23:35,420] {dag.py:2931} INFO - Setting next_dagrun for example_trigger_target_dag to None, run_after=None
[2022-07-06 20:23:35,510] {processor.py:161} INFO - Processing /home/airflow/.local/lib/python3.7/site-packages/airflow/example_dags/example_trigger_target_dag.py took 0.325 seconds
[2022-07-06 20:24:06,509] {processor.py:153} INFO - Started process (PID=2959) to work on /home/airflow/.local/lib/python3.7/site-packages/airflow/example_dags/example_trigger_target_dag.py
[2022-07-06 20:24:06,510] {processor.py:641} INFO - Processing file /home/airflow/.local/lib/python3.7/site-packages/airflow/example_dags/example_trigger_target_dag.py for tasks to queue
[2022-07-06 20:24:06,511] {logging_mixin.py:115} INFO - [2022-07-06 20:24:06,511] {dagbag.py:507} INFO - Filling up the DagBag from /home/airflow/.local/lib/python3.7/site-packages/airflow/example_dags/example_trigger_target_dag.py
[2022-07-06 20:24:06,536] {processor.py:651} INFO - DAG(s) dict_keys(['example_trigger_target_dag']) retrieved from /home/airflow/.local/lib/python3.7/site-packages/airflow/example_dags/example_trigger_target_dag.py
[2022-07-06 20:24:06,574] {logging_mixin.py:115} INFO - [2022-07-06 20:24:06,574] {dag.py:2379} INFO - Sync 1 DAGs
[2022-07-06 20:24:06,612] {logging_mixin.py:115} INFO - [2022-07-06 20:24:06,612] {dag.py:2931} INFO - Setting next_dagrun for example_trigger_target_dag to None, run_after=None
[2022-07-06 20:24:06,650] {processor.py:161} INFO - Processing /home/airflow/.local/lib/python3.7/site-packages/airflow/example_dags/example_trigger_target_dag.py took 0.148 seconds
[2022-07-06 20:24:36,759] {processor.py:153} INFO - Started process (PID=3013) to work on /home/airflow/.local/lib/python3.7/site-packages/airflow/example_dags/example_trigger_target_dag.py
[2022-07-06 20:24:36,779] {processor.py:641} INFO - Processing file /home/airflow/.local/lib/python3.7/site-packages/airflow/example_dags/example_trigger_target_dag.py for tasks to queue
[2022-07-06 20:24:36,781] {logging_mixin.py:115} INFO - [2022-07-06 20:24:36,781] {dagbag.py:507} INFO - Filling up the DagBag from /home/airflow/.local/lib/python3.7/site-packages/airflow/example_dags/example_trigger_target_dag.py
[2022-07-06 20:24:36,846] {processor.py:651} INFO - DAG(s) dict_keys(['example_trigger_target_dag']) retrieved from /home/airflow/.local/lib/python3.7/site-packages/airflow/example_dags/example_trigger_target_dag.py
[2022-07-06 20:24:36,881] {logging_mixin.py:115} INFO - [2022-07-06 20:24:36,881] {dag.py:2379} INFO - Sync 1 DAGs
[2022-07-06 20:24:36,916] {logging_mixin.py:115} INFO - [2022-07-06 20:24:36,916] {dag.py:2931} INFO - Setting next_dagrun for example_trigger_target_dag to None, run_after=None
[2022-07-06 20:24:36,947] {processor.py:161} INFO - Processing /home/airflow/.local/lib/python3.7/site-packages/airflow/example_dags/example_trigger_target_dag.py took 0.204 seconds
[2022-07-06 20:25:07,046] {processor.py:153} INFO - Started process (PID=3075) to work on /home/airflow/.local/lib/python3.7/site-packages/airflow/example_dags/example_trigger_target_dag.py
[2022-07-06 20:25:07,049] {processor.py:641} INFO - Processing file /home/airflow/.local/lib/python3.7/site-packages/airflow/example_dags/example_trigger_target_dag.py for tasks to queue
[2022-07-06 20:25:07,050] {logging_mixin.py:115} INFO - [2022-07-06 20:25:07,050] {dagbag.py:507} INFO - Filling up the DagBag from /home/airflow/.local/lib/python3.7/site-packages/airflow/example_dags/example_trigger_target_dag.py
[2022-07-06 20:25:07,091] {processor.py:651} INFO - DAG(s) dict_keys(['example_trigger_target_dag']) retrieved from /home/airflow/.local/lib/python3.7/site-packages/airflow/example_dags/example_trigger_target_dag.py
[2022-07-06 20:25:07,133] {logging_mixin.py:115} INFO - [2022-07-06 20:25:07,133] {dag.py:2379} INFO - Sync 1 DAGs
[2022-07-06 20:25:07,174] {logging_mixin.py:115} INFO - [2022-07-06 20:25:07,174] {dag.py:2931} INFO - Setting next_dagrun for example_trigger_target_dag to None, run_after=None
[2022-07-06 20:25:07,221] {processor.py:161} INFO - Processing /home/airflow/.local/lib/python3.7/site-packages/airflow/example_dags/example_trigger_target_dag.py took 0.191 seconds
[2022-07-06 20:25:37,554] {processor.py:153} INFO - Started process (PID=3128) to work on /home/airflow/.local/lib/python3.7/site-packages/airflow/example_dags/example_trigger_target_dag.py
[2022-07-06 20:25:37,555] {processor.py:641} INFO - Processing file /home/airflow/.local/lib/python3.7/site-packages/airflow/example_dags/example_trigger_target_dag.py for tasks to queue
[2022-07-06 20:25:37,556] {logging_mixin.py:115} INFO - [2022-07-06 20:25:37,556] {dagbag.py:507} INFO - Filling up the DagBag from /home/airflow/.local/lib/python3.7/site-packages/airflow/example_dags/example_trigger_target_dag.py
[2022-07-06 20:25:37,590] {processor.py:651} INFO - DAG(s) dict_keys(['example_trigger_target_dag']) retrieved from /home/airflow/.local/lib/python3.7/site-packages/airflow/example_dags/example_trigger_target_dag.py
[2022-07-06 20:25:37,635] {logging_mixin.py:115} INFO - [2022-07-06 20:25:37,635] {dag.py:2379} INFO - Sync 1 DAGs
[2022-07-06 20:25:37,684] {logging_mixin.py:115} INFO - [2022-07-06 20:25:37,684] {dag.py:2931} INFO - Setting next_dagrun for example_trigger_target_dag to None, run_after=None
[2022-07-06 20:25:37,724] {processor.py:161} INFO - Processing /home/airflow/.local/lib/python3.7/site-packages/airflow/example_dags/example_trigger_target_dag.py took 0.175 seconds
[2022-07-06 20:26:08,143] {processor.py:153} INFO - Started process (PID=3188) to work on /home/airflow/.local/lib/python3.7/site-packages/airflow/example_dags/example_trigger_target_dag.py
[2022-07-06 20:26:08,154] {processor.py:641} INFO - Processing file /home/airflow/.local/lib/python3.7/site-packages/airflow/example_dags/example_trigger_target_dag.py for tasks to queue
[2022-07-06 20:26:08,155] {logging_mixin.py:115} INFO - [2022-07-06 20:26:08,155] {dagbag.py:507} INFO - Filling up the DagBag from /home/airflow/.local/lib/python3.7/site-packages/airflow/example_dags/example_trigger_target_dag.py
[2022-07-06 20:26:08,188] {processor.py:651} INFO - DAG(s) dict_keys(['example_trigger_target_dag']) retrieved from /home/airflow/.local/lib/python3.7/site-packages/airflow/example_dags/example_trigger_target_dag.py
[2022-07-06 20:26:08,227] {logging_mixin.py:115} INFO - [2022-07-06 20:26:08,226] {dag.py:2379} INFO - Sync 1 DAGs
[2022-07-06 20:26:08,267] {logging_mixin.py:115} INFO - [2022-07-06 20:26:08,267] {dag.py:2931} INFO - Setting next_dagrun for example_trigger_target_dag to None, run_after=None
[2022-07-06 20:26:08,300] {processor.py:161} INFO - Processing /home/airflow/.local/lib/python3.7/site-packages/airflow/example_dags/example_trigger_target_dag.py took 0.163 seconds
[2022-07-06 20:26:39,022] {processor.py:153} INFO - Started process (PID=3243) to work on /home/airflow/.local/lib/python3.7/site-packages/airflow/example_dags/example_trigger_target_dag.py
[2022-07-06 20:26:39,024] {processor.py:641} INFO - Processing file /home/airflow/.local/lib/python3.7/site-packages/airflow/example_dags/example_trigger_target_dag.py for tasks to queue
[2022-07-06 20:26:39,025] {logging_mixin.py:115} INFO - [2022-07-06 20:26:39,025] {dagbag.py:507} INFO - Filling up the DagBag from /home/airflow/.local/lib/python3.7/site-packages/airflow/example_dags/example_trigger_target_dag.py
[2022-07-06 20:26:39,069] {processor.py:651} INFO - DAG(s) dict_keys(['example_trigger_target_dag']) retrieved from /home/airflow/.local/lib/python3.7/site-packages/airflow/example_dags/example_trigger_target_dag.py
[2022-07-06 20:26:39,109] {logging_mixin.py:115} INFO - [2022-07-06 20:26:39,109] {dag.py:2379} INFO - Sync 1 DAGs
[2022-07-06 20:26:39,145] {logging_mixin.py:115} INFO - [2022-07-06 20:26:39,145] {dag.py:2931} INFO - Setting next_dagrun for example_trigger_target_dag to None, run_after=None
[2022-07-06 20:26:39,264] {processor.py:161} INFO - Processing /home/airflow/.local/lib/python3.7/site-packages/airflow/example_dags/example_trigger_target_dag.py took 0.255 seconds
[2022-07-06 20:27:09,576] {processor.py:153} INFO - Started process (PID=3294) to work on /home/airflow/.local/lib/python3.7/site-packages/airflow/example_dags/example_trigger_target_dag.py
[2022-07-06 20:27:10,161] {processor.py:641} INFO - Processing file /home/airflow/.local/lib/python3.7/site-packages/airflow/example_dags/example_trigger_target_dag.py for tasks to queue
[2022-07-06 20:27:10,163] {logging_mixin.py:115} INFO - [2022-07-06 20:27:10,163] {dagbag.py:507} INFO - Filling up the DagBag from /home/airflow/.local/lib/python3.7/site-packages/airflow/example_dags/example_trigger_target_dag.py
[2022-07-06 20:27:10,220] {processor.py:651} INFO - DAG(s) dict_keys(['example_trigger_target_dag']) retrieved from /home/airflow/.local/lib/python3.7/site-packages/airflow/example_dags/example_trigger_target_dag.py
[2022-07-06 20:27:10,259] {logging_mixin.py:115} INFO - [2022-07-06 20:27:10,259] {dag.py:2379} INFO - Sync 1 DAGs
[2022-07-06 20:27:10,299] {logging_mixin.py:115} INFO - [2022-07-06 20:27:10,299] {dag.py:2931} INFO - Setting next_dagrun for example_trigger_target_dag to None, run_after=None
[2022-07-06 20:27:10,477] {processor.py:161} INFO - Processing /home/airflow/.local/lib/python3.7/site-packages/airflow/example_dags/example_trigger_target_dag.py took 0.905 seconds
