[2022-07-06 19:38:48,825] {processor.py:153} INFO - Started process (PID=141) to work on /home/airflow/.local/lib/python3.7/site-packages/airflow/example_dags/tutorial_etl_dag.py
[2022-07-06 19:38:48,826] {processor.py:641} INFO - Processing file /home/airflow/.local/lib/python3.7/site-packages/airflow/example_dags/tutorial_etl_dag.py for tasks to queue
[2022-07-06 19:38:48,826] {logging_mixin.py:115} INFO - [2022-07-06 19:38:48,826] {dagbag.py:507} INFO - Filling up the DagBag from /home/airflow/.local/lib/python3.7/site-packages/airflow/example_dags/tutorial_etl_dag.py
[2022-07-06 19:38:48,844] {processor.py:651} INFO - DAG(s) dict_keys(['tutorial_etl_dag']) retrieved from /home/airflow/.local/lib/python3.7/site-packages/airflow/example_dags/tutorial_etl_dag.py
[2022-07-06 19:38:49,326] {logging_mixin.py:115} INFO - [2022-07-06 19:38:49,326] {manager.py:508} INFO - Created Permission View: can delete on DAG:tutorial_etl_dag
[2022-07-06 19:38:49,527] {logging_mixin.py:115} INFO - [2022-07-06 19:38:49,527] {manager.py:508} INFO - Created Permission View: can edit on DAG:tutorial_etl_dag
[2022-07-06 19:38:49,718] {logging_mixin.py:115} INFO - [2022-07-06 19:38:49,717] {manager.py:508} INFO - Created Permission View: can read on DAG:tutorial_etl_dag
[2022-07-06 19:38:49,718] {logging_mixin.py:115} INFO - [2022-07-06 19:38:49,718] {dag.py:2379} INFO - Sync 1 DAGs
[2022-07-06 19:38:49,776] {logging_mixin.py:115} INFO - [2022-07-06 19:38:49,776] {dag.py:2398} INFO - Creating ORM DAG for tutorial_etl_dag
[2022-07-06 19:38:49,823] {logging_mixin.py:115} INFO - [2022-07-06 19:38:49,822] {dag.py:2931} INFO - Setting next_dagrun for tutorial_etl_dag to None, run_after=None
[2022-07-06 19:38:50,756] {processor.py:161} INFO - Processing /home/airflow/.local/lib/python3.7/site-packages/airflow/example_dags/tutorial_etl_dag.py took 1.936 seconds
[2022-07-06 19:39:48,548] {processor.py:153} INFO - Started process (PID=197) to work on /home/airflow/.local/lib/python3.7/site-packages/airflow/example_dags/tutorial_etl_dag.py
[2022-07-06 19:39:48,729] {processor.py:641} INFO - Processing file /home/airflow/.local/lib/python3.7/site-packages/airflow/example_dags/tutorial_etl_dag.py for tasks to queue
[2022-07-06 19:39:48,731] {logging_mixin.py:115} INFO - [2022-07-06 19:39:48,730] {dagbag.py:507} INFO - Filling up the DagBag from /home/airflow/.local/lib/python3.7/site-packages/airflow/example_dags/tutorial_etl_dag.py
[2022-07-06 19:39:49,037] {processor.py:651} INFO - DAG(s) dict_keys(['tutorial_etl_dag']) retrieved from /home/airflow/.local/lib/python3.7/site-packages/airflow/example_dags/tutorial_etl_dag.py
[2022-07-06 19:39:49,071] {logging_mixin.py:115} INFO - [2022-07-06 19:39:49,071] {dag.py:2379} INFO - Sync 1 DAGs
[2022-07-06 19:39:49,095] {logging_mixin.py:115} INFO - [2022-07-06 19:39:49,095] {dag.py:2931} INFO - Setting next_dagrun for tutorial_etl_dag to None, run_after=None
[2022-07-06 19:39:49,378] {processor.py:161} INFO - Processing /home/airflow/.local/lib/python3.7/site-packages/airflow/example_dags/tutorial_etl_dag.py took 0.834 seconds
[2022-07-06 19:40:19,458] {processor.py:153} INFO - Started process (PID=250) to work on /home/airflow/.local/lib/python3.7/site-packages/airflow/example_dags/tutorial_etl_dag.py
[2022-07-06 19:40:19,523] {processor.py:641} INFO - Processing file /home/airflow/.local/lib/python3.7/site-packages/airflow/example_dags/tutorial_etl_dag.py for tasks to queue
[2022-07-06 19:40:19,525] {logging_mixin.py:115} INFO - [2022-07-06 19:40:19,524] {dagbag.py:507} INFO - Filling up the DagBag from /home/airflow/.local/lib/python3.7/site-packages/airflow/example_dags/tutorial_etl_dag.py
[2022-07-06 19:40:19,564] {processor.py:651} INFO - DAG(s) dict_keys(['tutorial_etl_dag']) retrieved from /home/airflow/.local/lib/python3.7/site-packages/airflow/example_dags/tutorial_etl_dag.py
[2022-07-06 19:40:19,653] {logging_mixin.py:115} INFO - [2022-07-06 19:40:19,652] {dag.py:2379} INFO - Sync 1 DAGs
[2022-07-06 19:40:19,690] {logging_mixin.py:115} INFO - [2022-07-06 19:40:19,690] {dag.py:2931} INFO - Setting next_dagrun for tutorial_etl_dag to None, run_after=None
[2022-07-06 19:40:19,787] {processor.py:161} INFO - Processing /home/airflow/.local/lib/python3.7/site-packages/airflow/example_dags/tutorial_etl_dag.py took 0.338 seconds
[2022-07-06 19:40:50,714] {processor.py:153} INFO - Started process (PID=303) to work on /home/airflow/.local/lib/python3.7/site-packages/airflow/example_dags/tutorial_etl_dag.py
[2022-07-06 19:40:50,732] {processor.py:641} INFO - Processing file /home/airflow/.local/lib/python3.7/site-packages/airflow/example_dags/tutorial_etl_dag.py for tasks to queue
[2022-07-06 19:40:50,733] {logging_mixin.py:115} INFO - [2022-07-06 19:40:50,733] {dagbag.py:507} INFO - Filling up the DagBag from /home/airflow/.local/lib/python3.7/site-packages/airflow/example_dags/tutorial_etl_dag.py
[2022-07-06 19:40:50,759] {processor.py:651} INFO - DAG(s) dict_keys(['tutorial_etl_dag']) retrieved from /home/airflow/.local/lib/python3.7/site-packages/airflow/example_dags/tutorial_etl_dag.py
[2022-07-06 19:40:50,800] {logging_mixin.py:115} INFO - [2022-07-06 19:40:50,799] {dag.py:2379} INFO - Sync 1 DAGs
[2022-07-06 19:40:50,826] {logging_mixin.py:115} INFO - [2022-07-06 19:40:50,825] {dag.py:2931} INFO - Setting next_dagrun for tutorial_etl_dag to None, run_after=None
[2022-07-06 19:40:50,907] {processor.py:161} INFO - Processing /home/airflow/.local/lib/python3.7/site-packages/airflow/example_dags/tutorial_etl_dag.py took 0.206 seconds
[2022-07-06 19:41:21,320] {processor.py:153} INFO - Started process (PID=361) to work on /home/airflow/.local/lib/python3.7/site-packages/airflow/example_dags/tutorial_etl_dag.py
[2022-07-06 19:41:21,321] {processor.py:641} INFO - Processing file /home/airflow/.local/lib/python3.7/site-packages/airflow/example_dags/tutorial_etl_dag.py for tasks to queue
[2022-07-06 19:41:21,321] {logging_mixin.py:115} INFO - [2022-07-06 19:41:21,321] {dagbag.py:507} INFO - Filling up the DagBag from /home/airflow/.local/lib/python3.7/site-packages/airflow/example_dags/tutorial_etl_dag.py
[2022-07-06 19:41:21,332] {processor.py:651} INFO - DAG(s) dict_keys(['tutorial_etl_dag']) retrieved from /home/airflow/.local/lib/python3.7/site-packages/airflow/example_dags/tutorial_etl_dag.py
[2022-07-06 19:41:21,370] {logging_mixin.py:115} INFO - [2022-07-06 19:41:21,370] {dag.py:2379} INFO - Sync 1 DAGs
[2022-07-06 19:41:21,605] {logging_mixin.py:115} INFO - [2022-07-06 19:41:21,604] {dag.py:2931} INFO - Setting next_dagrun for tutorial_etl_dag to None, run_after=None
[2022-07-06 19:41:21,798] {processor.py:161} INFO - Processing /home/airflow/.local/lib/python3.7/site-packages/airflow/example_dags/tutorial_etl_dag.py took 0.481 seconds
[2022-07-06 19:42:11,194] {processor.py:153} INFO - Started process (PID=404) to work on /home/airflow/.local/lib/python3.7/site-packages/airflow/example_dags/tutorial_etl_dag.py
[2022-07-06 19:42:11,643] {processor.py:641} INFO - Processing file /home/airflow/.local/lib/python3.7/site-packages/airflow/example_dags/tutorial_etl_dag.py for tasks to queue
[2022-07-06 19:42:11,754] {logging_mixin.py:115} INFO - [2022-07-06 19:42:11,754] {dagbag.py:507} INFO - Filling up the DagBag from /home/airflow/.local/lib/python3.7/site-packages/airflow/example_dags/tutorial_etl_dag.py
[2022-07-06 19:42:12,295] {processor.py:651} INFO - DAG(s) dict_keys(['tutorial_etl_dag']) retrieved from /home/airflow/.local/lib/python3.7/site-packages/airflow/example_dags/tutorial_etl_dag.py
[2022-07-06 19:42:12,327] {logging_mixin.py:115} INFO - [2022-07-06 19:42:12,327] {dag.py:2379} INFO - Sync 1 DAGs
[2022-07-06 19:42:12,350] {logging_mixin.py:115} INFO - [2022-07-06 19:42:12,350] {dag.py:2931} INFO - Setting next_dagrun for tutorial_etl_dag to None, run_after=None
[2022-07-06 19:42:13,131] {processor.py:161} INFO - Processing /home/airflow/.local/lib/python3.7/site-packages/airflow/example_dags/tutorial_etl_dag.py took 1.942 seconds
[2022-07-06 19:44:55,327] {processor.py:153} INFO - Started process (PID=464) to work on /home/airflow/.local/lib/python3.7/site-packages/airflow/example_dags/tutorial_etl_dag.py
[2022-07-06 19:44:55,756] {processor.py:641} INFO - Processing file /home/airflow/.local/lib/python3.7/site-packages/airflow/example_dags/tutorial_etl_dag.py for tasks to queue
[2022-07-06 19:44:55,758] {logging_mixin.py:115} INFO - [2022-07-06 19:44:55,758] {dagbag.py:507} INFO - Filling up the DagBag from /home/airflow/.local/lib/python3.7/site-packages/airflow/example_dags/tutorial_etl_dag.py
[2022-07-06 19:44:56,519] {processor.py:651} INFO - DAG(s) dict_keys(['tutorial_etl_dag']) retrieved from /home/airflow/.local/lib/python3.7/site-packages/airflow/example_dags/tutorial_etl_dag.py
[2022-07-06 19:44:56,553] {logging_mixin.py:115} INFO - [2022-07-06 19:44:56,553] {dag.py:2379} INFO - Sync 1 DAGs
[2022-07-06 19:44:56,579] {logging_mixin.py:115} INFO - [2022-07-06 19:44:56,579] {dag.py:2931} INFO - Setting next_dagrun for tutorial_etl_dag to None, run_after=None
[2022-07-06 19:44:57,183] {processor.py:161} INFO - Processing /home/airflow/.local/lib/python3.7/site-packages/airflow/example_dags/tutorial_etl_dag.py took 1.868 seconds
[2022-07-06 19:54:37,329] {processor.py:153} INFO - Started process (PID=132) to work on /home/airflow/.local/lib/python3.7/site-packages/airflow/example_dags/tutorial_etl_dag.py
[2022-07-06 19:54:37,390] {processor.py:641} INFO - Processing file /home/airflow/.local/lib/python3.7/site-packages/airflow/example_dags/tutorial_etl_dag.py for tasks to queue
[2022-07-06 19:54:37,391] {logging_mixin.py:115} INFO - [2022-07-06 19:54:37,391] {dagbag.py:507} INFO - Filling up the DagBag from /home/airflow/.local/lib/python3.7/site-packages/airflow/example_dags/tutorial_etl_dag.py
[2022-07-06 19:54:37,407] {processor.py:651} INFO - DAG(s) dict_keys(['tutorial_etl_dag']) retrieved from /home/airflow/.local/lib/python3.7/site-packages/airflow/example_dags/tutorial_etl_dag.py
[2022-07-06 19:54:37,448] {logging_mixin.py:115} INFO - [2022-07-06 19:54:37,448] {dag.py:2379} INFO - Sync 1 DAGs
[2022-07-06 19:54:37,501] {logging_mixin.py:115} INFO - [2022-07-06 19:54:37,501] {dag.py:2931} INFO - Setting next_dagrun for tutorial_etl_dag to None, run_after=None
[2022-07-06 19:54:37,913] {processor.py:161} INFO - Processing /home/airflow/.local/lib/python3.7/site-packages/airflow/example_dags/tutorial_etl_dag.py took 0.588 seconds
[2022-07-06 19:55:15,744] {processor.py:153} INFO - Started process (PID=184) to work on /home/airflow/.local/lib/python3.7/site-packages/airflow/example_dags/tutorial_etl_dag.py
[2022-07-06 19:55:15,770] {processor.py:641} INFO - Processing file /home/airflow/.local/lib/python3.7/site-packages/airflow/example_dags/tutorial_etl_dag.py for tasks to queue
[2022-07-06 19:55:15,771] {logging_mixin.py:115} INFO - [2022-07-06 19:55:15,771] {dagbag.py:507} INFO - Filling up the DagBag from /home/airflow/.local/lib/python3.7/site-packages/airflow/example_dags/tutorial_etl_dag.py
[2022-07-06 19:55:15,782] {processor.py:651} INFO - DAG(s) dict_keys(['tutorial_etl_dag']) retrieved from /home/airflow/.local/lib/python3.7/site-packages/airflow/example_dags/tutorial_etl_dag.py
[2022-07-06 19:55:15,810] {logging_mixin.py:115} INFO - [2022-07-06 19:55:15,810] {dag.py:2379} INFO - Sync 1 DAGs
[2022-07-06 19:55:15,838] {logging_mixin.py:115} INFO - [2022-07-06 19:55:15,838] {dag.py:2931} INFO - Setting next_dagrun for tutorial_etl_dag to None, run_after=None
[2022-07-06 19:55:16,004] {processor.py:161} INFO - Processing /home/airflow/.local/lib/python3.7/site-packages/airflow/example_dags/tutorial_etl_dag.py took 0.263 seconds
[2022-07-06 19:57:19,984] {processor.py:153} INFO - Started process (PID=303) to work on /home/airflow/.local/lib/python3.7/site-packages/airflow/example_dags/tutorial_etl_dag.py
[2022-07-06 19:57:20,231] {processor.py:641} INFO - Processing file /home/airflow/.local/lib/python3.7/site-packages/airflow/example_dags/tutorial_etl_dag.py for tasks to queue
[2022-07-06 19:57:20,232] {logging_mixin.py:115} INFO - [2022-07-06 19:57:20,232] {dagbag.py:507} INFO - Filling up the DagBag from /home/airflow/.local/lib/python3.7/site-packages/airflow/example_dags/tutorial_etl_dag.py
[2022-07-06 19:57:20,244] {processor.py:651} INFO - DAG(s) dict_keys(['tutorial_etl_dag']) retrieved from /home/airflow/.local/lib/python3.7/site-packages/airflow/example_dags/tutorial_etl_dag.py
[2022-07-06 19:57:20,277] {logging_mixin.py:115} INFO - [2022-07-06 19:57:20,277] {dag.py:2379} INFO - Sync 1 DAGs
[2022-07-06 19:57:20,307] {logging_mixin.py:115} INFO - [2022-07-06 19:57:20,307] {dag.py:2931} INFO - Setting next_dagrun for tutorial_etl_dag to None, run_after=None
[2022-07-06 19:57:20,446] {processor.py:161} INFO - Processing /home/airflow/.local/lib/python3.7/site-packages/airflow/example_dags/tutorial_etl_dag.py took 0.466 seconds
[2022-07-06 19:58:31,270] {processor.py:153} INFO - Started process (PID=382) to work on /home/airflow/.local/lib/python3.7/site-packages/airflow/example_dags/tutorial_etl_dag.py
[2022-07-06 19:58:31,352] {processor.py:641} INFO - Processing file /home/airflow/.local/lib/python3.7/site-packages/airflow/example_dags/tutorial_etl_dag.py for tasks to queue
[2022-07-06 19:58:31,353] {logging_mixin.py:115} INFO - [2022-07-06 19:58:31,353] {dagbag.py:507} INFO - Filling up the DagBag from /home/airflow/.local/lib/python3.7/site-packages/airflow/example_dags/tutorial_etl_dag.py
[2022-07-06 19:58:31,367] {processor.py:651} INFO - DAG(s) dict_keys(['tutorial_etl_dag']) retrieved from /home/airflow/.local/lib/python3.7/site-packages/airflow/example_dags/tutorial_etl_dag.py
[2022-07-06 19:58:31,395] {logging_mixin.py:115} INFO - [2022-07-06 19:58:31,394] {dag.py:2379} INFO - Sync 1 DAGs
[2022-07-06 19:58:31,422] {logging_mixin.py:115} INFO - [2022-07-06 19:58:31,422] {dag.py:2931} INFO - Setting next_dagrun for tutorial_etl_dag to None, run_after=None
[2022-07-06 19:58:31,635] {processor.py:161} INFO - Processing /home/airflow/.local/lib/python3.7/site-packages/airflow/example_dags/tutorial_etl_dag.py took 0.368 seconds
[2022-07-06 19:59:02,650] {processor.py:153} INFO - Started process (PID=443) to work on /home/airflow/.local/lib/python3.7/site-packages/airflow/example_dags/tutorial_etl_dag.py
[2022-07-06 19:59:02,651] {processor.py:641} INFO - Processing file /home/airflow/.local/lib/python3.7/site-packages/airflow/example_dags/tutorial_etl_dag.py for tasks to queue
[2022-07-06 19:59:02,651] {logging_mixin.py:115} INFO - [2022-07-06 19:59:02,651] {dagbag.py:507} INFO - Filling up the DagBag from /home/airflow/.local/lib/python3.7/site-packages/airflow/example_dags/tutorial_etl_dag.py
[2022-07-06 19:59:02,668] {processor.py:651} INFO - DAG(s) dict_keys(['tutorial_etl_dag']) retrieved from /home/airflow/.local/lib/python3.7/site-packages/airflow/example_dags/tutorial_etl_dag.py
[2022-07-06 19:59:02,709] {logging_mixin.py:115} INFO - [2022-07-06 19:59:02,709] {dag.py:2379} INFO - Sync 1 DAGs
[2022-07-06 19:59:02,752] {logging_mixin.py:115} INFO - [2022-07-06 19:59:02,752] {dag.py:2931} INFO - Setting next_dagrun for tutorial_etl_dag to None, run_after=None
[2022-07-06 19:59:02,902] {processor.py:161} INFO - Processing /home/airflow/.local/lib/python3.7/site-packages/airflow/example_dags/tutorial_etl_dag.py took 0.257 seconds
[2022-07-06 19:59:59,957] {processor.py:153} INFO - Started process (PID=503) to work on /home/airflow/.local/lib/python3.7/site-packages/airflow/example_dags/tutorial_etl_dag.py
[2022-07-06 20:00:00,045] {processor.py:641} INFO - Processing file /home/airflow/.local/lib/python3.7/site-packages/airflow/example_dags/tutorial_etl_dag.py for tasks to queue
[2022-07-06 20:00:00,047] {logging_mixin.py:115} INFO - [2022-07-06 20:00:00,047] {dagbag.py:507} INFO - Filling up the DagBag from /home/airflow/.local/lib/python3.7/site-packages/airflow/example_dags/tutorial_etl_dag.py
[2022-07-06 20:00:00,068] {processor.py:651} INFO - DAG(s) dict_keys(['tutorial_etl_dag']) retrieved from /home/airflow/.local/lib/python3.7/site-packages/airflow/example_dags/tutorial_etl_dag.py
[2022-07-06 20:00:00,156] {logging_mixin.py:115} INFO - [2022-07-06 20:00:00,155] {dag.py:2379} INFO - Sync 1 DAGs
[2022-07-06 20:00:00,211] {logging_mixin.py:115} INFO - [2022-07-06 20:00:00,211] {dag.py:2931} INFO - Setting next_dagrun for tutorial_etl_dag to None, run_after=None
[2022-07-06 20:00:00,376] {processor.py:161} INFO - Processing /home/airflow/.local/lib/python3.7/site-packages/airflow/example_dags/tutorial_etl_dag.py took 0.424 seconds
[2022-07-06 20:00:30,977] {processor.py:153} INFO - Started process (PID=563) to work on /home/airflow/.local/lib/python3.7/site-packages/airflow/example_dags/tutorial_etl_dag.py
[2022-07-06 20:00:30,978] {processor.py:641} INFO - Processing file /home/airflow/.local/lib/python3.7/site-packages/airflow/example_dags/tutorial_etl_dag.py for tasks to queue
[2022-07-06 20:00:30,978] {logging_mixin.py:115} INFO - [2022-07-06 20:00:30,978] {dagbag.py:507} INFO - Filling up the DagBag from /home/airflow/.local/lib/python3.7/site-packages/airflow/example_dags/tutorial_etl_dag.py
[2022-07-06 20:00:30,989] {processor.py:651} INFO - DAG(s) dict_keys(['tutorial_etl_dag']) retrieved from /home/airflow/.local/lib/python3.7/site-packages/airflow/example_dags/tutorial_etl_dag.py
[2022-07-06 20:00:31,032] {logging_mixin.py:115} INFO - [2022-07-06 20:00:31,031] {dag.py:2379} INFO - Sync 1 DAGs
[2022-07-06 20:00:31,072] {logging_mixin.py:115} INFO - [2022-07-06 20:00:31,072] {dag.py:2931} INFO - Setting next_dagrun for tutorial_etl_dag to None, run_after=None
[2022-07-06 20:00:31,094] {processor.py:161} INFO - Processing /home/airflow/.local/lib/python3.7/site-packages/airflow/example_dags/tutorial_etl_dag.py took 0.122 seconds
[2022-07-06 20:01:11,347] {processor.py:153} INFO - Started process (PID=624) to work on /home/airflow/.local/lib/python3.7/site-packages/airflow/example_dags/tutorial_etl_dag.py
[2022-07-06 20:01:11,369] {processor.py:641} INFO - Processing file /home/airflow/.local/lib/python3.7/site-packages/airflow/example_dags/tutorial_etl_dag.py for tasks to queue
[2022-07-06 20:01:11,370] {logging_mixin.py:115} INFO - [2022-07-06 20:01:11,370] {dagbag.py:507} INFO - Filling up the DagBag from /home/airflow/.local/lib/python3.7/site-packages/airflow/example_dags/tutorial_etl_dag.py
[2022-07-06 20:01:11,378] {processor.py:651} INFO - DAG(s) dict_keys(['tutorial_etl_dag']) retrieved from /home/airflow/.local/lib/python3.7/site-packages/airflow/example_dags/tutorial_etl_dag.py
[2022-07-06 20:01:11,410] {logging_mixin.py:115} INFO - [2022-07-06 20:01:11,410] {dag.py:2379} INFO - Sync 1 DAGs
[2022-07-06 20:01:11,439] {logging_mixin.py:115} INFO - [2022-07-06 20:01:11,439] {dag.py:2931} INFO - Setting next_dagrun for tutorial_etl_dag to None, run_after=None
[2022-07-06 20:01:11,590] {processor.py:161} INFO - Processing /home/airflow/.local/lib/python3.7/site-packages/airflow/example_dags/tutorial_etl_dag.py took 0.248 seconds
[2022-07-06 20:01:53,135] {processor.py:153} INFO - Started process (PID=685) to work on /home/airflow/.local/lib/python3.7/site-packages/airflow/example_dags/tutorial_etl_dag.py
[2022-07-06 20:01:53,135] {processor.py:641} INFO - Processing file /home/airflow/.local/lib/python3.7/site-packages/airflow/example_dags/tutorial_etl_dag.py for tasks to queue
[2022-07-06 20:01:53,136] {logging_mixin.py:115} INFO - [2022-07-06 20:01:53,136] {dagbag.py:507} INFO - Filling up the DagBag from /home/airflow/.local/lib/python3.7/site-packages/airflow/example_dags/tutorial_etl_dag.py
[2022-07-06 20:01:53,144] {processor.py:651} INFO - DAG(s) dict_keys(['tutorial_etl_dag']) retrieved from /home/airflow/.local/lib/python3.7/site-packages/airflow/example_dags/tutorial_etl_dag.py
[2022-07-06 20:01:53,174] {logging_mixin.py:115} INFO - [2022-07-06 20:01:53,174] {dag.py:2379} INFO - Sync 1 DAGs
[2022-07-06 20:01:53,204] {logging_mixin.py:115} INFO - [2022-07-06 20:01:53,204] {dag.py:2931} INFO - Setting next_dagrun for tutorial_etl_dag to None, run_after=None
[2022-07-06 20:01:53,233] {processor.py:161} INFO - Processing /home/airflow/.local/lib/python3.7/site-packages/airflow/example_dags/tutorial_etl_dag.py took 0.103 seconds
[2022-07-06 20:02:24,133] {processor.py:153} INFO - Started process (PID=736) to work on /home/airflow/.local/lib/python3.7/site-packages/airflow/example_dags/tutorial_etl_dag.py
[2022-07-06 20:02:24,134] {processor.py:641} INFO - Processing file /home/airflow/.local/lib/python3.7/site-packages/airflow/example_dags/tutorial_etl_dag.py for tasks to queue
[2022-07-06 20:02:24,135] {logging_mixin.py:115} INFO - [2022-07-06 20:02:24,135] {dagbag.py:507} INFO - Filling up the DagBag from /home/airflow/.local/lib/python3.7/site-packages/airflow/example_dags/tutorial_etl_dag.py
[2022-07-06 20:02:24,154] {processor.py:651} INFO - DAG(s) dict_keys(['tutorial_etl_dag']) retrieved from /home/airflow/.local/lib/python3.7/site-packages/airflow/example_dags/tutorial_etl_dag.py
[2022-07-06 20:02:24,227] {logging_mixin.py:115} INFO - [2022-07-06 20:02:24,226] {dag.py:2379} INFO - Sync 1 DAGs
[2022-07-06 20:02:24,262] {logging_mixin.py:115} INFO - [2022-07-06 20:02:24,262] {dag.py:2931} INFO - Setting next_dagrun for tutorial_etl_dag to None, run_after=None
[2022-07-06 20:02:24,540] {processor.py:161} INFO - Processing /home/airflow/.local/lib/python3.7/site-packages/airflow/example_dags/tutorial_etl_dag.py took 0.417 seconds
[2022-07-06 20:02:55,947] {processor.py:153} INFO - Started process (PID=796) to work on /home/airflow/.local/lib/python3.7/site-packages/airflow/example_dags/tutorial_etl_dag.py
[2022-07-06 20:02:56,080] {processor.py:641} INFO - Processing file /home/airflow/.local/lib/python3.7/site-packages/airflow/example_dags/tutorial_etl_dag.py for tasks to queue
[2022-07-06 20:02:56,081] {logging_mixin.py:115} INFO - [2022-07-06 20:02:56,081] {dagbag.py:507} INFO - Filling up the DagBag from /home/airflow/.local/lib/python3.7/site-packages/airflow/example_dags/tutorial_etl_dag.py
[2022-07-06 20:02:56,101] {processor.py:651} INFO - DAG(s) dict_keys(['tutorial_etl_dag']) retrieved from /home/airflow/.local/lib/python3.7/site-packages/airflow/example_dags/tutorial_etl_dag.py
[2022-07-06 20:02:56,192] {logging_mixin.py:115} INFO - [2022-07-06 20:02:56,191] {dag.py:2379} INFO - Sync 1 DAGs
[2022-07-06 20:02:56,257] {logging_mixin.py:115} INFO - [2022-07-06 20:02:56,257] {dag.py:2931} INFO - Setting next_dagrun for tutorial_etl_dag to None, run_after=None
[2022-07-06 20:02:56,403] {processor.py:161} INFO - Processing /home/airflow/.local/lib/python3.7/site-packages/airflow/example_dags/tutorial_etl_dag.py took 0.460 seconds
[2022-07-06 20:03:26,561] {processor.py:153} INFO - Started process (PID=848) to work on /home/airflow/.local/lib/python3.7/site-packages/airflow/example_dags/tutorial_etl_dag.py
[2022-07-06 20:03:26,561] {processor.py:641} INFO - Processing file /home/airflow/.local/lib/python3.7/site-packages/airflow/example_dags/tutorial_etl_dag.py for tasks to queue
[2022-07-06 20:03:26,562] {logging_mixin.py:115} INFO - [2022-07-06 20:03:26,562] {dagbag.py:507} INFO - Filling up the DagBag from /home/airflow/.local/lib/python3.7/site-packages/airflow/example_dags/tutorial_etl_dag.py
[2022-07-06 20:03:26,570] {processor.py:651} INFO - DAG(s) dict_keys(['tutorial_etl_dag']) retrieved from /home/airflow/.local/lib/python3.7/site-packages/airflow/example_dags/tutorial_etl_dag.py
[2022-07-06 20:03:26,602] {logging_mixin.py:115} INFO - [2022-07-06 20:03:26,602] {dag.py:2379} INFO - Sync 1 DAGs
[2022-07-06 20:03:26,637] {logging_mixin.py:115} INFO - [2022-07-06 20:03:26,637] {dag.py:2931} INFO - Setting next_dagrun for tutorial_etl_dag to None, run_after=None
[2022-07-06 20:03:26,756] {processor.py:161} INFO - Processing /home/airflow/.local/lib/python3.7/site-packages/airflow/example_dags/tutorial_etl_dag.py took 0.199 seconds
[2022-07-06 20:03:59,899] {processor.py:153} INFO - Started process (PID=900) to work on /home/airflow/.local/lib/python3.7/site-packages/airflow/example_dags/tutorial_etl_dag.py
[2022-07-06 20:03:59,900] {processor.py:641} INFO - Processing file /home/airflow/.local/lib/python3.7/site-packages/airflow/example_dags/tutorial_etl_dag.py for tasks to queue
[2022-07-06 20:03:59,902] {logging_mixin.py:115} INFO - [2022-07-06 20:03:59,902] {dagbag.py:507} INFO - Filling up the DagBag from /home/airflow/.local/lib/python3.7/site-packages/airflow/example_dags/tutorial_etl_dag.py
[2022-07-06 20:03:59,913] {processor.py:651} INFO - DAG(s) dict_keys(['tutorial_etl_dag']) retrieved from /home/airflow/.local/lib/python3.7/site-packages/airflow/example_dags/tutorial_etl_dag.py
[2022-07-06 20:04:00,030] {logging_mixin.py:115} INFO - [2022-07-06 20:04:00,030] {dag.py:2379} INFO - Sync 1 DAGs
[2022-07-06 20:04:00,068] {logging_mixin.py:115} INFO - [2022-07-06 20:04:00,068] {dag.py:2931} INFO - Setting next_dagrun for tutorial_etl_dag to None, run_after=None
[2022-07-06 20:04:00,114] {processor.py:161} INFO - Processing /home/airflow/.local/lib/python3.7/site-packages/airflow/example_dags/tutorial_etl_dag.py took 0.220 seconds
[2022-07-06 20:04:30,381] {processor.py:153} INFO - Started process (PID=951) to work on /home/airflow/.local/lib/python3.7/site-packages/airflow/example_dags/tutorial_etl_dag.py
[2022-07-06 20:04:30,397] {processor.py:641} INFO - Processing file /home/airflow/.local/lib/python3.7/site-packages/airflow/example_dags/tutorial_etl_dag.py for tasks to queue
[2022-07-06 20:04:30,397] {logging_mixin.py:115} INFO - [2022-07-06 20:04:30,397] {dagbag.py:507} INFO - Filling up the DagBag from /home/airflow/.local/lib/python3.7/site-packages/airflow/example_dags/tutorial_etl_dag.py
[2022-07-06 20:04:30,406] {processor.py:651} INFO - DAG(s) dict_keys(['tutorial_etl_dag']) retrieved from /home/airflow/.local/lib/python3.7/site-packages/airflow/example_dags/tutorial_etl_dag.py
[2022-07-06 20:04:30,437] {logging_mixin.py:115} INFO - [2022-07-06 20:04:30,437] {dag.py:2379} INFO - Sync 1 DAGs
[2022-07-06 20:04:30,467] {logging_mixin.py:115} INFO - [2022-07-06 20:04:30,467] {dag.py:2931} INFO - Setting next_dagrun for tutorial_etl_dag to None, run_after=None
[2022-07-06 20:04:30,501] {processor.py:161} INFO - Processing /home/airflow/.local/lib/python3.7/site-packages/airflow/example_dags/tutorial_etl_dag.py took 0.123 seconds
[2022-07-06 20:05:01,037] {processor.py:153} INFO - Started process (PID=1011) to work on /home/airflow/.local/lib/python3.7/site-packages/airflow/example_dags/tutorial_etl_dag.py
[2022-07-06 20:05:01,037] {processor.py:641} INFO - Processing file /home/airflow/.local/lib/python3.7/site-packages/airflow/example_dags/tutorial_etl_dag.py for tasks to queue
[2022-07-06 20:05:01,038] {logging_mixin.py:115} INFO - [2022-07-06 20:05:01,038] {dagbag.py:507} INFO - Filling up the DagBag from /home/airflow/.local/lib/python3.7/site-packages/airflow/example_dags/tutorial_etl_dag.py
[2022-07-06 20:05:01,067] {processor.py:651} INFO - DAG(s) dict_keys(['tutorial_etl_dag']) retrieved from /home/airflow/.local/lib/python3.7/site-packages/airflow/example_dags/tutorial_etl_dag.py
[2022-07-06 20:05:01,218] {logging_mixin.py:115} INFO - [2022-07-06 20:05:01,218] {dag.py:2379} INFO - Sync 1 DAGs
[2022-07-06 20:05:01,319] {logging_mixin.py:115} INFO - [2022-07-06 20:05:01,319] {dag.py:2931} INFO - Setting next_dagrun for tutorial_etl_dag to None, run_after=None
[2022-07-06 20:05:01,399] {processor.py:161} INFO - Processing /home/airflow/.local/lib/python3.7/site-packages/airflow/example_dags/tutorial_etl_dag.py took 0.368 seconds
[2022-07-06 20:05:31,837] {processor.py:153} INFO - Started process (PID=1064) to work on /home/airflow/.local/lib/python3.7/site-packages/airflow/example_dags/tutorial_etl_dag.py
[2022-07-06 20:05:31,837] {processor.py:641} INFO - Processing file /home/airflow/.local/lib/python3.7/site-packages/airflow/example_dags/tutorial_etl_dag.py for tasks to queue
[2022-07-06 20:05:31,838] {logging_mixin.py:115} INFO - [2022-07-06 20:05:31,838] {dagbag.py:507} INFO - Filling up the DagBag from /home/airflow/.local/lib/python3.7/site-packages/airflow/example_dags/tutorial_etl_dag.py
[2022-07-06 20:05:31,846] {processor.py:651} INFO - DAG(s) dict_keys(['tutorial_etl_dag']) retrieved from /home/airflow/.local/lib/python3.7/site-packages/airflow/example_dags/tutorial_etl_dag.py
[2022-07-06 20:05:31,877] {logging_mixin.py:115} INFO - [2022-07-06 20:05:31,877] {dag.py:2379} INFO - Sync 1 DAGs
[2022-07-06 20:05:31,907] {logging_mixin.py:115} INFO - [2022-07-06 20:05:31,907] {dag.py:2931} INFO - Setting next_dagrun for tutorial_etl_dag to None, run_after=None
[2022-07-06 20:05:31,928] {processor.py:161} INFO - Processing /home/airflow/.local/lib/python3.7/site-packages/airflow/example_dags/tutorial_etl_dag.py took 0.095 seconds
[2022-07-06 20:06:02,318] {processor.py:153} INFO - Started process (PID=1116) to work on /home/airflow/.local/lib/python3.7/site-packages/airflow/example_dags/tutorial_etl_dag.py
[2022-07-06 20:06:02,318] {processor.py:641} INFO - Processing file /home/airflow/.local/lib/python3.7/site-packages/airflow/example_dags/tutorial_etl_dag.py for tasks to queue
[2022-07-06 20:06:02,319] {logging_mixin.py:115} INFO - [2022-07-06 20:06:02,319] {dagbag.py:507} INFO - Filling up the DagBag from /home/airflow/.local/lib/python3.7/site-packages/airflow/example_dags/tutorial_etl_dag.py
[2022-07-06 20:06:02,330] {processor.py:651} INFO - DAG(s) dict_keys(['tutorial_etl_dag']) retrieved from /home/airflow/.local/lib/python3.7/site-packages/airflow/example_dags/tutorial_etl_dag.py
[2022-07-06 20:06:02,376] {logging_mixin.py:115} INFO - [2022-07-06 20:06:02,375] {dag.py:2379} INFO - Sync 1 DAGs
[2022-07-06 20:06:02,412] {logging_mixin.py:115} INFO - [2022-07-06 20:06:02,412] {dag.py:2931} INFO - Setting next_dagrun for tutorial_etl_dag to None, run_after=None
[2022-07-06 20:06:02,460] {processor.py:161} INFO - Processing /home/airflow/.local/lib/python3.7/site-packages/airflow/example_dags/tutorial_etl_dag.py took 0.148 seconds
[2022-07-06 20:06:33,498] {processor.py:153} INFO - Started process (PID=1177) to work on /home/airflow/.local/lib/python3.7/site-packages/airflow/example_dags/tutorial_etl_dag.py
[2022-07-06 20:06:33,513] {processor.py:641} INFO - Processing file /home/airflow/.local/lib/python3.7/site-packages/airflow/example_dags/tutorial_etl_dag.py for tasks to queue
[2022-07-06 20:06:33,514] {logging_mixin.py:115} INFO - [2022-07-06 20:06:33,514] {dagbag.py:507} INFO - Filling up the DagBag from /home/airflow/.local/lib/python3.7/site-packages/airflow/example_dags/tutorial_etl_dag.py
[2022-07-06 20:06:33,535] {processor.py:651} INFO - DAG(s) dict_keys(['tutorial_etl_dag']) retrieved from /home/airflow/.local/lib/python3.7/site-packages/airflow/example_dags/tutorial_etl_dag.py
[2022-07-06 20:06:33,580] {logging_mixin.py:115} INFO - [2022-07-06 20:06:33,580] {dag.py:2379} INFO - Sync 1 DAGs
[2022-07-06 20:06:33,666] {logging_mixin.py:115} INFO - [2022-07-06 20:06:33,666] {dag.py:2931} INFO - Setting next_dagrun for tutorial_etl_dag to None, run_after=None
[2022-07-06 20:06:33,849] {processor.py:161} INFO - Processing /home/airflow/.local/lib/python3.7/site-packages/airflow/example_dags/tutorial_etl_dag.py took 0.372 seconds
[2022-07-06 20:07:03,980] {processor.py:153} INFO - Started process (PID=1228) to work on /home/airflow/.local/lib/python3.7/site-packages/airflow/example_dags/tutorial_etl_dag.py
[2022-07-06 20:07:04,000] {processor.py:641} INFO - Processing file /home/airflow/.local/lib/python3.7/site-packages/airflow/example_dags/tutorial_etl_dag.py for tasks to queue
[2022-07-06 20:07:04,000] {logging_mixin.py:115} INFO - [2022-07-06 20:07:04,000] {dagbag.py:507} INFO - Filling up the DagBag from /home/airflow/.local/lib/python3.7/site-packages/airflow/example_dags/tutorial_etl_dag.py
[2022-07-06 20:07:04,009] {processor.py:651} INFO - DAG(s) dict_keys(['tutorial_etl_dag']) retrieved from /home/airflow/.local/lib/python3.7/site-packages/airflow/example_dags/tutorial_etl_dag.py
[2022-07-06 20:07:04,045] {logging_mixin.py:115} INFO - [2022-07-06 20:07:04,045] {dag.py:2379} INFO - Sync 1 DAGs
[2022-07-06 20:07:04,072] {logging_mixin.py:115} INFO - [2022-07-06 20:07:04,072] {dag.py:2931} INFO - Setting next_dagrun for tutorial_etl_dag to None, run_after=None
[2022-07-06 20:07:04,107] {processor.py:161} INFO - Processing /home/airflow/.local/lib/python3.7/site-packages/airflow/example_dags/tutorial_etl_dag.py took 0.130 seconds
[2022-07-06 20:07:34,880] {processor.py:153} INFO - Started process (PID=1280) to work on /home/airflow/.local/lib/python3.7/site-packages/airflow/example_dags/tutorial_etl_dag.py
[2022-07-06 20:07:34,882] {processor.py:641} INFO - Processing file /home/airflow/.local/lib/python3.7/site-packages/airflow/example_dags/tutorial_etl_dag.py for tasks to queue
[2022-07-06 20:07:34,883] {logging_mixin.py:115} INFO - [2022-07-06 20:07:34,883] {dagbag.py:507} INFO - Filling up the DagBag from /home/airflow/.local/lib/python3.7/site-packages/airflow/example_dags/tutorial_etl_dag.py
[2022-07-06 20:07:34,910] {processor.py:651} INFO - DAG(s) dict_keys(['tutorial_etl_dag']) retrieved from /home/airflow/.local/lib/python3.7/site-packages/airflow/example_dags/tutorial_etl_dag.py
[2022-07-06 20:07:34,948] {logging_mixin.py:115} INFO - [2022-07-06 20:07:34,948] {dag.py:2379} INFO - Sync 1 DAGs
[2022-07-06 20:07:34,976] {logging_mixin.py:115} INFO - [2022-07-06 20:07:34,976] {dag.py:2931} INFO - Setting next_dagrun for tutorial_etl_dag to None, run_after=None
[2022-07-06 20:07:35,003] {processor.py:161} INFO - Processing /home/airflow/.local/lib/python3.7/site-packages/airflow/example_dags/tutorial_etl_dag.py took 0.134 seconds
[2022-07-06 20:08:05,255] {processor.py:153} INFO - Started process (PID=1340) to work on /home/airflow/.local/lib/python3.7/site-packages/airflow/example_dags/tutorial_etl_dag.py
[2022-07-06 20:08:05,256] {processor.py:641} INFO - Processing file /home/airflow/.local/lib/python3.7/site-packages/airflow/example_dags/tutorial_etl_dag.py for tasks to queue
[2022-07-06 20:08:05,257] {logging_mixin.py:115} INFO - [2022-07-06 20:08:05,256] {dagbag.py:507} INFO - Filling up the DagBag from /home/airflow/.local/lib/python3.7/site-packages/airflow/example_dags/tutorial_etl_dag.py
[2022-07-06 20:08:05,268] {processor.py:651} INFO - DAG(s) dict_keys(['tutorial_etl_dag']) retrieved from /home/airflow/.local/lib/python3.7/site-packages/airflow/example_dags/tutorial_etl_dag.py
[2022-07-06 20:08:05,302] {logging_mixin.py:115} INFO - [2022-07-06 20:08:05,302] {dag.py:2379} INFO - Sync 1 DAGs
[2022-07-06 20:08:05,338] {logging_mixin.py:115} INFO - [2022-07-06 20:08:05,337] {dag.py:2931} INFO - Setting next_dagrun for tutorial_etl_dag to None, run_after=None
[2022-07-06 20:08:05,358] {processor.py:161} INFO - Processing /home/airflow/.local/lib/python3.7/site-packages/airflow/example_dags/tutorial_etl_dag.py took 0.109 seconds
[2022-07-06 20:08:36,107] {processor.py:153} INFO - Started process (PID=1392) to work on /home/airflow/.local/lib/python3.7/site-packages/airflow/example_dags/tutorial_etl_dag.py
[2022-07-06 20:08:36,126] {processor.py:641} INFO - Processing file /home/airflow/.local/lib/python3.7/site-packages/airflow/example_dags/tutorial_etl_dag.py for tasks to queue
[2022-07-06 20:08:36,127] {logging_mixin.py:115} INFO - [2022-07-06 20:08:36,127] {dagbag.py:507} INFO - Filling up the DagBag from /home/airflow/.local/lib/python3.7/site-packages/airflow/example_dags/tutorial_etl_dag.py
[2022-07-06 20:08:36,136] {processor.py:651} INFO - DAG(s) dict_keys(['tutorial_etl_dag']) retrieved from /home/airflow/.local/lib/python3.7/site-packages/airflow/example_dags/tutorial_etl_dag.py
[2022-07-06 20:08:36,177] {logging_mixin.py:115} INFO - [2022-07-06 20:08:36,177] {dag.py:2379} INFO - Sync 1 DAGs
[2022-07-06 20:08:36,208] {logging_mixin.py:115} INFO - [2022-07-06 20:08:36,208] {dag.py:2931} INFO - Setting next_dagrun for tutorial_etl_dag to None, run_after=None
[2022-07-06 20:08:36,302] {processor.py:161} INFO - Processing /home/airflow/.local/lib/python3.7/site-packages/airflow/example_dags/tutorial_etl_dag.py took 0.198 seconds
[2022-07-06 20:09:06,614] {processor.py:153} INFO - Started process (PID=1443) to work on /home/airflow/.local/lib/python3.7/site-packages/airflow/example_dags/tutorial_etl_dag.py
[2022-07-06 20:09:06,615] {processor.py:641} INFO - Processing file /home/airflow/.local/lib/python3.7/site-packages/airflow/example_dags/tutorial_etl_dag.py for tasks to queue
[2022-07-06 20:09:06,615] {logging_mixin.py:115} INFO - [2022-07-06 20:09:06,615] {dagbag.py:507} INFO - Filling up the DagBag from /home/airflow/.local/lib/python3.7/site-packages/airflow/example_dags/tutorial_etl_dag.py
[2022-07-06 20:09:06,625] {processor.py:651} INFO - DAG(s) dict_keys(['tutorial_etl_dag']) retrieved from /home/airflow/.local/lib/python3.7/site-packages/airflow/example_dags/tutorial_etl_dag.py
[2022-07-06 20:09:06,672] {logging_mixin.py:115} INFO - [2022-07-06 20:09:06,672] {dag.py:2379} INFO - Sync 1 DAGs
[2022-07-06 20:09:06,714] {logging_mixin.py:115} INFO - [2022-07-06 20:09:06,714] {dag.py:2931} INFO - Setting next_dagrun for tutorial_etl_dag to None, run_after=None
[2022-07-06 20:09:06,777] {processor.py:161} INFO - Processing /home/airflow/.local/lib/python3.7/site-packages/airflow/example_dags/tutorial_etl_dag.py took 0.166 seconds
[2022-07-06 20:09:36,896] {processor.py:153} INFO - Started process (PID=1503) to work on /home/airflow/.local/lib/python3.7/site-packages/airflow/example_dags/tutorial_etl_dag.py
[2022-07-06 20:09:36,932] {processor.py:641} INFO - Processing file /home/airflow/.local/lib/python3.7/site-packages/airflow/example_dags/tutorial_etl_dag.py for tasks to queue
[2022-07-06 20:09:36,938] {logging_mixin.py:115} INFO - [2022-07-06 20:09:36,938] {dagbag.py:507} INFO - Filling up the DagBag from /home/airflow/.local/lib/python3.7/site-packages/airflow/example_dags/tutorial_etl_dag.py
[2022-07-06 20:09:36,963] {processor.py:651} INFO - DAG(s) dict_keys(['tutorial_etl_dag']) retrieved from /home/airflow/.local/lib/python3.7/site-packages/airflow/example_dags/tutorial_etl_dag.py
[2022-07-06 20:09:37,070] {logging_mixin.py:115} INFO - [2022-07-06 20:09:37,070] {dag.py:2379} INFO - Sync 1 DAGs
[2022-07-06 20:09:37,196] {logging_mixin.py:115} INFO - [2022-07-06 20:09:37,196] {dag.py:2931} INFO - Setting next_dagrun for tutorial_etl_dag to None, run_after=None
[2022-07-06 20:09:37,242] {processor.py:161} INFO - Processing /home/airflow/.local/lib/python3.7/site-packages/airflow/example_dags/tutorial_etl_dag.py took 0.357 seconds
[2022-07-06 20:10:07,816] {processor.py:153} INFO - Started process (PID=1555) to work on /home/airflow/.local/lib/python3.7/site-packages/airflow/example_dags/tutorial_etl_dag.py
[2022-07-06 20:10:07,838] {processor.py:641} INFO - Processing file /home/airflow/.local/lib/python3.7/site-packages/airflow/example_dags/tutorial_etl_dag.py for tasks to queue
[2022-07-06 20:10:07,839] {logging_mixin.py:115} INFO - [2022-07-06 20:10:07,839] {dagbag.py:507} INFO - Filling up the DagBag from /home/airflow/.local/lib/python3.7/site-packages/airflow/example_dags/tutorial_etl_dag.py
[2022-07-06 20:10:07,847] {processor.py:651} INFO - DAG(s) dict_keys(['tutorial_etl_dag']) retrieved from /home/airflow/.local/lib/python3.7/site-packages/airflow/example_dags/tutorial_etl_dag.py
[2022-07-06 20:10:07,885] {logging_mixin.py:115} INFO - [2022-07-06 20:10:07,885] {dag.py:2379} INFO - Sync 1 DAGs
[2022-07-06 20:10:07,924] {logging_mixin.py:115} INFO - [2022-07-06 20:10:07,924] {dag.py:2931} INFO - Setting next_dagrun for tutorial_etl_dag to None, run_after=None
[2022-07-06 20:10:07,948] {processor.py:161} INFO - Processing /home/airflow/.local/lib/python3.7/site-packages/airflow/example_dags/tutorial_etl_dag.py took 0.137 seconds
[2022-07-06 20:10:38,359] {processor.py:153} INFO - Started process (PID=1607) to work on /home/airflow/.local/lib/python3.7/site-packages/airflow/example_dags/tutorial_etl_dag.py
[2022-07-06 20:10:38,359] {processor.py:641} INFO - Processing file /home/airflow/.local/lib/python3.7/site-packages/airflow/example_dags/tutorial_etl_dag.py for tasks to queue
[2022-07-06 20:10:38,360] {logging_mixin.py:115} INFO - [2022-07-06 20:10:38,360] {dagbag.py:507} INFO - Filling up the DagBag from /home/airflow/.local/lib/python3.7/site-packages/airflow/example_dags/tutorial_etl_dag.py
[2022-07-06 20:10:38,372] {processor.py:651} INFO - DAG(s) dict_keys(['tutorial_etl_dag']) retrieved from /home/airflow/.local/lib/python3.7/site-packages/airflow/example_dags/tutorial_etl_dag.py
[2022-07-06 20:10:38,416] {logging_mixin.py:115} INFO - [2022-07-06 20:10:38,416] {dag.py:2379} INFO - Sync 1 DAGs
[2022-07-06 20:10:38,459] {logging_mixin.py:115} INFO - [2022-07-06 20:10:38,458] {dag.py:2931} INFO - Setting next_dagrun for tutorial_etl_dag to None, run_after=None
[2022-07-06 20:10:38,494] {processor.py:161} INFO - Processing /home/airflow/.local/lib/python3.7/site-packages/airflow/example_dags/tutorial_etl_dag.py took 0.140 seconds
[2022-07-06 20:11:09,201] {processor.py:153} INFO - Started process (PID=1668) to work on /home/airflow/.local/lib/python3.7/site-packages/airflow/example_dags/tutorial_etl_dag.py
[2022-07-06 20:11:09,202] {processor.py:641} INFO - Processing file /home/airflow/.local/lib/python3.7/site-packages/airflow/example_dags/tutorial_etl_dag.py for tasks to queue
[2022-07-06 20:11:09,203] {logging_mixin.py:115} INFO - [2022-07-06 20:11:09,203] {dagbag.py:507} INFO - Filling up the DagBag from /home/airflow/.local/lib/python3.7/site-packages/airflow/example_dags/tutorial_etl_dag.py
[2022-07-06 20:11:09,214] {processor.py:651} INFO - DAG(s) dict_keys(['tutorial_etl_dag']) retrieved from /home/airflow/.local/lib/python3.7/site-packages/airflow/example_dags/tutorial_etl_dag.py
[2022-07-06 20:11:09,256] {logging_mixin.py:115} INFO - [2022-07-06 20:11:09,255] {dag.py:2379} INFO - Sync 1 DAGs
[2022-07-06 20:11:09,296] {logging_mixin.py:115} INFO - [2022-07-06 20:11:09,296] {dag.py:2931} INFO - Setting next_dagrun for tutorial_etl_dag to None, run_after=None
[2022-07-06 20:11:09,321] {processor.py:161} INFO - Processing /home/airflow/.local/lib/python3.7/site-packages/airflow/example_dags/tutorial_etl_dag.py took 0.124 seconds
[2022-07-06 20:11:39,477] {processor.py:153} INFO - Started process (PID=1720) to work on /home/airflow/.local/lib/python3.7/site-packages/airflow/example_dags/tutorial_etl_dag.py
[2022-07-06 20:11:39,477] {processor.py:641} INFO - Processing file /home/airflow/.local/lib/python3.7/site-packages/airflow/example_dags/tutorial_etl_dag.py for tasks to queue
[2022-07-06 20:11:39,478] {logging_mixin.py:115} INFO - [2022-07-06 20:11:39,478] {dagbag.py:507} INFO - Filling up the DagBag from /home/airflow/.local/lib/python3.7/site-packages/airflow/example_dags/tutorial_etl_dag.py
[2022-07-06 20:11:39,486] {processor.py:651} INFO - DAG(s) dict_keys(['tutorial_etl_dag']) retrieved from /home/airflow/.local/lib/python3.7/site-packages/airflow/example_dags/tutorial_etl_dag.py
[2022-07-06 20:11:39,520] {logging_mixin.py:115} INFO - [2022-07-06 20:11:39,520] {dag.py:2379} INFO - Sync 1 DAGs
[2022-07-06 20:11:39,549] {logging_mixin.py:115} INFO - [2022-07-06 20:11:39,549] {dag.py:2931} INFO - Setting next_dagrun for tutorial_etl_dag to None, run_after=None
[2022-07-06 20:11:39,711] {processor.py:161} INFO - Processing /home/airflow/.local/lib/python3.7/site-packages/airflow/example_dags/tutorial_etl_dag.py took 0.239 seconds
[2022-07-06 20:12:10,467] {processor.py:153} INFO - Started process (PID=1772) to work on /home/airflow/.local/lib/python3.7/site-packages/airflow/example_dags/tutorial_etl_dag.py
[2022-07-06 20:12:10,567] {processor.py:641} INFO - Processing file /home/airflow/.local/lib/python3.7/site-packages/airflow/example_dags/tutorial_etl_dag.py for tasks to queue
[2022-07-06 20:12:10,568] {logging_mixin.py:115} INFO - [2022-07-06 20:12:10,568] {dagbag.py:507} INFO - Filling up the DagBag from /home/airflow/.local/lib/python3.7/site-packages/airflow/example_dags/tutorial_etl_dag.py
[2022-07-06 20:12:10,588] {processor.py:651} INFO - DAG(s) dict_keys(['tutorial_etl_dag']) retrieved from /home/airflow/.local/lib/python3.7/site-packages/airflow/example_dags/tutorial_etl_dag.py
[2022-07-06 20:12:10,660] {logging_mixin.py:115} INFO - [2022-07-06 20:12:10,659] {dag.py:2379} INFO - Sync 1 DAGs
[2022-07-06 20:12:10,690] {logging_mixin.py:115} INFO - [2022-07-06 20:12:10,690] {dag.py:2931} INFO - Setting next_dagrun for tutorial_etl_dag to None, run_after=None
[2022-07-06 20:12:10,850] {processor.py:161} INFO - Processing /home/airflow/.local/lib/python3.7/site-packages/airflow/example_dags/tutorial_etl_dag.py took 0.388 seconds
[2022-07-06 20:12:41,442] {processor.py:153} INFO - Started process (PID=1831) to work on /home/airflow/.local/lib/python3.7/site-packages/airflow/example_dags/tutorial_etl_dag.py
[2022-07-06 20:12:41,443] {processor.py:641} INFO - Processing file /home/airflow/.local/lib/python3.7/site-packages/airflow/example_dags/tutorial_etl_dag.py for tasks to queue
[2022-07-06 20:12:41,444] {logging_mixin.py:115} INFO - [2022-07-06 20:12:41,443] {dagbag.py:507} INFO - Filling up the DagBag from /home/airflow/.local/lib/python3.7/site-packages/airflow/example_dags/tutorial_etl_dag.py
[2022-07-06 20:12:41,451] {processor.py:651} INFO - DAG(s) dict_keys(['tutorial_etl_dag']) retrieved from /home/airflow/.local/lib/python3.7/site-packages/airflow/example_dags/tutorial_etl_dag.py
[2022-07-06 20:12:41,480] {logging_mixin.py:115} INFO - [2022-07-06 20:12:41,480] {dag.py:2379} INFO - Sync 1 DAGs
[2022-07-06 20:12:41,507] {logging_mixin.py:115} INFO - [2022-07-06 20:12:41,507] {dag.py:2931} INFO - Setting next_dagrun for tutorial_etl_dag to None, run_after=None
[2022-07-06 20:12:41,535] {processor.py:161} INFO - Processing /home/airflow/.local/lib/python3.7/site-packages/airflow/example_dags/tutorial_etl_dag.py took 0.096 seconds
[2022-07-06 20:13:11,689] {processor.py:153} INFO - Started process (PID=1881) to work on /home/airflow/.local/lib/python3.7/site-packages/airflow/example_dags/tutorial_etl_dag.py
[2022-07-06 20:13:11,690] {processor.py:641} INFO - Processing file /home/airflow/.local/lib/python3.7/site-packages/airflow/example_dags/tutorial_etl_dag.py for tasks to queue
[2022-07-06 20:13:11,690] {logging_mixin.py:115} INFO - [2022-07-06 20:13:11,690] {dagbag.py:507} INFO - Filling up the DagBag from /home/airflow/.local/lib/python3.7/site-packages/airflow/example_dags/tutorial_etl_dag.py
[2022-07-06 20:13:11,699] {processor.py:651} INFO - DAG(s) dict_keys(['tutorial_etl_dag']) retrieved from /home/airflow/.local/lib/python3.7/site-packages/airflow/example_dags/tutorial_etl_dag.py
[2022-07-06 20:13:11,727] {logging_mixin.py:115} INFO - [2022-07-06 20:13:11,727] {dag.py:2379} INFO - Sync 1 DAGs
[2022-07-06 20:13:11,755] {logging_mixin.py:115} INFO - [2022-07-06 20:13:11,755] {dag.py:2931} INFO - Setting next_dagrun for tutorial_etl_dag to None, run_after=None
[2022-07-06 20:13:11,780] {processor.py:161} INFO - Processing /home/airflow/.local/lib/python3.7/site-packages/airflow/example_dags/tutorial_etl_dag.py took 0.095 seconds
[2022-07-06 20:13:49,405] {processor.py:153} INFO - Started process (PID=1942) to work on /home/airflow/.local/lib/python3.7/site-packages/airflow/example_dags/tutorial_etl_dag.py
[2022-07-06 20:13:49,441] {processor.py:641} INFO - Processing file /home/airflow/.local/lib/python3.7/site-packages/airflow/example_dags/tutorial_etl_dag.py for tasks to queue
[2022-07-06 20:13:49,442] {logging_mixin.py:115} INFO - [2022-07-06 20:13:49,442] {dagbag.py:507} INFO - Filling up the DagBag from /home/airflow/.local/lib/python3.7/site-packages/airflow/example_dags/tutorial_etl_dag.py
[2022-07-06 20:13:49,465] {processor.py:651} INFO - DAG(s) dict_keys(['tutorial_etl_dag']) retrieved from /home/airflow/.local/lib/python3.7/site-packages/airflow/example_dags/tutorial_etl_dag.py
[2022-07-06 20:13:49,513] {logging_mixin.py:115} INFO - [2022-07-06 20:13:49,513] {dag.py:2379} INFO - Sync 1 DAGs
[2022-07-06 20:13:49,558] {logging_mixin.py:115} INFO - [2022-07-06 20:13:49,558] {dag.py:2931} INFO - Setting next_dagrun for tutorial_etl_dag to None, run_after=None
[2022-07-06 20:13:49,846] {processor.py:161} INFO - Processing /home/airflow/.local/lib/python3.7/site-packages/airflow/example_dags/tutorial_etl_dag.py took 0.465 seconds
[2022-07-06 20:14:32,560] {processor.py:153} INFO - Started process (PID=1990) to work on /home/airflow/.local/lib/python3.7/site-packages/airflow/example_dags/tutorial_etl_dag.py
[2022-07-06 20:14:32,634] {processor.py:641} INFO - Processing file /home/airflow/.local/lib/python3.7/site-packages/airflow/example_dags/tutorial_etl_dag.py for tasks to queue
[2022-07-06 20:14:32,635] {logging_mixin.py:115} INFO - [2022-07-06 20:14:32,634] {dagbag.py:507} INFO - Filling up the DagBag from /home/airflow/.local/lib/python3.7/site-packages/airflow/example_dags/tutorial_etl_dag.py
[2022-07-06 20:14:32,647] {processor.py:651} INFO - DAG(s) dict_keys(['tutorial_etl_dag']) retrieved from /home/airflow/.local/lib/python3.7/site-packages/airflow/example_dags/tutorial_etl_dag.py
[2022-07-06 20:14:32,686] {logging_mixin.py:115} INFO - [2022-07-06 20:14:32,686] {dag.py:2379} INFO - Sync 1 DAGs
[2022-07-06 20:14:32,727] {logging_mixin.py:115} INFO - [2022-07-06 20:14:32,727] {dag.py:2931} INFO - Setting next_dagrun for tutorial_etl_dag to None, run_after=None
[2022-07-06 20:14:32,790] {processor.py:161} INFO - Processing /home/airflow/.local/lib/python3.7/site-packages/airflow/example_dags/tutorial_etl_dag.py took 0.236 seconds
[2022-07-06 20:15:03,044] {processor.py:153} INFO - Started process (PID=2041) to work on /home/airflow/.local/lib/python3.7/site-packages/airflow/example_dags/tutorial_etl_dag.py
[2022-07-06 20:15:03,076] {processor.py:641} INFO - Processing file /home/airflow/.local/lib/python3.7/site-packages/airflow/example_dags/tutorial_etl_dag.py for tasks to queue
[2022-07-06 20:15:03,077] {logging_mixin.py:115} INFO - [2022-07-06 20:15:03,077] {dagbag.py:507} INFO - Filling up the DagBag from /home/airflow/.local/lib/python3.7/site-packages/airflow/example_dags/tutorial_etl_dag.py
[2022-07-06 20:15:03,086] {processor.py:651} INFO - DAG(s) dict_keys(['tutorial_etl_dag']) retrieved from /home/airflow/.local/lib/python3.7/site-packages/airflow/example_dags/tutorial_etl_dag.py
[2022-07-06 20:15:03,129] {logging_mixin.py:115} INFO - [2022-07-06 20:15:03,129] {dag.py:2379} INFO - Sync 1 DAGs
[2022-07-06 20:15:03,165] {logging_mixin.py:115} INFO - [2022-07-06 20:15:03,164] {dag.py:2931} INFO - Setting next_dagrun for tutorial_etl_dag to None, run_after=None
[2022-07-06 20:15:03,258] {processor.py:161} INFO - Processing /home/airflow/.local/lib/python3.7/site-packages/airflow/example_dags/tutorial_etl_dag.py took 0.218 seconds
[2022-07-06 20:15:33,318] {processor.py:153} INFO - Started process (PID=2102) to work on /home/airflow/.local/lib/python3.7/site-packages/airflow/example_dags/tutorial_etl_dag.py
[2022-07-06 20:15:33,318] {processor.py:641} INFO - Processing file /home/airflow/.local/lib/python3.7/site-packages/airflow/example_dags/tutorial_etl_dag.py for tasks to queue
[2022-07-06 20:15:33,319] {logging_mixin.py:115} INFO - [2022-07-06 20:15:33,319] {dagbag.py:507} INFO - Filling up the DagBag from /home/airflow/.local/lib/python3.7/site-packages/airflow/example_dags/tutorial_etl_dag.py
[2022-07-06 20:15:33,334] {processor.py:651} INFO - DAG(s) dict_keys(['tutorial_etl_dag']) retrieved from /home/airflow/.local/lib/python3.7/site-packages/airflow/example_dags/tutorial_etl_dag.py
[2022-07-06 20:15:33,375] {logging_mixin.py:115} INFO - [2022-07-06 20:15:33,375] {dag.py:2379} INFO - Sync 1 DAGs
[2022-07-06 20:15:33,418] {logging_mixin.py:115} INFO - [2022-07-06 20:15:33,418] {dag.py:2931} INFO - Setting next_dagrun for tutorial_etl_dag to None, run_after=None
[2022-07-06 20:15:33,578] {processor.py:161} INFO - Processing /home/airflow/.local/lib/python3.7/site-packages/airflow/example_dags/tutorial_etl_dag.py took 0.268 seconds
[2022-07-06 20:16:14,451] {processor.py:153} INFO - Started process (PID=2155) to work on /home/airflow/.local/lib/python3.7/site-packages/airflow/example_dags/tutorial_etl_dag.py
[2022-07-06 20:16:14,467] {processor.py:641} INFO - Processing file /home/airflow/.local/lib/python3.7/site-packages/airflow/example_dags/tutorial_etl_dag.py for tasks to queue
[2022-07-06 20:16:14,468] {logging_mixin.py:115} INFO - [2022-07-06 20:16:14,468] {dagbag.py:507} INFO - Filling up the DagBag from /home/airflow/.local/lib/python3.7/site-packages/airflow/example_dags/tutorial_etl_dag.py
[2022-07-06 20:16:14,477] {processor.py:651} INFO - DAG(s) dict_keys(['tutorial_etl_dag']) retrieved from /home/airflow/.local/lib/python3.7/site-packages/airflow/example_dags/tutorial_etl_dag.py
[2022-07-06 20:16:14,506] {logging_mixin.py:115} INFO - [2022-07-06 20:16:14,506] {dag.py:2379} INFO - Sync 1 DAGs
[2022-07-06 20:16:14,535] {logging_mixin.py:115} INFO - [2022-07-06 20:16:14,535] {dag.py:2931} INFO - Setting next_dagrun for tutorial_etl_dag to None, run_after=None
[2022-07-06 20:16:14,570] {processor.py:161} INFO - Processing /home/airflow/.local/lib/python3.7/site-packages/airflow/example_dags/tutorial_etl_dag.py took 0.125 seconds
[2022-07-06 20:16:46,184] {processor.py:153} INFO - Started process (PID=2212) to work on /home/airflow/.local/lib/python3.7/site-packages/airflow/example_dags/tutorial_etl_dag.py
[2022-07-06 20:16:46,198] {processor.py:641} INFO - Processing file /home/airflow/.local/lib/python3.7/site-packages/airflow/example_dags/tutorial_etl_dag.py for tasks to queue
[2022-07-06 20:16:46,199] {logging_mixin.py:115} INFO - [2022-07-06 20:16:46,199] {dagbag.py:507} INFO - Filling up the DagBag from /home/airflow/.local/lib/python3.7/site-packages/airflow/example_dags/tutorial_etl_dag.py
[2022-07-06 20:16:46,208] {processor.py:651} INFO - DAG(s) dict_keys(['tutorial_etl_dag']) retrieved from /home/airflow/.local/lib/python3.7/site-packages/airflow/example_dags/tutorial_etl_dag.py
[2022-07-06 20:16:46,247] {logging_mixin.py:115} INFO - [2022-07-06 20:16:46,247] {dag.py:2379} INFO - Sync 1 DAGs
[2022-07-06 20:16:46,285] {logging_mixin.py:115} INFO - [2022-07-06 20:16:46,285] {dag.py:2931} INFO - Setting next_dagrun for tutorial_etl_dag to None, run_after=None
[2022-07-06 20:16:46,310] {processor.py:161} INFO - Processing /home/airflow/.local/lib/python3.7/site-packages/airflow/example_dags/tutorial_etl_dag.py took 0.130 seconds
[2022-07-06 20:17:17,074] {processor.py:153} INFO - Started process (PID=2264) to work on /home/airflow/.local/lib/python3.7/site-packages/airflow/example_dags/tutorial_etl_dag.py
[2022-07-06 20:17:17,077] {processor.py:641} INFO - Processing file /home/airflow/.local/lib/python3.7/site-packages/airflow/example_dags/tutorial_etl_dag.py for tasks to queue
[2022-07-06 20:17:17,083] {logging_mixin.py:115} INFO - [2022-07-06 20:17:17,083] {dagbag.py:507} INFO - Filling up the DagBag from /home/airflow/.local/lib/python3.7/site-packages/airflow/example_dags/tutorial_etl_dag.py
[2022-07-06 20:17:17,095] {processor.py:651} INFO - DAG(s) dict_keys(['tutorial_etl_dag']) retrieved from /home/airflow/.local/lib/python3.7/site-packages/airflow/example_dags/tutorial_etl_dag.py
[2022-07-06 20:17:17,146] {logging_mixin.py:115} INFO - [2022-07-06 20:17:17,146] {dag.py:2379} INFO - Sync 1 DAGs
[2022-07-06 20:17:17,182] {logging_mixin.py:115} INFO - [2022-07-06 20:17:17,182] {dag.py:2931} INFO - Setting next_dagrun for tutorial_etl_dag to None, run_after=None
[2022-07-06 20:17:17,206] {processor.py:161} INFO - Processing /home/airflow/.local/lib/python3.7/site-packages/airflow/example_dags/tutorial_etl_dag.py took 0.139 seconds
[2022-07-06 20:17:47,968] {processor.py:153} INFO - Started process (PID=2316) to work on /home/airflow/.local/lib/python3.7/site-packages/airflow/example_dags/tutorial_etl_dag.py
[2022-07-06 20:17:47,992] {processor.py:641} INFO - Processing file /home/airflow/.local/lib/python3.7/site-packages/airflow/example_dags/tutorial_etl_dag.py for tasks to queue
[2022-07-06 20:17:47,992] {logging_mixin.py:115} INFO - [2022-07-06 20:17:47,992] {dagbag.py:507} INFO - Filling up the DagBag from /home/airflow/.local/lib/python3.7/site-packages/airflow/example_dags/tutorial_etl_dag.py
[2022-07-06 20:17:48,034] {processor.py:651} INFO - DAG(s) dict_keys(['tutorial_etl_dag']) retrieved from /home/airflow/.local/lib/python3.7/site-packages/airflow/example_dags/tutorial_etl_dag.py
[2022-07-06 20:17:48,102] {logging_mixin.py:115} INFO - [2022-07-06 20:17:48,102] {dag.py:2379} INFO - Sync 1 DAGs
[2022-07-06 20:17:48,164] {logging_mixin.py:115} INFO - [2022-07-06 20:17:48,164] {dag.py:2931} INFO - Setting next_dagrun for tutorial_etl_dag to None, run_after=None
[2022-07-06 20:17:48,205] {processor.py:161} INFO - Processing /home/airflow/.local/lib/python3.7/site-packages/airflow/example_dags/tutorial_etl_dag.py took 0.243 seconds
[2022-07-06 20:18:18,318] {processor.py:153} INFO - Started process (PID=2377) to work on /home/airflow/.local/lib/python3.7/site-packages/airflow/example_dags/tutorial_etl_dag.py
[2022-07-06 20:18:18,319] {processor.py:641} INFO - Processing file /home/airflow/.local/lib/python3.7/site-packages/airflow/example_dags/tutorial_etl_dag.py for tasks to queue
[2022-07-06 20:18:18,320] {logging_mixin.py:115} INFO - [2022-07-06 20:18:18,320] {dagbag.py:507} INFO - Filling up the DagBag from /home/airflow/.local/lib/python3.7/site-packages/airflow/example_dags/tutorial_etl_dag.py
[2022-07-06 20:18:18,334] {processor.py:651} INFO - DAG(s) dict_keys(['tutorial_etl_dag']) retrieved from /home/airflow/.local/lib/python3.7/site-packages/airflow/example_dags/tutorial_etl_dag.py
[2022-07-06 20:18:18,398] {logging_mixin.py:115} INFO - [2022-07-06 20:18:18,398] {dag.py:2379} INFO - Sync 1 DAGs
[2022-07-06 20:18:18,450] {logging_mixin.py:115} INFO - [2022-07-06 20:18:18,450] {dag.py:2931} INFO - Setting next_dagrun for tutorial_etl_dag to None, run_after=None
[2022-07-06 20:18:18,642] {processor.py:161} INFO - Processing /home/airflow/.local/lib/python3.7/site-packages/airflow/example_dags/tutorial_etl_dag.py took 0.330 seconds
[2022-07-06 20:18:48,825] {processor.py:153} INFO - Started process (PID=2429) to work on /home/airflow/.local/lib/python3.7/site-packages/airflow/example_dags/tutorial_etl_dag.py
[2022-07-06 20:18:48,827] {processor.py:641} INFO - Processing file /home/airflow/.local/lib/python3.7/site-packages/airflow/example_dags/tutorial_etl_dag.py for tasks to queue
[2022-07-06 20:18:48,828] {logging_mixin.py:115} INFO - [2022-07-06 20:18:48,828] {dagbag.py:507} INFO - Filling up the DagBag from /home/airflow/.local/lib/python3.7/site-packages/airflow/example_dags/tutorial_etl_dag.py
[2022-07-06 20:18:48,837] {processor.py:651} INFO - DAG(s) dict_keys(['tutorial_etl_dag']) retrieved from /home/airflow/.local/lib/python3.7/site-packages/airflow/example_dags/tutorial_etl_dag.py
[2022-07-06 20:18:48,867] {logging_mixin.py:115} INFO - [2022-07-06 20:18:48,867] {dag.py:2379} INFO - Sync 1 DAGs
[2022-07-06 20:18:48,896] {logging_mixin.py:115} INFO - [2022-07-06 20:18:48,896] {dag.py:2931} INFO - Setting next_dagrun for tutorial_etl_dag to None, run_after=None
[2022-07-06 20:18:48,919] {processor.py:161} INFO - Processing /home/airflow/.local/lib/python3.7/site-packages/airflow/example_dags/tutorial_etl_dag.py took 0.098 seconds
[2022-07-06 20:19:19,712] {processor.py:153} INFO - Started process (PID=2486) to work on /home/airflow/.local/lib/python3.7/site-packages/airflow/example_dags/tutorial_etl_dag.py
[2022-07-06 20:19:19,749] {processor.py:641} INFO - Processing file /home/airflow/.local/lib/python3.7/site-packages/airflow/example_dags/tutorial_etl_dag.py for tasks to queue
[2022-07-06 20:19:19,750] {logging_mixin.py:115} INFO - [2022-07-06 20:19:19,750] {dagbag.py:507} INFO - Filling up the DagBag from /home/airflow/.local/lib/python3.7/site-packages/airflow/example_dags/tutorial_etl_dag.py
[2022-07-06 20:19:19,765] {processor.py:651} INFO - DAG(s) dict_keys(['tutorial_etl_dag']) retrieved from /home/airflow/.local/lib/python3.7/site-packages/airflow/example_dags/tutorial_etl_dag.py
[2022-07-06 20:19:19,797] {logging_mixin.py:115} INFO - [2022-07-06 20:19:19,797] {dag.py:2379} INFO - Sync 1 DAGs
[2022-07-06 20:19:19,842] {logging_mixin.py:115} INFO - [2022-07-06 20:19:19,841] {dag.py:2931} INFO - Setting next_dagrun for tutorial_etl_dag to None, run_after=None
[2022-07-06 20:19:19,906] {processor.py:161} INFO - Processing /home/airflow/.local/lib/python3.7/site-packages/airflow/example_dags/tutorial_etl_dag.py took 0.199 seconds
[2022-07-06 20:19:50,755] {processor.py:153} INFO - Started process (PID=2535) to work on /home/airflow/.local/lib/python3.7/site-packages/airflow/example_dags/tutorial_etl_dag.py
[2022-07-06 20:19:50,755] {processor.py:641} INFO - Processing file /home/airflow/.local/lib/python3.7/site-packages/airflow/example_dags/tutorial_etl_dag.py for tasks to queue
[2022-07-06 20:19:50,756] {logging_mixin.py:115} INFO - [2022-07-06 20:19:50,756] {dagbag.py:507} INFO - Filling up the DagBag from /home/airflow/.local/lib/python3.7/site-packages/airflow/example_dags/tutorial_etl_dag.py
[2022-07-06 20:19:50,767] {processor.py:651} INFO - DAG(s) dict_keys(['tutorial_etl_dag']) retrieved from /home/airflow/.local/lib/python3.7/site-packages/airflow/example_dags/tutorial_etl_dag.py
[2022-07-06 20:19:50,808] {logging_mixin.py:115} INFO - [2022-07-06 20:19:50,807] {dag.py:2379} INFO - Sync 1 DAGs
[2022-07-06 20:19:50,846] {logging_mixin.py:115} INFO - [2022-07-06 20:19:50,846] {dag.py:2931} INFO - Setting next_dagrun for tutorial_etl_dag to None, run_after=None
[2022-07-06 20:19:50,873] {processor.py:161} INFO - Processing /home/airflow/.local/lib/python3.7/site-packages/airflow/example_dags/tutorial_etl_dag.py took 0.123 seconds
[2022-07-06 20:20:23,485] {processor.py:153} INFO - Started process (PID=2590) to work on /home/airflow/.local/lib/python3.7/site-packages/airflow/example_dags/tutorial_etl_dag.py
[2022-07-06 20:20:23,507] {processor.py:641} INFO - Processing file /home/airflow/.local/lib/python3.7/site-packages/airflow/example_dags/tutorial_etl_dag.py for tasks to queue
[2022-07-06 20:20:23,508] {logging_mixin.py:115} INFO - [2022-07-06 20:20:23,508] {dagbag.py:507} INFO - Filling up the DagBag from /home/airflow/.local/lib/python3.7/site-packages/airflow/example_dags/tutorial_etl_dag.py
[2022-07-06 20:20:23,526] {processor.py:651} INFO - DAG(s) dict_keys(['tutorial_etl_dag']) retrieved from /home/airflow/.local/lib/python3.7/site-packages/airflow/example_dags/tutorial_etl_dag.py
[2022-07-06 20:20:23,572] {logging_mixin.py:115} INFO - [2022-07-06 20:20:23,572] {dag.py:2379} INFO - Sync 1 DAGs
[2022-07-06 20:20:23,628] {logging_mixin.py:115} INFO - [2022-07-06 20:20:23,624] {dag.py:2931} INFO - Setting next_dagrun for tutorial_etl_dag to None, run_after=None
[2022-07-06 20:20:23,657] {processor.py:161} INFO - Processing /home/airflow/.local/lib/python3.7/site-packages/airflow/example_dags/tutorial_etl_dag.py took 0.177 seconds
[2022-07-06 20:20:54,636] {processor.py:153} INFO - Started process (PID=2643) to work on /home/airflow/.local/lib/python3.7/site-packages/airflow/example_dags/tutorial_etl_dag.py
[2022-07-06 20:20:54,658] {processor.py:641} INFO - Processing file /home/airflow/.local/lib/python3.7/site-packages/airflow/example_dags/tutorial_etl_dag.py for tasks to queue
[2022-07-06 20:20:54,659] {logging_mixin.py:115} INFO - [2022-07-06 20:20:54,659] {dagbag.py:507} INFO - Filling up the DagBag from /home/airflow/.local/lib/python3.7/site-packages/airflow/example_dags/tutorial_etl_dag.py
[2022-07-06 20:20:54,670] {processor.py:651} INFO - DAG(s) dict_keys(['tutorial_etl_dag']) retrieved from /home/airflow/.local/lib/python3.7/site-packages/airflow/example_dags/tutorial_etl_dag.py
[2022-07-06 20:20:54,709] {logging_mixin.py:115} INFO - [2022-07-06 20:20:54,709] {dag.py:2379} INFO - Sync 1 DAGs
[2022-07-06 20:20:54,741] {logging_mixin.py:115} INFO - [2022-07-06 20:20:54,741] {dag.py:2931} INFO - Setting next_dagrun for tutorial_etl_dag to None, run_after=None
[2022-07-06 20:20:54,760] {processor.py:161} INFO - Processing /home/airflow/.local/lib/python3.7/site-packages/airflow/example_dags/tutorial_etl_dag.py took 0.128 seconds
[2022-07-06 20:21:25,789] {processor.py:153} INFO - Started process (PID=2695) to work on /home/airflow/.local/lib/python3.7/site-packages/airflow/example_dags/tutorial_etl_dag.py
[2022-07-06 20:21:25,792] {processor.py:641} INFO - Processing file /home/airflow/.local/lib/python3.7/site-packages/airflow/example_dags/tutorial_etl_dag.py for tasks to queue
[2022-07-06 20:21:25,793] {logging_mixin.py:115} INFO - [2022-07-06 20:21:25,793] {dagbag.py:507} INFO - Filling up the DagBag from /home/airflow/.local/lib/python3.7/site-packages/airflow/example_dags/tutorial_etl_dag.py
[2022-07-06 20:21:25,805] {processor.py:651} INFO - DAG(s) dict_keys(['tutorial_etl_dag']) retrieved from /home/airflow/.local/lib/python3.7/site-packages/airflow/example_dags/tutorial_etl_dag.py
[2022-07-06 20:21:25,852] {logging_mixin.py:115} INFO - [2022-07-06 20:21:25,852] {dag.py:2379} INFO - Sync 1 DAGs
[2022-07-06 20:21:25,900] {logging_mixin.py:115} INFO - [2022-07-06 20:21:25,900] {dag.py:2931} INFO - Setting next_dagrun for tutorial_etl_dag to None, run_after=None
[2022-07-06 20:21:25,935] {processor.py:161} INFO - Processing /home/airflow/.local/lib/python3.7/site-packages/airflow/example_dags/tutorial_etl_dag.py took 0.156 seconds
[2022-07-06 20:21:56,159] {processor.py:153} INFO - Started process (PID=2754) to work on /home/airflow/.local/lib/python3.7/site-packages/airflow/example_dags/tutorial_etl_dag.py
[2022-07-06 20:21:56,160] {processor.py:641} INFO - Processing file /home/airflow/.local/lib/python3.7/site-packages/airflow/example_dags/tutorial_etl_dag.py for tasks to queue
[2022-07-06 20:21:56,161] {logging_mixin.py:115} INFO - [2022-07-06 20:21:56,161] {dagbag.py:507} INFO - Filling up the DagBag from /home/airflow/.local/lib/python3.7/site-packages/airflow/example_dags/tutorial_etl_dag.py
[2022-07-06 20:21:56,174] {processor.py:651} INFO - DAG(s) dict_keys(['tutorial_etl_dag']) retrieved from /home/airflow/.local/lib/python3.7/site-packages/airflow/example_dags/tutorial_etl_dag.py
[2022-07-06 20:21:56,217] {logging_mixin.py:115} INFO - [2022-07-06 20:21:56,217] {dag.py:2379} INFO - Sync 1 DAGs
[2022-07-06 20:21:56,253] {logging_mixin.py:115} INFO - [2022-07-06 20:21:56,253] {dag.py:2931} INFO - Setting next_dagrun for tutorial_etl_dag to None, run_after=None
[2022-07-06 20:21:56,298] {processor.py:161} INFO - Processing /home/airflow/.local/lib/python3.7/site-packages/airflow/example_dags/tutorial_etl_dag.py took 0.144 seconds
[2022-07-06 20:22:35,485] {processor.py:153} INFO - Started process (PID=2805) to work on /home/airflow/.local/lib/python3.7/site-packages/airflow/example_dags/tutorial_etl_dag.py
[2022-07-06 20:22:35,501] {processor.py:641} INFO - Processing file /home/airflow/.local/lib/python3.7/site-packages/airflow/example_dags/tutorial_etl_dag.py for tasks to queue
[2022-07-06 20:22:35,501] {logging_mixin.py:115} INFO - [2022-07-06 20:22:35,501] {dagbag.py:507} INFO - Filling up the DagBag from /home/airflow/.local/lib/python3.7/site-packages/airflow/example_dags/tutorial_etl_dag.py
[2022-07-06 20:22:35,509] {processor.py:651} INFO - DAG(s) dict_keys(['tutorial_etl_dag']) retrieved from /home/airflow/.local/lib/python3.7/site-packages/airflow/example_dags/tutorial_etl_dag.py
[2022-07-06 20:22:35,540] {logging_mixin.py:115} INFO - [2022-07-06 20:22:35,540] {dag.py:2379} INFO - Sync 1 DAGs
[2022-07-06 20:22:35,572] {logging_mixin.py:115} INFO - [2022-07-06 20:22:35,572] {dag.py:2931} INFO - Setting next_dagrun for tutorial_etl_dag to None, run_after=None
[2022-07-06 20:22:35,608] {processor.py:161} INFO - Processing /home/airflow/.local/lib/python3.7/site-packages/airflow/example_dags/tutorial_etl_dag.py took 0.128 seconds
[2022-07-06 20:23:06,496] {processor.py:153} INFO - Started process (PID=2856) to work on /home/airflow/.local/lib/python3.7/site-packages/airflow/example_dags/tutorial_etl_dag.py
[2022-07-06 20:23:06,496] {processor.py:641} INFO - Processing file /home/airflow/.local/lib/python3.7/site-packages/airflow/example_dags/tutorial_etl_dag.py for tasks to queue
[2022-07-06 20:23:06,497] {logging_mixin.py:115} INFO - [2022-07-06 20:23:06,497] {dagbag.py:507} INFO - Filling up the DagBag from /home/airflow/.local/lib/python3.7/site-packages/airflow/example_dags/tutorial_etl_dag.py
[2022-07-06 20:23:06,509] {processor.py:651} INFO - DAG(s) dict_keys(['tutorial_etl_dag']) retrieved from /home/airflow/.local/lib/python3.7/site-packages/airflow/example_dags/tutorial_etl_dag.py
[2022-07-06 20:23:06,544] {logging_mixin.py:115} INFO - [2022-07-06 20:23:06,544] {dag.py:2379} INFO - Sync 1 DAGs
[2022-07-06 20:23:06,592] {logging_mixin.py:115} INFO - [2022-07-06 20:23:06,592] {dag.py:2931} INFO - Setting next_dagrun for tutorial_etl_dag to None, run_after=None
[2022-07-06 20:23:06,630] {processor.py:161} INFO - Processing /home/airflow/.local/lib/python3.7/site-packages/airflow/example_dags/tutorial_etl_dag.py took 0.139 seconds
[2022-07-06 20:23:37,213] {processor.py:153} INFO - Started process (PID=2916) to work on /home/airflow/.local/lib/python3.7/site-packages/airflow/example_dags/tutorial_etl_dag.py
[2022-07-06 20:23:37,248] {processor.py:641} INFO - Processing file /home/airflow/.local/lib/python3.7/site-packages/airflow/example_dags/tutorial_etl_dag.py for tasks to queue
[2022-07-06 20:23:37,249] {logging_mixin.py:115} INFO - [2022-07-06 20:23:37,249] {dagbag.py:507} INFO - Filling up the DagBag from /home/airflow/.local/lib/python3.7/site-packages/airflow/example_dags/tutorial_etl_dag.py
[2022-07-06 20:23:37,262] {processor.py:651} INFO - DAG(s) dict_keys(['tutorial_etl_dag']) retrieved from /home/airflow/.local/lib/python3.7/site-packages/airflow/example_dags/tutorial_etl_dag.py
[2022-07-06 20:23:37,293] {logging_mixin.py:115} INFO - [2022-07-06 20:23:37,293] {dag.py:2379} INFO - Sync 1 DAGs
[2022-07-06 20:23:37,340] {logging_mixin.py:115} INFO - [2022-07-06 20:23:37,340] {dag.py:2931} INFO - Setting next_dagrun for tutorial_etl_dag to None, run_after=None
[2022-07-06 20:23:37,393] {processor.py:161} INFO - Processing /home/airflow/.local/lib/python3.7/site-packages/airflow/example_dags/tutorial_etl_dag.py took 0.186 seconds
[2022-07-06 20:24:08,935] {processor.py:153} INFO - Started process (PID=2968) to work on /home/airflow/.local/lib/python3.7/site-packages/airflow/example_dags/tutorial_etl_dag.py
[2022-07-06 20:24:08,935] {processor.py:641} INFO - Processing file /home/airflow/.local/lib/python3.7/site-packages/airflow/example_dags/tutorial_etl_dag.py for tasks to queue
[2022-07-06 20:24:08,936] {logging_mixin.py:115} INFO - [2022-07-06 20:24:08,936] {dagbag.py:507} INFO - Filling up the DagBag from /home/airflow/.local/lib/python3.7/site-packages/airflow/example_dags/tutorial_etl_dag.py
[2022-07-06 20:24:08,945] {processor.py:651} INFO - DAG(s) dict_keys(['tutorial_etl_dag']) retrieved from /home/airflow/.local/lib/python3.7/site-packages/airflow/example_dags/tutorial_etl_dag.py
[2022-07-06 20:24:08,983] {logging_mixin.py:115} INFO - [2022-07-06 20:24:08,983] {dag.py:2379} INFO - Sync 1 DAGs
[2022-07-06 20:24:09,018] {logging_mixin.py:115} INFO - [2022-07-06 20:24:09,018] {dag.py:2931} INFO - Setting next_dagrun for tutorial_etl_dag to None, run_after=None
[2022-07-06 20:24:09,053] {processor.py:161} INFO - Processing /home/airflow/.local/lib/python3.7/site-packages/airflow/example_dags/tutorial_etl_dag.py took 0.122 seconds
[2022-07-06 20:24:41,087] {processor.py:153} INFO - Started process (PID=3032) to work on /home/airflow/.local/lib/python3.7/site-packages/airflow/example_dags/tutorial_etl_dag.py
[2022-07-06 20:24:41,100] {processor.py:641} INFO - Processing file /home/airflow/.local/lib/python3.7/site-packages/airflow/example_dags/tutorial_etl_dag.py for tasks to queue
[2022-07-06 20:24:41,101] {logging_mixin.py:115} INFO - [2022-07-06 20:24:41,101] {dagbag.py:507} INFO - Filling up the DagBag from /home/airflow/.local/lib/python3.7/site-packages/airflow/example_dags/tutorial_etl_dag.py
[2022-07-06 20:24:41,116] {processor.py:651} INFO - DAG(s) dict_keys(['tutorial_etl_dag']) retrieved from /home/airflow/.local/lib/python3.7/site-packages/airflow/example_dags/tutorial_etl_dag.py
[2022-07-06 20:24:41,251] {logging_mixin.py:115} INFO - [2022-07-06 20:24:41,250] {dag.py:2379} INFO - Sync 1 DAGs
[2022-07-06 20:24:41,305] {logging_mixin.py:115} INFO - [2022-07-06 20:24:41,304] {dag.py:2931} INFO - Setting next_dagrun for tutorial_etl_dag to None, run_after=None
[2022-07-06 20:24:41,361] {processor.py:161} INFO - Processing /home/airflow/.local/lib/python3.7/site-packages/airflow/example_dags/tutorial_etl_dag.py took 0.293 seconds
[2022-07-06 20:25:11,599] {processor.py:153} INFO - Started process (PID=3084) to work on /home/airflow/.local/lib/python3.7/site-packages/airflow/example_dags/tutorial_etl_dag.py
[2022-07-06 20:25:11,600] {processor.py:641} INFO - Processing file /home/airflow/.local/lib/python3.7/site-packages/airflow/example_dags/tutorial_etl_dag.py for tasks to queue
[2022-07-06 20:25:11,601] {logging_mixin.py:115} INFO - [2022-07-06 20:25:11,601] {dagbag.py:507} INFO - Filling up the DagBag from /home/airflow/.local/lib/python3.7/site-packages/airflow/example_dags/tutorial_etl_dag.py
[2022-07-06 20:25:11,616] {processor.py:651} INFO - DAG(s) dict_keys(['tutorial_etl_dag']) retrieved from /home/airflow/.local/lib/python3.7/site-packages/airflow/example_dags/tutorial_etl_dag.py
[2022-07-06 20:25:11,658] {logging_mixin.py:115} INFO - [2022-07-06 20:25:11,658] {dag.py:2379} INFO - Sync 1 DAGs
[2022-07-06 20:25:11,701] {logging_mixin.py:115} INFO - [2022-07-06 20:25:11,701] {dag.py:2931} INFO - Setting next_dagrun for tutorial_etl_dag to None, run_after=None
[2022-07-06 20:25:11,731] {processor.py:161} INFO - Processing /home/airflow/.local/lib/python3.7/site-packages/airflow/example_dags/tutorial_etl_dag.py took 0.137 seconds
[2022-07-06 20:25:42,566] {processor.py:153} INFO - Started process (PID=3137) to work on /home/airflow/.local/lib/python3.7/site-packages/airflow/example_dags/tutorial_etl_dag.py
[2022-07-06 20:25:42,567] {processor.py:641} INFO - Processing file /home/airflow/.local/lib/python3.7/site-packages/airflow/example_dags/tutorial_etl_dag.py for tasks to queue
[2022-07-06 20:25:42,568] {logging_mixin.py:115} INFO - [2022-07-06 20:25:42,568] {dagbag.py:507} INFO - Filling up the DagBag from /home/airflow/.local/lib/python3.7/site-packages/airflow/example_dags/tutorial_etl_dag.py
[2022-07-06 20:25:42,577] {processor.py:651} INFO - DAG(s) dict_keys(['tutorial_etl_dag']) retrieved from /home/airflow/.local/lib/python3.7/site-packages/airflow/example_dags/tutorial_etl_dag.py
[2022-07-06 20:25:42,608] {logging_mixin.py:115} INFO - [2022-07-06 20:25:42,608] {dag.py:2379} INFO - Sync 1 DAGs
[2022-07-06 20:25:42,638] {logging_mixin.py:115} INFO - [2022-07-06 20:25:42,638] {dag.py:2931} INFO - Setting next_dagrun for tutorial_etl_dag to None, run_after=None
[2022-07-06 20:25:42,658] {processor.py:161} INFO - Processing /home/airflow/.local/lib/python3.7/site-packages/airflow/example_dags/tutorial_etl_dag.py took 0.096 seconds
[2022-07-06 20:26:12,893] {processor.py:153} INFO - Started process (PID=3198) to work on /home/airflow/.local/lib/python3.7/site-packages/airflow/example_dags/tutorial_etl_dag.py
[2022-07-06 20:26:12,894] {processor.py:641} INFO - Processing file /home/airflow/.local/lib/python3.7/site-packages/airflow/example_dags/tutorial_etl_dag.py for tasks to queue
[2022-07-06 20:26:12,895] {logging_mixin.py:115} INFO - [2022-07-06 20:26:12,894] {dagbag.py:507} INFO - Filling up the DagBag from /home/airflow/.local/lib/python3.7/site-packages/airflow/example_dags/tutorial_etl_dag.py
[2022-07-06 20:26:12,933] {processor.py:651} INFO - DAG(s) dict_keys(['tutorial_etl_dag']) retrieved from /home/airflow/.local/lib/python3.7/site-packages/airflow/example_dags/tutorial_etl_dag.py
[2022-07-06 20:26:13,024] {logging_mixin.py:115} INFO - [2022-07-06 20:26:13,024] {dag.py:2379} INFO - Sync 1 DAGs
[2022-07-06 20:26:13,102] {logging_mixin.py:115} INFO - [2022-07-06 20:26:13,101] {dag.py:2931} INFO - Setting next_dagrun for tutorial_etl_dag to None, run_after=None
[2022-07-06 20:26:13,150] {processor.py:161} INFO - Processing /home/airflow/.local/lib/python3.7/site-packages/airflow/example_dags/tutorial_etl_dag.py took 0.263 seconds
[2022-07-06 20:26:44,045] {processor.py:153} INFO - Started process (PID=3252) to work on /home/airflow/.local/lib/python3.7/site-packages/airflow/example_dags/tutorial_etl_dag.py
[2022-07-06 20:26:44,048] {processor.py:641} INFO - Processing file /home/airflow/.local/lib/python3.7/site-packages/airflow/example_dags/tutorial_etl_dag.py for tasks to queue
[2022-07-06 20:26:44,071] {logging_mixin.py:115} INFO - [2022-07-06 20:26:44,071] {dagbag.py:507} INFO - Filling up the DagBag from /home/airflow/.local/lib/python3.7/site-packages/airflow/example_dags/tutorial_etl_dag.py
[2022-07-06 20:26:44,083] {processor.py:651} INFO - DAG(s) dict_keys(['tutorial_etl_dag']) retrieved from /home/airflow/.local/lib/python3.7/site-packages/airflow/example_dags/tutorial_etl_dag.py
[2022-07-06 20:26:44,143] {logging_mixin.py:115} INFO - [2022-07-06 20:26:44,143] {dag.py:2379} INFO - Sync 1 DAGs
[2022-07-06 20:26:44,187] {logging_mixin.py:115} INFO - [2022-07-06 20:26:44,187] {dag.py:2931} INFO - Setting next_dagrun for tutorial_etl_dag to None, run_after=None
[2022-07-06 20:26:44,332] {processor.py:161} INFO - Processing /home/airflow/.local/lib/python3.7/site-packages/airflow/example_dags/tutorial_etl_dag.py took 0.291 seconds
