[2022-07-06 19:39:32,153] {processor.py:153} INFO - Started process (PID=170) to work on /home/airflow/.local/lib/python3.7/site-packages/airflow/example_dags/tutorial.py
[2022-07-06 19:39:32,153] {processor.py:641} INFO - Processing file /home/airflow/.local/lib/python3.7/site-packages/airflow/example_dags/tutorial.py for tasks to queue
[2022-07-06 19:39:32,154] {logging_mixin.py:115} INFO - [2022-07-06 19:39:32,154] {dagbag.py:507} INFO - Filling up the DagBag from /home/airflow/.local/lib/python3.7/site-packages/airflow/example_dags/tutorial.py
[2022-07-06 19:39:32,312] {processor.py:651} INFO - DAG(s) dict_keys(['tutorial']) retrieved from /home/airflow/.local/lib/python3.7/site-packages/airflow/example_dags/tutorial.py
[2022-07-06 19:39:33,148] {logging_mixin.py:115} INFO - [2022-07-06 19:39:33,146] {manager.py:508} INFO - Created Permission View: can delete on DAG:tutorial
[2022-07-06 19:39:33,797] {logging_mixin.py:115} INFO - [2022-07-06 19:39:33,797] {manager.py:508} INFO - Created Permission View: can edit on DAG:tutorial
[2022-07-06 19:39:34,317] {logging_mixin.py:115} INFO - [2022-07-06 19:39:34,317] {manager.py:508} INFO - Created Permission View: can read on DAG:tutorial
[2022-07-06 19:39:34,318] {logging_mixin.py:115} INFO - [2022-07-06 19:39:34,318] {dag.py:2379} INFO - Sync 1 DAGs
[2022-07-06 19:39:34,351] {logging_mixin.py:115} INFO - [2022-07-06 19:39:34,351] {dag.py:2398} INFO - Creating ORM DAG for tutorial
[2022-07-06 19:39:34,366] {logging_mixin.py:115} INFO - [2022-07-06 19:39:34,366] {dag.py:2931} INFO - Setting next_dagrun for tutorial to 2022-07-05T19:39:34.366051+00:00, run_after=2022-07-06T19:39:34.366051+00:00
[2022-07-06 19:39:35,027] {processor.py:161} INFO - Processing /home/airflow/.local/lib/python3.7/site-packages/airflow/example_dags/tutorial.py took 2.878 seconds
[2022-07-06 19:40:05,109] {processor.py:153} INFO - Started process (PID=220) to work on /home/airflow/.local/lib/python3.7/site-packages/airflow/example_dags/tutorial.py
[2022-07-06 19:40:05,154] {processor.py:641} INFO - Processing file /home/airflow/.local/lib/python3.7/site-packages/airflow/example_dags/tutorial.py for tasks to queue
[2022-07-06 19:40:05,154] {logging_mixin.py:115} INFO - [2022-07-06 19:40:05,154] {dagbag.py:507} INFO - Filling up the DagBag from /home/airflow/.local/lib/python3.7/site-packages/airflow/example_dags/tutorial.py
[2022-07-06 19:40:05,162] {processor.py:651} INFO - DAG(s) dict_keys(['tutorial']) retrieved from /home/airflow/.local/lib/python3.7/site-packages/airflow/example_dags/tutorial.py
[2022-07-06 19:40:05,194] {logging_mixin.py:115} INFO - [2022-07-06 19:40:05,194] {dag.py:2379} INFO - Sync 1 DAGs
[2022-07-06 19:40:05,217] {logging_mixin.py:115} INFO - [2022-07-06 19:40:05,217] {dag.py:2931} INFO - Setting next_dagrun for tutorial to 2022-07-05T19:40:05.217065+00:00, run_after=2022-07-06T19:40:05.217065+00:00
[2022-07-06 19:40:05,872] {processor.py:161} INFO - Processing /home/airflow/.local/lib/python3.7/site-packages/airflow/example_dags/tutorial.py took 0.766 seconds
[2022-07-06 19:40:35,942] {processor.py:153} INFO - Started process (PID=273) to work on /home/airflow/.local/lib/python3.7/site-packages/airflow/example_dags/tutorial.py
[2022-07-06 19:40:35,943] {processor.py:641} INFO - Processing file /home/airflow/.local/lib/python3.7/site-packages/airflow/example_dags/tutorial.py for tasks to queue
[2022-07-06 19:40:35,943] {logging_mixin.py:115} INFO - [2022-07-06 19:40:35,943] {dagbag.py:507} INFO - Filling up the DagBag from /home/airflow/.local/lib/python3.7/site-packages/airflow/example_dags/tutorial.py
[2022-07-06 19:40:35,971] {processor.py:651} INFO - DAG(s) dict_keys(['tutorial']) retrieved from /home/airflow/.local/lib/python3.7/site-packages/airflow/example_dags/tutorial.py
[2022-07-06 19:40:36,048] {logging_mixin.py:115} INFO - [2022-07-06 19:40:36,048] {dag.py:2379} INFO - Sync 1 DAGs
[2022-07-06 19:40:36,080] {logging_mixin.py:115} INFO - [2022-07-06 19:40:36,080] {dag.py:2931} INFO - Setting next_dagrun for tutorial to 2022-07-05T19:40:36.079676+00:00, run_after=2022-07-06T19:40:36.079676+00:00
[2022-07-06 19:40:36,371] {processor.py:161} INFO - Processing /home/airflow/.local/lib/python3.7/site-packages/airflow/example_dags/tutorial.py took 0.433 seconds
[2022-07-06 19:41:06,730] {processor.py:153} INFO - Started process (PID=325) to work on /home/airflow/.local/lib/python3.7/site-packages/airflow/example_dags/tutorial.py
[2022-07-06 19:41:06,733] {processor.py:641} INFO - Processing file /home/airflow/.local/lib/python3.7/site-packages/airflow/example_dags/tutorial.py for tasks to queue
[2022-07-06 19:41:06,735] {logging_mixin.py:115} INFO - [2022-07-06 19:41:06,735] {dagbag.py:507} INFO - Filling up the DagBag from /home/airflow/.local/lib/python3.7/site-packages/airflow/example_dags/tutorial.py
[2022-07-06 19:41:06,755] {processor.py:651} INFO - DAG(s) dict_keys(['tutorial']) retrieved from /home/airflow/.local/lib/python3.7/site-packages/airflow/example_dags/tutorial.py
[2022-07-06 19:41:06,854] {logging_mixin.py:115} INFO - [2022-07-06 19:41:06,854] {dag.py:2379} INFO - Sync 1 DAGs
[2022-07-06 19:41:06,878] {logging_mixin.py:115} INFO - [2022-07-06 19:41:06,878] {dag.py:2931} INFO - Setting next_dagrun for tutorial to 2022-07-05T19:41:06.878259+00:00, run_after=2022-07-06T19:41:06.878259+00:00
[2022-07-06 19:41:06,969] {processor.py:161} INFO - Processing /home/airflow/.local/lib/python3.7/site-packages/airflow/example_dags/tutorial.py took 0.250 seconds
[2022-07-06 19:41:37,083] {processor.py:153} INFO - Started process (PID=376) to work on /home/airflow/.local/lib/python3.7/site-packages/airflow/example_dags/tutorial.py
[2022-07-06 19:41:37,099] {processor.py:641} INFO - Processing file /home/airflow/.local/lib/python3.7/site-packages/airflow/example_dags/tutorial.py for tasks to queue
[2022-07-06 19:41:37,100] {logging_mixin.py:115} INFO - [2022-07-06 19:41:37,100] {dagbag.py:507} INFO - Filling up the DagBag from /home/airflow/.local/lib/python3.7/site-packages/airflow/example_dags/tutorial.py
[2022-07-06 19:41:37,592] {processor.py:651} INFO - DAG(s) dict_keys(['tutorial']) retrieved from /home/airflow/.local/lib/python3.7/site-packages/airflow/example_dags/tutorial.py
[2022-07-06 19:41:37,744] {logging_mixin.py:115} INFO - [2022-07-06 19:41:37,744] {dag.py:2379} INFO - Sync 1 DAGs
[2022-07-06 19:41:37,777] {logging_mixin.py:115} INFO - [2022-07-06 19:41:37,776] {dag.py:2931} INFO - Setting next_dagrun for tutorial to 2022-07-05T19:41:37.776483+00:00, run_after=2022-07-06T19:41:37.776483+00:00
[2022-07-06 19:41:37,852] {processor.py:161} INFO - Processing /home/airflow/.local/lib/python3.7/site-packages/airflow/example_dags/tutorial.py took 0.774 seconds
[2022-07-06 19:43:57,789] {processor.py:153} INFO - Started process (PID=424) to work on /home/airflow/.local/lib/python3.7/site-packages/airflow/example_dags/tutorial.py
[2022-07-06 19:43:58,475] {processor.py:641} INFO - Processing file /home/airflow/.local/lib/python3.7/site-packages/airflow/example_dags/tutorial.py for tasks to queue
[2022-07-06 19:43:58,477] {logging_mixin.py:115} INFO - [2022-07-06 19:43:58,477] {dagbag.py:507} INFO - Filling up the DagBag from /home/airflow/.local/lib/python3.7/site-packages/airflow/example_dags/tutorial.py
[2022-07-06 19:43:59,059] {processor.py:651} INFO - DAG(s) dict_keys(['tutorial']) retrieved from /home/airflow/.local/lib/python3.7/site-packages/airflow/example_dags/tutorial.py
[2022-07-06 19:43:59,111] {logging_mixin.py:115} INFO - [2022-07-06 19:43:59,111] {dag.py:2379} INFO - Sync 1 DAGs
[2022-07-06 19:43:59,133] {logging_mixin.py:115} INFO - [2022-07-06 19:43:59,133] {dag.py:2931} INFO - Setting next_dagrun for tutorial to 2022-07-05T19:43:59.133557+00:00, run_after=2022-07-06T19:43:59.133557+00:00
[2022-07-06 19:43:59,775] {processor.py:161} INFO - Processing /home/airflow/.local/lib/python3.7/site-packages/airflow/example_dags/tutorial.py took 1.990 seconds
[2022-07-06 19:54:40,809] {processor.py:153} INFO - Started process (PID=144) to work on /home/airflow/.local/lib/python3.7/site-packages/airflow/example_dags/tutorial.py
[2022-07-06 19:54:40,860] {processor.py:641} INFO - Processing file /home/airflow/.local/lib/python3.7/site-packages/airflow/example_dags/tutorial.py for tasks to queue
[2022-07-06 19:54:40,861] {logging_mixin.py:115} INFO - [2022-07-06 19:54:40,861] {dagbag.py:507} INFO - Filling up the DagBag from /home/airflow/.local/lib/python3.7/site-packages/airflow/example_dags/tutorial.py
[2022-07-06 19:54:40,872] {processor.py:651} INFO - DAG(s) dict_keys(['tutorial']) retrieved from /home/airflow/.local/lib/python3.7/site-packages/airflow/example_dags/tutorial.py
[2022-07-06 19:54:40,915] {logging_mixin.py:115} INFO - [2022-07-06 19:54:40,915] {dag.py:2379} INFO - Sync 1 DAGs
[2022-07-06 19:54:40,957] {logging_mixin.py:115} INFO - [2022-07-06 19:54:40,957] {dag.py:2931} INFO - Setting next_dagrun for tutorial to 2022-07-05T19:54:40.957454+00:00, run_after=2022-07-06T19:54:40.957454+00:00
[2022-07-06 19:54:41,069] {processor.py:161} INFO - Processing /home/airflow/.local/lib/python3.7/site-packages/airflow/example_dags/tutorial.py took 0.268 seconds
[2022-07-06 19:55:37,679] {processor.py:153} INFO - Started process (PID=206) to work on /home/airflow/.local/lib/python3.7/site-packages/airflow/example_dags/tutorial.py
[2022-07-06 19:55:37,944] {processor.py:641} INFO - Processing file /home/airflow/.local/lib/python3.7/site-packages/airflow/example_dags/tutorial.py for tasks to queue
[2022-07-06 19:55:37,945] {logging_mixin.py:115} INFO - [2022-07-06 19:55:37,945] {dagbag.py:507} INFO - Filling up the DagBag from /home/airflow/.local/lib/python3.7/site-packages/airflow/example_dags/tutorial.py
[2022-07-06 19:55:38,137] {processor.py:651} INFO - DAG(s) dict_keys(['tutorial']) retrieved from /home/airflow/.local/lib/python3.7/site-packages/airflow/example_dags/tutorial.py
[2022-07-06 19:55:38,254] {logging_mixin.py:115} INFO - [2022-07-06 19:55:38,254] {dag.py:2379} INFO - Sync 1 DAGs
[2022-07-06 19:55:38,313] {logging_mixin.py:115} INFO - [2022-07-06 19:55:38,313] {dag.py:2931} INFO - Setting next_dagrun for tutorial to 2022-07-05T19:55:38.312735+00:00, run_after=2022-07-06T19:55:38.312735+00:00
[2022-07-06 19:55:38,863] {processor.py:161} INFO - Processing /home/airflow/.local/lib/python3.7/site-packages/airflow/example_dags/tutorial.py took 1.187 seconds
[2022-07-06 19:58:14,664] {processor.py:153} INFO - Started process (PID=351) to work on /home/airflow/.local/lib/python3.7/site-packages/airflow/example_dags/tutorial.py
[2022-07-06 19:58:14,695] {processor.py:641} INFO - Processing file /home/airflow/.local/lib/python3.7/site-packages/airflow/example_dags/tutorial.py for tasks to queue
[2022-07-06 19:58:14,696] {logging_mixin.py:115} INFO - [2022-07-06 19:58:14,696] {dagbag.py:507} INFO - Filling up the DagBag from /home/airflow/.local/lib/python3.7/site-packages/airflow/example_dags/tutorial.py
[2022-07-06 19:58:14,707] {processor.py:651} INFO - DAG(s) dict_keys(['tutorial']) retrieved from /home/airflow/.local/lib/python3.7/site-packages/airflow/example_dags/tutorial.py
[2022-07-06 19:58:14,736] {logging_mixin.py:115} INFO - [2022-07-06 19:58:14,735] {dag.py:2379} INFO - Sync 1 DAGs
[2022-07-06 19:58:14,765] {logging_mixin.py:115} INFO - [2022-07-06 19:58:14,765] {dag.py:2931} INFO - Setting next_dagrun for tutorial to 2022-07-05T19:58:14.764667+00:00, run_after=2022-07-06T19:58:14.764667+00:00
[2022-07-06 19:58:14,853] {processor.py:161} INFO - Processing /home/airflow/.local/lib/python3.7/site-packages/airflow/example_dags/tutorial.py took 0.194 seconds
[2022-07-06 19:58:46,195] {processor.py:153} INFO - Started process (PID=403) to work on /home/airflow/.local/lib/python3.7/site-packages/airflow/example_dags/tutorial.py
[2022-07-06 19:58:46,267] {processor.py:641} INFO - Processing file /home/airflow/.local/lib/python3.7/site-packages/airflow/example_dags/tutorial.py for tasks to queue
[2022-07-06 19:58:46,269] {logging_mixin.py:115} INFO - [2022-07-06 19:58:46,269] {dagbag.py:507} INFO - Filling up the DagBag from /home/airflow/.local/lib/python3.7/site-packages/airflow/example_dags/tutorial.py
[2022-07-06 19:58:46,296] {processor.py:651} INFO - DAG(s) dict_keys(['tutorial']) retrieved from /home/airflow/.local/lib/python3.7/site-packages/airflow/example_dags/tutorial.py
[2022-07-06 19:58:46,327] {logging_mixin.py:115} INFO - [2022-07-06 19:58:46,327] {dag.py:2379} INFO - Sync 1 DAGs
[2022-07-06 19:58:46,356] {logging_mixin.py:115} INFO - [2022-07-06 19:58:46,356] {dag.py:2931} INFO - Setting next_dagrun for tutorial to 2022-07-05T19:58:46.355990+00:00, run_after=2022-07-06T19:58:46.355990+00:00
[2022-07-06 19:58:46,436] {processor.py:161} INFO - Processing /home/airflow/.local/lib/python3.7/site-packages/airflow/example_dags/tutorial.py took 0.245 seconds
[2022-07-06 19:59:31,414] {processor.py:153} INFO - Started process (PID=464) to work on /home/airflow/.local/lib/python3.7/site-packages/airflow/example_dags/tutorial.py
[2022-07-06 19:59:31,430] {processor.py:641} INFO - Processing file /home/airflow/.local/lib/python3.7/site-packages/airflow/example_dags/tutorial.py for tasks to queue
[2022-07-06 19:59:31,431] {logging_mixin.py:115} INFO - [2022-07-06 19:59:31,431] {dagbag.py:507} INFO - Filling up the DagBag from /home/airflow/.local/lib/python3.7/site-packages/airflow/example_dags/tutorial.py
[2022-07-06 19:59:31,487] {processor.py:651} INFO - DAG(s) dict_keys(['tutorial']) retrieved from /home/airflow/.local/lib/python3.7/site-packages/airflow/example_dags/tutorial.py
[2022-07-06 19:59:31,582] {logging_mixin.py:115} INFO - [2022-07-06 19:59:31,582] {dag.py:2379} INFO - Sync 1 DAGs
[2022-07-06 19:59:31,654] {logging_mixin.py:115} INFO - [2022-07-06 19:59:31,654] {dag.py:2931} INFO - Setting next_dagrun for tutorial to 2022-07-05T19:59:31.654186+00:00, run_after=2022-07-06T19:59:31.654186+00:00
[2022-07-06 19:59:31,783] {processor.py:161} INFO - Processing /home/airflow/.local/lib/python3.7/site-packages/airflow/example_dags/tutorial.py took 0.402 seconds
[2022-07-06 20:00:02,785] {processor.py:153} INFO - Started process (PID=517) to work on /home/airflow/.local/lib/python3.7/site-packages/airflow/example_dags/tutorial.py
[2022-07-06 20:00:02,786] {processor.py:641} INFO - Processing file /home/airflow/.local/lib/python3.7/site-packages/airflow/example_dags/tutorial.py for tasks to queue
[2022-07-06 20:00:02,786] {logging_mixin.py:115} INFO - [2022-07-06 20:00:02,786] {dagbag.py:507} INFO - Filling up the DagBag from /home/airflow/.local/lib/python3.7/site-packages/airflow/example_dags/tutorial.py
[2022-07-06 20:00:02,794] {processor.py:651} INFO - DAG(s) dict_keys(['tutorial']) retrieved from /home/airflow/.local/lib/python3.7/site-packages/airflow/example_dags/tutorial.py
[2022-07-06 20:00:02,826] {logging_mixin.py:115} INFO - [2022-07-06 20:00:02,826] {dag.py:2379} INFO - Sync 1 DAGs
[2022-07-06 20:00:02,865] {logging_mixin.py:115} INFO - [2022-07-06 20:00:02,865] {dag.py:2931} INFO - Setting next_dagrun for tutorial to 2022-07-05T20:00:02.864703+00:00, run_after=2022-07-06T20:00:02.864703+00:00
[2022-07-06 20:00:02,938] {processor.py:161} INFO - Processing /home/airflow/.local/lib/python3.7/site-packages/airflow/example_dags/tutorial.py took 0.159 seconds
[2022-07-06 20:00:33,363] {processor.py:153} INFO - Started process (PID=577) to work on /home/airflow/.local/lib/python3.7/site-packages/airflow/example_dags/tutorial.py
[2022-07-06 20:00:33,364] {processor.py:641} INFO - Processing file /home/airflow/.local/lib/python3.7/site-packages/airflow/example_dags/tutorial.py for tasks to queue
[2022-07-06 20:00:33,364] {logging_mixin.py:115} INFO - [2022-07-06 20:00:33,364] {dagbag.py:507} INFO - Filling up the DagBag from /home/airflow/.local/lib/python3.7/site-packages/airflow/example_dags/tutorial.py
[2022-07-06 20:00:33,373] {processor.py:651} INFO - DAG(s) dict_keys(['tutorial']) retrieved from /home/airflow/.local/lib/python3.7/site-packages/airflow/example_dags/tutorial.py
[2022-07-06 20:00:33,405] {logging_mixin.py:115} INFO - [2022-07-06 20:00:33,405] {dag.py:2379} INFO - Sync 1 DAGs
[2022-07-06 20:00:33,438] {logging_mixin.py:115} INFO - [2022-07-06 20:00:33,438] {dag.py:2931} INFO - Setting next_dagrun for tutorial to 2022-07-05T20:00:33.438093+00:00, run_after=2022-07-06T20:00:33.438093+00:00
[2022-07-06 20:00:33,462] {processor.py:161} INFO - Processing /home/airflow/.local/lib/python3.7/site-packages/airflow/example_dags/tutorial.py took 0.103 seconds
[2022-07-06 20:01:13,452] {processor.py:153} INFO - Started process (PID=636) to work on /home/airflow/.local/lib/python3.7/site-packages/airflow/example_dags/tutorial.py
[2022-07-06 20:01:13,473] {processor.py:641} INFO - Processing file /home/airflow/.local/lib/python3.7/site-packages/airflow/example_dags/tutorial.py for tasks to queue
[2022-07-06 20:01:13,474] {logging_mixin.py:115} INFO - [2022-07-06 20:01:13,473] {dagbag.py:507} INFO - Filling up the DagBag from /home/airflow/.local/lib/python3.7/site-packages/airflow/example_dags/tutorial.py
[2022-07-06 20:01:13,480] {processor.py:651} INFO - DAG(s) dict_keys(['tutorial']) retrieved from /home/airflow/.local/lib/python3.7/site-packages/airflow/example_dags/tutorial.py
[2022-07-06 20:01:13,510] {logging_mixin.py:115} INFO - [2022-07-06 20:01:13,510] {dag.py:2379} INFO - Sync 1 DAGs
[2022-07-06 20:01:13,540] {logging_mixin.py:115} INFO - [2022-07-06 20:01:13,540] {dag.py:2931} INFO - Setting next_dagrun for tutorial to 2022-07-05T20:01:13.540187+00:00, run_after=2022-07-06T20:01:13.540187+00:00
[2022-07-06 20:01:13,570] {processor.py:161} INFO - Processing /home/airflow/.local/lib/python3.7/site-packages/airflow/example_dags/tutorial.py took 0.121 seconds
[2022-07-06 20:01:54,491] {processor.py:153} INFO - Started process (PID=697) to work on /home/airflow/.local/lib/python3.7/site-packages/airflow/example_dags/tutorial.py
[2022-07-06 20:01:54,510] {processor.py:641} INFO - Processing file /home/airflow/.local/lib/python3.7/site-packages/airflow/example_dags/tutorial.py for tasks to queue
[2022-07-06 20:01:54,511] {logging_mixin.py:115} INFO - [2022-07-06 20:01:54,510] {dagbag.py:507} INFO - Filling up the DagBag from /home/airflow/.local/lib/python3.7/site-packages/airflow/example_dags/tutorial.py
[2022-07-06 20:01:54,519] {processor.py:651} INFO - DAG(s) dict_keys(['tutorial']) retrieved from /home/airflow/.local/lib/python3.7/site-packages/airflow/example_dags/tutorial.py
[2022-07-06 20:01:54,566] {logging_mixin.py:115} INFO - [2022-07-06 20:01:54,566] {dag.py:2379} INFO - Sync 1 DAGs
[2022-07-06 20:01:54,656] {logging_mixin.py:115} INFO - [2022-07-06 20:01:54,656] {dag.py:2931} INFO - Setting next_dagrun for tutorial to 2022-07-05T20:01:54.655830+00:00, run_after=2022-07-06T20:01:54.655830+00:00
[2022-07-06 20:01:54,696] {processor.py:161} INFO - Processing /home/airflow/.local/lib/python3.7/site-packages/airflow/example_dags/tutorial.py took 0.209 seconds
[2022-07-06 20:02:26,142] {processor.py:153} INFO - Started process (PID=748) to work on /home/airflow/.local/lib/python3.7/site-packages/airflow/example_dags/tutorial.py
[2022-07-06 20:02:26,170] {processor.py:641} INFO - Processing file /home/airflow/.local/lib/python3.7/site-packages/airflow/example_dags/tutorial.py for tasks to queue
[2022-07-06 20:02:26,171] {logging_mixin.py:115} INFO - [2022-07-06 20:02:26,171] {dagbag.py:507} INFO - Filling up the DagBag from /home/airflow/.local/lib/python3.7/site-packages/airflow/example_dags/tutorial.py
[2022-07-06 20:02:26,177] {processor.py:651} INFO - DAG(s) dict_keys(['tutorial']) retrieved from /home/airflow/.local/lib/python3.7/site-packages/airflow/example_dags/tutorial.py
[2022-07-06 20:02:26,206] {logging_mixin.py:115} INFO - [2022-07-06 20:02:26,206] {dag.py:2379} INFO - Sync 1 DAGs
[2022-07-06 20:02:26,301] {logging_mixin.py:115} INFO - [2022-07-06 20:02:26,301] {dag.py:2931} INFO - Setting next_dagrun for tutorial to 2022-07-05T20:02:26.301393+00:00, run_after=2022-07-06T20:02:26.301393+00:00
[2022-07-06 20:02:26,345] {processor.py:161} INFO - Processing /home/airflow/.local/lib/python3.7/site-packages/airflow/example_dags/tutorial.py took 0.206 seconds
[2022-07-06 20:03:00,193] {processor.py:153} INFO - Started process (PID=808) to work on /home/airflow/.local/lib/python3.7/site-packages/airflow/example_dags/tutorial.py
[2022-07-06 20:03:00,400] {processor.py:641} INFO - Processing file /home/airflow/.local/lib/python3.7/site-packages/airflow/example_dags/tutorial.py for tasks to queue
[2022-07-06 20:03:00,402] {logging_mixin.py:115} INFO - [2022-07-06 20:03:00,401] {dagbag.py:507} INFO - Filling up the DagBag from /home/airflow/.local/lib/python3.7/site-packages/airflow/example_dags/tutorial.py
[2022-07-06 20:03:00,420] {processor.py:651} INFO - DAG(s) dict_keys(['tutorial']) retrieved from /home/airflow/.local/lib/python3.7/site-packages/airflow/example_dags/tutorial.py
[2022-07-06 20:03:00,510] {logging_mixin.py:115} INFO - [2022-07-06 20:03:00,509] {dag.py:2379} INFO - Sync 1 DAGs
[2022-07-06 20:03:00,546] {logging_mixin.py:115} INFO - [2022-07-06 20:03:00,546] {dag.py:2931} INFO - Setting next_dagrun for tutorial to 2022-07-05T20:03:00.545955+00:00, run_after=2022-07-06T20:03:00.545955+00:00
[2022-07-06 20:03:00,809] {processor.py:161} INFO - Processing /home/airflow/.local/lib/python3.7/site-packages/airflow/example_dags/tutorial.py took 0.621 seconds
[2022-07-06 20:03:31,351] {processor.py:153} INFO - Started process (PID=860) to work on /home/airflow/.local/lib/python3.7/site-packages/airflow/example_dags/tutorial.py
[2022-07-06 20:03:31,413] {processor.py:641} INFO - Processing file /home/airflow/.local/lib/python3.7/site-packages/airflow/example_dags/tutorial.py for tasks to queue
[2022-07-06 20:03:31,414] {logging_mixin.py:115} INFO - [2022-07-06 20:03:31,413] {dagbag.py:507} INFO - Filling up the DagBag from /home/airflow/.local/lib/python3.7/site-packages/airflow/example_dags/tutorial.py
[2022-07-06 20:03:31,423] {processor.py:651} INFO - DAG(s) dict_keys(['tutorial']) retrieved from /home/airflow/.local/lib/python3.7/site-packages/airflow/example_dags/tutorial.py
[2022-07-06 20:03:31,468] {logging_mixin.py:115} INFO - [2022-07-06 20:03:31,468] {dag.py:2379} INFO - Sync 1 DAGs
[2022-07-06 20:03:31,548] {logging_mixin.py:115} INFO - [2022-07-06 20:03:31,548] {dag.py:2931} INFO - Setting next_dagrun for tutorial to 2022-07-05T20:03:31.548059+00:00, run_after=2022-07-06T20:03:31.548059+00:00
[2022-07-06 20:03:31,673] {processor.py:161} INFO - Processing /home/airflow/.local/lib/python3.7/site-packages/airflow/example_dags/tutorial.py took 0.327 seconds
[2022-07-06 20:04:02,236] {processor.py:153} INFO - Started process (PID=912) to work on /home/airflow/.local/lib/python3.7/site-packages/airflow/example_dags/tutorial.py
[2022-07-06 20:04:02,253] {processor.py:641} INFO - Processing file /home/airflow/.local/lib/python3.7/site-packages/airflow/example_dags/tutorial.py for tasks to queue
[2022-07-06 20:04:02,254] {logging_mixin.py:115} INFO - [2022-07-06 20:04:02,254] {dagbag.py:507} INFO - Filling up the DagBag from /home/airflow/.local/lib/python3.7/site-packages/airflow/example_dags/tutorial.py
[2022-07-06 20:04:02,262] {processor.py:651} INFO - DAG(s) dict_keys(['tutorial']) retrieved from /home/airflow/.local/lib/python3.7/site-packages/airflow/example_dags/tutorial.py
[2022-07-06 20:04:02,303] {logging_mixin.py:115} INFO - [2022-07-06 20:04:02,303] {dag.py:2379} INFO - Sync 1 DAGs
[2022-07-06 20:04:02,347] {logging_mixin.py:115} INFO - [2022-07-06 20:04:02,347] {dag.py:2931} INFO - Setting next_dagrun for tutorial to 2022-07-05T20:04:02.347370+00:00, run_after=2022-07-06T20:04:02.347370+00:00
[2022-07-06 20:04:02,383] {processor.py:161} INFO - Processing /home/airflow/.local/lib/python3.7/site-packages/airflow/example_dags/tutorial.py took 0.152 seconds
[2022-07-06 20:04:33,231] {processor.py:153} INFO - Started process (PID=963) to work on /home/airflow/.local/lib/python3.7/site-packages/airflow/example_dags/tutorial.py
[2022-07-06 20:04:33,250] {processor.py:641} INFO - Processing file /home/airflow/.local/lib/python3.7/site-packages/airflow/example_dags/tutorial.py for tasks to queue
[2022-07-06 20:04:33,250] {logging_mixin.py:115} INFO - [2022-07-06 20:04:33,250] {dagbag.py:507} INFO - Filling up the DagBag from /home/airflow/.local/lib/python3.7/site-packages/airflow/example_dags/tutorial.py
[2022-07-06 20:04:33,257] {processor.py:651} INFO - DAG(s) dict_keys(['tutorial']) retrieved from /home/airflow/.local/lib/python3.7/site-packages/airflow/example_dags/tutorial.py
[2022-07-06 20:04:33,293] {logging_mixin.py:115} INFO - [2022-07-06 20:04:33,293] {dag.py:2379} INFO - Sync 1 DAGs
[2022-07-06 20:04:33,332] {logging_mixin.py:115} INFO - [2022-07-06 20:04:33,332] {dag.py:2931} INFO - Setting next_dagrun for tutorial to 2022-07-05T20:04:33.331958+00:00, run_after=2022-07-06T20:04:33.331958+00:00
[2022-07-06 20:04:33,368] {processor.py:161} INFO - Processing /home/airflow/.local/lib/python3.7/site-packages/airflow/example_dags/tutorial.py took 0.141 seconds
[2022-07-06 20:05:04,228] {processor.py:153} INFO - Started process (PID=1025) to work on /home/airflow/.local/lib/python3.7/site-packages/airflow/example_dags/tutorial.py
[2022-07-06 20:05:04,229] {processor.py:641} INFO - Processing file /home/airflow/.local/lib/python3.7/site-packages/airflow/example_dags/tutorial.py for tasks to queue
[2022-07-06 20:05:04,229] {logging_mixin.py:115} INFO - [2022-07-06 20:05:04,229] {dagbag.py:507} INFO - Filling up the DagBag from /home/airflow/.local/lib/python3.7/site-packages/airflow/example_dags/tutorial.py
[2022-07-06 20:05:04,236] {processor.py:651} INFO - DAG(s) dict_keys(['tutorial']) retrieved from /home/airflow/.local/lib/python3.7/site-packages/airflow/example_dags/tutorial.py
[2022-07-06 20:05:04,267] {logging_mixin.py:115} INFO - [2022-07-06 20:05:04,267] {dag.py:2379} INFO - Sync 1 DAGs
[2022-07-06 20:05:04,297] {logging_mixin.py:115} INFO - [2022-07-06 20:05:04,297] {dag.py:2931} INFO - Setting next_dagrun for tutorial to 2022-07-05T20:05:04.297119+00:00, run_after=2022-07-06T20:05:04.297119+00:00
[2022-07-06 20:05:04,330] {processor.py:161} INFO - Processing /home/airflow/.local/lib/python3.7/site-packages/airflow/example_dags/tutorial.py took 0.106 seconds
[2022-07-06 20:05:34,442] {processor.py:153} INFO - Started process (PID=1076) to work on /home/airflow/.local/lib/python3.7/site-packages/airflow/example_dags/tutorial.py
[2022-07-06 20:05:34,446] {processor.py:641} INFO - Processing file /home/airflow/.local/lib/python3.7/site-packages/airflow/example_dags/tutorial.py for tasks to queue
[2022-07-06 20:05:34,447] {logging_mixin.py:115} INFO - [2022-07-06 20:05:34,447] {dagbag.py:507} INFO - Filling up the DagBag from /home/airflow/.local/lib/python3.7/site-packages/airflow/example_dags/tutorial.py
[2022-07-06 20:05:34,455] {processor.py:651} INFO - DAG(s) dict_keys(['tutorial']) retrieved from /home/airflow/.local/lib/python3.7/site-packages/airflow/example_dags/tutorial.py
[2022-07-06 20:05:34,486] {logging_mixin.py:115} INFO - [2022-07-06 20:05:34,486] {dag.py:2379} INFO - Sync 1 DAGs
[2022-07-06 20:05:34,517] {logging_mixin.py:115} INFO - [2022-07-06 20:05:34,517] {dag.py:2931} INFO - Setting next_dagrun for tutorial to 2022-07-05T20:05:34.516756+00:00, run_after=2022-07-06T20:05:34.516756+00:00
[2022-07-06 20:05:34,540] {processor.py:161} INFO - Processing /home/airflow/.local/lib/python3.7/site-packages/airflow/example_dags/tutorial.py took 0.102 seconds
[2022-07-06 20:06:05,156] {processor.py:153} INFO - Started process (PID=1128) to work on /home/airflow/.local/lib/python3.7/site-packages/airflow/example_dags/tutorial.py
[2022-07-06 20:06:05,157] {processor.py:641} INFO - Processing file /home/airflow/.local/lib/python3.7/site-packages/airflow/example_dags/tutorial.py for tasks to queue
[2022-07-06 20:06:05,157] {logging_mixin.py:115} INFO - [2022-07-06 20:06:05,157] {dagbag.py:507} INFO - Filling up the DagBag from /home/airflow/.local/lib/python3.7/site-packages/airflow/example_dags/tutorial.py
[2022-07-06 20:06:05,165] {processor.py:651} INFO - DAG(s) dict_keys(['tutorial']) retrieved from /home/airflow/.local/lib/python3.7/site-packages/airflow/example_dags/tutorial.py
[2022-07-06 20:06:05,197] {logging_mixin.py:115} INFO - [2022-07-06 20:06:05,197] {dag.py:2379} INFO - Sync 1 DAGs
[2022-07-06 20:06:05,226] {logging_mixin.py:115} INFO - [2022-07-06 20:06:05,226] {dag.py:2931} INFO - Setting next_dagrun for tutorial to 2022-07-05T20:06:05.226463+00:00, run_after=2022-07-06T20:06:05.226463+00:00
[2022-07-06 20:06:05,314] {processor.py:161} INFO - Processing /home/airflow/.local/lib/python3.7/site-packages/airflow/example_dags/tutorial.py took 0.164 seconds
[2022-07-06 20:06:35,482] {processor.py:153} INFO - Started process (PID=1189) to work on /home/airflow/.local/lib/python3.7/site-packages/airflow/example_dags/tutorial.py
[2022-07-06 20:06:35,483] {processor.py:641} INFO - Processing file /home/airflow/.local/lib/python3.7/site-packages/airflow/example_dags/tutorial.py for tasks to queue
[2022-07-06 20:06:35,484] {logging_mixin.py:115} INFO - [2022-07-06 20:06:35,484] {dagbag.py:507} INFO - Filling up the DagBag from /home/airflow/.local/lib/python3.7/site-packages/airflow/example_dags/tutorial.py
[2022-07-06 20:06:35,493] {processor.py:651} INFO - DAG(s) dict_keys(['tutorial']) retrieved from /home/airflow/.local/lib/python3.7/site-packages/airflow/example_dags/tutorial.py
[2022-07-06 20:06:35,527] {logging_mixin.py:115} INFO - [2022-07-06 20:06:35,527] {dag.py:2379} INFO - Sync 1 DAGs
[2022-07-06 20:06:35,555] {logging_mixin.py:115} INFO - [2022-07-06 20:06:35,555] {dag.py:2931} INFO - Setting next_dagrun for tutorial to 2022-07-05T20:06:35.555120+00:00, run_after=2022-07-06T20:06:35.555120+00:00
[2022-07-06 20:06:35,590] {processor.py:161} INFO - Processing /home/airflow/.local/lib/python3.7/site-packages/airflow/example_dags/tutorial.py took 0.112 seconds
[2022-07-06 20:07:06,466] {processor.py:153} INFO - Started process (PID=1241) to work on /home/airflow/.local/lib/python3.7/site-packages/airflow/example_dags/tutorial.py
[2022-07-06 20:07:06,466] {processor.py:641} INFO - Processing file /home/airflow/.local/lib/python3.7/site-packages/airflow/example_dags/tutorial.py for tasks to queue
[2022-07-06 20:07:06,467] {logging_mixin.py:115} INFO - [2022-07-06 20:07:06,467] {dagbag.py:507} INFO - Filling up the DagBag from /home/airflow/.local/lib/python3.7/site-packages/airflow/example_dags/tutorial.py
[2022-07-06 20:07:06,475] {processor.py:651} INFO - DAG(s) dict_keys(['tutorial']) retrieved from /home/airflow/.local/lib/python3.7/site-packages/airflow/example_dags/tutorial.py
[2022-07-06 20:07:06,512] {logging_mixin.py:115} INFO - [2022-07-06 20:07:06,512] {dag.py:2379} INFO - Sync 1 DAGs
[2022-07-06 20:07:06,550] {logging_mixin.py:115} INFO - [2022-07-06 20:07:06,550] {dag.py:2931} INFO - Setting next_dagrun for tutorial to 2022-07-05T20:07:06.550100+00:00, run_after=2022-07-06T20:07:06.550100+00:00
[2022-07-06 20:07:06,589] {processor.py:161} INFO - Processing /home/airflow/.local/lib/python3.7/site-packages/airflow/example_dags/tutorial.py took 0.126 seconds
[2022-07-06 20:07:37,807] {processor.py:153} INFO - Started process (PID=1301) to work on /home/airflow/.local/lib/python3.7/site-packages/airflow/example_dags/tutorial.py
[2022-07-06 20:07:37,808] {processor.py:641} INFO - Processing file /home/airflow/.local/lib/python3.7/site-packages/airflow/example_dags/tutorial.py for tasks to queue
[2022-07-06 20:07:37,808] {logging_mixin.py:115} INFO - [2022-07-06 20:07:37,808] {dagbag.py:507} INFO - Filling up the DagBag from /home/airflow/.local/lib/python3.7/site-packages/airflow/example_dags/tutorial.py
[2022-07-06 20:07:37,818] {processor.py:651} INFO - DAG(s) dict_keys(['tutorial']) retrieved from /home/airflow/.local/lib/python3.7/site-packages/airflow/example_dags/tutorial.py
[2022-07-06 20:07:37,880] {logging_mixin.py:115} INFO - [2022-07-06 20:07:37,879] {dag.py:2379} INFO - Sync 1 DAGs
[2022-07-06 20:07:37,980] {logging_mixin.py:115} INFO - [2022-07-06 20:07:37,979] {dag.py:2931} INFO - Setting next_dagrun for tutorial to 2022-07-05T20:07:37.979215+00:00, run_after=2022-07-06T20:07:37.979215+00:00
[2022-07-06 20:07:38,069] {processor.py:161} INFO - Processing /home/airflow/.local/lib/python3.7/site-packages/airflow/example_dags/tutorial.py took 0.266 seconds
[2022-07-06 20:08:09,339] {processor.py:153} INFO - Started process (PID=1353) to work on /home/airflow/.local/lib/python3.7/site-packages/airflow/example_dags/tutorial.py
[2022-07-06 20:08:09,340] {processor.py:641} INFO - Processing file /home/airflow/.local/lib/python3.7/site-packages/airflow/example_dags/tutorial.py for tasks to queue
[2022-07-06 20:08:09,341] {logging_mixin.py:115} INFO - [2022-07-06 20:08:09,341] {dagbag.py:507} INFO - Filling up the DagBag from /home/airflow/.local/lib/python3.7/site-packages/airflow/example_dags/tutorial.py
[2022-07-06 20:08:09,358] {processor.py:651} INFO - DAG(s) dict_keys(['tutorial']) retrieved from /home/airflow/.local/lib/python3.7/site-packages/airflow/example_dags/tutorial.py
[2022-07-06 20:08:09,449] {logging_mixin.py:115} INFO - [2022-07-06 20:08:09,449] {dag.py:2379} INFO - Sync 1 DAGs
[2022-07-06 20:08:09,498] {logging_mixin.py:115} INFO - [2022-07-06 20:08:09,498] {dag.py:2931} INFO - Setting next_dagrun for tutorial to 2022-07-05T20:08:09.497920+00:00, run_after=2022-07-06T20:08:09.497920+00:00
[2022-07-06 20:08:09,531] {processor.py:161} INFO - Processing /home/airflow/.local/lib/python3.7/site-packages/airflow/example_dags/tutorial.py took 0.205 seconds
[2022-07-06 20:08:40,121] {processor.py:153} INFO - Started process (PID=1405) to work on /home/airflow/.local/lib/python3.7/site-packages/airflow/example_dags/tutorial.py
[2022-07-06 20:08:40,246] {processor.py:641} INFO - Processing file /home/airflow/.local/lib/python3.7/site-packages/airflow/example_dags/tutorial.py for tasks to queue
[2022-07-06 20:08:40,249] {logging_mixin.py:115} INFO - [2022-07-06 20:08:40,249] {dagbag.py:507} INFO - Filling up the DagBag from /home/airflow/.local/lib/python3.7/site-packages/airflow/example_dags/tutorial.py
[2022-07-06 20:08:40,300] {processor.py:651} INFO - DAG(s) dict_keys(['tutorial']) retrieved from /home/airflow/.local/lib/python3.7/site-packages/airflow/example_dags/tutorial.py
[2022-07-06 20:08:40,370] {logging_mixin.py:115} INFO - [2022-07-06 20:08:40,370] {dag.py:2379} INFO - Sync 1 DAGs
[2022-07-06 20:08:40,402] {logging_mixin.py:115} INFO - [2022-07-06 20:08:40,402] {dag.py:2931} INFO - Setting next_dagrun for tutorial to 2022-07-05T20:08:40.402078+00:00, run_after=2022-07-06T20:08:40.402078+00:00
[2022-07-06 20:08:40,498] {processor.py:161} INFO - Processing /home/airflow/.local/lib/python3.7/site-packages/airflow/example_dags/tutorial.py took 0.380 seconds
[2022-07-06 20:09:11,049] {processor.py:153} INFO - Started process (PID=1464) to work on /home/airflow/.local/lib/python3.7/site-packages/airflow/example_dags/tutorial.py
[2022-07-06 20:09:11,049] {processor.py:641} INFO - Processing file /home/airflow/.local/lib/python3.7/site-packages/airflow/example_dags/tutorial.py for tasks to queue
[2022-07-06 20:09:11,050] {logging_mixin.py:115} INFO - [2022-07-06 20:09:11,050] {dagbag.py:507} INFO - Filling up the DagBag from /home/airflow/.local/lib/python3.7/site-packages/airflow/example_dags/tutorial.py
[2022-07-06 20:09:11,065] {processor.py:651} INFO - DAG(s) dict_keys(['tutorial']) retrieved from /home/airflow/.local/lib/python3.7/site-packages/airflow/example_dags/tutorial.py
[2022-07-06 20:09:11,120] {logging_mixin.py:115} INFO - [2022-07-06 20:09:11,120] {dag.py:2379} INFO - Sync 1 DAGs
[2022-07-06 20:09:11,166] {logging_mixin.py:115} INFO - [2022-07-06 20:09:11,166] {dag.py:2931} INFO - Setting next_dagrun for tutorial to 2022-07-05T20:09:11.166326+00:00, run_after=2022-07-06T20:09:11.166326+00:00
[2022-07-06 20:09:11,212] {processor.py:161} INFO - Processing /home/airflow/.local/lib/python3.7/site-packages/airflow/example_dags/tutorial.py took 0.166 seconds
[2022-07-06 20:09:41,821] {processor.py:153} INFO - Started process (PID=1516) to work on /home/airflow/.local/lib/python3.7/site-packages/airflow/example_dags/tutorial.py
[2022-07-06 20:09:41,839] {processor.py:641} INFO - Processing file /home/airflow/.local/lib/python3.7/site-packages/airflow/example_dags/tutorial.py for tasks to queue
[2022-07-06 20:09:41,840] {logging_mixin.py:115} INFO - [2022-07-06 20:09:41,840] {dagbag.py:507} INFO - Filling up the DagBag from /home/airflow/.local/lib/python3.7/site-packages/airflow/example_dags/tutorial.py
[2022-07-06 20:09:41,846] {processor.py:651} INFO - DAG(s) dict_keys(['tutorial']) retrieved from /home/airflow/.local/lib/python3.7/site-packages/airflow/example_dags/tutorial.py
[2022-07-06 20:09:41,878] {logging_mixin.py:115} INFO - [2022-07-06 20:09:41,878] {dag.py:2379} INFO - Sync 1 DAGs
[2022-07-06 20:09:41,911] {logging_mixin.py:115} INFO - [2022-07-06 20:09:41,911] {dag.py:2931} INFO - Setting next_dagrun for tutorial to 2022-07-05T20:09:41.910733+00:00, run_after=2022-07-06T20:09:41.910733+00:00
[2022-07-06 20:09:41,957] {processor.py:161} INFO - Processing /home/airflow/.local/lib/python3.7/site-packages/airflow/example_dags/tutorial.py took 0.139 seconds
[2022-07-06 20:10:13,030] {processor.py:153} INFO - Started process (PID=1568) to work on /home/airflow/.local/lib/python3.7/site-packages/airflow/example_dags/tutorial.py
[2022-07-06 20:10:13,045] {processor.py:641} INFO - Processing file /home/airflow/.local/lib/python3.7/site-packages/airflow/example_dags/tutorial.py for tasks to queue
[2022-07-06 20:10:13,046] {logging_mixin.py:115} INFO - [2022-07-06 20:10:13,045] {dagbag.py:507} INFO - Filling up the DagBag from /home/airflow/.local/lib/python3.7/site-packages/airflow/example_dags/tutorial.py
[2022-07-06 20:10:13,052] {processor.py:651} INFO - DAG(s) dict_keys(['tutorial']) retrieved from /home/airflow/.local/lib/python3.7/site-packages/airflow/example_dags/tutorial.py
[2022-07-06 20:10:13,084] {logging_mixin.py:115} INFO - [2022-07-06 20:10:13,084] {dag.py:2379} INFO - Sync 1 DAGs
[2022-07-06 20:10:13,116] {logging_mixin.py:115} INFO - [2022-07-06 20:10:13,116] {dag.py:2931} INFO - Setting next_dagrun for tutorial to 2022-07-05T20:10:13.116186+00:00, run_after=2022-07-06T20:10:13.116186+00:00
[2022-07-06 20:10:13,151] {processor.py:161} INFO - Processing /home/airflow/.local/lib/python3.7/site-packages/airflow/example_dags/tutorial.py took 0.125 seconds
[2022-07-06 20:10:44,008] {processor.py:153} INFO - Started process (PID=1629) to work on /home/airflow/.local/lib/python3.7/site-packages/airflow/example_dags/tutorial.py
[2022-07-06 20:10:44,008] {processor.py:641} INFO - Processing file /home/airflow/.local/lib/python3.7/site-packages/airflow/example_dags/tutorial.py for tasks to queue
[2022-07-06 20:10:44,009] {logging_mixin.py:115} INFO - [2022-07-06 20:10:44,009] {dagbag.py:507} INFO - Filling up the DagBag from /home/airflow/.local/lib/python3.7/site-packages/airflow/example_dags/tutorial.py
[2022-07-06 20:10:44,018] {processor.py:651} INFO - DAG(s) dict_keys(['tutorial']) retrieved from /home/airflow/.local/lib/python3.7/site-packages/airflow/example_dags/tutorial.py
[2022-07-06 20:10:44,056] {logging_mixin.py:115} INFO - [2022-07-06 20:10:44,056] {dag.py:2379} INFO - Sync 1 DAGs
[2022-07-06 20:10:44,095] {logging_mixin.py:115} INFO - [2022-07-06 20:10:44,095] {dag.py:2931} INFO - Setting next_dagrun for tutorial to 2022-07-05T20:10:44.095002+00:00, run_after=2022-07-06T20:10:44.095002+00:00
[2022-07-06 20:10:44,127] {processor.py:161} INFO - Processing /home/airflow/.local/lib/python3.7/site-packages/airflow/example_dags/tutorial.py took 0.124 seconds
[2022-07-06 20:11:14,578] {processor.py:153} INFO - Started process (PID=1681) to work on /home/airflow/.local/lib/python3.7/site-packages/airflow/example_dags/tutorial.py
[2022-07-06 20:11:14,579] {processor.py:641} INFO - Processing file /home/airflow/.local/lib/python3.7/site-packages/airflow/example_dags/tutorial.py for tasks to queue
[2022-07-06 20:11:14,579] {logging_mixin.py:115} INFO - [2022-07-06 20:11:14,579] {dagbag.py:507} INFO - Filling up the DagBag from /home/airflow/.local/lib/python3.7/site-packages/airflow/example_dags/tutorial.py
[2022-07-06 20:11:14,586] {processor.py:651} INFO - DAG(s) dict_keys(['tutorial']) retrieved from /home/airflow/.local/lib/python3.7/site-packages/airflow/example_dags/tutorial.py
[2022-07-06 20:11:14,617] {logging_mixin.py:115} INFO - [2022-07-06 20:11:14,617] {dag.py:2379} INFO - Sync 1 DAGs
[2022-07-06 20:11:14,658] {logging_mixin.py:115} INFO - [2022-07-06 20:11:14,658] {dag.py:2931} INFO - Setting next_dagrun for tutorial to 2022-07-05T20:11:14.657911+00:00, run_after=2022-07-06T20:11:14.657911+00:00
[2022-07-06 20:11:14,692] {processor.py:161} INFO - Processing /home/airflow/.local/lib/python3.7/site-packages/airflow/example_dags/tutorial.py took 0.117 seconds
[2022-07-06 20:11:45,362] {processor.py:153} INFO - Started process (PID=1742) to work on /home/airflow/.local/lib/python3.7/site-packages/airflow/example_dags/tutorial.py
[2022-07-06 20:11:45,491] {processor.py:641} INFO - Processing file /home/airflow/.local/lib/python3.7/site-packages/airflow/example_dags/tutorial.py for tasks to queue
[2022-07-06 20:11:45,529] {logging_mixin.py:115} INFO - [2022-07-06 20:11:45,529] {dagbag.py:507} INFO - Filling up the DagBag from /home/airflow/.local/lib/python3.7/site-packages/airflow/example_dags/tutorial.py
[2022-07-06 20:11:45,543] {processor.py:651} INFO - DAG(s) dict_keys(['tutorial']) retrieved from /home/airflow/.local/lib/python3.7/site-packages/airflow/example_dags/tutorial.py
[2022-07-06 20:11:45,658] {logging_mixin.py:115} INFO - [2022-07-06 20:11:45,658] {dag.py:2379} INFO - Sync 1 DAGs
[2022-07-06 20:11:45,702] {logging_mixin.py:115} INFO - [2022-07-06 20:11:45,702] {dag.py:2931} INFO - Setting next_dagrun for tutorial to 2022-07-05T20:11:45.701621+00:00, run_after=2022-07-06T20:11:45.701621+00:00
[2022-07-06 20:11:45,748] {processor.py:161} INFO - Processing /home/airflow/.local/lib/python3.7/site-packages/airflow/example_dags/tutorial.py took 0.391 seconds
[2022-07-06 20:12:16,046] {processor.py:153} INFO - Started process (PID=1794) to work on /home/airflow/.local/lib/python3.7/site-packages/airflow/example_dags/tutorial.py
[2022-07-06 20:12:16,048] {processor.py:641} INFO - Processing file /home/airflow/.local/lib/python3.7/site-packages/airflow/example_dags/tutorial.py for tasks to queue
[2022-07-06 20:12:16,049] {logging_mixin.py:115} INFO - [2022-07-06 20:12:16,048] {dagbag.py:507} INFO - Filling up the DagBag from /home/airflow/.local/lib/python3.7/site-packages/airflow/example_dags/tutorial.py
[2022-07-06 20:12:16,060] {processor.py:651} INFO - DAG(s) dict_keys(['tutorial']) retrieved from /home/airflow/.local/lib/python3.7/site-packages/airflow/example_dags/tutorial.py
[2022-07-06 20:12:16,093] {logging_mixin.py:115} INFO - [2022-07-06 20:12:16,093] {dag.py:2379} INFO - Sync 1 DAGs
[2022-07-06 20:12:16,121] {logging_mixin.py:115} INFO - [2022-07-06 20:12:16,121] {dag.py:2931} INFO - Setting next_dagrun for tutorial to 2022-07-05T20:12:16.121314+00:00, run_after=2022-07-06T20:12:16.121314+00:00
[2022-07-06 20:12:16,159] {processor.py:161} INFO - Processing /home/airflow/.local/lib/python3.7/site-packages/airflow/example_dags/tutorial.py took 0.122 seconds
[2022-07-06 20:12:46,647] {processor.py:153} INFO - Started process (PID=1844) to work on /home/airflow/.local/lib/python3.7/site-packages/airflow/example_dags/tutorial.py
[2022-07-06 20:12:46,664] {processor.py:641} INFO - Processing file /home/airflow/.local/lib/python3.7/site-packages/airflow/example_dags/tutorial.py for tasks to queue
[2022-07-06 20:12:46,664] {logging_mixin.py:115} INFO - [2022-07-06 20:12:46,664] {dagbag.py:507} INFO - Filling up the DagBag from /home/airflow/.local/lib/python3.7/site-packages/airflow/example_dags/tutorial.py
[2022-07-06 20:12:46,670] {processor.py:651} INFO - DAG(s) dict_keys(['tutorial']) retrieved from /home/airflow/.local/lib/python3.7/site-packages/airflow/example_dags/tutorial.py
[2022-07-06 20:12:46,703] {logging_mixin.py:115} INFO - [2022-07-06 20:12:46,703] {dag.py:2379} INFO - Sync 1 DAGs
[2022-07-06 20:12:46,733] {logging_mixin.py:115} INFO - [2022-07-06 20:12:46,732] {dag.py:2931} INFO - Setting next_dagrun for tutorial to 2022-07-05T20:12:46.732418+00:00, run_after=2022-07-06T20:12:46.732418+00:00
[2022-07-06 20:12:46,762] {processor.py:161} INFO - Processing /home/airflow/.local/lib/python3.7/site-packages/airflow/example_dags/tutorial.py took 0.119 seconds
[2022-07-06 20:13:17,715] {processor.py:153} INFO - Started process (PID=1902) to work on /home/airflow/.local/lib/python3.7/site-packages/airflow/example_dags/tutorial.py
[2022-07-06 20:13:17,716] {processor.py:641} INFO - Processing file /home/airflow/.local/lib/python3.7/site-packages/airflow/example_dags/tutorial.py for tasks to queue
[2022-07-06 20:13:17,716] {logging_mixin.py:115} INFO - [2022-07-06 20:13:17,716] {dagbag.py:507} INFO - Filling up the DagBag from /home/airflow/.local/lib/python3.7/site-packages/airflow/example_dags/tutorial.py
[2022-07-06 20:13:17,725] {processor.py:651} INFO - DAG(s) dict_keys(['tutorial']) retrieved from /home/airflow/.local/lib/python3.7/site-packages/airflow/example_dags/tutorial.py
[2022-07-06 20:13:17,762] {logging_mixin.py:115} INFO - [2022-07-06 20:13:17,762] {dag.py:2379} INFO - Sync 1 DAGs
[2022-07-06 20:13:17,800] {logging_mixin.py:115} INFO - [2022-07-06 20:13:17,800] {dag.py:2931} INFO - Setting next_dagrun for tutorial to 2022-07-05T20:13:17.800298+00:00, run_after=2022-07-06T20:13:17.800298+00:00
[2022-07-06 20:13:17,837] {processor.py:161} INFO - Processing /home/airflow/.local/lib/python3.7/site-packages/airflow/example_dags/tutorial.py took 0.126 seconds
[2022-07-06 20:14:44,906] {processor.py:153} INFO - Started process (PID=2005) to work on /home/airflow/.local/lib/python3.7/site-packages/airflow/example_dags/tutorial.py
[2022-07-06 20:14:44,936] {processor.py:641} INFO - Processing file /home/airflow/.local/lib/python3.7/site-packages/airflow/example_dags/tutorial.py for tasks to queue
[2022-07-06 20:14:44,941] {logging_mixin.py:115} INFO - [2022-07-06 20:14:44,941] {dagbag.py:507} INFO - Filling up the DagBag from /home/airflow/.local/lib/python3.7/site-packages/airflow/example_dags/tutorial.py
[2022-07-06 20:14:44,962] {processor.py:651} INFO - DAG(s) dict_keys(['tutorial']) retrieved from /home/airflow/.local/lib/python3.7/site-packages/airflow/example_dags/tutorial.py
[2022-07-06 20:14:45,016] {logging_mixin.py:115} INFO - [2022-07-06 20:14:45,016] {dag.py:2379} INFO - Sync 1 DAGs
[2022-07-06 20:14:45,064] {logging_mixin.py:115} INFO - [2022-07-06 20:14:45,064] {dag.py:2931} INFO - Setting next_dagrun for tutorial to 2022-07-05T20:14:45.064285+00:00, run_after=2022-07-06T20:14:45.064285+00:00
[2022-07-06 20:14:45,130] {processor.py:161} INFO - Processing /home/airflow/.local/lib/python3.7/site-packages/airflow/example_dags/tutorial.py took 0.233 seconds
[2022-07-06 20:15:23,310] {processor.py:153} INFO - Started process (PID=2065) to work on /home/airflow/.local/lib/python3.7/site-packages/airflow/example_dags/tutorial.py
[2022-07-06 20:15:23,349] {processor.py:641} INFO - Processing file /home/airflow/.local/lib/python3.7/site-packages/airflow/example_dags/tutorial.py for tasks to queue
[2022-07-06 20:15:23,350] {logging_mixin.py:115} INFO - [2022-07-06 20:15:23,350] {dagbag.py:507} INFO - Filling up the DagBag from /home/airflow/.local/lib/python3.7/site-packages/airflow/example_dags/tutorial.py
[2022-07-06 20:15:23,357] {processor.py:651} INFO - DAG(s) dict_keys(['tutorial']) retrieved from /home/airflow/.local/lib/python3.7/site-packages/airflow/example_dags/tutorial.py
[2022-07-06 20:15:23,390] {logging_mixin.py:115} INFO - [2022-07-06 20:15:23,390] {dag.py:2379} INFO - Sync 1 DAGs
[2022-07-06 20:15:23,421] {logging_mixin.py:115} INFO - [2022-07-06 20:15:23,421] {dag.py:2931} INFO - Setting next_dagrun for tutorial to 2022-07-05T20:15:23.421296+00:00, run_after=2022-07-06T20:15:23.421296+00:00
[2022-07-06 20:15:23,471] {processor.py:161} INFO - Processing /home/airflow/.local/lib/python3.7/site-packages/airflow/example_dags/tutorial.py took 0.164 seconds
[2022-07-06 20:16:13,088] {processor.py:153} INFO - Started process (PID=2137) to work on /home/airflow/.local/lib/python3.7/site-packages/airflow/example_dags/tutorial.py
[2022-07-06 20:16:13,098] {processor.py:641} INFO - Processing file /home/airflow/.local/lib/python3.7/site-packages/airflow/example_dags/tutorial.py for tasks to queue
[2022-07-06 20:16:13,099] {logging_mixin.py:115} INFO - [2022-07-06 20:16:13,099] {dagbag.py:507} INFO - Filling up the DagBag from /home/airflow/.local/lib/python3.7/site-packages/airflow/example_dags/tutorial.py
[2022-07-06 20:16:13,106] {processor.py:651} INFO - DAG(s) dict_keys(['tutorial']) retrieved from /home/airflow/.local/lib/python3.7/site-packages/airflow/example_dags/tutorial.py
[2022-07-06 20:16:13,145] {logging_mixin.py:115} INFO - [2022-07-06 20:16:13,145] {dag.py:2379} INFO - Sync 1 DAGs
[2022-07-06 20:16:13,190] {logging_mixin.py:115} INFO - [2022-07-06 20:16:13,190] {dag.py:2931} INFO - Setting next_dagrun for tutorial to 2022-07-05T20:16:13.189651+00:00, run_after=2022-07-06T20:16:13.189651+00:00
[2022-07-06 20:16:13,231] {processor.py:161} INFO - Processing /home/airflow/.local/lib/python3.7/site-packages/airflow/example_dags/tutorial.py took 0.147 seconds
[2022-07-06 20:16:43,949] {processor.py:153} INFO - Started process (PID=2188) to work on /home/airflow/.local/lib/python3.7/site-packages/airflow/example_dags/tutorial.py
[2022-07-06 20:16:43,950] {processor.py:641} INFO - Processing file /home/airflow/.local/lib/python3.7/site-packages/airflow/example_dags/tutorial.py for tasks to queue
[2022-07-06 20:16:43,950] {logging_mixin.py:115} INFO - [2022-07-06 20:16:43,950] {dagbag.py:507} INFO - Filling up the DagBag from /home/airflow/.local/lib/python3.7/site-packages/airflow/example_dags/tutorial.py
[2022-07-06 20:16:43,957] {processor.py:651} INFO - DAG(s) dict_keys(['tutorial']) retrieved from /home/airflow/.local/lib/python3.7/site-packages/airflow/example_dags/tutorial.py
[2022-07-06 20:16:43,993] {logging_mixin.py:115} INFO - [2022-07-06 20:16:43,993] {dag.py:2379} INFO - Sync 1 DAGs
[2022-07-06 20:16:44,038] {logging_mixin.py:115} INFO - [2022-07-06 20:16:44,038] {dag.py:2931} INFO - Setting next_dagrun for tutorial to 2022-07-05T20:16:44.038129+00:00, run_after=2022-07-06T20:16:44.038129+00:00
[2022-07-06 20:16:44,075] {processor.py:161} INFO - Processing /home/airflow/.local/lib/python3.7/site-packages/airflow/example_dags/tutorial.py took 0.130 seconds
[2022-07-06 20:17:14,905] {processor.py:153} INFO - Started process (PID=2249) to work on /home/airflow/.local/lib/python3.7/site-packages/airflow/example_dags/tutorial.py
[2022-07-06 20:17:14,925] {processor.py:641} INFO - Processing file /home/airflow/.local/lib/python3.7/site-packages/airflow/example_dags/tutorial.py for tasks to queue
[2022-07-06 20:17:14,926] {logging_mixin.py:115} INFO - [2022-07-06 20:17:14,926] {dagbag.py:507} INFO - Filling up the DagBag from /home/airflow/.local/lib/python3.7/site-packages/airflow/example_dags/tutorial.py
[2022-07-06 20:17:14,937] {processor.py:651} INFO - DAG(s) dict_keys(['tutorial']) retrieved from /home/airflow/.local/lib/python3.7/site-packages/airflow/example_dags/tutorial.py
[2022-07-06 20:17:14,981] {logging_mixin.py:115} INFO - [2022-07-06 20:17:14,981] {dag.py:2379} INFO - Sync 1 DAGs
[2022-07-06 20:17:15,023] {logging_mixin.py:115} INFO - [2022-07-06 20:17:15,023] {dag.py:2931} INFO - Setting next_dagrun for tutorial to 2022-07-05T20:17:15.022716+00:00, run_after=2022-07-06T20:17:15.022716+00:00
[2022-07-06 20:17:15,061] {processor.py:161} INFO - Processing /home/airflow/.local/lib/python3.7/site-packages/airflow/example_dags/tutorial.py took 0.161 seconds
[2022-07-06 20:17:45,389] {processor.py:153} INFO - Started process (PID=2301) to work on /home/airflow/.local/lib/python3.7/site-packages/airflow/example_dags/tutorial.py
[2022-07-06 20:17:45,389] {processor.py:641} INFO - Processing file /home/airflow/.local/lib/python3.7/site-packages/airflow/example_dags/tutorial.py for tasks to queue
[2022-07-06 20:17:45,390] {logging_mixin.py:115} INFO - [2022-07-06 20:17:45,390] {dagbag.py:507} INFO - Filling up the DagBag from /home/airflow/.local/lib/python3.7/site-packages/airflow/example_dags/tutorial.py
[2022-07-06 20:17:45,398] {processor.py:651} INFO - DAG(s) dict_keys(['tutorial']) retrieved from /home/airflow/.local/lib/python3.7/site-packages/airflow/example_dags/tutorial.py
[2022-07-06 20:17:45,448] {logging_mixin.py:115} INFO - [2022-07-06 20:17:45,448] {dag.py:2379} INFO - Sync 1 DAGs
[2022-07-06 20:17:45,480] {logging_mixin.py:115} INFO - [2022-07-06 20:17:45,480] {dag.py:2931} INFO - Setting next_dagrun for tutorial to 2022-07-05T20:17:45.479788+00:00, run_after=2022-07-06T20:17:45.479788+00:00
[2022-07-06 20:17:45,681] {processor.py:161} INFO - Processing /home/airflow/.local/lib/python3.7/site-packages/airflow/example_dags/tutorial.py took 0.297 seconds
[2022-07-06 20:18:17,440] {processor.py:153} INFO - Started process (PID=2367) to work on /home/airflow/.local/lib/python3.7/site-packages/airflow/example_dags/tutorial.py
[2022-07-06 20:18:17,451] {processor.py:641} INFO - Processing file /home/airflow/.local/lib/python3.7/site-packages/airflow/example_dags/tutorial.py for tasks to queue
[2022-07-06 20:18:17,452] {logging_mixin.py:115} INFO - [2022-07-06 20:18:17,452] {dagbag.py:507} INFO - Filling up the DagBag from /home/airflow/.local/lib/python3.7/site-packages/airflow/example_dags/tutorial.py
[2022-07-06 20:18:17,460] {processor.py:651} INFO - DAG(s) dict_keys(['tutorial']) retrieved from /home/airflow/.local/lib/python3.7/site-packages/airflow/example_dags/tutorial.py
[2022-07-06 20:18:17,498] {logging_mixin.py:115} INFO - [2022-07-06 20:18:17,498] {dag.py:2379} INFO - Sync 1 DAGs
[2022-07-06 20:18:17,541] {logging_mixin.py:115} INFO - [2022-07-06 20:18:17,540] {dag.py:2931} INFO - Setting next_dagrun for tutorial to 2022-07-05T20:18:17.540227+00:00, run_after=2022-07-06T20:18:17.540227+00:00
[2022-07-06 20:18:17,577] {processor.py:161} INFO - Processing /home/airflow/.local/lib/python3.7/site-packages/airflow/example_dags/tutorial.py took 0.142 seconds
[2022-07-06 20:18:48,096] {processor.py:153} INFO - Started process (PID=2419) to work on /home/airflow/.local/lib/python3.7/site-packages/airflow/example_dags/tutorial.py
[2022-07-06 20:18:48,097] {processor.py:641} INFO - Processing file /home/airflow/.local/lib/python3.7/site-packages/airflow/example_dags/tutorial.py for tasks to queue
[2022-07-06 20:18:48,097] {logging_mixin.py:115} INFO - [2022-07-06 20:18:48,097] {dagbag.py:507} INFO - Filling up the DagBag from /home/airflow/.local/lib/python3.7/site-packages/airflow/example_dags/tutorial.py
[2022-07-06 20:18:48,104] {processor.py:651} INFO - DAG(s) dict_keys(['tutorial']) retrieved from /home/airflow/.local/lib/python3.7/site-packages/airflow/example_dags/tutorial.py
[2022-07-06 20:18:48,137] {logging_mixin.py:115} INFO - [2022-07-06 20:18:48,137] {dag.py:2379} INFO - Sync 1 DAGs
[2022-07-06 20:18:48,168] {logging_mixin.py:115} INFO - [2022-07-06 20:18:48,168] {dag.py:2931} INFO - Setting next_dagrun for tutorial to 2022-07-05T20:18:48.168076+00:00, run_after=2022-07-06T20:18:48.168076+00:00
[2022-07-06 20:18:48,197] {processor.py:161} INFO - Processing /home/airflow/.local/lib/python3.7/site-packages/airflow/example_dags/tutorial.py took 0.104 seconds
[2022-07-06 20:19:19,021] {processor.py:153} INFO - Started process (PID=2478) to work on /home/airflow/.local/lib/python3.7/site-packages/airflow/example_dags/tutorial.py
[2022-07-06 20:19:19,033] {processor.py:641} INFO - Processing file /home/airflow/.local/lib/python3.7/site-packages/airflow/example_dags/tutorial.py for tasks to queue
[2022-07-06 20:19:19,034] {logging_mixin.py:115} INFO - [2022-07-06 20:19:19,034] {dagbag.py:507} INFO - Filling up the DagBag from /home/airflow/.local/lib/python3.7/site-packages/airflow/example_dags/tutorial.py
[2022-07-06 20:19:19,044] {processor.py:651} INFO - DAG(s) dict_keys(['tutorial']) retrieved from /home/airflow/.local/lib/python3.7/site-packages/airflow/example_dags/tutorial.py
[2022-07-06 20:19:19,087] {logging_mixin.py:115} INFO - [2022-07-06 20:19:19,087] {dag.py:2379} INFO - Sync 1 DAGs
[2022-07-06 20:19:19,136] {logging_mixin.py:115} INFO - [2022-07-06 20:19:19,136] {dag.py:2931} INFO - Setting next_dagrun for tutorial to 2022-07-05T20:19:19.136035+00:00, run_after=2022-07-06T20:19:19.136035+00:00
[2022-07-06 20:19:19,170] {processor.py:161} INFO - Processing /home/airflow/.local/lib/python3.7/site-packages/airflow/example_dags/tutorial.py took 0.157 seconds
[2022-07-06 20:19:50,892] {processor.py:153} INFO - Started process (PID=2536) to work on /home/airflow/.local/lib/python3.7/site-packages/airflow/example_dags/tutorial.py
[2022-07-06 20:19:50,893] {processor.py:641} INFO - Processing file /home/airflow/.local/lib/python3.7/site-packages/airflow/example_dags/tutorial.py for tasks to queue
[2022-07-06 20:19:50,893] {logging_mixin.py:115} INFO - [2022-07-06 20:19:50,893] {dagbag.py:507} INFO - Filling up the DagBag from /home/airflow/.local/lib/python3.7/site-packages/airflow/example_dags/tutorial.py
[2022-07-06 20:19:50,900] {processor.py:651} INFO - DAG(s) dict_keys(['tutorial']) retrieved from /home/airflow/.local/lib/python3.7/site-packages/airflow/example_dags/tutorial.py
[2022-07-06 20:19:50,943] {logging_mixin.py:115} INFO - [2022-07-06 20:19:50,943] {dag.py:2379} INFO - Sync 1 DAGs
[2022-07-06 20:19:50,975] {logging_mixin.py:115} INFO - [2022-07-06 20:19:50,975] {dag.py:2931} INFO - Setting next_dagrun for tutorial to 2022-07-05T20:19:50.974796+00:00, run_after=2022-07-06T20:19:50.974796+00:00
[2022-07-06 20:19:51,006] {processor.py:161} INFO - Processing /home/airflow/.local/lib/python3.7/site-packages/airflow/example_dags/tutorial.py took 0.118 seconds
[2022-07-06 20:20:24,734] {processor.py:153} INFO - Started process (PID=2598) to work on /home/airflow/.local/lib/python3.7/site-packages/airflow/example_dags/tutorial.py
[2022-07-06 20:20:24,737] {processor.py:641} INFO - Processing file /home/airflow/.local/lib/python3.7/site-packages/airflow/example_dags/tutorial.py for tasks to queue
[2022-07-06 20:20:24,738] {logging_mixin.py:115} INFO - [2022-07-06 20:20:24,738] {dagbag.py:507} INFO - Filling up the DagBag from /home/airflow/.local/lib/python3.7/site-packages/airflow/example_dags/tutorial.py
[2022-07-06 20:20:24,752] {processor.py:651} INFO - DAG(s) dict_keys(['tutorial']) retrieved from /home/airflow/.local/lib/python3.7/site-packages/airflow/example_dags/tutorial.py
[2022-07-06 20:20:24,850] {logging_mixin.py:115} INFO - [2022-07-06 20:20:24,850] {dag.py:2379} INFO - Sync 1 DAGs
[2022-07-06 20:20:24,913] {logging_mixin.py:115} INFO - [2022-07-06 20:20:24,913] {dag.py:2931} INFO - Setting next_dagrun for tutorial to 2022-07-05T20:20:24.913045+00:00, run_after=2022-07-06T20:20:24.913045+00:00
[2022-07-06 20:20:24,983] {processor.py:161} INFO - Processing /home/airflow/.local/lib/python3.7/site-packages/airflow/example_dags/tutorial.py took 0.254 seconds
[2022-07-06 20:20:55,819] {processor.py:153} INFO - Started process (PID=2651) to work on /home/airflow/.local/lib/python3.7/site-packages/airflow/example_dags/tutorial.py
[2022-07-06 20:20:55,819] {processor.py:641} INFO - Processing file /home/airflow/.local/lib/python3.7/site-packages/airflow/example_dags/tutorial.py for tasks to queue
[2022-07-06 20:20:55,820] {logging_mixin.py:115} INFO - [2022-07-06 20:20:55,820] {dagbag.py:507} INFO - Filling up the DagBag from /home/airflow/.local/lib/python3.7/site-packages/airflow/example_dags/tutorial.py
[2022-07-06 20:20:55,828] {processor.py:651} INFO - DAG(s) dict_keys(['tutorial']) retrieved from /home/airflow/.local/lib/python3.7/site-packages/airflow/example_dags/tutorial.py
[2022-07-06 20:20:55,860] {logging_mixin.py:115} INFO - [2022-07-06 20:20:55,860] {dag.py:2379} INFO - Sync 1 DAGs
[2022-07-06 20:20:55,891] {logging_mixin.py:115} INFO - [2022-07-06 20:20:55,891] {dag.py:2931} INFO - Setting next_dagrun for tutorial to 2022-07-05T20:20:55.891433+00:00, run_after=2022-07-06T20:20:55.891433+00:00
[2022-07-06 20:20:55,956] {processor.py:161} INFO - Processing /home/airflow/.local/lib/python3.7/site-packages/airflow/example_dags/tutorial.py took 0.142 seconds
[2022-07-06 20:21:26,922] {processor.py:153} INFO - Started process (PID=2703) to work on /home/airflow/.local/lib/python3.7/site-packages/airflow/example_dags/tutorial.py
[2022-07-06 20:21:26,943] {processor.py:641} INFO - Processing file /home/airflow/.local/lib/python3.7/site-packages/airflow/example_dags/tutorial.py for tasks to queue
[2022-07-06 20:21:26,944] {logging_mixin.py:115} INFO - [2022-07-06 20:21:26,944] {dagbag.py:507} INFO - Filling up the DagBag from /home/airflow/.local/lib/python3.7/site-packages/airflow/example_dags/tutorial.py
[2022-07-06 20:21:26,952] {processor.py:651} INFO - DAG(s) dict_keys(['tutorial']) retrieved from /home/airflow/.local/lib/python3.7/site-packages/airflow/example_dags/tutorial.py
[2022-07-06 20:21:26,996] {logging_mixin.py:115} INFO - [2022-07-06 20:21:26,996] {dag.py:2379} INFO - Sync 1 DAGs
[2022-07-06 20:21:27,025] {logging_mixin.py:115} INFO - [2022-07-06 20:21:27,025] {dag.py:2931} INFO - Setting next_dagrun for tutorial to 2022-07-05T20:21:27.025348+00:00, run_after=2022-07-06T20:21:27.025348+00:00
[2022-07-06 20:21:27,052] {processor.py:161} INFO - Processing /home/airflow/.local/lib/python3.7/site-packages/airflow/example_dags/tutorial.py took 0.134 seconds
[2022-07-06 20:21:58,267] {processor.py:153} INFO - Started process (PID=2762) to work on /home/airflow/.local/lib/python3.7/site-packages/airflow/example_dags/tutorial.py
[2022-07-06 20:21:58,267] {processor.py:641} INFO - Processing file /home/airflow/.local/lib/python3.7/site-packages/airflow/example_dags/tutorial.py for tasks to queue
[2022-07-06 20:21:58,268] {logging_mixin.py:115} INFO - [2022-07-06 20:21:58,268] {dagbag.py:507} INFO - Filling up the DagBag from /home/airflow/.local/lib/python3.7/site-packages/airflow/example_dags/tutorial.py
[2022-07-06 20:21:58,275] {processor.py:651} INFO - DAG(s) dict_keys(['tutorial']) retrieved from /home/airflow/.local/lib/python3.7/site-packages/airflow/example_dags/tutorial.py
[2022-07-06 20:21:58,321] {logging_mixin.py:115} INFO - [2022-07-06 20:21:58,320] {dag.py:2379} INFO - Sync 1 DAGs
[2022-07-06 20:21:58,360] {logging_mixin.py:115} INFO - [2022-07-06 20:21:58,360] {dag.py:2931} INFO - Setting next_dagrun for tutorial to 2022-07-05T20:21:58.360059+00:00, run_after=2022-07-06T20:21:58.360059+00:00
[2022-07-06 20:21:58,462] {processor.py:161} INFO - Processing /home/airflow/.local/lib/python3.7/site-packages/airflow/example_dags/tutorial.py took 0.199 seconds
[2022-07-06 20:22:36,180] {processor.py:153} INFO - Started process (PID=2813) to work on /home/airflow/.local/lib/python3.7/site-packages/airflow/example_dags/tutorial.py
[2022-07-06 20:22:36,190] {processor.py:641} INFO - Processing file /home/airflow/.local/lib/python3.7/site-packages/airflow/example_dags/tutorial.py for tasks to queue
[2022-07-06 20:22:36,191] {logging_mixin.py:115} INFO - [2022-07-06 20:22:36,191] {dagbag.py:507} INFO - Filling up the DagBag from /home/airflow/.local/lib/python3.7/site-packages/airflow/example_dags/tutorial.py
[2022-07-06 20:22:36,198] {processor.py:651} INFO - DAG(s) dict_keys(['tutorial']) retrieved from /home/airflow/.local/lib/python3.7/site-packages/airflow/example_dags/tutorial.py
[2022-07-06 20:22:36,231] {logging_mixin.py:115} INFO - [2022-07-06 20:22:36,230] {dag.py:2379} INFO - Sync 1 DAGs
[2022-07-06 20:22:36,260] {logging_mixin.py:115} INFO - [2022-07-06 20:22:36,260] {dag.py:2931} INFO - Setting next_dagrun for tutorial to 2022-07-05T20:22:36.260482+00:00, run_after=2022-07-06T20:22:36.260482+00:00
[2022-07-06 20:22:36,294] {processor.py:161} INFO - Processing /home/airflow/.local/lib/python3.7/site-packages/airflow/example_dags/tutorial.py took 0.118 seconds
[2022-07-06 20:23:07,762] {processor.py:153} INFO - Started process (PID=2870) to work on /home/airflow/.local/lib/python3.7/site-packages/airflow/example_dags/tutorial.py
[2022-07-06 20:23:07,762] {processor.py:641} INFO - Processing file /home/airflow/.local/lib/python3.7/site-packages/airflow/example_dags/tutorial.py for tasks to queue
[2022-07-06 20:23:07,763] {logging_mixin.py:115} INFO - [2022-07-06 20:23:07,763] {dagbag.py:507} INFO - Filling up the DagBag from /home/airflow/.local/lib/python3.7/site-packages/airflow/example_dags/tutorial.py
[2022-07-06 20:23:07,772] {processor.py:651} INFO - DAG(s) dict_keys(['tutorial']) retrieved from /home/airflow/.local/lib/python3.7/site-packages/airflow/example_dags/tutorial.py
[2022-07-06 20:23:07,818] {logging_mixin.py:115} INFO - [2022-07-06 20:23:07,817] {dag.py:2379} INFO - Sync 1 DAGs
[2022-07-06 20:23:07,861] {logging_mixin.py:115} INFO - [2022-07-06 20:23:07,861] {dag.py:2931} INFO - Setting next_dagrun for tutorial to 2022-07-05T20:23:07.861043+00:00, run_after=2022-07-06T20:23:07.861043+00:00
[2022-07-06 20:23:07,896] {processor.py:161} INFO - Processing /home/airflow/.local/lib/python3.7/site-packages/airflow/example_dags/tutorial.py took 0.139 seconds
[2022-07-06 20:23:38,066] {processor.py:153} INFO - Started process (PID=2924) to work on /home/airflow/.local/lib/python3.7/site-packages/airflow/example_dags/tutorial.py
[2022-07-06 20:23:38,073] {processor.py:641} INFO - Processing file /home/airflow/.local/lib/python3.7/site-packages/airflow/example_dags/tutorial.py for tasks to queue
[2022-07-06 20:23:38,074] {logging_mixin.py:115} INFO - [2022-07-06 20:23:38,074] {dagbag.py:507} INFO - Filling up the DagBag from /home/airflow/.local/lib/python3.7/site-packages/airflow/example_dags/tutorial.py
[2022-07-06 20:23:38,099] {processor.py:651} INFO - DAG(s) dict_keys(['tutorial']) retrieved from /home/airflow/.local/lib/python3.7/site-packages/airflow/example_dags/tutorial.py
[2022-07-06 20:23:38,151] {logging_mixin.py:115} INFO - [2022-07-06 20:23:38,151] {dag.py:2379} INFO - Sync 1 DAGs
[2022-07-06 20:23:38,184] {logging_mixin.py:115} INFO - [2022-07-06 20:23:38,184] {dag.py:2931} INFO - Setting next_dagrun for tutorial to 2022-07-05T20:23:38.184121+00:00, run_after=2022-07-06T20:23:38.184121+00:00
[2022-07-06 20:23:38,415] {processor.py:161} INFO - Processing /home/airflow/.local/lib/python3.7/site-packages/airflow/example_dags/tutorial.py took 0.354 seconds
[2022-07-06 20:24:09,793] {processor.py:153} INFO - Started process (PID=2976) to work on /home/airflow/.local/lib/python3.7/site-packages/airflow/example_dags/tutorial.py
[2022-07-06 20:24:09,808] {processor.py:641} INFO - Processing file /home/airflow/.local/lib/python3.7/site-packages/airflow/example_dags/tutorial.py for tasks to queue
[2022-07-06 20:24:09,809] {logging_mixin.py:115} INFO - [2022-07-06 20:24:09,809] {dagbag.py:507} INFO - Filling up the DagBag from /home/airflow/.local/lib/python3.7/site-packages/airflow/example_dags/tutorial.py
[2022-07-06 20:24:09,818] {processor.py:651} INFO - DAG(s) dict_keys(['tutorial']) retrieved from /home/airflow/.local/lib/python3.7/site-packages/airflow/example_dags/tutorial.py
[2022-07-06 20:24:09,862] {logging_mixin.py:115} INFO - [2022-07-06 20:24:09,862] {dag.py:2379} INFO - Sync 1 DAGs
[2022-07-06 20:24:09,903] {logging_mixin.py:115} INFO - [2022-07-06 20:24:09,903] {dag.py:2931} INFO - Setting next_dagrun for tutorial to 2022-07-05T20:24:09.902547+00:00, run_after=2022-07-06T20:24:09.902547+00:00
[2022-07-06 20:24:09,937] {processor.py:161} INFO - Processing /home/airflow/.local/lib/python3.7/site-packages/airflow/example_dags/tutorial.py took 0.149 seconds
[2022-07-06 20:24:43,489] {processor.py:153} INFO - Started process (PID=3042) to work on /home/airflow/.local/lib/python3.7/site-packages/airflow/example_dags/tutorial.py
[2022-07-06 20:24:43,505] {processor.py:641} INFO - Processing file /home/airflow/.local/lib/python3.7/site-packages/airflow/example_dags/tutorial.py for tasks to queue
[2022-07-06 20:24:43,506] {logging_mixin.py:115} INFO - [2022-07-06 20:24:43,506] {dagbag.py:507} INFO - Filling up the DagBag from /home/airflow/.local/lib/python3.7/site-packages/airflow/example_dags/tutorial.py
[2022-07-06 20:24:43,562] {processor.py:651} INFO - DAG(s) dict_keys(['tutorial']) retrieved from /home/airflow/.local/lib/python3.7/site-packages/airflow/example_dags/tutorial.py
[2022-07-06 20:24:43,662] {logging_mixin.py:115} INFO - [2022-07-06 20:24:43,662] {dag.py:2379} INFO - Sync 1 DAGs
[2022-07-06 20:24:43,718] {logging_mixin.py:115} INFO - [2022-07-06 20:24:43,718] {dag.py:2931} INFO - Setting next_dagrun for tutorial to 2022-07-05T20:24:43.717355+00:00, run_after=2022-07-06T20:24:43.717355+00:00
[2022-07-06 20:24:43,770] {processor.py:161} INFO - Processing /home/airflow/.local/lib/python3.7/site-packages/airflow/example_dags/tutorial.py took 0.305 seconds
[2022-07-06 20:25:14,225] {processor.py:153} INFO - Started process (PID=3094) to work on /home/airflow/.local/lib/python3.7/site-packages/airflow/example_dags/tutorial.py
[2022-07-06 20:25:14,225] {processor.py:641} INFO - Processing file /home/airflow/.local/lib/python3.7/site-packages/airflow/example_dags/tutorial.py for tasks to queue
[2022-07-06 20:25:14,226] {logging_mixin.py:115} INFO - [2022-07-06 20:25:14,226] {dagbag.py:507} INFO - Filling up the DagBag from /home/airflow/.local/lib/python3.7/site-packages/airflow/example_dags/tutorial.py
[2022-07-06 20:25:14,241] {processor.py:651} INFO - DAG(s) dict_keys(['tutorial']) retrieved from /home/airflow/.local/lib/python3.7/site-packages/airflow/example_dags/tutorial.py
[2022-07-06 20:25:14,296] {logging_mixin.py:115} INFO - [2022-07-06 20:25:14,296] {dag.py:2379} INFO - Sync 1 DAGs
[2022-07-06 20:25:14,349] {logging_mixin.py:115} INFO - [2022-07-06 20:25:14,348] {dag.py:2931} INFO - Setting next_dagrun for tutorial to 2022-07-05T20:25:14.348205+00:00, run_after=2022-07-06T20:25:14.348205+00:00
[2022-07-06 20:25:14,398] {processor.py:161} INFO - Processing /home/airflow/.local/lib/python3.7/site-packages/airflow/example_dags/tutorial.py took 0.179 seconds
[2022-07-06 20:25:44,941] {processor.py:153} INFO - Started process (PID=3157) to work on /home/airflow/.local/lib/python3.7/site-packages/airflow/example_dags/tutorial.py
[2022-07-06 20:25:44,957] {processor.py:641} INFO - Processing file /home/airflow/.local/lib/python3.7/site-packages/airflow/example_dags/tutorial.py for tasks to queue
[2022-07-06 20:25:44,958] {logging_mixin.py:115} INFO - [2022-07-06 20:25:44,958] {dagbag.py:507} INFO - Filling up the DagBag from /home/airflow/.local/lib/python3.7/site-packages/airflow/example_dags/tutorial.py
[2022-07-06 20:25:44,965] {processor.py:651} INFO - DAG(s) dict_keys(['tutorial']) retrieved from /home/airflow/.local/lib/python3.7/site-packages/airflow/example_dags/tutorial.py
[2022-07-06 20:25:45,009] {logging_mixin.py:115} INFO - [2022-07-06 20:25:45,009] {dag.py:2379} INFO - Sync 1 DAGs
[2022-07-06 20:25:45,051] {logging_mixin.py:115} INFO - [2022-07-06 20:25:45,051] {dag.py:2931} INFO - Setting next_dagrun for tutorial to 2022-07-05T20:25:45.051023+00:00, run_after=2022-07-06T20:25:45.051023+00:00
[2022-07-06 20:25:45,085] {processor.py:161} INFO - Processing /home/airflow/.local/lib/python3.7/site-packages/airflow/example_dags/tutorial.py took 0.149 seconds
[2022-07-06 20:26:16,873] {processor.py:153} INFO - Started process (PID=3208) to work on /home/airflow/.local/lib/python3.7/site-packages/airflow/example_dags/tutorial.py
[2022-07-06 20:26:16,874] {processor.py:641} INFO - Processing file /home/airflow/.local/lib/python3.7/site-packages/airflow/example_dags/tutorial.py for tasks to queue
[2022-07-06 20:26:16,875] {logging_mixin.py:115} INFO - [2022-07-06 20:26:16,874] {dagbag.py:507} INFO - Filling up the DagBag from /home/airflow/.local/lib/python3.7/site-packages/airflow/example_dags/tutorial.py
[2022-07-06 20:26:16,901] {processor.py:651} INFO - DAG(s) dict_keys(['tutorial']) retrieved from /home/airflow/.local/lib/python3.7/site-packages/airflow/example_dags/tutorial.py
[2022-07-06 20:26:17,049] {logging_mixin.py:115} INFO - [2022-07-06 20:26:17,049] {dag.py:2379} INFO - Sync 1 DAGs
[2022-07-06 20:26:17,126] {logging_mixin.py:115} INFO - [2022-07-06 20:26:17,125] {dag.py:2931} INFO - Setting next_dagrun for tutorial to 2022-07-05T20:26:17.125339+00:00, run_after=2022-07-06T20:26:17.125339+00:00
[2022-07-06 20:26:17,205] {processor.py:161} INFO - Processing /home/airflow/.local/lib/python3.7/site-packages/airflow/example_dags/tutorial.py took 0.355 seconds
[2022-07-06 20:26:47,932] {processor.py:153} INFO - Started process (PID=3271) to work on /home/airflow/.local/lib/python3.7/site-packages/airflow/example_dags/tutorial.py
[2022-07-06 20:26:47,978] {processor.py:641} INFO - Processing file /home/airflow/.local/lib/python3.7/site-packages/airflow/example_dags/tutorial.py for tasks to queue
[2022-07-06 20:26:47,979] {logging_mixin.py:115} INFO - [2022-07-06 20:26:47,979] {dagbag.py:507} INFO - Filling up the DagBag from /home/airflow/.local/lib/python3.7/site-packages/airflow/example_dags/tutorial.py
[2022-07-06 20:26:47,989] {processor.py:651} INFO - DAG(s) dict_keys(['tutorial']) retrieved from /home/airflow/.local/lib/python3.7/site-packages/airflow/example_dags/tutorial.py
[2022-07-06 20:26:48,029] {logging_mixin.py:115} INFO - [2022-07-06 20:26:48,029] {dag.py:2379} INFO - Sync 1 DAGs
[2022-07-06 20:26:48,062] {logging_mixin.py:115} INFO - [2022-07-06 20:26:48,062] {dag.py:2931} INFO - Setting next_dagrun for tutorial to 2022-07-05T20:26:48.061654+00:00, run_after=2022-07-06T20:26:48.061654+00:00
[2022-07-06 20:26:48,083] {processor.py:161} INFO - Processing /home/airflow/.local/lib/python3.7/site-packages/airflow/example_dags/tutorial.py took 0.156 seconds
