[2022-07-12 23:02:15,725] {taskinstance.py:1159} INFO - Dependencies all met for <TaskInstance: bitcoin.parse_tuple manual__2022-07-12T23:01:58.625581+00:00 [queued]>
[2022-07-12 23:02:15,757] {taskinstance.py:1159} INFO - Dependencies all met for <TaskInstance: bitcoin.parse_tuple manual__2022-07-12T23:01:58.625581+00:00 [queued]>
[2022-07-12 23:02:15,757] {taskinstance.py:1356} INFO - 
--------------------------------------------------------------------------------
[2022-07-12 23:02:15,757] {taskinstance.py:1357} INFO - Starting attempt 1 of 1
[2022-07-12 23:02:15,757] {taskinstance.py:1358} INFO - 
--------------------------------------------------------------------------------
[2022-07-12 23:02:15,819] {taskinstance.py:1377} INFO - Executing <Task(PythonOperator): parse_tuple> on 2022-07-12 23:01:58.625581+00:00
[2022-07-12 23:02:15,825] {standard_task_runner.py:52} INFO - Started process 1039 to run task
[2022-07-12 23:02:15,829] {standard_task_runner.py:79} INFO - Running: ['***', 'tasks', 'run', 'bitcoin', 'parse_tuple', 'manual__2022-07-12T23:01:58.625581+00:00', '--job-id', '91', '--raw', '--subdir', 'DAGS_FOLDER/projeto_api.py', '--cfg-path', '/tmp/tmpx3p08hc4', '--error-file', '/tmp/tmpxhtxe4iy']
[2022-07-12 23:02:15,830] {standard_task_runner.py:80} INFO - Job 91: Subtask parse_tuple
[2022-07-12 23:02:15,999] {task_command.py:370} INFO - Running <TaskInstance: bitcoin.parse_tuple manual__2022-07-12T23:01:58.625581+00:00 [running]> on host a68ceb55903d
[2022-07-12 23:02:16,173] {taskinstance.py:1571} INFO - Exporting the following env vars:
AIRFLOW_CTX_DAG_OWNER=***
AIRFLOW_CTX_DAG_ID=bitcoin
AIRFLOW_CTX_TASK_ID=parse_tuple
AIRFLOW_CTX_EXECUTION_DATE=2022-07-12T23:01:58.625581+00:00
AIRFLOW_CTX_TRY_NUMBER=1
AIRFLOW_CTX_DAG_RUN_ID=manual__2022-07-12T23:01:58.625581+00:00
[2022-07-12 23:02:16,188] {python.py:173} INFO - Done. Returned value was: ['2022-07-10', 112650.51249518, 108864.65169488, 108394.36, 112908.99738712, '3293926.47888429', '29.77558944', 2602, 110625.06371273]
[2022-07-12 23:02:16,241] {taskinstance.py:1400} INFO - Marking task as SUCCESS. dag_id=bitcoin, task_id=parse_tuple, execution_date=20220712T230158, start_date=20220712T230215, end_date=20220712T230216
[2022-07-12 23:02:16,283] {local_task_job.py:156} INFO - Task exited with return code 0
[2022-07-12 23:02:16,394] {local_task_job.py:273} INFO - 0 downstream tasks scheduled from follow-on schedule check
