[2022-07-12 01:21:33,383] {taskinstance.py:1159} INFO - Dependencies all met for <TaskInstance: bitcoin.parse_tuple manual__2022-07-12T01:21:30.110361+00:00 [queued]>
[2022-07-12 01:21:33,403] {taskinstance.py:1159} INFO - Dependencies all met for <TaskInstance: bitcoin.parse_tuple manual__2022-07-12T01:21:30.110361+00:00 [queued]>
[2022-07-12 01:21:33,403] {taskinstance.py:1356} INFO - 
--------------------------------------------------------------------------------
[2022-07-12 01:21:33,403] {taskinstance.py:1357} INFO - Starting attempt 1 of 1
[2022-07-12 01:21:33,403] {taskinstance.py:1358} INFO - 
--------------------------------------------------------------------------------
[2022-07-12 01:21:33,453] {taskinstance.py:1377} INFO - Executing <Task(PythonOperator): parse_tuple> on 2022-07-12 01:21:30.110361+00:00
[2022-07-12 01:21:33,461] {standard_task_runner.py:52} INFO - Started process 5415 to run task
[2022-07-12 01:21:33,470] {standard_task_runner.py:79} INFO - Running: ['***', 'tasks', 'run', 'bitcoin', 'parse_tuple', 'manual__2022-07-12T01:21:30.110361+00:00', '--job-id', '44', '--raw', '--subdir', 'DAGS_FOLDER/projeto_api.py', '--cfg-path', '/tmp/tmpln1a6ver', '--error-file', '/tmp/tmp0i5tshm7']
[2022-07-12 01:21:33,471] {standard_task_runner.py:80} INFO - Job 44: Subtask parse_tuple
[2022-07-12 01:21:33,627] {task_command.py:370} INFO - Running <TaskInstance: bitcoin.parse_tuple manual__2022-07-12T01:21:30.110361+00:00 [running]> on host 54ef6f590a3a
[2022-07-12 01:21:33,988] {taskinstance.py:1571} INFO - Exporting the following env vars:
AIRFLOW_CTX_DAG_OWNER=***
AIRFLOW_CTX_DAG_ID=bitcoin
AIRFLOW_CTX_TASK_ID=parse_tuple
AIRFLOW_CTX_EXECUTION_DATE=2022-07-12T01:21:30.110361+00:00
AIRFLOW_CTX_TRY_NUMBER=1
AIRFLOW_CTX_DAG_RUN_ID=manual__2022-07-12T01:21:30.110361+00:00
[2022-07-12 01:21:34,015] {logging_mixin.py:115} INFO - <class 'list'>
[2022-07-12 01:21:34,016] {python.py:173} INFO - Done. Returned value was: ['{"date":"2022-07-10","opening":112650.51249518,"closing":108864.65169488,"lowest":108394.36,"highest":112908.99738712,"volume":"3293926.47888429","quantity":"29.77558944","amount":2602,"avg_price":110625.06371273}']
[2022-07-12 01:21:34,134] {taskinstance.py:1400} INFO - Marking task as SUCCESS. dag_id=bitcoin, task_id=parse_tuple, execution_date=20220712T012130, start_date=20220712T012133, end_date=20220712T012134
[2022-07-12 01:21:34,189] {local_task_job.py:156} INFO - Task exited with return code 0
[2022-07-12 01:21:34,297] {local_task_job.py:273} INFO - 0 downstream tasks scheduled from follow-on schedule check
