[2022-07-12 01:39:09,475] {taskinstance.py:1159} INFO - Dependencies all met for <TaskInstance: bitcoin.parse_tuple manual__2022-07-12T01:39:04.653407+00:00 [queued]>
[2022-07-12 01:39:09,492] {taskinstance.py:1159} INFO - Dependencies all met for <TaskInstance: bitcoin.parse_tuple manual__2022-07-12T01:39:04.653407+00:00 [queued]>
[2022-07-12 01:39:09,492] {taskinstance.py:1356} INFO - 
--------------------------------------------------------------------------------
[2022-07-12 01:39:09,493] {taskinstance.py:1357} INFO - Starting attempt 1 of 1
[2022-07-12 01:39:09,493] {taskinstance.py:1358} INFO - 
--------------------------------------------------------------------------------
[2022-07-12 01:39:09,636] {taskinstance.py:1377} INFO - Executing <Task(PythonOperator): parse_tuple> on 2022-07-12 01:39:04.653407+00:00
[2022-07-12 01:39:09,643] {standard_task_runner.py:52} INFO - Started process 6151 to run task
[2022-07-12 01:39:09,646] {standard_task_runner.py:79} INFO - Running: ['***', 'tasks', 'run', 'bitcoin', 'parse_tuple', 'manual__2022-07-12T01:39:04.653407+00:00', '--job-id', '56', '--raw', '--subdir', 'DAGS_FOLDER/projeto_api.py', '--cfg-path', '/tmp/tmpo0ivmg3e', '--error-file', '/tmp/tmptwdqnsxd']
[2022-07-12 01:39:09,647] {standard_task_runner.py:80} INFO - Job 56: Subtask parse_tuple
[2022-07-12 01:39:09,769] {task_command.py:370} INFO - Running <TaskInstance: bitcoin.parse_tuple manual__2022-07-12T01:39:04.653407+00:00 [running]> on host 54ef6f590a3a
[2022-07-12 01:39:10,107] {taskinstance.py:1571} INFO - Exporting the following env vars:
AIRFLOW_CTX_DAG_OWNER=***
AIRFLOW_CTX_DAG_ID=bitcoin
AIRFLOW_CTX_TASK_ID=parse_tuple
AIRFLOW_CTX_EXECUTION_DATE=2022-07-12T01:39:04.653407+00:00
AIRFLOW_CTX_TRY_NUMBER=1
AIRFLOW_CTX_DAG_RUN_ID=manual__2022-07-12T01:39:04.653407+00:00
[2022-07-12 01:39:10,131] {logging_mixin.py:115} INFO - ['{']
[2022-07-12 01:39:10,131] {python.py:173} INFO - Done. Returned value was: ['{"date":"2022-07-10","opening":112650.51249518,"closing":108864.65169488,"lowest":108394.36,"highest":112908.99738712,"volume":"3293926.47888429","quantity":"29.77558944","amount":2602,"avg_price":110625.06371273}']
[2022-07-12 01:39:10,250] {taskinstance.py:1400} INFO - Marking task as SUCCESS. dag_id=bitcoin, task_id=parse_tuple, execution_date=20220712T013904, start_date=20220712T013909, end_date=20220712T013910
[2022-07-12 01:39:10,305] {local_task_job.py:156} INFO - Task exited with return code 0
[2022-07-12 01:39:10,411] {local_task_job.py:273} INFO - 0 downstream tasks scheduled from follow-on schedule check
