[2022-07-12 00:58:34,905] {taskinstance.py:1159} INFO - Dependencies all met for <TaskInstance: bitcoin.get_api manual__2022-07-12T00:58:32.876337+00:00 [queued]>
[2022-07-12 00:58:34,925] {taskinstance.py:1159} INFO - Dependencies all met for <TaskInstance: bitcoin.get_api manual__2022-07-12T00:58:32.876337+00:00 [queued]>
[2022-07-12 00:58:34,926] {taskinstance.py:1356} INFO - 
--------------------------------------------------------------------------------
[2022-07-12 00:58:34,926] {taskinstance.py:1357} INFO - Starting attempt 1 of 1
[2022-07-12 00:58:34,926] {taskinstance.py:1358} INFO - 
--------------------------------------------------------------------------------
[2022-07-12 00:58:34,981] {taskinstance.py:1377} INFO - Executing <Task(PythonOperator): get_api> on 2022-07-12 00:58:32.876337+00:00
[2022-07-12 00:58:34,988] {standard_task_runner.py:52} INFO - Started process 4453 to run task
[2022-07-12 00:58:34,993] {standard_task_runner.py:79} INFO - Running: ['***', 'tasks', 'run', 'bitcoin', 'get_api', 'manual__2022-07-12T00:58:32.876337+00:00', '--job-id', '25', '--raw', '--subdir', 'DAGS_FOLDER/projeto_api.py', '--cfg-path', '/tmp/tmpw2gezb3_', '--error-file', '/tmp/tmpsy6qi0eu']
[2022-07-12 00:58:34,993] {standard_task_runner.py:80} INFO - Job 25: Subtask get_api
[2022-07-12 00:58:35,090] {task_command.py:370} INFO - Running <TaskInstance: bitcoin.get_api manual__2022-07-12T00:58:32.876337+00:00 [running]> on host 54ef6f590a3a
[2022-07-12 00:58:35,255] {taskinstance.py:1571} INFO - Exporting the following env vars:
AIRFLOW_CTX_DAG_OWNER=***
AIRFLOW_CTX_DAG_ID=bitcoin
AIRFLOW_CTX_TASK_ID=get_api
AIRFLOW_CTX_EXECUTION_DATE=2022-07-12T00:58:32.876337+00:00
AIRFLOW_CTX_TRY_NUMBER=1
AIRFLOW_CTX_DAG_RUN_ID=manual__2022-07-12T00:58:32.876337+00:00
[2022-07-12 00:58:35,714] {python.py:173} INFO - Done. Returned value was: {"date":"2022-07-10","opening":112650.51249518,"closing":108864.65169488,"lowest":108394.36,"highest":112908.99738712,"volume":"3293926.47888429","quantity":"29.77558944","amount":2602,"avg_price":110625.06371273}
[2022-07-12 00:58:35,826] {taskinstance.py:1400} INFO - Marking task as SUCCESS. dag_id=bitcoin, task_id=get_api, execution_date=20220712T005832, start_date=20220712T005834, end_date=20220712T005835
[2022-07-12 00:58:35,888] {local_task_job.py:156} INFO - Task exited with return code 0
[2022-07-12 00:58:36,034] {local_task_job.py:273} INFO - 0 downstream tasks scheduled from follow-on schedule check
