[2022-07-12 01:00:03,342] {taskinstance.py:1159} INFO - Dependencies all met for <TaskInstance: bitcoin.get_api manual__2022-07-12T01:00:01.714712+00:00 [queued]>
[2022-07-12 01:00:03,357] {taskinstance.py:1159} INFO - Dependencies all met for <TaskInstance: bitcoin.get_api manual__2022-07-12T01:00:01.714712+00:00 [queued]>
[2022-07-12 01:00:03,357] {taskinstance.py:1356} INFO - 
--------------------------------------------------------------------------------
[2022-07-12 01:00:03,357] {taskinstance.py:1357} INFO - Starting attempt 1 of 1
[2022-07-12 01:00:03,357] {taskinstance.py:1358} INFO - 
--------------------------------------------------------------------------------
[2022-07-12 01:00:03,386] {taskinstance.py:1377} INFO - Executing <Task(PythonOperator): get_api> on 2022-07-12 01:00:01.714712+00:00
[2022-07-12 01:00:03,392] {standard_task_runner.py:52} INFO - Started process 4516 to run task
[2022-07-12 01:00:03,396] {standard_task_runner.py:79} INFO - Running: ['***', 'tasks', 'run', 'bitcoin', 'get_api', 'manual__2022-07-12T01:00:01.714712+00:00', '--job-id', '26', '--raw', '--subdir', 'DAGS_FOLDER/projeto_api.py', '--cfg-path', '/tmp/tmpt6pvups_', '--error-file', '/tmp/tmpw1bbl9zo']
[2022-07-12 01:00:03,397] {standard_task_runner.py:80} INFO - Job 26: Subtask get_api
[2022-07-12 01:00:03,475] {task_command.py:370} INFO - Running <TaskInstance: bitcoin.get_api manual__2022-07-12T01:00:01.714712+00:00 [running]> on host 54ef6f590a3a
[2022-07-12 01:00:03,591] {taskinstance.py:1571} INFO - Exporting the following env vars:
AIRFLOW_CTX_DAG_OWNER=***
AIRFLOW_CTX_DAG_ID=bitcoin
AIRFLOW_CTX_TASK_ID=get_api
AIRFLOW_CTX_EXECUTION_DATE=2022-07-12T01:00:01.714712+00:00
AIRFLOW_CTX_TRY_NUMBER=1
AIRFLOW_CTX_DAG_RUN_ID=manual__2022-07-12T01:00:01.714712+00:00
[2022-07-12 01:00:03,787] {python.py:173} INFO - Done. Returned value was: {"error": "Invalid requested day: only past days have summarized data."}
[2022-07-12 01:00:03,840] {taskinstance.py:1400} INFO - Marking task as SUCCESS. dag_id=bitcoin, task_id=get_api, execution_date=20220712T010001, start_date=20220712T010003, end_date=20220712T010003
[2022-07-12 01:00:03,889] {local_task_job.py:156} INFO - Task exited with return code 0
[2022-07-12 01:00:03,951] {local_task_job.py:273} INFO - 0 downstream tasks scheduled from follow-on schedule check
