[2022-07-06 19:38:36,510] {processor.py:153} INFO - Started process (PID=120) to work on /home/airflow/.local/lib/python3.7/site-packages/airflow/example_dags/example_bash_operator.py
[2022-07-06 19:38:36,510] {processor.py:641} INFO - Processing file /home/airflow/.local/lib/python3.7/site-packages/airflow/example_dags/example_bash_operator.py for tasks to queue
[2022-07-06 19:38:36,511] {logging_mixin.py:115} INFO - [2022-07-06 19:38:36,511] {dagbag.py:507} INFO - Filling up the DagBag from /home/airflow/.local/lib/python3.7/site-packages/airflow/example_dags/example_bash_operator.py
[2022-07-06 19:38:37,652] {processor.py:651} INFO - DAG(s) dict_keys(['example_bash_operator']) retrieved from /home/airflow/.local/lib/python3.7/site-packages/airflow/example_dags/example_bash_operator.py
[2022-07-06 19:38:38,139] {logging_mixin.py:115} INFO - [2022-07-06 19:38:38,139] {manager.py:508} INFO - Created Permission View: can delete on DAG:example_bash_operator
[2022-07-06 19:38:38,311] {logging_mixin.py:115} INFO - [2022-07-06 19:38:38,311] {manager.py:508} INFO - Created Permission View: can edit on DAG:example_bash_operator
[2022-07-06 19:38:38,622] {logging_mixin.py:115} INFO - [2022-07-06 19:38:38,621] {manager.py:508} INFO - Created Permission View: can read on DAG:example_bash_operator
[2022-07-06 19:38:38,623] {logging_mixin.py:115} INFO - [2022-07-06 19:38:38,622] {dag.py:2379} INFO - Sync 1 DAGs
[2022-07-06 19:38:38,657] {logging_mixin.py:115} INFO - [2022-07-06 19:38:38,657] {dag.py:2398} INFO - Creating ORM DAG for example_bash_operator
[2022-07-06 19:38:38,678] {logging_mixin.py:115} INFO - [2022-07-06 19:38:38,678] {dag.py:2931} INFO - Setting next_dagrun for example_bash_operator to 2022-07-05T00:00:00+00:00, run_after=2022-07-06T00:00:00+00:00
[2022-07-06 19:38:38,813] {processor.py:161} INFO - Processing /home/airflow/.local/lib/python3.7/site-packages/airflow/example_dags/example_bash_operator.py took 2.308 seconds
[2022-07-06 19:39:43,679] {processor.py:153} INFO - Started process (PID=186) to work on /home/airflow/.local/lib/python3.7/site-packages/airflow/example_dags/example_bash_operator.py
[2022-07-06 19:39:43,826] {processor.py:641} INFO - Processing file /home/airflow/.local/lib/python3.7/site-packages/airflow/example_dags/example_bash_operator.py for tasks to queue
[2022-07-06 19:39:43,827] {logging_mixin.py:115} INFO - [2022-07-06 19:39:43,827] {dagbag.py:507} INFO - Filling up the DagBag from /home/airflow/.local/lib/python3.7/site-packages/airflow/example_dags/example_bash_operator.py
[2022-07-06 19:39:44,170] {processor.py:651} INFO - DAG(s) dict_keys(['example_bash_operator']) retrieved from /home/airflow/.local/lib/python3.7/site-packages/airflow/example_dags/example_bash_operator.py
[2022-07-06 19:39:44,200] {logging_mixin.py:115} INFO - [2022-07-06 19:39:44,199] {dag.py:2379} INFO - Sync 1 DAGs
[2022-07-06 19:39:44,225] {logging_mixin.py:115} INFO - [2022-07-06 19:39:44,225] {dag.py:2931} INFO - Setting next_dagrun for example_bash_operator to 2022-07-05T00:00:00+00:00, run_after=2022-07-06T00:00:00+00:00
[2022-07-06 19:39:44,493] {processor.py:161} INFO - Processing /home/airflow/.local/lib/python3.7/site-packages/airflow/example_dags/example_bash_operator.py took 0.818 seconds
[2022-07-06 19:40:14,994] {processor.py:153} INFO - Started process (PID=230) to work on /home/airflow/.local/lib/python3.7/site-packages/airflow/example_dags/example_bash_operator.py
[2022-07-06 19:40:15,021] {processor.py:641} INFO - Processing file /home/airflow/.local/lib/python3.7/site-packages/airflow/example_dags/example_bash_operator.py for tasks to queue
[2022-07-06 19:40:15,023] {logging_mixin.py:115} INFO - [2022-07-06 19:40:15,023] {dagbag.py:507} INFO - Filling up the DagBag from /home/airflow/.local/lib/python3.7/site-packages/airflow/example_dags/example_bash_operator.py
[2022-07-06 19:40:15,081] {processor.py:651} INFO - DAG(s) dict_keys(['example_bash_operator']) retrieved from /home/airflow/.local/lib/python3.7/site-packages/airflow/example_dags/example_bash_operator.py
[2022-07-06 19:40:15,131] {logging_mixin.py:115} INFO - [2022-07-06 19:40:15,131] {dag.py:2379} INFO - Sync 1 DAGs
[2022-07-06 19:40:15,157] {logging_mixin.py:115} INFO - [2022-07-06 19:40:15,157] {dag.py:2931} INFO - Setting next_dagrun for example_bash_operator to 2022-07-05T00:00:00+00:00, run_after=2022-07-06T00:00:00+00:00
[2022-07-06 19:40:15,237] {processor.py:161} INFO - Processing /home/airflow/.local/lib/python3.7/site-packages/airflow/example_dags/example_bash_operator.py took 0.252 seconds
[2022-07-06 19:40:45,321] {processor.py:153} INFO - Started process (PID=291) to work on /home/airflow/.local/lib/python3.7/site-packages/airflow/example_dags/example_bash_operator.py
[2022-07-06 19:40:45,322] {processor.py:641} INFO - Processing file /home/airflow/.local/lib/python3.7/site-packages/airflow/example_dags/example_bash_operator.py for tasks to queue
[2022-07-06 19:40:45,323] {logging_mixin.py:115} INFO - [2022-07-06 19:40:45,323] {dagbag.py:507} INFO - Filling up the DagBag from /home/airflow/.local/lib/python3.7/site-packages/airflow/example_dags/example_bash_operator.py
[2022-07-06 19:40:45,359] {processor.py:651} INFO - DAG(s) dict_keys(['example_bash_operator']) retrieved from /home/airflow/.local/lib/python3.7/site-packages/airflow/example_dags/example_bash_operator.py
[2022-07-06 19:40:45,455] {logging_mixin.py:115} INFO - [2022-07-06 19:40:45,454] {dag.py:2379} INFO - Sync 1 DAGs
[2022-07-06 19:40:45,480] {logging_mixin.py:115} INFO - [2022-07-06 19:40:45,480] {dag.py:2931} INFO - Setting next_dagrun for example_bash_operator to 2022-07-05T00:00:00+00:00, run_after=2022-07-06T00:00:00+00:00
[2022-07-06 19:40:45,537] {processor.py:161} INFO - Processing /home/airflow/.local/lib/python3.7/site-packages/airflow/example_dags/example_bash_operator.py took 0.227 seconds
[2022-07-06 19:41:16,233] {processor.py:153} INFO - Started process (PID=343) to work on /home/airflow/.local/lib/python3.7/site-packages/airflow/example_dags/example_bash_operator.py
[2022-07-06 19:41:16,263] {processor.py:641} INFO - Processing file /home/airflow/.local/lib/python3.7/site-packages/airflow/example_dags/example_bash_operator.py for tasks to queue
[2022-07-06 19:41:16,265] {logging_mixin.py:115} INFO - [2022-07-06 19:41:16,264] {dagbag.py:507} INFO - Filling up the DagBag from /home/airflow/.local/lib/python3.7/site-packages/airflow/example_dags/example_bash_operator.py
[2022-07-06 19:41:16,293] {processor.py:651} INFO - DAG(s) dict_keys(['example_bash_operator']) retrieved from /home/airflow/.local/lib/python3.7/site-packages/airflow/example_dags/example_bash_operator.py
[2022-07-06 19:41:16,323] {logging_mixin.py:115} INFO - [2022-07-06 19:41:16,323] {dag.py:2379} INFO - Sync 1 DAGs
[2022-07-06 19:41:16,359] {logging_mixin.py:115} INFO - [2022-07-06 19:41:16,359] {dag.py:2931} INFO - Setting next_dagrun for example_bash_operator to 2022-07-05T00:00:00+00:00, run_after=2022-07-06T00:00:00+00:00
[2022-07-06 19:41:16,401] {processor.py:161} INFO - Processing /home/airflow/.local/lib/python3.7/site-packages/airflow/example_dags/example_bash_operator.py took 0.172 seconds
[2022-07-06 19:41:54,527] {processor.py:153} INFO - Started process (PID=391) to work on /home/airflow/.local/lib/python3.7/site-packages/airflow/example_dags/example_bash_operator.py
[2022-07-06 19:41:54,865] {processor.py:641} INFO - Processing file /home/airflow/.local/lib/python3.7/site-packages/airflow/example_dags/example_bash_operator.py for tasks to queue
[2022-07-06 19:41:55,036] {logging_mixin.py:115} INFO - [2022-07-06 19:41:55,035] {dagbag.py:507} INFO - Filling up the DagBag from /home/airflow/.local/lib/python3.7/site-packages/airflow/example_dags/example_bash_operator.py
[2022-07-06 19:41:58,262] {processor.py:651} INFO - DAG(s) dict_keys(['example_bash_operator']) retrieved from /home/airflow/.local/lib/python3.7/site-packages/airflow/example_dags/example_bash_operator.py
[2022-07-06 19:41:59,406] {logging_mixin.py:115} INFO - [2022-07-06 19:41:59,406] {dag.py:2379} INFO - Sync 1 DAGs
[2022-07-06 19:41:59,440] {logging_mixin.py:115} INFO - [2022-07-06 19:41:59,440] {dag.py:2931} INFO - Setting next_dagrun for example_bash_operator to 2022-07-05T00:00:00+00:00, run_after=2022-07-06T00:00:00+00:00
[2022-07-06 19:42:00,015] {processor.py:161} INFO - Processing /home/airflow/.local/lib/python3.7/site-packages/airflow/example_dags/example_bash_operator.py took 5.499 seconds
[2022-07-06 19:44:06,297] {processor.py:153} INFO - Started process (PID=427) to work on /home/airflow/.local/lib/python3.7/site-packages/airflow/example_dags/example_bash_operator.py
[2022-07-06 19:44:06,690] {processor.py:641} INFO - Processing file /home/airflow/.local/lib/python3.7/site-packages/airflow/example_dags/example_bash_operator.py for tasks to queue
[2022-07-06 19:44:06,691] {logging_mixin.py:115} INFO - [2022-07-06 19:44:06,691] {dagbag.py:507} INFO - Filling up the DagBag from /home/airflow/.local/lib/python3.7/site-packages/airflow/example_dags/example_bash_operator.py
[2022-07-06 19:44:06,817] {processor.py:651} INFO - DAG(s) dict_keys(['example_bash_operator']) retrieved from /home/airflow/.local/lib/python3.7/site-packages/airflow/example_dags/example_bash_operator.py
[2022-07-06 19:44:06,852] {logging_mixin.py:115} INFO - [2022-07-06 19:44:06,852] {dag.py:2379} INFO - Sync 1 DAGs
[2022-07-06 19:44:06,877] {logging_mixin.py:115} INFO - [2022-07-06 19:44:06,877] {dag.py:2931} INFO - Setting next_dagrun for example_bash_operator to 2022-07-05T00:00:00+00:00, run_after=2022-07-06T00:00:00+00:00
[2022-07-06 19:44:07,246] {processor.py:161} INFO - Processing /home/airflow/.local/lib/python3.7/site-packages/airflow/example_dags/example_bash_operator.py took 0.952 seconds
[2022-07-06 19:46:02,346] {processor.py:153} INFO - Started process (PID=490) to work on /home/airflow/.local/lib/python3.7/site-packages/airflow/example_dags/example_bash_operator.py
[2022-07-06 19:46:02,550] {processor.py:641} INFO - Processing file /home/airflow/.local/lib/python3.7/site-packages/airflow/example_dags/example_bash_operator.py for tasks to queue
[2022-07-06 19:46:02,552] {logging_mixin.py:115} INFO - [2022-07-06 19:46:02,552] {dagbag.py:507} INFO - Filling up the DagBag from /home/airflow/.local/lib/python3.7/site-packages/airflow/example_dags/example_bash_operator.py
[2022-07-06 19:46:04,548] {processor.py:651} INFO - DAG(s) dict_keys(['example_bash_operator']) retrieved from /home/airflow/.local/lib/python3.7/site-packages/airflow/example_dags/example_bash_operator.py
[2022-07-06 19:46:04,678] {logging_mixin.py:115} INFO - [2022-07-06 19:46:04,678] {dag.py:2379} INFO - Sync 1 DAGs
[2022-07-06 19:46:04,704] {logging_mixin.py:115} INFO - [2022-07-06 19:46:04,704] {dag.py:2931} INFO - Setting next_dagrun for example_bash_operator to 2022-07-05T00:00:00+00:00, run_after=2022-07-06T00:00:00+00:00
[2022-07-06 19:46:05,707] {processor.py:161} INFO - Processing /home/airflow/.local/lib/python3.7/site-packages/airflow/example_dags/example_bash_operator.py took 3.367 seconds
[2022-07-06 19:54:34,333] {processor.py:153} INFO - Started process (PID=112) to work on /home/airflow/.local/lib/python3.7/site-packages/airflow/example_dags/example_bash_operator.py
[2022-07-06 19:54:34,410] {processor.py:641} INFO - Processing file /home/airflow/.local/lib/python3.7/site-packages/airflow/example_dags/example_bash_operator.py for tasks to queue
[2022-07-06 19:54:34,411] {logging_mixin.py:115} INFO - [2022-07-06 19:54:34,411] {dagbag.py:507} INFO - Filling up the DagBag from /home/airflow/.local/lib/python3.7/site-packages/airflow/example_dags/example_bash_operator.py
[2022-07-06 19:54:34,539] {processor.py:651} INFO - DAG(s) dict_keys(['example_bash_operator']) retrieved from /home/airflow/.local/lib/python3.7/site-packages/airflow/example_dags/example_bash_operator.py
[2022-07-06 19:54:34,574] {logging_mixin.py:115} INFO - [2022-07-06 19:54:34,574] {dag.py:2379} INFO - Sync 1 DAGs
[2022-07-06 19:54:34,606] {logging_mixin.py:115} INFO - [2022-07-06 19:54:34,605] {dag.py:2931} INFO - Setting next_dagrun for example_bash_operator to 2022-07-05T00:00:00+00:00, run_after=2022-07-06T00:00:00+00:00
[2022-07-06 19:54:34,805] {processor.py:161} INFO - Processing /home/airflow/.local/lib/python3.7/site-packages/airflow/example_dags/example_bash_operator.py took 0.478 seconds
[2022-07-06 19:55:07,600] {processor.py:153} INFO - Started process (PID=172) to work on /home/airflow/.local/lib/python3.7/site-packages/airflow/example_dags/example_bash_operator.py
[2022-07-06 19:55:07,774] {processor.py:641} INFO - Processing file /home/airflow/.local/lib/python3.7/site-packages/airflow/example_dags/example_bash_operator.py for tasks to queue
[2022-07-06 19:55:07,775] {logging_mixin.py:115} INFO - [2022-07-06 19:55:07,775] {dagbag.py:507} INFO - Filling up the DagBag from /home/airflow/.local/lib/python3.7/site-packages/airflow/example_dags/example_bash_operator.py
[2022-07-06 19:55:07,793] {processor.py:651} INFO - DAG(s) dict_keys(['example_bash_operator']) retrieved from /home/airflow/.local/lib/python3.7/site-packages/airflow/example_dags/example_bash_operator.py
[2022-07-06 19:55:07,827] {logging_mixin.py:115} INFO - [2022-07-06 19:55:07,827] {dag.py:2379} INFO - Sync 1 DAGs
[2022-07-06 19:55:07,856] {logging_mixin.py:115} INFO - [2022-07-06 19:55:07,856] {dag.py:2931} INFO - Setting next_dagrun for example_bash_operator to 2022-07-05T00:00:00+00:00, run_after=2022-07-06T00:00:00+00:00
[2022-07-06 19:55:08,020] {processor.py:161} INFO - Processing /home/airflow/.local/lib/python3.7/site-packages/airflow/example_dags/example_bash_operator.py took 0.424 seconds
[2022-07-06 19:56:31,777] {processor.py:153} INFO - Started process (PID=252) to work on /home/airflow/.local/lib/python3.7/site-packages/airflow/example_dags/example_bash_operator.py
[2022-07-06 19:56:32,096] {processor.py:641} INFO - Processing file /home/airflow/.local/lib/python3.7/site-packages/airflow/example_dags/example_bash_operator.py for tasks to queue
[2022-07-06 19:56:32,239] {logging_mixin.py:115} INFO - [2022-07-06 19:56:32,238] {dagbag.py:507} INFO - Filling up the DagBag from /home/airflow/.local/lib/python3.7/site-packages/airflow/example_dags/example_bash_operator.py
[2022-07-06 19:56:49,156] {processor.py:651} INFO - DAG(s) dict_keys(['example_bash_operator']) retrieved from /home/airflow/.local/lib/python3.7/site-packages/airflow/example_dags/example_bash_operator.py
[2022-07-06 19:56:52,775] {logging_mixin.py:115} INFO - [2022-07-06 19:56:52,775] {dag.py:2379} INFO - Sync 1 DAGs
[2022-07-06 19:57:08,290] {logging_mixin.py:115} INFO - [2022-07-06 19:57:08,290] {dag.py:2931} INFO - Setting next_dagrun for example_bash_operator to 2022-07-05T00:00:00+00:00, run_after=2022-07-06T00:00:00+00:00
[2022-07-06 19:57:09,893] {processor.py:161} INFO - Processing /home/airflow/.local/lib/python3.7/site-packages/airflow/example_dags/example_bash_operator.py took 37.965 seconds
[2022-07-06 19:58:26,824] {processor.py:153} INFO - Started process (PID=370) to work on /home/airflow/.local/lib/python3.7/site-packages/airflow/example_dags/example_bash_operator.py
[2022-07-06 19:58:26,835] {processor.py:641} INFO - Processing file /home/airflow/.local/lib/python3.7/site-packages/airflow/example_dags/example_bash_operator.py for tasks to queue
[2022-07-06 19:58:26,836] {logging_mixin.py:115} INFO - [2022-07-06 19:58:26,836] {dagbag.py:507} INFO - Filling up the DagBag from /home/airflow/.local/lib/python3.7/site-packages/airflow/example_dags/example_bash_operator.py
[2022-07-06 19:58:26,860] {processor.py:651} INFO - DAG(s) dict_keys(['example_bash_operator']) retrieved from /home/airflow/.local/lib/python3.7/site-packages/airflow/example_dags/example_bash_operator.py
[2022-07-06 19:58:26,893] {logging_mixin.py:115} INFO - [2022-07-06 19:58:26,892] {dag.py:2379} INFO - Sync 1 DAGs
[2022-07-06 19:58:26,924] {logging_mixin.py:115} INFO - [2022-07-06 19:58:26,924] {dag.py:2931} INFO - Setting next_dagrun for example_bash_operator to 2022-07-05T00:00:00+00:00, run_after=2022-07-06T00:00:00+00:00
[2022-07-06 19:58:27,299] {processor.py:161} INFO - Processing /home/airflow/.local/lib/python3.7/site-packages/airflow/example_dags/example_bash_operator.py took 0.479 seconds
[2022-07-06 19:58:57,810] {processor.py:153} INFO - Started process (PID=421) to work on /home/airflow/.local/lib/python3.7/site-packages/airflow/example_dags/example_bash_operator.py
[2022-07-06 19:58:57,811] {processor.py:641} INFO - Processing file /home/airflow/.local/lib/python3.7/site-packages/airflow/example_dags/example_bash_operator.py for tasks to queue
[2022-07-06 19:58:57,812] {logging_mixin.py:115} INFO - [2022-07-06 19:58:57,812] {dagbag.py:507} INFO - Filling up the DagBag from /home/airflow/.local/lib/python3.7/site-packages/airflow/example_dags/example_bash_operator.py
[2022-07-06 19:58:57,835] {processor.py:651} INFO - DAG(s) dict_keys(['example_bash_operator']) retrieved from /home/airflow/.local/lib/python3.7/site-packages/airflow/example_dags/example_bash_operator.py
[2022-07-06 19:58:57,864] {logging_mixin.py:115} INFO - [2022-07-06 19:58:57,864] {dag.py:2379} INFO - Sync 1 DAGs
[2022-07-06 19:58:57,894] {logging_mixin.py:115} INFO - [2022-07-06 19:58:57,894] {dag.py:2931} INFO - Setting next_dagrun for example_bash_operator to 2022-07-05T00:00:00+00:00, run_after=2022-07-06T00:00:00+00:00
[2022-07-06 19:58:58,026] {processor.py:161} INFO - Processing /home/airflow/.local/lib/python3.7/site-packages/airflow/example_dags/example_bash_operator.py took 0.223 seconds
[2022-07-06 19:59:58,239] {processor.py:153} INFO - Started process (PID=492) to work on /home/airflow/.local/lib/python3.7/site-packages/airflow/example_dags/example_bash_operator.py
[2022-07-06 19:59:58,271] {processor.py:641} INFO - Processing file /home/airflow/.local/lib/python3.7/site-packages/airflow/example_dags/example_bash_operator.py for tasks to queue
[2022-07-06 19:59:58,272] {logging_mixin.py:115} INFO - [2022-07-06 19:59:58,272] {dagbag.py:507} INFO - Filling up the DagBag from /home/airflow/.local/lib/python3.7/site-packages/airflow/example_dags/example_bash_operator.py
[2022-07-06 19:59:58,291] {processor.py:651} INFO - DAG(s) dict_keys(['example_bash_operator']) retrieved from /home/airflow/.local/lib/python3.7/site-packages/airflow/example_dags/example_bash_operator.py
[2022-07-06 19:59:58,591] {logging_mixin.py:115} INFO - [2022-07-06 19:59:58,591] {dag.py:2379} INFO - Sync 1 DAGs
[2022-07-06 19:59:58,632] {logging_mixin.py:115} INFO - [2022-07-06 19:59:58,632] {dag.py:2931} INFO - Setting next_dagrun for example_bash_operator to 2022-07-05T00:00:00+00:00, run_after=2022-07-06T00:00:00+00:00
[2022-07-06 19:59:58,690] {processor.py:161} INFO - Processing /home/airflow/.local/lib/python3.7/site-packages/airflow/example_dags/example_bash_operator.py took 0.455 seconds
[2022-07-06 20:00:29,001] {processor.py:153} INFO - Started process (PID=544) to work on /home/airflow/.local/lib/python3.7/site-packages/airflow/example_dags/example_bash_operator.py
[2022-07-06 20:00:29,002] {processor.py:641} INFO - Processing file /home/airflow/.local/lib/python3.7/site-packages/airflow/example_dags/example_bash_operator.py for tasks to queue
[2022-07-06 20:00:29,002] {logging_mixin.py:115} INFO - [2022-07-06 20:00:29,002] {dagbag.py:507} INFO - Filling up the DagBag from /home/airflow/.local/lib/python3.7/site-packages/airflow/example_dags/example_bash_operator.py
[2022-07-06 20:00:29,018] {processor.py:651} INFO - DAG(s) dict_keys(['example_bash_operator']) retrieved from /home/airflow/.local/lib/python3.7/site-packages/airflow/example_dags/example_bash_operator.py
[2022-07-06 20:00:29,050] {logging_mixin.py:115} INFO - [2022-07-06 20:00:29,049] {dag.py:2379} INFO - Sync 1 DAGs
[2022-07-06 20:00:29,097] {logging_mixin.py:115} INFO - [2022-07-06 20:00:29,097] {dag.py:2931} INFO - Setting next_dagrun for example_bash_operator to 2022-07-05T00:00:00+00:00, run_after=2022-07-06T00:00:00+00:00
[2022-07-06 20:00:29,490] {processor.py:161} INFO - Processing /home/airflow/.local/lib/python3.7/site-packages/airflow/example_dags/example_bash_operator.py took 0.492 seconds
[2022-07-06 20:01:09,748] {processor.py:153} INFO - Started process (PID=612) to work on /home/airflow/.local/lib/python3.7/site-packages/airflow/example_dags/example_bash_operator.py
[2022-07-06 20:01:09,773] {processor.py:641} INFO - Processing file /home/airflow/.local/lib/python3.7/site-packages/airflow/example_dags/example_bash_operator.py for tasks to queue
[2022-07-06 20:01:09,773] {logging_mixin.py:115} INFO - [2022-07-06 20:01:09,773] {dagbag.py:507} INFO - Filling up the DagBag from /home/airflow/.local/lib/python3.7/site-packages/airflow/example_dags/example_bash_operator.py
[2022-07-06 20:01:09,788] {processor.py:651} INFO - DAG(s) dict_keys(['example_bash_operator']) retrieved from /home/airflow/.local/lib/python3.7/site-packages/airflow/example_dags/example_bash_operator.py
[2022-07-06 20:01:09,923] {logging_mixin.py:115} INFO - [2022-07-06 20:01:09,923] {dag.py:2379} INFO - Sync 1 DAGs
[2022-07-06 20:01:09,967] {logging_mixin.py:115} INFO - [2022-07-06 20:01:09,967] {dag.py:2931} INFO - Setting next_dagrun for example_bash_operator to 2022-07-05T00:00:00+00:00, run_after=2022-07-06T00:00:00+00:00
[2022-07-06 20:01:10,037] {processor.py:161} INFO - Processing /home/airflow/.local/lib/python3.7/site-packages/airflow/example_dags/example_bash_operator.py took 0.293 seconds
[2022-07-06 20:01:51,534] {processor.py:153} INFO - Started process (PID=673) to work on /home/airflow/.local/lib/python3.7/site-packages/airflow/example_dags/example_bash_operator.py
[2022-07-06 20:01:51,554] {processor.py:641} INFO - Processing file /home/airflow/.local/lib/python3.7/site-packages/airflow/example_dags/example_bash_operator.py for tasks to queue
[2022-07-06 20:01:51,555] {logging_mixin.py:115} INFO - [2022-07-06 20:01:51,555] {dagbag.py:507} INFO - Filling up the DagBag from /home/airflow/.local/lib/python3.7/site-packages/airflow/example_dags/example_bash_operator.py
[2022-07-06 20:01:51,569] {processor.py:651} INFO - DAG(s) dict_keys(['example_bash_operator']) retrieved from /home/airflow/.local/lib/python3.7/site-packages/airflow/example_dags/example_bash_operator.py
[2022-07-06 20:01:51,602] {logging_mixin.py:115} INFO - [2022-07-06 20:01:51,602] {dag.py:2379} INFO - Sync 1 DAGs
[2022-07-06 20:01:51,640] {logging_mixin.py:115} INFO - [2022-07-06 20:01:51,640] {dag.py:2931} INFO - Setting next_dagrun for example_bash_operator to 2022-07-05T00:00:00+00:00, run_after=2022-07-06T00:00:00+00:00
[2022-07-06 20:01:51,716] {processor.py:161} INFO - Processing /home/airflow/.local/lib/python3.7/site-packages/airflow/example_dags/example_bash_operator.py took 0.186 seconds
[2022-07-06 20:02:22,691] {processor.py:153} INFO - Started process (PID=724) to work on /home/airflow/.local/lib/python3.7/site-packages/airflow/example_dags/example_bash_operator.py
[2022-07-06 20:02:22,692] {processor.py:641} INFO - Processing file /home/airflow/.local/lib/python3.7/site-packages/airflow/example_dags/example_bash_operator.py for tasks to queue
[2022-07-06 20:02:22,692] {logging_mixin.py:115} INFO - [2022-07-06 20:02:22,692] {dagbag.py:507} INFO - Filling up the DagBag from /home/airflow/.local/lib/python3.7/site-packages/airflow/example_dags/example_bash_operator.py
[2022-07-06 20:02:22,708] {processor.py:651} INFO - DAG(s) dict_keys(['example_bash_operator']) retrieved from /home/airflow/.local/lib/python3.7/site-packages/airflow/example_dags/example_bash_operator.py
[2022-07-06 20:02:22,752] {logging_mixin.py:115} INFO - [2022-07-06 20:02:22,752] {dag.py:2379} INFO - Sync 1 DAGs
[2022-07-06 20:02:22,785] {logging_mixin.py:115} INFO - [2022-07-06 20:02:22,785] {dag.py:2931} INFO - Setting next_dagrun for example_bash_operator to 2022-07-05T00:00:00+00:00, run_after=2022-07-06T00:00:00+00:00
[2022-07-06 20:02:22,827] {processor.py:161} INFO - Processing /home/airflow/.local/lib/python3.7/site-packages/airflow/example_dags/example_bash_operator.py took 0.140 seconds
[2022-07-06 20:02:53,939] {processor.py:153} INFO - Started process (PID=782) to work on /home/airflow/.local/lib/python3.7/site-packages/airflow/example_dags/example_bash_operator.py
[2022-07-06 20:02:54,078] {processor.py:641} INFO - Processing file /home/airflow/.local/lib/python3.7/site-packages/airflow/example_dags/example_bash_operator.py for tasks to queue
[2022-07-06 20:02:54,084] {logging_mixin.py:115} INFO - [2022-07-06 20:02:54,083] {dagbag.py:507} INFO - Filling up the DagBag from /home/airflow/.local/lib/python3.7/site-packages/airflow/example_dags/example_bash_operator.py
[2022-07-06 20:02:54,110] {processor.py:651} INFO - DAG(s) dict_keys(['example_bash_operator']) retrieved from /home/airflow/.local/lib/python3.7/site-packages/airflow/example_dags/example_bash_operator.py
[2022-07-06 20:02:54,183] {logging_mixin.py:115} INFO - [2022-07-06 20:02:54,183] {dag.py:2379} INFO - Sync 1 DAGs
[2022-07-06 20:02:54,278] {logging_mixin.py:115} INFO - [2022-07-06 20:02:54,278] {dag.py:2931} INFO - Setting next_dagrun for example_bash_operator to 2022-07-05T00:00:00+00:00, run_after=2022-07-06T00:00:00+00:00
[2022-07-06 20:02:54,408] {processor.py:161} INFO - Processing /home/airflow/.local/lib/python3.7/site-packages/airflow/example_dags/example_bash_operator.py took 0.473 seconds
[2022-07-06 20:03:24,963] {processor.py:153} INFO - Started process (PID=837) to work on /home/airflow/.local/lib/python3.7/site-packages/airflow/example_dags/example_bash_operator.py
[2022-07-06 20:03:24,963] {processor.py:641} INFO - Processing file /home/airflow/.local/lib/python3.7/site-packages/airflow/example_dags/example_bash_operator.py for tasks to queue
[2022-07-06 20:03:24,964] {logging_mixin.py:115} INFO - [2022-07-06 20:03:24,964] {dagbag.py:507} INFO - Filling up the DagBag from /home/airflow/.local/lib/python3.7/site-packages/airflow/example_dags/example_bash_operator.py
[2022-07-06 20:03:24,984] {processor.py:651} INFO - DAG(s) dict_keys(['example_bash_operator']) retrieved from /home/airflow/.local/lib/python3.7/site-packages/airflow/example_dags/example_bash_operator.py
[2022-07-06 20:03:25,031] {logging_mixin.py:115} INFO - [2022-07-06 20:03:25,031] {dag.py:2379} INFO - Sync 1 DAGs
[2022-07-06 20:03:25,107] {logging_mixin.py:115} INFO - [2022-07-06 20:03:25,107] {dag.py:2931} INFO - Setting next_dagrun for example_bash_operator to 2022-07-05T00:00:00+00:00, run_after=2022-07-06T00:00:00+00:00
[2022-07-06 20:03:25,202] {processor.py:161} INFO - Processing /home/airflow/.local/lib/python3.7/site-packages/airflow/example_dags/example_bash_operator.py took 0.243 seconds
[2022-07-06 20:03:56,510] {processor.py:153} INFO - Started process (PID=888) to work on /home/airflow/.local/lib/python3.7/site-packages/airflow/example_dags/example_bash_operator.py
[2022-07-06 20:03:56,594] {processor.py:641} INFO - Processing file /home/airflow/.local/lib/python3.7/site-packages/airflow/example_dags/example_bash_operator.py for tasks to queue
[2022-07-06 20:03:56,599] {logging_mixin.py:115} INFO - [2022-07-06 20:03:56,599] {dagbag.py:507} INFO - Filling up the DagBag from /home/airflow/.local/lib/python3.7/site-packages/airflow/example_dags/example_bash_operator.py
[2022-07-06 20:03:56,638] {processor.py:651} INFO - DAG(s) dict_keys(['example_bash_operator']) retrieved from /home/airflow/.local/lib/python3.7/site-packages/airflow/example_dags/example_bash_operator.py
[2022-07-06 20:03:56,683] {logging_mixin.py:115} INFO - [2022-07-06 20:03:56,683] {dag.py:2379} INFO - Sync 1 DAGs
[2022-07-06 20:03:56,740] {logging_mixin.py:115} INFO - [2022-07-06 20:03:56,740] {dag.py:2931} INFO - Setting next_dagrun for example_bash_operator to 2022-07-05T00:00:00+00:00, run_after=2022-07-06T00:00:00+00:00
[2022-07-06 20:03:57,545] {processor.py:161} INFO - Processing /home/airflow/.local/lib/python3.7/site-packages/airflow/example_dags/example_bash_operator.py took 1.040 seconds
[2022-07-06 20:04:27,900] {processor.py:153} INFO - Started process (PID=939) to work on /home/airflow/.local/lib/python3.7/site-packages/airflow/example_dags/example_bash_operator.py
[2022-07-06 20:04:27,919] {processor.py:641} INFO - Processing file /home/airflow/.local/lib/python3.7/site-packages/airflow/example_dags/example_bash_operator.py for tasks to queue
[2022-07-06 20:04:27,920] {logging_mixin.py:115} INFO - [2022-07-06 20:04:27,920] {dagbag.py:507} INFO - Filling up the DagBag from /home/airflow/.local/lib/python3.7/site-packages/airflow/example_dags/example_bash_operator.py
[2022-07-06 20:04:27,936] {processor.py:651} INFO - DAG(s) dict_keys(['example_bash_operator']) retrieved from /home/airflow/.local/lib/python3.7/site-packages/airflow/example_dags/example_bash_operator.py
[2022-07-06 20:04:27,980] {logging_mixin.py:115} INFO - [2022-07-06 20:04:27,980] {dag.py:2379} INFO - Sync 1 DAGs
[2022-07-06 20:04:28,022] {logging_mixin.py:115} INFO - [2022-07-06 20:04:28,022] {dag.py:2931} INFO - Setting next_dagrun for example_bash_operator to 2022-07-05T00:00:00+00:00, run_after=2022-07-06T00:00:00+00:00
[2022-07-06 20:04:28,075] {processor.py:161} INFO - Processing /home/airflow/.local/lib/python3.7/site-packages/airflow/example_dags/example_bash_operator.py took 0.179 seconds
[2022-07-06 20:04:58,417] {processor.py:153} INFO - Started process (PID=992) to work on /home/airflow/.local/lib/python3.7/site-packages/airflow/example_dags/example_bash_operator.py
[2022-07-06 20:04:58,418] {processor.py:641} INFO - Processing file /home/airflow/.local/lib/python3.7/site-packages/airflow/example_dags/example_bash_operator.py for tasks to queue
[2022-07-06 20:04:58,419] {logging_mixin.py:115} INFO - [2022-07-06 20:04:58,419] {dagbag.py:507} INFO - Filling up the DagBag from /home/airflow/.local/lib/python3.7/site-packages/airflow/example_dags/example_bash_operator.py
[2022-07-06 20:04:58,436] {processor.py:651} INFO - DAG(s) dict_keys(['example_bash_operator']) retrieved from /home/airflow/.local/lib/python3.7/site-packages/airflow/example_dags/example_bash_operator.py
[2022-07-06 20:04:58,476] {logging_mixin.py:115} INFO - [2022-07-06 20:04:58,476] {dag.py:2379} INFO - Sync 1 DAGs
[2022-07-06 20:04:58,517] {logging_mixin.py:115} INFO - [2022-07-06 20:04:58,517] {dag.py:2931} INFO - Setting next_dagrun for example_bash_operator to 2022-07-05T00:00:00+00:00, run_after=2022-07-06T00:00:00+00:00
[2022-07-06 20:04:58,551] {processor.py:161} INFO - Processing /home/airflow/.local/lib/python3.7/site-packages/airflow/example_dags/example_bash_operator.py took 0.143 seconds
[2022-07-06 20:05:28,654] {processor.py:153} INFO - Started process (PID=1052) to work on /home/airflow/.local/lib/python3.7/site-packages/airflow/example_dags/example_bash_operator.py
[2022-07-06 20:05:28,666] {processor.py:641} INFO - Processing file /home/airflow/.local/lib/python3.7/site-packages/airflow/example_dags/example_bash_operator.py for tasks to queue
[2022-07-06 20:05:28,667] {logging_mixin.py:115} INFO - [2022-07-06 20:05:28,667] {dagbag.py:507} INFO - Filling up the DagBag from /home/airflow/.local/lib/python3.7/site-packages/airflow/example_dags/example_bash_operator.py
[2022-07-06 20:05:28,727] {processor.py:651} INFO - DAG(s) dict_keys(['example_bash_operator']) retrieved from /home/airflow/.local/lib/python3.7/site-packages/airflow/example_dags/example_bash_operator.py
[2022-07-06 20:05:28,822] {logging_mixin.py:115} INFO - [2022-07-06 20:05:28,822] {dag.py:2379} INFO - Sync 1 DAGs
[2022-07-06 20:05:28,870] {logging_mixin.py:115} INFO - [2022-07-06 20:05:28,870] {dag.py:2931} INFO - Setting next_dagrun for example_bash_operator to 2022-07-05T00:00:00+00:00, run_after=2022-07-06T00:00:00+00:00
[2022-07-06 20:05:28,896] {processor.py:161} INFO - Processing /home/airflow/.local/lib/python3.7/site-packages/airflow/example_dags/example_bash_operator.py took 0.246 seconds
[2022-07-06 20:05:59,730] {processor.py:153} INFO - Started process (PID=1104) to work on /home/airflow/.local/lib/python3.7/site-packages/airflow/example_dags/example_bash_operator.py
[2022-07-06 20:05:59,731] {processor.py:641} INFO - Processing file /home/airflow/.local/lib/python3.7/site-packages/airflow/example_dags/example_bash_operator.py for tasks to queue
[2022-07-06 20:05:59,733] {logging_mixin.py:115} INFO - [2022-07-06 20:05:59,733] {dagbag.py:507} INFO - Filling up the DagBag from /home/airflow/.local/lib/python3.7/site-packages/airflow/example_dags/example_bash_operator.py
[2022-07-06 20:05:59,783] {processor.py:651} INFO - DAG(s) dict_keys(['example_bash_operator']) retrieved from /home/airflow/.local/lib/python3.7/site-packages/airflow/example_dags/example_bash_operator.py
[2022-07-06 20:05:59,846] {logging_mixin.py:115} INFO - [2022-07-06 20:05:59,846] {dag.py:2379} INFO - Sync 1 DAGs
[2022-07-06 20:05:59,886] {logging_mixin.py:115} INFO - [2022-07-06 20:05:59,886] {dag.py:2931} INFO - Setting next_dagrun for example_bash_operator to 2022-07-05T00:00:00+00:00, run_after=2022-07-06T00:00:00+00:00
[2022-07-06 20:05:59,912] {processor.py:161} INFO - Processing /home/airflow/.local/lib/python3.7/site-packages/airflow/example_dags/example_bash_operator.py took 0.193 seconds
[2022-07-06 20:06:30,542] {processor.py:153} INFO - Started process (PID=1156) to work on /home/airflow/.local/lib/python3.7/site-packages/airflow/example_dags/example_bash_operator.py
[2022-07-06 20:06:30,552] {processor.py:641} INFO - Processing file /home/airflow/.local/lib/python3.7/site-packages/airflow/example_dags/example_bash_operator.py for tasks to queue
[2022-07-06 20:06:30,552] {logging_mixin.py:115} INFO - [2022-07-06 20:06:30,552] {dagbag.py:507} INFO - Filling up the DagBag from /home/airflow/.local/lib/python3.7/site-packages/airflow/example_dags/example_bash_operator.py
[2022-07-06 20:06:30,567] {processor.py:651} INFO - DAG(s) dict_keys(['example_bash_operator']) retrieved from /home/airflow/.local/lib/python3.7/site-packages/airflow/example_dags/example_bash_operator.py
[2022-07-06 20:06:30,606] {logging_mixin.py:115} INFO - [2022-07-06 20:06:30,606] {dag.py:2379} INFO - Sync 1 DAGs
[2022-07-06 20:06:30,649] {logging_mixin.py:115} INFO - [2022-07-06 20:06:30,648] {dag.py:2931} INFO - Setting next_dagrun for example_bash_operator to 2022-07-05T00:00:00+00:00, run_after=2022-07-06T00:00:00+00:00
[2022-07-06 20:06:30,686] {processor.py:161} INFO - Processing /home/airflow/.local/lib/python3.7/site-packages/airflow/example_dags/example_bash_operator.py took 0.148 seconds
[2022-07-06 20:07:01,467] {processor.py:153} INFO - Started process (PID=1217) to work on /home/airflow/.local/lib/python3.7/site-packages/airflow/example_dags/example_bash_operator.py
[2022-07-06 20:07:01,468] {processor.py:641} INFO - Processing file /home/airflow/.local/lib/python3.7/site-packages/airflow/example_dags/example_bash_operator.py for tasks to queue
[2022-07-06 20:07:01,468] {logging_mixin.py:115} INFO - [2022-07-06 20:07:01,468] {dagbag.py:507} INFO - Filling up the DagBag from /home/airflow/.local/lib/python3.7/site-packages/airflow/example_dags/example_bash_operator.py
[2022-07-06 20:07:01,488] {processor.py:651} INFO - DAG(s) dict_keys(['example_bash_operator']) retrieved from /home/airflow/.local/lib/python3.7/site-packages/airflow/example_dags/example_bash_operator.py
[2022-07-06 20:07:01,527] {logging_mixin.py:115} INFO - [2022-07-06 20:07:01,527] {dag.py:2379} INFO - Sync 1 DAGs
[2022-07-06 20:07:01,568] {logging_mixin.py:115} INFO - [2022-07-06 20:07:01,568] {dag.py:2931} INFO - Setting next_dagrun for example_bash_operator to 2022-07-05T00:00:00+00:00, run_after=2022-07-06T00:00:00+00:00
[2022-07-06 20:07:01,605] {processor.py:161} INFO - Processing /home/airflow/.local/lib/python3.7/site-packages/airflow/example_dags/example_bash_operator.py took 0.142 seconds
[2022-07-06 20:07:31,677] {processor.py:153} INFO - Started process (PID=1269) to work on /home/airflow/.local/lib/python3.7/site-packages/airflow/example_dags/example_bash_operator.py
[2022-07-06 20:07:31,702] {processor.py:641} INFO - Processing file /home/airflow/.local/lib/python3.7/site-packages/airflow/example_dags/example_bash_operator.py for tasks to queue
[2022-07-06 20:07:31,703] {logging_mixin.py:115} INFO - [2022-07-06 20:07:31,703] {dagbag.py:507} INFO - Filling up the DagBag from /home/airflow/.local/lib/python3.7/site-packages/airflow/example_dags/example_bash_operator.py
[2022-07-06 20:07:31,717] {processor.py:651} INFO - DAG(s) dict_keys(['example_bash_operator']) retrieved from /home/airflow/.local/lib/python3.7/site-packages/airflow/example_dags/example_bash_operator.py
[2022-07-06 20:07:31,756] {logging_mixin.py:115} INFO - [2022-07-06 20:07:31,756] {dag.py:2379} INFO - Sync 1 DAGs
[2022-07-06 20:07:31,799] {logging_mixin.py:115} INFO - [2022-07-06 20:07:31,798] {dag.py:2931} INFO - Setting next_dagrun for example_bash_operator to 2022-07-05T00:00:00+00:00, run_after=2022-07-06T00:00:00+00:00
[2022-07-06 20:07:31,826] {processor.py:161} INFO - Processing /home/airflow/.local/lib/python3.7/site-packages/airflow/example_dags/example_bash_operator.py took 0.152 seconds
[2022-07-06 20:08:02,012] {processor.py:153} INFO - Started process (PID=1326) to work on /home/airflow/.local/lib/python3.7/site-packages/airflow/example_dags/example_bash_operator.py
[2022-07-06 20:08:02,012] {processor.py:641} INFO - Processing file /home/airflow/.local/lib/python3.7/site-packages/airflow/example_dags/example_bash_operator.py for tasks to queue
[2022-07-06 20:08:02,013] {logging_mixin.py:115} INFO - [2022-07-06 20:08:02,013] {dagbag.py:507} INFO - Filling up the DagBag from /home/airflow/.local/lib/python3.7/site-packages/airflow/example_dags/example_bash_operator.py
[2022-07-06 20:08:02,031] {processor.py:651} INFO - DAG(s) dict_keys(['example_bash_operator']) retrieved from /home/airflow/.local/lib/python3.7/site-packages/airflow/example_dags/example_bash_operator.py
[2022-07-06 20:08:02,074] {logging_mixin.py:115} INFO - [2022-07-06 20:08:02,074] {dag.py:2379} INFO - Sync 1 DAGs
[2022-07-06 20:08:02,117] {logging_mixin.py:115} INFO - [2022-07-06 20:08:02,117] {dag.py:2931} INFO - Setting next_dagrun for example_bash_operator to 2022-07-05T00:00:00+00:00, run_after=2022-07-06T00:00:00+00:00
[2022-07-06 20:08:02,138] {processor.py:161} INFO - Processing /home/airflow/.local/lib/python3.7/site-packages/airflow/example_dags/example_bash_operator.py took 0.131 seconds
[2022-07-06 20:08:32,376] {processor.py:153} INFO - Started process (PID=1380) to work on /home/airflow/.local/lib/python3.7/site-packages/airflow/example_dags/example_bash_operator.py
[2022-07-06 20:08:32,395] {processor.py:641} INFO - Processing file /home/airflow/.local/lib/python3.7/site-packages/airflow/example_dags/example_bash_operator.py for tasks to queue
[2022-07-06 20:08:32,396] {logging_mixin.py:115} INFO - [2022-07-06 20:08:32,396] {dagbag.py:507} INFO - Filling up the DagBag from /home/airflow/.local/lib/python3.7/site-packages/airflow/example_dags/example_bash_operator.py
[2022-07-06 20:08:32,417] {processor.py:651} INFO - DAG(s) dict_keys(['example_bash_operator']) retrieved from /home/airflow/.local/lib/python3.7/site-packages/airflow/example_dags/example_bash_operator.py
[2022-07-06 20:08:32,462] {logging_mixin.py:115} INFO - [2022-07-06 20:08:32,462] {dag.py:2379} INFO - Sync 1 DAGs
[2022-07-06 20:08:32,510] {logging_mixin.py:115} INFO - [2022-07-06 20:08:32,510] {dag.py:2931} INFO - Setting next_dagrun for example_bash_operator to 2022-07-05T00:00:00+00:00, run_after=2022-07-06T00:00:00+00:00
[2022-07-06 20:08:32,548] {processor.py:161} INFO - Processing /home/airflow/.local/lib/python3.7/site-packages/airflow/example_dags/example_bash_operator.py took 0.177 seconds
[2022-07-06 20:09:03,125] {processor.py:153} INFO - Started process (PID=1430) to work on /home/airflow/.local/lib/python3.7/site-packages/airflow/example_dags/example_bash_operator.py
[2022-07-06 20:09:03,126] {processor.py:641} INFO - Processing file /home/airflow/.local/lib/python3.7/site-packages/airflow/example_dags/example_bash_operator.py for tasks to queue
[2022-07-06 20:09:03,129] {logging_mixin.py:115} INFO - [2022-07-06 20:09:03,128] {dagbag.py:507} INFO - Filling up the DagBag from /home/airflow/.local/lib/python3.7/site-packages/airflow/example_dags/example_bash_operator.py
[2022-07-06 20:09:03,471] {processor.py:651} INFO - DAG(s) dict_keys(['example_bash_operator']) retrieved from /home/airflow/.local/lib/python3.7/site-packages/airflow/example_dags/example_bash_operator.py
[2022-07-06 20:09:03,505] {logging_mixin.py:115} INFO - [2022-07-06 20:09:03,505] {dag.py:2379} INFO - Sync 1 DAGs
[2022-07-06 20:09:03,539] {logging_mixin.py:115} INFO - [2022-07-06 20:09:03,539] {dag.py:2931} INFO - Setting next_dagrun for example_bash_operator to 2022-07-05T00:00:00+00:00, run_after=2022-07-06T00:00:00+00:00
[2022-07-06 20:09:03,628] {processor.py:161} INFO - Processing /home/airflow/.local/lib/python3.7/site-packages/airflow/example_dags/example_bash_operator.py took 0.786 seconds
[2022-07-06 20:09:33,797] {processor.py:153} INFO - Started process (PID=1481) to work on /home/airflow/.local/lib/python3.7/site-packages/airflow/example_dags/example_bash_operator.py
[2022-07-06 20:09:33,819] {processor.py:641} INFO - Processing file /home/airflow/.local/lib/python3.7/site-packages/airflow/example_dags/example_bash_operator.py for tasks to queue
[2022-07-06 20:09:33,820] {logging_mixin.py:115} INFO - [2022-07-06 20:09:33,820] {dagbag.py:507} INFO - Filling up the DagBag from /home/airflow/.local/lib/python3.7/site-packages/airflow/example_dags/example_bash_operator.py
[2022-07-06 20:09:33,843] {processor.py:651} INFO - DAG(s) dict_keys(['example_bash_operator']) retrieved from /home/airflow/.local/lib/python3.7/site-packages/airflow/example_dags/example_bash_operator.py
[2022-07-06 20:09:33,896] {logging_mixin.py:115} INFO - [2022-07-06 20:09:33,896] {dag.py:2379} INFO - Sync 1 DAGs
[2022-07-06 20:09:33,930] {logging_mixin.py:115} INFO - [2022-07-06 20:09:33,930] {dag.py:2931} INFO - Setting next_dagrun for example_bash_operator to 2022-07-05T00:00:00+00:00, run_after=2022-07-06T00:00:00+00:00
[2022-07-06 20:09:33,974] {processor.py:161} INFO - Processing /home/airflow/.local/lib/python3.7/site-packages/airflow/example_dags/example_bash_operator.py took 0.207 seconds
[2022-07-06 20:10:04,481] {processor.py:153} INFO - Started process (PID=1542) to work on /home/airflow/.local/lib/python3.7/site-packages/airflow/example_dags/example_bash_operator.py
[2022-07-06 20:10:04,482] {processor.py:641} INFO - Processing file /home/airflow/.local/lib/python3.7/site-packages/airflow/example_dags/example_bash_operator.py for tasks to queue
[2022-07-06 20:10:04,485] {logging_mixin.py:115} INFO - [2022-07-06 20:10:04,485] {dagbag.py:507} INFO - Filling up the DagBag from /home/airflow/.local/lib/python3.7/site-packages/airflow/example_dags/example_bash_operator.py
[2022-07-06 20:10:04,512] {processor.py:651} INFO - DAG(s) dict_keys(['example_bash_operator']) retrieved from /home/airflow/.local/lib/python3.7/site-packages/airflow/example_dags/example_bash_operator.py
[2022-07-06 20:10:04,625] {logging_mixin.py:115} INFO - [2022-07-06 20:10:04,625] {dag.py:2379} INFO - Sync 1 DAGs
[2022-07-06 20:10:04,707] {logging_mixin.py:115} INFO - [2022-07-06 20:10:04,706] {dag.py:2931} INFO - Setting next_dagrun for example_bash_operator to 2022-07-05T00:00:00+00:00, run_after=2022-07-06T00:00:00+00:00
[2022-07-06 20:10:04,746] {processor.py:161} INFO - Processing /home/airflow/.local/lib/python3.7/site-packages/airflow/example_dags/example_bash_operator.py took 0.271 seconds
[2022-07-06 20:10:34,798] {processor.py:153} INFO - Started process (PID=1594) to work on /home/airflow/.local/lib/python3.7/site-packages/airflow/example_dags/example_bash_operator.py
[2022-07-06 20:10:34,814] {processor.py:641} INFO - Processing file /home/airflow/.local/lib/python3.7/site-packages/airflow/example_dags/example_bash_operator.py for tasks to queue
[2022-07-06 20:10:34,815] {logging_mixin.py:115} INFO - [2022-07-06 20:10:34,815] {dagbag.py:507} INFO - Filling up the DagBag from /home/airflow/.local/lib/python3.7/site-packages/airflow/example_dags/example_bash_operator.py
[2022-07-06 20:10:34,838] {processor.py:651} INFO - DAG(s) dict_keys(['example_bash_operator']) retrieved from /home/airflow/.local/lib/python3.7/site-packages/airflow/example_dags/example_bash_operator.py
[2022-07-06 20:10:34,892] {logging_mixin.py:115} INFO - [2022-07-06 20:10:34,891] {dag.py:2379} INFO - Sync 1 DAGs
[2022-07-06 20:10:34,927] {logging_mixin.py:115} INFO - [2022-07-06 20:10:34,927] {dag.py:2931} INFO - Setting next_dagrun for example_bash_operator to 2022-07-05T00:00:00+00:00, run_after=2022-07-06T00:00:00+00:00
[2022-07-06 20:10:34,960] {processor.py:161} INFO - Processing /home/airflow/.local/lib/python3.7/site-packages/airflow/example_dags/example_bash_operator.py took 0.168 seconds
[2022-07-06 20:11:05,599] {processor.py:153} INFO - Started process (PID=1652) to work on /home/airflow/.local/lib/python3.7/site-packages/airflow/example_dags/example_bash_operator.py
[2022-07-06 20:11:05,606] {processor.py:641} INFO - Processing file /home/airflow/.local/lib/python3.7/site-packages/airflow/example_dags/example_bash_operator.py for tasks to queue
[2022-07-06 20:11:05,607] {logging_mixin.py:115} INFO - [2022-07-06 20:11:05,607] {dagbag.py:507} INFO - Filling up the DagBag from /home/airflow/.local/lib/python3.7/site-packages/airflow/example_dags/example_bash_operator.py
[2022-07-06 20:11:05,626] {processor.py:651} INFO - DAG(s) dict_keys(['example_bash_operator']) retrieved from /home/airflow/.local/lib/python3.7/site-packages/airflow/example_dags/example_bash_operator.py
[2022-07-06 20:11:05,676] {logging_mixin.py:115} INFO - [2022-07-06 20:11:05,676] {dag.py:2379} INFO - Sync 1 DAGs
[2022-07-06 20:11:05,724] {logging_mixin.py:115} INFO - [2022-07-06 20:11:05,724] {dag.py:2931} INFO - Setting next_dagrun for example_bash_operator to 2022-07-05T00:00:00+00:00, run_after=2022-07-06T00:00:00+00:00
[2022-07-06 20:11:05,758] {processor.py:161} INFO - Processing /home/airflow/.local/lib/python3.7/site-packages/airflow/example_dags/example_bash_operator.py took 0.165 seconds
[2022-07-06 20:11:36,101] {processor.py:153} INFO - Started process (PID=1707) to work on /home/airflow/.local/lib/python3.7/site-packages/airflow/example_dags/example_bash_operator.py
[2022-07-06 20:11:36,110] {processor.py:641} INFO - Processing file /home/airflow/.local/lib/python3.7/site-packages/airflow/example_dags/example_bash_operator.py for tasks to queue
[2022-07-06 20:11:36,111] {logging_mixin.py:115} INFO - [2022-07-06 20:11:36,111] {dagbag.py:507} INFO - Filling up the DagBag from /home/airflow/.local/lib/python3.7/site-packages/airflow/example_dags/example_bash_operator.py
[2022-07-06 20:11:36,129] {processor.py:651} INFO - DAG(s) dict_keys(['example_bash_operator']) retrieved from /home/airflow/.local/lib/python3.7/site-packages/airflow/example_dags/example_bash_operator.py
[2022-07-06 20:11:36,161] {logging_mixin.py:115} INFO - [2022-07-06 20:11:36,161] {dag.py:2379} INFO - Sync 1 DAGs
[2022-07-06 20:11:36,193] {logging_mixin.py:115} INFO - [2022-07-06 20:11:36,193] {dag.py:2931} INFO - Setting next_dagrun for example_bash_operator to 2022-07-05T00:00:00+00:00, run_after=2022-07-06T00:00:00+00:00
[2022-07-06 20:11:36,221] {processor.py:161} INFO - Processing /home/airflow/.local/lib/python3.7/site-packages/airflow/example_dags/example_bash_operator.py took 0.127 seconds
[2022-07-06 20:12:06,543] {processor.py:153} INFO - Started process (PID=1759) to work on /home/airflow/.local/lib/python3.7/site-packages/airflow/example_dags/example_bash_operator.py
[2022-07-06 20:12:06,544] {processor.py:641} INFO - Processing file /home/airflow/.local/lib/python3.7/site-packages/airflow/example_dags/example_bash_operator.py for tasks to queue
[2022-07-06 20:12:06,544] {logging_mixin.py:115} INFO - [2022-07-06 20:12:06,544] {dagbag.py:507} INFO - Filling up the DagBag from /home/airflow/.local/lib/python3.7/site-packages/airflow/example_dags/example_bash_operator.py
[2022-07-06 20:12:06,560] {processor.py:651} INFO - DAG(s) dict_keys(['example_bash_operator']) retrieved from /home/airflow/.local/lib/python3.7/site-packages/airflow/example_dags/example_bash_operator.py
[2022-07-06 20:12:06,594] {logging_mixin.py:115} INFO - [2022-07-06 20:12:06,594] {dag.py:2379} INFO - Sync 1 DAGs
[2022-07-06 20:12:06,628] {logging_mixin.py:115} INFO - [2022-07-06 20:12:06,627] {dag.py:2931} INFO - Setting next_dagrun for example_bash_operator to 2022-07-05T00:00:00+00:00, run_after=2022-07-06T00:00:00+00:00
[2022-07-06 20:12:06,740] {processor.py:161} INFO - Processing /home/airflow/.local/lib/python3.7/site-packages/airflow/example_dags/example_bash_operator.py took 0.202 seconds
[2022-07-06 20:12:36,808] {processor.py:153} INFO - Started process (PID=1818) to work on /home/airflow/.local/lib/python3.7/site-packages/airflow/example_dags/example_bash_operator.py
[2022-07-06 20:12:36,831] {processor.py:641} INFO - Processing file /home/airflow/.local/lib/python3.7/site-packages/airflow/example_dags/example_bash_operator.py for tasks to queue
[2022-07-06 20:12:36,832] {logging_mixin.py:115} INFO - [2022-07-06 20:12:36,832] {dagbag.py:507} INFO - Filling up the DagBag from /home/airflow/.local/lib/python3.7/site-packages/airflow/example_dags/example_bash_operator.py
[2022-07-06 20:12:36,865] {processor.py:651} INFO - DAG(s) dict_keys(['example_bash_operator']) retrieved from /home/airflow/.local/lib/python3.7/site-packages/airflow/example_dags/example_bash_operator.py
[2022-07-06 20:12:36,965] {logging_mixin.py:115} INFO - [2022-07-06 20:12:36,965] {dag.py:2379} INFO - Sync 1 DAGs
[2022-07-06 20:12:37,031] {logging_mixin.py:115} INFO - [2022-07-06 20:12:37,031] {dag.py:2931} INFO - Setting next_dagrun for example_bash_operator to 2022-07-05T00:00:00+00:00, run_after=2022-07-06T00:00:00+00:00
[2022-07-06 20:12:37,132] {processor.py:161} INFO - Processing /home/airflow/.local/lib/python3.7/site-packages/airflow/example_dags/example_bash_operator.py took 0.337 seconds
[2022-07-06 20:13:07,318] {processor.py:153} INFO - Started process (PID=1868) to work on /home/airflow/.local/lib/python3.7/site-packages/airflow/example_dags/example_bash_operator.py
[2022-07-06 20:13:07,319] {processor.py:641} INFO - Processing file /home/airflow/.local/lib/python3.7/site-packages/airflow/example_dags/example_bash_operator.py for tasks to queue
[2022-07-06 20:13:07,319] {logging_mixin.py:115} INFO - [2022-07-06 20:13:07,319] {dagbag.py:507} INFO - Filling up the DagBag from /home/airflow/.local/lib/python3.7/site-packages/airflow/example_dags/example_bash_operator.py
[2022-07-06 20:13:07,335] {processor.py:651} INFO - DAG(s) dict_keys(['example_bash_operator']) retrieved from /home/airflow/.local/lib/python3.7/site-packages/airflow/example_dags/example_bash_operator.py
[2022-07-06 20:13:07,367] {logging_mixin.py:115} INFO - [2022-07-06 20:13:07,367] {dag.py:2379} INFO - Sync 1 DAGs
[2022-07-06 20:13:07,398] {logging_mixin.py:115} INFO - [2022-07-06 20:13:07,397] {dag.py:2931} INFO - Setting next_dagrun for example_bash_operator to 2022-07-05T00:00:00+00:00, run_after=2022-07-06T00:00:00+00:00
[2022-07-06 20:13:07,429] {processor.py:161} INFO - Processing /home/airflow/.local/lib/python3.7/site-packages/airflow/example_dags/example_bash_operator.py took 0.115 seconds
[2022-07-06 20:13:38,095] {processor.py:153} INFO - Started process (PID=1920) to work on /home/airflow/.local/lib/python3.7/site-packages/airflow/example_dags/example_bash_operator.py
[2022-07-06 20:13:38,167] {processor.py:641} INFO - Processing file /home/airflow/.local/lib/python3.7/site-packages/airflow/example_dags/example_bash_operator.py for tasks to queue
[2022-07-06 20:13:38,171] {logging_mixin.py:115} INFO - [2022-07-06 20:13:38,171] {dagbag.py:507} INFO - Filling up the DagBag from /home/airflow/.local/lib/python3.7/site-packages/airflow/example_dags/example_bash_operator.py
[2022-07-06 20:13:38,222] {processor.py:651} INFO - DAG(s) dict_keys(['example_bash_operator']) retrieved from /home/airflow/.local/lib/python3.7/site-packages/airflow/example_dags/example_bash_operator.py
[2022-07-06 20:13:38,271] {logging_mixin.py:115} INFO - [2022-07-06 20:13:38,270] {dag.py:2379} INFO - Sync 1 DAGs
[2022-07-06 20:13:38,310] {logging_mixin.py:115} INFO - [2022-07-06 20:13:38,310] {dag.py:2931} INFO - Setting next_dagrun for example_bash_operator to 2022-07-05T00:00:00+00:00, run_after=2022-07-06T00:00:00+00:00
[2022-07-06 20:13:38,607] {processor.py:161} INFO - Processing /home/airflow/.local/lib/python3.7/site-packages/airflow/example_dags/example_bash_operator.py took 0.517 seconds
[2022-07-06 20:14:27,458] {processor.py:153} INFO - Started process (PID=1979) to work on /home/airflow/.local/lib/python3.7/site-packages/airflow/example_dags/example_bash_operator.py
[2022-07-06 20:14:27,528] {processor.py:641} INFO - Processing file /home/airflow/.local/lib/python3.7/site-packages/airflow/example_dags/example_bash_operator.py for tasks to queue
[2022-07-06 20:14:27,534] {logging_mixin.py:115} INFO - [2022-07-06 20:14:27,534] {dagbag.py:507} INFO - Filling up the DagBag from /home/airflow/.local/lib/python3.7/site-packages/airflow/example_dags/example_bash_operator.py
[2022-07-06 20:14:27,579] {processor.py:651} INFO - DAG(s) dict_keys(['example_bash_operator']) retrieved from /home/airflow/.local/lib/python3.7/site-packages/airflow/example_dags/example_bash_operator.py
[2022-07-06 20:14:27,650] {logging_mixin.py:115} INFO - [2022-07-06 20:14:27,650] {dag.py:2379} INFO - Sync 1 DAGs
[2022-07-06 20:14:27,692] {logging_mixin.py:115} INFO - [2022-07-06 20:14:27,692] {dag.py:2931} INFO - Setting next_dagrun for example_bash_operator to 2022-07-05T00:00:00+00:00, run_after=2022-07-06T00:00:00+00:00
[2022-07-06 20:14:27,966] {processor.py:161} INFO - Processing /home/airflow/.local/lib/python3.7/site-packages/airflow/example_dags/example_bash_operator.py took 0.513 seconds
[2022-07-06 20:14:58,300] {processor.py:153} INFO - Started process (PID=2030) to work on /home/airflow/.local/lib/python3.7/site-packages/airflow/example_dags/example_bash_operator.py
[2022-07-06 20:14:58,301] {processor.py:641} INFO - Processing file /home/airflow/.local/lib/python3.7/site-packages/airflow/example_dags/example_bash_operator.py for tasks to queue
[2022-07-06 20:14:58,303] {logging_mixin.py:115} INFO - [2022-07-06 20:14:58,303] {dagbag.py:507} INFO - Filling up the DagBag from /home/airflow/.local/lib/python3.7/site-packages/airflow/example_dags/example_bash_operator.py
[2022-07-06 20:14:58,352] {processor.py:651} INFO - DAG(s) dict_keys(['example_bash_operator']) retrieved from /home/airflow/.local/lib/python3.7/site-packages/airflow/example_dags/example_bash_operator.py
[2022-07-06 20:14:58,434] {logging_mixin.py:115} INFO - [2022-07-06 20:14:58,434] {dag.py:2379} INFO - Sync 1 DAGs
[2022-07-06 20:14:58,475] {logging_mixin.py:115} INFO - [2022-07-06 20:14:58,475] {dag.py:2931} INFO - Setting next_dagrun for example_bash_operator to 2022-07-05T00:00:00+00:00, run_after=2022-07-06T00:00:00+00:00
[2022-07-06 20:14:58,652] {processor.py:161} INFO - Processing /home/airflow/.local/lib/python3.7/site-packages/airflow/example_dags/example_bash_operator.py took 0.362 seconds
[2022-07-06 20:15:28,864] {processor.py:153} INFO - Started process (PID=2082) to work on /home/airflow/.local/lib/python3.7/site-packages/airflow/example_dags/example_bash_operator.py
[2022-07-06 20:15:28,865] {processor.py:641} INFO - Processing file /home/airflow/.local/lib/python3.7/site-packages/airflow/example_dags/example_bash_operator.py for tasks to queue
[2022-07-06 20:15:28,866] {logging_mixin.py:115} INFO - [2022-07-06 20:15:28,866] {dagbag.py:507} INFO - Filling up the DagBag from /home/airflow/.local/lib/python3.7/site-packages/airflow/example_dags/example_bash_operator.py
[2022-07-06 20:15:28,880] {processor.py:651} INFO - DAG(s) dict_keys(['example_bash_operator']) retrieved from /home/airflow/.local/lib/python3.7/site-packages/airflow/example_dags/example_bash_operator.py
[2022-07-06 20:15:28,913] {logging_mixin.py:115} INFO - [2022-07-06 20:15:28,913] {dag.py:2379} INFO - Sync 1 DAGs
[2022-07-06 20:15:28,944] {logging_mixin.py:115} INFO - [2022-07-06 20:15:28,943] {dag.py:2931} INFO - Setting next_dagrun for example_bash_operator to 2022-07-05T00:00:00+00:00, run_after=2022-07-06T00:00:00+00:00
[2022-07-06 20:15:28,996] {processor.py:161} INFO - Processing /home/airflow/.local/lib/python3.7/site-packages/airflow/example_dags/example_bash_operator.py took 0.136 seconds
[2022-07-06 20:15:59,755] {processor.py:153} INFO - Started process (PID=2127) to work on /home/airflow/.local/lib/python3.7/site-packages/airflow/example_dags/example_bash_operator.py
[2022-07-06 20:15:59,791] {processor.py:641} INFO - Processing file /home/airflow/.local/lib/python3.7/site-packages/airflow/example_dags/example_bash_operator.py for tasks to queue
[2022-07-06 20:15:59,792] {logging_mixin.py:115} INFO - [2022-07-06 20:15:59,792] {dagbag.py:507} INFO - Filling up the DagBag from /home/airflow/.local/lib/python3.7/site-packages/airflow/example_dags/example_bash_operator.py
[2022-07-06 20:15:59,818] {processor.py:651} INFO - DAG(s) dict_keys(['example_bash_operator']) retrieved from /home/airflow/.local/lib/python3.7/site-packages/airflow/example_dags/example_bash_operator.py
[2022-07-06 20:15:59,875] {logging_mixin.py:115} INFO - [2022-07-06 20:15:59,875] {dag.py:2379} INFO - Sync 1 DAGs
[2022-07-06 20:15:59,912] {logging_mixin.py:115} INFO - [2022-07-06 20:15:59,912] {dag.py:2931} INFO - Setting next_dagrun for example_bash_operator to 2022-07-05T00:00:00+00:00, run_after=2022-07-06T00:00:00+00:00
[2022-07-06 20:16:00,200] {processor.py:161} INFO - Processing /home/airflow/.local/lib/python3.7/site-packages/airflow/example_dags/example_bash_operator.py took 0.460 seconds
[2022-07-06 20:16:31,173] {processor.py:153} INFO - Started process (PID=2175) to work on /home/airflow/.local/lib/python3.7/site-packages/airflow/example_dags/example_bash_operator.py
[2022-07-06 20:16:31,174] {processor.py:641} INFO - Processing file /home/airflow/.local/lib/python3.7/site-packages/airflow/example_dags/example_bash_operator.py for tasks to queue
[2022-07-06 20:16:31,175] {logging_mixin.py:115} INFO - [2022-07-06 20:16:31,175] {dagbag.py:507} INFO - Filling up the DagBag from /home/airflow/.local/lib/python3.7/site-packages/airflow/example_dags/example_bash_operator.py
[2022-07-06 20:16:31,384] {processor.py:651} INFO - DAG(s) dict_keys(['example_bash_operator']) retrieved from /home/airflow/.local/lib/python3.7/site-packages/airflow/example_dags/example_bash_operator.py
[2022-07-06 20:16:31,433] {logging_mixin.py:115} INFO - [2022-07-06 20:16:31,433] {dag.py:2379} INFO - Sync 1 DAGs
[2022-07-06 20:16:31,484] {logging_mixin.py:115} INFO - [2022-07-06 20:16:31,484] {dag.py:2931} INFO - Setting next_dagrun for example_bash_operator to 2022-07-05T00:00:00+00:00, run_after=2022-07-06T00:00:00+00:00
[2022-07-06 20:16:31,559] {processor.py:161} INFO - Processing /home/airflow/.local/lib/python3.7/site-packages/airflow/example_dags/example_bash_operator.py took 0.389 seconds
[2022-07-06 20:17:01,713] {processor.py:153} INFO - Started process (PID=2228) to work on /home/airflow/.local/lib/python3.7/site-packages/airflow/example_dags/example_bash_operator.py
[2022-07-06 20:17:01,727] {processor.py:641} INFO - Processing file /home/airflow/.local/lib/python3.7/site-packages/airflow/example_dags/example_bash_operator.py for tasks to queue
[2022-07-06 20:17:01,727] {logging_mixin.py:115} INFO - [2022-07-06 20:17:01,727] {dagbag.py:507} INFO - Filling up the DagBag from /home/airflow/.local/lib/python3.7/site-packages/airflow/example_dags/example_bash_operator.py
[2022-07-06 20:17:01,742] {processor.py:651} INFO - DAG(s) dict_keys(['example_bash_operator']) retrieved from /home/airflow/.local/lib/python3.7/site-packages/airflow/example_dags/example_bash_operator.py
[2022-07-06 20:17:01,791] {logging_mixin.py:115} INFO - [2022-07-06 20:17:01,791] {dag.py:2379} INFO - Sync 1 DAGs
[2022-07-06 20:17:01,842] {logging_mixin.py:115} INFO - [2022-07-06 20:17:01,842] {dag.py:2931} INFO - Setting next_dagrun for example_bash_operator to 2022-07-05T00:00:00+00:00, run_after=2022-07-06T00:00:00+00:00
[2022-07-06 20:17:01,895] {processor.py:161} INFO - Processing /home/airflow/.local/lib/python3.7/site-packages/airflow/example_dags/example_bash_operator.py took 0.187 seconds
[2022-07-06 20:17:32,316] {processor.py:153} INFO - Started process (PID=2279) to work on /home/airflow/.local/lib/python3.7/site-packages/airflow/example_dags/example_bash_operator.py
[2022-07-06 20:17:32,317] {processor.py:641} INFO - Processing file /home/airflow/.local/lib/python3.7/site-packages/airflow/example_dags/example_bash_operator.py for tasks to queue
[2022-07-06 20:17:32,319] {logging_mixin.py:115} INFO - [2022-07-06 20:17:32,319] {dagbag.py:507} INFO - Filling up the DagBag from /home/airflow/.local/lib/python3.7/site-packages/airflow/example_dags/example_bash_operator.py
[2022-07-06 20:17:32,353] {processor.py:651} INFO - DAG(s) dict_keys(['example_bash_operator']) retrieved from /home/airflow/.local/lib/python3.7/site-packages/airflow/example_dags/example_bash_operator.py
[2022-07-06 20:17:32,405] {logging_mixin.py:115} INFO - [2022-07-06 20:17:32,404] {dag.py:2379} INFO - Sync 1 DAGs
[2022-07-06 20:17:32,454] {logging_mixin.py:115} INFO - [2022-07-06 20:17:32,454] {dag.py:2931} INFO - Setting next_dagrun for example_bash_operator to 2022-07-05T00:00:00+00:00, run_after=2022-07-06T00:00:00+00:00
[2022-07-06 20:17:32,482] {processor.py:161} INFO - Processing /home/airflow/.local/lib/python3.7/site-packages/airflow/example_dags/example_bash_operator.py took 0.185 seconds
[2022-07-06 20:18:02,911] {processor.py:153} INFO - Started process (PID=2331) to work on /home/airflow/.local/lib/python3.7/site-packages/airflow/example_dags/example_bash_operator.py
[2022-07-06 20:18:02,917] {processor.py:641} INFO - Processing file /home/airflow/.local/lib/python3.7/site-packages/airflow/example_dags/example_bash_operator.py for tasks to queue
[2022-07-06 20:18:02,918] {logging_mixin.py:115} INFO - [2022-07-06 20:18:02,918] {dagbag.py:507} INFO - Filling up the DagBag from /home/airflow/.local/lib/python3.7/site-packages/airflow/example_dags/example_bash_operator.py
[2022-07-06 20:18:02,941] {processor.py:651} INFO - DAG(s) dict_keys(['example_bash_operator']) retrieved from /home/airflow/.local/lib/python3.7/site-packages/airflow/example_dags/example_bash_operator.py
[2022-07-06 20:18:03,003] {logging_mixin.py:115} INFO - [2022-07-06 20:18:03,003] {dag.py:2379} INFO - Sync 1 DAGs
[2022-07-06 20:18:03,051] {logging_mixin.py:115} INFO - [2022-07-06 20:18:03,051] {dag.py:2931} INFO - Setting next_dagrun for example_bash_operator to 2022-07-05T00:00:00+00:00, run_after=2022-07-06T00:00:00+00:00
[2022-07-06 20:18:03,374] {processor.py:161} INFO - Processing /home/airflow/.local/lib/python3.7/site-packages/airflow/example_dags/example_bash_operator.py took 0.472 seconds
[2022-07-06 20:18:33,596] {processor.py:153} INFO - Started process (PID=2392) to work on /home/airflow/.local/lib/python3.7/site-packages/airflow/example_dags/example_bash_operator.py
[2022-07-06 20:18:33,596] {processor.py:641} INFO - Processing file /home/airflow/.local/lib/python3.7/site-packages/airflow/example_dags/example_bash_operator.py for tasks to queue
[2022-07-06 20:18:33,597] {logging_mixin.py:115} INFO - [2022-07-06 20:18:33,597] {dagbag.py:507} INFO - Filling up the DagBag from /home/airflow/.local/lib/python3.7/site-packages/airflow/example_dags/example_bash_operator.py
[2022-07-06 20:18:33,612] {processor.py:651} INFO - DAG(s) dict_keys(['example_bash_operator']) retrieved from /home/airflow/.local/lib/python3.7/site-packages/airflow/example_dags/example_bash_operator.py
[2022-07-06 20:18:33,647] {logging_mixin.py:115} INFO - [2022-07-06 20:18:33,647] {dag.py:2379} INFO - Sync 1 DAGs
[2022-07-06 20:18:33,682] {logging_mixin.py:115} INFO - [2022-07-06 20:18:33,682] {dag.py:2931} INFO - Setting next_dagrun for example_bash_operator to 2022-07-05T00:00:00+00:00, run_after=2022-07-06T00:00:00+00:00
[2022-07-06 20:18:33,770] {processor.py:161} INFO - Processing /home/airflow/.local/lib/python3.7/site-packages/airflow/example_dags/example_bash_operator.py took 0.178 seconds
[2022-07-06 20:19:04,526] {processor.py:153} INFO - Started process (PID=2443) to work on /home/airflow/.local/lib/python3.7/site-packages/airflow/example_dags/example_bash_operator.py
[2022-07-06 20:19:04,527] {processor.py:641} INFO - Processing file /home/airflow/.local/lib/python3.7/site-packages/airflow/example_dags/example_bash_operator.py for tasks to queue
[2022-07-06 20:19:04,527] {logging_mixin.py:115} INFO - [2022-07-06 20:19:04,527] {dagbag.py:507} INFO - Filling up the DagBag from /home/airflow/.local/lib/python3.7/site-packages/airflow/example_dags/example_bash_operator.py
[2022-07-06 20:19:04,543] {processor.py:651} INFO - DAG(s) dict_keys(['example_bash_operator']) retrieved from /home/airflow/.local/lib/python3.7/site-packages/airflow/example_dags/example_bash_operator.py
[2022-07-06 20:19:04,576] {logging_mixin.py:115} INFO - [2022-07-06 20:19:04,576] {dag.py:2379} INFO - Sync 1 DAGs
[2022-07-06 20:19:04,611] {logging_mixin.py:115} INFO - [2022-07-06 20:19:04,611] {dag.py:2931} INFO - Setting next_dagrun for example_bash_operator to 2022-07-05T00:00:00+00:00, run_after=2022-07-06T00:00:00+00:00
[2022-07-06 20:19:04,644] {processor.py:161} INFO - Processing /home/airflow/.local/lib/python3.7/site-packages/airflow/example_dags/example_bash_operator.py took 0.122 seconds
[2022-07-06 20:19:34,707] {processor.py:153} INFO - Started process (PID=2505) to work on /home/airflow/.local/lib/python3.7/site-packages/airflow/example_dags/example_bash_operator.py
[2022-07-06 20:19:34,731] {processor.py:641} INFO - Processing file /home/airflow/.local/lib/python3.7/site-packages/airflow/example_dags/example_bash_operator.py for tasks to queue
[2022-07-06 20:19:34,734] {logging_mixin.py:115} INFO - [2022-07-06 20:19:34,733] {dagbag.py:507} INFO - Filling up the DagBag from /home/airflow/.local/lib/python3.7/site-packages/airflow/example_dags/example_bash_operator.py
[2022-07-06 20:19:34,768] {processor.py:651} INFO - DAG(s) dict_keys(['example_bash_operator']) retrieved from /home/airflow/.local/lib/python3.7/site-packages/airflow/example_dags/example_bash_operator.py
[2022-07-06 20:19:34,803] {logging_mixin.py:115} INFO - [2022-07-06 20:19:34,803] {dag.py:2379} INFO - Sync 1 DAGs
[2022-07-06 20:19:34,834] {logging_mixin.py:115} INFO - [2022-07-06 20:19:34,834] {dag.py:2931} INFO - Setting next_dagrun for example_bash_operator to 2022-07-05T00:00:00+00:00, run_after=2022-07-06T00:00:00+00:00
[2022-07-06 20:19:34,854] {processor.py:161} INFO - Processing /home/airflow/.local/lib/python3.7/site-packages/airflow/example_dags/example_bash_operator.py took 0.151 seconds
[2022-07-06 20:20:05,281] {processor.py:153} INFO - Started process (PID=2555) to work on /home/airflow/.local/lib/python3.7/site-packages/airflow/example_dags/example_bash_operator.py
[2022-07-06 20:20:05,285] {processor.py:641} INFO - Processing file /home/airflow/.local/lib/python3.7/site-packages/airflow/example_dags/example_bash_operator.py for tasks to queue
[2022-07-06 20:20:05,286] {logging_mixin.py:115} INFO - [2022-07-06 20:20:05,286] {dagbag.py:507} INFO - Filling up the DagBag from /home/airflow/.local/lib/python3.7/site-packages/airflow/example_dags/example_bash_operator.py
[2022-07-06 20:20:05,317] {processor.py:651} INFO - DAG(s) dict_keys(['example_bash_operator']) retrieved from /home/airflow/.local/lib/python3.7/site-packages/airflow/example_dags/example_bash_operator.py
[2022-07-06 20:20:05,366] {logging_mixin.py:115} INFO - [2022-07-06 20:20:05,366] {dag.py:2379} INFO - Sync 1 DAGs
[2022-07-06 20:20:05,463] {logging_mixin.py:115} INFO - [2022-07-06 20:20:05,462] {dag.py:2931} INFO - Setting next_dagrun for example_bash_operator to 2022-07-05T00:00:00+00:00, run_after=2022-07-06T00:00:00+00:00
[2022-07-06 20:20:05,511] {processor.py:161} INFO - Processing /home/airflow/.local/lib/python3.7/site-packages/airflow/example_dags/example_bash_operator.py took 0.237 seconds
[2022-07-06 20:20:35,665] {processor.py:153} INFO - Started process (PID=2608) to work on /home/airflow/.local/lib/python3.7/site-packages/airflow/example_dags/example_bash_operator.py
[2022-07-06 20:20:35,682] {processor.py:641} INFO - Processing file /home/airflow/.local/lib/python3.7/site-packages/airflow/example_dags/example_bash_operator.py for tasks to queue
[2022-07-06 20:20:35,684] {logging_mixin.py:115} INFO - [2022-07-06 20:20:35,683] {dagbag.py:507} INFO - Filling up the DagBag from /home/airflow/.local/lib/python3.7/site-packages/airflow/example_dags/example_bash_operator.py
[2022-07-06 20:20:35,708] {processor.py:651} INFO - DAG(s) dict_keys(['example_bash_operator']) retrieved from /home/airflow/.local/lib/python3.7/site-packages/airflow/example_dags/example_bash_operator.py
[2022-07-06 20:20:35,744] {logging_mixin.py:115} INFO - [2022-07-06 20:20:35,744] {dag.py:2379} INFO - Sync 1 DAGs
[2022-07-06 20:20:35,778] {logging_mixin.py:115} INFO - [2022-07-06 20:20:35,777] {dag.py:2931} INFO - Setting next_dagrun for example_bash_operator to 2022-07-05T00:00:00+00:00, run_after=2022-07-06T00:00:00+00:00
[2022-07-06 20:20:35,829] {processor.py:161} INFO - Processing /home/airflow/.local/lib/python3.7/site-packages/airflow/example_dags/example_bash_operator.py took 0.169 seconds
[2022-07-06 20:21:06,847] {processor.py:153} INFO - Started process (PID=2670) to work on /home/airflow/.local/lib/python3.7/site-packages/airflow/example_dags/example_bash_operator.py
[2022-07-06 20:21:06,848] {processor.py:641} INFO - Processing file /home/airflow/.local/lib/python3.7/site-packages/airflow/example_dags/example_bash_operator.py for tasks to queue
[2022-07-06 20:21:06,849] {logging_mixin.py:115} INFO - [2022-07-06 20:21:06,849] {dagbag.py:507} INFO - Filling up the DagBag from /home/airflow/.local/lib/python3.7/site-packages/airflow/example_dags/example_bash_operator.py
[2022-07-06 20:21:06,869] {processor.py:651} INFO - DAG(s) dict_keys(['example_bash_operator']) retrieved from /home/airflow/.local/lib/python3.7/site-packages/airflow/example_dags/example_bash_operator.py
[2022-07-06 20:21:06,904] {logging_mixin.py:115} INFO - [2022-07-06 20:21:06,904] {dag.py:2379} INFO - Sync 1 DAGs
[2022-07-06 20:21:06,944] {logging_mixin.py:115} INFO - [2022-07-06 20:21:06,944] {dag.py:2931} INFO - Setting next_dagrun for example_bash_operator to 2022-07-05T00:00:00+00:00, run_after=2022-07-06T00:00:00+00:00
[2022-07-06 20:21:06,997] {processor.py:161} INFO - Processing /home/airflow/.local/lib/python3.7/site-packages/airflow/example_dags/example_bash_operator.py took 0.157 seconds
[2022-07-06 20:21:37,687] {processor.py:153} INFO - Started process (PID=2721) to work on /home/airflow/.local/lib/python3.7/site-packages/airflow/example_dags/example_bash_operator.py
[2022-07-06 20:21:37,765] {processor.py:641} INFO - Processing file /home/airflow/.local/lib/python3.7/site-packages/airflow/example_dags/example_bash_operator.py for tasks to queue
[2022-07-06 20:21:37,766] {logging_mixin.py:115} INFO - [2022-07-06 20:21:37,766] {dagbag.py:507} INFO - Filling up the DagBag from /home/airflow/.local/lib/python3.7/site-packages/airflow/example_dags/example_bash_operator.py
[2022-07-06 20:21:37,818] {processor.py:651} INFO - DAG(s) dict_keys(['example_bash_operator']) retrieved from /home/airflow/.local/lib/python3.7/site-packages/airflow/example_dags/example_bash_operator.py
[2022-07-06 20:21:37,937] {logging_mixin.py:115} INFO - [2022-07-06 20:21:37,937] {dag.py:2379} INFO - Sync 1 DAGs
[2022-07-06 20:21:38,045] {logging_mixin.py:115} INFO - [2022-07-06 20:21:38,045] {dag.py:2931} INFO - Setting next_dagrun for example_bash_operator to 2022-07-05T00:00:00+00:00, run_after=2022-07-06T00:00:00+00:00
[2022-07-06 20:21:38,142] {processor.py:161} INFO - Processing /home/airflow/.local/lib/python3.7/site-packages/airflow/example_dags/example_bash_operator.py took 0.470 seconds
[2022-07-06 20:22:08,241] {processor.py:153} INFO - Started process (PID=2780) to work on /home/airflow/.local/lib/python3.7/site-packages/airflow/example_dags/example_bash_operator.py
[2022-07-06 20:22:08,242] {processor.py:641} INFO - Processing file /home/airflow/.local/lib/python3.7/site-packages/airflow/example_dags/example_bash_operator.py for tasks to queue
[2022-07-06 20:22:08,242] {logging_mixin.py:115} INFO - [2022-07-06 20:22:08,242] {dagbag.py:507} INFO - Filling up the DagBag from /home/airflow/.local/lib/python3.7/site-packages/airflow/example_dags/example_bash_operator.py
[2022-07-06 20:22:08,292] {processor.py:651} INFO - DAG(s) dict_keys(['example_bash_operator']) retrieved from /home/airflow/.local/lib/python3.7/site-packages/airflow/example_dags/example_bash_operator.py
[2022-07-06 20:22:08,446] {logging_mixin.py:115} INFO - [2022-07-06 20:22:08,445] {dag.py:2379} INFO - Sync 1 DAGs
[2022-07-06 20:22:08,550] {logging_mixin.py:115} INFO - [2022-07-06 20:22:08,550] {dag.py:2931} INFO - Setting next_dagrun for example_bash_operator to 2022-07-05T00:00:00+00:00, run_after=2022-07-06T00:00:00+00:00
[2022-07-06 20:22:08,612] {processor.py:161} INFO - Processing /home/airflow/.local/lib/python3.7/site-packages/airflow/example_dags/example_bash_operator.py took 0.382 seconds
[2022-07-06 20:22:39,380] {processor.py:153} INFO - Started process (PID=2823) to work on /home/airflow/.local/lib/python3.7/site-packages/airflow/example_dags/example_bash_operator.py
[2022-07-06 20:22:39,385] {processor.py:641} INFO - Processing file /home/airflow/.local/lib/python3.7/site-packages/airflow/example_dags/example_bash_operator.py for tasks to queue
[2022-07-06 20:22:39,386] {logging_mixin.py:115} INFO - [2022-07-06 20:22:39,386] {dagbag.py:507} INFO - Filling up the DagBag from /home/airflow/.local/lib/python3.7/site-packages/airflow/example_dags/example_bash_operator.py
[2022-07-06 20:22:39,444] {processor.py:651} INFO - DAG(s) dict_keys(['example_bash_operator']) retrieved from /home/airflow/.local/lib/python3.7/site-packages/airflow/example_dags/example_bash_operator.py
[2022-07-06 20:22:39,580] {logging_mixin.py:115} INFO - [2022-07-06 20:22:39,580] {dag.py:2379} INFO - Sync 1 DAGs
[2022-07-06 20:22:39,731] {logging_mixin.py:115} INFO - [2022-07-06 20:22:39,731] {dag.py:2931} INFO - Setting next_dagrun for example_bash_operator to 2022-07-05T00:00:00+00:00, run_after=2022-07-06T00:00:00+00:00
[2022-07-06 20:22:39,795] {processor.py:161} INFO - Processing /home/airflow/.local/lib/python3.7/site-packages/airflow/example_dags/example_bash_operator.py took 0.419 seconds
[2022-07-06 20:23:10,311] {processor.py:153} INFO - Started process (PID=2883) to work on /home/airflow/.local/lib/python3.7/site-packages/airflow/example_dags/example_bash_operator.py
[2022-07-06 20:23:10,312] {processor.py:641} INFO - Processing file /home/airflow/.local/lib/python3.7/site-packages/airflow/example_dags/example_bash_operator.py for tasks to queue
[2022-07-06 20:23:10,313] {logging_mixin.py:115} INFO - [2022-07-06 20:23:10,313] {dagbag.py:507} INFO - Filling up the DagBag from /home/airflow/.local/lib/python3.7/site-packages/airflow/example_dags/example_bash_operator.py
[2022-07-06 20:23:10,345] {processor.py:651} INFO - DAG(s) dict_keys(['example_bash_operator']) retrieved from /home/airflow/.local/lib/python3.7/site-packages/airflow/example_dags/example_bash_operator.py
[2022-07-06 20:23:10,402] {logging_mixin.py:115} INFO - [2022-07-06 20:23:10,402] {dag.py:2379} INFO - Sync 1 DAGs
[2022-07-06 20:23:10,459] {logging_mixin.py:115} INFO - [2022-07-06 20:23:10,459] {dag.py:2931} INFO - Setting next_dagrun for example_bash_operator to 2022-07-05T00:00:00+00:00, run_after=2022-07-06T00:00:00+00:00
[2022-07-06 20:23:10,497] {processor.py:161} INFO - Processing /home/airflow/.local/lib/python3.7/site-packages/airflow/example_dags/example_bash_operator.py took 0.195 seconds
[2022-07-06 20:23:41,138] {processor.py:153} INFO - Started process (PID=2934) to work on /home/airflow/.local/lib/python3.7/site-packages/airflow/example_dags/example_bash_operator.py
[2022-07-06 20:23:41,154] {processor.py:641} INFO - Processing file /home/airflow/.local/lib/python3.7/site-packages/airflow/example_dags/example_bash_operator.py for tasks to queue
[2022-07-06 20:23:41,156] {logging_mixin.py:115} INFO - [2022-07-06 20:23:41,156] {dagbag.py:507} INFO - Filling up the DagBag from /home/airflow/.local/lib/python3.7/site-packages/airflow/example_dags/example_bash_operator.py
[2022-07-06 20:23:41,218] {processor.py:651} INFO - DAG(s) dict_keys(['example_bash_operator']) retrieved from /home/airflow/.local/lib/python3.7/site-packages/airflow/example_dags/example_bash_operator.py
[2022-07-06 20:23:41,266] {logging_mixin.py:115} INFO - [2022-07-06 20:23:41,266] {dag.py:2379} INFO - Sync 1 DAGs
[2022-07-06 20:23:41,304] {logging_mixin.py:115} INFO - [2022-07-06 20:23:41,304] {dag.py:2931} INFO - Setting next_dagrun for example_bash_operator to 2022-07-05T00:00:00+00:00, run_after=2022-07-06T00:00:00+00:00
[2022-07-06 20:23:41,376] {processor.py:161} INFO - Processing /home/airflow/.local/lib/python3.7/site-packages/airflow/example_dags/example_bash_operator.py took 0.253 seconds
[2022-07-06 20:24:11,872] {processor.py:153} INFO - Started process (PID=2986) to work on /home/airflow/.local/lib/python3.7/site-packages/airflow/example_dags/example_bash_operator.py
[2022-07-06 20:24:11,873] {processor.py:641} INFO - Processing file /home/airflow/.local/lib/python3.7/site-packages/airflow/example_dags/example_bash_operator.py for tasks to queue
[2022-07-06 20:24:11,875] {logging_mixin.py:115} INFO - [2022-07-06 20:24:11,875] {dagbag.py:507} INFO - Filling up the DagBag from /home/airflow/.local/lib/python3.7/site-packages/airflow/example_dags/example_bash_operator.py
[2022-07-06 20:24:11,923] {processor.py:651} INFO - DAG(s) dict_keys(['example_bash_operator']) retrieved from /home/airflow/.local/lib/python3.7/site-packages/airflow/example_dags/example_bash_operator.py
[2022-07-06 20:24:11,988] {logging_mixin.py:115} INFO - [2022-07-06 20:24:11,987] {dag.py:2379} INFO - Sync 1 DAGs
[2022-07-06 20:24:12,023] {logging_mixin.py:115} INFO - [2022-07-06 20:24:12,023] {dag.py:2931} INFO - Setting next_dagrun for example_bash_operator to 2022-07-05T00:00:00+00:00, run_after=2022-07-06T00:00:00+00:00
[2022-07-06 20:24:12,062] {processor.py:161} INFO - Processing /home/airflow/.local/lib/python3.7/site-packages/airflow/example_dags/example_bash_operator.py took 0.203 seconds
[2022-07-06 20:24:44,503] {processor.py:153} INFO - Started process (PID=3049) to work on /home/airflow/.local/lib/python3.7/site-packages/airflow/example_dags/example_bash_operator.py
[2022-07-06 20:24:44,517] {processor.py:641} INFO - Processing file /home/airflow/.local/lib/python3.7/site-packages/airflow/example_dags/example_bash_operator.py for tasks to queue
[2022-07-06 20:24:44,518] {logging_mixin.py:115} INFO - [2022-07-06 20:24:44,518] {dagbag.py:507} INFO - Filling up the DagBag from /home/airflow/.local/lib/python3.7/site-packages/airflow/example_dags/example_bash_operator.py
[2022-07-06 20:24:44,540] {processor.py:651} INFO - DAG(s) dict_keys(['example_bash_operator']) retrieved from /home/airflow/.local/lib/python3.7/site-packages/airflow/example_dags/example_bash_operator.py
[2022-07-06 20:24:44,609] {logging_mixin.py:115} INFO - [2022-07-06 20:24:44,607] {dag.py:2379} INFO - Sync 1 DAGs
[2022-07-06 20:24:44,676] {logging_mixin.py:115} INFO - [2022-07-06 20:24:44,676] {dag.py:2931} INFO - Setting next_dagrun for example_bash_operator to 2022-07-05T00:00:00+00:00, run_after=2022-07-06T00:00:00+00:00
[2022-07-06 20:24:44,712] {processor.py:161} INFO - Processing /home/airflow/.local/lib/python3.7/site-packages/airflow/example_dags/example_bash_operator.py took 0.223 seconds
[2022-07-06 20:25:14,810] {processor.py:153} INFO - Started process (PID=3101) to work on /home/airflow/.local/lib/python3.7/site-packages/airflow/example_dags/example_bash_operator.py
[2022-07-06 20:25:14,811] {processor.py:641} INFO - Processing file /home/airflow/.local/lib/python3.7/site-packages/airflow/example_dags/example_bash_operator.py for tasks to queue
[2022-07-06 20:25:14,812] {logging_mixin.py:115} INFO - [2022-07-06 20:25:14,812] {dagbag.py:507} INFO - Filling up the DagBag from /home/airflow/.local/lib/python3.7/site-packages/airflow/example_dags/example_bash_operator.py
[2022-07-06 20:25:14,836] {processor.py:651} INFO - DAG(s) dict_keys(['example_bash_operator']) retrieved from /home/airflow/.local/lib/python3.7/site-packages/airflow/example_dags/example_bash_operator.py
[2022-07-06 20:25:14,893] {logging_mixin.py:115} INFO - [2022-07-06 20:25:14,893] {dag.py:2379} INFO - Sync 1 DAGs
[2022-07-06 20:25:14,945] {logging_mixin.py:115} INFO - [2022-07-06 20:25:14,945] {dag.py:2931} INFO - Setting next_dagrun for example_bash_operator to 2022-07-05T00:00:00+00:00, run_after=2022-07-06T00:00:00+00:00
[2022-07-06 20:25:14,976] {processor.py:161} INFO - Processing /home/airflow/.local/lib/python3.7/site-packages/airflow/example_dags/example_bash_operator.py took 0.174 seconds
[2022-07-06 20:25:45,317] {processor.py:153} INFO - Started process (PID=3163) to work on /home/airflow/.local/lib/python3.7/site-packages/airflow/example_dags/example_bash_operator.py
[2022-07-06 20:25:45,357] {processor.py:641} INFO - Processing file /home/airflow/.local/lib/python3.7/site-packages/airflow/example_dags/example_bash_operator.py for tasks to queue
[2022-07-06 20:25:45,358] {logging_mixin.py:115} INFO - [2022-07-06 20:25:45,358] {dagbag.py:507} INFO - Filling up the DagBag from /home/airflow/.local/lib/python3.7/site-packages/airflow/example_dags/example_bash_operator.py
[2022-07-06 20:25:45,373] {processor.py:651} INFO - DAG(s) dict_keys(['example_bash_operator']) retrieved from /home/airflow/.local/lib/python3.7/site-packages/airflow/example_dags/example_bash_operator.py
[2022-07-06 20:25:45,405] {logging_mixin.py:115} INFO - [2022-07-06 20:25:45,404] {dag.py:2379} INFO - Sync 1 DAGs
[2022-07-06 20:25:45,440] {logging_mixin.py:115} INFO - [2022-07-06 20:25:45,440] {dag.py:2931} INFO - Setting next_dagrun for example_bash_operator to 2022-07-05T00:00:00+00:00, run_after=2022-07-06T00:00:00+00:00
[2022-07-06 20:25:45,471] {processor.py:161} INFO - Processing /home/airflow/.local/lib/python3.7/site-packages/airflow/example_dags/example_bash_operator.py took 0.158 seconds
[2022-07-06 20:26:17,900] {processor.py:153} INFO - Started process (PID=3214) to work on /home/airflow/.local/lib/python3.7/site-packages/airflow/example_dags/example_bash_operator.py
[2022-07-06 20:26:17,903] {processor.py:641} INFO - Processing file /home/airflow/.local/lib/python3.7/site-packages/airflow/example_dags/example_bash_operator.py for tasks to queue
[2022-07-06 20:26:17,904] {logging_mixin.py:115} INFO - [2022-07-06 20:26:17,904] {dagbag.py:507} INFO - Filling up the DagBag from /home/airflow/.local/lib/python3.7/site-packages/airflow/example_dags/example_bash_operator.py
[2022-07-06 20:26:17,976] {processor.py:651} INFO - DAG(s) dict_keys(['example_bash_operator']) retrieved from /home/airflow/.local/lib/python3.7/site-packages/airflow/example_dags/example_bash_operator.py
[2022-07-06 20:26:18,190] {logging_mixin.py:115} INFO - [2022-07-06 20:26:18,190] {dag.py:2379} INFO - Sync 1 DAGs
[2022-07-06 20:26:18,422] {logging_mixin.py:115} INFO - [2022-07-06 20:26:18,422] {dag.py:2931} INFO - Setting next_dagrun for example_bash_operator to 2022-07-05T00:00:00+00:00, run_after=2022-07-06T00:00:00+00:00
[2022-07-06 20:26:18,556] {processor.py:161} INFO - Processing /home/airflow/.local/lib/python3.7/site-packages/airflow/example_dags/example_bash_operator.py took 0.665 seconds
[2022-07-06 20:26:49,302] {processor.py:153} INFO - Started process (PID=3277) to work on /home/airflow/.local/lib/python3.7/site-packages/airflow/example_dags/example_bash_operator.py
[2022-07-06 20:26:49,327] {processor.py:641} INFO - Processing file /home/airflow/.local/lib/python3.7/site-packages/airflow/example_dags/example_bash_operator.py for tasks to queue
[2022-07-06 20:26:49,329] {logging_mixin.py:115} INFO - [2022-07-06 20:26:49,328] {dagbag.py:507} INFO - Filling up the DagBag from /home/airflow/.local/lib/python3.7/site-packages/airflow/example_dags/example_bash_operator.py
[2022-07-06 20:26:49,367] {processor.py:651} INFO - DAG(s) dict_keys(['example_bash_operator']) retrieved from /home/airflow/.local/lib/python3.7/site-packages/airflow/example_dags/example_bash_operator.py
[2022-07-06 20:26:49,528] {logging_mixin.py:115} INFO - [2022-07-06 20:26:49,527] {dag.py:2379} INFO - Sync 1 DAGs
[2022-07-06 20:26:49,561] {logging_mixin.py:115} INFO - [2022-07-06 20:26:49,560] {dag.py:2931} INFO - Setting next_dagrun for example_bash_operator to 2022-07-05T00:00:00+00:00, run_after=2022-07-06T00:00:00+00:00
[2022-07-06 20:26:49,643] {processor.py:161} INFO - Processing /home/airflow/.local/lib/python3.7/site-packages/airflow/example_dags/example_bash_operator.py took 0.346 seconds
