[2022-07-06 19:38:24,352] {processor.py:153} INFO - Started process (PID=110) to work on /home/airflow/.local/lib/python3.7/site-packages/airflow/example_dags/example_xcomargs.py
[2022-07-06 19:38:24,352] {processor.py:641} INFO - Processing file /home/airflow/.local/lib/python3.7/site-packages/airflow/example_dags/example_xcomargs.py for tasks to queue
[2022-07-06 19:38:24,353] {logging_mixin.py:115} INFO - [2022-07-06 19:38:24,353] {dagbag.py:507} INFO - Filling up the DagBag from /home/airflow/.local/lib/python3.7/site-packages/airflow/example_dags/example_xcomargs.py
[2022-07-06 19:38:28,240] {processor.py:651} INFO - DAG(s) dict_keys(['example_xcom_args', 'example_xcom_args_with_operators']) retrieved from /home/airflow/.local/lib/python3.7/site-packages/airflow/example_dags/example_xcomargs.py
[2022-07-06 19:38:33,343] {logging_mixin.py:115} INFO - [2022-07-06 19:38:33,343] {manager.py:508} INFO - Created Permission View: can delete on DAG:example_xcom_args
[2022-07-06 19:38:34,281] {logging_mixin.py:115} INFO - [2022-07-06 19:38:34,281] {manager.py:508} INFO - Created Permission View: can edit on DAG:example_xcom_args
[2022-07-06 19:38:35,558] {logging_mixin.py:115} INFO - [2022-07-06 19:38:35,558] {manager.py:508} INFO - Created Permission View: can read on DAG:example_xcom_args
[2022-07-06 19:38:36,348] {logging_mixin.py:115} INFO - [2022-07-06 19:38:36,348] {manager.py:508} INFO - Created Permission View: can delete on DAG:example_xcom_args_with_operators
[2022-07-06 19:38:36,775] {logging_mixin.py:115} INFO - [2022-07-06 19:38:36,775] {manager.py:508} INFO - Created Permission View: can edit on DAG:example_xcom_args_with_operators
[2022-07-06 19:38:37,349] {logging_mixin.py:115} INFO - [2022-07-06 19:38:37,348] {manager.py:508} INFO - Created Permission View: can read on DAG:example_xcom_args_with_operators
[2022-07-06 19:38:37,350] {logging_mixin.py:115} INFO - [2022-07-06 19:38:37,349] {dag.py:2379} INFO - Sync 2 DAGs
[2022-07-06 19:38:37,408] {logging_mixin.py:115} INFO - [2022-07-06 19:38:37,407] {dag.py:2398} INFO - Creating ORM DAG for example_xcom_args
[2022-07-06 19:38:37,409] {logging_mixin.py:115} INFO - [2022-07-06 19:38:37,409] {dag.py:2398} INFO - Creating ORM DAG for example_xcom_args_with_operators
[2022-07-06 19:38:37,438] {logging_mixin.py:115} INFO - [2022-07-06 19:38:37,438] {dag.py:2931} INFO - Setting next_dagrun for example_xcom_args to None, run_after=None
[2022-07-06 19:38:37,439] {logging_mixin.py:115} INFO - [2022-07-06 19:38:37,439] {dag.py:2931} INFO - Setting next_dagrun for example_xcom_args_with_operators to None, run_after=None
[2022-07-06 19:38:37,973] {processor.py:161} INFO - Processing /home/airflow/.local/lib/python3.7/site-packages/airflow/example_dags/example_xcomargs.py took 13.625 seconds
[2022-07-06 19:39:42,507] {processor.py:153} INFO - Started process (PID=179) to work on /home/airflow/.local/lib/python3.7/site-packages/airflow/example_dags/example_xcomargs.py
[2022-07-06 19:39:42,646] {processor.py:641} INFO - Processing file /home/airflow/.local/lib/python3.7/site-packages/airflow/example_dags/example_xcomargs.py for tasks to queue
[2022-07-06 19:39:42,648] {logging_mixin.py:115} INFO - [2022-07-06 19:39:42,648] {dagbag.py:507} INFO - Filling up the DagBag from /home/airflow/.local/lib/python3.7/site-packages/airflow/example_dags/example_xcomargs.py
[2022-07-06 19:39:43,144] {processor.py:651} INFO - DAG(s) dict_keys(['example_xcom_args', 'example_xcom_args_with_operators']) retrieved from /home/airflow/.local/lib/python3.7/site-packages/airflow/example_dags/example_xcomargs.py
[2022-07-06 19:39:43,470] {logging_mixin.py:115} INFO - [2022-07-06 19:39:43,470] {dag.py:2379} INFO - Sync 2 DAGs
[2022-07-06 19:39:43,498] {logging_mixin.py:115} INFO - [2022-07-06 19:39:43,498] {dag.py:2931} INFO - Setting next_dagrun for example_xcom_args to None, run_after=None
[2022-07-06 19:39:43,657] {logging_mixin.py:115} INFO - [2022-07-06 19:39:43,657] {dag.py:2931} INFO - Setting next_dagrun for example_xcom_args_with_operators to None, run_after=None
[2022-07-06 19:39:44,116] {processor.py:161} INFO - Processing /home/airflow/.local/lib/python3.7/site-packages/airflow/example_dags/example_xcomargs.py took 1.614 seconds
[2022-07-06 19:40:14,982] {processor.py:153} INFO - Started process (PID=229) to work on /home/airflow/.local/lib/python3.7/site-packages/airflow/example_dags/example_xcomargs.py
[2022-07-06 19:40:15,030] {processor.py:641} INFO - Processing file /home/airflow/.local/lib/python3.7/site-packages/airflow/example_dags/example_xcomargs.py for tasks to queue
[2022-07-06 19:40:15,032] {logging_mixin.py:115} INFO - [2022-07-06 19:40:15,031] {dagbag.py:507} INFO - Filling up the DagBag from /home/airflow/.local/lib/python3.7/site-packages/airflow/example_dags/example_xcomargs.py
[2022-07-06 19:40:15,108] {processor.py:651} INFO - DAG(s) dict_keys(['example_xcom_args', 'example_xcom_args_with_operators']) retrieved from /home/airflow/.local/lib/python3.7/site-packages/airflow/example_dags/example_xcomargs.py
[2022-07-06 19:40:15,202] {logging_mixin.py:115} INFO - [2022-07-06 19:40:15,202] {dag.py:2379} INFO - Sync 2 DAGs
[2022-07-06 19:40:15,225] {logging_mixin.py:115} INFO - [2022-07-06 19:40:15,225] {dag.py:2931} INFO - Setting next_dagrun for example_xcom_args to None, run_after=None
[2022-07-06 19:40:15,225] {logging_mixin.py:115} INFO - [2022-07-06 19:40:15,225] {dag.py:2931} INFO - Setting next_dagrun for example_xcom_args_with_operators to None, run_after=None
[2022-07-06 19:40:15,327] {processor.py:161} INFO - Processing /home/airflow/.local/lib/python3.7/site-packages/airflow/example_dags/example_xcomargs.py took 0.359 seconds
[2022-07-06 19:40:45,567] {processor.py:153} INFO - Started process (PID=292) to work on /home/airflow/.local/lib/python3.7/site-packages/airflow/example_dags/example_xcomargs.py
[2022-07-06 19:40:45,567] {processor.py:641} INFO - Processing file /home/airflow/.local/lib/python3.7/site-packages/airflow/example_dags/example_xcomargs.py for tasks to queue
[2022-07-06 19:40:45,568] {logging_mixin.py:115} INFO - [2022-07-06 19:40:45,568] {dagbag.py:507} INFO - Filling up the DagBag from /home/airflow/.local/lib/python3.7/site-packages/airflow/example_dags/example_xcomargs.py
[2022-07-06 19:40:45,600] {processor.py:651} INFO - DAG(s) dict_keys(['example_xcom_args', 'example_xcom_args_with_operators']) retrieved from /home/airflow/.local/lib/python3.7/site-packages/airflow/example_dags/example_xcomargs.py
[2022-07-06 19:40:45,690] {logging_mixin.py:115} INFO - [2022-07-06 19:40:45,690] {dag.py:2379} INFO - Sync 2 DAGs
[2022-07-06 19:40:45,717] {logging_mixin.py:115} INFO - [2022-07-06 19:40:45,717] {dag.py:2931} INFO - Setting next_dagrun for example_xcom_args to None, run_after=None
[2022-07-06 19:40:45,717] {logging_mixin.py:115} INFO - [2022-07-06 19:40:45,717] {dag.py:2931} INFO - Setting next_dagrun for example_xcom_args_with_operators to None, run_after=None
[2022-07-06 19:40:45,780] {processor.py:161} INFO - Processing /home/airflow/.local/lib/python3.7/site-packages/airflow/example_dags/example_xcomargs.py took 0.219 seconds
[2022-07-06 19:41:16,227] {processor.py:153} INFO - Started process (PID=342) to work on /home/airflow/.local/lib/python3.7/site-packages/airflow/example_dags/example_xcomargs.py
[2022-07-06 19:41:16,291] {processor.py:641} INFO - Processing file /home/airflow/.local/lib/python3.7/site-packages/airflow/example_dags/example_xcomargs.py for tasks to queue
[2022-07-06 19:41:16,292] {logging_mixin.py:115} INFO - [2022-07-06 19:41:16,292] {dagbag.py:507} INFO - Filling up the DagBag from /home/airflow/.local/lib/python3.7/site-packages/airflow/example_dags/example_xcomargs.py
[2022-07-06 19:41:16,319] {processor.py:651} INFO - DAG(s) dict_keys(['example_xcom_args', 'example_xcom_args_with_operators']) retrieved from /home/airflow/.local/lib/python3.7/site-packages/airflow/example_dags/example_xcomargs.py
[2022-07-06 19:41:16,426] {logging_mixin.py:115} INFO - [2022-07-06 19:41:16,426] {dag.py:2379} INFO - Sync 2 DAGs
[2022-07-06 19:41:16,448] {logging_mixin.py:115} INFO - [2022-07-06 19:41:16,448] {dag.py:2931} INFO - Setting next_dagrun for example_xcom_args to None, run_after=None
[2022-07-06 19:41:16,448] {logging_mixin.py:115} INFO - [2022-07-06 19:41:16,448] {dag.py:2931} INFO - Setting next_dagrun for example_xcom_args_with_operators to None, run_after=None
[2022-07-06 19:41:16,524] {processor.py:161} INFO - Processing /home/airflow/.local/lib/python3.7/site-packages/airflow/example_dags/example_xcomargs.py took 0.305 seconds
[2022-07-06 19:41:52,510] {processor.py:153} INFO - Started process (PID=390) to work on /home/airflow/.local/lib/python3.7/site-packages/airflow/example_dags/example_xcomargs.py
[2022-07-06 19:41:53,063] {processor.py:641} INFO - Processing file /home/airflow/.local/lib/python3.7/site-packages/airflow/example_dags/example_xcomargs.py for tasks to queue
[2022-07-06 19:41:53,064] {logging_mixin.py:115} INFO - [2022-07-06 19:41:53,064] {dagbag.py:507} INFO - Filling up the DagBag from /home/airflow/.local/lib/python3.7/site-packages/airflow/example_dags/example_xcomargs.py
[2022-07-06 19:41:53,465] {processor.py:651} INFO - DAG(s) dict_keys(['example_xcom_args', 'example_xcom_args_with_operators']) retrieved from /home/airflow/.local/lib/python3.7/site-packages/airflow/example_dags/example_xcomargs.py
[2022-07-06 19:41:53,672] {logging_mixin.py:115} INFO - [2022-07-06 19:41:53,671] {dag.py:2379} INFO - Sync 2 DAGs
[2022-07-06 19:41:53,694] {logging_mixin.py:115} INFO - [2022-07-06 19:41:53,694] {dag.py:2931} INFO - Setting next_dagrun for example_xcom_args to None, run_after=None
[2022-07-06 19:41:53,695] {logging_mixin.py:115} INFO - [2022-07-06 19:41:53,695] {dag.py:2931} INFO - Setting next_dagrun for example_xcom_args_with_operators to None, run_after=None
[2022-07-06 19:41:54,694] {processor.py:161} INFO - Processing /home/airflow/.local/lib/python3.7/site-packages/airflow/example_dags/example_xcomargs.py took 2.187 seconds
[2022-07-06 19:44:05,041] {processor.py:153} INFO - Started process (PID=426) to work on /home/airflow/.local/lib/python3.7/site-packages/airflow/example_dags/example_xcomargs.py
[2022-07-06 19:44:05,250] {processor.py:641} INFO - Processing file /home/airflow/.local/lib/python3.7/site-packages/airflow/example_dags/example_xcomargs.py for tasks to queue
[2022-07-06 19:44:05,251] {logging_mixin.py:115} INFO - [2022-07-06 19:44:05,251] {dagbag.py:507} INFO - Filling up the DagBag from /home/airflow/.local/lib/python3.7/site-packages/airflow/example_dags/example_xcomargs.py
[2022-07-06 19:44:05,453] {processor.py:651} INFO - DAG(s) dict_keys(['example_xcom_args', 'example_xcom_args_with_operators']) retrieved from /home/airflow/.local/lib/python3.7/site-packages/airflow/example_dags/example_xcomargs.py
[2022-07-06 19:44:05,556] {logging_mixin.py:115} INFO - [2022-07-06 19:44:05,555] {dag.py:2379} INFO - Sync 2 DAGs
[2022-07-06 19:44:05,577] {logging_mixin.py:115} INFO - [2022-07-06 19:44:05,576] {dag.py:2931} INFO - Setting next_dagrun for example_xcom_args to None, run_after=None
[2022-07-06 19:44:05,810] {logging_mixin.py:115} INFO - [2022-07-06 19:44:05,810] {dag.py:2931} INFO - Setting next_dagrun for example_xcom_args_with_operators to None, run_after=None
[2022-07-06 19:44:06,262] {processor.py:161} INFO - Processing /home/airflow/.local/lib/python3.7/site-packages/airflow/example_dags/example_xcomargs.py took 1.226 seconds
[2022-07-06 19:45:56,685] {processor.py:153} INFO - Started process (PID=489) to work on /home/airflow/.local/lib/python3.7/site-packages/airflow/example_dags/example_xcomargs.py
[2022-07-06 19:45:57,178] {processor.py:641} INFO - Processing file /home/airflow/.local/lib/python3.7/site-packages/airflow/example_dags/example_xcomargs.py for tasks to queue
[2022-07-06 19:45:57,180] {logging_mixin.py:115} INFO - [2022-07-06 19:45:57,180] {dagbag.py:507} INFO - Filling up the DagBag from /home/airflow/.local/lib/python3.7/site-packages/airflow/example_dags/example_xcomargs.py
[2022-07-06 19:45:59,422] {processor.py:651} INFO - DAG(s) dict_keys(['example_xcom_args', 'example_xcom_args_with_operators']) retrieved from /home/airflow/.local/lib/python3.7/site-packages/airflow/example_dags/example_xcomargs.py
[2022-07-06 19:46:00,777] {logging_mixin.py:115} INFO - [2022-07-06 19:46:00,777] {dag.py:2379} INFO - Sync 2 DAGs
[2022-07-06 19:46:00,882] {logging_mixin.py:115} INFO - [2022-07-06 19:46:00,882] {dag.py:2931} INFO - Setting next_dagrun for example_xcom_args to None, run_after=None
[2022-07-06 19:46:00,883] {logging_mixin.py:115} INFO - [2022-07-06 19:46:00,883] {dag.py:2931} INFO - Setting next_dagrun for example_xcom_args_with_operators to None, run_after=None
[2022-07-06 19:46:02,299] {processor.py:161} INFO - Processing /home/airflow/.local/lib/python3.7/site-packages/airflow/example_dags/example_xcomargs.py took 5.620 seconds
[2022-07-06 19:54:31,945] {processor.py:153} INFO - Started process (PID=111) to work on /home/airflow/.local/lib/python3.7/site-packages/airflow/example_dags/example_xcomargs.py
[2022-07-06 19:54:32,132] {processor.py:641} INFO - Processing file /home/airflow/.local/lib/python3.7/site-packages/airflow/example_dags/example_xcomargs.py for tasks to queue
[2022-07-06 19:54:32,134] {logging_mixin.py:115} INFO - [2022-07-06 19:54:32,134] {dagbag.py:507} INFO - Filling up the DagBag from /home/airflow/.local/lib/python3.7/site-packages/airflow/example_dags/example_xcomargs.py
[2022-07-06 19:54:32,700] {processor.py:651} INFO - DAG(s) dict_keys(['example_xcom_args', 'example_xcom_args_with_operators']) retrieved from /home/airflow/.local/lib/python3.7/site-packages/airflow/example_dags/example_xcomargs.py
[2022-07-06 19:54:33,781] {logging_mixin.py:115} INFO - [2022-07-06 19:54:33,781] {dag.py:2379} INFO - Sync 2 DAGs
[2022-07-06 19:54:34,152] {logging_mixin.py:115} INFO - [2022-07-06 19:54:34,151] {dag.py:2931} INFO - Setting next_dagrun for example_xcom_args to None, run_after=None
[2022-07-06 19:54:34,153] {logging_mixin.py:115} INFO - [2022-07-06 19:54:34,152] {dag.py:2931} INFO - Setting next_dagrun for example_xcom_args_with_operators to None, run_after=None
[2022-07-06 19:54:34,308] {processor.py:161} INFO - Processing /home/airflow/.local/lib/python3.7/site-packages/airflow/example_dags/example_xcomargs.py took 2.373 seconds
[2022-07-06 19:55:05,498] {processor.py:153} INFO - Started process (PID=169) to work on /home/airflow/.local/lib/python3.7/site-packages/airflow/example_dags/example_xcomargs.py
[2022-07-06 19:55:05,530] {processor.py:641} INFO - Processing file /home/airflow/.local/lib/python3.7/site-packages/airflow/example_dags/example_xcomargs.py for tasks to queue
[2022-07-06 19:55:05,531] {logging_mixin.py:115} INFO - [2022-07-06 19:55:05,531] {dagbag.py:507} INFO - Filling up the DagBag from /home/airflow/.local/lib/python3.7/site-packages/airflow/example_dags/example_xcomargs.py
[2022-07-06 19:55:06,630] {processor.py:651} INFO - DAG(s) dict_keys(['example_xcom_args', 'example_xcom_args_with_operators']) retrieved from /home/airflow/.local/lib/python3.7/site-packages/airflow/example_dags/example_xcomargs.py
[2022-07-06 19:55:06,928] {logging_mixin.py:115} INFO - [2022-07-06 19:55:06,928] {dag.py:2379} INFO - Sync 2 DAGs
[2022-07-06 19:55:06,960] {logging_mixin.py:115} INFO - [2022-07-06 19:55:06,960] {dag.py:2931} INFO - Setting next_dagrun for example_xcom_args to None, run_after=None
[2022-07-06 19:55:06,960] {logging_mixin.py:115} INFO - [2022-07-06 19:55:06,960] {dag.py:2931} INFO - Setting next_dagrun for example_xcom_args_with_operators to None, run_after=None
[2022-07-06 19:55:11,810] {processor.py:161} INFO - Processing /home/airflow/.local/lib/python3.7/site-packages/airflow/example_dags/example_xcomargs.py took 6.317 seconds
[2022-07-06 19:55:49,929] {processor.py:153} INFO - Started process (PID=224) to work on /home/airflow/.local/lib/python3.7/site-packages/airflow/example_dags/example_xcomargs.py
[2022-07-06 19:55:49,931] {processor.py:641} INFO - Processing file /home/airflow/.local/lib/python3.7/site-packages/airflow/example_dags/example_xcomargs.py for tasks to queue
[2022-07-06 19:55:49,932] {logging_mixin.py:115} INFO - [2022-07-06 19:55:49,932] {dagbag.py:507} INFO - Filling up the DagBag from /home/airflow/.local/lib/python3.7/site-packages/airflow/example_dags/example_xcomargs.py
[2022-07-06 19:55:49,978] {processor.py:651} INFO - DAG(s) dict_keys(['example_xcom_args', 'example_xcom_args_with_operators']) retrieved from /home/airflow/.local/lib/python3.7/site-packages/airflow/example_dags/example_xcomargs.py
[2022-07-06 19:55:50,188] {logging_mixin.py:115} INFO - [2022-07-06 19:55:50,187] {dag.py:2379} INFO - Sync 2 DAGs
[2022-07-06 19:55:50,216] {logging_mixin.py:115} INFO - [2022-07-06 19:55:50,216] {dag.py:2931} INFO - Setting next_dagrun for example_xcom_args to None, run_after=None
[2022-07-06 19:55:50,216] {logging_mixin.py:115} INFO - [2022-07-06 19:55:50,216] {dag.py:2931} INFO - Setting next_dagrun for example_xcom_args_with_operators to None, run_after=None
[2022-07-06 19:57:18,930] {processor.py:153} INFO - Started process (PID=301) to work on /home/airflow/.local/lib/python3.7/site-packages/airflow/example_dags/example_xcomargs.py
[2022-07-06 19:57:19,016] {processor.py:641} INFO - Processing file /home/airflow/.local/lib/python3.7/site-packages/airflow/example_dags/example_xcomargs.py for tasks to queue
[2022-07-06 19:57:19,017] {logging_mixin.py:115} INFO - [2022-07-06 19:57:19,017] {dagbag.py:507} INFO - Filling up the DagBag from /home/airflow/.local/lib/python3.7/site-packages/airflow/example_dags/example_xcomargs.py
[2022-07-06 19:57:19,056] {processor.py:651} INFO - DAG(s) dict_keys(['example_xcom_args', 'example_xcom_args_with_operators']) retrieved from /home/airflow/.local/lib/python3.7/site-packages/airflow/example_dags/example_xcomargs.py
[2022-07-06 19:57:19,103] {logging_mixin.py:115} INFO - [2022-07-06 19:57:19,103] {dag.py:2379} INFO - Sync 2 DAGs
[2022-07-06 19:57:19,143] {logging_mixin.py:115} INFO - [2022-07-06 19:57:19,143] {dag.py:2931} INFO - Setting next_dagrun for example_xcom_args to None, run_after=None
[2022-07-06 19:57:19,143] {logging_mixin.py:115} INFO - [2022-07-06 19:57:19,143] {dag.py:2931} INFO - Setting next_dagrun for example_xcom_args_with_operators to None, run_after=None
[2022-07-06 19:57:19,602] {processor.py:161} INFO - Processing /home/airflow/.local/lib/python3.7/site-packages/airflow/example_dags/example_xcomargs.py took 0.677 seconds
[2022-07-06 19:58:26,413] {processor.py:153} INFO - Started process (PID=369) to work on /home/airflow/.local/lib/python3.7/site-packages/airflow/example_dags/example_xcomargs.py
[2022-07-06 19:58:26,499] {processor.py:641} INFO - Processing file /home/airflow/.local/lib/python3.7/site-packages/airflow/example_dags/example_xcomargs.py for tasks to queue
[2022-07-06 19:58:26,500] {logging_mixin.py:115} INFO - [2022-07-06 19:58:26,499] {dagbag.py:507} INFO - Filling up the DagBag from /home/airflow/.local/lib/python3.7/site-packages/airflow/example_dags/example_xcomargs.py
[2022-07-06 19:58:26,618] {processor.py:651} INFO - DAG(s) dict_keys(['example_xcom_args', 'example_xcom_args_with_operators']) retrieved from /home/airflow/.local/lib/python3.7/site-packages/airflow/example_dags/example_xcomargs.py
[2022-07-06 19:58:26,764] {logging_mixin.py:115} INFO - [2022-07-06 19:58:26,764] {dag.py:2379} INFO - Sync 2 DAGs
[2022-07-06 19:58:26,803] {logging_mixin.py:115} INFO - [2022-07-06 19:58:26,803] {dag.py:2931} INFO - Setting next_dagrun for example_xcom_args to None, run_after=None
[2022-07-06 19:58:26,803] {logging_mixin.py:115} INFO - [2022-07-06 19:58:26,803] {dag.py:2931} INFO - Setting next_dagrun for example_xcom_args_with_operators to None, run_after=None
[2022-07-06 19:58:28,834] {processor.py:161} INFO - Processing /home/airflow/.local/lib/python3.7/site-packages/airflow/example_dags/example_xcomargs.py took 2.424 seconds
[2022-07-06 19:58:59,070] {processor.py:153} INFO - Started process (PID=423) to work on /home/airflow/.local/lib/python3.7/site-packages/airflow/example_dags/example_xcomargs.py
[2022-07-06 19:58:59,145] {processor.py:641} INFO - Processing file /home/airflow/.local/lib/python3.7/site-packages/airflow/example_dags/example_xcomargs.py for tasks to queue
[2022-07-06 19:58:59,146] {logging_mixin.py:115} INFO - [2022-07-06 19:58:59,146] {dagbag.py:507} INFO - Filling up the DagBag from /home/airflow/.local/lib/python3.7/site-packages/airflow/example_dags/example_xcomargs.py
[2022-07-06 19:58:59,198] {processor.py:651} INFO - DAG(s) dict_keys(['example_xcom_args', 'example_xcom_args_with_operators']) retrieved from /home/airflow/.local/lib/python3.7/site-packages/airflow/example_dags/example_xcomargs.py
[2022-07-06 19:58:59,230] {logging_mixin.py:115} INFO - [2022-07-06 19:58:59,230] {dag.py:2379} INFO - Sync 2 DAGs
[2022-07-06 19:58:59,258] {logging_mixin.py:115} INFO - [2022-07-06 19:58:59,258] {dag.py:2931} INFO - Setting next_dagrun for example_xcom_args to None, run_after=None
[2022-07-06 19:58:59,258] {logging_mixin.py:115} INFO - [2022-07-06 19:58:59,258] {dag.py:2931} INFO - Setting next_dagrun for example_xcom_args_with_operators to None, run_after=None
[2022-07-06 19:58:59,375] {processor.py:161} INFO - Processing /home/airflow/.local/lib/python3.7/site-packages/airflow/example_dags/example_xcomargs.py took 0.315 seconds
[2022-07-06 19:59:33,520] {processor.py:153} INFO - Started process (PID=472) to work on /home/airflow/.local/lib/python3.7/site-packages/airflow/example_dags/example_xcomargs.py
[2022-07-06 19:59:33,565] {processor.py:641} INFO - Processing file /home/airflow/.local/lib/python3.7/site-packages/airflow/example_dags/example_xcomargs.py for tasks to queue
[2022-07-06 19:59:33,566] {logging_mixin.py:115} INFO - [2022-07-06 19:59:33,566] {dagbag.py:507} INFO - Filling up the DagBag from /home/airflow/.local/lib/python3.7/site-packages/airflow/example_dags/example_xcomargs.py
[2022-07-06 19:59:33,603] {processor.py:651} INFO - DAG(s) dict_keys(['example_xcom_args', 'example_xcom_args_with_operators']) retrieved from /home/airflow/.local/lib/python3.7/site-packages/airflow/example_dags/example_xcomargs.py
[2022-07-06 19:59:33,869] {logging_mixin.py:115} INFO - [2022-07-06 19:59:33,868] {dag.py:2379} INFO - Sync 2 DAGs
[2022-07-06 19:59:58,169] {logging_mixin.py:115} INFO - [2022-07-06 19:59:58,169] {dag.py:2931} INFO - Setting next_dagrun for example_xcom_args to None, run_after=None
[2022-07-06 19:59:58,170] {logging_mixin.py:115} INFO - [2022-07-06 19:59:58,170] {dag.py:2931} INFO - Setting next_dagrun for example_xcom_args_with_operators to None, run_after=None
[2022-07-06 19:59:58,214] {processor.py:161} INFO - Processing /home/airflow/.local/lib/python3.7/site-packages/airflow/example_dags/example_xcomargs.py took 24.698 seconds
[2022-07-06 20:00:28,513] {processor.py:153} INFO - Started process (PID=543) to work on /home/airflow/.local/lib/python3.7/site-packages/airflow/example_dags/example_xcomargs.py
[2022-07-06 20:00:28,561] {processor.py:641} INFO - Processing file /home/airflow/.local/lib/python3.7/site-packages/airflow/example_dags/example_xcomargs.py for tasks to queue
[2022-07-06 20:00:28,562] {logging_mixin.py:115} INFO - [2022-07-06 20:00:28,562] {dagbag.py:507} INFO - Filling up the DagBag from /home/airflow/.local/lib/python3.7/site-packages/airflow/example_dags/example_xcomargs.py
[2022-07-06 20:00:28,605] {processor.py:651} INFO - DAG(s) dict_keys(['example_xcom_args', 'example_xcom_args_with_operators']) retrieved from /home/airflow/.local/lib/python3.7/site-packages/airflow/example_dags/example_xcomargs.py
[2022-07-06 20:00:28,698] {logging_mixin.py:115} INFO - [2022-07-06 20:00:28,698] {dag.py:2379} INFO - Sync 2 DAGs
[2022-07-06 20:00:28,850] {logging_mixin.py:115} INFO - [2022-07-06 20:00:28,850] {dag.py:2931} INFO - Setting next_dagrun for example_xcom_args to None, run_after=None
[2022-07-06 20:00:28,851] {logging_mixin.py:115} INFO - [2022-07-06 20:00:28,851] {dag.py:2931} INFO - Setting next_dagrun for example_xcom_args_with_operators to None, run_after=None
[2022-07-06 20:00:28,959] {processor.py:161} INFO - Processing /home/airflow/.local/lib/python3.7/site-packages/airflow/example_dags/example_xcomargs.py took 0.451 seconds
[2022-07-06 20:00:59,979] {processor.py:153} INFO - Started process (PID=603) to work on /home/airflow/.local/lib/python3.7/site-packages/airflow/example_dags/example_xcomargs.py
[2022-07-06 20:00:59,980] {processor.py:641} INFO - Processing file /home/airflow/.local/lib/python3.7/site-packages/airflow/example_dags/example_xcomargs.py for tasks to queue
[2022-07-06 20:00:59,982] {logging_mixin.py:115} INFO - [2022-07-06 20:00:59,981] {dagbag.py:507} INFO - Filling up the DagBag from /home/airflow/.local/lib/python3.7/site-packages/airflow/example_dags/example_xcomargs.py
[2022-07-06 20:01:00,046] {processor.py:651} INFO - DAG(s) dict_keys(['example_xcom_args', 'example_xcom_args_with_operators']) retrieved from /home/airflow/.local/lib/python3.7/site-packages/airflow/example_dags/example_xcomargs.py
[2022-07-06 20:01:00,142] {logging_mixin.py:115} INFO - [2022-07-06 20:01:00,142] {dag.py:2379} INFO - Sync 2 DAGs
[2022-07-06 20:01:09,708] {logging_mixin.py:115} INFO - [2022-07-06 20:01:09,708] {dag.py:2931} INFO - Setting next_dagrun for example_xcom_args to None, run_after=None
[2022-07-06 20:01:09,708] {logging_mixin.py:115} INFO - [2022-07-06 20:01:09,708] {dag.py:2931} INFO - Setting next_dagrun for example_xcom_args_with_operators to None, run_after=None
[2022-07-06 20:01:09,751] {processor.py:161} INFO - Processing /home/airflow/.local/lib/python3.7/site-packages/airflow/example_dags/example_xcomargs.py took 9.782 seconds
[2022-07-06 20:01:40,429] {processor.py:153} INFO - Started process (PID=663) to work on /home/airflow/.local/lib/python3.7/site-packages/airflow/example_dags/example_xcomargs.py
[2022-07-06 20:01:40,497] {processor.py:641} INFO - Processing file /home/airflow/.local/lib/python3.7/site-packages/airflow/example_dags/example_xcomargs.py for tasks to queue
[2022-07-06 20:01:40,499] {logging_mixin.py:115} INFO - [2022-07-06 20:01:40,498] {dagbag.py:507} INFO - Filling up the DagBag from /home/airflow/.local/lib/python3.7/site-packages/airflow/example_dags/example_xcomargs.py
[2022-07-06 20:01:40,567] {processor.py:651} INFO - DAG(s) dict_keys(['example_xcom_args', 'example_xcom_args_with_operators']) retrieved from /home/airflow/.local/lib/python3.7/site-packages/airflow/example_dags/example_xcomargs.py
[2022-07-06 20:01:41,273] {logging_mixin.py:115} INFO - [2022-07-06 20:01:41,273] {dag.py:2379} INFO - Sync 2 DAGs
[2022-07-06 20:01:51,461] {logging_mixin.py:115} INFO - [2022-07-06 20:01:51,461] {dag.py:2931} INFO - Setting next_dagrun for example_xcom_args to None, run_after=None
[2022-07-06 20:01:51,462] {logging_mixin.py:115} INFO - [2022-07-06 20:01:51,462] {dag.py:2931} INFO - Setting next_dagrun for example_xcom_args_with_operators to None, run_after=None
[2022-07-06 20:01:51,512] {processor.py:161} INFO - Processing /home/airflow/.local/lib/python3.7/site-packages/airflow/example_dags/example_xcomargs.py took 11.086 seconds
[2022-07-06 20:02:21,583] {processor.py:153} INFO - Started process (PID=723) to work on /home/airflow/.local/lib/python3.7/site-packages/airflow/example_dags/example_xcomargs.py
[2022-07-06 20:02:21,611] {processor.py:641} INFO - Processing file /home/airflow/.local/lib/python3.7/site-packages/airflow/example_dags/example_xcomargs.py for tasks to queue
[2022-07-06 20:02:21,612] {logging_mixin.py:115} INFO - [2022-07-06 20:02:21,611] {dagbag.py:507} INFO - Filling up the DagBag from /home/airflow/.local/lib/python3.7/site-packages/airflow/example_dags/example_xcomargs.py
[2022-07-06 20:02:21,657] {processor.py:651} INFO - DAG(s) dict_keys(['example_xcom_args', 'example_xcom_args_with_operators']) retrieved from /home/airflow/.local/lib/python3.7/site-packages/airflow/example_dags/example_xcomargs.py
[2022-07-06 20:02:21,796] {logging_mixin.py:115} INFO - [2022-07-06 20:02:21,796] {dag.py:2379} INFO - Sync 2 DAGs
[2022-07-06 20:02:22,638] {logging_mixin.py:115} INFO - [2022-07-06 20:02:22,638] {dag.py:2931} INFO - Setting next_dagrun for example_xcom_args to None, run_after=None
[2022-07-06 20:02:22,639] {logging_mixin.py:115} INFO - [2022-07-06 20:02:22,639] {dag.py:2931} INFO - Setting next_dagrun for example_xcom_args_with_operators to None, run_after=None
[2022-07-06 20:02:22,704] {processor.py:161} INFO - Processing /home/airflow/.local/lib/python3.7/site-packages/airflow/example_dags/example_xcomargs.py took 1.125 seconds
[2022-07-06 20:02:53,106] {processor.py:153} INFO - Started process (PID=774) to work on /home/airflow/.local/lib/python3.7/site-packages/airflow/example_dags/example_xcomargs.py
[2022-07-06 20:02:53,163] {processor.py:641} INFO - Processing file /home/airflow/.local/lib/python3.7/site-packages/airflow/example_dags/example_xcomargs.py for tasks to queue
[2022-07-06 20:02:53,164] {logging_mixin.py:115} INFO - [2022-07-06 20:02:53,164] {dagbag.py:507} INFO - Filling up the DagBag from /home/airflow/.local/lib/python3.7/site-packages/airflow/example_dags/example_xcomargs.py
[2022-07-06 20:02:53,216] {processor.py:651} INFO - DAG(s) dict_keys(['example_xcom_args', 'example_xcom_args_with_operators']) retrieved from /home/airflow/.local/lib/python3.7/site-packages/airflow/example_dags/example_xcomargs.py
[2022-07-06 20:02:53,251] {logging_mixin.py:115} INFO - [2022-07-06 20:02:53,251] {dag.py:2379} INFO - Sync 2 DAGs
[2022-07-06 20:02:53,282] {logging_mixin.py:115} INFO - [2022-07-06 20:02:53,282] {dag.py:2931} INFO - Setting next_dagrun for example_xcom_args to None, run_after=None
[2022-07-06 20:02:53,282] {logging_mixin.py:115} INFO - [2022-07-06 20:02:53,282] {dag.py:2931} INFO - Setting next_dagrun for example_xcom_args_with_operators to None, run_after=None
[2022-07-06 20:02:53,843] {processor.py:161} INFO - Processing /home/airflow/.local/lib/python3.7/site-packages/airflow/example_dags/example_xcomargs.py took 0.747 seconds
[2022-07-06 20:03:24,411] {processor.py:153} INFO - Started process (PID=835) to work on /home/airflow/.local/lib/python3.7/site-packages/airflow/example_dags/example_xcomargs.py
[2022-07-06 20:03:24,411] {processor.py:641} INFO - Processing file /home/airflow/.local/lib/python3.7/site-packages/airflow/example_dags/example_xcomargs.py for tasks to queue
[2022-07-06 20:03:24,412] {logging_mixin.py:115} INFO - [2022-07-06 20:03:24,412] {dagbag.py:507} INFO - Filling up the DagBag from /home/airflow/.local/lib/python3.7/site-packages/airflow/example_dags/example_xcomargs.py
[2022-07-06 20:03:24,453] {processor.py:651} INFO - DAG(s) dict_keys(['example_xcom_args', 'example_xcom_args_with_operators']) retrieved from /home/airflow/.local/lib/python3.7/site-packages/airflow/example_dags/example_xcomargs.py
[2022-07-06 20:03:24,669] {logging_mixin.py:115} INFO - [2022-07-06 20:03:24,669] {dag.py:2379} INFO - Sync 2 DAGs
[2022-07-06 20:03:24,854] {logging_mixin.py:115} INFO - [2022-07-06 20:03:24,854] {dag.py:2931} INFO - Setting next_dagrun for example_xcom_args to None, run_after=None
[2022-07-06 20:03:24,855] {logging_mixin.py:115} INFO - [2022-07-06 20:03:24,854] {dag.py:2931} INFO - Setting next_dagrun for example_xcom_args_with_operators to None, run_after=None
[2022-07-06 20:03:24,977] {processor.py:161} INFO - Processing /home/airflow/.local/lib/python3.7/site-packages/airflow/example_dags/example_xcomargs.py took 0.572 seconds
[2022-07-06 20:03:55,428] {processor.py:153} INFO - Started process (PID=887) to work on /home/airflow/.local/lib/python3.7/site-packages/airflow/example_dags/example_xcomargs.py
[2022-07-06 20:03:55,429] {processor.py:641} INFO - Processing file /home/airflow/.local/lib/python3.7/site-packages/airflow/example_dags/example_xcomargs.py for tasks to queue
[2022-07-06 20:03:55,429] {logging_mixin.py:115} INFO - [2022-07-06 20:03:55,429] {dagbag.py:507} INFO - Filling up the DagBag from /home/airflow/.local/lib/python3.7/site-packages/airflow/example_dags/example_xcomargs.py
[2022-07-06 20:03:55,459] {processor.py:651} INFO - DAG(s) dict_keys(['example_xcom_args', 'example_xcom_args_with_operators']) retrieved from /home/airflow/.local/lib/python3.7/site-packages/airflow/example_dags/example_xcomargs.py
[2022-07-06 20:03:55,619] {logging_mixin.py:115} INFO - [2022-07-06 20:03:55,619] {dag.py:2379} INFO - Sync 2 DAGs
[2022-07-06 20:03:55,819] {logging_mixin.py:115} INFO - [2022-07-06 20:03:55,818] {dag.py:2931} INFO - Setting next_dagrun for example_xcom_args to None, run_after=None
[2022-07-06 20:03:55,819] {logging_mixin.py:115} INFO - [2022-07-06 20:03:55,819] {dag.py:2931} INFO - Setting next_dagrun for example_xcom_args_with_operators to None, run_after=None
[2022-07-06 20:03:56,607] {processor.py:161} INFO - Processing /home/airflow/.local/lib/python3.7/site-packages/airflow/example_dags/example_xcomargs.py took 1.182 seconds
[2022-07-06 20:04:26,891] {processor.py:153} INFO - Started process (PID=938) to work on /home/airflow/.local/lib/python3.7/site-packages/airflow/example_dags/example_xcomargs.py
[2022-07-06 20:04:26,920] {processor.py:641} INFO - Processing file /home/airflow/.local/lib/python3.7/site-packages/airflow/example_dags/example_xcomargs.py for tasks to queue
[2022-07-06 20:04:26,920] {logging_mixin.py:115} INFO - [2022-07-06 20:04:26,920] {dagbag.py:507} INFO - Filling up the DagBag from /home/airflow/.local/lib/python3.7/site-packages/airflow/example_dags/example_xcomargs.py
[2022-07-06 20:04:26,946] {processor.py:651} INFO - DAG(s) dict_keys(['example_xcom_args', 'example_xcom_args_with_operators']) retrieved from /home/airflow/.local/lib/python3.7/site-packages/airflow/example_dags/example_xcomargs.py
[2022-07-06 20:04:27,036] {logging_mixin.py:115} INFO - [2022-07-06 20:04:27,036] {dag.py:2379} INFO - Sync 2 DAGs
[2022-07-06 20:04:27,185] {logging_mixin.py:115} INFO - [2022-07-06 20:04:27,185] {dag.py:2931} INFO - Setting next_dagrun for example_xcom_args to None, run_after=None
[2022-07-06 20:04:27,186] {logging_mixin.py:115} INFO - [2022-07-06 20:04:27,186] {dag.py:2931} INFO - Setting next_dagrun for example_xcom_args_with_operators to None, run_after=None
[2022-07-06 20:04:27,224] {processor.py:161} INFO - Processing /home/airflow/.local/lib/python3.7/site-packages/airflow/example_dags/example_xcomargs.py took 0.336 seconds
[2022-07-06 20:04:57,387] {processor.py:153} INFO - Started process (PID=991) to work on /home/airflow/.local/lib/python3.7/site-packages/airflow/example_dags/example_xcomargs.py
[2022-07-06 20:04:57,387] {processor.py:641} INFO - Processing file /home/airflow/.local/lib/python3.7/site-packages/airflow/example_dags/example_xcomargs.py for tasks to queue
[2022-07-06 20:04:57,388] {logging_mixin.py:115} INFO - [2022-07-06 20:04:57,388] {dagbag.py:507} INFO - Filling up the DagBag from /home/airflow/.local/lib/python3.7/site-packages/airflow/example_dags/example_xcomargs.py
[2022-07-06 20:04:57,411] {processor.py:651} INFO - DAG(s) dict_keys(['example_xcom_args', 'example_xcom_args_with_operators']) retrieved from /home/airflow/.local/lib/python3.7/site-packages/airflow/example_dags/example_xcomargs.py
[2022-07-06 20:04:57,500] {logging_mixin.py:115} INFO - [2022-07-06 20:04:57,500] {dag.py:2379} INFO - Sync 2 DAGs
[2022-07-06 20:04:57,643] {logging_mixin.py:115} INFO - [2022-07-06 20:04:57,643] {dag.py:2931} INFO - Setting next_dagrun for example_xcom_args to None, run_after=None
[2022-07-06 20:04:57,643] {logging_mixin.py:115} INFO - [2022-07-06 20:04:57,643] {dag.py:2931} INFO - Setting next_dagrun for example_xcom_args_with_operators to None, run_after=None
[2022-07-06 20:04:57,676] {processor.py:161} INFO - Processing /home/airflow/.local/lib/python3.7/site-packages/airflow/example_dags/example_xcomargs.py took 0.292 seconds
[2022-07-06 20:05:27,754] {processor.py:153} INFO - Started process (PID=1051) to work on /home/airflow/.local/lib/python3.7/site-packages/airflow/example_dags/example_xcomargs.py
[2022-07-06 20:05:27,772] {processor.py:641} INFO - Processing file /home/airflow/.local/lib/python3.7/site-packages/airflow/example_dags/example_xcomargs.py for tasks to queue
[2022-07-06 20:05:27,772] {logging_mixin.py:115} INFO - [2022-07-06 20:05:27,772] {dagbag.py:507} INFO - Filling up the DagBag from /home/airflow/.local/lib/python3.7/site-packages/airflow/example_dags/example_xcomargs.py
[2022-07-06 20:05:27,809] {processor.py:651} INFO - DAG(s) dict_keys(['example_xcom_args', 'example_xcom_args_with_operators']) retrieved from /home/airflow/.local/lib/python3.7/site-packages/airflow/example_dags/example_xcomargs.py
[2022-07-06 20:05:27,954] {logging_mixin.py:115} INFO - [2022-07-06 20:05:27,954] {dag.py:2379} INFO - Sync 2 DAGs
[2022-07-06 20:05:28,201] {logging_mixin.py:115} INFO - [2022-07-06 20:05:28,201] {dag.py:2931} INFO - Setting next_dagrun for example_xcom_args to None, run_after=None
[2022-07-06 20:05:28,202] {logging_mixin.py:115} INFO - [2022-07-06 20:05:28,201] {dag.py:2931} INFO - Setting next_dagrun for example_xcom_args_with_operators to None, run_after=None
[2022-07-06 20:05:28,384] {processor.py:161} INFO - Processing /home/airflow/.local/lib/python3.7/site-packages/airflow/example_dags/example_xcomargs.py took 0.634 seconds
[2022-07-06 20:05:59,148] {processor.py:153} INFO - Started process (PID=1103) to work on /home/airflow/.local/lib/python3.7/site-packages/airflow/example_dags/example_xcomargs.py
[2022-07-06 20:05:59,148] {processor.py:641} INFO - Processing file /home/airflow/.local/lib/python3.7/site-packages/airflow/example_dags/example_xcomargs.py for tasks to queue
[2022-07-06 20:05:59,149] {logging_mixin.py:115} INFO - [2022-07-06 20:05:59,149] {dagbag.py:507} INFO - Filling up the DagBag from /home/airflow/.local/lib/python3.7/site-packages/airflow/example_dags/example_xcomargs.py
[2022-07-06 20:05:59,183] {processor.py:651} INFO - DAG(s) dict_keys(['example_xcom_args', 'example_xcom_args_with_operators']) retrieved from /home/airflow/.local/lib/python3.7/site-packages/airflow/example_dags/example_xcomargs.py
[2022-07-06 20:05:59,311] {logging_mixin.py:115} INFO - [2022-07-06 20:05:59,311] {dag.py:2379} INFO - Sync 2 DAGs
[2022-07-06 20:05:59,475] {logging_mixin.py:115} INFO - [2022-07-06 20:05:59,475] {dag.py:2931} INFO - Setting next_dagrun for example_xcom_args to None, run_after=None
[2022-07-06 20:05:59,476] {logging_mixin.py:115} INFO - [2022-07-06 20:05:59,476] {dag.py:2931} INFO - Setting next_dagrun for example_xcom_args_with_operators to None, run_after=None
[2022-07-06 20:05:59,673] {processor.py:161} INFO - Processing /home/airflow/.local/lib/python3.7/site-packages/airflow/example_dags/example_xcomargs.py took 0.531 seconds
[2022-07-06 20:06:30,072] {processor.py:153} INFO - Started process (PID=1155) to work on /home/airflow/.local/lib/python3.7/site-packages/airflow/example_dags/example_xcomargs.py
[2022-07-06 20:06:30,104] {processor.py:641} INFO - Processing file /home/airflow/.local/lib/python3.7/site-packages/airflow/example_dags/example_xcomargs.py for tasks to queue
[2022-07-06 20:06:30,105] {logging_mixin.py:115} INFO - [2022-07-06 20:06:30,104] {dagbag.py:507} INFO - Filling up the DagBag from /home/airflow/.local/lib/python3.7/site-packages/airflow/example_dags/example_xcomargs.py
[2022-07-06 20:06:30,198] {processor.py:651} INFO - DAG(s) dict_keys(['example_xcom_args', 'example_xcom_args_with_operators']) retrieved from /home/airflow/.local/lib/python3.7/site-packages/airflow/example_dags/example_xcomargs.py
[2022-07-06 20:06:30,343] {logging_mixin.py:115} INFO - [2022-07-06 20:06:30,343] {dag.py:2379} INFO - Sync 2 DAGs
[2022-07-06 20:06:30,501] {logging_mixin.py:115} INFO - [2022-07-06 20:06:30,501] {dag.py:2931} INFO - Setting next_dagrun for example_xcom_args to None, run_after=None
[2022-07-06 20:06:30,502] {logging_mixin.py:115} INFO - [2022-07-06 20:06:30,502] {dag.py:2931} INFO - Setting next_dagrun for example_xcom_args_with_operators to None, run_after=None
[2022-07-06 20:06:30,531] {processor.py:161} INFO - Processing /home/airflow/.local/lib/python3.7/site-packages/airflow/example_dags/example_xcomargs.py took 0.462 seconds
[2022-07-06 20:07:01,116] {processor.py:153} INFO - Started process (PID=1216) to work on /home/airflow/.local/lib/python3.7/site-packages/airflow/example_dags/example_xcomargs.py
[2022-07-06 20:07:01,117] {processor.py:641} INFO - Processing file /home/airflow/.local/lib/python3.7/site-packages/airflow/example_dags/example_xcomargs.py for tasks to queue
[2022-07-06 20:07:01,118] {logging_mixin.py:115} INFO - [2022-07-06 20:07:01,118] {dagbag.py:507} INFO - Filling up the DagBag from /home/airflow/.local/lib/python3.7/site-packages/airflow/example_dags/example_xcomargs.py
[2022-07-06 20:07:01,152] {processor.py:651} INFO - DAG(s) dict_keys(['example_xcom_args', 'example_xcom_args_with_operators']) retrieved from /home/airflow/.local/lib/python3.7/site-packages/airflow/example_dags/example_xcomargs.py
[2022-07-06 20:07:01,284] {logging_mixin.py:115} INFO - [2022-07-06 20:07:01,284] {dag.py:2379} INFO - Sync 2 DAGs
[2022-07-06 20:07:01,468] {logging_mixin.py:115} INFO - [2022-07-06 20:07:01,468] {dag.py:2931} INFO - Setting next_dagrun for example_xcom_args to None, run_after=None
[2022-07-06 20:07:01,468] {logging_mixin.py:115} INFO - [2022-07-06 20:07:01,468] {dag.py:2931} INFO - Setting next_dagrun for example_xcom_args_with_operators to None, run_after=None
[2022-07-06 20:07:01,506] {processor.py:161} INFO - Processing /home/airflow/.local/lib/python3.7/site-packages/airflow/example_dags/example_xcomargs.py took 0.395 seconds
[2022-07-06 20:07:31,671] {processor.py:153} INFO - Started process (PID=1268) to work on /home/airflow/.local/lib/python3.7/site-packages/airflow/example_dags/example_xcomargs.py
[2022-07-06 20:07:31,685] {processor.py:641} INFO - Processing file /home/airflow/.local/lib/python3.7/site-packages/airflow/example_dags/example_xcomargs.py for tasks to queue
[2022-07-06 20:07:31,685] {logging_mixin.py:115} INFO - [2022-07-06 20:07:31,685] {dagbag.py:507} INFO - Filling up the DagBag from /home/airflow/.local/lib/python3.7/site-packages/airflow/example_dags/example_xcomargs.py
[2022-07-06 20:07:31,709] {processor.py:651} INFO - DAG(s) dict_keys(['example_xcom_args', 'example_xcom_args_with_operators']) retrieved from /home/airflow/.local/lib/python3.7/site-packages/airflow/example_dags/example_xcomargs.py
[2022-07-06 20:07:31,824] {logging_mixin.py:115} INFO - [2022-07-06 20:07:31,824] {dag.py:2379} INFO - Sync 2 DAGs
[2022-07-06 20:07:31,993] {logging_mixin.py:115} INFO - [2022-07-06 20:07:31,993] {dag.py:2931} INFO - Setting next_dagrun for example_xcom_args to None, run_after=None
[2022-07-06 20:07:31,993] {logging_mixin.py:115} INFO - [2022-07-06 20:07:31,993] {dag.py:2931} INFO - Setting next_dagrun for example_xcom_args_with_operators to None, run_after=None
[2022-07-06 20:07:32,191] {processor.py:161} INFO - Processing /home/airflow/.local/lib/python3.7/site-packages/airflow/example_dags/example_xcomargs.py took 0.524 seconds
[2022-07-06 20:08:03,150] {processor.py:153} INFO - Started process (PID=1330) to work on /home/airflow/.local/lib/python3.7/site-packages/airflow/example_dags/example_xcomargs.py
[2022-07-06 20:08:03,151] {processor.py:641} INFO - Processing file /home/airflow/.local/lib/python3.7/site-packages/airflow/example_dags/example_xcomargs.py for tasks to queue
[2022-07-06 20:08:03,152] {logging_mixin.py:115} INFO - [2022-07-06 20:08:03,152] {dagbag.py:507} INFO - Filling up the DagBag from /home/airflow/.local/lib/python3.7/site-packages/airflow/example_dags/example_xcomargs.py
[2022-07-06 20:08:03,185] {processor.py:651} INFO - DAG(s) dict_keys(['example_xcom_args', 'example_xcom_args_with_operators']) retrieved from /home/airflow/.local/lib/python3.7/site-packages/airflow/example_dags/example_xcomargs.py
[2022-07-06 20:08:03,231] {logging_mixin.py:115} INFO - [2022-07-06 20:08:03,230] {dag.py:2379} INFO - Sync 2 DAGs
[2022-07-06 20:08:03,272] {logging_mixin.py:115} INFO - [2022-07-06 20:08:03,271] {dag.py:2931} INFO - Setting next_dagrun for example_xcom_args to None, run_after=None
[2022-07-06 20:08:03,272] {logging_mixin.py:115} INFO - [2022-07-06 20:08:03,272] {dag.py:2931} INFO - Setting next_dagrun for example_xcom_args_with_operators to None, run_after=None
[2022-07-06 20:08:03,311] {processor.py:161} INFO - Processing /home/airflow/.local/lib/python3.7/site-packages/airflow/example_dags/example_xcomargs.py took 0.166 seconds
[2022-07-06 20:08:33,536] {processor.py:153} INFO - Started process (PID=1382) to work on /home/airflow/.local/lib/python3.7/site-packages/airflow/example_dags/example_xcomargs.py
[2022-07-06 20:08:33,555] {processor.py:641} INFO - Processing file /home/airflow/.local/lib/python3.7/site-packages/airflow/example_dags/example_xcomargs.py for tasks to queue
[2022-07-06 20:08:33,557] {logging_mixin.py:115} INFO - [2022-07-06 20:08:33,557] {dagbag.py:507} INFO - Filling up the DagBag from /home/airflow/.local/lib/python3.7/site-packages/airflow/example_dags/example_xcomargs.py
[2022-07-06 20:08:33,659] {processor.py:651} INFO - DAG(s) dict_keys(['example_xcom_args', 'example_xcom_args_with_operators']) retrieved from /home/airflow/.local/lib/python3.7/site-packages/airflow/example_dags/example_xcomargs.py
[2022-07-06 20:08:33,704] {logging_mixin.py:115} INFO - [2022-07-06 20:08:33,704] {dag.py:2379} INFO - Sync 2 DAGs
[2022-07-06 20:08:33,793] {logging_mixin.py:115} INFO - [2022-07-06 20:08:33,793] {dag.py:2931} INFO - Setting next_dagrun for example_xcom_args to None, run_after=None
[2022-07-06 20:08:33,793] {logging_mixin.py:115} INFO - [2022-07-06 20:08:33,793] {dag.py:2931} INFO - Setting next_dagrun for example_xcom_args_with_operators to None, run_after=None
[2022-07-06 20:08:33,876] {processor.py:161} INFO - Processing /home/airflow/.local/lib/python3.7/site-packages/airflow/example_dags/example_xcomargs.py took 0.368 seconds
[2022-07-06 20:09:04,340] {processor.py:153} INFO - Started process (PID=1433) to work on /home/airflow/.local/lib/python3.7/site-packages/airflow/example_dags/example_xcomargs.py
[2022-07-06 20:09:04,340] {processor.py:641} INFO - Processing file /home/airflow/.local/lib/python3.7/site-packages/airflow/example_dags/example_xcomargs.py for tasks to queue
[2022-07-06 20:09:04,341] {logging_mixin.py:115} INFO - [2022-07-06 20:09:04,341] {dagbag.py:507} INFO - Filling up the DagBag from /home/airflow/.local/lib/python3.7/site-packages/airflow/example_dags/example_xcomargs.py
[2022-07-06 20:09:04,367] {processor.py:651} INFO - DAG(s) dict_keys(['example_xcom_args', 'example_xcom_args_with_operators']) retrieved from /home/airflow/.local/lib/python3.7/site-packages/airflow/example_dags/example_xcomargs.py
[2022-07-06 20:09:04,465] {logging_mixin.py:115} INFO - [2022-07-06 20:09:04,465] {dag.py:2379} INFO - Sync 2 DAGs
[2022-07-06 20:09:04,616] {logging_mixin.py:115} INFO - [2022-07-06 20:09:04,616] {dag.py:2931} INFO - Setting next_dagrun for example_xcom_args to None, run_after=None
[2022-07-06 20:09:04,616] {logging_mixin.py:115} INFO - [2022-07-06 20:09:04,616] {dag.py:2931} INFO - Setting next_dagrun for example_xcom_args_with_operators to None, run_after=None
[2022-07-06 20:09:04,666] {processor.py:161} INFO - Processing /home/airflow/.local/lib/python3.7/site-packages/airflow/example_dags/example_xcomargs.py took 0.330 seconds
[2022-07-06 20:09:35,012] {processor.py:153} INFO - Started process (PID=1491) to work on /home/airflow/.local/lib/python3.7/site-packages/airflow/example_dags/example_xcomargs.py
[2022-07-06 20:09:35,066] {processor.py:641} INFO - Processing file /home/airflow/.local/lib/python3.7/site-packages/airflow/example_dags/example_xcomargs.py for tasks to queue
[2022-07-06 20:09:35,067] {logging_mixin.py:115} INFO - [2022-07-06 20:09:35,067] {dagbag.py:507} INFO - Filling up the DagBag from /home/airflow/.local/lib/python3.7/site-packages/airflow/example_dags/example_xcomargs.py
[2022-07-06 20:09:35,160] {processor.py:651} INFO - DAG(s) dict_keys(['example_xcom_args', 'example_xcom_args_with_operators']) retrieved from /home/airflow/.local/lib/python3.7/site-packages/airflow/example_dags/example_xcomargs.py
[2022-07-06 20:09:35,355] {logging_mixin.py:115} INFO - [2022-07-06 20:09:35,355] {dag.py:2379} INFO - Sync 2 DAGs
[2022-07-06 20:09:35,623] {logging_mixin.py:115} INFO - [2022-07-06 20:09:35,623] {dag.py:2931} INFO - Setting next_dagrun for example_xcom_args to None, run_after=None
[2022-07-06 20:09:35,623] {logging_mixin.py:115} INFO - [2022-07-06 20:09:35,623] {dag.py:2931} INFO - Setting next_dagrun for example_xcom_args_with_operators to None, run_after=None
[2022-07-06 20:09:35,659] {processor.py:161} INFO - Processing /home/airflow/.local/lib/python3.7/site-packages/airflow/example_dags/example_xcomargs.py took 0.653 seconds
[2022-07-06 20:10:05,757] {processor.py:153} INFO - Started process (PID=1545) to work on /home/airflow/.local/lib/python3.7/site-packages/airflow/example_dags/example_xcomargs.py
[2022-07-06 20:10:05,758] {processor.py:641} INFO - Processing file /home/airflow/.local/lib/python3.7/site-packages/airflow/example_dags/example_xcomargs.py for tasks to queue
[2022-07-06 20:10:05,759] {logging_mixin.py:115} INFO - [2022-07-06 20:10:05,759] {dagbag.py:507} INFO - Filling up the DagBag from /home/airflow/.local/lib/python3.7/site-packages/airflow/example_dags/example_xcomargs.py
[2022-07-06 20:10:05,803] {processor.py:651} INFO - DAG(s) dict_keys(['example_xcom_args', 'example_xcom_args_with_operators']) retrieved from /home/airflow/.local/lib/python3.7/site-packages/airflow/example_dags/example_xcomargs.py
[2022-07-06 20:10:05,993] {logging_mixin.py:115} INFO - [2022-07-06 20:10:05,993] {dag.py:2379} INFO - Sync 2 DAGs
[2022-07-06 20:10:06,224] {logging_mixin.py:115} INFO - [2022-07-06 20:10:06,224] {dag.py:2931} INFO - Setting next_dagrun for example_xcom_args to None, run_after=None
[2022-07-06 20:10:06,224] {logging_mixin.py:115} INFO - [2022-07-06 20:10:06,224] {dag.py:2931} INFO - Setting next_dagrun for example_xcom_args_with_operators to None, run_after=None
[2022-07-06 20:10:06,256] {processor.py:161} INFO - Processing /home/airflow/.local/lib/python3.7/site-packages/airflow/example_dags/example_xcomargs.py took 0.504 seconds
[2022-07-06 20:10:36,294] {processor.py:153} INFO - Started process (PID=1598) to work on /home/airflow/.local/lib/python3.7/site-packages/airflow/example_dags/example_xcomargs.py
[2022-07-06 20:10:36,310] {processor.py:641} INFO - Processing file /home/airflow/.local/lib/python3.7/site-packages/airflow/example_dags/example_xcomargs.py for tasks to queue
[2022-07-06 20:10:36,311] {logging_mixin.py:115} INFO - [2022-07-06 20:10:36,311] {dagbag.py:507} INFO - Filling up the DagBag from /home/airflow/.local/lib/python3.7/site-packages/airflow/example_dags/example_xcomargs.py
[2022-07-06 20:10:36,335] {processor.py:651} INFO - DAG(s) dict_keys(['example_xcom_args', 'example_xcom_args_with_operators']) retrieved from /home/airflow/.local/lib/python3.7/site-packages/airflow/example_dags/example_xcomargs.py
[2022-07-06 20:10:36,427] {logging_mixin.py:115} INFO - [2022-07-06 20:10:36,427] {dag.py:2379} INFO - Sync 2 DAGs
[2022-07-06 20:10:36,572] {logging_mixin.py:115} INFO - [2022-07-06 20:10:36,572] {dag.py:2931} INFO - Setting next_dagrun for example_xcom_args to None, run_after=None
[2022-07-06 20:10:36,573] {logging_mixin.py:115} INFO - [2022-07-06 20:10:36,573] {dag.py:2931} INFO - Setting next_dagrun for example_xcom_args_with_operators to None, run_after=None
[2022-07-06 20:10:36,598] {processor.py:161} INFO - Processing /home/airflow/.local/lib/python3.7/site-packages/airflow/example_dags/example_xcomargs.py took 0.307 seconds
[2022-07-06 20:11:06,797] {processor.py:153} INFO - Started process (PID=1658) to work on /home/airflow/.local/lib/python3.7/site-packages/airflow/example_dags/example_xcomargs.py
[2022-07-06 20:11:06,803] {processor.py:641} INFO - Processing file /home/airflow/.local/lib/python3.7/site-packages/airflow/example_dags/example_xcomargs.py for tasks to queue
[2022-07-06 20:11:06,804] {logging_mixin.py:115} INFO - [2022-07-06 20:11:06,804] {dagbag.py:507} INFO - Filling up the DagBag from /home/airflow/.local/lib/python3.7/site-packages/airflow/example_dags/example_xcomargs.py
[2022-07-06 20:11:06,871] {processor.py:651} INFO - DAG(s) dict_keys(['example_xcom_args', 'example_xcom_args_with_operators']) retrieved from /home/airflow/.local/lib/python3.7/site-packages/airflow/example_dags/example_xcomargs.py
[2022-07-06 20:11:07,086] {logging_mixin.py:115} INFO - [2022-07-06 20:11:07,085] {dag.py:2379} INFO - Sync 2 DAGs
[2022-07-06 20:11:07,298] {logging_mixin.py:115} INFO - [2022-07-06 20:11:07,298] {dag.py:2931} INFO - Setting next_dagrun for example_xcom_args to None, run_after=None
[2022-07-06 20:11:07,299] {logging_mixin.py:115} INFO - [2022-07-06 20:11:07,299] {dag.py:2931} INFO - Setting next_dagrun for example_xcom_args_with_operators to None, run_after=None
[2022-07-06 20:11:07,340] {processor.py:161} INFO - Processing /home/airflow/.local/lib/python3.7/site-packages/airflow/example_dags/example_xcomargs.py took 0.552 seconds
[2022-07-06 20:11:37,493] {processor.py:153} INFO - Started process (PID=1710) to work on /home/airflow/.local/lib/python3.7/site-packages/airflow/example_dags/example_xcomargs.py
[2022-07-06 20:11:37,568] {processor.py:641} INFO - Processing file /home/airflow/.local/lib/python3.7/site-packages/airflow/example_dags/example_xcomargs.py for tasks to queue
[2022-07-06 20:11:37,569] {logging_mixin.py:115} INFO - [2022-07-06 20:11:37,569] {dagbag.py:507} INFO - Filling up the DagBag from /home/airflow/.local/lib/python3.7/site-packages/airflow/example_dags/example_xcomargs.py
[2022-07-06 20:11:37,643] {processor.py:651} INFO - DAG(s) dict_keys(['example_xcom_args', 'example_xcom_args_with_operators']) retrieved from /home/airflow/.local/lib/python3.7/site-packages/airflow/example_dags/example_xcomargs.py
[2022-07-06 20:11:37,764] {logging_mixin.py:115} INFO - [2022-07-06 20:11:37,764] {dag.py:2379} INFO - Sync 2 DAGs
[2022-07-06 20:11:37,916] {logging_mixin.py:115} INFO - [2022-07-06 20:11:37,916] {dag.py:2931} INFO - Setting next_dagrun for example_xcom_args to None, run_after=None
[2022-07-06 20:11:37,917] {logging_mixin.py:115} INFO - [2022-07-06 20:11:37,917] {dag.py:2931} INFO - Setting next_dagrun for example_xcom_args_with_operators to None, run_after=None
[2022-07-06 20:11:37,959] {processor.py:161} INFO - Processing /home/airflow/.local/lib/python3.7/site-packages/airflow/example_dags/example_xcomargs.py took 0.469 seconds
[2022-07-06 20:12:08,150] {processor.py:153} INFO - Started process (PID=1764) to work on /home/airflow/.local/lib/python3.7/site-packages/airflow/example_dags/example_xcomargs.py
[2022-07-06 20:12:08,151] {processor.py:641} INFO - Processing file /home/airflow/.local/lib/python3.7/site-packages/airflow/example_dags/example_xcomargs.py for tasks to queue
[2022-07-06 20:12:08,151] {logging_mixin.py:115} INFO - [2022-07-06 20:12:08,151] {dagbag.py:507} INFO - Filling up the DagBag from /home/airflow/.local/lib/python3.7/site-packages/airflow/example_dags/example_xcomargs.py
[2022-07-06 20:12:08,184] {processor.py:651} INFO - DAG(s) dict_keys(['example_xcom_args', 'example_xcom_args_with_operators']) retrieved from /home/airflow/.local/lib/python3.7/site-packages/airflow/example_dags/example_xcomargs.py
[2022-07-06 20:12:08,336] {logging_mixin.py:115} INFO - [2022-07-06 20:12:08,336] {dag.py:2379} INFO - Sync 2 DAGs
[2022-07-06 20:12:08,534] {logging_mixin.py:115} INFO - [2022-07-06 20:12:08,534] {dag.py:2931} INFO - Setting next_dagrun for example_xcom_args to None, run_after=None
[2022-07-06 20:12:08,535] {logging_mixin.py:115} INFO - [2022-07-06 20:12:08,535] {dag.py:2931} INFO - Setting next_dagrun for example_xcom_args_with_operators to None, run_after=None
[2022-07-06 20:12:08,581] {processor.py:161} INFO - Processing /home/airflow/.local/lib/python3.7/site-packages/airflow/example_dags/example_xcomargs.py took 0.435 seconds
[2022-07-06 20:12:38,657] {processor.py:153} INFO - Started process (PID=1824) to work on /home/airflow/.local/lib/python3.7/site-packages/airflow/example_dags/example_xcomargs.py
[2022-07-06 20:12:38,679] {processor.py:641} INFO - Processing file /home/airflow/.local/lib/python3.7/site-packages/airflow/example_dags/example_xcomargs.py for tasks to queue
[2022-07-06 20:12:38,679] {logging_mixin.py:115} INFO - [2022-07-06 20:12:38,679] {dagbag.py:507} INFO - Filling up the DagBag from /home/airflow/.local/lib/python3.7/site-packages/airflow/example_dags/example_xcomargs.py
[2022-07-06 20:12:38,707] {processor.py:651} INFO - DAG(s) dict_keys(['example_xcom_args', 'example_xcom_args_with_operators']) retrieved from /home/airflow/.local/lib/python3.7/site-packages/airflow/example_dags/example_xcomargs.py
[2022-07-06 20:12:38,842] {logging_mixin.py:115} INFO - [2022-07-06 20:12:38,842] {dag.py:2379} INFO - Sync 2 DAGs
[2022-07-06 20:12:39,057] {logging_mixin.py:115} INFO - [2022-07-06 20:12:39,057] {dag.py:2931} INFO - Setting next_dagrun for example_xcom_args to None, run_after=None
[2022-07-06 20:12:39,057] {logging_mixin.py:115} INFO - [2022-07-06 20:12:39,057] {dag.py:2931} INFO - Setting next_dagrun for example_xcom_args_with_operators to None, run_after=None
[2022-07-06 20:12:39,129] {processor.py:161} INFO - Processing /home/airflow/.local/lib/python3.7/site-packages/airflow/example_dags/example_xcomargs.py took 0.476 seconds
[2022-07-06 20:13:09,458] {processor.py:153} INFO - Started process (PID=1871) to work on /home/airflow/.local/lib/python3.7/site-packages/airflow/example_dags/example_xcomargs.py
[2022-07-06 20:13:09,458] {processor.py:641} INFO - Processing file /home/airflow/.local/lib/python3.7/site-packages/airflow/example_dags/example_xcomargs.py for tasks to queue
[2022-07-06 20:13:09,459] {logging_mixin.py:115} INFO - [2022-07-06 20:13:09,459] {dagbag.py:507} INFO - Filling up the DagBag from /home/airflow/.local/lib/python3.7/site-packages/airflow/example_dags/example_xcomargs.py
[2022-07-06 20:13:09,493] {processor.py:651} INFO - DAG(s) dict_keys(['example_xcom_args', 'example_xcom_args_with_operators']) retrieved from /home/airflow/.local/lib/python3.7/site-packages/airflow/example_dags/example_xcomargs.py
[2022-07-06 20:13:09,591] {logging_mixin.py:115} INFO - [2022-07-06 20:13:09,591] {dag.py:2379} INFO - Sync 2 DAGs
[2022-07-06 20:13:09,849] {logging_mixin.py:115} INFO - [2022-07-06 20:13:09,848] {dag.py:2931} INFO - Setting next_dagrun for example_xcom_args to None, run_after=None
[2022-07-06 20:13:09,849] {logging_mixin.py:115} INFO - [2022-07-06 20:13:09,849] {dag.py:2931} INFO - Setting next_dagrun for example_xcom_args_with_operators to None, run_after=None
[2022-07-06 20:13:09,878] {processor.py:161} INFO - Processing /home/airflow/.local/lib/python3.7/site-packages/airflow/example_dags/example_xcomargs.py took 0.425 seconds
[2022-07-06 20:13:40,854] {processor.py:153} INFO - Started process (PID=1931) to work on /home/airflow/.local/lib/python3.7/site-packages/airflow/example_dags/example_xcomargs.py
[2022-07-06 20:13:40,855] {processor.py:641} INFO - Processing file /home/airflow/.local/lib/python3.7/site-packages/airflow/example_dags/example_xcomargs.py for tasks to queue
[2022-07-06 20:13:40,856] {logging_mixin.py:115} INFO - [2022-07-06 20:13:40,856] {dagbag.py:507} INFO - Filling up the DagBag from /home/airflow/.local/lib/python3.7/site-packages/airflow/example_dags/example_xcomargs.py
[2022-07-06 20:13:42,073] {processor.py:651} INFO - DAG(s) dict_keys(['example_xcom_args', 'example_xcom_args_with_operators']) retrieved from /home/airflow/.local/lib/python3.7/site-packages/airflow/example_dags/example_xcomargs.py
[2022-07-06 20:13:45,237] {logging_mixin.py:115} INFO - [2022-07-06 20:13:45,236] {dag.py:2379} INFO - Sync 2 DAGs
[2022-07-06 20:13:45,460] {logging_mixin.py:115} INFO - [2022-07-06 20:13:45,460] {dag.py:2931} INFO - Setting next_dagrun for example_xcom_args to None, run_after=None
[2022-07-06 20:13:45,461] {logging_mixin.py:115} INFO - [2022-07-06 20:13:45,461] {dag.py:2931} INFO - Setting next_dagrun for example_xcom_args_with_operators to None, run_after=None
[2022-07-06 20:13:45,674] {processor.py:161} INFO - Processing /home/airflow/.local/lib/python3.7/site-packages/airflow/example_dags/example_xcomargs.py took 4.872 seconds
[2022-07-06 20:14:27,132] {processor.py:153} INFO - Started process (PID=1978) to work on /home/airflow/.local/lib/python3.7/site-packages/airflow/example_dags/example_xcomargs.py
[2022-07-06 20:14:27,134] {processor.py:641} INFO - Processing file /home/airflow/.local/lib/python3.7/site-packages/airflow/example_dags/example_xcomargs.py for tasks to queue
[2022-07-06 20:14:27,135] {logging_mixin.py:115} INFO - [2022-07-06 20:14:27,135] {dagbag.py:507} INFO - Filling up the DagBag from /home/airflow/.local/lib/python3.7/site-packages/airflow/example_dags/example_xcomargs.py
[2022-07-06 20:14:27,198] {processor.py:651} INFO - DAG(s) dict_keys(['example_xcom_args', 'example_xcom_args_with_operators']) retrieved from /home/airflow/.local/lib/python3.7/site-packages/airflow/example_dags/example_xcomargs.py
[2022-07-06 20:14:27,262] {logging_mixin.py:115} INFO - [2022-07-06 20:14:27,262] {dag.py:2379} INFO - Sync 2 DAGs
[2022-07-06 20:14:27,348] {logging_mixin.py:115} INFO - [2022-07-06 20:14:27,347] {dag.py:2931} INFO - Setting next_dagrun for example_xcom_args to None, run_after=None
[2022-07-06 20:14:27,348] {logging_mixin.py:115} INFO - [2022-07-06 20:14:27,348] {dag.py:2931} INFO - Setting next_dagrun for example_xcom_args_with_operators to None, run_after=None
[2022-07-06 20:14:27,429] {processor.py:161} INFO - Processing /home/airflow/.local/lib/python3.7/site-packages/airflow/example_dags/example_xcomargs.py took 0.301 seconds
[2022-07-06 20:14:57,508] {processor.py:153} INFO - Started process (PID=2028) to work on /home/airflow/.local/lib/python3.7/site-packages/airflow/example_dags/example_xcomargs.py
[2022-07-06 20:14:57,509] {processor.py:641} INFO - Processing file /home/airflow/.local/lib/python3.7/site-packages/airflow/example_dags/example_xcomargs.py for tasks to queue
[2022-07-06 20:14:57,510] {logging_mixin.py:115} INFO - [2022-07-06 20:14:57,510] {dagbag.py:507} INFO - Filling up the DagBag from /home/airflow/.local/lib/python3.7/site-packages/airflow/example_dags/example_xcomargs.py
[2022-07-06 20:14:57,550] {processor.py:651} INFO - DAG(s) dict_keys(['example_xcom_args', 'example_xcom_args_with_operators']) retrieved from /home/airflow/.local/lib/python3.7/site-packages/airflow/example_dags/example_xcomargs.py
[2022-07-06 20:14:57,733] {logging_mixin.py:115} INFO - [2022-07-06 20:14:57,733] {dag.py:2379} INFO - Sync 2 DAGs
[2022-07-06 20:14:57,932] {logging_mixin.py:115} INFO - [2022-07-06 20:14:57,932] {dag.py:2931} INFO - Setting next_dagrun for example_xcom_args to None, run_after=None
[2022-07-06 20:14:57,932] {logging_mixin.py:115} INFO - [2022-07-06 20:14:57,932] {dag.py:2931} INFO - Setting next_dagrun for example_xcom_args_with_operators to None, run_after=None
[2022-07-06 20:14:58,406] {processor.py:161} INFO - Processing /home/airflow/.local/lib/python3.7/site-packages/airflow/example_dags/example_xcomargs.py took 0.907 seconds
[2022-07-06 20:15:28,445] {processor.py:153} INFO - Started process (PID=2081) to work on /home/airflow/.local/lib/python3.7/site-packages/airflow/example_dags/example_xcomargs.py
[2022-07-06 20:15:28,484] {processor.py:641} INFO - Processing file /home/airflow/.local/lib/python3.7/site-packages/airflow/example_dags/example_xcomargs.py for tasks to queue
[2022-07-06 20:15:28,485] {logging_mixin.py:115} INFO - [2022-07-06 20:15:28,485] {dagbag.py:507} INFO - Filling up the DagBag from /home/airflow/.local/lib/python3.7/site-packages/airflow/example_dags/example_xcomargs.py
[2022-07-06 20:15:28,509] {processor.py:651} INFO - DAG(s) dict_keys(['example_xcom_args', 'example_xcom_args_with_operators']) retrieved from /home/airflow/.local/lib/python3.7/site-packages/airflow/example_dags/example_xcomargs.py
[2022-07-06 20:15:28,600] {logging_mixin.py:115} INFO - [2022-07-06 20:15:28,600] {dag.py:2379} INFO - Sync 2 DAGs
[2022-07-06 20:15:28,777] {logging_mixin.py:115} INFO - [2022-07-06 20:15:28,777] {dag.py:2931} INFO - Setting next_dagrun for example_xcom_args to None, run_after=None
[2022-07-06 20:15:28,777] {logging_mixin.py:115} INFO - [2022-07-06 20:15:28,777] {dag.py:2931} INFO - Setting next_dagrun for example_xcom_args_with_operators to None, run_after=None
[2022-07-06 20:15:28,839] {processor.py:161} INFO - Processing /home/airflow/.local/lib/python3.7/site-packages/airflow/example_dags/example_xcomargs.py took 0.398 seconds
[2022-07-06 20:15:59,759] {processor.py:153} INFO - Started process (PID=2126) to work on /home/airflow/.local/lib/python3.7/site-packages/airflow/example_dags/example_xcomargs.py
[2022-07-06 20:15:59,791] {processor.py:641} INFO - Processing file /home/airflow/.local/lib/python3.7/site-packages/airflow/example_dags/example_xcomargs.py for tasks to queue
[2022-07-06 20:15:59,792] {logging_mixin.py:115} INFO - [2022-07-06 20:15:59,792] {dagbag.py:507} INFO - Filling up the DagBag from /home/airflow/.local/lib/python3.7/site-packages/airflow/example_dags/example_xcomargs.py
[2022-07-06 20:15:59,836] {processor.py:651} INFO - DAG(s) dict_keys(['example_xcom_args', 'example_xcom_args_with_operators']) retrieved from /home/airflow/.local/lib/python3.7/site-packages/airflow/example_dags/example_xcomargs.py
[2022-07-06 20:16:01,914] {logging_mixin.py:115} INFO - [2022-07-06 20:16:01,914] {dag.py:2379} INFO - Sync 2 DAGs
[2022-07-06 20:16:11,328] {logging_mixin.py:115} INFO - [2022-07-06 20:16:11,328] {dag.py:2931} INFO - Setting next_dagrun for example_xcom_args to None, run_after=None
[2022-07-06 20:16:11,329] {logging_mixin.py:115} INFO - [2022-07-06 20:16:11,329] {dag.py:2931} INFO - Setting next_dagrun for example_xcom_args_with_operators to None, run_after=None
[2022-07-06 20:16:11,376] {processor.py:161} INFO - Processing /home/airflow/.local/lib/python3.7/site-packages/airflow/example_dags/example_xcomargs.py took 11.648 seconds
[2022-07-06 20:16:41,646] {processor.py:153} INFO - Started process (PID=2178) to work on /home/airflow/.local/lib/python3.7/site-packages/airflow/example_dags/example_xcomargs.py
[2022-07-06 20:16:41,666] {processor.py:641} INFO - Processing file /home/airflow/.local/lib/python3.7/site-packages/airflow/example_dags/example_xcomargs.py for tasks to queue
[2022-07-06 20:16:41,667] {logging_mixin.py:115} INFO - [2022-07-06 20:16:41,667] {dagbag.py:507} INFO - Filling up the DagBag from /home/airflow/.local/lib/python3.7/site-packages/airflow/example_dags/example_xcomargs.py
[2022-07-06 20:16:41,704] {processor.py:651} INFO - DAG(s) dict_keys(['example_xcom_args', 'example_xcom_args_with_operators']) retrieved from /home/airflow/.local/lib/python3.7/site-packages/airflow/example_dags/example_xcomargs.py
[2022-07-06 20:16:41,900] {logging_mixin.py:115} INFO - [2022-07-06 20:16:41,900] {dag.py:2379} INFO - Sync 2 DAGs
[2022-07-06 20:16:42,077] {logging_mixin.py:115} INFO - [2022-07-06 20:16:42,076] {dag.py:2931} INFO - Setting next_dagrun for example_xcom_args to None, run_after=None
[2022-07-06 20:16:42,077] {logging_mixin.py:115} INFO - [2022-07-06 20:16:42,077] {dag.py:2931} INFO - Setting next_dagrun for example_xcom_args_with_operators to None, run_after=None
[2022-07-06 20:16:42,115] {processor.py:161} INFO - Processing /home/airflow/.local/lib/python3.7/site-packages/airflow/example_dags/example_xcomargs.py took 0.474 seconds
[2022-07-06 20:17:12,335] {processor.py:153} INFO - Started process (PID=2238) to work on /home/airflow/.local/lib/python3.7/site-packages/airflow/example_dags/example_xcomargs.py
[2022-07-06 20:17:12,335] {processor.py:641} INFO - Processing file /home/airflow/.local/lib/python3.7/site-packages/airflow/example_dags/example_xcomargs.py for tasks to queue
[2022-07-06 20:17:12,336] {logging_mixin.py:115} INFO - [2022-07-06 20:17:12,336] {dagbag.py:507} INFO - Filling up the DagBag from /home/airflow/.local/lib/python3.7/site-packages/airflow/example_dags/example_xcomargs.py
[2022-07-06 20:17:12,361] {processor.py:651} INFO - DAG(s) dict_keys(['example_xcom_args', 'example_xcom_args_with_operators']) retrieved from /home/airflow/.local/lib/python3.7/site-packages/airflow/example_dags/example_xcomargs.py
[2022-07-06 20:17:12,411] {logging_mixin.py:115} INFO - [2022-07-06 20:17:12,411] {dag.py:2379} INFO - Sync 2 DAGs
[2022-07-06 20:17:12,446] {logging_mixin.py:115} INFO - [2022-07-06 20:17:12,446] {dag.py:2931} INFO - Setting next_dagrun for example_xcom_args to None, run_after=None
[2022-07-06 20:17:12,447] {logging_mixin.py:115} INFO - [2022-07-06 20:17:12,447] {dag.py:2931} INFO - Setting next_dagrun for example_xcom_args_with_operators to None, run_after=None
[2022-07-06 20:17:12,481] {processor.py:161} INFO - Processing /home/airflow/.local/lib/python3.7/site-packages/airflow/example_dags/example_xcomargs.py took 0.150 seconds
[2022-07-06 20:17:42,538] {processor.py:153} INFO - Started process (PID=2290) to work on /home/airflow/.local/lib/python3.7/site-packages/airflow/example_dags/example_xcomargs.py
[2022-07-06 20:17:42,552] {processor.py:641} INFO - Processing file /home/airflow/.local/lib/python3.7/site-packages/airflow/example_dags/example_xcomargs.py for tasks to queue
[2022-07-06 20:17:42,552] {logging_mixin.py:115} INFO - [2022-07-06 20:17:42,552] {dagbag.py:507} INFO - Filling up the DagBag from /home/airflow/.local/lib/python3.7/site-packages/airflow/example_dags/example_xcomargs.py
[2022-07-06 20:17:42,584] {processor.py:651} INFO - DAG(s) dict_keys(['example_xcom_args', 'example_xcom_args_with_operators']) retrieved from /home/airflow/.local/lib/python3.7/site-packages/airflow/example_dags/example_xcomargs.py
[2022-07-06 20:17:42,677] {logging_mixin.py:115} INFO - [2022-07-06 20:17:42,677] {dag.py:2379} INFO - Sync 2 DAGs
[2022-07-06 20:17:42,831] {logging_mixin.py:115} INFO - [2022-07-06 20:17:42,831] {dag.py:2931} INFO - Setting next_dagrun for example_xcom_args to None, run_after=None
[2022-07-06 20:17:42,832] {logging_mixin.py:115} INFO - [2022-07-06 20:17:42,832] {dag.py:2931} INFO - Setting next_dagrun for example_xcom_args_with_operators to None, run_after=None
[2022-07-06 20:17:42,854] {processor.py:161} INFO - Processing /home/airflow/.local/lib/python3.7/site-packages/airflow/example_dags/example_xcomargs.py took 0.321 seconds
[2022-07-06 20:18:12,978] {processor.py:153} INFO - Started process (PID=2341) to work on /home/airflow/.local/lib/python3.7/site-packages/airflow/example_dags/example_xcomargs.py
[2022-07-06 20:18:12,979] {processor.py:641} INFO - Processing file /home/airflow/.local/lib/python3.7/site-packages/airflow/example_dags/example_xcomargs.py for tasks to queue
[2022-07-06 20:18:12,981] {logging_mixin.py:115} INFO - [2022-07-06 20:18:12,981] {dagbag.py:507} INFO - Filling up the DagBag from /home/airflow/.local/lib/python3.7/site-packages/airflow/example_dags/example_xcomargs.py
[2022-07-06 20:18:13,024] {processor.py:651} INFO - DAG(s) dict_keys(['example_xcom_args', 'example_xcom_args_with_operators']) retrieved from /home/airflow/.local/lib/python3.7/site-packages/airflow/example_dags/example_xcomargs.py
[2022-07-06 20:18:13,130] {logging_mixin.py:115} INFO - [2022-07-06 20:18:13,130] {dag.py:2379} INFO - Sync 2 DAGs
[2022-07-06 20:18:13,299] {logging_mixin.py:115} INFO - [2022-07-06 20:18:13,299] {dag.py:2931} INFO - Setting next_dagrun for example_xcom_args to None, run_after=None
[2022-07-06 20:18:13,299] {logging_mixin.py:115} INFO - [2022-07-06 20:18:13,299] {dag.py:2931} INFO - Setting next_dagrun for example_xcom_args_with_operators to None, run_after=None
[2022-07-06 20:18:13,464] {processor.py:161} INFO - Processing /home/airflow/.local/lib/python3.7/site-packages/airflow/example_dags/example_xcomargs.py took 0.498 seconds
[2022-07-06 20:18:43,697] {processor.py:153} INFO - Started process (PID=2402) to work on /home/airflow/.local/lib/python3.7/site-packages/airflow/example_dags/example_xcomargs.py
[2022-07-06 20:18:43,698] {processor.py:641} INFO - Processing file /home/airflow/.local/lib/python3.7/site-packages/airflow/example_dags/example_xcomargs.py for tasks to queue
[2022-07-06 20:18:43,698] {logging_mixin.py:115} INFO - [2022-07-06 20:18:43,698] {dagbag.py:507} INFO - Filling up the DagBag from /home/airflow/.local/lib/python3.7/site-packages/airflow/example_dags/example_xcomargs.py
[2022-07-06 20:18:43,726] {processor.py:651} INFO - DAG(s) dict_keys(['example_xcom_args', 'example_xcom_args_with_operators']) retrieved from /home/airflow/.local/lib/python3.7/site-packages/airflow/example_dags/example_xcomargs.py
[2022-07-06 20:18:43,764] {logging_mixin.py:115} INFO - [2022-07-06 20:18:43,764] {dag.py:2379} INFO - Sync 2 DAGs
[2022-07-06 20:18:43,798] {logging_mixin.py:115} INFO - [2022-07-06 20:18:43,798] {dag.py:2931} INFO - Setting next_dagrun for example_xcom_args to None, run_after=None
[2022-07-06 20:18:43,798] {logging_mixin.py:115} INFO - [2022-07-06 20:18:43,798] {dag.py:2931} INFO - Setting next_dagrun for example_xcom_args_with_operators to None, run_after=None
[2022-07-06 20:18:43,834] {processor.py:161} INFO - Processing /home/airflow/.local/lib/python3.7/site-packages/airflow/example_dags/example_xcomargs.py took 0.142 seconds
[2022-07-06 20:19:14,600] {processor.py:153} INFO - Started process (PID=2454) to work on /home/airflow/.local/lib/python3.7/site-packages/airflow/example_dags/example_xcomargs.py
[2022-07-06 20:19:14,615] {processor.py:641} INFO - Processing file /home/airflow/.local/lib/python3.7/site-packages/airflow/example_dags/example_xcomargs.py for tasks to queue
[2022-07-06 20:19:14,618] {logging_mixin.py:115} INFO - [2022-07-06 20:19:14,617] {dagbag.py:507} INFO - Filling up the DagBag from /home/airflow/.local/lib/python3.7/site-packages/airflow/example_dags/example_xcomargs.py
[2022-07-06 20:19:14,678] {processor.py:651} INFO - DAG(s) dict_keys(['example_xcom_args', 'example_xcom_args_with_operators']) retrieved from /home/airflow/.local/lib/python3.7/site-packages/airflow/example_dags/example_xcomargs.py
[2022-07-06 20:19:14,789] {logging_mixin.py:115} INFO - [2022-07-06 20:19:14,789] {dag.py:2379} INFO - Sync 2 DAGs
[2022-07-06 20:19:15,110] {logging_mixin.py:115} INFO - [2022-07-06 20:19:15,110] {dag.py:2931} INFO - Setting next_dagrun for example_xcom_args to None, run_after=None
[2022-07-06 20:19:15,111] {logging_mixin.py:115} INFO - [2022-07-06 20:19:15,110] {dag.py:2931} INFO - Setting next_dagrun for example_xcom_args_with_operators to None, run_after=None
[2022-07-06 20:19:15,149] {processor.py:161} INFO - Processing /home/airflow/.local/lib/python3.7/site-packages/airflow/example_dags/example_xcomargs.py took 0.564 seconds
[2022-07-06 20:19:45,805] {processor.py:153} INFO - Started process (PID=2515) to work on /home/airflow/.local/lib/python3.7/site-packages/airflow/example_dags/example_xcomargs.py
[2022-07-06 20:19:45,806] {processor.py:641} INFO - Processing file /home/airflow/.local/lib/python3.7/site-packages/airflow/example_dags/example_xcomargs.py for tasks to queue
[2022-07-06 20:19:45,807] {logging_mixin.py:115} INFO - [2022-07-06 20:19:45,807] {dagbag.py:507} INFO - Filling up the DagBag from /home/airflow/.local/lib/python3.7/site-packages/airflow/example_dags/example_xcomargs.py
[2022-07-06 20:19:45,843] {processor.py:651} INFO - DAG(s) dict_keys(['example_xcom_args', 'example_xcom_args_with_operators']) retrieved from /home/airflow/.local/lib/python3.7/site-packages/airflow/example_dags/example_xcomargs.py
[2022-07-06 20:19:45,991] {logging_mixin.py:115} INFO - [2022-07-06 20:19:45,991] {dag.py:2379} INFO - Sync 2 DAGs
[2022-07-06 20:19:47,302] {logging_mixin.py:115} INFO - [2022-07-06 20:19:47,302] {dag.py:2931} INFO - Setting next_dagrun for example_xcom_args to None, run_after=None
[2022-07-06 20:19:47,303] {logging_mixin.py:115} INFO - [2022-07-06 20:19:47,302] {dag.py:2931} INFO - Setting next_dagrun for example_xcom_args_with_operators to None, run_after=None
[2022-07-06 20:19:47,351] {processor.py:161} INFO - Processing /home/airflow/.local/lib/python3.7/site-packages/airflow/example_dags/example_xcomargs.py took 1.550 seconds
[2022-07-06 20:20:17,670] {processor.py:153} INFO - Started process (PID=2567) to work on /home/airflow/.local/lib/python3.7/site-packages/airflow/example_dags/example_xcomargs.py
[2022-07-06 20:20:17,671] {processor.py:641} INFO - Processing file /home/airflow/.local/lib/python3.7/site-packages/airflow/example_dags/example_xcomargs.py for tasks to queue
[2022-07-06 20:20:17,671] {logging_mixin.py:115} INFO - [2022-07-06 20:20:17,671] {dagbag.py:507} INFO - Filling up the DagBag from /home/airflow/.local/lib/python3.7/site-packages/airflow/example_dags/example_xcomargs.py
[2022-07-06 20:20:17,716] {processor.py:651} INFO - DAG(s) dict_keys(['example_xcom_args', 'example_xcom_args_with_operators']) retrieved from /home/airflow/.local/lib/python3.7/site-packages/airflow/example_dags/example_xcomargs.py
[2022-07-06 20:20:17,902] {logging_mixin.py:115} INFO - [2022-07-06 20:20:17,902] {dag.py:2379} INFO - Sync 2 DAGs
[2022-07-06 20:20:20,750] {logging_mixin.py:115} INFO - [2022-07-06 20:20:20,750] {dag.py:2931} INFO - Setting next_dagrun for example_xcom_args to None, run_after=None
[2022-07-06 20:20:20,751] {logging_mixin.py:115} INFO - [2022-07-06 20:20:20,751] {dag.py:2931} INFO - Setting next_dagrun for example_xcom_args_with_operators to None, run_after=None
[2022-07-06 20:20:20,856] {processor.py:161} INFO - Processing /home/airflow/.local/lib/python3.7/site-packages/airflow/example_dags/example_xcomargs.py took 3.191 seconds
[2022-07-06 20:20:51,252] {processor.py:153} INFO - Started process (PID=2630) to work on /home/airflow/.local/lib/python3.7/site-packages/airflow/example_dags/example_xcomargs.py
[2022-07-06 20:20:51,268] {processor.py:641} INFO - Processing file /home/airflow/.local/lib/python3.7/site-packages/airflow/example_dags/example_xcomargs.py for tasks to queue
[2022-07-06 20:20:51,269] {logging_mixin.py:115} INFO - [2022-07-06 20:20:51,269] {dagbag.py:507} INFO - Filling up the DagBag from /home/airflow/.local/lib/python3.7/site-packages/airflow/example_dags/example_xcomargs.py
[2022-07-06 20:20:51,335] {processor.py:651} INFO - DAG(s) dict_keys(['example_xcom_args', 'example_xcom_args_with_operators']) retrieved from /home/airflow/.local/lib/python3.7/site-packages/airflow/example_dags/example_xcomargs.py
[2022-07-06 20:20:51,507] {logging_mixin.py:115} INFO - [2022-07-06 20:20:51,506] {dag.py:2379} INFO - Sync 2 DAGs
[2022-07-06 20:20:51,754] {logging_mixin.py:115} INFO - [2022-07-06 20:20:51,754] {dag.py:2931} INFO - Setting next_dagrun for example_xcom_args to None, run_after=None
[2022-07-06 20:20:51,754] {logging_mixin.py:115} INFO - [2022-07-06 20:20:51,754] {dag.py:2931} INFO - Setting next_dagrun for example_xcom_args_with_operators to None, run_after=None
[2022-07-06 20:20:51,803] {processor.py:161} INFO - Processing /home/airflow/.local/lib/python3.7/site-packages/airflow/example_dags/example_xcomargs.py took 0.557 seconds
[2022-07-06 20:21:22,179] {processor.py:153} INFO - Started process (PID=2682) to work on /home/airflow/.local/lib/python3.7/site-packages/airflow/example_dags/example_xcomargs.py
[2022-07-06 20:21:22,180] {processor.py:641} INFO - Processing file /home/airflow/.local/lib/python3.7/site-packages/airflow/example_dags/example_xcomargs.py for tasks to queue
[2022-07-06 20:21:22,182] {logging_mixin.py:115} INFO - [2022-07-06 20:21:22,182] {dagbag.py:507} INFO - Filling up the DagBag from /home/airflow/.local/lib/python3.7/site-packages/airflow/example_dags/example_xcomargs.py
[2022-07-06 20:21:22,259] {processor.py:651} INFO - DAG(s) dict_keys(['example_xcom_args', 'example_xcom_args_with_operators']) retrieved from /home/airflow/.local/lib/python3.7/site-packages/airflow/example_dags/example_xcomargs.py
[2022-07-06 20:21:22,327] {logging_mixin.py:115} INFO - [2022-07-06 20:21:22,327] {dag.py:2379} INFO - Sync 2 DAGs
[2022-07-06 20:21:22,406] {logging_mixin.py:115} INFO - [2022-07-06 20:21:22,405] {dag.py:2931} INFO - Setting next_dagrun for example_xcom_args to None, run_after=None
[2022-07-06 20:21:22,406] {logging_mixin.py:115} INFO - [2022-07-06 20:21:22,406] {dag.py:2931} INFO - Setting next_dagrun for example_xcom_args_with_operators to None, run_after=None
[2022-07-06 20:21:22,619] {processor.py:161} INFO - Processing /home/airflow/.local/lib/python3.7/site-packages/airflow/example_dags/example_xcomargs.py took 0.453 seconds
[2022-07-06 20:21:53,280] {processor.py:153} INFO - Started process (PID=2733) to work on /home/airflow/.local/lib/python3.7/site-packages/airflow/example_dags/example_xcomargs.py
[2022-07-06 20:21:53,349] {processor.py:641} INFO - Processing file /home/airflow/.local/lib/python3.7/site-packages/airflow/example_dags/example_xcomargs.py for tasks to queue
[2022-07-06 20:21:53,350] {logging_mixin.py:115} INFO - [2022-07-06 20:21:53,350] {dagbag.py:507} INFO - Filling up the DagBag from /home/airflow/.local/lib/python3.7/site-packages/airflow/example_dags/example_xcomargs.py
[2022-07-06 20:21:53,390] {processor.py:651} INFO - DAG(s) dict_keys(['example_xcom_args', 'example_xcom_args_with_operators']) retrieved from /home/airflow/.local/lib/python3.7/site-packages/airflow/example_dags/example_xcomargs.py
[2022-07-06 20:21:53,458] {logging_mixin.py:115} INFO - [2022-07-06 20:21:53,458] {dag.py:2379} INFO - Sync 2 DAGs
[2022-07-06 20:21:53,533] {logging_mixin.py:115} INFO - [2022-07-06 20:21:53,533] {dag.py:2931} INFO - Setting next_dagrun for example_xcom_args to None, run_after=None
[2022-07-06 20:21:53,535] {logging_mixin.py:115} INFO - [2022-07-06 20:21:53,533] {dag.py:2931} INFO - Setting next_dagrun for example_xcom_args_with_operators to None, run_after=None
[2022-07-06 20:21:53,711] {processor.py:161} INFO - Processing /home/airflow/.local/lib/python3.7/site-packages/airflow/example_dags/example_xcomargs.py took 0.448 seconds
[2022-07-06 20:22:25,482] {processor.py:153} INFO - Started process (PID=2792) to work on /home/airflow/.local/lib/python3.7/site-packages/airflow/example_dags/example_xcomargs.py
[2022-07-06 20:22:25,791] {processor.py:641} INFO - Processing file /home/airflow/.local/lib/python3.7/site-packages/airflow/example_dags/example_xcomargs.py for tasks to queue
[2022-07-06 20:22:25,794] {logging_mixin.py:115} INFO - [2022-07-06 20:22:25,793] {dagbag.py:507} INFO - Filling up the DagBag from /home/airflow/.local/lib/python3.7/site-packages/airflow/example_dags/example_xcomargs.py
[2022-07-06 20:22:26,251] {processor.py:651} INFO - DAG(s) dict_keys(['example_xcom_args', 'example_xcom_args_with_operators']) retrieved from /home/airflow/.local/lib/python3.7/site-packages/airflow/example_dags/example_xcomargs.py
[2022-07-06 20:22:30,478] {logging_mixin.py:115} INFO - [2022-07-06 20:22:30,478] {dag.py:2379} INFO - Sync 2 DAGs
[2022-07-06 20:22:35,258] {logging_mixin.py:115} INFO - [2022-07-06 20:22:35,258] {dag.py:2931} INFO - Setting next_dagrun for example_xcom_args to None, run_after=None
[2022-07-06 20:22:35,258] {logging_mixin.py:115} INFO - [2022-07-06 20:22:35,258] {dag.py:2931} INFO - Setting next_dagrun for example_xcom_args_with_operators to None, run_after=None
[2022-07-06 20:22:35,298] {processor.py:161} INFO - Processing /home/airflow/.local/lib/python3.7/site-packages/airflow/example_dags/example_xcomargs.py took 11.060 seconds
[2022-07-06 20:23:05,656] {processor.py:153} INFO - Started process (PID=2852) to work on /home/airflow/.local/lib/python3.7/site-packages/airflow/example_dags/example_xcomargs.py
[2022-07-06 20:23:05,669] {processor.py:641} INFO - Processing file /home/airflow/.local/lib/python3.7/site-packages/airflow/example_dags/example_xcomargs.py for tasks to queue
[2022-07-06 20:23:05,670] {logging_mixin.py:115} INFO - [2022-07-06 20:23:05,670] {dagbag.py:507} INFO - Filling up the DagBag from /home/airflow/.local/lib/python3.7/site-packages/airflow/example_dags/example_xcomargs.py
[2022-07-06 20:23:05,705] {processor.py:651} INFO - DAG(s) dict_keys(['example_xcom_args', 'example_xcom_args_with_operators']) retrieved from /home/airflow/.local/lib/python3.7/site-packages/airflow/example_dags/example_xcomargs.py
[2022-07-06 20:23:05,948] {logging_mixin.py:115} INFO - [2022-07-06 20:23:05,948] {dag.py:2379} INFO - Sync 2 DAGs
[2022-07-06 20:23:06,262] {logging_mixin.py:115} INFO - [2022-07-06 20:23:06,262] {dag.py:2931} INFO - Setting next_dagrun for example_xcom_args to None, run_after=None
[2022-07-06 20:23:06,263] {logging_mixin.py:115} INFO - [2022-07-06 20:23:06,263] {dag.py:2931} INFO - Setting next_dagrun for example_xcom_args_with_operators to None, run_after=None
[2022-07-06 20:23:06,348] {processor.py:161} INFO - Processing /home/airflow/.local/lib/python3.7/site-packages/airflow/example_dags/example_xcomargs.py took 0.697 seconds
[2022-07-06 20:23:36,755] {processor.py:153} INFO - Started process (PID=2912) to work on /home/airflow/.local/lib/python3.7/site-packages/airflow/example_dags/example_xcomargs.py
[2022-07-06 20:23:36,756] {processor.py:641} INFO - Processing file /home/airflow/.local/lib/python3.7/site-packages/airflow/example_dags/example_xcomargs.py for tasks to queue
[2022-07-06 20:23:36,757] {logging_mixin.py:115} INFO - [2022-07-06 20:23:36,757] {dagbag.py:507} INFO - Filling up the DagBag from /home/airflow/.local/lib/python3.7/site-packages/airflow/example_dags/example_xcomargs.py
[2022-07-06 20:23:36,802] {processor.py:651} INFO - DAG(s) dict_keys(['example_xcom_args', 'example_xcom_args_with_operators']) retrieved from /home/airflow/.local/lib/python3.7/site-packages/airflow/example_dags/example_xcomargs.py
[2022-07-06 20:23:36,851] {logging_mixin.py:115} INFO - [2022-07-06 20:23:36,850] {dag.py:2379} INFO - Sync 2 DAGs
[2022-07-06 20:23:36,885] {logging_mixin.py:115} INFO - [2022-07-06 20:23:36,885] {dag.py:2931} INFO - Setting next_dagrun for example_xcom_args to None, run_after=None
[2022-07-06 20:23:36,885] {logging_mixin.py:115} INFO - [2022-07-06 20:23:36,885] {dag.py:2931} INFO - Setting next_dagrun for example_xcom_args_with_operators to None, run_after=None
[2022-07-06 20:23:36,963] {processor.py:161} INFO - Processing /home/airflow/.local/lib/python3.7/site-packages/airflow/example_dags/example_xcomargs.py took 0.227 seconds
[2022-07-06 20:24:07,855] {processor.py:153} INFO - Started process (PID=2964) to work on /home/airflow/.local/lib/python3.7/site-packages/airflow/example_dags/example_xcomargs.py
[2022-07-06 20:24:07,970] {processor.py:641} INFO - Processing file /home/airflow/.local/lib/python3.7/site-packages/airflow/example_dags/example_xcomargs.py for tasks to queue
[2022-07-06 20:24:07,971] {logging_mixin.py:115} INFO - [2022-07-06 20:24:07,971] {dagbag.py:507} INFO - Filling up the DagBag from /home/airflow/.local/lib/python3.7/site-packages/airflow/example_dags/example_xcomargs.py
[2022-07-06 20:24:08,106] {processor.py:651} INFO - DAG(s) dict_keys(['example_xcom_args', 'example_xcom_args_with_operators']) retrieved from /home/airflow/.local/lib/python3.7/site-packages/airflow/example_dags/example_xcomargs.py
[2022-07-06 20:24:08,434] {logging_mixin.py:115} INFO - [2022-07-06 20:24:08,434] {dag.py:2379} INFO - Sync 2 DAGs
[2022-07-06 20:24:08,698] {logging_mixin.py:115} INFO - [2022-07-06 20:24:08,698] {dag.py:2931} INFO - Setting next_dagrun for example_xcom_args to None, run_after=None
[2022-07-06 20:24:08,699] {logging_mixin.py:115} INFO - [2022-07-06 20:24:08,698] {dag.py:2931} INFO - Setting next_dagrun for example_xcom_args_with_operators to None, run_after=None
[2022-07-06 20:24:08,732] {processor.py:161} INFO - Processing /home/airflow/.local/lib/python3.7/site-packages/airflow/example_dags/example_xcomargs.py took 0.888 seconds
[2022-07-06 20:24:39,194] {processor.py:153} INFO - Started process (PID=3028) to work on /home/airflow/.local/lib/python3.7/site-packages/airflow/example_dags/example_xcomargs.py
[2022-07-06 20:24:39,194] {processor.py:641} INFO - Processing file /home/airflow/.local/lib/python3.7/site-packages/airflow/example_dags/example_xcomargs.py for tasks to queue
[2022-07-06 20:24:39,195] {logging_mixin.py:115} INFO - [2022-07-06 20:24:39,195] {dagbag.py:507} INFO - Filling up the DagBag from /home/airflow/.local/lib/python3.7/site-packages/airflow/example_dags/example_xcomargs.py
[2022-07-06 20:24:39,238] {processor.py:651} INFO - DAG(s) dict_keys(['example_xcom_args', 'example_xcom_args_with_operators']) retrieved from /home/airflow/.local/lib/python3.7/site-packages/airflow/example_dags/example_xcomargs.py
[2022-07-06 20:24:39,617] {logging_mixin.py:115} INFO - [2022-07-06 20:24:39,617] {dag.py:2379} INFO - Sync 2 DAGs
[2022-07-06 20:24:40,046] {logging_mixin.py:115} INFO - [2022-07-06 20:24:40,046] {dag.py:2931} INFO - Setting next_dagrun for example_xcom_args to None, run_after=None
[2022-07-06 20:24:40,046] {logging_mixin.py:115} INFO - [2022-07-06 20:24:40,046] {dag.py:2931} INFO - Setting next_dagrun for example_xcom_args_with_operators to None, run_after=None
[2022-07-06 20:24:40,179] {processor.py:161} INFO - Processing /home/airflow/.local/lib/python3.7/site-packages/airflow/example_dags/example_xcomargs.py took 0.991 seconds
[2022-07-06 20:25:10,762] {processor.py:153} INFO - Started process (PID=3080) to work on /home/airflow/.local/lib/python3.7/site-packages/airflow/example_dags/example_xcomargs.py
[2022-07-06 20:25:10,869] {processor.py:641} INFO - Processing file /home/airflow/.local/lib/python3.7/site-packages/airflow/example_dags/example_xcomargs.py for tasks to queue
[2022-07-06 20:25:10,870] {logging_mixin.py:115} INFO - [2022-07-06 20:25:10,870] {dagbag.py:507} INFO - Filling up the DagBag from /home/airflow/.local/lib/python3.7/site-packages/airflow/example_dags/example_xcomargs.py
[2022-07-06 20:25:10,911] {processor.py:651} INFO - DAG(s) dict_keys(['example_xcom_args', 'example_xcom_args_with_operators']) retrieved from /home/airflow/.local/lib/python3.7/site-packages/airflow/example_dags/example_xcomargs.py
[2022-07-06 20:25:10,963] {logging_mixin.py:115} INFO - [2022-07-06 20:25:10,963] {dag.py:2379} INFO - Sync 2 DAGs
[2022-07-06 20:25:11,143] {logging_mixin.py:115} INFO - [2022-07-06 20:25:11,142] {dag.py:2931} INFO - Setting next_dagrun for example_xcom_args to None, run_after=None
[2022-07-06 20:25:11,143] {logging_mixin.py:115} INFO - [2022-07-06 20:25:11,143] {dag.py:2931} INFO - Setting next_dagrun for example_xcom_args_with_operators to None, run_after=None
[2022-07-06 20:25:11,255] {processor.py:161} INFO - Processing /home/airflow/.local/lib/python3.7/site-packages/airflow/example_dags/example_xcomargs.py took 0.500 seconds
[2022-07-06 20:25:42,025] {processor.py:153} INFO - Started process (PID=3133) to work on /home/airflow/.local/lib/python3.7/site-packages/airflow/example_dags/example_xcomargs.py
[2022-07-06 20:25:42,025] {processor.py:641} INFO - Processing file /home/airflow/.local/lib/python3.7/site-packages/airflow/example_dags/example_xcomargs.py for tasks to queue
[2022-07-06 20:25:42,026] {logging_mixin.py:115} INFO - [2022-07-06 20:25:42,026] {dagbag.py:507} INFO - Filling up the DagBag from /home/airflow/.local/lib/python3.7/site-packages/airflow/example_dags/example_xcomargs.py
[2022-07-06 20:25:42,056] {processor.py:651} INFO - DAG(s) dict_keys(['example_xcom_args', 'example_xcom_args_with_operators']) retrieved from /home/airflow/.local/lib/python3.7/site-packages/airflow/example_dags/example_xcomargs.py
[2022-07-06 20:25:42,193] {logging_mixin.py:115} INFO - [2022-07-06 20:25:42,193] {dag.py:2379} INFO - Sync 2 DAGs
[2022-07-06 20:25:42,357] {logging_mixin.py:115} INFO - [2022-07-06 20:25:42,357] {dag.py:2931} INFO - Setting next_dagrun for example_xcom_args to None, run_after=None
[2022-07-06 20:25:42,358] {logging_mixin.py:115} INFO - [2022-07-06 20:25:42,358] {dag.py:2931} INFO - Setting next_dagrun for example_xcom_args_with_operators to None, run_after=None
[2022-07-06 20:25:42,382] {processor.py:161} INFO - Processing /home/airflow/.local/lib/python3.7/site-packages/airflow/example_dags/example_xcomargs.py took 0.373 seconds
[2022-07-06 20:26:12,533] {processor.py:153} INFO - Started process (PID=3194) to work on /home/airflow/.local/lib/python3.7/site-packages/airflow/example_dags/example_xcomargs.py
[2022-07-06 20:26:12,551] {processor.py:641} INFO - Processing file /home/airflow/.local/lib/python3.7/site-packages/airflow/example_dags/example_xcomargs.py for tasks to queue
[2022-07-06 20:26:12,554] {logging_mixin.py:115} INFO - [2022-07-06 20:26:12,554] {dagbag.py:507} INFO - Filling up the DagBag from /home/airflow/.local/lib/python3.7/site-packages/airflow/example_dags/example_xcomargs.py
[2022-07-06 20:26:12,608] {processor.py:651} INFO - DAG(s) dict_keys(['example_xcom_args', 'example_xcom_args_with_operators']) retrieved from /home/airflow/.local/lib/python3.7/site-packages/airflow/example_dags/example_xcomargs.py
[2022-07-06 20:26:12,646] {logging_mixin.py:115} INFO - [2022-07-06 20:26:12,646] {dag.py:2379} INFO - Sync 2 DAGs
[2022-07-06 20:26:12,695] {logging_mixin.py:115} INFO - [2022-07-06 20:26:12,695] {dag.py:2931} INFO - Setting next_dagrun for example_xcom_args to None, run_after=None
[2022-07-06 20:26:12,696] {logging_mixin.py:115} INFO - [2022-07-06 20:26:12,696] {dag.py:2931} INFO - Setting next_dagrun for example_xcom_args_with_operators to None, run_after=None
[2022-07-06 20:26:12,725] {processor.py:161} INFO - Processing /home/airflow/.local/lib/python3.7/site-packages/airflow/example_dags/example_xcomargs.py took 0.204 seconds
[2022-07-06 20:26:43,540] {processor.py:153} INFO - Started process (PID=3248) to work on /home/airflow/.local/lib/python3.7/site-packages/airflow/example_dags/example_xcomargs.py
[2022-07-06 20:26:43,541] {processor.py:641} INFO - Processing file /home/airflow/.local/lib/python3.7/site-packages/airflow/example_dags/example_xcomargs.py for tasks to queue
[2022-07-06 20:26:43,541] {logging_mixin.py:115} INFO - [2022-07-06 20:26:43,541] {dagbag.py:507} INFO - Filling up the DagBag from /home/airflow/.local/lib/python3.7/site-packages/airflow/example_dags/example_xcomargs.py
[2022-07-06 20:26:43,567] {processor.py:651} INFO - DAG(s) dict_keys(['example_xcom_args', 'example_xcom_args_with_operators']) retrieved from /home/airflow/.local/lib/python3.7/site-packages/airflow/example_dags/example_xcomargs.py
[2022-07-06 20:26:43,604] {logging_mixin.py:115} INFO - [2022-07-06 20:26:43,604] {dag.py:2379} INFO - Sync 2 DAGs
[2022-07-06 20:26:43,636] {logging_mixin.py:115} INFO - [2022-07-06 20:26:43,636] {dag.py:2931} INFO - Setting next_dagrun for example_xcom_args to None, run_after=None
[2022-07-06 20:26:43,637] {logging_mixin.py:115} INFO - [2022-07-06 20:26:43,637] {dag.py:2931} INFO - Setting next_dagrun for example_xcom_args_with_operators to None, run_after=None
[2022-07-06 20:26:43,679] {processor.py:161} INFO - Processing /home/airflow/.local/lib/python3.7/site-packages/airflow/example_dags/example_xcomargs.py took 0.144 seconds
