[2022-07-06 19:39:33,814] {processor.py:153} INFO - Started process (PID=171) to work on /home/airflow/.local/lib/python3.7/site-packages/airflow/example_dags/example_kubernetes_executor.py
[2022-07-06 19:39:33,815] {processor.py:641} INFO - Processing file /home/airflow/.local/lib/python3.7/site-packages/airflow/example_dags/example_kubernetes_executor.py for tasks to queue
[2022-07-06 19:39:33,818] {logging_mixin.py:115} INFO - [2022-07-06 19:39:33,818] {dagbag.py:507} INFO - Filling up the DagBag from /home/airflow/.local/lib/python3.7/site-packages/airflow/example_dags/example_kubernetes_executor.py
[2022-07-06 19:39:35,257] {processor.py:651} INFO - DAG(s) dict_keys(['example_kubernetes_executor']) retrieved from /home/airflow/.local/lib/python3.7/site-packages/airflow/example_dags/example_kubernetes_executor.py
[2022-07-06 19:39:36,036] {logging_mixin.py:115} INFO - [2022-07-06 19:39:36,035] {manager.py:508} INFO - Created Permission View: can delete on DAG:example_kubernetes_executor
[2022-07-06 19:39:36,308] {logging_mixin.py:115} INFO - [2022-07-06 19:39:36,308] {manager.py:508} INFO - Created Permission View: can edit on DAG:example_kubernetes_executor
[2022-07-06 19:39:36,629] {logging_mixin.py:115} INFO - [2022-07-06 19:39:36,629] {manager.py:508} INFO - Created Permission View: can read on DAG:example_kubernetes_executor
[2022-07-06 19:39:36,629] {logging_mixin.py:115} INFO - [2022-07-06 19:39:36,629] {dag.py:2379} INFO - Sync 1 DAGs
[2022-07-06 19:39:36,646] {logging_mixin.py:115} INFO - [2022-07-06 19:39:36,646] {dag.py:2398} INFO - Creating ORM DAG for example_kubernetes_executor
[2022-07-06 19:39:36,664] {logging_mixin.py:115} INFO - [2022-07-06 19:39:36,664] {dag.py:2931} INFO - Setting next_dagrun for example_kubernetes_executor to None, run_after=None
[2022-07-06 19:39:37,011] {processor.py:161} INFO - Processing /home/airflow/.local/lib/python3.7/site-packages/airflow/example_dags/example_kubernetes_executor.py took 3.212 seconds
[2022-07-06 19:40:07,200] {processor.py:153} INFO - Started process (PID=221) to work on /home/airflow/.local/lib/python3.7/site-packages/airflow/example_dags/example_kubernetes_executor.py
[2022-07-06 19:40:07,391] {processor.py:641} INFO - Processing file /home/airflow/.local/lib/python3.7/site-packages/airflow/example_dags/example_kubernetes_executor.py for tasks to queue
[2022-07-06 19:40:07,392] {logging_mixin.py:115} INFO - [2022-07-06 19:40:07,392] {dagbag.py:507} INFO - Filling up the DagBag from /home/airflow/.local/lib/python3.7/site-packages/airflow/example_dags/example_kubernetes_executor.py
[2022-07-06 19:40:07,426] {processor.py:651} INFO - DAG(s) dict_keys(['example_kubernetes_executor']) retrieved from /home/airflow/.local/lib/python3.7/site-packages/airflow/example_dags/example_kubernetes_executor.py
[2022-07-06 19:40:07,456] {logging_mixin.py:115} INFO - [2022-07-06 19:40:07,456] {dag.py:2379} INFO - Sync 1 DAGs
[2022-07-06 19:40:07,479] {logging_mixin.py:115} INFO - [2022-07-06 19:40:07,479] {dag.py:2931} INFO - Setting next_dagrun for example_kubernetes_executor to None, run_after=None
[2022-07-06 19:40:07,672] {processor.py:161} INFO - Processing /home/airflow/.local/lib/python3.7/site-packages/airflow/example_dags/example_kubernetes_executor.py took 0.483 seconds
[2022-07-06 19:40:38,243] {processor.py:153} INFO - Started process (PID=274) to work on /home/airflow/.local/lib/python3.7/site-packages/airflow/example_dags/example_kubernetes_executor.py
[2022-07-06 19:40:38,243] {processor.py:641} INFO - Processing file /home/airflow/.local/lib/python3.7/site-packages/airflow/example_dags/example_kubernetes_executor.py for tasks to queue
[2022-07-06 19:40:38,244] {logging_mixin.py:115} INFO - [2022-07-06 19:40:38,244] {dagbag.py:507} INFO - Filling up the DagBag from /home/airflow/.local/lib/python3.7/site-packages/airflow/example_dags/example_kubernetes_executor.py
[2022-07-06 19:40:38,281] {processor.py:651} INFO - DAG(s) dict_keys(['example_kubernetes_executor']) retrieved from /home/airflow/.local/lib/python3.7/site-packages/airflow/example_dags/example_kubernetes_executor.py
[2022-07-06 19:40:38,324] {logging_mixin.py:115} INFO - [2022-07-06 19:40:38,324] {dag.py:2379} INFO - Sync 1 DAGs
[2022-07-06 19:40:38,358] {logging_mixin.py:115} INFO - [2022-07-06 19:40:38,358] {dag.py:2931} INFO - Setting next_dagrun for example_kubernetes_executor to None, run_after=None
[2022-07-06 19:40:38,385] {processor.py:161} INFO - Processing /home/airflow/.local/lib/python3.7/site-packages/airflow/example_dags/example_kubernetes_executor.py took 0.147 seconds
[2022-07-06 19:41:08,726] {processor.py:153} INFO - Started process (PID=334) to work on /home/airflow/.local/lib/python3.7/site-packages/airflow/example_dags/example_kubernetes_executor.py
[2022-07-06 19:41:08,771] {processor.py:641} INFO - Processing file /home/airflow/.local/lib/python3.7/site-packages/airflow/example_dags/example_kubernetes_executor.py for tasks to queue
[2022-07-06 19:41:08,771] {logging_mixin.py:115} INFO - [2022-07-06 19:41:08,771] {dagbag.py:507} INFO - Filling up the DagBag from /home/airflow/.local/lib/python3.7/site-packages/airflow/example_dags/example_kubernetes_executor.py
[2022-07-06 19:41:08,805] {processor.py:651} INFO - DAG(s) dict_keys(['example_kubernetes_executor']) retrieved from /home/airflow/.local/lib/python3.7/site-packages/airflow/example_dags/example_kubernetes_executor.py
[2022-07-06 19:41:08,843] {logging_mixin.py:115} INFO - [2022-07-06 19:41:08,843] {dag.py:2379} INFO - Sync 1 DAGs
[2022-07-06 19:41:08,877] {logging_mixin.py:115} INFO - [2022-07-06 19:41:08,877] {dag.py:2931} INFO - Setting next_dagrun for example_kubernetes_executor to None, run_after=None
[2022-07-06 19:41:09,213] {processor.py:161} INFO - Processing /home/airflow/.local/lib/python3.7/site-packages/airflow/example_dags/example_kubernetes_executor.py took 0.491 seconds
[2022-07-06 19:41:42,054] {processor.py:153} INFO - Started process (PID=377) to work on /home/airflow/.local/lib/python3.7/site-packages/airflow/example_dags/example_kubernetes_executor.py
[2022-07-06 19:41:42,147] {processor.py:641} INFO - Processing file /home/airflow/.local/lib/python3.7/site-packages/airflow/example_dags/example_kubernetes_executor.py for tasks to queue
[2022-07-06 19:41:42,149] {logging_mixin.py:115} INFO - [2022-07-06 19:41:42,149] {dagbag.py:507} INFO - Filling up the DagBag from /home/airflow/.local/lib/python3.7/site-packages/airflow/example_dags/example_kubernetes_executor.py
[2022-07-06 19:41:43,422] {processor.py:651} INFO - DAG(s) dict_keys(['example_kubernetes_executor']) retrieved from /home/airflow/.local/lib/python3.7/site-packages/airflow/example_dags/example_kubernetes_executor.py
[2022-07-06 19:41:47,760] {logging_mixin.py:115} INFO - [2022-07-06 19:41:47,760] {dag.py:2379} INFO - Sync 1 DAGs
[2022-07-06 19:41:47,934] {logging_mixin.py:115} INFO - [2022-07-06 19:41:47,934] {dag.py:2931} INFO - Setting next_dagrun for example_kubernetes_executor to None, run_after=None
[2022-07-06 19:41:48,852] {processor.py:161} INFO - Processing /home/airflow/.local/lib/python3.7/site-packages/airflow/example_dags/example_kubernetes_executor.py took 6.808 seconds
[2022-07-06 19:45:09,134] {processor.py:153} INFO - Started process (PID=473) to work on /home/airflow/.local/lib/python3.7/site-packages/airflow/example_dags/example_kubernetes_executor.py
[2022-07-06 19:45:09,422] {processor.py:641} INFO - Processing file /home/airflow/.local/lib/python3.7/site-packages/airflow/example_dags/example_kubernetes_executor.py for tasks to queue
[2022-07-06 19:45:09,424] {logging_mixin.py:115} INFO - [2022-07-06 19:45:09,424] {dagbag.py:507} INFO - Filling up the DagBag from /home/airflow/.local/lib/python3.7/site-packages/airflow/example_dags/example_kubernetes_executor.py
[2022-07-06 19:45:11,678] {processor.py:651} INFO - DAG(s) dict_keys(['example_kubernetes_executor']) retrieved from /home/airflow/.local/lib/python3.7/site-packages/airflow/example_dags/example_kubernetes_executor.py
[2022-07-06 19:45:14,995] {logging_mixin.py:115} INFO - [2022-07-06 19:45:14,995] {dag.py:2379} INFO - Sync 1 DAGs
[2022-07-06 19:45:15,150] {logging_mixin.py:115} INFO - [2022-07-06 19:45:15,150] {dag.py:2931} INFO - Setting next_dagrun for example_kubernetes_executor to None, run_after=None
[2022-07-06 19:45:16,630] {processor.py:161} INFO - Processing /home/airflow/.local/lib/python3.7/site-packages/airflow/example_dags/example_kubernetes_executor.py took 7.507 seconds
[2022-07-06 19:54:40,851] {processor.py:153} INFO - Started process (PID=145) to work on /home/airflow/.local/lib/python3.7/site-packages/airflow/example_dags/example_kubernetes_executor.py
[2022-07-06 19:54:40,905] {processor.py:641} INFO - Processing file /home/airflow/.local/lib/python3.7/site-packages/airflow/example_dags/example_kubernetes_executor.py for tasks to queue
[2022-07-06 19:54:40,906] {logging_mixin.py:115} INFO - [2022-07-06 19:54:40,906] {dagbag.py:507} INFO - Filling up the DagBag from /home/airflow/.local/lib/python3.7/site-packages/airflow/example_dags/example_kubernetes_executor.py
[2022-07-06 19:54:40,950] {processor.py:651} INFO - DAG(s) dict_keys(['example_kubernetes_executor']) retrieved from /home/airflow/.local/lib/python3.7/site-packages/airflow/example_dags/example_kubernetes_executor.py
[2022-07-06 19:54:40,986] {logging_mixin.py:115} INFO - [2022-07-06 19:54:40,986] {dag.py:2379} INFO - Sync 1 DAGs
[2022-07-06 19:54:41,020] {logging_mixin.py:115} INFO - [2022-07-06 19:54:41,020] {dag.py:2931} INFO - Setting next_dagrun for example_kubernetes_executor to None, run_after=None
[2022-07-06 19:54:41,344] {processor.py:161} INFO - Processing /home/airflow/.local/lib/python3.7/site-packages/airflow/example_dags/example_kubernetes_executor.py took 0.498 seconds
[2022-07-06 19:55:37,903] {processor.py:153} INFO - Started process (PID=214) to work on /home/airflow/.local/lib/python3.7/site-packages/airflow/example_dags/example_kubernetes_executor.py
[2022-07-06 19:55:38,080] {processor.py:641} INFO - Processing file /home/airflow/.local/lib/python3.7/site-packages/airflow/example_dags/example_kubernetes_executor.py for tasks to queue
[2022-07-06 19:55:38,081] {logging_mixin.py:115} INFO - [2022-07-06 19:55:38,081] {dagbag.py:507} INFO - Filling up the DagBag from /home/airflow/.local/lib/python3.7/site-packages/airflow/example_dags/example_kubernetes_executor.py
[2022-07-06 19:55:38,435] {processor.py:651} INFO - DAG(s) dict_keys(['example_kubernetes_executor']) retrieved from /home/airflow/.local/lib/python3.7/site-packages/airflow/example_dags/example_kubernetes_executor.py
[2022-07-06 19:55:38,498] {logging_mixin.py:115} INFO - [2022-07-06 19:55:38,498] {dag.py:2379} INFO - Sync 1 DAGs
[2022-07-06 19:55:38,541] {logging_mixin.py:115} INFO - [2022-07-06 19:55:38,541] {dag.py:2931} INFO - Setting next_dagrun for example_kubernetes_executor to None, run_after=None
[2022-07-06 19:55:39,044] {processor.py:161} INFO - Processing /home/airflow/.local/lib/python3.7/site-packages/airflow/example_dags/example_kubernetes_executor.py took 1.146 seconds
[2022-07-06 19:58:14,669] {processor.py:153} INFO - Started process (PID=352) to work on /home/airflow/.local/lib/python3.7/site-packages/airflow/example_dags/example_kubernetes_executor.py
[2022-07-06 19:58:14,669] {processor.py:641} INFO - Processing file /home/airflow/.local/lib/python3.7/site-packages/airflow/example_dags/example_kubernetes_executor.py for tasks to queue
[2022-07-06 19:58:14,670] {logging_mixin.py:115} INFO - [2022-07-06 19:58:14,670] {dagbag.py:507} INFO - Filling up the DagBag from /home/airflow/.local/lib/python3.7/site-packages/airflow/example_dags/example_kubernetes_executor.py
[2022-07-06 19:58:14,779] {processor.py:651} INFO - DAG(s) dict_keys(['example_kubernetes_executor']) retrieved from /home/airflow/.local/lib/python3.7/site-packages/airflow/example_dags/example_kubernetes_executor.py
[2022-07-06 19:58:14,881] {logging_mixin.py:115} INFO - [2022-07-06 19:58:14,881] {dag.py:2379} INFO - Sync 1 DAGs
[2022-07-06 19:58:14,919] {logging_mixin.py:115} INFO - [2022-07-06 19:58:14,918] {dag.py:2931} INFO - Setting next_dagrun for example_kubernetes_executor to None, run_after=None
[2022-07-06 19:58:14,987] {processor.py:161} INFO - Processing /home/airflow/.local/lib/python3.7/site-packages/airflow/example_dags/example_kubernetes_executor.py took 0.321 seconds
[2022-07-06 19:58:46,346] {processor.py:153} INFO - Started process (PID=404) to work on /home/airflow/.local/lib/python3.7/site-packages/airflow/example_dags/example_kubernetes_executor.py
[2022-07-06 19:58:46,374] {processor.py:641} INFO - Processing file /home/airflow/.local/lib/python3.7/site-packages/airflow/example_dags/example_kubernetes_executor.py for tasks to queue
[2022-07-06 19:58:46,375] {logging_mixin.py:115} INFO - [2022-07-06 19:58:46,375] {dagbag.py:507} INFO - Filling up the DagBag from /home/airflow/.local/lib/python3.7/site-packages/airflow/example_dags/example_kubernetes_executor.py
[2022-07-06 19:58:46,417] {processor.py:651} INFO - DAG(s) dict_keys(['example_kubernetes_executor']) retrieved from /home/airflow/.local/lib/python3.7/site-packages/airflow/example_dags/example_kubernetes_executor.py
[2022-07-06 19:58:46,449] {logging_mixin.py:115} INFO - [2022-07-06 19:58:46,449] {dag.py:2379} INFO - Sync 1 DAGs
[2022-07-06 19:58:46,476] {logging_mixin.py:115} INFO - [2022-07-06 19:58:46,476] {dag.py:2931} INFO - Setting next_dagrun for example_kubernetes_executor to None, run_after=None
[2022-07-06 19:58:46,547] {processor.py:161} INFO - Processing /home/airflow/.local/lib/python3.7/site-packages/airflow/example_dags/example_kubernetes_executor.py took 0.204 seconds
[2022-07-06 19:59:31,524] {processor.py:153} INFO - Started process (PID=465) to work on /home/airflow/.local/lib/python3.7/site-packages/airflow/example_dags/example_kubernetes_executor.py
[2022-07-06 19:59:31,566] {processor.py:641} INFO - Processing file /home/airflow/.local/lib/python3.7/site-packages/airflow/example_dags/example_kubernetes_executor.py for tasks to queue
[2022-07-06 19:59:31,567] {logging_mixin.py:115} INFO - [2022-07-06 19:59:31,566] {dagbag.py:507} INFO - Filling up the DagBag from /home/airflow/.local/lib/python3.7/site-packages/airflow/example_dags/example_kubernetes_executor.py
[2022-07-06 19:59:31,837] {processor.py:651} INFO - DAG(s) dict_keys(['example_kubernetes_executor']) retrieved from /home/airflow/.local/lib/python3.7/site-packages/airflow/example_dags/example_kubernetes_executor.py
[2022-07-06 19:59:33,350] {logging_mixin.py:115} INFO - [2022-07-06 19:59:33,350] {dag.py:2379} INFO - Sync 1 DAGs
[2022-07-06 19:59:33,414] {logging_mixin.py:115} INFO - [2022-07-06 19:59:33,414] {dag.py:2931} INFO - Setting next_dagrun for example_kubernetes_executor to None, run_after=None
[2022-07-06 19:59:33,484] {processor.py:161} INFO - Processing /home/airflow/.local/lib/python3.7/site-packages/airflow/example_dags/example_kubernetes_executor.py took 1.966 seconds
[2022-07-06 20:00:03,971] {processor.py:153} INFO - Started process (PID=519) to work on /home/airflow/.local/lib/python3.7/site-packages/airflow/example_dags/example_kubernetes_executor.py
[2022-07-06 20:00:03,971] {processor.py:641} INFO - Processing file /home/airflow/.local/lib/python3.7/site-packages/airflow/example_dags/example_kubernetes_executor.py for tasks to queue
[2022-07-06 20:00:03,972] {logging_mixin.py:115} INFO - [2022-07-06 20:00:03,971] {dagbag.py:507} INFO - Filling up the DagBag from /home/airflow/.local/lib/python3.7/site-packages/airflow/example_dags/example_kubernetes_executor.py
[2022-07-06 20:00:04,014] {processor.py:651} INFO - DAG(s) dict_keys(['example_kubernetes_executor']) retrieved from /home/airflow/.local/lib/python3.7/site-packages/airflow/example_dags/example_kubernetes_executor.py
[2022-07-06 20:00:04,060] {logging_mixin.py:115} INFO - [2022-07-06 20:00:04,060] {dag.py:2379} INFO - Sync 1 DAGs
[2022-07-06 20:00:04,103] {logging_mixin.py:115} INFO - [2022-07-06 20:00:04,103] {dag.py:2931} INFO - Setting next_dagrun for example_kubernetes_executor to None, run_after=None
[2022-07-06 20:00:04,238] {processor.py:161} INFO - Processing /home/airflow/.local/lib/python3.7/site-packages/airflow/example_dags/example_kubernetes_executor.py took 0.272 seconds
[2022-07-06 20:00:34,496] {processor.py:153} INFO - Started process (PID=579) to work on /home/airflow/.local/lib/python3.7/site-packages/airflow/example_dags/example_kubernetes_executor.py
[2022-07-06 20:00:34,517] {processor.py:641} INFO - Processing file /home/airflow/.local/lib/python3.7/site-packages/airflow/example_dags/example_kubernetes_executor.py for tasks to queue
[2022-07-06 20:00:34,518] {logging_mixin.py:115} INFO - [2022-07-06 20:00:34,518] {dagbag.py:507} INFO - Filling up the DagBag from /home/airflow/.local/lib/python3.7/site-packages/airflow/example_dags/example_kubernetes_executor.py
[2022-07-06 20:00:34,637] {processor.py:651} INFO - DAG(s) dict_keys(['example_kubernetes_executor']) retrieved from /home/airflow/.local/lib/python3.7/site-packages/airflow/example_dags/example_kubernetes_executor.py
[2022-07-06 20:00:34,677] {logging_mixin.py:115} INFO - [2022-07-06 20:00:34,677] {dag.py:2379} INFO - Sync 1 DAGs
[2022-07-06 20:00:34,715] {logging_mixin.py:115} INFO - [2022-07-06 20:00:34,715] {dag.py:2931} INFO - Setting next_dagrun for example_kubernetes_executor to None, run_after=None
[2022-07-06 20:00:34,747] {processor.py:161} INFO - Processing /home/airflow/.local/lib/python3.7/site-packages/airflow/example_dags/example_kubernetes_executor.py took 0.257 seconds
[2022-07-06 20:01:13,487] {processor.py:153} INFO - Started process (PID=637) to work on /home/airflow/.local/lib/python3.7/site-packages/airflow/example_dags/example_kubernetes_executor.py
[2022-07-06 20:01:13,506] {processor.py:641} INFO - Processing file /home/airflow/.local/lib/python3.7/site-packages/airflow/example_dags/example_kubernetes_executor.py for tasks to queue
[2022-07-06 20:01:13,507] {logging_mixin.py:115} INFO - [2022-07-06 20:01:13,507] {dagbag.py:507} INFO - Filling up the DagBag from /home/airflow/.local/lib/python3.7/site-packages/airflow/example_dags/example_kubernetes_executor.py
[2022-07-06 20:01:13,540] {processor.py:651} INFO - DAG(s) dict_keys(['example_kubernetes_executor']) retrieved from /home/airflow/.local/lib/python3.7/site-packages/airflow/example_dags/example_kubernetes_executor.py
[2022-07-06 20:01:13,580] {logging_mixin.py:115} INFO - [2022-07-06 20:01:13,580] {dag.py:2379} INFO - Sync 1 DAGs
[2022-07-06 20:01:13,615] {logging_mixin.py:115} INFO - [2022-07-06 20:01:13,615] {dag.py:2931} INFO - Setting next_dagrun for example_kubernetes_executor to None, run_after=None
[2022-07-06 20:01:13,647] {processor.py:161} INFO - Processing /home/airflow/.local/lib/python3.7/site-packages/airflow/example_dags/example_kubernetes_executor.py took 0.164 seconds
[2022-07-06 20:01:54,507] {processor.py:153} INFO - Started process (PID=698) to work on /home/airflow/.local/lib/python3.7/site-packages/airflow/example_dags/example_kubernetes_executor.py
[2022-07-06 20:01:54,510] {processor.py:641} INFO - Processing file /home/airflow/.local/lib/python3.7/site-packages/airflow/example_dags/example_kubernetes_executor.py for tasks to queue
[2022-07-06 20:01:54,511] {logging_mixin.py:115} INFO - [2022-07-06 20:01:54,511] {dagbag.py:507} INFO - Filling up the DagBag from /home/airflow/.local/lib/python3.7/site-packages/airflow/example_dags/example_kubernetes_executor.py
[2022-07-06 20:01:54,558] {processor.py:651} INFO - DAG(s) dict_keys(['example_kubernetes_executor']) retrieved from /home/airflow/.local/lib/python3.7/site-packages/airflow/example_dags/example_kubernetes_executor.py
[2022-07-06 20:01:54,636] {logging_mixin.py:115} INFO - [2022-07-06 20:01:54,636] {dag.py:2379} INFO - Sync 1 DAGs
[2022-07-06 20:01:54,680] {logging_mixin.py:115} INFO - [2022-07-06 20:01:54,680] {dag.py:2931} INFO - Setting next_dagrun for example_kubernetes_executor to None, run_after=None
[2022-07-06 20:01:54,742] {processor.py:161} INFO - Processing /home/airflow/.local/lib/python3.7/site-packages/airflow/example_dags/example_kubernetes_executor.py took 0.238 seconds
[2022-07-06 20:02:26,178] {processor.py:153} INFO - Started process (PID=749) to work on /home/airflow/.local/lib/python3.7/site-packages/airflow/example_dags/example_kubernetes_executor.py
[2022-07-06 20:02:26,226] {processor.py:641} INFO - Processing file /home/airflow/.local/lib/python3.7/site-packages/airflow/example_dags/example_kubernetes_executor.py for tasks to queue
[2022-07-06 20:02:26,228] {logging_mixin.py:115} INFO - [2022-07-06 20:02:26,228] {dagbag.py:507} INFO - Filling up the DagBag from /home/airflow/.local/lib/python3.7/site-packages/airflow/example_dags/example_kubernetes_executor.py
[2022-07-06 20:02:26,301] {processor.py:651} INFO - DAG(s) dict_keys(['example_kubernetes_executor']) retrieved from /home/airflow/.local/lib/python3.7/site-packages/airflow/example_dags/example_kubernetes_executor.py
[2022-07-06 20:02:26,332] {logging_mixin.py:115} INFO - [2022-07-06 20:02:26,332] {dag.py:2379} INFO - Sync 1 DAGs
[2022-07-06 20:02:26,365] {logging_mixin.py:115} INFO - [2022-07-06 20:02:26,365] {dag.py:2931} INFO - Setting next_dagrun for example_kubernetes_executor to None, run_after=None
[2022-07-06 20:02:26,410] {processor.py:161} INFO - Processing /home/airflow/.local/lib/python3.7/site-packages/airflow/example_dags/example_kubernetes_executor.py took 0.235 seconds
[2022-07-06 20:03:00,776] {processor.py:153} INFO - Started process (PID=809) to work on /home/airflow/.local/lib/python3.7/site-packages/airflow/example_dags/example_kubernetes_executor.py
[2022-07-06 20:03:00,965] {processor.py:641} INFO - Processing file /home/airflow/.local/lib/python3.7/site-packages/airflow/example_dags/example_kubernetes_executor.py for tasks to queue
[2022-07-06 20:03:00,966] {logging_mixin.py:115} INFO - [2022-07-06 20:03:00,966] {dagbag.py:507} INFO - Filling up the DagBag from /home/airflow/.local/lib/python3.7/site-packages/airflow/example_dags/example_kubernetes_executor.py
[2022-07-06 20:03:01,004] {processor.py:651} INFO - DAG(s) dict_keys(['example_kubernetes_executor']) retrieved from /home/airflow/.local/lib/python3.7/site-packages/airflow/example_dags/example_kubernetes_executor.py
[2022-07-06 20:03:01,047] {logging_mixin.py:115} INFO - [2022-07-06 20:03:01,047] {dag.py:2379} INFO - Sync 1 DAGs
[2022-07-06 20:03:01,085] {logging_mixin.py:115} INFO - [2022-07-06 20:03:01,085] {dag.py:2931} INFO - Setting next_dagrun for example_kubernetes_executor to None, run_after=None
[2022-07-06 20:03:01,222] {processor.py:161} INFO - Processing /home/airflow/.local/lib/python3.7/site-packages/airflow/example_dags/example_kubernetes_executor.py took 0.462 seconds
[2022-07-06 20:03:31,636] {processor.py:153} INFO - Started process (PID=861) to work on /home/airflow/.local/lib/python3.7/site-packages/airflow/example_dags/example_kubernetes_executor.py
[2022-07-06 20:03:31,661] {processor.py:641} INFO - Processing file /home/airflow/.local/lib/python3.7/site-packages/airflow/example_dags/example_kubernetes_executor.py for tasks to queue
[2022-07-06 20:03:31,663] {logging_mixin.py:115} INFO - [2022-07-06 20:03:31,662] {dagbag.py:507} INFO - Filling up the DagBag from /home/airflow/.local/lib/python3.7/site-packages/airflow/example_dags/example_kubernetes_executor.py
[2022-07-06 20:03:31,711] {processor.py:651} INFO - DAG(s) dict_keys(['example_kubernetes_executor']) retrieved from /home/airflow/.local/lib/python3.7/site-packages/airflow/example_dags/example_kubernetes_executor.py
[2022-07-06 20:03:31,763] {logging_mixin.py:115} INFO - [2022-07-06 20:03:31,763] {dag.py:2379} INFO - Sync 1 DAGs
[2022-07-06 20:03:31,813] {logging_mixin.py:115} INFO - [2022-07-06 20:03:31,813] {dag.py:2931} INFO - Setting next_dagrun for example_kubernetes_executor to None, run_after=None
[2022-07-06 20:03:31,873] {processor.py:161} INFO - Processing /home/airflow/.local/lib/python3.7/site-packages/airflow/example_dags/example_kubernetes_executor.py took 0.241 seconds
[2022-07-06 20:04:02,253] {processor.py:153} INFO - Started process (PID=913) to work on /home/airflow/.local/lib/python3.7/site-packages/airflow/example_dags/example_kubernetes_executor.py
[2022-07-06 20:04:02,253] {processor.py:641} INFO - Processing file /home/airflow/.local/lib/python3.7/site-packages/airflow/example_dags/example_kubernetes_executor.py for tasks to queue
[2022-07-06 20:04:02,254] {logging_mixin.py:115} INFO - [2022-07-06 20:04:02,254] {dagbag.py:507} INFO - Filling up the DagBag from /home/airflow/.local/lib/python3.7/site-packages/airflow/example_dags/example_kubernetes_executor.py
[2022-07-06 20:04:02,299] {processor.py:651} INFO - DAG(s) dict_keys(['example_kubernetes_executor']) retrieved from /home/airflow/.local/lib/python3.7/site-packages/airflow/example_dags/example_kubernetes_executor.py
[2022-07-06 20:04:02,348] {logging_mixin.py:115} INFO - [2022-07-06 20:04:02,348] {dag.py:2379} INFO - Sync 1 DAGs
[2022-07-06 20:04:02,378] {logging_mixin.py:115} INFO - [2022-07-06 20:04:02,378] {dag.py:2931} INFO - Setting next_dagrun for example_kubernetes_executor to None, run_after=None
[2022-07-06 20:04:02,407] {processor.py:161} INFO - Processing /home/airflow/.local/lib/python3.7/site-packages/airflow/example_dags/example_kubernetes_executor.py took 0.157 seconds
[2022-07-06 20:04:33,245] {processor.py:153} INFO - Started process (PID=964) to work on /home/airflow/.local/lib/python3.7/site-packages/airflow/example_dags/example_kubernetes_executor.py
[2022-07-06 20:04:33,279] {processor.py:641} INFO - Processing file /home/airflow/.local/lib/python3.7/site-packages/airflow/example_dags/example_kubernetes_executor.py for tasks to queue
[2022-07-06 20:04:33,279] {logging_mixin.py:115} INFO - [2022-07-06 20:04:33,279] {dagbag.py:507} INFO - Filling up the DagBag from /home/airflow/.local/lib/python3.7/site-packages/airflow/example_dags/example_kubernetes_executor.py
[2022-07-06 20:04:33,312] {processor.py:651} INFO - DAG(s) dict_keys(['example_kubernetes_executor']) retrieved from /home/airflow/.local/lib/python3.7/site-packages/airflow/example_dags/example_kubernetes_executor.py
[2022-07-06 20:04:33,349] {logging_mixin.py:115} INFO - [2022-07-06 20:04:33,349] {dag.py:2379} INFO - Sync 1 DAGs
[2022-07-06 20:04:33,382] {logging_mixin.py:115} INFO - [2022-07-06 20:04:33,381] {dag.py:2931} INFO - Setting next_dagrun for example_kubernetes_executor to None, run_after=None
[2022-07-06 20:04:33,422] {processor.py:161} INFO - Processing /home/airflow/.local/lib/python3.7/site-packages/airflow/example_dags/example_kubernetes_executor.py took 0.181 seconds
[2022-07-06 20:05:04,237] {processor.py:153} INFO - Started process (PID=1026) to work on /home/airflow/.local/lib/python3.7/site-packages/airflow/example_dags/example_kubernetes_executor.py
[2022-07-06 20:05:04,238] {processor.py:641} INFO - Processing file /home/airflow/.local/lib/python3.7/site-packages/airflow/example_dags/example_kubernetes_executor.py for tasks to queue
[2022-07-06 20:05:04,238] {logging_mixin.py:115} INFO - [2022-07-06 20:05:04,238] {dagbag.py:507} INFO - Filling up the DagBag from /home/airflow/.local/lib/python3.7/site-packages/airflow/example_dags/example_kubernetes_executor.py
[2022-07-06 20:05:04,272] {processor.py:651} INFO - DAG(s) dict_keys(['example_kubernetes_executor']) retrieved from /home/airflow/.local/lib/python3.7/site-packages/airflow/example_dags/example_kubernetes_executor.py
[2022-07-06 20:05:04,305] {logging_mixin.py:115} INFO - [2022-07-06 20:05:04,305] {dag.py:2379} INFO - Sync 1 DAGs
[2022-07-06 20:05:04,334] {logging_mixin.py:115} INFO - [2022-07-06 20:05:04,334] {dag.py:2931} INFO - Setting next_dagrun for example_kubernetes_executor to None, run_after=None
[2022-07-06 20:05:04,352] {processor.py:161} INFO - Processing /home/airflow/.local/lib/python3.7/site-packages/airflow/example_dags/example_kubernetes_executor.py took 0.118 seconds
[2022-07-06 20:05:34,470] {processor.py:153} INFO - Started process (PID=1077) to work on /home/airflow/.local/lib/python3.7/site-packages/airflow/example_dags/example_kubernetes_executor.py
[2022-07-06 20:05:34,470] {processor.py:641} INFO - Processing file /home/airflow/.local/lib/python3.7/site-packages/airflow/example_dags/example_kubernetes_executor.py for tasks to queue
[2022-07-06 20:05:34,471] {logging_mixin.py:115} INFO - [2022-07-06 20:05:34,471] {dagbag.py:507} INFO - Filling up the DagBag from /home/airflow/.local/lib/python3.7/site-packages/airflow/example_dags/example_kubernetes_executor.py
[2022-07-06 20:05:34,506] {processor.py:651} INFO - DAG(s) dict_keys(['example_kubernetes_executor']) retrieved from /home/airflow/.local/lib/python3.7/site-packages/airflow/example_dags/example_kubernetes_executor.py
[2022-07-06 20:05:34,538] {logging_mixin.py:115} INFO - [2022-07-06 20:05:34,538] {dag.py:2379} INFO - Sync 1 DAGs
[2022-07-06 20:05:34,570] {logging_mixin.py:115} INFO - [2022-07-06 20:05:34,569] {dag.py:2931} INFO - Setting next_dagrun for example_kubernetes_executor to None, run_after=None
[2022-07-06 20:05:34,615] {processor.py:161} INFO - Processing /home/airflow/.local/lib/python3.7/site-packages/airflow/example_dags/example_kubernetes_executor.py took 0.149 seconds
[2022-07-06 20:06:05,287] {processor.py:153} INFO - Started process (PID=1129) to work on /home/airflow/.local/lib/python3.7/site-packages/airflow/example_dags/example_kubernetes_executor.py
[2022-07-06 20:06:05,288] {processor.py:641} INFO - Processing file /home/airflow/.local/lib/python3.7/site-packages/airflow/example_dags/example_kubernetes_executor.py for tasks to queue
[2022-07-06 20:06:05,289] {logging_mixin.py:115} INFO - [2022-07-06 20:06:05,289] {dagbag.py:507} INFO - Filling up the DagBag from /home/airflow/.local/lib/python3.7/site-packages/airflow/example_dags/example_kubernetes_executor.py
[2022-07-06 20:06:05,325] {processor.py:651} INFO - DAG(s) dict_keys(['example_kubernetes_executor']) retrieved from /home/airflow/.local/lib/python3.7/site-packages/airflow/example_dags/example_kubernetes_executor.py
[2022-07-06 20:06:05,361] {logging_mixin.py:115} INFO - [2022-07-06 20:06:05,360] {dag.py:2379} INFO - Sync 1 DAGs
[2022-07-06 20:06:05,390] {logging_mixin.py:115} INFO - [2022-07-06 20:06:05,390] {dag.py:2931} INFO - Setting next_dagrun for example_kubernetes_executor to None, run_after=None
[2022-07-06 20:06:05,575] {processor.py:161} INFO - Processing /home/airflow/.local/lib/python3.7/site-packages/airflow/example_dags/example_kubernetes_executor.py took 0.291 seconds
[2022-07-06 20:06:35,608] {processor.py:153} INFO - Started process (PID=1190) to work on /home/airflow/.local/lib/python3.7/site-packages/airflow/example_dags/example_kubernetes_executor.py
[2022-07-06 20:06:35,609] {processor.py:641} INFO - Processing file /home/airflow/.local/lib/python3.7/site-packages/airflow/example_dags/example_kubernetes_executor.py for tasks to queue
[2022-07-06 20:06:35,609] {logging_mixin.py:115} INFO - [2022-07-06 20:06:35,609] {dagbag.py:507} INFO - Filling up the DagBag from /home/airflow/.local/lib/python3.7/site-packages/airflow/example_dags/example_kubernetes_executor.py
[2022-07-06 20:06:35,640] {processor.py:651} INFO - DAG(s) dict_keys(['example_kubernetes_executor']) retrieved from /home/airflow/.local/lib/python3.7/site-packages/airflow/example_dags/example_kubernetes_executor.py
[2022-07-06 20:06:35,672] {logging_mixin.py:115} INFO - [2022-07-06 20:06:35,672] {dag.py:2379} INFO - Sync 1 DAGs
[2022-07-06 20:06:35,700] {logging_mixin.py:115} INFO - [2022-07-06 20:06:35,700] {dag.py:2931} INFO - Setting next_dagrun for example_kubernetes_executor to None, run_after=None
[2022-07-06 20:06:35,723] {processor.py:161} INFO - Processing /home/airflow/.local/lib/python3.7/site-packages/airflow/example_dags/example_kubernetes_executor.py took 0.118 seconds
[2022-07-06 20:07:06,474] {processor.py:153} INFO - Started process (PID=1242) to work on /home/airflow/.local/lib/python3.7/site-packages/airflow/example_dags/example_kubernetes_executor.py
[2022-07-06 20:07:06,474] {processor.py:641} INFO - Processing file /home/airflow/.local/lib/python3.7/site-packages/airflow/example_dags/example_kubernetes_executor.py for tasks to queue
[2022-07-06 20:07:06,475] {logging_mixin.py:115} INFO - [2022-07-06 20:07:06,475] {dagbag.py:507} INFO - Filling up the DagBag from /home/airflow/.local/lib/python3.7/site-packages/airflow/example_dags/example_kubernetes_executor.py
[2022-07-06 20:07:06,513] {processor.py:651} INFO - DAG(s) dict_keys(['example_kubernetes_executor']) retrieved from /home/airflow/.local/lib/python3.7/site-packages/airflow/example_dags/example_kubernetes_executor.py
[2022-07-06 20:07:06,576] {logging_mixin.py:115} INFO - [2022-07-06 20:07:06,575] {dag.py:2379} INFO - Sync 1 DAGs
[2022-07-06 20:07:06,620] {logging_mixin.py:115} INFO - [2022-07-06 20:07:06,620] {dag.py:2931} INFO - Setting next_dagrun for example_kubernetes_executor to None, run_after=None
[2022-07-06 20:07:06,642] {processor.py:161} INFO - Processing /home/airflow/.local/lib/python3.7/site-packages/airflow/example_dags/example_kubernetes_executor.py took 0.172 seconds
[2022-07-06 20:07:37,822] {processor.py:153} INFO - Started process (PID=1302) to work on /home/airflow/.local/lib/python3.7/site-packages/airflow/example_dags/example_kubernetes_executor.py
[2022-07-06 20:07:37,823] {processor.py:641} INFO - Processing file /home/airflow/.local/lib/python3.7/site-packages/airflow/example_dags/example_kubernetes_executor.py for tasks to queue
[2022-07-06 20:07:37,824] {logging_mixin.py:115} INFO - [2022-07-06 20:07:37,824] {dagbag.py:507} INFO - Filling up the DagBag from /home/airflow/.local/lib/python3.7/site-packages/airflow/example_dags/example_kubernetes_executor.py
[2022-07-06 20:07:37,940] {processor.py:651} INFO - DAG(s) dict_keys(['example_kubernetes_executor']) retrieved from /home/airflow/.local/lib/python3.7/site-packages/airflow/example_dags/example_kubernetes_executor.py
[2022-07-06 20:07:38,113] {logging_mixin.py:115} INFO - [2022-07-06 20:07:38,113] {dag.py:2379} INFO - Sync 1 DAGs
[2022-07-06 20:07:38,156] {logging_mixin.py:115} INFO - [2022-07-06 20:07:38,156] {dag.py:2931} INFO - Setting next_dagrun for example_kubernetes_executor to None, run_after=None
[2022-07-06 20:07:38,193] {processor.py:161} INFO - Processing /home/airflow/.local/lib/python3.7/site-packages/airflow/example_dags/example_kubernetes_executor.py took 0.376 seconds
[2022-07-06 20:08:09,398] {processor.py:153} INFO - Started process (PID=1354) to work on /home/airflow/.local/lib/python3.7/site-packages/airflow/example_dags/example_kubernetes_executor.py
[2022-07-06 20:08:09,398] {processor.py:641} INFO - Processing file /home/airflow/.local/lib/python3.7/site-packages/airflow/example_dags/example_kubernetes_executor.py for tasks to queue
[2022-07-06 20:08:09,399] {logging_mixin.py:115} INFO - [2022-07-06 20:08:09,399] {dagbag.py:507} INFO - Filling up the DagBag from /home/airflow/.local/lib/python3.7/site-packages/airflow/example_dags/example_kubernetes_executor.py
[2022-07-06 20:08:09,480] {processor.py:651} INFO - DAG(s) dict_keys(['example_kubernetes_executor']) retrieved from /home/airflow/.local/lib/python3.7/site-packages/airflow/example_dags/example_kubernetes_executor.py
[2022-07-06 20:08:09,524] {logging_mixin.py:115} INFO - [2022-07-06 20:08:09,524] {dag.py:2379} INFO - Sync 1 DAGs
[2022-07-06 20:08:09,559] {logging_mixin.py:115} INFO - [2022-07-06 20:08:09,559] {dag.py:2931} INFO - Setting next_dagrun for example_kubernetes_executor to None, run_after=None
[2022-07-06 20:08:09,608] {processor.py:161} INFO - Processing /home/airflow/.local/lib/python3.7/site-packages/airflow/example_dags/example_kubernetes_executor.py took 0.223 seconds
[2022-07-06 20:08:40,310] {processor.py:153} INFO - Started process (PID=1412) to work on /home/airflow/.local/lib/python3.7/site-packages/airflow/example_dags/example_kubernetes_executor.py
[2022-07-06 20:08:40,423] {processor.py:641} INFO - Processing file /home/airflow/.local/lib/python3.7/site-packages/airflow/example_dags/example_kubernetes_executor.py for tasks to queue
[2022-07-06 20:08:40,482] {logging_mixin.py:115} INFO - [2022-07-06 20:08:40,481] {dagbag.py:507} INFO - Filling up the DagBag from /home/airflow/.local/lib/python3.7/site-packages/airflow/example_dags/example_kubernetes_executor.py
[2022-07-06 20:08:40,587] {processor.py:651} INFO - DAG(s) dict_keys(['example_kubernetes_executor']) retrieved from /home/airflow/.local/lib/python3.7/site-packages/airflow/example_dags/example_kubernetes_executor.py
[2022-07-06 20:08:40,632] {logging_mixin.py:115} INFO - [2022-07-06 20:08:40,632] {dag.py:2379} INFO - Sync 1 DAGs
[2022-07-06 20:08:40,674] {logging_mixin.py:115} INFO - [2022-07-06 20:08:40,673] {dag.py:2931} INFO - Setting next_dagrun for example_kubernetes_executor to None, run_after=None
[2022-07-06 20:08:40,732] {processor.py:161} INFO - Processing /home/airflow/.local/lib/python3.7/site-packages/airflow/example_dags/example_kubernetes_executor.py took 0.427 seconds
[2022-07-06 20:09:11,095] {processor.py:153} INFO - Started process (PID=1465) to work on /home/airflow/.local/lib/python3.7/site-packages/airflow/example_dags/example_kubernetes_executor.py
[2022-07-06 20:09:11,096] {processor.py:641} INFO - Processing file /home/airflow/.local/lib/python3.7/site-packages/airflow/example_dags/example_kubernetes_executor.py for tasks to queue
[2022-07-06 20:09:11,097] {logging_mixin.py:115} INFO - [2022-07-06 20:09:11,096] {dagbag.py:507} INFO - Filling up the DagBag from /home/airflow/.local/lib/python3.7/site-packages/airflow/example_dags/example_kubernetes_executor.py
[2022-07-06 20:09:11,180] {processor.py:651} INFO - DAG(s) dict_keys(['example_kubernetes_executor']) retrieved from /home/airflow/.local/lib/python3.7/site-packages/airflow/example_dags/example_kubernetes_executor.py
[2022-07-06 20:09:11,227] {logging_mixin.py:115} INFO - [2022-07-06 20:09:11,227] {dag.py:2379} INFO - Sync 1 DAGs
[2022-07-06 20:09:11,257] {logging_mixin.py:115} INFO - [2022-07-06 20:09:11,257] {dag.py:2931} INFO - Setting next_dagrun for example_kubernetes_executor to None, run_after=None
[2022-07-06 20:09:11,292] {processor.py:161} INFO - Processing /home/airflow/.local/lib/python3.7/site-packages/airflow/example_dags/example_kubernetes_executor.py took 0.203 seconds
[2022-07-06 20:09:41,908] {processor.py:153} INFO - Started process (PID=1517) to work on /home/airflow/.local/lib/python3.7/site-packages/airflow/example_dags/example_kubernetes_executor.py
[2022-07-06 20:09:41,937] {processor.py:641} INFO - Processing file /home/airflow/.local/lib/python3.7/site-packages/airflow/example_dags/example_kubernetes_executor.py for tasks to queue
[2022-07-06 20:09:41,938] {logging_mixin.py:115} INFO - [2022-07-06 20:09:41,938] {dagbag.py:507} INFO - Filling up the DagBag from /home/airflow/.local/lib/python3.7/site-packages/airflow/example_dags/example_kubernetes_executor.py
[2022-07-06 20:09:41,976] {processor.py:651} INFO - DAG(s) dict_keys(['example_kubernetes_executor']) retrieved from /home/airflow/.local/lib/python3.7/site-packages/airflow/example_dags/example_kubernetes_executor.py
[2022-07-06 20:09:42,006] {logging_mixin.py:115} INFO - [2022-07-06 20:09:42,006] {dag.py:2379} INFO - Sync 1 DAGs
[2022-07-06 20:09:42,038] {logging_mixin.py:115} INFO - [2022-07-06 20:09:42,038] {dag.py:2931} INFO - Setting next_dagrun for example_kubernetes_executor to None, run_after=None
[2022-07-06 20:09:42,068] {processor.py:161} INFO - Processing /home/airflow/.local/lib/python3.7/site-packages/airflow/example_dags/example_kubernetes_executor.py took 0.163 seconds
[2022-07-06 20:10:13,114] {processor.py:153} INFO - Started process (PID=1569) to work on /home/airflow/.local/lib/python3.7/site-packages/airflow/example_dags/example_kubernetes_executor.py
[2022-07-06 20:10:13,133] {processor.py:641} INFO - Processing file /home/airflow/.local/lib/python3.7/site-packages/airflow/example_dags/example_kubernetes_executor.py for tasks to queue
[2022-07-06 20:10:13,133] {logging_mixin.py:115} INFO - [2022-07-06 20:10:13,133] {dagbag.py:507} INFO - Filling up the DagBag from /home/airflow/.local/lib/python3.7/site-packages/airflow/example_dags/example_kubernetes_executor.py
[2022-07-06 20:10:13,165] {processor.py:651} INFO - DAG(s) dict_keys(['example_kubernetes_executor']) retrieved from /home/airflow/.local/lib/python3.7/site-packages/airflow/example_dags/example_kubernetes_executor.py
[2022-07-06 20:10:13,204] {logging_mixin.py:115} INFO - [2022-07-06 20:10:13,204] {dag.py:2379} INFO - Sync 1 DAGs
[2022-07-06 20:10:13,236] {logging_mixin.py:115} INFO - [2022-07-06 20:10:13,236] {dag.py:2931} INFO - Setting next_dagrun for example_kubernetes_executor to None, run_after=None
[2022-07-06 20:10:13,262] {processor.py:161} INFO - Processing /home/airflow/.local/lib/python3.7/site-packages/airflow/example_dags/example_kubernetes_executor.py took 0.151 seconds
[2022-07-06 20:10:44,089] {processor.py:153} INFO - Started process (PID=1630) to work on /home/airflow/.local/lib/python3.7/site-packages/airflow/example_dags/example_kubernetes_executor.py
[2022-07-06 20:10:44,090] {processor.py:641} INFO - Processing file /home/airflow/.local/lib/python3.7/site-packages/airflow/example_dags/example_kubernetes_executor.py for tasks to queue
[2022-07-06 20:10:44,090] {logging_mixin.py:115} INFO - [2022-07-06 20:10:44,090] {dagbag.py:507} INFO - Filling up the DagBag from /home/airflow/.local/lib/python3.7/site-packages/airflow/example_dags/example_kubernetes_executor.py
[2022-07-06 20:10:44,123] {processor.py:651} INFO - DAG(s) dict_keys(['example_kubernetes_executor']) retrieved from /home/airflow/.local/lib/python3.7/site-packages/airflow/example_dags/example_kubernetes_executor.py
[2022-07-06 20:10:44,158] {logging_mixin.py:115} INFO - [2022-07-06 20:10:44,158] {dag.py:2379} INFO - Sync 1 DAGs
[2022-07-06 20:10:44,186] {logging_mixin.py:115} INFO - [2022-07-06 20:10:44,186] {dag.py:2931} INFO - Setting next_dagrun for example_kubernetes_executor to None, run_after=None
[2022-07-06 20:10:44,215] {processor.py:161} INFO - Processing /home/airflow/.local/lib/python3.7/site-packages/airflow/example_dags/example_kubernetes_executor.py took 0.130 seconds
[2022-07-06 20:11:14,645] {processor.py:153} INFO - Started process (PID=1682) to work on /home/airflow/.local/lib/python3.7/site-packages/airflow/example_dags/example_kubernetes_executor.py
[2022-07-06 20:11:14,646] {processor.py:641} INFO - Processing file /home/airflow/.local/lib/python3.7/site-packages/airflow/example_dags/example_kubernetes_executor.py for tasks to queue
[2022-07-06 20:11:14,647] {logging_mixin.py:115} INFO - [2022-07-06 20:11:14,646] {dagbag.py:507} INFO - Filling up the DagBag from /home/airflow/.local/lib/python3.7/site-packages/airflow/example_dags/example_kubernetes_executor.py
[2022-07-06 20:11:14,683] {processor.py:651} INFO - DAG(s) dict_keys(['example_kubernetes_executor']) retrieved from /home/airflow/.local/lib/python3.7/site-packages/airflow/example_dags/example_kubernetes_executor.py
[2022-07-06 20:11:14,719] {logging_mixin.py:115} INFO - [2022-07-06 20:11:14,719] {dag.py:2379} INFO - Sync 1 DAGs
[2022-07-06 20:11:14,750] {logging_mixin.py:115} INFO - [2022-07-06 20:11:14,750] {dag.py:2931} INFO - Setting next_dagrun for example_kubernetes_executor to None, run_after=None
[2022-07-06 20:11:14,779] {processor.py:161} INFO - Processing /home/airflow/.local/lib/python3.7/site-packages/airflow/example_dags/example_kubernetes_executor.py took 0.138 seconds
[2022-07-06 20:11:45,749] {processor.py:153} INFO - Started process (PID=1743) to work on /home/airflow/.local/lib/python3.7/site-packages/airflow/example_dags/example_kubernetes_executor.py
[2022-07-06 20:11:45,766] {processor.py:641} INFO - Processing file /home/airflow/.local/lib/python3.7/site-packages/airflow/example_dags/example_kubernetes_executor.py for tasks to queue
[2022-07-06 20:11:45,767] {logging_mixin.py:115} INFO - [2022-07-06 20:11:45,767] {dagbag.py:507} INFO - Filling up the DagBag from /home/airflow/.local/lib/python3.7/site-packages/airflow/example_dags/example_kubernetes_executor.py
[2022-07-06 20:11:45,849] {processor.py:651} INFO - DAG(s) dict_keys(['example_kubernetes_executor']) retrieved from /home/airflow/.local/lib/python3.7/site-packages/airflow/example_dags/example_kubernetes_executor.py
[2022-07-06 20:11:45,962] {logging_mixin.py:115} INFO - [2022-07-06 20:11:45,962] {dag.py:2379} INFO - Sync 1 DAGs
[2022-07-06 20:11:46,025] {logging_mixin.py:115} INFO - [2022-07-06 20:11:46,025] {dag.py:2931} INFO - Setting next_dagrun for example_kubernetes_executor to None, run_after=None
[2022-07-06 20:11:46,065] {processor.py:161} INFO - Processing /home/airflow/.local/lib/python3.7/site-packages/airflow/example_dags/example_kubernetes_executor.py took 0.321 seconds
[2022-07-06 20:12:16,207] {processor.py:153} INFO - Started process (PID=1795) to work on /home/airflow/.local/lib/python3.7/site-packages/airflow/example_dags/example_kubernetes_executor.py
[2022-07-06 20:12:16,208] {processor.py:641} INFO - Processing file /home/airflow/.local/lib/python3.7/site-packages/airflow/example_dags/example_kubernetes_executor.py for tasks to queue
[2022-07-06 20:12:16,209] {logging_mixin.py:115} INFO - [2022-07-06 20:12:16,209] {dagbag.py:507} INFO - Filling up the DagBag from /home/airflow/.local/lib/python3.7/site-packages/airflow/example_dags/example_kubernetes_executor.py
[2022-07-06 20:12:16,259] {processor.py:651} INFO - DAG(s) dict_keys(['example_kubernetes_executor']) retrieved from /home/airflow/.local/lib/python3.7/site-packages/airflow/example_dags/example_kubernetes_executor.py
[2022-07-06 20:12:16,296] {logging_mixin.py:115} INFO - [2022-07-06 20:12:16,296] {dag.py:2379} INFO - Sync 1 DAGs
[2022-07-06 20:12:16,331] {logging_mixin.py:115} INFO - [2022-07-06 20:12:16,331] {dag.py:2931} INFO - Setting next_dagrun for example_kubernetes_executor to None, run_after=None
[2022-07-06 20:12:16,362] {processor.py:161} INFO - Processing /home/airflow/.local/lib/python3.7/site-packages/airflow/example_dags/example_kubernetes_executor.py took 0.169 seconds
[2022-07-06 20:12:46,747] {processor.py:153} INFO - Started process (PID=1845) to work on /home/airflow/.local/lib/python3.7/site-packages/airflow/example_dags/example_kubernetes_executor.py
[2022-07-06 20:12:46,757] {processor.py:641} INFO - Processing file /home/airflow/.local/lib/python3.7/site-packages/airflow/example_dags/example_kubernetes_executor.py for tasks to queue
[2022-07-06 20:12:46,758] {logging_mixin.py:115} INFO - [2022-07-06 20:12:46,757] {dagbag.py:507} INFO - Filling up the DagBag from /home/airflow/.local/lib/python3.7/site-packages/airflow/example_dags/example_kubernetes_executor.py
[2022-07-06 20:12:46,792] {processor.py:651} INFO - DAG(s) dict_keys(['example_kubernetes_executor']) retrieved from /home/airflow/.local/lib/python3.7/site-packages/airflow/example_dags/example_kubernetes_executor.py
[2022-07-06 20:12:46,832] {logging_mixin.py:115} INFO - [2022-07-06 20:12:46,831] {dag.py:2379} INFO - Sync 1 DAGs
[2022-07-06 20:12:46,871] {logging_mixin.py:115} INFO - [2022-07-06 20:12:46,871] {dag.py:2931} INFO - Setting next_dagrun for example_kubernetes_executor to None, run_after=None
[2022-07-06 20:12:46,943] {processor.py:161} INFO - Processing /home/airflow/.local/lib/python3.7/site-packages/airflow/example_dags/example_kubernetes_executor.py took 0.200 seconds
[2022-07-06 20:13:17,792] {processor.py:153} INFO - Started process (PID=1903) to work on /home/airflow/.local/lib/python3.7/site-packages/airflow/example_dags/example_kubernetes_executor.py
[2022-07-06 20:13:17,792] {processor.py:641} INFO - Processing file /home/airflow/.local/lib/python3.7/site-packages/airflow/example_dags/example_kubernetes_executor.py for tasks to queue
[2022-07-06 20:13:17,793] {logging_mixin.py:115} INFO - [2022-07-06 20:13:17,792] {dagbag.py:507} INFO - Filling up the DagBag from /home/airflow/.local/lib/python3.7/site-packages/airflow/example_dags/example_kubernetes_executor.py
[2022-07-06 20:13:17,829] {processor.py:651} INFO - DAG(s) dict_keys(['example_kubernetes_executor']) retrieved from /home/airflow/.local/lib/python3.7/site-packages/airflow/example_dags/example_kubernetes_executor.py
[2022-07-06 20:13:17,875] {logging_mixin.py:115} INFO - [2022-07-06 20:13:17,875] {dag.py:2379} INFO - Sync 1 DAGs
[2022-07-06 20:13:17,919] {logging_mixin.py:115} INFO - [2022-07-06 20:13:17,919] {dag.py:2931} INFO - Setting next_dagrun for example_kubernetes_executor to None, run_after=None
[2022-07-06 20:13:17,947] {processor.py:161} INFO - Processing /home/airflow/.local/lib/python3.7/site-packages/airflow/example_dags/example_kubernetes_executor.py took 0.160 seconds
[2022-07-06 20:14:45,118] {processor.py:153} INFO - Started process (PID=2006) to work on /home/airflow/.local/lib/python3.7/site-packages/airflow/example_dags/example_kubernetes_executor.py
[2022-07-06 20:14:45,137] {processor.py:641} INFO - Processing file /home/airflow/.local/lib/python3.7/site-packages/airflow/example_dags/example_kubernetes_executor.py for tasks to queue
[2022-07-06 20:14:45,138] {logging_mixin.py:115} INFO - [2022-07-06 20:14:45,138] {dagbag.py:507} INFO - Filling up the DagBag from /home/airflow/.local/lib/python3.7/site-packages/airflow/example_dags/example_kubernetes_executor.py
[2022-07-06 20:14:45,239] {processor.py:651} INFO - DAG(s) dict_keys(['example_kubernetes_executor']) retrieved from /home/airflow/.local/lib/python3.7/site-packages/airflow/example_dags/example_kubernetes_executor.py
[2022-07-06 20:14:45,322] {logging_mixin.py:115} INFO - [2022-07-06 20:14:45,322] {dag.py:2379} INFO - Sync 1 DAGs
[2022-07-06 20:14:45,373] {logging_mixin.py:115} INFO - [2022-07-06 20:14:45,373] {dag.py:2931} INFO - Setting next_dagrun for example_kubernetes_executor to None, run_after=None
[2022-07-06 20:14:45,559] {processor.py:161} INFO - Processing /home/airflow/.local/lib/python3.7/site-packages/airflow/example_dags/example_kubernetes_executor.py took 0.446 seconds
[2022-07-06 20:15:23,435] {processor.py:153} INFO - Started process (PID=2066) to work on /home/airflow/.local/lib/python3.7/site-packages/airflow/example_dags/example_kubernetes_executor.py
[2022-07-06 20:15:23,466] {processor.py:641} INFO - Processing file /home/airflow/.local/lib/python3.7/site-packages/airflow/example_dags/example_kubernetes_executor.py for tasks to queue
[2022-07-06 20:15:23,467] {logging_mixin.py:115} INFO - [2022-07-06 20:15:23,467] {dagbag.py:507} INFO - Filling up the DagBag from /home/airflow/.local/lib/python3.7/site-packages/airflow/example_dags/example_kubernetes_executor.py
[2022-07-06 20:15:23,504] {processor.py:651} INFO - DAG(s) dict_keys(['example_kubernetes_executor']) retrieved from /home/airflow/.local/lib/python3.7/site-packages/airflow/example_dags/example_kubernetes_executor.py
[2022-07-06 20:15:23,548] {logging_mixin.py:115} INFO - [2022-07-06 20:15:23,548] {dag.py:2379} INFO - Sync 1 DAGs
[2022-07-06 20:15:23,577] {logging_mixin.py:115} INFO - [2022-07-06 20:15:23,577] {dag.py:2931} INFO - Setting next_dagrun for example_kubernetes_executor to None, run_after=None
[2022-07-06 20:15:23,673] {processor.py:161} INFO - Processing /home/airflow/.local/lib/python3.7/site-packages/airflow/example_dags/example_kubernetes_executor.py took 0.241 seconds
[2022-07-06 20:16:13,096] {processor.py:153} INFO - Started process (PID=2138) to work on /home/airflow/.local/lib/python3.7/site-packages/airflow/example_dags/example_kubernetes_executor.py
[2022-07-06 20:16:13,097] {processor.py:641} INFO - Processing file /home/airflow/.local/lib/python3.7/site-packages/airflow/example_dags/example_kubernetes_executor.py for tasks to queue
[2022-07-06 20:16:13,098] {logging_mixin.py:115} INFO - [2022-07-06 20:16:13,098] {dagbag.py:507} INFO - Filling up the DagBag from /home/airflow/.local/lib/python3.7/site-packages/airflow/example_dags/example_kubernetes_executor.py
[2022-07-06 20:16:13,171] {processor.py:651} INFO - DAG(s) dict_keys(['example_kubernetes_executor']) retrieved from /home/airflow/.local/lib/python3.7/site-packages/airflow/example_dags/example_kubernetes_executor.py
[2022-07-06 20:16:13,212] {logging_mixin.py:115} INFO - [2022-07-06 20:16:13,212] {dag.py:2379} INFO - Sync 1 DAGs
[2022-07-06 20:16:13,249] {logging_mixin.py:115} INFO - [2022-07-06 20:16:13,248] {dag.py:2931} INFO - Setting next_dagrun for example_kubernetes_executor to None, run_after=None
[2022-07-06 20:16:13,276] {processor.py:161} INFO - Processing /home/airflow/.local/lib/python3.7/site-packages/airflow/example_dags/example_kubernetes_executor.py took 0.184 seconds
[2022-07-06 20:16:44,039] {processor.py:153} INFO - Started process (PID=2189) to work on /home/airflow/.local/lib/python3.7/site-packages/airflow/example_dags/example_kubernetes_executor.py
[2022-07-06 20:16:44,040] {processor.py:641} INFO - Processing file /home/airflow/.local/lib/python3.7/site-packages/airflow/example_dags/example_kubernetes_executor.py for tasks to queue
[2022-07-06 20:16:44,041] {logging_mixin.py:115} INFO - [2022-07-06 20:16:44,041] {dagbag.py:507} INFO - Filling up the DagBag from /home/airflow/.local/lib/python3.7/site-packages/airflow/example_dags/example_kubernetes_executor.py
[2022-07-06 20:16:44,088] {processor.py:651} INFO - DAG(s) dict_keys(['example_kubernetes_executor']) retrieved from /home/airflow/.local/lib/python3.7/site-packages/airflow/example_dags/example_kubernetes_executor.py
[2022-07-06 20:16:44,144] {logging_mixin.py:115} INFO - [2022-07-06 20:16:44,144] {dag.py:2379} INFO - Sync 1 DAGs
[2022-07-06 20:16:44,217] {logging_mixin.py:115} INFO - [2022-07-06 20:16:44,217] {dag.py:2931} INFO - Setting next_dagrun for example_kubernetes_executor to None, run_after=None
[2022-07-06 20:16:44,252] {processor.py:161} INFO - Processing /home/airflow/.local/lib/python3.7/site-packages/airflow/example_dags/example_kubernetes_executor.py took 0.217 seconds
[2022-07-06 20:17:14,942] {processor.py:153} INFO - Started process (PID=2250) to work on /home/airflow/.local/lib/python3.7/site-packages/airflow/example_dags/example_kubernetes_executor.py
[2022-07-06 20:17:14,943] {processor.py:641} INFO - Processing file /home/airflow/.local/lib/python3.7/site-packages/airflow/example_dags/example_kubernetes_executor.py for tasks to queue
[2022-07-06 20:17:14,944] {logging_mixin.py:115} INFO - [2022-07-06 20:17:14,944] {dagbag.py:507} INFO - Filling up the DagBag from /home/airflow/.local/lib/python3.7/site-packages/airflow/example_dags/example_kubernetes_executor.py
[2022-07-06 20:17:14,991] {processor.py:651} INFO - DAG(s) dict_keys(['example_kubernetes_executor']) retrieved from /home/airflow/.local/lib/python3.7/site-packages/airflow/example_dags/example_kubernetes_executor.py
[2022-07-06 20:17:15,037] {logging_mixin.py:115} INFO - [2022-07-06 20:17:15,037] {dag.py:2379} INFO - Sync 1 DAGs
[2022-07-06 20:17:15,077] {logging_mixin.py:115} INFO - [2022-07-06 20:17:15,077] {dag.py:2931} INFO - Setting next_dagrun for example_kubernetes_executor to None, run_after=None
[2022-07-06 20:17:15,105] {processor.py:161} INFO - Processing /home/airflow/.local/lib/python3.7/site-packages/airflow/example_dags/example_kubernetes_executor.py took 0.167 seconds
[2022-07-06 20:17:45,700] {processor.py:153} INFO - Started process (PID=2302) to work on /home/airflow/.local/lib/python3.7/site-packages/airflow/example_dags/example_kubernetes_executor.py
[2022-07-06 20:17:45,702] {processor.py:641} INFO - Processing file /home/airflow/.local/lib/python3.7/site-packages/airflow/example_dags/example_kubernetes_executor.py for tasks to queue
[2022-07-06 20:17:45,703] {logging_mixin.py:115} INFO - [2022-07-06 20:17:45,703] {dagbag.py:507} INFO - Filling up the DagBag from /home/airflow/.local/lib/python3.7/site-packages/airflow/example_dags/example_kubernetes_executor.py
[2022-07-06 20:17:45,756] {processor.py:651} INFO - DAG(s) dict_keys(['example_kubernetes_executor']) retrieved from /home/airflow/.local/lib/python3.7/site-packages/airflow/example_dags/example_kubernetes_executor.py
[2022-07-06 20:17:45,850] {logging_mixin.py:115} INFO - [2022-07-06 20:17:45,849] {dag.py:2379} INFO - Sync 1 DAGs
[2022-07-06 20:17:45,938] {logging_mixin.py:115} INFO - [2022-07-06 20:17:45,938] {dag.py:2931} INFO - Setting next_dagrun for example_kubernetes_executor to None, run_after=None
[2022-07-06 20:17:46,047] {processor.py:161} INFO - Processing /home/airflow/.local/lib/python3.7/site-packages/airflow/example_dags/example_kubernetes_executor.py took 0.354 seconds
[2022-07-06 20:18:17,515] {processor.py:153} INFO - Started process (PID=2368) to work on /home/airflow/.local/lib/python3.7/site-packages/airflow/example_dags/example_kubernetes_executor.py
[2022-07-06 20:18:17,516] {processor.py:641} INFO - Processing file /home/airflow/.local/lib/python3.7/site-packages/airflow/example_dags/example_kubernetes_executor.py for tasks to queue
[2022-07-06 20:18:17,517] {logging_mixin.py:115} INFO - [2022-07-06 20:18:17,517] {dagbag.py:507} INFO - Filling up the DagBag from /home/airflow/.local/lib/python3.7/site-packages/airflow/example_dags/example_kubernetes_executor.py
[2022-07-06 20:18:17,567] {processor.py:651} INFO - DAG(s) dict_keys(['example_kubernetes_executor']) retrieved from /home/airflow/.local/lib/python3.7/site-packages/airflow/example_dags/example_kubernetes_executor.py
[2022-07-06 20:18:17,620] {logging_mixin.py:115} INFO - [2022-07-06 20:18:17,620] {dag.py:2379} INFO - Sync 1 DAGs
[2022-07-06 20:18:17,668] {logging_mixin.py:115} INFO - [2022-07-06 20:18:17,668] {dag.py:2931} INFO - Setting next_dagrun for example_kubernetes_executor to None, run_after=None
[2022-07-06 20:18:17,700] {processor.py:161} INFO - Processing /home/airflow/.local/lib/python3.7/site-packages/airflow/example_dags/example_kubernetes_executor.py took 0.189 seconds
[2022-07-06 20:18:48,189] {processor.py:153} INFO - Started process (PID=2420) to work on /home/airflow/.local/lib/python3.7/site-packages/airflow/example_dags/example_kubernetes_executor.py
[2022-07-06 20:18:48,189] {processor.py:641} INFO - Processing file /home/airflow/.local/lib/python3.7/site-packages/airflow/example_dags/example_kubernetes_executor.py for tasks to queue
[2022-07-06 20:18:48,190] {logging_mixin.py:115} INFO - [2022-07-06 20:18:48,190] {dagbag.py:507} INFO - Filling up the DagBag from /home/airflow/.local/lib/python3.7/site-packages/airflow/example_dags/example_kubernetes_executor.py
[2022-07-06 20:18:48,227] {processor.py:651} INFO - DAG(s) dict_keys(['example_kubernetes_executor']) retrieved from /home/airflow/.local/lib/python3.7/site-packages/airflow/example_dags/example_kubernetes_executor.py
[2022-07-06 20:18:48,261] {logging_mixin.py:115} INFO - [2022-07-06 20:18:48,261] {dag.py:2379} INFO - Sync 1 DAGs
[2022-07-06 20:18:48,290] {logging_mixin.py:115} INFO - [2022-07-06 20:18:48,289] {dag.py:2931} INFO - Setting next_dagrun for example_kubernetes_executor to None, run_after=None
[2022-07-06 20:18:48,324] {processor.py:161} INFO - Processing /home/airflow/.local/lib/python3.7/site-packages/airflow/example_dags/example_kubernetes_executor.py took 0.138 seconds
[2022-07-06 20:19:19,051] {processor.py:153} INFO - Started process (PID=2479) to work on /home/airflow/.local/lib/python3.7/site-packages/airflow/example_dags/example_kubernetes_executor.py
[2022-07-06 20:19:19,059] {processor.py:641} INFO - Processing file /home/airflow/.local/lib/python3.7/site-packages/airflow/example_dags/example_kubernetes_executor.py for tasks to queue
[2022-07-06 20:19:19,060] {logging_mixin.py:115} INFO - [2022-07-06 20:19:19,060] {dagbag.py:507} INFO - Filling up the DagBag from /home/airflow/.local/lib/python3.7/site-packages/airflow/example_dags/example_kubernetes_executor.py
[2022-07-06 20:19:19,111] {processor.py:651} INFO - DAG(s) dict_keys(['example_kubernetes_executor']) retrieved from /home/airflow/.local/lib/python3.7/site-packages/airflow/example_dags/example_kubernetes_executor.py
[2022-07-06 20:19:19,158] {logging_mixin.py:115} INFO - [2022-07-06 20:19:19,158] {dag.py:2379} INFO - Sync 1 DAGs
[2022-07-06 20:19:19,197] {logging_mixin.py:115} INFO - [2022-07-06 20:19:19,197] {dag.py:2931} INFO - Setting next_dagrun for example_kubernetes_executor to None, run_after=None
[2022-07-06 20:19:19,225] {processor.py:161} INFO - Processing /home/airflow/.local/lib/python3.7/site-packages/airflow/example_dags/example_kubernetes_executor.py took 0.179 seconds
[2022-07-06 20:19:50,952] {processor.py:153} INFO - Started process (PID=2537) to work on /home/airflow/.local/lib/python3.7/site-packages/airflow/example_dags/example_kubernetes_executor.py
[2022-07-06 20:19:50,953] {processor.py:641} INFO - Processing file /home/airflow/.local/lib/python3.7/site-packages/airflow/example_dags/example_kubernetes_executor.py for tasks to queue
[2022-07-06 20:19:50,954] {logging_mixin.py:115} INFO - [2022-07-06 20:19:50,953] {dagbag.py:507} INFO - Filling up the DagBag from /home/airflow/.local/lib/python3.7/site-packages/airflow/example_dags/example_kubernetes_executor.py
[2022-07-06 20:19:51,003] {processor.py:651} INFO - DAG(s) dict_keys(['example_kubernetes_executor']) retrieved from /home/airflow/.local/lib/python3.7/site-packages/airflow/example_dags/example_kubernetes_executor.py
[2022-07-06 20:19:51,057] {logging_mixin.py:115} INFO - [2022-07-06 20:19:51,057] {dag.py:2379} INFO - Sync 1 DAGs
[2022-07-06 20:19:51,106] {logging_mixin.py:115} INFO - [2022-07-06 20:19:51,106] {dag.py:2931} INFO - Setting next_dagrun for example_kubernetes_executor to None, run_after=None
[2022-07-06 20:19:51,141] {processor.py:161} INFO - Processing /home/airflow/.local/lib/python3.7/site-packages/airflow/example_dags/example_kubernetes_executor.py took 0.193 seconds
[2022-07-06 20:20:24,903] {processor.py:153} INFO - Started process (PID=2599) to work on /home/airflow/.local/lib/python3.7/site-packages/airflow/example_dags/example_kubernetes_executor.py
[2022-07-06 20:20:24,922] {processor.py:641} INFO - Processing file /home/airflow/.local/lib/python3.7/site-packages/airflow/example_dags/example_kubernetes_executor.py for tasks to queue
[2022-07-06 20:20:24,923] {logging_mixin.py:115} INFO - [2022-07-06 20:20:24,923] {dagbag.py:507} INFO - Filling up the DagBag from /home/airflow/.local/lib/python3.7/site-packages/airflow/example_dags/example_kubernetes_executor.py
[2022-07-06 20:20:24,986] {processor.py:651} INFO - DAG(s) dict_keys(['example_kubernetes_executor']) retrieved from /home/airflow/.local/lib/python3.7/site-packages/airflow/example_dags/example_kubernetes_executor.py
[2022-07-06 20:20:25,054] {logging_mixin.py:115} INFO - [2022-07-06 20:20:25,054] {dag.py:2379} INFO - Sync 1 DAGs
[2022-07-06 20:20:25,102] {logging_mixin.py:115} INFO - [2022-07-06 20:20:25,102] {dag.py:2931} INFO - Setting next_dagrun for example_kubernetes_executor to None, run_after=None
[2022-07-06 20:20:25,146] {processor.py:161} INFO - Processing /home/airflow/.local/lib/python3.7/site-packages/airflow/example_dags/example_kubernetes_executor.py took 0.249 seconds
[2022-07-06 20:20:55,831] {processor.py:153} INFO - Started process (PID=2652) to work on /home/airflow/.local/lib/python3.7/site-packages/airflow/example_dags/example_kubernetes_executor.py
[2022-07-06 20:20:55,831] {processor.py:641} INFO - Processing file /home/airflow/.local/lib/python3.7/site-packages/airflow/example_dags/example_kubernetes_executor.py for tasks to queue
[2022-07-06 20:20:55,832] {logging_mixin.py:115} INFO - [2022-07-06 20:20:55,832] {dagbag.py:507} INFO - Filling up the DagBag from /home/airflow/.local/lib/python3.7/site-packages/airflow/example_dags/example_kubernetes_executor.py
[2022-07-06 20:20:55,866] {processor.py:651} INFO - DAG(s) dict_keys(['example_kubernetes_executor']) retrieved from /home/airflow/.local/lib/python3.7/site-packages/airflow/example_dags/example_kubernetes_executor.py
[2022-07-06 20:20:55,901] {logging_mixin.py:115} INFO - [2022-07-06 20:20:55,901] {dag.py:2379} INFO - Sync 1 DAGs
[2022-07-06 20:20:55,931] {logging_mixin.py:115} INFO - [2022-07-06 20:20:55,931] {dag.py:2931} INFO - Setting next_dagrun for example_kubernetes_executor to None, run_after=None
[2022-07-06 20:20:55,977] {processor.py:161} INFO - Processing /home/airflow/.local/lib/python3.7/site-packages/airflow/example_dags/example_kubernetes_executor.py took 0.151 seconds
[2022-07-06 20:21:27,058] {processor.py:153} INFO - Started process (PID=2704) to work on /home/airflow/.local/lib/python3.7/site-packages/airflow/example_dags/example_kubernetes_executor.py
[2022-07-06 20:21:27,069] {processor.py:641} INFO - Processing file /home/airflow/.local/lib/python3.7/site-packages/airflow/example_dags/example_kubernetes_executor.py for tasks to queue
[2022-07-06 20:21:27,070] {logging_mixin.py:115} INFO - [2022-07-06 20:21:27,070] {dagbag.py:507} INFO - Filling up the DagBag from /home/airflow/.local/lib/python3.7/site-packages/airflow/example_dags/example_kubernetes_executor.py
[2022-07-06 20:21:27,104] {processor.py:651} INFO - DAG(s) dict_keys(['example_kubernetes_executor']) retrieved from /home/airflow/.local/lib/python3.7/site-packages/airflow/example_dags/example_kubernetes_executor.py
[2022-07-06 20:21:27,136] {logging_mixin.py:115} INFO - [2022-07-06 20:21:27,136] {dag.py:2379} INFO - Sync 1 DAGs
[2022-07-06 20:21:27,169] {logging_mixin.py:115} INFO - [2022-07-06 20:21:27,169] {dag.py:2931} INFO - Setting next_dagrun for example_kubernetes_executor to None, run_after=None
[2022-07-06 20:21:27,195] {processor.py:161} INFO - Processing /home/airflow/.local/lib/python3.7/site-packages/airflow/example_dags/example_kubernetes_executor.py took 0.141 seconds
[2022-07-06 20:21:58,339] {processor.py:153} INFO - Started process (PID=2763) to work on /home/airflow/.local/lib/python3.7/site-packages/airflow/example_dags/example_kubernetes_executor.py
[2022-07-06 20:21:58,339] {processor.py:641} INFO - Processing file /home/airflow/.local/lib/python3.7/site-packages/airflow/example_dags/example_kubernetes_executor.py for tasks to queue
[2022-07-06 20:21:58,340] {logging_mixin.py:115} INFO - [2022-07-06 20:21:58,340] {dagbag.py:507} INFO - Filling up the DagBag from /home/airflow/.local/lib/python3.7/site-packages/airflow/example_dags/example_kubernetes_executor.py
[2022-07-06 20:21:58,378] {processor.py:651} INFO - DAG(s) dict_keys(['example_kubernetes_executor']) retrieved from /home/airflow/.local/lib/python3.7/site-packages/airflow/example_dags/example_kubernetes_executor.py
[2022-07-06 20:21:58,411] {logging_mixin.py:115} INFO - [2022-07-06 20:21:58,411] {dag.py:2379} INFO - Sync 1 DAGs
[2022-07-06 20:21:58,441] {logging_mixin.py:115} INFO - [2022-07-06 20:21:58,441] {dag.py:2931} INFO - Setting next_dagrun for example_kubernetes_executor to None, run_after=None
[2022-07-06 20:21:58,492] {processor.py:161} INFO - Processing /home/airflow/.local/lib/python3.7/site-packages/airflow/example_dags/example_kubernetes_executor.py took 0.158 seconds
[2022-07-06 20:22:36,192] {processor.py:153} INFO - Started process (PID=2814) to work on /home/airflow/.local/lib/python3.7/site-packages/airflow/example_dags/example_kubernetes_executor.py
[2022-07-06 20:22:36,207] {processor.py:641} INFO - Processing file /home/airflow/.local/lib/python3.7/site-packages/airflow/example_dags/example_kubernetes_executor.py for tasks to queue
[2022-07-06 20:22:36,208] {logging_mixin.py:115} INFO - [2022-07-06 20:22:36,208] {dagbag.py:507} INFO - Filling up the DagBag from /home/airflow/.local/lib/python3.7/site-packages/airflow/example_dags/example_kubernetes_executor.py
[2022-07-06 20:22:36,261] {processor.py:651} INFO - DAG(s) dict_keys(['example_kubernetes_executor']) retrieved from /home/airflow/.local/lib/python3.7/site-packages/airflow/example_dags/example_kubernetes_executor.py
[2022-07-06 20:22:36,321] {logging_mixin.py:115} INFO - [2022-07-06 20:22:36,320] {dag.py:2379} INFO - Sync 1 DAGs
[2022-07-06 20:22:36,357] {logging_mixin.py:115} INFO - [2022-07-06 20:22:36,357] {dag.py:2931} INFO - Setting next_dagrun for example_kubernetes_executor to None, run_after=None
[2022-07-06 20:22:36,394] {processor.py:161} INFO - Processing /home/airflow/.local/lib/python3.7/site-packages/airflow/example_dags/example_kubernetes_executor.py took 0.207 seconds
[2022-07-06 20:23:07,809] {processor.py:153} INFO - Started process (PID=2872) to work on /home/airflow/.local/lib/python3.7/site-packages/airflow/example_dags/example_kubernetes_executor.py
[2022-07-06 20:23:07,878] {processor.py:641} INFO - Processing file /home/airflow/.local/lib/python3.7/site-packages/airflow/example_dags/example_kubernetes_executor.py for tasks to queue
[2022-07-06 20:23:07,879] {logging_mixin.py:115} INFO - [2022-07-06 20:23:07,879] {dagbag.py:507} INFO - Filling up the DagBag from /home/airflow/.local/lib/python3.7/site-packages/airflow/example_dags/example_kubernetes_executor.py
[2022-07-06 20:23:07,944] {processor.py:651} INFO - DAG(s) dict_keys(['example_kubernetes_executor']) retrieved from /home/airflow/.local/lib/python3.7/site-packages/airflow/example_dags/example_kubernetes_executor.py
[2022-07-06 20:23:07,995] {logging_mixin.py:115} INFO - [2022-07-06 20:23:07,995] {dag.py:2379} INFO - Sync 1 DAGs
[2022-07-06 20:23:08,046] {logging_mixin.py:115} INFO - [2022-07-06 20:23:08,046] {dag.py:2931} INFO - Setting next_dagrun for example_kubernetes_executor to None, run_after=None
[2022-07-06 20:23:08,080] {processor.py:161} INFO - Processing /home/airflow/.local/lib/python3.7/site-packages/airflow/example_dags/example_kubernetes_executor.py took 0.276 seconds
[2022-07-06 20:23:38,355] {processor.py:153} INFO - Started process (PID=2925) to work on /home/airflow/.local/lib/python3.7/site-packages/airflow/example_dags/example_kubernetes_executor.py
[2022-07-06 20:23:38,356] {processor.py:641} INFO - Processing file /home/airflow/.local/lib/python3.7/site-packages/airflow/example_dags/example_kubernetes_executor.py for tasks to queue
[2022-07-06 20:23:38,358] {logging_mixin.py:115} INFO - [2022-07-06 20:23:38,358] {dagbag.py:507} INFO - Filling up the DagBag from /home/airflow/.local/lib/python3.7/site-packages/airflow/example_dags/example_kubernetes_executor.py
[2022-07-06 20:23:38,418] {processor.py:651} INFO - DAG(s) dict_keys(['example_kubernetes_executor']) retrieved from /home/airflow/.local/lib/python3.7/site-packages/airflow/example_dags/example_kubernetes_executor.py
[2022-07-06 20:23:38,566] {logging_mixin.py:115} INFO - [2022-07-06 20:23:38,565] {dag.py:2379} INFO - Sync 1 DAGs
[2022-07-06 20:23:38,605] {logging_mixin.py:115} INFO - [2022-07-06 20:23:38,605] {dag.py:2931} INFO - Setting next_dagrun for example_kubernetes_executor to None, run_after=None
[2022-07-06 20:23:38,654] {processor.py:161} INFO - Processing /home/airflow/.local/lib/python3.7/site-packages/airflow/example_dags/example_kubernetes_executor.py took 0.310 seconds
[2022-07-06 20:24:09,965] {processor.py:153} INFO - Started process (PID=2977) to work on /home/airflow/.local/lib/python3.7/site-packages/airflow/example_dags/example_kubernetes_executor.py
[2022-07-06 20:24:09,981] {processor.py:641} INFO - Processing file /home/airflow/.local/lib/python3.7/site-packages/airflow/example_dags/example_kubernetes_executor.py for tasks to queue
[2022-07-06 20:24:09,983] {logging_mixin.py:115} INFO - [2022-07-06 20:24:09,983] {dagbag.py:507} INFO - Filling up the DagBag from /home/airflow/.local/lib/python3.7/site-packages/airflow/example_dags/example_kubernetes_executor.py
[2022-07-06 20:24:10,041] {processor.py:651} INFO - DAG(s) dict_keys(['example_kubernetes_executor']) retrieved from /home/airflow/.local/lib/python3.7/site-packages/airflow/example_dags/example_kubernetes_executor.py
[2022-07-06 20:24:10,089] {logging_mixin.py:115} INFO - [2022-07-06 20:24:10,089] {dag.py:2379} INFO - Sync 1 DAGs
[2022-07-06 20:24:10,129] {logging_mixin.py:115} INFO - [2022-07-06 20:24:10,129] {dag.py:2931} INFO - Setting next_dagrun for example_kubernetes_executor to None, run_after=None
[2022-07-06 20:24:10,210] {processor.py:161} INFO - Processing /home/airflow/.local/lib/python3.7/site-packages/airflow/example_dags/example_kubernetes_executor.py took 0.251 seconds
[2022-07-06 20:24:43,724] {processor.py:153} INFO - Started process (PID=3043) to work on /home/airflow/.local/lib/python3.7/site-packages/airflow/example_dags/example_kubernetes_executor.py
[2022-07-06 20:24:43,726] {processor.py:641} INFO - Processing file /home/airflow/.local/lib/python3.7/site-packages/airflow/example_dags/example_kubernetes_executor.py for tasks to queue
[2022-07-06 20:24:43,727] {logging_mixin.py:115} INFO - [2022-07-06 20:24:43,727] {dagbag.py:507} INFO - Filling up the DagBag from /home/airflow/.local/lib/python3.7/site-packages/airflow/example_dags/example_kubernetes_executor.py
[2022-07-06 20:24:43,848] {processor.py:651} INFO - DAG(s) dict_keys(['example_kubernetes_executor']) retrieved from /home/airflow/.local/lib/python3.7/site-packages/airflow/example_dags/example_kubernetes_executor.py
[2022-07-06 20:24:43,913] {logging_mixin.py:115} INFO - [2022-07-06 20:24:43,913] {dag.py:2379} INFO - Sync 1 DAGs
[2022-07-06 20:24:43,978] {logging_mixin.py:115} INFO - [2022-07-06 20:24:43,978] {dag.py:2931} INFO - Setting next_dagrun for example_kubernetes_executor to None, run_after=None
[2022-07-06 20:24:44,034] {processor.py:161} INFO - Processing /home/airflow/.local/lib/python3.7/site-packages/airflow/example_dags/example_kubernetes_executor.py took 0.316 seconds
[2022-07-06 20:25:14,230] {processor.py:153} INFO - Started process (PID=3095) to work on /home/airflow/.local/lib/python3.7/site-packages/airflow/example_dags/example_kubernetes_executor.py
[2022-07-06 20:25:14,231] {processor.py:641} INFO - Processing file /home/airflow/.local/lib/python3.7/site-packages/airflow/example_dags/example_kubernetes_executor.py for tasks to queue
[2022-07-06 20:25:14,232] {logging_mixin.py:115} INFO - [2022-07-06 20:25:14,232] {dagbag.py:507} INFO - Filling up the DagBag from /home/airflow/.local/lib/python3.7/site-packages/airflow/example_dags/example_kubernetes_executor.py
[2022-07-06 20:25:14,288] {processor.py:651} INFO - DAG(s) dict_keys(['example_kubernetes_executor']) retrieved from /home/airflow/.local/lib/python3.7/site-packages/airflow/example_dags/example_kubernetes_executor.py
[2022-07-06 20:25:14,338] {logging_mixin.py:115} INFO - [2022-07-06 20:25:14,338] {dag.py:2379} INFO - Sync 1 DAGs
[2022-07-06 20:25:14,379] {logging_mixin.py:115} INFO - [2022-07-06 20:25:14,379] {dag.py:2931} INFO - Setting next_dagrun for example_kubernetes_executor to None, run_after=None
[2022-07-06 20:25:14,432] {processor.py:161} INFO - Processing /home/airflow/.local/lib/python3.7/site-packages/airflow/example_dags/example_kubernetes_executor.py took 0.207 seconds
[2022-07-06 20:25:44,950] {processor.py:153} INFO - Started process (PID=3158) to work on /home/airflow/.local/lib/python3.7/site-packages/airflow/example_dags/example_kubernetes_executor.py
[2022-07-06 20:25:44,971] {processor.py:641} INFO - Processing file /home/airflow/.local/lib/python3.7/site-packages/airflow/example_dags/example_kubernetes_executor.py for tasks to queue
[2022-07-06 20:25:44,971] {logging_mixin.py:115} INFO - [2022-07-06 20:25:44,971] {dagbag.py:507} INFO - Filling up the DagBag from /home/airflow/.local/lib/python3.7/site-packages/airflow/example_dags/example_kubernetes_executor.py
[2022-07-06 20:25:45,030] {processor.py:651} INFO - DAG(s) dict_keys(['example_kubernetes_executor']) retrieved from /home/airflow/.local/lib/python3.7/site-packages/airflow/example_dags/example_kubernetes_executor.py
[2022-07-06 20:25:45,068] {logging_mixin.py:115} INFO - [2022-07-06 20:25:45,068] {dag.py:2379} INFO - Sync 1 DAGs
[2022-07-06 20:25:45,104] {logging_mixin.py:115} INFO - [2022-07-06 20:25:45,104] {dag.py:2931} INFO - Setting next_dagrun for example_kubernetes_executor to None, run_after=None
[2022-07-06 20:25:45,133] {processor.py:161} INFO - Processing /home/airflow/.local/lib/python3.7/site-packages/airflow/example_dags/example_kubernetes_executor.py took 0.187 seconds
[2022-07-06 20:26:17,090] {processor.py:153} INFO - Started process (PID=3209) to work on /home/airflow/.local/lib/python3.7/site-packages/airflow/example_dags/example_kubernetes_executor.py
[2022-07-06 20:26:17,091] {processor.py:641} INFO - Processing file /home/airflow/.local/lib/python3.7/site-packages/airflow/example_dags/example_kubernetes_executor.py for tasks to queue
[2022-07-06 20:26:17,097] {logging_mixin.py:115} INFO - [2022-07-06 20:26:17,097] {dagbag.py:507} INFO - Filling up the DagBag from /home/airflow/.local/lib/python3.7/site-packages/airflow/example_dags/example_kubernetes_executor.py
[2022-07-06 20:26:17,223] {processor.py:651} INFO - DAG(s) dict_keys(['example_kubernetes_executor']) retrieved from /home/airflow/.local/lib/python3.7/site-packages/airflow/example_dags/example_kubernetes_executor.py
[2022-07-06 20:26:17,334] {logging_mixin.py:115} INFO - [2022-07-06 20:26:17,333] {dag.py:2379} INFO - Sync 1 DAGs
[2022-07-06 20:26:17,438] {logging_mixin.py:115} INFO - [2022-07-06 20:26:17,438] {dag.py:2931} INFO - Setting next_dagrun for example_kubernetes_executor to None, run_after=None
[2022-07-06 20:26:17,532] {processor.py:161} INFO - Processing /home/airflow/.local/lib/python3.7/site-packages/airflow/example_dags/example_kubernetes_executor.py took 0.453 seconds
[2022-07-06 20:26:47,940] {processor.py:153} INFO - Started process (PID=3272) to work on /home/airflow/.local/lib/python3.7/site-packages/airflow/example_dags/example_kubernetes_executor.py
[2022-07-06 20:26:47,958] {processor.py:641} INFO - Processing file /home/airflow/.local/lib/python3.7/site-packages/airflow/example_dags/example_kubernetes_executor.py for tasks to queue
[2022-07-06 20:26:47,959] {logging_mixin.py:115} INFO - [2022-07-06 20:26:47,959] {dagbag.py:507} INFO - Filling up the DagBag from /home/airflow/.local/lib/python3.7/site-packages/airflow/example_dags/example_kubernetes_executor.py
[2022-07-06 20:26:47,999] {processor.py:651} INFO - DAG(s) dict_keys(['example_kubernetes_executor']) retrieved from /home/airflow/.local/lib/python3.7/site-packages/airflow/example_dags/example_kubernetes_executor.py
[2022-07-06 20:26:48,045] {logging_mixin.py:115} INFO - [2022-07-06 20:26:48,045] {dag.py:2379} INFO - Sync 1 DAGs
[2022-07-06 20:26:48,089] {logging_mixin.py:115} INFO - [2022-07-06 20:26:48,089] {dag.py:2931} INFO - Setting next_dagrun for example_kubernetes_executor to None, run_after=None
[2022-07-06 20:26:48,118] {processor.py:161} INFO - Processing /home/airflow/.local/lib/python3.7/site-packages/airflow/example_dags/example_kubernetes_executor.py took 0.183 seconds
