[2022-07-06 19:39:37,215] {processor.py:153} INFO - Started process (PID=174) to work on /home/airflow/.local/lib/python3.7/site-packages/airflow/example_dags/example_xcom.py
[2022-07-06 19:39:37,215] {processor.py:641} INFO - Processing file /home/airflow/.local/lib/python3.7/site-packages/airflow/example_dags/example_xcom.py for tasks to queue
[2022-07-06 19:39:37,216] {logging_mixin.py:115} INFO - [2022-07-06 19:39:37,216] {dagbag.py:507} INFO - Filling up the DagBag from /home/airflow/.local/lib/python3.7/site-packages/airflow/example_dags/example_xcom.py
[2022-07-06 19:39:37,626] {processor.py:651} INFO - DAG(s) dict_keys(['example_xcom']) retrieved from /home/airflow/.local/lib/python3.7/site-packages/airflow/example_dags/example_xcom.py
[2022-07-06 19:39:38,468] {logging_mixin.py:115} INFO - [2022-07-06 19:39:38,468] {manager.py:508} INFO - Created Permission View: can delete on DAG:example_xcom
[2022-07-06 19:39:39,146] {logging_mixin.py:115} INFO - [2022-07-06 19:39:39,145] {manager.py:508} INFO - Created Permission View: can edit on DAG:example_xcom
[2022-07-06 19:39:39,696] {logging_mixin.py:115} INFO - [2022-07-06 19:39:39,696] {manager.py:508} INFO - Created Permission View: can read on DAG:example_xcom
[2022-07-06 19:39:39,697] {logging_mixin.py:115} INFO - [2022-07-06 19:39:39,697] {dag.py:2379} INFO - Sync 1 DAGs
[2022-07-06 19:39:39,724] {logging_mixin.py:115} INFO - [2022-07-06 19:39:39,724] {dag.py:2398} INFO - Creating ORM DAG for example_xcom
[2022-07-06 19:39:39,742] {logging_mixin.py:115} INFO - [2022-07-06 19:39:39,742] {dag.py:2931} INFO - Setting next_dagrun for example_xcom to 2021-01-01T00:00:00+00:00, run_after=2021-01-01T00:00:00+00:00
[2022-07-06 19:39:40,517] {processor.py:161} INFO - Processing /home/airflow/.local/lib/python3.7/site-packages/airflow/example_dags/example_xcom.py took 3.306 seconds
[2022-07-06 19:40:10,754] {processor.py:153} INFO - Started process (PID=223) to work on /home/airflow/.local/lib/python3.7/site-packages/airflow/example_dags/example_xcom.py
[2022-07-06 19:40:10,868] {processor.py:641} INFO - Processing file /home/airflow/.local/lib/python3.7/site-packages/airflow/example_dags/example_xcom.py for tasks to queue
[2022-07-06 19:40:10,870] {logging_mixin.py:115} INFO - [2022-07-06 19:40:10,870] {dagbag.py:507} INFO - Filling up the DagBag from /home/airflow/.local/lib/python3.7/site-packages/airflow/example_dags/example_xcom.py
[2022-07-06 19:40:10,954] {processor.py:651} INFO - DAG(s) dict_keys(['example_xcom']) retrieved from /home/airflow/.local/lib/python3.7/site-packages/airflow/example_dags/example_xcom.py
[2022-07-06 19:40:11,387] {logging_mixin.py:115} INFO - [2022-07-06 19:40:11,387] {dag.py:2379} INFO - Sync 1 DAGs
[2022-07-06 19:40:11,408] {logging_mixin.py:115} INFO - [2022-07-06 19:40:11,408] {dag.py:2931} INFO - Setting next_dagrun for example_xcom to 2021-01-01T00:00:00+00:00, run_after=2021-01-01T00:00:00+00:00
[2022-07-06 19:40:11,661] {processor.py:161} INFO - Processing /home/airflow/.local/lib/python3.7/site-packages/airflow/example_dags/example_xcom.py took 0.917 seconds
[2022-07-06 19:40:42,442] {processor.py:153} INFO - Started process (PID=286) to work on /home/airflow/.local/lib/python3.7/site-packages/airflow/example_dags/example_xcom.py
[2022-07-06 19:40:42,450] {processor.py:641} INFO - Processing file /home/airflow/.local/lib/python3.7/site-packages/airflow/example_dags/example_xcom.py for tasks to queue
[2022-07-06 19:40:42,451] {logging_mixin.py:115} INFO - [2022-07-06 19:40:42,451] {dagbag.py:507} INFO - Filling up the DagBag from /home/airflow/.local/lib/python3.7/site-packages/airflow/example_dags/example_xcom.py
[2022-07-06 19:40:42,489] {processor.py:651} INFO - DAG(s) dict_keys(['example_xcom']) retrieved from /home/airflow/.local/lib/python3.7/site-packages/airflow/example_dags/example_xcom.py
[2022-07-06 19:40:42,605] {logging_mixin.py:115} INFO - [2022-07-06 19:40:42,605] {dag.py:2379} INFO - Sync 1 DAGs
[2022-07-06 19:40:42,628] {logging_mixin.py:115} INFO - [2022-07-06 19:40:42,628] {dag.py:2931} INFO - Setting next_dagrun for example_xcom to 2021-01-01T00:00:00+00:00, run_after=2021-01-01T00:00:00+00:00
[2022-07-06 19:40:42,748] {processor.py:161} INFO - Processing /home/airflow/.local/lib/python3.7/site-packages/airflow/example_dags/example_xcom.py took 0.309 seconds
[2022-07-06 19:41:13,369] {processor.py:153} INFO - Started process (PID=337) to work on /home/airflow/.local/lib/python3.7/site-packages/airflow/example_dags/example_xcom.py
[2022-07-06 19:41:13,370] {processor.py:641} INFO - Processing file /home/airflow/.local/lib/python3.7/site-packages/airflow/example_dags/example_xcom.py for tasks to queue
[2022-07-06 19:41:13,371] {logging_mixin.py:115} INFO - [2022-07-06 19:41:13,370] {dagbag.py:507} INFO - Filling up the DagBag from /home/airflow/.local/lib/python3.7/site-packages/airflow/example_dags/example_xcom.py
[2022-07-06 19:41:13,425] {processor.py:651} INFO - DAG(s) dict_keys(['example_xcom']) retrieved from /home/airflow/.local/lib/python3.7/site-packages/airflow/example_dags/example_xcom.py
[2022-07-06 19:41:13,519] {logging_mixin.py:115} INFO - [2022-07-06 19:41:13,519] {dag.py:2379} INFO - Sync 1 DAGs
[2022-07-06 19:41:13,747] {logging_mixin.py:115} INFO - [2022-07-06 19:41:13,747] {dag.py:2931} INFO - Setting next_dagrun for example_xcom to 2021-01-01T00:00:00+00:00, run_after=2021-01-01T00:00:00+00:00
[2022-07-06 19:41:13,825] {processor.py:161} INFO - Processing /home/airflow/.local/lib/python3.7/site-packages/airflow/example_dags/example_xcom.py took 0.471 seconds
[2022-07-06 19:41:48,894] {processor.py:153} INFO - Started process (PID=380) to work on /home/airflow/.local/lib/python3.7/site-packages/airflow/example_dags/example_xcom.py
[2022-07-06 19:41:49,087] {processor.py:641} INFO - Processing file /home/airflow/.local/lib/python3.7/site-packages/airflow/example_dags/example_xcom.py for tasks to queue
[2022-07-06 19:41:49,089] {logging_mixin.py:115} INFO - [2022-07-06 19:41:49,089] {dagbag.py:507} INFO - Filling up the DagBag from /home/airflow/.local/lib/python3.7/site-packages/airflow/example_dags/example_xcom.py
[2022-07-06 19:41:49,472] {processor.py:651} INFO - DAG(s) dict_keys(['example_xcom']) retrieved from /home/airflow/.local/lib/python3.7/site-packages/airflow/example_dags/example_xcom.py
[2022-07-06 19:41:49,557] {logging_mixin.py:115} INFO - [2022-07-06 19:41:49,557] {dag.py:2379} INFO - Sync 1 DAGs
[2022-07-06 19:41:49,578] {logging_mixin.py:115} INFO - [2022-07-06 19:41:49,578] {dag.py:2931} INFO - Setting next_dagrun for example_xcom to 2021-01-01T00:00:00+00:00, run_after=2021-01-01T00:00:00+00:00
[2022-07-06 19:41:49,786] {processor.py:161} INFO - Processing /home/airflow/.local/lib/python3.7/site-packages/airflow/example_dags/example_xcom.py took 0.894 seconds
[2022-07-06 19:45:27,059] {processor.py:153} INFO - Started process (PID=484) to work on /home/airflow/.local/lib/python3.7/site-packages/airflow/example_dags/example_xcom.py
[2022-07-06 19:45:27,388] {processor.py:641} INFO - Processing file /home/airflow/.local/lib/python3.7/site-packages/airflow/example_dags/example_xcom.py for tasks to queue
[2022-07-06 19:45:27,389] {logging_mixin.py:115} INFO - [2022-07-06 19:45:27,389] {dagbag.py:507} INFO - Filling up the DagBag from /home/airflow/.local/lib/python3.7/site-packages/airflow/example_dags/example_xcom.py
[2022-07-06 19:45:34,984] {processor.py:651} INFO - DAG(s) dict_keys(['example_xcom']) retrieved from /home/airflow/.local/lib/python3.7/site-packages/airflow/example_dags/example_xcom.py
[2022-07-06 19:45:44,981] {logging_mixin.py:115} INFO - [2022-07-06 19:45:44,981] {dag.py:2379} INFO - Sync 1 DAGs
[2022-07-06 19:45:45,926] {logging_mixin.py:115} INFO - [2022-07-06 19:45:45,925] {dag.py:2931} INFO - Setting next_dagrun for example_xcom to 2021-01-01T00:00:00+00:00, run_after=2021-01-01T00:00:00+00:00
[2022-07-06 19:45:47,105] {processor.py:161} INFO - Processing /home/airflow/.local/lib/python3.7/site-packages/airflow/example_dags/example_xcom.py took 20.056 seconds
[2022-07-06 19:54:41,462] {processor.py:153} INFO - Started process (PID=148) to work on /home/airflow/.local/lib/python3.7/site-packages/airflow/example_dags/example_xcom.py
[2022-07-06 19:54:41,523] {processor.py:641} INFO - Processing file /home/airflow/.local/lib/python3.7/site-packages/airflow/example_dags/example_xcom.py for tasks to queue
[2022-07-06 19:54:41,524] {logging_mixin.py:115} INFO - [2022-07-06 19:54:41,524] {dagbag.py:507} INFO - Filling up the DagBag from /home/airflow/.local/lib/python3.7/site-packages/airflow/example_dags/example_xcom.py
[2022-07-06 19:54:41,559] {processor.py:651} INFO - DAG(s) dict_keys(['example_xcom']) retrieved from /home/airflow/.local/lib/python3.7/site-packages/airflow/example_dags/example_xcom.py
[2022-07-06 19:54:41,669] {logging_mixin.py:115} INFO - [2022-07-06 19:54:41,669] {dag.py:2379} INFO - Sync 1 DAGs
[2022-07-06 19:54:41,710] {logging_mixin.py:115} INFO - [2022-07-06 19:54:41,710] {dag.py:2931} INFO - Setting next_dagrun for example_xcom to 2021-01-01T00:00:00+00:00, run_after=2021-01-01T00:00:00+00:00
[2022-07-06 19:54:41,918] {processor.py:161} INFO - Processing /home/airflow/.local/lib/python3.7/site-packages/airflow/example_dags/example_xcom.py took 0.460 seconds
[2022-07-06 19:55:40,596] {processor.py:153} INFO - Started process (PID=219) to work on /home/airflow/.local/lib/python3.7/site-packages/airflow/example_dags/example_xcom.py
[2022-07-06 19:55:40,974] {processor.py:641} INFO - Processing file /home/airflow/.local/lib/python3.7/site-packages/airflow/example_dags/example_xcom.py for tasks to queue
[2022-07-06 19:55:40,976] {logging_mixin.py:115} INFO - [2022-07-06 19:55:40,976] {dagbag.py:507} INFO - Filling up the DagBag from /home/airflow/.local/lib/python3.7/site-packages/airflow/example_dags/example_xcom.py
[2022-07-06 19:55:43,447] {processor.py:651} INFO - DAG(s) dict_keys(['example_xcom']) retrieved from /home/airflow/.local/lib/python3.7/site-packages/airflow/example_dags/example_xcom.py
[2022-07-06 19:55:44,717] {logging_mixin.py:115} INFO - [2022-07-06 19:55:44,717] {dag.py:2379} INFO - Sync 1 DAGs
[2022-07-06 19:55:44,792] {logging_mixin.py:115} INFO - [2022-07-06 19:55:44,792] {dag.py:2931} INFO - Setting next_dagrun for example_xcom to 2021-01-01T00:00:00+00:00, run_after=2021-01-01T00:00:00+00:00
[2022-07-06 19:58:15,143] {processor.py:153} INFO - Started process (PID=355) to work on /home/airflow/.local/lib/python3.7/site-packages/airflow/example_dags/example_xcom.py
[2022-07-06 19:58:15,180] {processor.py:641} INFO - Processing file /home/airflow/.local/lib/python3.7/site-packages/airflow/example_dags/example_xcom.py for tasks to queue
[2022-07-06 19:58:15,182] {logging_mixin.py:115} INFO - [2022-07-06 19:58:15,182] {dagbag.py:507} INFO - Filling up the DagBag from /home/airflow/.local/lib/python3.7/site-packages/airflow/example_dags/example_xcom.py
[2022-07-06 19:58:15,212] {processor.py:651} INFO - DAG(s) dict_keys(['example_xcom']) retrieved from /home/airflow/.local/lib/python3.7/site-packages/airflow/example_dags/example_xcom.py
[2022-07-06 19:58:15,310] {logging_mixin.py:115} INFO - [2022-07-06 19:58:15,310] {dag.py:2379} INFO - Sync 1 DAGs
[2022-07-06 19:58:15,348] {logging_mixin.py:115} INFO - [2022-07-06 19:58:15,347] {dag.py:2931} INFO - Setting next_dagrun for example_xcom to 2021-01-01T00:00:00+00:00, run_after=2021-01-01T00:00:00+00:00
[2022-07-06 19:58:26,377] {processor.py:161} INFO - Processing /home/airflow/.local/lib/python3.7/site-packages/airflow/example_dags/example_xcom.py took 11.239 seconds
[2022-07-06 19:58:56,907] {processor.py:153} INFO - Started process (PID=420) to work on /home/airflow/.local/lib/python3.7/site-packages/airflow/example_dags/example_xcom.py
[2022-07-06 19:58:57,225] {processor.py:641} INFO - Processing file /home/airflow/.local/lib/python3.7/site-packages/airflow/example_dags/example_xcom.py for tasks to queue
[2022-07-06 19:58:57,228] {logging_mixin.py:115} INFO - [2022-07-06 19:58:57,227] {dagbag.py:507} INFO - Filling up the DagBag from /home/airflow/.local/lib/python3.7/site-packages/airflow/example_dags/example_xcom.py
[2022-07-06 19:58:57,300] {processor.py:651} INFO - DAG(s) dict_keys(['example_xcom']) retrieved from /home/airflow/.local/lib/python3.7/site-packages/airflow/example_dags/example_xcom.py
[2022-07-06 19:58:57,551] {logging_mixin.py:115} INFO - [2022-07-06 19:58:57,551] {dag.py:2379} INFO - Sync 1 DAGs
[2022-07-06 19:58:57,578] {logging_mixin.py:115} INFO - [2022-07-06 19:58:57,578] {dag.py:2931} INFO - Setting next_dagrun for example_xcom to 2021-01-01T00:00:00+00:00, run_after=2021-01-01T00:00:00+00:00
[2022-07-06 19:59:00,218] {processor.py:161} INFO - Processing /home/airflow/.local/lib/python3.7/site-packages/airflow/example_dags/example_xcom.py took 3.315 seconds
[2022-07-06 20:00:00,417] {processor.py:153} INFO - Started process (PID=504) to work on /home/airflow/.local/lib/python3.7/site-packages/airflow/example_dags/example_xcom.py
[2022-07-06 20:00:00,497] {processor.py:641} INFO - Processing file /home/airflow/.local/lib/python3.7/site-packages/airflow/example_dags/example_xcom.py for tasks to queue
[2022-07-06 20:00:00,499] {logging_mixin.py:115} INFO - [2022-07-06 20:00:00,499] {dagbag.py:507} INFO - Filling up the DagBag from /home/airflow/.local/lib/python3.7/site-packages/airflow/example_dags/example_xcom.py
[2022-07-06 20:00:00,562] {processor.py:651} INFO - DAG(s) dict_keys(['example_xcom']) retrieved from /home/airflow/.local/lib/python3.7/site-packages/airflow/example_dags/example_xcom.py
[2022-07-06 20:00:00,699] {logging_mixin.py:115} INFO - [2022-07-06 20:00:00,699] {dag.py:2379} INFO - Sync 1 DAGs
[2022-07-06 20:00:00,953] {logging_mixin.py:115} INFO - [2022-07-06 20:00:00,953] {dag.py:2931} INFO - Setting next_dagrun for example_xcom to 2021-01-01T00:00:00+00:00, run_after=2021-01-01T00:00:00+00:00
[2022-07-06 20:00:01,063] {processor.py:161} INFO - Processing /home/airflow/.local/lib/python3.7/site-packages/airflow/example_dags/example_xcom.py took 0.654 seconds
[2022-07-06 20:00:31,118] {processor.py:153} INFO - Started process (PID=564) to work on /home/airflow/.local/lib/python3.7/site-packages/airflow/example_dags/example_xcom.py
[2022-07-06 20:00:31,119] {processor.py:641} INFO - Processing file /home/airflow/.local/lib/python3.7/site-packages/airflow/example_dags/example_xcom.py for tasks to queue
[2022-07-06 20:00:31,120] {logging_mixin.py:115} INFO - [2022-07-06 20:00:31,119] {dagbag.py:507} INFO - Filling up the DagBag from /home/airflow/.local/lib/python3.7/site-packages/airflow/example_dags/example_xcom.py
[2022-07-06 20:00:31,152] {processor.py:651} INFO - DAG(s) dict_keys(['example_xcom']) retrieved from /home/airflow/.local/lib/python3.7/site-packages/airflow/example_dags/example_xcom.py
[2022-07-06 20:00:31,280] {logging_mixin.py:115} INFO - [2022-07-06 20:00:31,280] {dag.py:2379} INFO - Sync 1 DAGs
[2022-07-06 20:00:31,456] {logging_mixin.py:115} INFO - [2022-07-06 20:00:31,456] {dag.py:2931} INFO - Setting next_dagrun for example_xcom to 2021-01-01T00:00:00+00:00, run_after=2021-01-01T00:00:00+00:00
[2022-07-06 20:00:31,480] {processor.py:161} INFO - Processing /home/airflow/.local/lib/python3.7/site-packages/airflow/example_dags/example_xcom.py took 0.367 seconds
[2022-07-06 20:01:13,775] {processor.py:153} INFO - Started process (PID=640) to work on /home/airflow/.local/lib/python3.7/site-packages/airflow/example_dags/example_xcom.py
[2022-07-06 20:01:13,791] {processor.py:641} INFO - Processing file /home/airflow/.local/lib/python3.7/site-packages/airflow/example_dags/example_xcom.py for tasks to queue
[2022-07-06 20:01:13,793] {logging_mixin.py:115} INFO - [2022-07-06 20:01:13,792] {dagbag.py:507} INFO - Filling up the DagBag from /home/airflow/.local/lib/python3.7/site-packages/airflow/example_dags/example_xcom.py
[2022-07-06 20:01:13,832] {processor.py:651} INFO - DAG(s) dict_keys(['example_xcom']) retrieved from /home/airflow/.local/lib/python3.7/site-packages/airflow/example_dags/example_xcom.py
[2022-07-06 20:01:13,980] {logging_mixin.py:115} INFO - [2022-07-06 20:01:13,980] {dag.py:2379} INFO - Sync 1 DAGs
[2022-07-06 20:01:14,169] {logging_mixin.py:115} INFO - [2022-07-06 20:01:14,169] {dag.py:2931} INFO - Setting next_dagrun for example_xcom to 2021-01-01T00:00:00+00:00, run_after=2021-01-01T00:00:00+00:00
[2022-07-06 20:01:14,257] {processor.py:161} INFO - Processing /home/airflow/.local/lib/python3.7/site-packages/airflow/example_dags/example_xcom.py took 0.495 seconds
[2022-07-06 20:01:54,971] {processor.py:153} INFO - Started process (PID=701) to work on /home/airflow/.local/lib/python3.7/site-packages/airflow/example_dags/example_xcom.py
[2022-07-06 20:01:54,985] {processor.py:641} INFO - Processing file /home/airflow/.local/lib/python3.7/site-packages/airflow/example_dags/example_xcom.py for tasks to queue
[2022-07-06 20:01:54,986] {logging_mixin.py:115} INFO - [2022-07-06 20:01:54,986] {dagbag.py:507} INFO - Filling up the DagBag from /home/airflow/.local/lib/python3.7/site-packages/airflow/example_dags/example_xcom.py
[2022-07-06 20:01:55,010] {processor.py:651} INFO - DAG(s) dict_keys(['example_xcom']) retrieved from /home/airflow/.local/lib/python3.7/site-packages/airflow/example_dags/example_xcom.py
[2022-07-06 20:01:55,097] {logging_mixin.py:115} INFO - [2022-07-06 20:01:55,097] {dag.py:2379} INFO - Sync 1 DAGs
[2022-07-06 20:01:55,244] {logging_mixin.py:115} INFO - [2022-07-06 20:01:55,244] {dag.py:2931} INFO - Setting next_dagrun for example_xcom to 2021-01-01T00:00:00+00:00, run_after=2021-01-01T00:00:00+00:00
[2022-07-06 20:01:55,281] {processor.py:161} INFO - Processing /home/airflow/.local/lib/python3.7/site-packages/airflow/example_dags/example_xcom.py took 0.314 seconds
[2022-07-06 20:02:26,522] {processor.py:153} INFO - Started process (PID=752) to work on /home/airflow/.local/lib/python3.7/site-packages/airflow/example_dags/example_xcom.py
[2022-07-06 20:02:26,522] {processor.py:641} INFO - Processing file /home/airflow/.local/lib/python3.7/site-packages/airflow/example_dags/example_xcom.py for tasks to queue
[2022-07-06 20:02:26,523] {logging_mixin.py:115} INFO - [2022-07-06 20:02:26,523] {dagbag.py:507} INFO - Filling up the DagBag from /home/airflow/.local/lib/python3.7/site-packages/airflow/example_dags/example_xcom.py
[2022-07-06 20:02:26,551] {processor.py:651} INFO - DAG(s) dict_keys(['example_xcom']) retrieved from /home/airflow/.local/lib/python3.7/site-packages/airflow/example_dags/example_xcom.py
[2022-07-06 20:02:26,680] {logging_mixin.py:115} INFO - [2022-07-06 20:02:26,679] {dag.py:2379} INFO - Sync 1 DAGs
[2022-07-06 20:02:26,917] {logging_mixin.py:115} INFO - [2022-07-06 20:02:26,917] {dag.py:2931} INFO - Setting next_dagrun for example_xcom to 2021-01-01T00:00:00+00:00, run_after=2021-01-01T00:00:00+00:00
[2022-07-06 20:02:26,954] {processor.py:161} INFO - Processing /home/airflow/.local/lib/python3.7/site-packages/airflow/example_dags/example_xcom.py took 0.436 seconds
[2022-07-06 20:03:01,472] {processor.py:153} INFO - Started process (PID=812) to work on /home/airflow/.local/lib/python3.7/site-packages/airflow/example_dags/example_xcom.py
[2022-07-06 20:03:01,672] {processor.py:641} INFO - Processing file /home/airflow/.local/lib/python3.7/site-packages/airflow/example_dags/example_xcom.py for tasks to queue
[2022-07-06 20:03:01,673] {logging_mixin.py:115} INFO - [2022-07-06 20:03:01,673] {dagbag.py:507} INFO - Filling up the DagBag from /home/airflow/.local/lib/python3.7/site-packages/airflow/example_dags/example_xcom.py
[2022-07-06 20:03:01,706] {processor.py:651} INFO - DAG(s) dict_keys(['example_xcom']) retrieved from /home/airflow/.local/lib/python3.7/site-packages/airflow/example_dags/example_xcom.py
[2022-07-06 20:03:01,812] {logging_mixin.py:115} INFO - [2022-07-06 20:03:01,812] {dag.py:2379} INFO - Sync 1 DAGs
[2022-07-06 20:03:02,005] {logging_mixin.py:115} INFO - [2022-07-06 20:03:02,005] {dag.py:2931} INFO - Setting next_dagrun for example_xcom to 2021-01-01T00:00:00+00:00, run_after=2021-01-01T00:00:00+00:00
[2022-07-06 20:03:02,155] {processor.py:161} INFO - Processing /home/airflow/.local/lib/python3.7/site-packages/airflow/example_dags/example_xcom.py took 0.687 seconds
[2022-07-06 20:03:32,908] {processor.py:153} INFO - Started process (PID=864) to work on /home/airflow/.local/lib/python3.7/site-packages/airflow/example_dags/example_xcom.py
[2022-07-06 20:03:32,909] {processor.py:641} INFO - Processing file /home/airflow/.local/lib/python3.7/site-packages/airflow/example_dags/example_xcom.py for tasks to queue
[2022-07-06 20:03:32,915] {logging_mixin.py:115} INFO - [2022-07-06 20:03:32,914] {dagbag.py:507} INFO - Filling up the DagBag from /home/airflow/.local/lib/python3.7/site-packages/airflow/example_dags/example_xcom.py
[2022-07-06 20:03:32,971] {processor.py:651} INFO - DAG(s) dict_keys(['example_xcom']) retrieved from /home/airflow/.local/lib/python3.7/site-packages/airflow/example_dags/example_xcom.py
[2022-07-06 20:03:33,174] {logging_mixin.py:115} INFO - [2022-07-06 20:03:33,174] {dag.py:2379} INFO - Sync 1 DAGs
[2022-07-06 20:03:33,416] {logging_mixin.py:115} INFO - [2022-07-06 20:03:33,416] {dag.py:2931} INFO - Setting next_dagrun for example_xcom to 2021-01-01T00:00:00+00:00, run_after=2021-01-01T00:00:00+00:00
[2022-07-06 20:03:33,466] {processor.py:161} INFO - Processing /home/airflow/.local/lib/python3.7/site-packages/airflow/example_dags/example_xcom.py took 0.570 seconds
[2022-07-06 20:04:03,576] {processor.py:153} INFO - Started process (PID=923) to work on /home/airflow/.local/lib/python3.7/site-packages/airflow/example_dags/example_xcom.py
[2022-07-06 20:04:03,599] {processor.py:641} INFO - Processing file /home/airflow/.local/lib/python3.7/site-packages/airflow/example_dags/example_xcom.py for tasks to queue
[2022-07-06 20:04:03,599] {logging_mixin.py:115} INFO - [2022-07-06 20:04:03,599] {dagbag.py:507} INFO - Filling up the DagBag from /home/airflow/.local/lib/python3.7/site-packages/airflow/example_dags/example_xcom.py
[2022-07-06 20:04:03,640] {processor.py:651} INFO - DAG(s) dict_keys(['example_xcom']) retrieved from /home/airflow/.local/lib/python3.7/site-packages/airflow/example_dags/example_xcom.py
[2022-07-06 20:04:03,958] {logging_mixin.py:115} INFO - [2022-07-06 20:04:03,958] {dag.py:2379} INFO - Sync 1 DAGs
[2022-07-06 20:04:04,811] {logging_mixin.py:115} INFO - [2022-07-06 20:04:04,811] {dag.py:2931} INFO - Setting next_dagrun for example_xcom to 2021-01-01T00:00:00+00:00, run_after=2021-01-01T00:00:00+00:00
[2022-07-06 20:04:05,344] {processor.py:161} INFO - Processing /home/airflow/.local/lib/python3.7/site-packages/airflow/example_dags/example_xcom.py took 1.774 seconds
[2022-07-06 20:04:35,831] {processor.py:153} INFO - Started process (PID=979) to work on /home/airflow/.local/lib/python3.7/site-packages/airflow/example_dags/example_xcom.py
[2022-07-06 20:04:35,845] {processor.py:641} INFO - Processing file /home/airflow/.local/lib/python3.7/site-packages/airflow/example_dags/example_xcom.py for tasks to queue
[2022-07-06 20:04:35,846] {logging_mixin.py:115} INFO - [2022-07-06 20:04:35,846] {dagbag.py:507} INFO - Filling up the DagBag from /home/airflow/.local/lib/python3.7/site-packages/airflow/example_dags/example_xcom.py
[2022-07-06 20:04:35,880] {processor.py:651} INFO - DAG(s) dict_keys(['example_xcom']) retrieved from /home/airflow/.local/lib/python3.7/site-packages/airflow/example_dags/example_xcom.py
[2022-07-06 20:04:35,924] {logging_mixin.py:115} INFO - [2022-07-06 20:04:35,924] {dag.py:2379} INFO - Sync 1 DAGs
[2022-07-06 20:04:35,967] {logging_mixin.py:115} INFO - [2022-07-06 20:04:35,967] {dag.py:2931} INFO - Setting next_dagrun for example_xcom to 2021-01-01T00:00:00+00:00, run_after=2021-01-01T00:00:00+00:00
[2022-07-06 20:04:36,005] {processor.py:161} INFO - Processing /home/airflow/.local/lib/python3.7/site-packages/airflow/example_dags/example_xcom.py took 0.178 seconds
[2022-07-06 20:05:06,586] {processor.py:153} INFO - Started process (PID=1032) to work on /home/airflow/.local/lib/python3.7/site-packages/airflow/example_dags/example_xcom.py
[2022-07-06 20:05:06,587] {processor.py:641} INFO - Processing file /home/airflow/.local/lib/python3.7/site-packages/airflow/example_dags/example_xcom.py for tasks to queue
[2022-07-06 20:05:06,589] {logging_mixin.py:115} INFO - [2022-07-06 20:05:06,589] {dagbag.py:507} INFO - Filling up the DagBag from /home/airflow/.local/lib/python3.7/site-packages/airflow/example_dags/example_xcom.py
[2022-07-06 20:05:06,625] {processor.py:651} INFO - DAG(s) dict_keys(['example_xcom']) retrieved from /home/airflow/.local/lib/python3.7/site-packages/airflow/example_dags/example_xcom.py
[2022-07-06 20:05:06,654] {logging_mixin.py:115} INFO - [2022-07-06 20:05:06,654] {dag.py:2379} INFO - Sync 1 DAGs
[2022-07-06 20:05:06,681] {logging_mixin.py:115} INFO - [2022-07-06 20:05:06,681] {dag.py:2931} INFO - Setting next_dagrun for example_xcom to 2021-01-01T00:00:00+00:00, run_after=2021-01-01T00:00:00+00:00
[2022-07-06 20:05:06,710] {processor.py:161} INFO - Processing /home/airflow/.local/lib/python3.7/site-packages/airflow/example_dags/example_xcom.py took 0.134 seconds
[2022-07-06 20:05:36,973] {processor.py:153} INFO - Started process (PID=1083) to work on /home/airflow/.local/lib/python3.7/site-packages/airflow/example_dags/example_xcom.py
[2022-07-06 20:05:36,975] {processor.py:641} INFO - Processing file /home/airflow/.local/lib/python3.7/site-packages/airflow/example_dags/example_xcom.py for tasks to queue
[2022-07-06 20:05:36,977] {logging_mixin.py:115} INFO - [2022-07-06 20:05:36,977] {dagbag.py:507} INFO - Filling up the DagBag from /home/airflow/.local/lib/python3.7/site-packages/airflow/example_dags/example_xcom.py
[2022-07-06 20:05:37,022] {processor.py:651} INFO - DAG(s) dict_keys(['example_xcom']) retrieved from /home/airflow/.local/lib/python3.7/site-packages/airflow/example_dags/example_xcom.py
[2022-07-06 20:05:37,052] {logging_mixin.py:115} INFO - [2022-07-06 20:05:37,052] {dag.py:2379} INFO - Sync 1 DAGs
[2022-07-06 20:05:37,079] {logging_mixin.py:115} INFO - [2022-07-06 20:05:37,079] {dag.py:2931} INFO - Setting next_dagrun for example_xcom to 2021-01-01T00:00:00+00:00, run_after=2021-01-01T00:00:00+00:00
[2022-07-06 20:05:37,097] {processor.py:161} INFO - Processing /home/airflow/.local/lib/python3.7/site-packages/airflow/example_dags/example_xcom.py took 0.135 seconds
[2022-07-06 20:06:07,932] {processor.py:153} INFO - Started process (PID=1144) to work on /home/airflow/.local/lib/python3.7/site-packages/airflow/example_dags/example_xcom.py
[2022-07-06 20:06:07,933] {processor.py:641} INFO - Processing file /home/airflow/.local/lib/python3.7/site-packages/airflow/example_dags/example_xcom.py for tasks to queue
[2022-07-06 20:06:07,934] {logging_mixin.py:115} INFO - [2022-07-06 20:06:07,934] {dagbag.py:507} INFO - Filling up the DagBag from /home/airflow/.local/lib/python3.7/site-packages/airflow/example_dags/example_xcom.py
[2022-07-06 20:06:07,967] {processor.py:651} INFO - DAG(s) dict_keys(['example_xcom']) retrieved from /home/airflow/.local/lib/python3.7/site-packages/airflow/example_dags/example_xcom.py
[2022-07-06 20:06:08,128] {logging_mixin.py:115} INFO - [2022-07-06 20:06:08,128] {dag.py:2379} INFO - Sync 1 DAGs
[2022-07-06 20:06:08,389] {logging_mixin.py:115} INFO - [2022-07-06 20:06:08,389] {dag.py:2931} INFO - Setting next_dagrun for example_xcom to 2021-01-01T00:00:00+00:00, run_after=2021-01-01T00:00:00+00:00
[2022-07-06 20:06:08,438] {processor.py:161} INFO - Processing /home/airflow/.local/lib/python3.7/site-packages/airflow/example_dags/example_xcom.py took 0.512 seconds
[2022-07-06 20:06:38,980] {processor.py:153} INFO - Started process (PID=1196) to work on /home/airflow/.local/lib/python3.7/site-packages/airflow/example_dags/example_xcom.py
[2022-07-06 20:06:38,993] {processor.py:641} INFO - Processing file /home/airflow/.local/lib/python3.7/site-packages/airflow/example_dags/example_xcom.py for tasks to queue
[2022-07-06 20:06:38,995] {logging_mixin.py:115} INFO - [2022-07-06 20:06:38,994] {dagbag.py:507} INFO - Filling up the DagBag from /home/airflow/.local/lib/python3.7/site-packages/airflow/example_dags/example_xcom.py
[2022-07-06 20:06:39,046] {processor.py:651} INFO - DAG(s) dict_keys(['example_xcom']) retrieved from /home/airflow/.local/lib/python3.7/site-packages/airflow/example_dags/example_xcom.py
[2022-07-06 20:06:39,131] {logging_mixin.py:115} INFO - [2022-07-06 20:06:39,131] {dag.py:2379} INFO - Sync 1 DAGs
[2022-07-06 20:06:39,273] {logging_mixin.py:115} INFO - [2022-07-06 20:06:39,273] {dag.py:2931} INFO - Setting next_dagrun for example_xcom to 2021-01-01T00:00:00+00:00, run_after=2021-01-01T00:00:00+00:00
[2022-07-06 20:06:39,299] {processor.py:161} INFO - Processing /home/airflow/.local/lib/python3.7/site-packages/airflow/example_dags/example_xcom.py took 0.329 seconds
[2022-07-06 20:07:09,359] {processor.py:153} INFO - Started process (PID=1248) to work on /home/airflow/.local/lib/python3.7/site-packages/airflow/example_dags/example_xcom.py
[2022-07-06 20:07:09,359] {processor.py:641} INFO - Processing file /home/airflow/.local/lib/python3.7/site-packages/airflow/example_dags/example_xcom.py for tasks to queue
[2022-07-06 20:07:09,360] {logging_mixin.py:115} INFO - [2022-07-06 20:07:09,360] {dagbag.py:507} INFO - Filling up the DagBag from /home/airflow/.local/lib/python3.7/site-packages/airflow/example_dags/example_xcom.py
[2022-07-06 20:07:09,385] {processor.py:651} INFO - DAG(s) dict_keys(['example_xcom']) retrieved from /home/airflow/.local/lib/python3.7/site-packages/airflow/example_dags/example_xcom.py
[2022-07-06 20:07:09,477] {logging_mixin.py:115} INFO - [2022-07-06 20:07:09,476] {dag.py:2379} INFO - Sync 1 DAGs
[2022-07-06 20:07:09,636] {logging_mixin.py:115} INFO - [2022-07-06 20:07:09,636] {dag.py:2931} INFO - Setting next_dagrun for example_xcom to 2021-01-01T00:00:00+00:00, run_after=2021-01-01T00:00:00+00:00
[2022-07-06 20:07:09,678] {processor.py:161} INFO - Processing /home/airflow/.local/lib/python3.7/site-packages/airflow/example_dags/example_xcom.py took 0.323 seconds
[2022-07-06 20:07:40,538] {processor.py:153} INFO - Started process (PID=1308) to work on /home/airflow/.local/lib/python3.7/site-packages/airflow/example_dags/example_xcom.py
[2022-07-06 20:07:40,555] {processor.py:641} INFO - Processing file /home/airflow/.local/lib/python3.7/site-packages/airflow/example_dags/example_xcom.py for tasks to queue
[2022-07-06 20:07:40,556] {logging_mixin.py:115} INFO - [2022-07-06 20:07:40,556] {dagbag.py:507} INFO - Filling up the DagBag from /home/airflow/.local/lib/python3.7/site-packages/airflow/example_dags/example_xcom.py
[2022-07-06 20:07:40,582] {processor.py:651} INFO - DAG(s) dict_keys(['example_xcom']) retrieved from /home/airflow/.local/lib/python3.7/site-packages/airflow/example_dags/example_xcom.py
[2022-07-06 20:07:40,705] {logging_mixin.py:115} INFO - [2022-07-06 20:07:40,705] {dag.py:2379} INFO - Sync 1 DAGs
[2022-07-06 20:07:40,879] {logging_mixin.py:115} INFO - [2022-07-06 20:07:40,879] {dag.py:2931} INFO - Setting next_dagrun for example_xcom to 2021-01-01T00:00:00+00:00, run_after=2021-01-01T00:00:00+00:00
[2022-07-06 20:07:40,903] {processor.py:161} INFO - Processing /home/airflow/.local/lib/python3.7/site-packages/airflow/example_dags/example_xcom.py took 0.371 seconds
[2022-07-06 20:08:11,279] {processor.py:153} INFO - Started process (PID=1360) to work on /home/airflow/.local/lib/python3.7/site-packages/airflow/example_dags/example_xcom.py
[2022-07-06 20:08:11,280] {processor.py:641} INFO - Processing file /home/airflow/.local/lib/python3.7/site-packages/airflow/example_dags/example_xcom.py for tasks to queue
[2022-07-06 20:08:11,281] {logging_mixin.py:115} INFO - [2022-07-06 20:08:11,281] {dagbag.py:507} INFO - Filling up the DagBag from /home/airflow/.local/lib/python3.7/site-packages/airflow/example_dags/example_xcom.py
[2022-07-06 20:08:11,307] {processor.py:651} INFO - DAG(s) dict_keys(['example_xcom']) retrieved from /home/airflow/.local/lib/python3.7/site-packages/airflow/example_dags/example_xcom.py
[2022-07-06 20:08:11,398] {logging_mixin.py:115} INFO - [2022-07-06 20:08:11,398] {dag.py:2379} INFO - Sync 1 DAGs
[2022-07-06 20:08:11,548] {logging_mixin.py:115} INFO - [2022-07-06 20:08:11,548] {dag.py:2931} INFO - Setting next_dagrun for example_xcom to 2021-01-01T00:00:00+00:00, run_after=2021-01-01T00:00:00+00:00
[2022-07-06 20:08:11,588] {processor.py:161} INFO - Processing /home/airflow/.local/lib/python3.7/site-packages/airflow/example_dags/example_xcom.py took 0.314 seconds
[2022-07-06 20:08:42,129] {processor.py:153} INFO - Started process (PID=1421) to work on /home/airflow/.local/lib/python3.7/site-packages/airflow/example_dags/example_xcom.py
[2022-07-06 20:08:42,130] {processor.py:641} INFO - Processing file /home/airflow/.local/lib/python3.7/site-packages/airflow/example_dags/example_xcom.py for tasks to queue
[2022-07-06 20:08:42,131] {logging_mixin.py:115} INFO - [2022-07-06 20:08:42,131] {dagbag.py:507} INFO - Filling up the DagBag from /home/airflow/.local/lib/python3.7/site-packages/airflow/example_dags/example_xcom.py
[2022-07-06 20:08:42,173] {processor.py:651} INFO - DAG(s) dict_keys(['example_xcom']) retrieved from /home/airflow/.local/lib/python3.7/site-packages/airflow/example_dags/example_xcom.py
[2022-07-06 20:08:42,324] {logging_mixin.py:115} INFO - [2022-07-06 20:08:42,324] {dag.py:2379} INFO - Sync 1 DAGs
[2022-07-06 20:08:43,514] {logging_mixin.py:115} INFO - [2022-07-06 20:08:43,514] {dag.py:2931} INFO - Setting next_dagrun for example_xcom to 2021-01-01T00:00:00+00:00, run_after=2021-01-01T00:00:00+00:00
[2022-07-06 20:08:43,648] {processor.py:161} INFO - Processing /home/airflow/.local/lib/python3.7/site-packages/airflow/example_dags/example_xcom.py took 1.524 seconds
[2022-07-06 20:09:14,615] {processor.py:153} INFO - Started process (PID=1471) to work on /home/airflow/.local/lib/python3.7/site-packages/airflow/example_dags/example_xcom.py
[2022-07-06 20:09:14,616] {processor.py:641} INFO - Processing file /home/airflow/.local/lib/python3.7/site-packages/airflow/example_dags/example_xcom.py for tasks to queue
[2022-07-06 20:09:14,618] {logging_mixin.py:115} INFO - [2022-07-06 20:09:14,618] {dagbag.py:507} INFO - Filling up the DagBag from /home/airflow/.local/lib/python3.7/site-packages/airflow/example_dags/example_xcom.py
[2022-07-06 20:09:14,650] {processor.py:651} INFO - DAG(s) dict_keys(['example_xcom']) retrieved from /home/airflow/.local/lib/python3.7/site-packages/airflow/example_dags/example_xcom.py
[2022-07-06 20:09:14,679] {logging_mixin.py:115} INFO - [2022-07-06 20:09:14,679] {dag.py:2379} INFO - Sync 1 DAGs
[2022-07-06 20:09:14,706] {logging_mixin.py:115} INFO - [2022-07-06 20:09:14,706] {dag.py:2931} INFO - Setting next_dagrun for example_xcom to 2021-01-01T00:00:00+00:00, run_after=2021-01-01T00:00:00+00:00
[2022-07-06 20:09:14,735] {processor.py:161} INFO - Processing /home/airflow/.local/lib/python3.7/site-packages/airflow/example_dags/example_xcom.py took 0.129 seconds
[2022-07-06 20:09:45,396] {processor.py:153} INFO - Started process (PID=1523) to work on /home/airflow/.local/lib/python3.7/site-packages/airflow/example_dags/example_xcom.py
[2022-07-06 20:09:45,416] {processor.py:641} INFO - Processing file /home/airflow/.local/lib/python3.7/site-packages/airflow/example_dags/example_xcom.py for tasks to queue
[2022-07-06 20:09:45,418] {logging_mixin.py:115} INFO - [2022-07-06 20:09:45,417] {dagbag.py:507} INFO - Filling up the DagBag from /home/airflow/.local/lib/python3.7/site-packages/airflow/example_dags/example_xcom.py
[2022-07-06 20:09:45,492] {processor.py:651} INFO - DAG(s) dict_keys(['example_xcom']) retrieved from /home/airflow/.local/lib/python3.7/site-packages/airflow/example_dags/example_xcom.py
[2022-07-06 20:09:45,595] {logging_mixin.py:115} INFO - [2022-07-06 20:09:45,595] {dag.py:2379} INFO - Sync 1 DAGs
[2022-07-06 20:09:45,744] {logging_mixin.py:115} INFO - [2022-07-06 20:09:45,744] {dag.py:2931} INFO - Setting next_dagrun for example_xcom to 2021-01-01T00:00:00+00:00, run_after=2021-01-01T00:00:00+00:00
[2022-07-06 20:09:45,787] {processor.py:161} INFO - Processing /home/airflow/.local/lib/python3.7/site-packages/airflow/example_dags/example_xcom.py took 0.401 seconds
[2022-07-06 20:10:16,516] {processor.py:153} INFO - Started process (PID=1584) to work on /home/airflow/.local/lib/python3.7/site-packages/airflow/example_dags/example_xcom.py
[2022-07-06 20:10:16,517] {processor.py:641} INFO - Processing file /home/airflow/.local/lib/python3.7/site-packages/airflow/example_dags/example_xcom.py for tasks to queue
[2022-07-06 20:10:16,518] {logging_mixin.py:115} INFO - [2022-07-06 20:10:16,517] {dagbag.py:507} INFO - Filling up the DagBag from /home/airflow/.local/lib/python3.7/site-packages/airflow/example_dags/example_xcom.py
[2022-07-06 20:10:16,577] {processor.py:651} INFO - DAG(s) dict_keys(['example_xcom']) retrieved from /home/airflow/.local/lib/python3.7/site-packages/airflow/example_dags/example_xcom.py
[2022-07-06 20:10:16,629] {logging_mixin.py:115} INFO - [2022-07-06 20:10:16,629] {dag.py:2379} INFO - Sync 1 DAGs
[2022-07-06 20:10:16,672] {logging_mixin.py:115} INFO - [2022-07-06 20:10:16,672] {dag.py:2931} INFO - Setting next_dagrun for example_xcom to 2021-01-01T00:00:00+00:00, run_after=2021-01-01T00:00:00+00:00
[2022-07-06 20:10:16,707] {processor.py:161} INFO - Processing /home/airflow/.local/lib/python3.7/site-packages/airflow/example_dags/example_xcom.py took 0.196 seconds
[2022-07-06 20:10:47,482] {processor.py:153} INFO - Started process (PID=1636) to work on /home/airflow/.local/lib/python3.7/site-packages/airflow/example_dags/example_xcom.py
[2022-07-06 20:10:47,503] {processor.py:641} INFO - Processing file /home/airflow/.local/lib/python3.7/site-packages/airflow/example_dags/example_xcom.py for tasks to queue
[2022-07-06 20:10:47,505] {logging_mixin.py:115} INFO - [2022-07-06 20:10:47,505] {dagbag.py:507} INFO - Filling up the DagBag from /home/airflow/.local/lib/python3.7/site-packages/airflow/example_dags/example_xcom.py
[2022-07-06 20:10:47,553] {processor.py:651} INFO - DAG(s) dict_keys(['example_xcom']) retrieved from /home/airflow/.local/lib/python3.7/site-packages/airflow/example_dags/example_xcom.py
[2022-07-06 20:10:47,583] {logging_mixin.py:115} INFO - [2022-07-06 20:10:47,582] {dag.py:2379} INFO - Sync 1 DAGs
[2022-07-06 20:10:47,610] {logging_mixin.py:115} INFO - [2022-07-06 20:10:47,610] {dag.py:2931} INFO - Setting next_dagrun for example_xcom to 2021-01-01T00:00:00+00:00, run_after=2021-01-01T00:00:00+00:00
[2022-07-06 20:10:47,646] {processor.py:161} INFO - Processing /home/airflow/.local/lib/python3.7/site-packages/airflow/example_dags/example_xcom.py took 0.176 seconds
[2022-07-06 20:11:18,021] {processor.py:153} INFO - Started process (PID=1688) to work on /home/airflow/.local/lib/python3.7/site-packages/airflow/example_dags/example_xcom.py
[2022-07-06 20:11:18,021] {processor.py:641} INFO - Processing file /home/airflow/.local/lib/python3.7/site-packages/airflow/example_dags/example_xcom.py for tasks to queue
[2022-07-06 20:11:18,022] {logging_mixin.py:115} INFO - [2022-07-06 20:11:18,022] {dagbag.py:507} INFO - Filling up the DagBag from /home/airflow/.local/lib/python3.7/site-packages/airflow/example_dags/example_xcom.py
[2022-07-06 20:11:18,046] {processor.py:651} INFO - DAG(s) dict_keys(['example_xcom']) retrieved from /home/airflow/.local/lib/python3.7/site-packages/airflow/example_dags/example_xcom.py
[2022-07-06 20:11:18,129] {logging_mixin.py:115} INFO - [2022-07-06 20:11:18,128] {dag.py:2379} INFO - Sync 1 DAGs
[2022-07-06 20:11:18,271] {logging_mixin.py:115} INFO - [2022-07-06 20:11:18,271] {dag.py:2931} INFO - Setting next_dagrun for example_xcom to 2021-01-01T00:00:00+00:00, run_after=2021-01-01T00:00:00+00:00
[2022-07-06 20:11:18,298] {processor.py:161} INFO - Processing /home/airflow/.local/lib/python3.7/site-packages/airflow/example_dags/example_xcom.py took 0.284 seconds
[2022-07-06 20:11:48,418] {processor.py:153} INFO - Started process (PID=1749) to work on /home/airflow/.local/lib/python3.7/site-packages/airflow/example_dags/example_xcom.py
[2022-07-06 20:11:48,487] {processor.py:641} INFO - Processing file /home/airflow/.local/lib/python3.7/site-packages/airflow/example_dags/example_xcom.py for tasks to queue
[2022-07-06 20:11:48,487] {logging_mixin.py:115} INFO - [2022-07-06 20:11:48,487] {dagbag.py:507} INFO - Filling up the DagBag from /home/airflow/.local/lib/python3.7/site-packages/airflow/example_dags/example_xcom.py
[2022-07-06 20:11:48,511] {processor.py:651} INFO - DAG(s) dict_keys(['example_xcom']) retrieved from /home/airflow/.local/lib/python3.7/site-packages/airflow/example_dags/example_xcom.py
[2022-07-06 20:11:48,631] {logging_mixin.py:115} INFO - [2022-07-06 20:11:48,631] {dag.py:2379} INFO - Sync 1 DAGs
[2022-07-06 20:11:48,817] {logging_mixin.py:115} INFO - [2022-07-06 20:11:48,816] {dag.py:2931} INFO - Setting next_dagrun for example_xcom to 2021-01-01T00:00:00+00:00, run_after=2021-01-01T00:00:00+00:00
[2022-07-06 20:11:48,841] {processor.py:161} INFO - Processing /home/airflow/.local/lib/python3.7/site-packages/airflow/example_dags/example_xcom.py took 0.427 seconds
[2022-07-06 20:12:19,600] {processor.py:153} INFO - Started process (PID=1801) to work on /home/airflow/.local/lib/python3.7/site-packages/airflow/example_dags/example_xcom.py
[2022-07-06 20:12:19,601] {processor.py:641} INFO - Processing file /home/airflow/.local/lib/python3.7/site-packages/airflow/example_dags/example_xcom.py for tasks to queue
[2022-07-06 20:12:19,603] {logging_mixin.py:115} INFO - [2022-07-06 20:12:19,602] {dagbag.py:507} INFO - Filling up the DagBag from /home/airflow/.local/lib/python3.7/site-packages/airflow/example_dags/example_xcom.py
[2022-07-06 20:12:19,632] {processor.py:651} INFO - DAG(s) dict_keys(['example_xcom']) retrieved from /home/airflow/.local/lib/python3.7/site-packages/airflow/example_dags/example_xcom.py
[2022-07-06 20:12:19,661] {logging_mixin.py:115} INFO - [2022-07-06 20:12:19,660] {dag.py:2379} INFO - Sync 1 DAGs
[2022-07-06 20:12:19,690] {logging_mixin.py:115} INFO - [2022-07-06 20:12:19,689] {dag.py:2931} INFO - Setting next_dagrun for example_xcom to 2021-01-01T00:00:00+00:00, run_after=2021-01-01T00:00:00+00:00
[2022-07-06 20:12:19,716] {processor.py:161} INFO - Processing /home/airflow/.local/lib/python3.7/site-packages/airflow/example_dags/example_xcom.py took 0.127 seconds
[2022-07-06 20:12:50,252] {processor.py:153} INFO - Started process (PID=1859) to work on /home/airflow/.local/lib/python3.7/site-packages/airflow/example_dags/example_xcom.py
[2022-07-06 20:12:50,420] {processor.py:641} INFO - Processing file /home/airflow/.local/lib/python3.7/site-packages/airflow/example_dags/example_xcom.py for tasks to queue
[2022-07-06 20:12:50,421] {logging_mixin.py:115} INFO - [2022-07-06 20:12:50,421] {dagbag.py:507} INFO - Filling up the DagBag from /home/airflow/.local/lib/python3.7/site-packages/airflow/example_dags/example_xcom.py
[2022-07-06 20:12:50,451] {processor.py:651} INFO - DAG(s) dict_keys(['example_xcom']) retrieved from /home/airflow/.local/lib/python3.7/site-packages/airflow/example_dags/example_xcom.py
[2022-07-06 20:12:50,490] {logging_mixin.py:115} INFO - [2022-07-06 20:12:50,490] {dag.py:2379} INFO - Sync 1 DAGs
[2022-07-06 20:12:50,529] {logging_mixin.py:115} INFO - [2022-07-06 20:12:50,529] {dag.py:2931} INFO - Setting next_dagrun for example_xcom to 2021-01-01T00:00:00+00:00, run_after=2021-01-01T00:00:00+00:00
[2022-07-06 20:12:50,560] {processor.py:161} INFO - Processing /home/airflow/.local/lib/python3.7/site-packages/airflow/example_dags/example_xcom.py took 0.323 seconds
[2022-07-06 20:13:21,204] {processor.py:153} INFO - Started process (PID=1909) to work on /home/airflow/.local/lib/python3.7/site-packages/airflow/example_dags/example_xcom.py
[2022-07-06 20:13:21,205] {processor.py:641} INFO - Processing file /home/airflow/.local/lib/python3.7/site-packages/airflow/example_dags/example_xcom.py for tasks to queue
[2022-07-06 20:13:21,205] {logging_mixin.py:115} INFO - [2022-07-06 20:13:21,205] {dagbag.py:507} INFO - Filling up the DagBag from /home/airflow/.local/lib/python3.7/site-packages/airflow/example_dags/example_xcom.py
[2022-07-06 20:13:21,237] {processor.py:651} INFO - DAG(s) dict_keys(['example_xcom']) retrieved from /home/airflow/.local/lib/python3.7/site-packages/airflow/example_dags/example_xcom.py
[2022-07-06 20:13:21,278] {logging_mixin.py:115} INFO - [2022-07-06 20:13:21,278] {dag.py:2379} INFO - Sync 1 DAGs
[2022-07-06 20:13:21,306] {logging_mixin.py:115} INFO - [2022-07-06 20:13:21,306] {dag.py:2931} INFO - Setting next_dagrun for example_xcom to 2021-01-01T00:00:00+00:00, run_after=2021-01-01T00:00:00+00:00
[2022-07-06 20:13:21,364] {processor.py:161} INFO - Processing /home/airflow/.local/lib/python3.7/site-packages/airflow/example_dags/example_xcom.py took 0.167 seconds
[2022-07-06 20:14:45,635] {processor.py:153} INFO - Started process (PID=2009) to work on /home/airflow/.local/lib/python3.7/site-packages/airflow/example_dags/example_xcom.py
[2022-07-06 20:14:45,649] {processor.py:641} INFO - Processing file /home/airflow/.local/lib/python3.7/site-packages/airflow/example_dags/example_xcom.py for tasks to queue
[2022-07-06 20:14:45,651] {logging_mixin.py:115} INFO - [2022-07-06 20:14:45,650] {dagbag.py:507} INFO - Filling up the DagBag from /home/airflow/.local/lib/python3.7/site-packages/airflow/example_dags/example_xcom.py
[2022-07-06 20:14:45,688] {processor.py:651} INFO - DAG(s) dict_keys(['example_xcom']) retrieved from /home/airflow/.local/lib/python3.7/site-packages/airflow/example_dags/example_xcom.py
[2022-07-06 20:14:45,733] {logging_mixin.py:115} INFO - [2022-07-06 20:14:45,733] {dag.py:2379} INFO - Sync 1 DAGs
[2022-07-06 20:14:45,782] {logging_mixin.py:115} INFO - [2022-07-06 20:14:45,782] {dag.py:2931} INFO - Setting next_dagrun for example_xcom to 2021-01-01T00:00:00+00:00, run_after=2021-01-01T00:00:00+00:00
[2022-07-06 20:14:45,827] {processor.py:161} INFO - Processing /home/airflow/.local/lib/python3.7/site-packages/airflow/example_dags/example_xcom.py took 0.199 seconds
[2022-07-06 20:15:23,717] {processor.py:153} INFO - Started process (PID=2069) to work on /home/airflow/.local/lib/python3.7/site-packages/airflow/example_dags/example_xcom.py
[2022-07-06 20:15:23,753] {processor.py:641} INFO - Processing file /home/airflow/.local/lib/python3.7/site-packages/airflow/example_dags/example_xcom.py for tasks to queue
[2022-07-06 20:15:23,755] {logging_mixin.py:115} INFO - [2022-07-06 20:15:23,755] {dagbag.py:507} INFO - Filling up the DagBag from /home/airflow/.local/lib/python3.7/site-packages/airflow/example_dags/example_xcom.py
[2022-07-06 20:15:23,834] {processor.py:651} INFO - DAG(s) dict_keys(['example_xcom']) retrieved from /home/airflow/.local/lib/python3.7/site-packages/airflow/example_dags/example_xcom.py
[2022-07-06 20:15:24,234] {logging_mixin.py:115} INFO - [2022-07-06 20:15:24,234] {dag.py:2379} INFO - Sync 1 DAGs
[2022-07-06 20:15:24,755] {logging_mixin.py:115} INFO - [2022-07-06 20:15:24,755] {dag.py:2931} INFO - Setting next_dagrun for example_xcom to 2021-01-01T00:00:00+00:00, run_after=2021-01-01T00:00:00+00:00
[2022-07-06 20:15:24,832] {processor.py:161} INFO - Processing /home/airflow/.local/lib/python3.7/site-packages/airflow/example_dags/example_xcom.py took 1.122 seconds
[2022-07-06 20:16:13,397] {processor.py:153} INFO - Started process (PID=2141) to work on /home/airflow/.local/lib/python3.7/site-packages/airflow/example_dags/example_xcom.py
[2022-07-06 20:16:13,404] {processor.py:641} INFO - Processing file /home/airflow/.local/lib/python3.7/site-packages/airflow/example_dags/example_xcom.py for tasks to queue
[2022-07-06 20:16:13,404] {logging_mixin.py:115} INFO - [2022-07-06 20:16:13,404] {dagbag.py:507} INFO - Filling up the DagBag from /home/airflow/.local/lib/python3.7/site-packages/airflow/example_dags/example_xcom.py
[2022-07-06 20:16:13,437] {processor.py:651} INFO - DAG(s) dict_keys(['example_xcom']) retrieved from /home/airflow/.local/lib/python3.7/site-packages/airflow/example_dags/example_xcom.py
[2022-07-06 20:16:13,562] {logging_mixin.py:115} INFO - [2022-07-06 20:16:13,562] {dag.py:2379} INFO - Sync 1 DAGs
[2022-07-06 20:16:13,745] {logging_mixin.py:115} INFO - [2022-07-06 20:16:13,745] {dag.py:2931} INFO - Setting next_dagrun for example_xcom to 2021-01-01T00:00:00+00:00, run_after=2021-01-01T00:00:00+00:00
[2022-07-06 20:16:13,787] {processor.py:161} INFO - Processing /home/airflow/.local/lib/python3.7/site-packages/airflow/example_dags/example_xcom.py took 0.394 seconds
[2022-07-06 20:16:45,555] {processor.py:153} INFO - Started process (PID=2210) to work on /home/airflow/.local/lib/python3.7/site-packages/airflow/example_dags/example_xcom.py
[2022-07-06 20:16:45,556] {processor.py:641} INFO - Processing file /home/airflow/.local/lib/python3.7/site-packages/airflow/example_dags/example_xcom.py for tasks to queue
[2022-07-06 20:16:45,557] {logging_mixin.py:115} INFO - [2022-07-06 20:16:45,556] {dagbag.py:507} INFO - Filling up the DagBag from /home/airflow/.local/lib/python3.7/site-packages/airflow/example_dags/example_xcom.py
[2022-07-06 20:16:45,598] {processor.py:651} INFO - DAG(s) dict_keys(['example_xcom']) retrieved from /home/airflow/.local/lib/python3.7/site-packages/airflow/example_dags/example_xcom.py
[2022-07-06 20:16:45,889] {logging_mixin.py:115} INFO - [2022-07-06 20:16:45,887] {dag.py:2379} INFO - Sync 1 DAGs
[2022-07-06 20:16:46,099] {logging_mixin.py:115} INFO - [2022-07-06 20:16:46,099] {dag.py:2931} INFO - Setting next_dagrun for example_xcom to 2021-01-01T00:00:00+00:00, run_after=2021-01-01T00:00:00+00:00
[2022-07-06 20:16:46,161] {processor.py:161} INFO - Processing /home/airflow/.local/lib/python3.7/site-packages/airflow/example_dags/example_xcom.py took 0.611 seconds
[2022-07-06 20:17:17,225] {processor.py:153} INFO - Started process (PID=2265) to work on /home/airflow/.local/lib/python3.7/site-packages/airflow/example_dags/example_xcom.py
[2022-07-06 20:17:17,226] {processor.py:641} INFO - Processing file /home/airflow/.local/lib/python3.7/site-packages/airflow/example_dags/example_xcom.py for tasks to queue
[2022-07-06 20:17:17,227] {logging_mixin.py:115} INFO - [2022-07-06 20:17:17,226] {dagbag.py:507} INFO - Filling up the DagBag from /home/airflow/.local/lib/python3.7/site-packages/airflow/example_dags/example_xcom.py
[2022-07-06 20:17:17,252] {processor.py:651} INFO - DAG(s) dict_keys(['example_xcom']) retrieved from /home/airflow/.local/lib/python3.7/site-packages/airflow/example_dags/example_xcom.py
[2022-07-06 20:17:17,354] {logging_mixin.py:115} INFO - [2022-07-06 20:17:17,354] {dag.py:2379} INFO - Sync 1 DAGs
[2022-07-06 20:17:17,524] {logging_mixin.py:115} INFO - [2022-07-06 20:17:17,523] {dag.py:2931} INFO - Setting next_dagrun for example_xcom to 2021-01-01T00:00:00+00:00, run_after=2021-01-01T00:00:00+00:00
[2022-07-06 20:17:17,549] {processor.py:161} INFO - Processing /home/airflow/.local/lib/python3.7/site-packages/airflow/example_dags/example_xcom.py took 0.328 seconds
[2022-07-06 20:17:48,211] {processor.py:153} INFO - Started process (PID=2317) to work on /home/airflow/.local/lib/python3.7/site-packages/airflow/example_dags/example_xcom.py
[2022-07-06 20:17:48,226] {processor.py:641} INFO - Processing file /home/airflow/.local/lib/python3.7/site-packages/airflow/example_dags/example_xcom.py for tasks to queue
[2022-07-06 20:17:48,227] {logging_mixin.py:115} INFO - [2022-07-06 20:17:48,227] {dagbag.py:507} INFO - Filling up the DagBag from /home/airflow/.local/lib/python3.7/site-packages/airflow/example_dags/example_xcom.py
[2022-07-06 20:17:48,256] {processor.py:651} INFO - DAG(s) dict_keys(['example_xcom']) retrieved from /home/airflow/.local/lib/python3.7/site-packages/airflow/example_dags/example_xcom.py
[2022-07-06 20:17:48,392] {logging_mixin.py:115} INFO - [2022-07-06 20:17:48,392] {dag.py:2379} INFO - Sync 1 DAGs
[2022-07-06 20:17:48,615] {logging_mixin.py:115} INFO - [2022-07-06 20:17:48,615] {dag.py:2931} INFO - Setting next_dagrun for example_xcom to 2021-01-01T00:00:00+00:00, run_after=2021-01-01T00:00:00+00:00
[2022-07-06 20:17:48,649] {processor.py:161} INFO - Processing /home/airflow/.local/lib/python3.7/site-packages/airflow/example_dags/example_xcom.py took 0.443 seconds
[2022-07-06 20:18:18,767] {processor.py:153} INFO - Started process (PID=2378) to work on /home/airflow/.local/lib/python3.7/site-packages/airflow/example_dags/example_xcom.py
[2022-07-06 20:18:18,802] {processor.py:641} INFO - Processing file /home/airflow/.local/lib/python3.7/site-packages/airflow/example_dags/example_xcom.py for tasks to queue
[2022-07-06 20:18:18,803] {logging_mixin.py:115} INFO - [2022-07-06 20:18:18,803] {dagbag.py:507} INFO - Filling up the DagBag from /home/airflow/.local/lib/python3.7/site-packages/airflow/example_dags/example_xcom.py
[2022-07-06 20:18:18,837] {processor.py:651} INFO - DAG(s) dict_keys(['example_xcom']) retrieved from /home/airflow/.local/lib/python3.7/site-packages/airflow/example_dags/example_xcom.py
[2022-07-06 20:18:18,944] {logging_mixin.py:115} INFO - [2022-07-06 20:18:18,944] {dag.py:2379} INFO - Sync 1 DAGs
[2022-07-06 20:18:19,197] {logging_mixin.py:115} INFO - [2022-07-06 20:18:19,197] {dag.py:2931} INFO - Setting next_dagrun for example_xcom to 2021-01-01T00:00:00+00:00, run_after=2021-01-01T00:00:00+00:00
[2022-07-06 20:18:19,323] {processor.py:161} INFO - Processing /home/airflow/.local/lib/python3.7/site-packages/airflow/example_dags/example_xcom.py took 0.571 seconds
[2022-07-06 20:18:49,934] {processor.py:153} INFO - Started process (PID=2430) to work on /home/airflow/.local/lib/python3.7/site-packages/airflow/example_dags/example_xcom.py
[2022-07-06 20:18:49,945] {processor.py:641} INFO - Processing file /home/airflow/.local/lib/python3.7/site-packages/airflow/example_dags/example_xcom.py for tasks to queue
[2022-07-06 20:18:49,947] {logging_mixin.py:115} INFO - [2022-07-06 20:18:49,946] {dagbag.py:507} INFO - Filling up the DagBag from /home/airflow/.local/lib/python3.7/site-packages/airflow/example_dags/example_xcom.py
[2022-07-06 20:18:49,979] {processor.py:651} INFO - DAG(s) dict_keys(['example_xcom']) retrieved from /home/airflow/.local/lib/python3.7/site-packages/airflow/example_dags/example_xcom.py
[2022-07-06 20:18:50,010] {logging_mixin.py:115} INFO - [2022-07-06 20:18:50,010] {dag.py:2379} INFO - Sync 1 DAGs
[2022-07-06 20:18:50,038] {logging_mixin.py:115} INFO - [2022-07-06 20:18:50,038] {dag.py:2931} INFO - Setting next_dagrun for example_xcom to 2021-01-01T00:00:00+00:00, run_after=2021-01-01T00:00:00+00:00
[2022-07-06 20:18:50,065] {processor.py:161} INFO - Processing /home/airflow/.local/lib/python3.7/site-packages/airflow/example_dags/example_xcom.py took 0.143 seconds
[2022-07-06 20:19:20,123] {processor.py:153} INFO - Started process (PID=2491) to work on /home/airflow/.local/lib/python3.7/site-packages/airflow/example_dags/example_xcom.py
[2022-07-06 20:19:20,124] {processor.py:641} INFO - Processing file /home/airflow/.local/lib/python3.7/site-packages/airflow/example_dags/example_xcom.py for tasks to queue
[2022-07-06 20:19:20,125] {logging_mixin.py:115} INFO - [2022-07-06 20:19:20,125] {dagbag.py:507} INFO - Filling up the DagBag from /home/airflow/.local/lib/python3.7/site-packages/airflow/example_dags/example_xcom.py
[2022-07-06 20:19:20,153] {processor.py:651} INFO - DAG(s) dict_keys(['example_xcom']) retrieved from /home/airflow/.local/lib/python3.7/site-packages/airflow/example_dags/example_xcom.py
[2022-07-06 20:19:20,250] {logging_mixin.py:115} INFO - [2022-07-06 20:19:20,250] {dag.py:2379} INFO - Sync 1 DAGs
[2022-07-06 20:19:20,412] {logging_mixin.py:115} INFO - [2022-07-06 20:19:20,411] {dag.py:2931} INFO - Setting next_dagrun for example_xcom to 2021-01-01T00:00:00+00:00, run_after=2021-01-01T00:00:00+00:00
[2022-07-06 20:19:20,441] {processor.py:161} INFO - Processing /home/airflow/.local/lib/python3.7/site-packages/airflow/example_dags/example_xcom.py took 0.322 seconds
[2022-07-06 20:19:51,220] {processor.py:153} INFO - Started process (PID=2540) to work on /home/airflow/.local/lib/python3.7/site-packages/airflow/example_dags/example_xcom.py
[2022-07-06 20:19:51,220] {processor.py:641} INFO - Processing file /home/airflow/.local/lib/python3.7/site-packages/airflow/example_dags/example_xcom.py for tasks to queue
[2022-07-06 20:19:51,221] {logging_mixin.py:115} INFO - [2022-07-06 20:19:51,221] {dagbag.py:507} INFO - Filling up the DagBag from /home/airflow/.local/lib/python3.7/site-packages/airflow/example_dags/example_xcom.py
[2022-07-06 20:19:51,251] {processor.py:651} INFO - DAG(s) dict_keys(['example_xcom']) retrieved from /home/airflow/.local/lib/python3.7/site-packages/airflow/example_dags/example_xcom.py
[2022-07-06 20:19:51,386] {logging_mixin.py:115} INFO - [2022-07-06 20:19:51,386] {dag.py:2379} INFO - Sync 1 DAGs
[2022-07-06 20:19:51,565] {logging_mixin.py:115} INFO - [2022-07-06 20:19:51,565] {dag.py:2931} INFO - Setting next_dagrun for example_xcom to 2021-01-01T00:00:00+00:00, run_after=2021-01-01T00:00:00+00:00
[2022-07-06 20:19:51,731] {processor.py:161} INFO - Processing /home/airflow/.local/lib/python3.7/site-packages/airflow/example_dags/example_xcom.py took 0.515 seconds
[2022-07-06 20:20:25,591] {processor.py:153} INFO - Started process (PID=2604) to work on /home/airflow/.local/lib/python3.7/site-packages/airflow/example_dags/example_xcom.py
[2022-07-06 20:20:25,985] {processor.py:641} INFO - Processing file /home/airflow/.local/lib/python3.7/site-packages/airflow/example_dags/example_xcom.py for tasks to queue
[2022-07-06 20:20:26,022] {logging_mixin.py:115} INFO - [2022-07-06 20:20:26,021] {dagbag.py:507} INFO - Filling up the DagBag from /home/airflow/.local/lib/python3.7/site-packages/airflow/example_dags/example_xcom.py
[2022-07-06 20:20:26,064] {processor.py:651} INFO - DAG(s) dict_keys(['example_xcom']) retrieved from /home/airflow/.local/lib/python3.7/site-packages/airflow/example_dags/example_xcom.py
[2022-07-06 20:20:26,195] {logging_mixin.py:115} INFO - [2022-07-06 20:20:26,194] {dag.py:2379} INFO - Sync 1 DAGs
[2022-07-06 20:20:26,371] {logging_mixin.py:115} INFO - [2022-07-06 20:20:26,371] {dag.py:2931} INFO - Setting next_dagrun for example_xcom to 2021-01-01T00:00:00+00:00, run_after=2021-01-01T00:00:00+00:00
[2022-07-06 20:20:26,421] {processor.py:161} INFO - Processing /home/airflow/.local/lib/python3.7/site-packages/airflow/example_dags/example_xcom.py took 0.853 seconds
[2022-07-06 20:20:57,221] {processor.py:153} INFO - Started process (PID=2658) to work on /home/airflow/.local/lib/python3.7/site-packages/airflow/example_dags/example_xcom.py
[2022-07-06 20:20:57,222] {processor.py:641} INFO - Processing file /home/airflow/.local/lib/python3.7/site-packages/airflow/example_dags/example_xcom.py for tasks to queue
[2022-07-06 20:20:57,224] {logging_mixin.py:115} INFO - [2022-07-06 20:20:57,224] {dagbag.py:507} INFO - Filling up the DagBag from /home/airflow/.local/lib/python3.7/site-packages/airflow/example_dags/example_xcom.py
[2022-07-06 20:20:57,253] {processor.py:651} INFO - DAG(s) dict_keys(['example_xcom']) retrieved from /home/airflow/.local/lib/python3.7/site-packages/airflow/example_dags/example_xcom.py
[2022-07-06 20:20:57,344] {logging_mixin.py:115} INFO - [2022-07-06 20:20:57,344] {dag.py:2379} INFO - Sync 1 DAGs
[2022-07-06 20:20:57,533] {logging_mixin.py:115} INFO - [2022-07-06 20:20:57,533] {dag.py:2931} INFO - Setting next_dagrun for example_xcom to 2021-01-01T00:00:00+00:00, run_after=2021-01-01T00:00:00+00:00
[2022-07-06 20:20:57,595] {processor.py:161} INFO - Processing /home/airflow/.local/lib/python3.7/site-packages/airflow/example_dags/example_xcom.py took 0.386 seconds
[2022-07-06 20:21:28,389] {processor.py:153} INFO - Started process (PID=2718) to work on /home/airflow/.local/lib/python3.7/site-packages/airflow/example_dags/example_xcom.py
[2022-07-06 20:21:28,398] {processor.py:641} INFO - Processing file /home/airflow/.local/lib/python3.7/site-packages/airflow/example_dags/example_xcom.py for tasks to queue
[2022-07-06 20:21:28,399] {logging_mixin.py:115} INFO - [2022-07-06 20:21:28,399] {dagbag.py:507} INFO - Filling up the DagBag from /home/airflow/.local/lib/python3.7/site-packages/airflow/example_dags/example_xcom.py
[2022-07-06 20:21:28,440] {processor.py:651} INFO - DAG(s) dict_keys(['example_xcom']) retrieved from /home/airflow/.local/lib/python3.7/site-packages/airflow/example_dags/example_xcom.py
[2022-07-06 20:21:28,489] {logging_mixin.py:115} INFO - [2022-07-06 20:21:28,489] {dag.py:2379} INFO - Sync 1 DAGs
[2022-07-06 20:21:28,539] {logging_mixin.py:115} INFO - [2022-07-06 20:21:28,539] {dag.py:2931} INFO - Setting next_dagrun for example_xcom to 2021-01-01T00:00:00+00:00, run_after=2021-01-01T00:00:00+00:00
[2022-07-06 20:21:28,581] {processor.py:161} INFO - Processing /home/airflow/.local/lib/python3.7/site-packages/airflow/example_dags/example_xcom.py took 0.197 seconds
[2022-07-06 20:21:58,758] {processor.py:153} INFO - Started process (PID=2769) to work on /home/airflow/.local/lib/python3.7/site-packages/airflow/example_dags/example_xcom.py
[2022-07-06 20:21:58,758] {processor.py:641} INFO - Processing file /home/airflow/.local/lib/python3.7/site-packages/airflow/example_dags/example_xcom.py for tasks to queue
[2022-07-06 20:21:58,759] {logging_mixin.py:115} INFO - [2022-07-06 20:21:58,759] {dagbag.py:507} INFO - Filling up the DagBag from /home/airflow/.local/lib/python3.7/site-packages/airflow/example_dags/example_xcom.py
[2022-07-06 20:21:58,786] {processor.py:651} INFO - DAG(s) dict_keys(['example_xcom']) retrieved from /home/airflow/.local/lib/python3.7/site-packages/airflow/example_dags/example_xcom.py
[2022-07-06 20:21:58,884] {logging_mixin.py:115} INFO - [2022-07-06 20:21:58,884] {dag.py:2379} INFO - Sync 1 DAGs
[2022-07-06 20:21:59,050] {logging_mixin.py:115} INFO - [2022-07-06 20:21:59,050] {dag.py:2931} INFO - Setting next_dagrun for example_xcom to 2021-01-01T00:00:00+00:00, run_after=2021-01-01T00:00:00+00:00
[2022-07-06 20:21:59,088] {processor.py:161} INFO - Processing /home/airflow/.local/lib/python3.7/site-packages/airflow/example_dags/example_xcom.py took 0.335 seconds
[2022-07-06 20:22:36,433] {processor.py:153} INFO - Started process (PID=2817) to work on /home/airflow/.local/lib/python3.7/site-packages/airflow/example_dags/example_xcom.py
[2022-07-06 20:22:36,470] {processor.py:641} INFO - Processing file /home/airflow/.local/lib/python3.7/site-packages/airflow/example_dags/example_xcom.py for tasks to queue
[2022-07-06 20:22:36,470] {logging_mixin.py:115} INFO - [2022-07-06 20:22:36,470] {dagbag.py:507} INFO - Filling up the DagBag from /home/airflow/.local/lib/python3.7/site-packages/airflow/example_dags/example_xcom.py
[2022-07-06 20:22:36,504] {processor.py:651} INFO - DAG(s) dict_keys(['example_xcom']) retrieved from /home/airflow/.local/lib/python3.7/site-packages/airflow/example_dags/example_xcom.py
[2022-07-06 20:22:36,602] {logging_mixin.py:115} INFO - [2022-07-06 20:22:36,602] {dag.py:2379} INFO - Sync 1 DAGs
[2022-07-06 20:22:36,774] {logging_mixin.py:115} INFO - [2022-07-06 20:22:36,774] {dag.py:2931} INFO - Setting next_dagrun for example_xcom to 2021-01-01T00:00:00+00:00, run_after=2021-01-01T00:00:00+00:00
[2022-07-06 20:22:36,826] {processor.py:161} INFO - Processing /home/airflow/.local/lib/python3.7/site-packages/airflow/example_dags/example_xcom.py took 0.397 seconds
[2022-07-06 20:23:08,256] {processor.py:153} INFO - Started process (PID=2875) to work on /home/airflow/.local/lib/python3.7/site-packages/airflow/example_dags/example_xcom.py
[2022-07-06 20:23:08,257] {processor.py:641} INFO - Processing file /home/airflow/.local/lib/python3.7/site-packages/airflow/example_dags/example_xcom.py for tasks to queue
[2022-07-06 20:23:08,258] {logging_mixin.py:115} INFO - [2022-07-06 20:23:08,257] {dagbag.py:507} INFO - Filling up the DagBag from /home/airflow/.local/lib/python3.7/site-packages/airflow/example_dags/example_xcom.py
[2022-07-06 20:23:08,292] {processor.py:651} INFO - DAG(s) dict_keys(['example_xcom']) retrieved from /home/airflow/.local/lib/python3.7/site-packages/airflow/example_dags/example_xcom.py
[2022-07-06 20:23:08,504] {logging_mixin.py:115} INFO - [2022-07-06 20:23:08,503] {dag.py:2379} INFO - Sync 1 DAGs
[2022-07-06 20:23:09,023] {logging_mixin.py:115} INFO - [2022-07-06 20:23:09,022] {dag.py:2931} INFO - Setting next_dagrun for example_xcom to 2021-01-01T00:00:00+00:00, run_after=2021-01-01T00:00:00+00:00
[2022-07-06 20:23:09,064] {processor.py:161} INFO - Processing /home/airflow/.local/lib/python3.7/site-packages/airflow/example_dags/example_xcom.py took 0.814 seconds
[2022-07-06 20:23:39,265] {processor.py:153} INFO - Started process (PID=2931) to work on /home/airflow/.local/lib/python3.7/site-packages/airflow/example_dags/example_xcom.py
[2022-07-06 20:23:39,291] {processor.py:641} INFO - Processing file /home/airflow/.local/lib/python3.7/site-packages/airflow/example_dags/example_xcom.py for tasks to queue
[2022-07-06 20:23:39,292] {logging_mixin.py:115} INFO - [2022-07-06 20:23:39,292] {dagbag.py:507} INFO - Filling up the DagBag from /home/airflow/.local/lib/python3.7/site-packages/airflow/example_dags/example_xcom.py
[2022-07-06 20:23:39,317] {processor.py:651} INFO - DAG(s) dict_keys(['example_xcom']) retrieved from /home/airflow/.local/lib/python3.7/site-packages/airflow/example_dags/example_xcom.py
[2022-07-06 20:23:39,413] {logging_mixin.py:115} INFO - [2022-07-06 20:23:39,413] {dag.py:2379} INFO - Sync 1 DAGs
[2022-07-06 20:23:39,579] {logging_mixin.py:115} INFO - [2022-07-06 20:23:39,579] {dag.py:2931} INFO - Setting next_dagrun for example_xcom to 2021-01-01T00:00:00+00:00, run_after=2021-01-01T00:00:00+00:00
[2022-07-06 20:23:39,622] {processor.py:161} INFO - Processing /home/airflow/.local/lib/python3.7/site-packages/airflow/example_dags/example_xcom.py took 0.363 seconds
[2022-07-06 20:24:10,824] {processor.py:153} INFO - Started process (PID=2985) to work on /home/airflow/.local/lib/python3.7/site-packages/airflow/example_dags/example_xcom.py
[2022-07-06 20:24:10,839] {processor.py:641} INFO - Processing file /home/airflow/.local/lib/python3.7/site-packages/airflow/example_dags/example_xcom.py for tasks to queue
[2022-07-06 20:24:10,839] {logging_mixin.py:115} INFO - [2022-07-06 20:24:10,839] {dagbag.py:507} INFO - Filling up the DagBag from /home/airflow/.local/lib/python3.7/site-packages/airflow/example_dags/example_xcom.py
[2022-07-06 20:24:10,866] {processor.py:651} INFO - DAG(s) dict_keys(['example_xcom']) retrieved from /home/airflow/.local/lib/python3.7/site-packages/airflow/example_dags/example_xcom.py
[2022-07-06 20:24:10,960] {logging_mixin.py:115} INFO - [2022-07-06 20:24:10,960] {dag.py:2379} INFO - Sync 1 DAGs
[2022-07-06 20:24:11,006] {logging_mixin.py:115} INFO - [2022-07-06 20:24:11,006] {dag.py:2931} INFO - Setting next_dagrun for example_xcom to 2021-01-01T00:00:00+00:00, run_after=2021-01-01T00:00:00+00:00
[2022-07-06 20:24:11,189] {processor.py:161} INFO - Processing /home/airflow/.local/lib/python3.7/site-packages/airflow/example_dags/example_xcom.py took 0.368 seconds
[2022-07-06 20:24:44,752] {processor.py:153} INFO - Started process (PID=3052) to work on /home/airflow/.local/lib/python3.7/site-packages/airflow/example_dags/example_xcom.py
[2022-07-06 20:24:44,753] {processor.py:641} INFO - Processing file /home/airflow/.local/lib/python3.7/site-packages/airflow/example_dags/example_xcom.py for tasks to queue
[2022-07-06 20:24:44,754] {logging_mixin.py:115} INFO - [2022-07-06 20:24:44,754] {dagbag.py:507} INFO - Filling up the DagBag from /home/airflow/.local/lib/python3.7/site-packages/airflow/example_dags/example_xcom.py
[2022-07-06 20:24:44,806] {processor.py:651} INFO - DAG(s) dict_keys(['example_xcom']) retrieved from /home/airflow/.local/lib/python3.7/site-packages/airflow/example_dags/example_xcom.py
[2022-07-06 20:24:45,056] {logging_mixin.py:115} INFO - [2022-07-06 20:24:45,056] {dag.py:2379} INFO - Sync 1 DAGs
[2022-07-06 20:24:45,249] {logging_mixin.py:115} INFO - [2022-07-06 20:24:45,249] {dag.py:2931} INFO - Setting next_dagrun for example_xcom to 2021-01-01T00:00:00+00:00, run_after=2021-01-01T00:00:00+00:00
[2022-07-06 20:24:45,305] {processor.py:161} INFO - Processing /home/airflow/.local/lib/python3.7/site-packages/airflow/example_dags/example_xcom.py took 0.560 seconds
[2022-07-06 20:25:16,058] {processor.py:153} INFO - Started process (PID=3104) to work on /home/airflow/.local/lib/python3.7/site-packages/airflow/example_dags/example_xcom.py
[2022-07-06 20:25:16,074] {processor.py:641} INFO - Processing file /home/airflow/.local/lib/python3.7/site-packages/airflow/example_dags/example_xcom.py for tasks to queue
[2022-07-06 20:25:16,075] {logging_mixin.py:115} INFO - [2022-07-06 20:25:16,075] {dagbag.py:507} INFO - Filling up the DagBag from /home/airflow/.local/lib/python3.7/site-packages/airflow/example_dags/example_xcom.py
[2022-07-06 20:25:16,104] {processor.py:651} INFO - DAG(s) dict_keys(['example_xcom']) retrieved from /home/airflow/.local/lib/python3.7/site-packages/airflow/example_dags/example_xcom.py
[2022-07-06 20:25:16,141] {logging_mixin.py:115} INFO - [2022-07-06 20:25:16,141] {dag.py:2379} INFO - Sync 1 DAGs
[2022-07-06 20:25:16,178] {logging_mixin.py:115} INFO - [2022-07-06 20:25:16,178] {dag.py:2931} INFO - Setting next_dagrun for example_xcom to 2021-01-01T00:00:00+00:00, run_after=2021-01-01T00:00:00+00:00
[2022-07-06 20:25:16,222] {processor.py:161} INFO - Processing /home/airflow/.local/lib/python3.7/site-packages/airflow/example_dags/example_xcom.py took 0.172 seconds
[2022-07-06 20:25:46,536] {processor.py:153} INFO - Started process (PID=3167) to work on /home/airflow/.local/lib/python3.7/site-packages/airflow/example_dags/example_xcom.py
[2022-07-06 20:25:46,537] {processor.py:641} INFO - Processing file /home/airflow/.local/lib/python3.7/site-packages/airflow/example_dags/example_xcom.py for tasks to queue
[2022-07-06 20:25:46,537] {logging_mixin.py:115} INFO - [2022-07-06 20:25:46,537] {dagbag.py:507} INFO - Filling up the DagBag from /home/airflow/.local/lib/python3.7/site-packages/airflow/example_dags/example_xcom.py
[2022-07-06 20:25:46,565] {processor.py:651} INFO - DAG(s) dict_keys(['example_xcom']) retrieved from /home/airflow/.local/lib/python3.7/site-packages/airflow/example_dags/example_xcom.py
[2022-07-06 20:25:46,658] {logging_mixin.py:115} INFO - [2022-07-06 20:25:46,658] {dag.py:2379} INFO - Sync 1 DAGs
[2022-07-06 20:25:46,812] {logging_mixin.py:115} INFO - [2022-07-06 20:25:46,812] {dag.py:2931} INFO - Setting next_dagrun for example_xcom to 2021-01-01T00:00:00+00:00, run_after=2021-01-01T00:00:00+00:00
[2022-07-06 20:25:46,832] {processor.py:161} INFO - Processing /home/airflow/.local/lib/python3.7/site-packages/airflow/example_dags/example_xcom.py took 0.301 seconds
[2022-07-06 20:26:18,772] {processor.py:153} INFO - Started process (PID=3217) to work on /home/airflow/.local/lib/python3.7/site-packages/airflow/example_dags/example_xcom.py
[2022-07-06 20:26:18,791] {processor.py:641} INFO - Processing file /home/airflow/.local/lib/python3.7/site-packages/airflow/example_dags/example_xcom.py for tasks to queue
[2022-07-06 20:26:18,792] {logging_mixin.py:115} INFO - [2022-07-06 20:26:18,792] {dagbag.py:507} INFO - Filling up the DagBag from /home/airflow/.local/lib/python3.7/site-packages/airflow/example_dags/example_xcom.py
[2022-07-06 20:26:18,901] {processor.py:651} INFO - DAG(s) dict_keys(['example_xcom']) retrieved from /home/airflow/.local/lib/python3.7/site-packages/airflow/example_dags/example_xcom.py
[2022-07-06 20:26:19,039] {logging_mixin.py:115} INFO - [2022-07-06 20:26:19,038] {dag.py:2379} INFO - Sync 1 DAGs
[2022-07-06 20:26:19,184] {logging_mixin.py:115} INFO - [2022-07-06 20:26:19,184] {dag.py:2931} INFO - Setting next_dagrun for example_xcom to 2021-01-01T00:00:00+00:00, run_after=2021-01-01T00:00:00+00:00
[2022-07-06 20:26:19,238] {processor.py:161} INFO - Processing /home/airflow/.local/lib/python3.7/site-packages/airflow/example_dags/example_xcom.py took 0.484 seconds
[2022-07-06 20:26:49,695] {processor.py:153} INFO - Started process (PID=3280) to work on /home/airflow/.local/lib/python3.7/site-packages/airflow/example_dags/example_xcom.py
[2022-07-06 20:26:49,742] {processor.py:641} INFO - Processing file /home/airflow/.local/lib/python3.7/site-packages/airflow/example_dags/example_xcom.py for tasks to queue
[2022-07-06 20:26:49,744] {logging_mixin.py:115} INFO - [2022-07-06 20:26:49,743] {dagbag.py:507} INFO - Filling up the DagBag from /home/airflow/.local/lib/python3.7/site-packages/airflow/example_dags/example_xcom.py
[2022-07-06 20:26:49,827] {processor.py:651} INFO - DAG(s) dict_keys(['example_xcom']) retrieved from /home/airflow/.local/lib/python3.7/site-packages/airflow/example_dags/example_xcom.py
[2022-07-06 20:26:49,933] {logging_mixin.py:115} INFO - [2022-07-06 20:26:49,932] {dag.py:2379} INFO - Sync 1 DAGs
[2022-07-06 20:26:50,097] {logging_mixin.py:115} INFO - [2022-07-06 20:26:50,097] {dag.py:2931} INFO - Setting next_dagrun for example_xcom to 2021-01-01T00:00:00+00:00, run_after=2021-01-01T00:00:00+00:00
[2022-07-06 20:26:50,119] {processor.py:161} INFO - Processing /home/airflow/.local/lib/python3.7/site-packages/airflow/example_dags/example_xcom.py took 0.435 seconds
