[2022-07-06 19:39:35,061] {processor.py:153} INFO - Started process (PID=172) to work on /home/airflow/.local/lib/python3.7/site-packages/airflow/example_dags/example_task_group.py
[2022-07-06 19:39:35,061] {processor.py:641} INFO - Processing file /home/airflow/.local/lib/python3.7/site-packages/airflow/example_dags/example_task_group.py for tasks to queue
[2022-07-06 19:39:35,062] {logging_mixin.py:115} INFO - [2022-07-06 19:39:35,062] {dagbag.py:507} INFO - Filling up the DagBag from /home/airflow/.local/lib/python3.7/site-packages/airflow/example_dags/example_task_group.py
[2022-07-06 19:39:35,328] {processor.py:651} INFO - DAG(s) dict_keys(['example_task_group']) retrieved from /home/airflow/.local/lib/python3.7/site-packages/airflow/example_dags/example_task_group.py
[2022-07-06 19:39:36,154] {logging_mixin.py:115} INFO - [2022-07-06 19:39:36,154] {manager.py:508} INFO - Created Permission View: can delete on DAG:example_task_group
[2022-07-06 19:39:36,433] {logging_mixin.py:115} INFO - [2022-07-06 19:39:36,433] {manager.py:508} INFO - Created Permission View: can edit on DAG:example_task_group
[2022-07-06 19:39:36,829] {logging_mixin.py:115} INFO - [2022-07-06 19:39:36,829] {manager.py:508} INFO - Created Permission View: can read on DAG:example_task_group
[2022-07-06 19:39:36,830] {logging_mixin.py:115} INFO - [2022-07-06 19:39:36,830] {dag.py:2379} INFO - Sync 1 DAGs
[2022-07-06 19:39:36,864] {logging_mixin.py:115} INFO - [2022-07-06 19:39:36,864] {dag.py:2398} INFO - Creating ORM DAG for example_task_group
[2022-07-06 19:39:36,921] {logging_mixin.py:115} INFO - [2022-07-06 19:39:36,920] {dag.py:2931} INFO - Setting next_dagrun for example_task_group to 2022-07-05T19:39:36.919703+00:00, run_after=2022-07-06T19:39:36.919703+00:00
[2022-07-06 19:39:37,185] {processor.py:161} INFO - Processing /home/airflow/.local/lib/python3.7/site-packages/airflow/example_dags/example_task_group.py took 2.128 seconds
[2022-07-06 19:40:07,721] {processor.py:153} INFO - Started process (PID=222) to work on /home/airflow/.local/lib/python3.7/site-packages/airflow/example_dags/example_task_group.py
[2022-07-06 19:40:07,726] {processor.py:641} INFO - Processing file /home/airflow/.local/lib/python3.7/site-packages/airflow/example_dags/example_task_group.py for tasks to queue
[2022-07-06 19:40:07,727] {logging_mixin.py:115} INFO - [2022-07-06 19:40:07,727] {dagbag.py:507} INFO - Filling up the DagBag from /home/airflow/.local/lib/python3.7/site-packages/airflow/example_dags/example_task_group.py
[2022-07-06 19:40:07,758] {processor.py:651} INFO - DAG(s) dict_keys(['example_task_group']) retrieved from /home/airflow/.local/lib/python3.7/site-packages/airflow/example_dags/example_task_group.py
[2022-07-06 19:40:07,804] {logging_mixin.py:115} INFO - [2022-07-06 19:40:07,804] {dag.py:2379} INFO - Sync 1 DAGs
[2022-07-06 19:40:07,850] {logging_mixin.py:115} INFO - [2022-07-06 19:40:07,850] {dag.py:2931} INFO - Setting next_dagrun for example_task_group to 2022-07-05T19:40:07.849955+00:00, run_after=2022-07-06T19:40:07.849955+00:00
[2022-07-06 19:40:08,009] {processor.py:161} INFO - Processing /home/airflow/.local/lib/python3.7/site-packages/airflow/example_dags/example_task_group.py took 0.293 seconds
[2022-07-06 19:40:38,251] {processor.py:153} INFO - Started process (PID=275) to work on /home/airflow/.local/lib/python3.7/site-packages/airflow/example_dags/example_task_group.py
[2022-07-06 19:40:38,279] {processor.py:641} INFO - Processing file /home/airflow/.local/lib/python3.7/site-packages/airflow/example_dags/example_task_group.py for tasks to queue
[2022-07-06 19:40:38,280] {logging_mixin.py:115} INFO - [2022-07-06 19:40:38,280] {dagbag.py:507} INFO - Filling up the DagBag from /home/airflow/.local/lib/python3.7/site-packages/airflow/example_dags/example_task_group.py
[2022-07-06 19:40:38,295] {processor.py:651} INFO - DAG(s) dict_keys(['example_task_group']) retrieved from /home/airflow/.local/lib/python3.7/site-packages/airflow/example_dags/example_task_group.py
[2022-07-06 19:40:38,336] {logging_mixin.py:115} INFO - [2022-07-06 19:40:38,336] {dag.py:2379} INFO - Sync 1 DAGs
[2022-07-06 19:40:38,369] {logging_mixin.py:115} INFO - [2022-07-06 19:40:38,369] {dag.py:2931} INFO - Setting next_dagrun for example_task_group to 2022-07-05T19:40:38.368855+00:00, run_after=2022-07-06T19:40:38.368855+00:00
[2022-07-06 19:40:38,397] {processor.py:161} INFO - Processing /home/airflow/.local/lib/python3.7/site-packages/airflow/example_dags/example_task_group.py took 0.150 seconds
[2022-07-06 19:41:08,838] {processor.py:153} INFO - Started process (PID=335) to work on /home/airflow/.local/lib/python3.7/site-packages/airflow/example_dags/example_task_group.py
[2022-07-06 19:41:08,840] {processor.py:641} INFO - Processing file /home/airflow/.local/lib/python3.7/site-packages/airflow/example_dags/example_task_group.py for tasks to queue
[2022-07-06 19:41:08,840] {logging_mixin.py:115} INFO - [2022-07-06 19:41:08,840] {dagbag.py:507} INFO - Filling up the DagBag from /home/airflow/.local/lib/python3.7/site-packages/airflow/example_dags/example_task_group.py
[2022-07-06 19:41:08,859] {processor.py:651} INFO - DAG(s) dict_keys(['example_task_group']) retrieved from /home/airflow/.local/lib/python3.7/site-packages/airflow/example_dags/example_task_group.py
[2022-07-06 19:41:08,900] {logging_mixin.py:115} INFO - [2022-07-06 19:41:08,900] {dag.py:2379} INFO - Sync 1 DAGs
[2022-07-06 19:41:08,924] {logging_mixin.py:115} INFO - [2022-07-06 19:41:08,924] {dag.py:2931} INFO - Setting next_dagrun for example_task_group to 2022-07-05T19:41:08.923753+00:00, run_after=2022-07-06T19:41:08.923753+00:00
[2022-07-06 19:41:09,307] {processor.py:161} INFO - Processing /home/airflow/.local/lib/python3.7/site-packages/airflow/example_dags/example_task_group.py took 0.475 seconds
[2022-07-06 19:41:42,054] {processor.py:153} INFO - Started process (PID=378) to work on /home/airflow/.local/lib/python3.7/site-packages/airflow/example_dags/example_task_group.py
[2022-07-06 19:41:42,157] {processor.py:641} INFO - Processing file /home/airflow/.local/lib/python3.7/site-packages/airflow/example_dags/example_task_group.py for tasks to queue
[2022-07-06 19:41:42,158] {logging_mixin.py:115} INFO - [2022-07-06 19:41:42,158] {dagbag.py:507} INFO - Filling up the DagBag from /home/airflow/.local/lib/python3.7/site-packages/airflow/example_dags/example_task_group.py
[2022-07-06 19:41:43,061] {processor.py:651} INFO - DAG(s) dict_keys(['example_task_group']) retrieved from /home/airflow/.local/lib/python3.7/site-packages/airflow/example_dags/example_task_group.py
[2022-07-06 19:41:47,757] {logging_mixin.py:115} INFO - [2022-07-06 19:41:47,756] {dag.py:2379} INFO - Sync 1 DAGs
[2022-07-06 19:41:47,934] {logging_mixin.py:115} INFO - [2022-07-06 19:41:47,934] {dag.py:2931} INFO - Setting next_dagrun for example_task_group to 2022-07-05T19:41:47.934121+00:00, run_after=2022-07-06T19:41:47.934121+00:00
[2022-07-06 19:41:48,852] {processor.py:161} INFO - Processing /home/airflow/.local/lib/python3.7/site-packages/airflow/example_dags/example_task_group.py took 6.808 seconds
[2022-07-06 19:45:16,861] {processor.py:153} INFO - Started process (PID=482) to work on /home/airflow/.local/lib/python3.7/site-packages/airflow/example_dags/example_task_group.py
[2022-07-06 19:45:17,657] {processor.py:641} INFO - Processing file /home/airflow/.local/lib/python3.7/site-packages/airflow/example_dags/example_task_group.py for tasks to queue
[2022-07-06 19:45:17,829] {logging_mixin.py:115} INFO - [2022-07-06 19:45:17,828] {dagbag.py:507} INFO - Filling up the DagBag from /home/airflow/.local/lib/python3.7/site-packages/airflow/example_dags/example_task_group.py
[2022-07-06 19:45:19,735] {processor.py:651} INFO - DAG(s) dict_keys(['example_task_group']) retrieved from /home/airflow/.local/lib/python3.7/site-packages/airflow/example_dags/example_task_group.py
[2022-07-06 19:45:19,771] {logging_mixin.py:115} INFO - [2022-07-06 19:45:19,770] {dag.py:2379} INFO - Sync 1 DAGs
[2022-07-06 19:45:21,415] {logging_mixin.py:115} INFO - [2022-07-06 19:45:21,414] {dag.py:2931} INFO - Setting next_dagrun for example_task_group to 2022-07-05T19:45:19.793809+00:00, run_after=2022-07-06T19:45:19.793809+00:00
[2022-07-06 19:45:22,301] {processor.py:161} INFO - Processing /home/airflow/.local/lib/python3.7/site-packages/airflow/example_dags/example_task_group.py took 5.451 seconds
[2022-07-06 19:54:41,091] {processor.py:153} INFO - Started process (PID=146) to work on /home/airflow/.local/lib/python3.7/site-packages/airflow/example_dags/example_task_group.py
[2022-07-06 19:54:41,261] {processor.py:641} INFO - Processing file /home/airflow/.local/lib/python3.7/site-packages/airflow/example_dags/example_task_group.py for tasks to queue
[2022-07-06 19:54:41,262] {logging_mixin.py:115} INFO - [2022-07-06 19:54:41,262] {dagbag.py:507} INFO - Filling up the DagBag from /home/airflow/.local/lib/python3.7/site-packages/airflow/example_dags/example_task_group.py
[2022-07-06 19:54:41,280] {processor.py:651} INFO - DAG(s) dict_keys(['example_task_group']) retrieved from /home/airflow/.local/lib/python3.7/site-packages/airflow/example_dags/example_task_group.py
[2022-07-06 19:54:41,320] {logging_mixin.py:115} INFO - [2022-07-06 19:54:41,320] {dag.py:2379} INFO - Sync 1 DAGs
[2022-07-06 19:54:41,355] {logging_mixin.py:115} INFO - [2022-07-06 19:54:41,355] {dag.py:2931} INFO - Setting next_dagrun for example_task_group to 2022-07-05T19:54:41.355057+00:00, run_after=2022-07-06T19:54:41.355057+00:00
[2022-07-06 19:54:41,442] {processor.py:161} INFO - Processing /home/airflow/.local/lib/python3.7/site-packages/airflow/example_dags/example_task_group.py took 0.355 seconds
[2022-07-06 19:55:38,894] {processor.py:153} INFO - Started process (PID=217) to work on /home/airflow/.local/lib/python3.7/site-packages/airflow/example_dags/example_task_group.py
[2022-07-06 19:55:39,048] {processor.py:641} INFO - Processing file /home/airflow/.local/lib/python3.7/site-packages/airflow/example_dags/example_task_group.py for tasks to queue
[2022-07-06 19:55:39,049] {logging_mixin.py:115} INFO - [2022-07-06 19:55:39,048] {dagbag.py:507} INFO - Filling up the DagBag from /home/airflow/.local/lib/python3.7/site-packages/airflow/example_dags/example_task_group.py
[2022-07-06 19:55:39,382] {processor.py:651} INFO - DAG(s) dict_keys(['example_task_group']) retrieved from /home/airflow/.local/lib/python3.7/site-packages/airflow/example_dags/example_task_group.py
[2022-07-06 19:55:39,631] {logging_mixin.py:115} INFO - [2022-07-06 19:55:39,631] {dag.py:2379} INFO - Sync 1 DAGs
[2022-07-06 19:55:39,679] {logging_mixin.py:115} INFO - [2022-07-06 19:55:39,679] {dag.py:2931} INFO - Setting next_dagrun for example_task_group to 2022-07-05T19:55:39.679211+00:00, run_after=2022-07-06T19:55:39.679211+00:00
[2022-07-06 19:55:40,576] {processor.py:161} INFO - Processing /home/airflow/.local/lib/python3.7/site-packages/airflow/example_dags/example_task_group.py took 1.693 seconds
[2022-07-06 19:58:14,872] {processor.py:153} INFO - Started process (PID=353) to work on /home/airflow/.local/lib/python3.7/site-packages/airflow/example_dags/example_task_group.py
[2022-07-06 19:58:14,913] {processor.py:641} INFO - Processing file /home/airflow/.local/lib/python3.7/site-packages/airflow/example_dags/example_task_group.py for tasks to queue
[2022-07-06 19:58:14,914] {logging_mixin.py:115} INFO - [2022-07-06 19:58:14,914] {dagbag.py:507} INFO - Filling up the DagBag from /home/airflow/.local/lib/python3.7/site-packages/airflow/example_dags/example_task_group.py
[2022-07-06 19:58:14,931] {processor.py:651} INFO - DAG(s) dict_keys(['example_task_group']) retrieved from /home/airflow/.local/lib/python3.7/site-packages/airflow/example_dags/example_task_group.py
[2022-07-06 19:58:14,974] {logging_mixin.py:115} INFO - [2022-07-06 19:58:14,974] {dag.py:2379} INFO - Sync 1 DAGs
[2022-07-06 19:58:15,015] {logging_mixin.py:115} INFO - [2022-07-06 19:58:15,015] {dag.py:2931} INFO - Setting next_dagrun for example_task_group to 2022-07-05T19:58:15.015110+00:00, run_after=2022-07-06T19:58:15.015110+00:00
[2022-07-06 19:58:15,120] {processor.py:161} INFO - Processing /home/airflow/.local/lib/python3.7/site-packages/airflow/example_dags/example_task_group.py took 0.252 seconds
[2022-07-06 19:58:46,453] {processor.py:153} INFO - Started process (PID=405) to work on /home/airflow/.local/lib/python3.7/site-packages/airflow/example_dags/example_task_group.py
[2022-07-06 19:58:46,493] {processor.py:641} INFO - Processing file /home/airflow/.local/lib/python3.7/site-packages/airflow/example_dags/example_task_group.py for tasks to queue
[2022-07-06 19:58:46,493] {logging_mixin.py:115} INFO - [2022-07-06 19:58:46,493] {dagbag.py:507} INFO - Filling up the DagBag from /home/airflow/.local/lib/python3.7/site-packages/airflow/example_dags/example_task_group.py
[2022-07-06 19:58:46,506] {processor.py:651} INFO - DAG(s) dict_keys(['example_task_group']) retrieved from /home/airflow/.local/lib/python3.7/site-packages/airflow/example_dags/example_task_group.py
[2022-07-06 19:58:46,536] {logging_mixin.py:115} INFO - [2022-07-06 19:58:46,536] {dag.py:2379} INFO - Sync 1 DAGs
[2022-07-06 19:58:46,567] {logging_mixin.py:115} INFO - [2022-07-06 19:58:46,567] {dag.py:2931} INFO - Setting next_dagrun for example_task_group to 2022-07-05T19:58:46.567461+00:00, run_after=2022-07-06T19:58:46.567461+00:00
[2022-07-06 19:58:46,646] {processor.py:161} INFO - Processing /home/airflow/.local/lib/python3.7/site-packages/airflow/example_dags/example_task_group.py took 0.197 seconds
[2022-07-06 19:59:31,813] {processor.py:153} INFO - Started process (PID=466) to work on /home/airflow/.local/lib/python3.7/site-packages/airflow/example_dags/example_task_group.py
[2022-07-06 19:59:31,924] {processor.py:641} INFO - Processing file /home/airflow/.local/lib/python3.7/site-packages/airflow/example_dags/example_task_group.py for tasks to queue
[2022-07-06 19:59:31,925] {logging_mixin.py:115} INFO - [2022-07-06 19:59:31,925] {dagbag.py:507} INFO - Filling up the DagBag from /home/airflow/.local/lib/python3.7/site-packages/airflow/example_dags/example_task_group.py
[2022-07-06 19:59:31,934] {processor.py:651} INFO - DAG(s) dict_keys(['example_task_group']) retrieved from /home/airflow/.local/lib/python3.7/site-packages/airflow/example_dags/example_task_group.py
[2022-07-06 19:59:32,137] {logging_mixin.py:115} INFO - [2022-07-06 19:59:32,137] {dag.py:2379} INFO - Sync 1 DAGs
[2022-07-06 19:59:32,357] {logging_mixin.py:115} INFO - [2022-07-06 19:59:32,357] {dag.py:2931} INFO - Setting next_dagrun for example_task_group to 2022-07-05T19:59:32.252270+00:00, run_after=2022-07-06T19:59:32.252270+00:00
[2022-07-06 19:59:32,537] {processor.py:161} INFO - Processing /home/airflow/.local/lib/python3.7/site-packages/airflow/example_dags/example_task_group.py took 0.730 seconds
[2022-07-06 20:00:02,797] {processor.py:153} INFO - Started process (PID=518) to work on /home/airflow/.local/lib/python3.7/site-packages/airflow/example_dags/example_task_group.py
[2022-07-06 20:00:02,798] {processor.py:641} INFO - Processing file /home/airflow/.local/lib/python3.7/site-packages/airflow/example_dags/example_task_group.py for tasks to queue
[2022-07-06 20:00:02,798] {logging_mixin.py:115} INFO - [2022-07-06 20:00:02,798] {dagbag.py:507} INFO - Filling up the DagBag from /home/airflow/.local/lib/python3.7/site-packages/airflow/example_dags/example_task_group.py
[2022-07-06 20:00:02,808] {processor.py:651} INFO - DAG(s) dict_keys(['example_task_group']) retrieved from /home/airflow/.local/lib/python3.7/site-packages/airflow/example_dags/example_task_group.py
[2022-07-06 20:00:02,847] {logging_mixin.py:115} INFO - [2022-07-06 20:00:02,847] {dag.py:2379} INFO - Sync 1 DAGs
[2022-07-06 20:00:02,885] {logging_mixin.py:115} INFO - [2022-07-06 20:00:02,885] {dag.py:2931} INFO - Setting next_dagrun for example_task_group to 2022-07-05T20:00:02.885024+00:00, run_after=2022-07-06T20:00:02.885024+00:00
[2022-07-06 20:00:02,971] {processor.py:161} INFO - Processing /home/airflow/.local/lib/python3.7/site-packages/airflow/example_dags/example_task_group.py took 0.177 seconds
[2022-07-06 20:00:33,376] {processor.py:153} INFO - Started process (PID=578) to work on /home/airflow/.local/lib/python3.7/site-packages/airflow/example_dags/example_task_group.py
[2022-07-06 20:00:33,396] {processor.py:641} INFO - Processing file /home/airflow/.local/lib/python3.7/site-packages/airflow/example_dags/example_task_group.py for tasks to queue
[2022-07-06 20:00:33,397] {logging_mixin.py:115} INFO - [2022-07-06 20:00:33,397] {dagbag.py:507} INFO - Filling up the DagBag from /home/airflow/.local/lib/python3.7/site-packages/airflow/example_dags/example_task_group.py
[2022-07-06 20:00:33,409] {processor.py:651} INFO - DAG(s) dict_keys(['example_task_group']) retrieved from /home/airflow/.local/lib/python3.7/site-packages/airflow/example_dags/example_task_group.py
[2022-07-06 20:00:33,443] {logging_mixin.py:115} INFO - [2022-07-06 20:00:33,443] {dag.py:2379} INFO - Sync 1 DAGs
[2022-07-06 20:00:33,473] {logging_mixin.py:115} INFO - [2022-07-06 20:00:33,473] {dag.py:2931} INFO - Setting next_dagrun for example_task_group to 2022-07-05T20:00:33.472793+00:00, run_after=2022-07-06T20:00:33.472793+00:00
[2022-07-06 20:00:33,495] {processor.py:161} INFO - Processing /home/airflow/.local/lib/python3.7/site-packages/airflow/example_dags/example_task_group.py took 0.124 seconds
[2022-07-06 20:01:13,588] {processor.py:153} INFO - Started process (PID=638) to work on /home/airflow/.local/lib/python3.7/site-packages/airflow/example_dags/example_task_group.py
[2022-07-06 20:01:13,588] {processor.py:641} INFO - Processing file /home/airflow/.local/lib/python3.7/site-packages/airflow/example_dags/example_task_group.py for tasks to queue
[2022-07-06 20:01:13,589] {logging_mixin.py:115} INFO - [2022-07-06 20:01:13,589] {dagbag.py:507} INFO - Filling up the DagBag from /home/airflow/.local/lib/python3.7/site-packages/airflow/example_dags/example_task_group.py
[2022-07-06 20:01:13,599] {processor.py:651} INFO - DAG(s) dict_keys(['example_task_group']) retrieved from /home/airflow/.local/lib/python3.7/site-packages/airflow/example_dags/example_task_group.py
[2022-07-06 20:01:13,635] {logging_mixin.py:115} INFO - [2022-07-06 20:01:13,634] {dag.py:2379} INFO - Sync 1 DAGs
[2022-07-06 20:01:13,666] {logging_mixin.py:115} INFO - [2022-07-06 20:01:13,666] {dag.py:2931} INFO - Setting next_dagrun for example_task_group to 2022-07-05T20:01:13.666485+00:00, run_after=2022-07-06T20:01:13.666485+00:00
[2022-07-06 20:01:13,723] {processor.py:161} INFO - Processing /home/airflow/.local/lib/python3.7/site-packages/airflow/example_dags/example_task_group.py took 0.138 seconds
[2022-07-06 20:01:54,726] {processor.py:153} INFO - Started process (PID=699) to work on /home/airflow/.local/lib/python3.7/site-packages/airflow/example_dags/example_task_group.py
[2022-07-06 20:01:54,765] {processor.py:641} INFO - Processing file /home/airflow/.local/lib/python3.7/site-packages/airflow/example_dags/example_task_group.py for tasks to queue
[2022-07-06 20:01:54,766] {logging_mixin.py:115} INFO - [2022-07-06 20:01:54,765] {dagbag.py:507} INFO - Filling up the DagBag from /home/airflow/.local/lib/python3.7/site-packages/airflow/example_dags/example_task_group.py
[2022-07-06 20:01:54,778] {processor.py:651} INFO - DAG(s) dict_keys(['example_task_group']) retrieved from /home/airflow/.local/lib/python3.7/site-packages/airflow/example_dags/example_task_group.py
[2022-07-06 20:01:54,818] {logging_mixin.py:115} INFO - [2022-07-06 20:01:54,818] {dag.py:2379} INFO - Sync 1 DAGs
[2022-07-06 20:01:54,851] {logging_mixin.py:115} INFO - [2022-07-06 20:01:54,851] {dag.py:2931} INFO - Setting next_dagrun for example_task_group to 2022-07-05T20:01:54.850727+00:00, run_after=2022-07-06T20:01:54.850727+00:00
[2022-07-06 20:01:54,950] {processor.py:161} INFO - Processing /home/airflow/.local/lib/python3.7/site-packages/airflow/example_dags/example_task_group.py took 0.230 seconds
[2022-07-06 20:02:26,365] {processor.py:153} INFO - Started process (PID=750) to work on /home/airflow/.local/lib/python3.7/site-packages/airflow/example_dags/example_task_group.py
[2022-07-06 20:02:26,365] {processor.py:641} INFO - Processing file /home/airflow/.local/lib/python3.7/site-packages/airflow/example_dags/example_task_group.py for tasks to queue
[2022-07-06 20:02:26,366] {logging_mixin.py:115} INFO - [2022-07-06 20:02:26,366] {dagbag.py:507} INFO - Filling up the DagBag from /home/airflow/.local/lib/python3.7/site-packages/airflow/example_dags/example_task_group.py
[2022-07-06 20:02:26,376] {processor.py:651} INFO - DAG(s) dict_keys(['example_task_group']) retrieved from /home/airflow/.local/lib/python3.7/site-packages/airflow/example_dags/example_task_group.py
[2022-07-06 20:02:26,407] {logging_mixin.py:115} INFO - [2022-07-06 20:02:26,406] {dag.py:2379} INFO - Sync 1 DAGs
[2022-07-06 20:02:26,438] {logging_mixin.py:115} INFO - [2022-07-06 20:02:26,438] {dag.py:2931} INFO - Setting next_dagrun for example_task_group to 2022-07-05T20:02:26.437811+00:00, run_after=2022-07-06T20:02:26.437811+00:00
[2022-07-06 20:02:26,505] {processor.py:161} INFO - Processing /home/airflow/.local/lib/python3.7/site-packages/airflow/example_dags/example_task_group.py took 0.144 seconds
[2022-07-06 20:03:00,988] {processor.py:153} INFO - Started process (PID=810) to work on /home/airflow/.local/lib/python3.7/site-packages/airflow/example_dags/example_task_group.py
[2022-07-06 20:03:01,140] {processor.py:641} INFO - Processing file /home/airflow/.local/lib/python3.7/site-packages/airflow/example_dags/example_task_group.py for tasks to queue
[2022-07-06 20:03:01,141] {logging_mixin.py:115} INFO - [2022-07-06 20:03:01,141] {dagbag.py:507} INFO - Filling up the DagBag from /home/airflow/.local/lib/python3.7/site-packages/airflow/example_dags/example_task_group.py
[2022-07-06 20:03:01,150] {processor.py:651} INFO - DAG(s) dict_keys(['example_task_group']) retrieved from /home/airflow/.local/lib/python3.7/site-packages/airflow/example_dags/example_task_group.py
[2022-07-06 20:03:01,182] {logging_mixin.py:115} INFO - [2022-07-06 20:03:01,182] {dag.py:2379} INFO - Sync 1 DAGs
[2022-07-06 20:03:01,221] {logging_mixin.py:115} INFO - [2022-07-06 20:03:01,221] {dag.py:2931} INFO - Setting next_dagrun for example_task_group to 2022-07-05T20:03:01.220623+00:00, run_after=2022-07-06T20:03:01.220623+00:00
[2022-07-06 20:03:01,453] {processor.py:161} INFO - Processing /home/airflow/.local/lib/python3.7/site-packages/airflow/example_dags/example_task_group.py took 0.470 seconds
[2022-07-06 20:03:31,710] {processor.py:153} INFO - Started process (PID=862) to work on /home/airflow/.local/lib/python3.7/site-packages/airflow/example_dags/example_task_group.py
[2022-07-06 20:03:31,711] {processor.py:641} INFO - Processing file /home/airflow/.local/lib/python3.7/site-packages/airflow/example_dags/example_task_group.py for tasks to queue
[2022-07-06 20:03:31,711] {logging_mixin.py:115} INFO - [2022-07-06 20:03:31,711] {dagbag.py:507} INFO - Filling up the DagBag from /home/airflow/.local/lib/python3.7/site-packages/airflow/example_dags/example_task_group.py
[2022-07-06 20:03:31,725] {processor.py:651} INFO - DAG(s) dict_keys(['example_task_group']) retrieved from /home/airflow/.local/lib/python3.7/site-packages/airflow/example_dags/example_task_group.py
[2022-07-06 20:03:31,762] {logging_mixin.py:115} INFO - [2022-07-06 20:03:31,762] {dag.py:2379} INFO - Sync 1 DAGs
[2022-07-06 20:03:31,801] {logging_mixin.py:115} INFO - [2022-07-06 20:03:31,801] {dag.py:2931} INFO - Setting next_dagrun for example_task_group to 2022-07-05T20:03:31.800834+00:00, run_after=2022-07-06T20:03:31.800834+00:00
[2022-07-06 20:03:31,849] {processor.py:161} INFO - Processing /home/airflow/.local/lib/python3.7/site-packages/airflow/example_dags/example_task_group.py took 0.146 seconds
[2022-07-06 20:04:02,406] {processor.py:153} INFO - Started process (PID=914) to work on /home/airflow/.local/lib/python3.7/site-packages/airflow/example_dags/example_task_group.py
[2022-07-06 20:04:02,425] {processor.py:641} INFO - Processing file /home/airflow/.local/lib/python3.7/site-packages/airflow/example_dags/example_task_group.py for tasks to queue
[2022-07-06 20:04:02,425] {logging_mixin.py:115} INFO - [2022-07-06 20:04:02,425] {dagbag.py:507} INFO - Filling up the DagBag from /home/airflow/.local/lib/python3.7/site-packages/airflow/example_dags/example_task_group.py
[2022-07-06 20:04:02,437] {processor.py:651} INFO - DAG(s) dict_keys(['example_task_group']) retrieved from /home/airflow/.local/lib/python3.7/site-packages/airflow/example_dags/example_task_group.py
[2022-07-06 20:04:02,480] {logging_mixin.py:115} INFO - [2022-07-06 20:04:02,480] {dag.py:2379} INFO - Sync 1 DAGs
[2022-07-06 20:04:02,515] {logging_mixin.py:115} INFO - [2022-07-06 20:04:02,515] {dag.py:2931} INFO - Setting next_dagrun for example_task_group to 2022-07-05T20:04:02.514926+00:00, run_after=2022-07-06T20:04:02.514926+00:00
[2022-07-06 20:04:02,547] {processor.py:161} INFO - Processing /home/airflow/.local/lib/python3.7/site-packages/airflow/example_dags/example_task_group.py took 0.147 seconds
[2022-07-06 20:04:33,392] {processor.py:153} INFO - Started process (PID=965) to work on /home/airflow/.local/lib/python3.7/site-packages/airflow/example_dags/example_task_group.py
[2022-07-06 20:04:33,393] {processor.py:641} INFO - Processing file /home/airflow/.local/lib/python3.7/site-packages/airflow/example_dags/example_task_group.py for tasks to queue
[2022-07-06 20:04:33,393] {logging_mixin.py:115} INFO - [2022-07-06 20:04:33,393] {dagbag.py:507} INFO - Filling up the DagBag from /home/airflow/.local/lib/python3.7/site-packages/airflow/example_dags/example_task_group.py
[2022-07-06 20:04:33,402] {processor.py:651} INFO - DAG(s) dict_keys(['example_task_group']) retrieved from /home/airflow/.local/lib/python3.7/site-packages/airflow/example_dags/example_task_group.py
[2022-07-06 20:04:33,443] {logging_mixin.py:115} INFO - [2022-07-06 20:04:33,443] {dag.py:2379} INFO - Sync 1 DAGs
[2022-07-06 20:04:33,484] {logging_mixin.py:115} INFO - [2022-07-06 20:04:33,483] {dag.py:2931} INFO - Setting next_dagrun for example_task_group to 2022-07-05T20:04:33.483466+00:00, run_after=2022-07-06T20:04:33.483466+00:00
[2022-07-06 20:04:33,523] {processor.py:161} INFO - Processing /home/airflow/.local/lib/python3.7/site-packages/airflow/example_dags/example_task_group.py took 0.135 seconds
[2022-07-06 20:05:04,348] {processor.py:153} INFO - Started process (PID=1027) to work on /home/airflow/.local/lib/python3.7/site-packages/airflow/example_dags/example_task_group.py
[2022-07-06 20:05:04,348] {processor.py:641} INFO - Processing file /home/airflow/.local/lib/python3.7/site-packages/airflow/example_dags/example_task_group.py for tasks to queue
[2022-07-06 20:05:04,349] {logging_mixin.py:115} INFO - [2022-07-06 20:05:04,349] {dagbag.py:507} INFO - Filling up the DagBag from /home/airflow/.local/lib/python3.7/site-packages/airflow/example_dags/example_task_group.py
[2022-07-06 20:05:04,358] {processor.py:651} INFO - DAG(s) dict_keys(['example_task_group']) retrieved from /home/airflow/.local/lib/python3.7/site-packages/airflow/example_dags/example_task_group.py
[2022-07-06 20:05:04,391] {logging_mixin.py:115} INFO - [2022-07-06 20:05:04,391] {dag.py:2379} INFO - Sync 1 DAGs
[2022-07-06 20:05:04,430] {logging_mixin.py:115} INFO - [2022-07-06 20:05:04,430] {dag.py:2931} INFO - Setting next_dagrun for example_task_group to 2022-07-05T20:05:04.430232+00:00, run_after=2022-07-06T20:05:04.430232+00:00
[2022-07-06 20:05:04,464] {processor.py:161} INFO - Processing /home/airflow/.local/lib/python3.7/site-packages/airflow/example_dags/example_task_group.py took 0.119 seconds
[2022-07-06 20:05:34,563] {processor.py:153} INFO - Started process (PID=1078) to work on /home/airflow/.local/lib/python3.7/site-packages/airflow/example_dags/example_task_group.py
[2022-07-06 20:05:34,584] {processor.py:641} INFO - Processing file /home/airflow/.local/lib/python3.7/site-packages/airflow/example_dags/example_task_group.py for tasks to queue
[2022-07-06 20:05:34,585] {logging_mixin.py:115} INFO - [2022-07-06 20:05:34,585] {dagbag.py:507} INFO - Filling up the DagBag from /home/airflow/.local/lib/python3.7/site-packages/airflow/example_dags/example_task_group.py
[2022-07-06 20:05:34,612] {processor.py:651} INFO - DAG(s) dict_keys(['example_task_group']) retrieved from /home/airflow/.local/lib/python3.7/site-packages/airflow/example_dags/example_task_group.py
[2022-07-06 20:05:34,706] {logging_mixin.py:115} INFO - [2022-07-06 20:05:34,706] {dag.py:2379} INFO - Sync 1 DAGs
[2022-07-06 20:05:34,742] {logging_mixin.py:115} INFO - [2022-07-06 20:05:34,741] {dag.py:2931} INFO - Setting next_dagrun for example_task_group to 2022-07-05T20:05:34.741580+00:00, run_after=2022-07-06T20:05:34.741580+00:00
[2022-07-06 20:05:34,762] {processor.py:161} INFO - Processing /home/airflow/.local/lib/python3.7/site-packages/airflow/example_dags/example_task_group.py took 0.202 seconds
[2022-07-06 20:06:05,334] {processor.py:153} INFO - Started process (PID=1130) to work on /home/airflow/.local/lib/python3.7/site-packages/airflow/example_dags/example_task_group.py
[2022-07-06 20:06:05,335] {processor.py:641} INFO - Processing file /home/airflow/.local/lib/python3.7/site-packages/airflow/example_dags/example_task_group.py for tasks to queue
[2022-07-06 20:06:05,335] {logging_mixin.py:115} INFO - [2022-07-06 20:06:05,335] {dagbag.py:507} INFO - Filling up the DagBag from /home/airflow/.local/lib/python3.7/site-packages/airflow/example_dags/example_task_group.py
[2022-07-06 20:06:05,346] {processor.py:651} INFO - DAG(s) dict_keys(['example_task_group']) retrieved from /home/airflow/.local/lib/python3.7/site-packages/airflow/example_dags/example_task_group.py
[2022-07-06 20:06:05,379] {logging_mixin.py:115} INFO - [2022-07-06 20:06:05,379] {dag.py:2379} INFO - Sync 1 DAGs
[2022-07-06 20:06:05,409] {logging_mixin.py:115} INFO - [2022-07-06 20:06:05,408] {dag.py:2931} INFO - Setting next_dagrun for example_task_group to 2022-07-05T20:06:05.408694+00:00, run_after=2022-07-06T20:06:05.408694+00:00
[2022-07-06 20:06:05,744] {processor.py:161} INFO - Processing /home/airflow/.local/lib/python3.7/site-packages/airflow/example_dags/example_task_group.py took 0.413 seconds
[2022-07-06 20:06:36,616] {processor.py:153} INFO - Started process (PID=1191) to work on /home/airflow/.local/lib/python3.7/site-packages/airflow/example_dags/example_task_group.py
[2022-07-06 20:06:36,633] {processor.py:641} INFO - Processing file /home/airflow/.local/lib/python3.7/site-packages/airflow/example_dags/example_task_group.py for tasks to queue
[2022-07-06 20:06:36,634] {logging_mixin.py:115} INFO - [2022-07-06 20:06:36,634] {dagbag.py:507} INFO - Filling up the DagBag from /home/airflow/.local/lib/python3.7/site-packages/airflow/example_dags/example_task_group.py
[2022-07-06 20:06:36,643] {processor.py:651} INFO - DAG(s) dict_keys(['example_task_group']) retrieved from /home/airflow/.local/lib/python3.7/site-packages/airflow/example_dags/example_task_group.py
[2022-07-06 20:06:36,683] {logging_mixin.py:115} INFO - [2022-07-06 20:06:36,683] {dag.py:2379} INFO - Sync 1 DAGs
[2022-07-06 20:06:36,723] {logging_mixin.py:115} INFO - [2022-07-06 20:06:36,722] {dag.py:2931} INFO - Setting next_dagrun for example_task_group to 2022-07-05T20:06:36.722463+00:00, run_after=2022-07-06T20:06:36.722463+00:00
[2022-07-06 20:06:36,784] {processor.py:161} INFO - Processing /home/airflow/.local/lib/python3.7/site-packages/airflow/example_dags/example_task_group.py took 0.172 seconds
[2022-07-06 20:07:07,635] {processor.py:153} INFO - Started process (PID=1243) to work on /home/airflow/.local/lib/python3.7/site-packages/airflow/example_dags/example_task_group.py
[2022-07-06 20:07:07,636] {processor.py:641} INFO - Processing file /home/airflow/.local/lib/python3.7/site-packages/airflow/example_dags/example_task_group.py for tasks to queue
[2022-07-06 20:07:07,638] {logging_mixin.py:115} INFO - [2022-07-06 20:07:07,637] {dagbag.py:507} INFO - Filling up the DagBag from /home/airflow/.local/lib/python3.7/site-packages/airflow/example_dags/example_task_group.py
[2022-07-06 20:07:07,674] {processor.py:651} INFO - DAG(s) dict_keys(['example_task_group']) retrieved from /home/airflow/.local/lib/python3.7/site-packages/airflow/example_dags/example_task_group.py
[2022-07-06 20:07:07,741] {logging_mixin.py:115} INFO - [2022-07-06 20:07:07,741] {dag.py:2379} INFO - Sync 1 DAGs
[2022-07-06 20:07:07,770] {logging_mixin.py:115} INFO - [2022-07-06 20:07:07,770] {dag.py:2931} INFO - Setting next_dagrun for example_task_group to 2022-07-05T20:07:07.770073+00:00, run_after=2022-07-06T20:07:07.770073+00:00
[2022-07-06 20:07:07,825] {processor.py:161} INFO - Processing /home/airflow/.local/lib/python3.7/site-packages/airflow/example_dags/example_task_group.py took 0.201 seconds
[2022-07-06 20:07:38,146] {processor.py:153} INFO - Started process (PID=1303) to work on /home/airflow/.local/lib/python3.7/site-packages/airflow/example_dags/example_task_group.py
[2022-07-06 20:07:38,173] {processor.py:641} INFO - Processing file /home/airflow/.local/lib/python3.7/site-packages/airflow/example_dags/example_task_group.py for tasks to queue
[2022-07-06 20:07:38,174] {logging_mixin.py:115} INFO - [2022-07-06 20:07:38,174] {dagbag.py:507} INFO - Filling up the DagBag from /home/airflow/.local/lib/python3.7/site-packages/airflow/example_dags/example_task_group.py
[2022-07-06 20:07:38,234] {processor.py:651} INFO - DAG(s) dict_keys(['example_task_group']) retrieved from /home/airflow/.local/lib/python3.7/site-packages/airflow/example_dags/example_task_group.py
[2022-07-06 20:07:38,282] {logging_mixin.py:115} INFO - [2022-07-06 20:07:38,282] {dag.py:2379} INFO - Sync 1 DAGs
[2022-07-06 20:07:38,326] {logging_mixin.py:115} INFO - [2022-07-06 20:07:38,325] {dag.py:2931} INFO - Setting next_dagrun for example_task_group to 2022-07-05T20:07:38.325542+00:00, run_after=2022-07-06T20:07:38.325542+00:00
[2022-07-06 20:07:38,359] {processor.py:161} INFO - Processing /home/airflow/.local/lib/python3.7/site-packages/airflow/example_dags/example_task_group.py took 0.223 seconds
[2022-07-06 20:08:09,552] {processor.py:153} INFO - Started process (PID=1355) to work on /home/airflow/.local/lib/python3.7/site-packages/airflow/example_dags/example_task_group.py
[2022-07-06 20:08:09,553] {processor.py:641} INFO - Processing file /home/airflow/.local/lib/python3.7/site-packages/airflow/example_dags/example_task_group.py for tasks to queue
[2022-07-06 20:08:09,553] {logging_mixin.py:115} INFO - [2022-07-06 20:08:09,553] {dagbag.py:507} INFO - Filling up the DagBag from /home/airflow/.local/lib/python3.7/site-packages/airflow/example_dags/example_task_group.py
[2022-07-06 20:08:09,563] {processor.py:651} INFO - DAG(s) dict_keys(['example_task_group']) retrieved from /home/airflow/.local/lib/python3.7/site-packages/airflow/example_dags/example_task_group.py
[2022-07-06 20:08:09,617] {logging_mixin.py:115} INFO - [2022-07-06 20:08:09,617] {dag.py:2379} INFO - Sync 1 DAGs
[2022-07-06 20:08:09,660] {logging_mixin.py:115} INFO - [2022-07-06 20:08:09,660] {dag.py:2931} INFO - Setting next_dagrun for example_task_group to 2022-07-05T20:08:09.659758+00:00, run_after=2022-07-06T20:08:09.659758+00:00
[2022-07-06 20:08:09,825] {processor.py:161} INFO - Processing /home/airflow/.local/lib/python3.7/site-packages/airflow/example_dags/example_task_group.py took 0.278 seconds
[2022-07-06 20:08:40,553] {processor.py:153} INFO - Started process (PID=1414) to work on /home/airflow/.local/lib/python3.7/site-packages/airflow/example_dags/example_task_group.py
[2022-07-06 20:08:40,581] {processor.py:641} INFO - Processing file /home/airflow/.local/lib/python3.7/site-packages/airflow/example_dags/example_task_group.py for tasks to queue
[2022-07-06 20:08:40,584] {logging_mixin.py:115} INFO - [2022-07-06 20:08:40,583] {dagbag.py:507} INFO - Filling up the DagBag from /home/airflow/.local/lib/python3.7/site-packages/airflow/example_dags/example_task_group.py
[2022-07-06 20:08:40,607] {processor.py:651} INFO - DAG(s) dict_keys(['example_task_group']) retrieved from /home/airflow/.local/lib/python3.7/site-packages/airflow/example_dags/example_task_group.py
[2022-07-06 20:08:40,651] {logging_mixin.py:115} INFO - [2022-07-06 20:08:40,651] {dag.py:2379} INFO - Sync 1 DAGs
[2022-07-06 20:08:40,711] {logging_mixin.py:115} INFO - [2022-07-06 20:08:40,711] {dag.py:2931} INFO - Setting next_dagrun for example_task_group to 2022-07-05T20:08:40.711150+00:00, run_after=2022-07-06T20:08:40.711150+00:00
[2022-07-06 20:08:40,752] {processor.py:161} INFO - Processing /home/airflow/.local/lib/python3.7/site-packages/airflow/example_dags/example_task_group.py took 0.212 seconds
[2022-07-06 20:09:11,233] {processor.py:153} INFO - Started process (PID=1466) to work on /home/airflow/.local/lib/python3.7/site-packages/airflow/example_dags/example_task_group.py
[2022-07-06 20:09:11,234] {processor.py:641} INFO - Processing file /home/airflow/.local/lib/python3.7/site-packages/airflow/example_dags/example_task_group.py for tasks to queue
[2022-07-06 20:09:11,235] {logging_mixin.py:115} INFO - [2022-07-06 20:09:11,235] {dagbag.py:507} INFO - Filling up the DagBag from /home/airflow/.local/lib/python3.7/site-packages/airflow/example_dags/example_task_group.py
[2022-07-06 20:09:11,248] {processor.py:651} INFO - DAG(s) dict_keys(['example_task_group']) retrieved from /home/airflow/.local/lib/python3.7/site-packages/airflow/example_dags/example_task_group.py
[2022-07-06 20:09:11,291] {logging_mixin.py:115} INFO - [2022-07-06 20:09:11,291] {dag.py:2379} INFO - Sync 1 DAGs
[2022-07-06 20:09:11,334] {logging_mixin.py:115} INFO - [2022-07-06 20:09:11,334] {dag.py:2931} INFO - Setting next_dagrun for example_task_group to 2022-07-05T20:09:11.333927+00:00, run_after=2022-07-06T20:09:11.333927+00:00
[2022-07-06 20:09:11,383] {processor.py:161} INFO - Processing /home/airflow/.local/lib/python3.7/site-packages/airflow/example_dags/example_task_group.py took 0.154 seconds
[2022-07-06 20:09:41,976] {processor.py:153} INFO - Started process (PID=1518) to work on /home/airflow/.local/lib/python3.7/site-packages/airflow/example_dags/example_task_group.py
[2022-07-06 20:09:42,008] {processor.py:641} INFO - Processing file /home/airflow/.local/lib/python3.7/site-packages/airflow/example_dags/example_task_group.py for tasks to queue
[2022-07-06 20:09:42,008] {logging_mixin.py:115} INFO - [2022-07-06 20:09:42,008] {dagbag.py:507} INFO - Filling up the DagBag from /home/airflow/.local/lib/python3.7/site-packages/airflow/example_dags/example_task_group.py
[2022-07-06 20:09:42,017] {processor.py:651} INFO - DAG(s) dict_keys(['example_task_group']) retrieved from /home/airflow/.local/lib/python3.7/site-packages/airflow/example_dags/example_task_group.py
[2022-07-06 20:09:42,054] {logging_mixin.py:115} INFO - [2022-07-06 20:09:42,054] {dag.py:2379} INFO - Sync 1 DAGs
[2022-07-06 20:09:42,087] {logging_mixin.py:115} INFO - [2022-07-06 20:09:42,086] {dag.py:2931} INFO - Setting next_dagrun for example_task_group to 2022-07-05T20:09:42.086537+00:00, run_after=2022-07-06T20:09:42.086537+00:00
[2022-07-06 20:09:42,146] {processor.py:161} INFO - Processing /home/airflow/.local/lib/python3.7/site-packages/airflow/example_dags/example_task_group.py took 0.173 seconds
[2022-07-06 20:10:13,170] {processor.py:153} INFO - Started process (PID=1570) to work on /home/airflow/.local/lib/python3.7/site-packages/airflow/example_dags/example_task_group.py
[2022-07-06 20:10:13,181] {processor.py:641} INFO - Processing file /home/airflow/.local/lib/python3.7/site-packages/airflow/example_dags/example_task_group.py for tasks to queue
[2022-07-06 20:10:13,182] {logging_mixin.py:115} INFO - [2022-07-06 20:10:13,181] {dagbag.py:507} INFO - Filling up the DagBag from /home/airflow/.local/lib/python3.7/site-packages/airflow/example_dags/example_task_group.py
[2022-07-06 20:10:13,194] {processor.py:651} INFO - DAG(s) dict_keys(['example_task_group']) retrieved from /home/airflow/.local/lib/python3.7/site-packages/airflow/example_dags/example_task_group.py
[2022-07-06 20:10:13,230] {logging_mixin.py:115} INFO - [2022-07-06 20:10:13,230] {dag.py:2379} INFO - Sync 1 DAGs
[2022-07-06 20:10:13,260] {logging_mixin.py:115} INFO - [2022-07-06 20:10:13,260] {dag.py:2931} INFO - Setting next_dagrun for example_task_group to 2022-07-05T20:10:13.259884+00:00, run_after=2022-07-06T20:10:13.259884+00:00
[2022-07-06 20:10:13,285] {processor.py:161} INFO - Processing /home/airflow/.local/lib/python3.7/site-packages/airflow/example_dags/example_task_group.py took 0.118 seconds
[2022-07-06 20:10:44,150] {processor.py:153} INFO - Started process (PID=1631) to work on /home/airflow/.local/lib/python3.7/site-packages/airflow/example_dags/example_task_group.py
[2022-07-06 20:10:44,166] {processor.py:641} INFO - Processing file /home/airflow/.local/lib/python3.7/site-packages/airflow/example_dags/example_task_group.py for tasks to queue
[2022-07-06 20:10:44,166] {logging_mixin.py:115} INFO - [2022-07-06 20:10:44,166] {dagbag.py:507} INFO - Filling up the DagBag from /home/airflow/.local/lib/python3.7/site-packages/airflow/example_dags/example_task_group.py
[2022-07-06 20:10:44,179] {processor.py:651} INFO - DAG(s) dict_keys(['example_task_group']) retrieved from /home/airflow/.local/lib/python3.7/site-packages/airflow/example_dags/example_task_group.py
[2022-07-06 20:10:44,225] {logging_mixin.py:115} INFO - [2022-07-06 20:10:44,225] {dag.py:2379} INFO - Sync 1 DAGs
[2022-07-06 20:10:44,268] {logging_mixin.py:115} INFO - [2022-07-06 20:10:44,268] {dag.py:2931} INFO - Setting next_dagrun for example_task_group to 2022-07-05T20:10:44.268128+00:00, run_after=2022-07-06T20:10:44.268128+00:00
[2022-07-06 20:10:44,304] {processor.py:161} INFO - Processing /home/airflow/.local/lib/python3.7/site-packages/airflow/example_dags/example_task_group.py took 0.159 seconds
[2022-07-06 20:11:14,711] {processor.py:153} INFO - Started process (PID=1683) to work on /home/airflow/.local/lib/python3.7/site-packages/airflow/example_dags/example_task_group.py
[2022-07-06 20:11:14,712] {processor.py:641} INFO - Processing file /home/airflow/.local/lib/python3.7/site-packages/airflow/example_dags/example_task_group.py for tasks to queue
[2022-07-06 20:11:14,712] {logging_mixin.py:115} INFO - [2022-07-06 20:11:14,712] {dagbag.py:507} INFO - Filling up the DagBag from /home/airflow/.local/lib/python3.7/site-packages/airflow/example_dags/example_task_group.py
[2022-07-06 20:11:14,721] {processor.py:651} INFO - DAG(s) dict_keys(['example_task_group']) retrieved from /home/airflow/.local/lib/python3.7/site-packages/airflow/example_dags/example_task_group.py
[2022-07-06 20:11:14,756] {logging_mixin.py:115} INFO - [2022-07-06 20:11:14,756] {dag.py:2379} INFO - Sync 1 DAGs
[2022-07-06 20:11:14,786] {logging_mixin.py:115} INFO - [2022-07-06 20:11:14,786] {dag.py:2931} INFO - Setting next_dagrun for example_task_group to 2022-07-05T20:11:14.786370+00:00, run_after=2022-07-06T20:11:14.786370+00:00
[2022-07-06 20:11:14,812] {processor.py:161} INFO - Processing /home/airflow/.local/lib/python3.7/site-packages/airflow/example_dags/example_task_group.py took 0.104 seconds
[2022-07-06 20:11:45,802] {processor.py:153} INFO - Started process (PID=1744) to work on /home/airflow/.local/lib/python3.7/site-packages/airflow/example_dags/example_task_group.py
[2022-07-06 20:11:45,813] {processor.py:641} INFO - Processing file /home/airflow/.local/lib/python3.7/site-packages/airflow/example_dags/example_task_group.py for tasks to queue
[2022-07-06 20:11:45,814] {logging_mixin.py:115} INFO - [2022-07-06 20:11:45,814] {dagbag.py:507} INFO - Filling up the DagBag from /home/airflow/.local/lib/python3.7/site-packages/airflow/example_dags/example_task_group.py
[2022-07-06 20:11:45,827] {processor.py:651} INFO - DAG(s) dict_keys(['example_task_group']) retrieved from /home/airflow/.local/lib/python3.7/site-packages/airflow/example_dags/example_task_group.py
[2022-07-06 20:11:45,932] {logging_mixin.py:115} INFO - [2022-07-06 20:11:45,932] {dag.py:2379} INFO - Sync 1 DAGs
[2022-07-06 20:11:46,047] {logging_mixin.py:115} INFO - [2022-07-06 20:11:46,047] {dag.py:2931} INFO - Setting next_dagrun for example_task_group to 2022-07-05T20:11:46.046864+00:00, run_after=2022-07-06T20:11:46.046864+00:00
[2022-07-06 20:11:46,082] {processor.py:161} INFO - Processing /home/airflow/.local/lib/python3.7/site-packages/airflow/example_dags/example_task_group.py took 0.285 seconds
[2022-07-06 20:12:16,215] {processor.py:153} INFO - Started process (PID=1796) to work on /home/airflow/.local/lib/python3.7/site-packages/airflow/example_dags/example_task_group.py
[2022-07-06 20:12:16,216] {processor.py:641} INFO - Processing file /home/airflow/.local/lib/python3.7/site-packages/airflow/example_dags/example_task_group.py for tasks to queue
[2022-07-06 20:12:16,217] {logging_mixin.py:115} INFO - [2022-07-06 20:12:16,217] {dagbag.py:507} INFO - Filling up the DagBag from /home/airflow/.local/lib/python3.7/site-packages/airflow/example_dags/example_task_group.py
[2022-07-06 20:12:16,231] {processor.py:651} INFO - DAG(s) dict_keys(['example_task_group']) retrieved from /home/airflow/.local/lib/python3.7/site-packages/airflow/example_dags/example_task_group.py
[2022-07-06 20:12:16,271] {logging_mixin.py:115} INFO - [2022-07-06 20:12:16,271] {dag.py:2379} INFO - Sync 1 DAGs
[2022-07-06 20:12:16,307] {logging_mixin.py:115} INFO - [2022-07-06 20:12:16,306] {dag.py:2931} INFO - Setting next_dagrun for example_task_group to 2022-07-05T20:12:16.306411+00:00, run_after=2022-07-06T20:12:16.306411+00:00
[2022-07-06 20:12:16,339] {processor.py:161} INFO - Processing /home/airflow/.local/lib/python3.7/site-packages/airflow/example_dags/example_task_group.py took 0.134 seconds
[2022-07-06 20:12:46,781] {processor.py:153} INFO - Started process (PID=1846) to work on /home/airflow/.local/lib/python3.7/site-packages/airflow/example_dags/example_task_group.py
[2022-07-06 20:12:46,782] {processor.py:641} INFO - Processing file /home/airflow/.local/lib/python3.7/site-packages/airflow/example_dags/example_task_group.py for tasks to queue
[2022-07-06 20:12:46,783] {logging_mixin.py:115} INFO - [2022-07-06 20:12:46,783] {dagbag.py:507} INFO - Filling up the DagBag from /home/airflow/.local/lib/python3.7/site-packages/airflow/example_dags/example_task_group.py
[2022-07-06 20:12:46,791] {processor.py:651} INFO - DAG(s) dict_keys(['example_task_group']) retrieved from /home/airflow/.local/lib/python3.7/site-packages/airflow/example_dags/example_task_group.py
[2022-07-06 20:12:46,831] {logging_mixin.py:115} INFO - [2022-07-06 20:12:46,830] {dag.py:2379} INFO - Sync 1 DAGs
[2022-07-06 20:12:46,871] {logging_mixin.py:115} INFO - [2022-07-06 20:12:46,871] {dag.py:2931} INFO - Setting next_dagrun for example_task_group to 2022-07-05T20:12:46.871172+00:00, run_after=2022-07-06T20:12:46.871172+00:00
[2022-07-06 20:12:46,956] {processor.py:161} INFO - Processing /home/airflow/.local/lib/python3.7/site-packages/airflow/example_dags/example_task_group.py took 0.178 seconds
[2022-07-06 20:13:17,859] {processor.py:153} INFO - Started process (PID=1904) to work on /home/airflow/.local/lib/python3.7/site-packages/airflow/example_dags/example_task_group.py
[2022-07-06 20:13:17,860] {processor.py:641} INFO - Processing file /home/airflow/.local/lib/python3.7/site-packages/airflow/example_dags/example_task_group.py for tasks to queue
[2022-07-06 20:13:17,860] {logging_mixin.py:115} INFO - [2022-07-06 20:13:17,860] {dagbag.py:507} INFO - Filling up the DagBag from /home/airflow/.local/lib/python3.7/site-packages/airflow/example_dags/example_task_group.py
[2022-07-06 20:13:17,873] {processor.py:651} INFO - DAG(s) dict_keys(['example_task_group']) retrieved from /home/airflow/.local/lib/python3.7/site-packages/airflow/example_dags/example_task_group.py
[2022-07-06 20:13:17,917] {logging_mixin.py:115} INFO - [2022-07-06 20:13:17,917] {dag.py:2379} INFO - Sync 1 DAGs
[2022-07-06 20:13:17,953] {logging_mixin.py:115} INFO - [2022-07-06 20:13:17,953] {dag.py:2931} INFO - Setting next_dagrun for example_task_group to 2022-07-05T20:13:17.953366+00:00, run_after=2022-07-06T20:13:17.953366+00:00
[2022-07-06 20:13:17,999] {processor.py:161} INFO - Processing /home/airflow/.local/lib/python3.7/site-packages/airflow/example_dags/example_task_group.py took 0.144 seconds
[2022-07-06 20:14:45,186] {processor.py:153} INFO - Started process (PID=2007) to work on /home/airflow/.local/lib/python3.7/site-packages/airflow/example_dags/example_task_group.py
[2022-07-06 20:14:45,189] {processor.py:641} INFO - Processing file /home/airflow/.local/lib/python3.7/site-packages/airflow/example_dags/example_task_group.py for tasks to queue
[2022-07-06 20:14:45,190] {logging_mixin.py:115} INFO - [2022-07-06 20:14:45,190] {dagbag.py:507} INFO - Filling up the DagBag from /home/airflow/.local/lib/python3.7/site-packages/airflow/example_dags/example_task_group.py
[2022-07-06 20:14:45,210] {processor.py:651} INFO - DAG(s) dict_keys(['example_task_group']) retrieved from /home/airflow/.local/lib/python3.7/site-packages/airflow/example_dags/example_task_group.py
[2022-07-06 20:14:45,268] {logging_mixin.py:115} INFO - [2022-07-06 20:14:45,267] {dag.py:2379} INFO - Sync 1 DAGs
[2022-07-06 20:14:45,339] {logging_mixin.py:115} INFO - [2022-07-06 20:14:45,339] {dag.py:2931} INFO - Setting next_dagrun for example_task_group to 2022-07-05T20:14:45.338979+00:00, run_after=2022-07-06T20:14:45.338979+00:00
[2022-07-06 20:14:45,494] {processor.py:161} INFO - Processing /home/airflow/.local/lib/python3.7/site-packages/airflow/example_dags/example_task_group.py took 0.313 seconds
[2022-07-06 20:15:23,489] {processor.py:153} INFO - Started process (PID=2067) to work on /home/airflow/.local/lib/python3.7/site-packages/airflow/example_dags/example_task_group.py
[2022-07-06 20:15:23,490] {processor.py:641} INFO - Processing file /home/airflow/.local/lib/python3.7/site-packages/airflow/example_dags/example_task_group.py for tasks to queue
[2022-07-06 20:15:23,491] {logging_mixin.py:115} INFO - [2022-07-06 20:15:23,490] {dagbag.py:507} INFO - Filling up the DagBag from /home/airflow/.local/lib/python3.7/site-packages/airflow/example_dags/example_task_group.py
[2022-07-06 20:15:23,503] {processor.py:651} INFO - DAG(s) dict_keys(['example_task_group']) retrieved from /home/airflow/.local/lib/python3.7/site-packages/airflow/example_dags/example_task_group.py
[2022-07-06 20:15:23,545] {logging_mixin.py:115} INFO - [2022-07-06 20:15:23,545] {dag.py:2379} INFO - Sync 1 DAGs
[2022-07-06 20:15:23,575] {logging_mixin.py:115} INFO - [2022-07-06 20:15:23,575] {dag.py:2931} INFO - Setting next_dagrun for example_task_group to 2022-07-05T20:15:23.574914+00:00, run_after=2022-07-06T20:15:23.574914+00:00
[2022-07-06 20:15:23,627] {processor.py:161} INFO - Processing /home/airflow/.local/lib/python3.7/site-packages/airflow/example_dags/example_task_group.py took 0.142 seconds
[2022-07-06 20:16:13,251] {processor.py:153} INFO - Started process (PID=2139) to work on /home/airflow/.local/lib/python3.7/site-packages/airflow/example_dags/example_task_group.py
[2022-07-06 20:16:13,252] {processor.py:641} INFO - Processing file /home/airflow/.local/lib/python3.7/site-packages/airflow/example_dags/example_task_group.py for tasks to queue
[2022-07-06 20:16:13,253] {logging_mixin.py:115} INFO - [2022-07-06 20:16:13,253] {dagbag.py:507} INFO - Filling up the DagBag from /home/airflow/.local/lib/python3.7/site-packages/airflow/example_dags/example_task_group.py
[2022-07-06 20:16:13,263] {processor.py:651} INFO - DAG(s) dict_keys(['example_task_group']) retrieved from /home/airflow/.local/lib/python3.7/site-packages/airflow/example_dags/example_task_group.py
[2022-07-06 20:16:13,300] {logging_mixin.py:115} INFO - [2022-07-06 20:16:13,300] {dag.py:2379} INFO - Sync 1 DAGs
[2022-07-06 20:16:13,341] {logging_mixin.py:115} INFO - [2022-07-06 20:16:13,341] {dag.py:2931} INFO - Setting next_dagrun for example_task_group to 2022-07-05T20:16:13.340951+00:00, run_after=2022-07-06T20:16:13.340951+00:00
[2022-07-06 20:16:13,371] {processor.py:161} INFO - Processing /home/airflow/.local/lib/python3.7/site-packages/airflow/example_dags/example_task_group.py took 0.125 seconds
[2022-07-06 20:16:44,107] {processor.py:153} INFO - Started process (PID=2190) to work on /home/airflow/.local/lib/python3.7/site-packages/airflow/example_dags/example_task_group.py
[2022-07-06 20:16:44,109] {processor.py:641} INFO - Processing file /home/airflow/.local/lib/python3.7/site-packages/airflow/example_dags/example_task_group.py for tasks to queue
[2022-07-06 20:16:44,110] {logging_mixin.py:115} INFO - [2022-07-06 20:16:44,109] {dagbag.py:507} INFO - Filling up the DagBag from /home/airflow/.local/lib/python3.7/site-packages/airflow/example_dags/example_task_group.py
[2022-07-06 20:16:44,122] {processor.py:651} INFO - DAG(s) dict_keys(['example_task_group']) retrieved from /home/airflow/.local/lib/python3.7/site-packages/airflow/example_dags/example_task_group.py
[2022-07-06 20:16:44,170] {logging_mixin.py:115} INFO - [2022-07-06 20:16:44,170] {dag.py:2379} INFO - Sync 1 DAGs
[2022-07-06 20:16:44,224] {logging_mixin.py:115} INFO - [2022-07-06 20:16:44,224] {dag.py:2931} INFO - Setting next_dagrun for example_task_group to 2022-07-05T20:16:44.223876+00:00, run_after=2022-07-06T20:16:44.223876+00:00
[2022-07-06 20:16:44,268] {processor.py:161} INFO - Processing /home/airflow/.local/lib/python3.7/site-packages/airflow/example_dags/example_task_group.py took 0.166 seconds
[2022-07-06 20:17:15,086] {processor.py:153} INFO - Started process (PID=2251) to work on /home/airflow/.local/lib/python3.7/site-packages/airflow/example_dags/example_task_group.py
[2022-07-06 20:17:15,087] {processor.py:641} INFO - Processing file /home/airflow/.local/lib/python3.7/site-packages/airflow/example_dags/example_task_group.py for tasks to queue
[2022-07-06 20:17:15,087] {logging_mixin.py:115} INFO - [2022-07-06 20:17:15,087] {dagbag.py:507} INFO - Filling up the DagBag from /home/airflow/.local/lib/python3.7/site-packages/airflow/example_dags/example_task_group.py
[2022-07-06 20:17:15,098] {processor.py:651} INFO - DAG(s) dict_keys(['example_task_group']) retrieved from /home/airflow/.local/lib/python3.7/site-packages/airflow/example_dags/example_task_group.py
[2022-07-06 20:17:15,141] {logging_mixin.py:115} INFO - [2022-07-06 20:17:15,141] {dag.py:2379} INFO - Sync 1 DAGs
[2022-07-06 20:17:15,192] {logging_mixin.py:115} INFO - [2022-07-06 20:17:15,192] {dag.py:2931} INFO - Setting next_dagrun for example_task_group to 2022-07-05T20:17:15.191724+00:00, run_after=2022-07-06T20:17:15.191724+00:00
[2022-07-06 20:17:15,232] {processor.py:161} INFO - Processing /home/airflow/.local/lib/python3.7/site-packages/airflow/example_dags/example_task_group.py took 0.151 seconds
[2022-07-06 20:17:46,250] {processor.py:153} INFO - Started process (PID=2305) to work on /home/airflow/.local/lib/python3.7/site-packages/airflow/example_dags/example_task_group.py
[2022-07-06 20:17:46,251] {processor.py:641} INFO - Processing file /home/airflow/.local/lib/python3.7/site-packages/airflow/example_dags/example_task_group.py for tasks to queue
[2022-07-06 20:17:46,252] {logging_mixin.py:115} INFO - [2022-07-06 20:17:46,252] {dagbag.py:507} INFO - Filling up the DagBag from /home/airflow/.local/lib/python3.7/site-packages/airflow/example_dags/example_task_group.py
[2022-07-06 20:17:46,268] {processor.py:651} INFO - DAG(s) dict_keys(['example_task_group']) retrieved from /home/airflow/.local/lib/python3.7/site-packages/airflow/example_dags/example_task_group.py
[2022-07-06 20:17:46,327] {logging_mixin.py:115} INFO - [2022-07-06 20:17:46,327] {dag.py:2379} INFO - Sync 1 DAGs
[2022-07-06 20:17:46,385] {logging_mixin.py:115} INFO - [2022-07-06 20:17:46,385] {dag.py:2931} INFO - Setting next_dagrun for example_task_group to 2022-07-05T20:17:46.384792+00:00, run_after=2022-07-06T20:17:46.384792+00:00
[2022-07-06 20:17:46,423] {processor.py:161} INFO - Processing /home/airflow/.local/lib/python3.7/site-packages/airflow/example_dags/example_task_group.py took 0.178 seconds
[2022-07-06 20:18:17,600] {processor.py:153} INFO - Started process (PID=2369) to work on /home/airflow/.local/lib/python3.7/site-packages/airflow/example_dags/example_task_group.py
[2022-07-06 20:18:17,601] {processor.py:641} INFO - Processing file /home/airflow/.local/lib/python3.7/site-packages/airflow/example_dags/example_task_group.py for tasks to queue
[2022-07-06 20:18:17,602] {logging_mixin.py:115} INFO - [2022-07-06 20:18:17,602] {dagbag.py:507} INFO - Filling up the DagBag from /home/airflow/.local/lib/python3.7/site-packages/airflow/example_dags/example_task_group.py
[2022-07-06 20:18:17,616] {processor.py:651} INFO - DAG(s) dict_keys(['example_task_group']) retrieved from /home/airflow/.local/lib/python3.7/site-packages/airflow/example_dags/example_task_group.py
[2022-07-06 20:18:17,663] {logging_mixin.py:115} INFO - [2022-07-06 20:18:17,663] {dag.py:2379} INFO - Sync 1 DAGs
[2022-07-06 20:18:17,701] {logging_mixin.py:115} INFO - [2022-07-06 20:18:17,700] {dag.py:2931} INFO - Setting next_dagrun for example_task_group to 2022-07-05T20:18:17.700364+00:00, run_after=2022-07-06T20:18:17.700364+00:00
[2022-07-06 20:18:17,730] {processor.py:161} INFO - Processing /home/airflow/.local/lib/python3.7/site-packages/airflow/example_dags/example_task_group.py took 0.135 seconds
[2022-07-06 20:18:48,215] {processor.py:153} INFO - Started process (PID=2421) to work on /home/airflow/.local/lib/python3.7/site-packages/airflow/example_dags/example_task_group.py
[2022-07-06 20:18:48,216] {processor.py:641} INFO - Processing file /home/airflow/.local/lib/python3.7/site-packages/airflow/example_dags/example_task_group.py for tasks to queue
[2022-07-06 20:18:48,217] {logging_mixin.py:115} INFO - [2022-07-06 20:18:48,216] {dagbag.py:507} INFO - Filling up the DagBag from /home/airflow/.local/lib/python3.7/site-packages/airflow/example_dags/example_task_group.py
[2022-07-06 20:18:48,226] {processor.py:651} INFO - DAG(s) dict_keys(['example_task_group']) retrieved from /home/airflow/.local/lib/python3.7/site-packages/airflow/example_dags/example_task_group.py
[2022-07-06 20:18:48,260] {logging_mixin.py:115} INFO - [2022-07-06 20:18:48,260] {dag.py:2379} INFO - Sync 1 DAGs
[2022-07-06 20:18:48,290] {logging_mixin.py:115} INFO - [2022-07-06 20:18:48,290] {dag.py:2931} INFO - Setting next_dagrun for example_task_group to 2022-07-05T20:18:48.289981+00:00, run_after=2022-07-06T20:18:48.289981+00:00
[2022-07-06 20:18:48,335] {processor.py:161} INFO - Processing /home/airflow/.local/lib/python3.7/site-packages/airflow/example_dags/example_task_group.py took 0.123 seconds
[2022-07-06 20:19:19,195] {processor.py:153} INFO - Started process (PID=2480) to work on /home/airflow/.local/lib/python3.7/site-packages/airflow/example_dags/example_task_group.py
[2022-07-06 20:19:19,195] {processor.py:641} INFO - Processing file /home/airflow/.local/lib/python3.7/site-packages/airflow/example_dags/example_task_group.py for tasks to queue
[2022-07-06 20:19:19,196] {logging_mixin.py:115} INFO - [2022-07-06 20:19:19,196] {dagbag.py:507} INFO - Filling up the DagBag from /home/airflow/.local/lib/python3.7/site-packages/airflow/example_dags/example_task_group.py
[2022-07-06 20:19:19,209] {processor.py:651} INFO - DAG(s) dict_keys(['example_task_group']) retrieved from /home/airflow/.local/lib/python3.7/site-packages/airflow/example_dags/example_task_group.py
[2022-07-06 20:19:19,261] {logging_mixin.py:115} INFO - [2022-07-06 20:19:19,261] {dag.py:2379} INFO - Sync 1 DAGs
[2022-07-06 20:19:19,302] {logging_mixin.py:115} INFO - [2022-07-06 20:19:19,302] {dag.py:2931} INFO - Setting next_dagrun for example_task_group to 2022-07-05T20:19:19.301633+00:00, run_after=2022-07-06T20:19:19.301633+00:00
[2022-07-06 20:19:19,329] {processor.py:161} INFO - Processing /home/airflow/.local/lib/python3.7/site-packages/airflow/example_dags/example_task_group.py took 0.139 seconds
[2022-07-06 20:19:51,048] {processor.py:153} INFO - Started process (PID=2538) to work on /home/airflow/.local/lib/python3.7/site-packages/airflow/example_dags/example_task_group.py
[2022-07-06 20:19:51,049] {processor.py:641} INFO - Processing file /home/airflow/.local/lib/python3.7/site-packages/airflow/example_dags/example_task_group.py for tasks to queue
[2022-07-06 20:19:51,050] {logging_mixin.py:115} INFO - [2022-07-06 20:19:51,049] {dagbag.py:507} INFO - Filling up the DagBag from /home/airflow/.local/lib/python3.7/site-packages/airflow/example_dags/example_task_group.py
[2022-07-06 20:19:51,065] {processor.py:651} INFO - DAG(s) dict_keys(['example_task_group']) retrieved from /home/airflow/.local/lib/python3.7/site-packages/airflow/example_dags/example_task_group.py
[2022-07-06 20:19:51,118] {logging_mixin.py:115} INFO - [2022-07-06 20:19:51,118] {dag.py:2379} INFO - Sync 1 DAGs
[2022-07-06 20:19:51,161] {logging_mixin.py:115} INFO - [2022-07-06 20:19:51,159] {dag.py:2931} INFO - Setting next_dagrun for example_task_group to 2022-07-05T20:19:51.159137+00:00, run_after=2022-07-06T20:19:51.159137+00:00
[2022-07-06 20:19:51,198] {processor.py:161} INFO - Processing /home/airflow/.local/lib/python3.7/site-packages/airflow/example_dags/example_task_group.py took 0.162 seconds
[2022-07-06 20:20:25,043] {processor.py:153} INFO - Started process (PID=2600) to work on /home/airflow/.local/lib/python3.7/site-packages/airflow/example_dags/example_task_group.py
[2022-07-06 20:20:25,044] {processor.py:641} INFO - Processing file /home/airflow/.local/lib/python3.7/site-packages/airflow/example_dags/example_task_group.py for tasks to queue
[2022-07-06 20:20:25,046] {logging_mixin.py:115} INFO - [2022-07-06 20:20:25,045] {dagbag.py:507} INFO - Filling up the DagBag from /home/airflow/.local/lib/python3.7/site-packages/airflow/example_dags/example_task_group.py
[2022-07-06 20:20:25,071] {processor.py:651} INFO - DAG(s) dict_keys(['example_task_group']) retrieved from /home/airflow/.local/lib/python3.7/site-packages/airflow/example_dags/example_task_group.py
[2022-07-06 20:20:25,149] {logging_mixin.py:115} INFO - [2022-07-06 20:20:25,149] {dag.py:2379} INFO - Sync 1 DAGs
[2022-07-06 20:20:25,227] {logging_mixin.py:115} INFO - [2022-07-06 20:20:25,227] {dag.py:2931} INFO - Setting next_dagrun for example_task_group to 2022-07-05T20:20:25.226677+00:00, run_after=2022-07-06T20:20:25.226677+00:00
[2022-07-06 20:20:25,279] {processor.py:161} INFO - Processing /home/airflow/.local/lib/python3.7/site-packages/airflow/example_dags/example_task_group.py took 0.245 seconds
[2022-07-06 20:20:55,973] {processor.py:153} INFO - Started process (PID=2653) to work on /home/airflow/.local/lib/python3.7/site-packages/airflow/example_dags/example_task_group.py
[2022-07-06 20:20:55,973] {processor.py:641} INFO - Processing file /home/airflow/.local/lib/python3.7/site-packages/airflow/example_dags/example_task_group.py for tasks to queue
[2022-07-06 20:20:55,974] {logging_mixin.py:115} INFO - [2022-07-06 20:20:55,974] {dagbag.py:507} INFO - Filling up the DagBag from /home/airflow/.local/lib/python3.7/site-packages/airflow/example_dags/example_task_group.py
[2022-07-06 20:20:55,986] {processor.py:651} INFO - DAG(s) dict_keys(['example_task_group']) retrieved from /home/airflow/.local/lib/python3.7/site-packages/airflow/example_dags/example_task_group.py
[2022-07-06 20:20:56,022] {logging_mixin.py:115} INFO - [2022-07-06 20:20:56,021] {dag.py:2379} INFO - Sync 1 DAGs
[2022-07-06 20:20:56,053] {logging_mixin.py:115} INFO - [2022-07-06 20:20:56,053] {dag.py:2931} INFO - Setting next_dagrun for example_task_group to 2022-07-05T20:20:56.052763+00:00, run_after=2022-07-06T20:20:56.052763+00:00
[2022-07-06 20:20:56,088] {processor.py:161} INFO - Processing /home/airflow/.local/lib/python3.7/site-packages/airflow/example_dags/example_task_group.py took 0.119 seconds
[2022-07-06 20:21:27,070] {processor.py:153} INFO - Started process (PID=2705) to work on /home/airflow/.local/lib/python3.7/site-packages/airflow/example_dags/example_task_group.py
[2022-07-06 20:21:27,071] {processor.py:641} INFO - Processing file /home/airflow/.local/lib/python3.7/site-packages/airflow/example_dags/example_task_group.py for tasks to queue
[2022-07-06 20:21:27,072] {logging_mixin.py:115} INFO - [2022-07-06 20:21:27,072] {dagbag.py:507} INFO - Filling up the DagBag from /home/airflow/.local/lib/python3.7/site-packages/airflow/example_dags/example_task_group.py
[2022-07-06 20:21:27,080] {processor.py:651} INFO - DAG(s) dict_keys(['example_task_group']) retrieved from /home/airflow/.local/lib/python3.7/site-packages/airflow/example_dags/example_task_group.py
[2022-07-06 20:21:27,115] {logging_mixin.py:115} INFO - [2022-07-06 20:21:27,115] {dag.py:2379} INFO - Sync 1 DAGs
[2022-07-06 20:21:27,147] {logging_mixin.py:115} INFO - [2022-07-06 20:21:27,147] {dag.py:2931} INFO - Setting next_dagrun for example_task_group to 2022-07-05T20:21:27.147394+00:00, run_after=2022-07-06T20:21:27.147394+00:00
[2022-07-06 20:21:27,174] {processor.py:161} INFO - Processing /home/airflow/.local/lib/python3.7/site-packages/airflow/example_dags/example_task_group.py took 0.108 seconds
[2022-07-06 20:21:58,478] {processor.py:153} INFO - Started process (PID=2764) to work on /home/airflow/.local/lib/python3.7/site-packages/airflow/example_dags/example_task_group.py
[2022-07-06 20:21:58,479] {processor.py:641} INFO - Processing file /home/airflow/.local/lib/python3.7/site-packages/airflow/example_dags/example_task_group.py for tasks to queue
[2022-07-06 20:21:58,480] {logging_mixin.py:115} INFO - [2022-07-06 20:21:58,479] {dagbag.py:507} INFO - Filling up the DagBag from /home/airflow/.local/lib/python3.7/site-packages/airflow/example_dags/example_task_group.py
[2022-07-06 20:21:58,490] {processor.py:651} INFO - DAG(s) dict_keys(['example_task_group']) retrieved from /home/airflow/.local/lib/python3.7/site-packages/airflow/example_dags/example_task_group.py
[2022-07-06 20:21:58,532] {logging_mixin.py:115} INFO - [2022-07-06 20:21:58,532] {dag.py:2379} INFO - Sync 1 DAGs
[2022-07-06 20:21:58,577] {logging_mixin.py:115} INFO - [2022-07-06 20:21:58,577] {dag.py:2931} INFO - Setting next_dagrun for example_task_group to 2022-07-05T20:21:58.576930+00:00, run_after=2022-07-06T20:21:58.576930+00:00
[2022-07-06 20:21:58,616] {processor.py:161} INFO - Processing /home/airflow/.local/lib/python3.7/site-packages/airflow/example_dags/example_task_group.py took 0.141 seconds
[2022-07-06 20:22:36,311] {processor.py:153} INFO - Started process (PID=2815) to work on /home/airflow/.local/lib/python3.7/site-packages/airflow/example_dags/example_task_group.py
[2022-07-06 20:22:36,312] {processor.py:641} INFO - Processing file /home/airflow/.local/lib/python3.7/site-packages/airflow/example_dags/example_task_group.py for tasks to queue
[2022-07-06 20:22:36,312] {logging_mixin.py:115} INFO - [2022-07-06 20:22:36,312] {dagbag.py:507} INFO - Filling up the DagBag from /home/airflow/.local/lib/python3.7/site-packages/airflow/example_dags/example_task_group.py
[2022-07-06 20:22:36,322] {processor.py:651} INFO - DAG(s) dict_keys(['example_task_group']) retrieved from /home/airflow/.local/lib/python3.7/site-packages/airflow/example_dags/example_task_group.py
[2022-07-06 20:22:36,364] {logging_mixin.py:115} INFO - [2022-07-06 20:22:36,364] {dag.py:2379} INFO - Sync 1 DAGs
[2022-07-06 20:22:36,393] {logging_mixin.py:115} INFO - [2022-07-06 20:22:36,393] {dag.py:2931} INFO - Setting next_dagrun for example_task_group to 2022-07-05T20:22:36.393037+00:00, run_after=2022-07-06T20:22:36.393037+00:00
[2022-07-06 20:22:36,416] {processor.py:161} INFO - Processing /home/airflow/.local/lib/python3.7/site-packages/airflow/example_dags/example_task_group.py took 0.109 seconds
[2022-07-06 20:23:07,923] {processor.py:153} INFO - Started process (PID=2873) to work on /home/airflow/.local/lib/python3.7/site-packages/airflow/example_dags/example_task_group.py
[2022-07-06 20:23:07,928] {processor.py:641} INFO - Processing file /home/airflow/.local/lib/python3.7/site-packages/airflow/example_dags/example_task_group.py for tasks to queue
[2022-07-06 20:23:07,929] {logging_mixin.py:115} INFO - [2022-07-06 20:23:07,928] {dagbag.py:507} INFO - Filling up the DagBag from /home/airflow/.local/lib/python3.7/site-packages/airflow/example_dags/example_task_group.py
[2022-07-06 20:23:07,942] {processor.py:651} INFO - DAG(s) dict_keys(['example_task_group']) retrieved from /home/airflow/.local/lib/python3.7/site-packages/airflow/example_dags/example_task_group.py
[2022-07-06 20:23:07,998] {logging_mixin.py:115} INFO - [2022-07-06 20:23:07,998] {dag.py:2379} INFO - Sync 1 DAGs
[2022-07-06 20:23:08,041] {logging_mixin.py:115} INFO - [2022-07-06 20:23:08,040] {dag.py:2931} INFO - Setting next_dagrun for example_task_group to 2022-07-05T20:23:08.040496+00:00, run_after=2022-07-06T20:23:08.040496+00:00
[2022-07-06 20:23:08,069] {processor.py:161} INFO - Processing /home/airflow/.local/lib/python3.7/site-packages/airflow/example_dags/example_task_group.py took 0.151 seconds
[2022-07-06 20:23:38,548] {processor.py:153} INFO - Started process (PID=2926) to work on /home/airflow/.local/lib/python3.7/site-packages/airflow/example_dags/example_task_group.py
[2022-07-06 20:23:38,549] {processor.py:641} INFO - Processing file /home/airflow/.local/lib/python3.7/site-packages/airflow/example_dags/example_task_group.py for tasks to queue
[2022-07-06 20:23:38,550] {logging_mixin.py:115} INFO - [2022-07-06 20:23:38,550] {dagbag.py:507} INFO - Filling up the DagBag from /home/airflow/.local/lib/python3.7/site-packages/airflow/example_dags/example_task_group.py
[2022-07-06 20:23:38,570] {processor.py:651} INFO - DAG(s) dict_keys(['example_task_group']) retrieved from /home/airflow/.local/lib/python3.7/site-packages/airflow/example_dags/example_task_group.py
[2022-07-06 20:23:38,615] {logging_mixin.py:115} INFO - [2022-07-06 20:23:38,614] {dag.py:2379} INFO - Sync 1 DAGs
[2022-07-06 20:23:38,646] {logging_mixin.py:115} INFO - [2022-07-06 20:23:38,646] {dag.py:2931} INFO - Setting next_dagrun for example_task_group to 2022-07-05T20:23:38.646320+00:00, run_after=2022-07-06T20:23:38.646320+00:00
[2022-07-06 20:23:38,849] {processor.py:161} INFO - Processing /home/airflow/.local/lib/python3.7/site-packages/airflow/example_dags/example_task_group.py took 0.307 seconds
[2022-07-06 20:24:10,003] {processor.py:153} INFO - Started process (PID=2978) to work on /home/airflow/.local/lib/python3.7/site-packages/airflow/example_dags/example_task_group.py
[2022-07-06 20:24:10,009] {processor.py:641} INFO - Processing file /home/airflow/.local/lib/python3.7/site-packages/airflow/example_dags/example_task_group.py for tasks to queue
[2022-07-06 20:24:10,010] {logging_mixin.py:115} INFO - [2022-07-06 20:24:10,010] {dagbag.py:507} INFO - Filling up the DagBag from /home/airflow/.local/lib/python3.7/site-packages/airflow/example_dags/example_task_group.py
[2022-07-06 20:24:10,023] {processor.py:651} INFO - DAG(s) dict_keys(['example_task_group']) retrieved from /home/airflow/.local/lib/python3.7/site-packages/airflow/example_dags/example_task_group.py
[2022-07-06 20:24:10,069] {logging_mixin.py:115} INFO - [2022-07-06 20:24:10,069] {dag.py:2379} INFO - Sync 1 DAGs
[2022-07-06 20:24:10,113] {logging_mixin.py:115} INFO - [2022-07-06 20:24:10,112] {dag.py:2931} INFO - Setting next_dagrun for example_task_group to 2022-07-05T20:24:10.112416+00:00, run_after=2022-07-06T20:24:10.112416+00:00
[2022-07-06 20:24:10,149] {processor.py:161} INFO - Processing /home/airflow/.local/lib/python3.7/site-packages/airflow/example_dags/example_task_group.py took 0.163 seconds
[2022-07-06 20:24:43,817] {processor.py:153} INFO - Started process (PID=3044) to work on /home/airflow/.local/lib/python3.7/site-packages/airflow/example_dags/example_task_group.py
[2022-07-06 20:24:43,837] {processor.py:641} INFO - Processing file /home/airflow/.local/lib/python3.7/site-packages/airflow/example_dags/example_task_group.py for tasks to queue
[2022-07-06 20:24:43,838] {logging_mixin.py:115} INFO - [2022-07-06 20:24:43,838] {dagbag.py:507} INFO - Filling up the DagBag from /home/airflow/.local/lib/python3.7/site-packages/airflow/example_dags/example_task_group.py
[2022-07-06 20:24:43,862] {processor.py:651} INFO - DAG(s) dict_keys(['example_task_group']) retrieved from /home/airflow/.local/lib/python3.7/site-packages/airflow/example_dags/example_task_group.py
[2022-07-06 20:24:43,919] {logging_mixin.py:115} INFO - [2022-07-06 20:24:43,919] {dag.py:2379} INFO - Sync 1 DAGs
[2022-07-06 20:24:43,996] {logging_mixin.py:115} INFO - [2022-07-06 20:24:43,996] {dag.py:2931} INFO - Setting next_dagrun for example_task_group to 2022-07-05T20:24:43.995887+00:00, run_after=2022-07-06T20:24:43.995887+00:00
[2022-07-06 20:24:44,046] {processor.py:161} INFO - Processing /home/airflow/.local/lib/python3.7/site-packages/airflow/example_dags/example_task_group.py took 0.242 seconds
[2022-07-06 20:25:14,417] {processor.py:153} INFO - Started process (PID=3096) to work on /home/airflow/.local/lib/python3.7/site-packages/airflow/example_dags/example_task_group.py
[2022-07-06 20:25:14,418] {processor.py:641} INFO - Processing file /home/airflow/.local/lib/python3.7/site-packages/airflow/example_dags/example_task_group.py for tasks to queue
[2022-07-06 20:25:14,418] {logging_mixin.py:115} INFO - [2022-07-06 20:25:14,418] {dagbag.py:507} INFO - Filling up the DagBag from /home/airflow/.local/lib/python3.7/site-packages/airflow/example_dags/example_task_group.py
[2022-07-06 20:25:14,432] {processor.py:651} INFO - DAG(s) dict_keys(['example_task_group']) retrieved from /home/airflow/.local/lib/python3.7/site-packages/airflow/example_dags/example_task_group.py
[2022-07-06 20:25:14,485] {logging_mixin.py:115} INFO - [2022-07-06 20:25:14,484] {dag.py:2379} INFO - Sync 1 DAGs
[2022-07-06 20:25:14,525] {logging_mixin.py:115} INFO - [2022-07-06 20:25:14,525] {dag.py:2931} INFO - Setting next_dagrun for example_task_group to 2022-07-05T20:25:14.524700+00:00, run_after=2022-07-06T20:25:14.524700+00:00
[2022-07-06 20:25:14,566] {processor.py:161} INFO - Processing /home/airflow/.local/lib/python3.7/site-packages/airflow/example_dags/example_task_group.py took 0.153 seconds
[2022-07-06 20:25:45,110] {processor.py:153} INFO - Started process (PID=3159) to work on /home/airflow/.local/lib/python3.7/site-packages/airflow/example_dags/example_task_group.py
[2022-07-06 20:25:45,111] {processor.py:641} INFO - Processing file /home/airflow/.local/lib/python3.7/site-packages/airflow/example_dags/example_task_group.py for tasks to queue
[2022-07-06 20:25:45,112] {logging_mixin.py:115} INFO - [2022-07-06 20:25:45,112] {dagbag.py:507} INFO - Filling up the DagBag from /home/airflow/.local/lib/python3.7/site-packages/airflow/example_dags/example_task_group.py
[2022-07-06 20:25:45,122] {processor.py:651} INFO - DAG(s) dict_keys(['example_task_group']) retrieved from /home/airflow/.local/lib/python3.7/site-packages/airflow/example_dags/example_task_group.py
[2022-07-06 20:25:45,163] {logging_mixin.py:115} INFO - [2022-07-06 20:25:45,163] {dag.py:2379} INFO - Sync 1 DAGs
[2022-07-06 20:25:45,204] {logging_mixin.py:115} INFO - [2022-07-06 20:25:45,204] {dag.py:2931} INFO - Setting next_dagrun for example_task_group to 2022-07-05T20:25:45.203907+00:00, run_after=2022-07-06T20:25:45.203907+00:00
[2022-07-06 20:25:45,228] {processor.py:161} INFO - Processing /home/airflow/.local/lib/python3.7/site-packages/airflow/example_dags/example_task_group.py took 0.122 seconds
[2022-07-06 20:26:17,286] {processor.py:153} INFO - Started process (PID=3210) to work on /home/airflow/.local/lib/python3.7/site-packages/airflow/example_dags/example_task_group.py
[2022-07-06 20:26:17,290] {processor.py:641} INFO - Processing file /home/airflow/.local/lib/python3.7/site-packages/airflow/example_dags/example_task_group.py for tasks to queue
[2022-07-06 20:26:17,295] {logging_mixin.py:115} INFO - [2022-07-06 20:26:17,294] {dagbag.py:507} INFO - Filling up the DagBag from /home/airflow/.local/lib/python3.7/site-packages/airflow/example_dags/example_task_group.py
[2022-07-06 20:26:17,332] {processor.py:651} INFO - DAG(s) dict_keys(['example_task_group']) retrieved from /home/airflow/.local/lib/python3.7/site-packages/airflow/example_dags/example_task_group.py
[2022-07-06 20:26:17,423] {logging_mixin.py:115} INFO - [2022-07-06 20:26:17,423] {dag.py:2379} INFO - Sync 1 DAGs
[2022-07-06 20:26:17,531] {logging_mixin.py:115} INFO - [2022-07-06 20:26:17,531] {dag.py:2931} INFO - Setting next_dagrun for example_task_group to 2022-07-05T20:26:17.528589+00:00, run_after=2022-07-06T20:26:17.528589+00:00
[2022-07-06 20:26:17,629] {processor.py:161} INFO - Processing /home/airflow/.local/lib/python3.7/site-packages/airflow/example_dags/example_task_group.py took 0.351 seconds
[2022-07-06 20:26:48,105] {processor.py:153} INFO - Started process (PID=3273) to work on /home/airflow/.local/lib/python3.7/site-packages/airflow/example_dags/example_task_group.py
[2022-07-06 20:26:48,111] {processor.py:641} INFO - Processing file /home/airflow/.local/lib/python3.7/site-packages/airflow/example_dags/example_task_group.py for tasks to queue
[2022-07-06 20:26:48,112] {logging_mixin.py:115} INFO - [2022-07-06 20:26:48,112] {dagbag.py:507} INFO - Filling up the DagBag from /home/airflow/.local/lib/python3.7/site-packages/airflow/example_dags/example_task_group.py
[2022-07-06 20:26:48,124] {processor.py:651} INFO - DAG(s) dict_keys(['example_task_group']) retrieved from /home/airflow/.local/lib/python3.7/site-packages/airflow/example_dags/example_task_group.py
[2022-07-06 20:26:48,161] {logging_mixin.py:115} INFO - [2022-07-06 20:26:48,160] {dag.py:2379} INFO - Sync 1 DAGs
[2022-07-06 20:26:48,195] {logging_mixin.py:115} INFO - [2022-07-06 20:26:48,195] {dag.py:2931} INFO - Setting next_dagrun for example_task_group to 2022-07-05T20:26:48.195127+00:00, run_after=2022-07-06T20:26:48.195127+00:00
[2022-07-06 20:26:48,216] {processor.py:161} INFO - Processing /home/airflow/.local/lib/python3.7/site-packages/airflow/example_dags/example_task_group.py took 0.115 seconds
