[2022-07-06 19:39:08,602] {processor.py:153} INFO - Started process (PID=154) to work on /home/airflow/.local/lib/python3.7/site-packages/airflow/example_dags/example_latest_only_with_trigger.py
[2022-07-06 19:39:08,602] {processor.py:641} INFO - Processing file /home/airflow/.local/lib/python3.7/site-packages/airflow/example_dags/example_latest_only_with_trigger.py for tasks to queue
[2022-07-06 19:39:08,603] {logging_mixin.py:115} INFO - [2022-07-06 19:39:08,603] {dagbag.py:507} INFO - Filling up the DagBag from /home/airflow/.local/lib/python3.7/site-packages/airflow/example_dags/example_latest_only_with_trigger.py
[2022-07-06 19:39:09,132] {processor.py:651} INFO - DAG(s) dict_keys(['latest_only_with_trigger']) retrieved from /home/airflow/.local/lib/python3.7/site-packages/airflow/example_dags/example_latest_only_with_trigger.py
[2022-07-06 19:39:11,816] {logging_mixin.py:115} INFO - [2022-07-06 19:39:11,815] {manager.py:508} INFO - Created Permission View: can delete on DAG:latest_only_with_trigger
[2022-07-06 19:39:12,592] {logging_mixin.py:115} INFO - [2022-07-06 19:39:12,591] {manager.py:508} INFO - Created Permission View: can edit on DAG:latest_only_with_trigger
[2022-07-06 19:39:13,355] {logging_mixin.py:115} INFO - [2022-07-06 19:39:13,354] {manager.py:508} INFO - Created Permission View: can read on DAG:latest_only_with_trigger
[2022-07-06 19:39:13,356] {logging_mixin.py:115} INFO - [2022-07-06 19:39:13,355] {dag.py:2379} INFO - Sync 1 DAGs
[2022-07-06 19:39:13,417] {logging_mixin.py:115} INFO - [2022-07-06 19:39:13,417] {dag.py:2398} INFO - Creating ORM DAG for latest_only_with_trigger
[2022-07-06 19:39:13,470] {logging_mixin.py:115} INFO - [2022-07-06 19:39:13,470] {dag.py:2931} INFO - Setting next_dagrun for latest_only_with_trigger to 2022-07-06T15:39:13.470043+00:00, run_after=2022-07-06T19:39:13.470043+00:00
[2022-07-06 19:39:13,772] {processor.py:161} INFO - Processing /home/airflow/.local/lib/python3.7/site-packages/airflow/example_dags/example_latest_only_with_trigger.py took 5.173 seconds
[2022-07-06 19:39:52,471] {processor.py:153} INFO - Started process (PID=203) to work on /home/airflow/.local/lib/python3.7/site-packages/airflow/example_dags/example_latest_only_with_trigger.py
[2022-07-06 19:39:52,617] {processor.py:641} INFO - Processing file /home/airflow/.local/lib/python3.7/site-packages/airflow/example_dags/example_latest_only_with_trigger.py for tasks to queue
[2022-07-06 19:39:52,817] {logging_mixin.py:115} INFO - [2022-07-06 19:39:52,817] {dagbag.py:507} INFO - Filling up the DagBag from /home/airflow/.local/lib/python3.7/site-packages/airflow/example_dags/example_latest_only_with_trigger.py
[2022-07-06 19:39:53,096] {processor.py:651} INFO - DAG(s) dict_keys(['latest_only_with_trigger']) retrieved from /home/airflow/.local/lib/python3.7/site-packages/airflow/example_dags/example_latest_only_with_trigger.py
[2022-07-06 19:39:53,123] {logging_mixin.py:115} INFO - [2022-07-06 19:39:53,123] {dag.py:2379} INFO - Sync 1 DAGs
[2022-07-06 19:39:53,146] {logging_mixin.py:115} INFO - [2022-07-06 19:39:53,146] {dag.py:2931} INFO - Setting next_dagrun for latest_only_with_trigger to 2022-07-06T15:39:53.145840+00:00, run_after=2022-07-06T19:39:53.145840+00:00
[2022-07-06 19:39:53,370] {processor.py:161} INFO - Processing /home/airflow/.local/lib/python3.7/site-packages/airflow/example_dags/example_latest_only_with_trigger.py took 0.907 seconds
[2022-07-06 19:40:23,433] {processor.py:153} INFO - Started process (PID=256) to work on /home/airflow/.local/lib/python3.7/site-packages/airflow/example_dags/example_latest_only_with_trigger.py
[2022-07-06 19:40:23,433] {processor.py:641} INFO - Processing file /home/airflow/.local/lib/python3.7/site-packages/airflow/example_dags/example_latest_only_with_trigger.py for tasks to queue
[2022-07-06 19:40:23,434] {logging_mixin.py:115} INFO - [2022-07-06 19:40:23,434] {dagbag.py:507} INFO - Filling up the DagBag from /home/airflow/.local/lib/python3.7/site-packages/airflow/example_dags/example_latest_only_with_trigger.py
[2022-07-06 19:40:23,440] {processor.py:651} INFO - DAG(s) dict_keys(['latest_only_with_trigger']) retrieved from /home/airflow/.local/lib/python3.7/site-packages/airflow/example_dags/example_latest_only_with_trigger.py
[2022-07-06 19:40:23,473] {logging_mixin.py:115} INFO - [2022-07-06 19:40:23,473] {dag.py:2379} INFO - Sync 1 DAGs
[2022-07-06 19:40:23,500] {logging_mixin.py:115} INFO - [2022-07-06 19:40:23,500] {dag.py:2931} INFO - Setting next_dagrun for latest_only_with_trigger to 2022-07-06T15:40:23.500288+00:00, run_after=2022-07-06T19:40:23.500288+00:00
[2022-07-06 19:40:23,782] {processor.py:161} INFO - Processing /home/airflow/.local/lib/python3.7/site-packages/airflow/example_dags/example_latest_only_with_trigger.py took 0.353 seconds
[2022-07-06 19:40:54,610] {processor.py:153} INFO - Started process (PID=316) to work on /home/airflow/.local/lib/python3.7/site-packages/airflow/example_dags/example_latest_only_with_trigger.py
[2022-07-06 19:40:54,625] {processor.py:641} INFO - Processing file /home/airflow/.local/lib/python3.7/site-packages/airflow/example_dags/example_latest_only_with_trigger.py for tasks to queue
[2022-07-06 19:40:54,626] {logging_mixin.py:115} INFO - [2022-07-06 19:40:54,626] {dagbag.py:507} INFO - Filling up the DagBag from /home/airflow/.local/lib/python3.7/site-packages/airflow/example_dags/example_latest_only_with_trigger.py
[2022-07-06 19:40:54,670] {processor.py:651} INFO - DAG(s) dict_keys(['latest_only_with_trigger']) retrieved from /home/airflow/.local/lib/python3.7/site-packages/airflow/example_dags/example_latest_only_with_trigger.py
[2022-07-06 19:40:54,743] {logging_mixin.py:115} INFO - [2022-07-06 19:40:54,743] {dag.py:2379} INFO - Sync 1 DAGs
[2022-07-06 19:40:54,800] {logging_mixin.py:115} INFO - [2022-07-06 19:40:54,800] {dag.py:2931} INFO - Setting next_dagrun for latest_only_with_trigger to 2022-07-06T15:40:54.799821+00:00, run_after=2022-07-06T19:40:54.799821+00:00
[2022-07-06 19:40:54,872] {processor.py:161} INFO - Processing /home/airflow/.local/lib/python3.7/site-packages/airflow/example_dags/example_latest_only_with_trigger.py took 0.267 seconds
[2022-07-06 19:41:25,631] {processor.py:153} INFO - Started process (PID=369) to work on /home/airflow/.local/lib/python3.7/site-packages/airflow/example_dags/example_latest_only_with_trigger.py
[2022-07-06 19:41:25,718] {processor.py:641} INFO - Processing file /home/airflow/.local/lib/python3.7/site-packages/airflow/example_dags/example_latest_only_with_trigger.py for tasks to queue
[2022-07-06 19:41:25,719] {logging_mixin.py:115} INFO - [2022-07-06 19:41:25,719] {dagbag.py:507} INFO - Filling up the DagBag from /home/airflow/.local/lib/python3.7/site-packages/airflow/example_dags/example_latest_only_with_trigger.py
[2022-07-06 19:41:25,806] {processor.py:651} INFO - DAG(s) dict_keys(['latest_only_with_trigger']) retrieved from /home/airflow/.local/lib/python3.7/site-packages/airflow/example_dags/example_latest_only_with_trigger.py
[2022-07-06 19:41:25,840] {logging_mixin.py:115} INFO - [2022-07-06 19:41:25,840] {dag.py:2379} INFO - Sync 1 DAGs
[2022-07-06 19:41:25,865] {logging_mixin.py:115} INFO - [2022-07-06 19:41:25,865] {dag.py:2931} INFO - Setting next_dagrun for latest_only_with_trigger to 2022-07-06T15:41:25.865289+00:00, run_after=2022-07-06T19:41:25.865289+00:00
[2022-07-06 19:41:26,230] {processor.py:161} INFO - Processing /home/airflow/.local/lib/python3.7/site-packages/airflow/example_dags/example_latest_only_with_trigger.py took 0.614 seconds
[2022-07-06 19:42:19,831] {processor.py:153} INFO - Started process (PID=409) to work on /home/airflow/.local/lib/python3.7/site-packages/airflow/example_dags/example_latest_only_with_trigger.py
[2022-07-06 19:42:19,940] {processor.py:641} INFO - Processing file /home/airflow/.local/lib/python3.7/site-packages/airflow/example_dags/example_latest_only_with_trigger.py for tasks to queue
[2022-07-06 19:42:19,941] {logging_mixin.py:115} INFO - [2022-07-06 19:42:19,941] {dagbag.py:507} INFO - Filling up the DagBag from /home/airflow/.local/lib/python3.7/site-packages/airflow/example_dags/example_latest_only_with_trigger.py
[2022-07-06 19:42:20,633] {processor.py:651} INFO - DAG(s) dict_keys(['latest_only_with_trigger']) retrieved from /home/airflow/.local/lib/python3.7/site-packages/airflow/example_dags/example_latest_only_with_trigger.py
[2022-07-06 19:42:20,674] {logging_mixin.py:115} INFO - [2022-07-06 19:42:20,674] {dag.py:2379} INFO - Sync 1 DAGs
[2022-07-06 19:42:20,697] {logging_mixin.py:115} INFO - [2022-07-06 19:42:20,696] {dag.py:2931} INFO - Setting next_dagrun for latest_only_with_trigger to 2022-07-06T15:42:20.696690+00:00, run_after=2022-07-06T19:42:20.696690+00:00
[2022-07-06 19:42:20,970] {processor.py:161} INFO - Processing /home/airflow/.local/lib/python3.7/site-packages/airflow/example_dags/example_latest_only_with_trigger.py took 1.143 seconds
[2022-07-06 19:45:05,865] {processor.py:153} INFO - Started process (PID=469) to work on /home/airflow/.local/lib/python3.7/site-packages/airflow/example_dags/example_latest_only_with_trigger.py
[2022-07-06 19:45:06,134] {processor.py:641} INFO - Processing file /home/airflow/.local/lib/python3.7/site-packages/airflow/example_dags/example_latest_only_with_trigger.py for tasks to queue
[2022-07-06 19:45:06,136] {logging_mixin.py:115} INFO - [2022-07-06 19:45:06,136] {dagbag.py:507} INFO - Filling up the DagBag from /home/airflow/.local/lib/python3.7/site-packages/airflow/example_dags/example_latest_only_with_trigger.py
[2022-07-06 19:45:06,600] {processor.py:651} INFO - DAG(s) dict_keys(['latest_only_with_trigger']) retrieved from /home/airflow/.local/lib/python3.7/site-packages/airflow/example_dags/example_latest_only_with_trigger.py
[2022-07-06 19:45:06,732] {logging_mixin.py:115} INFO - [2022-07-06 19:45:06,732] {dag.py:2379} INFO - Sync 1 DAGs
[2022-07-06 19:45:06,766] {logging_mixin.py:115} INFO - [2022-07-06 19:45:06,766] {dag.py:2931} INFO - Setting next_dagrun for latest_only_with_trigger to 2022-07-06T15:45:06.766285+00:00, run_after=2022-07-06T19:45:06.766285+00:00
[2022-07-06 19:45:07,533] {processor.py:161} INFO - Processing /home/airflow/.local/lib/python3.7/site-packages/airflow/example_dags/example_latest_only_with_trigger.py took 1.671 seconds
[2022-07-06 19:54:38,764] {processor.py:153} INFO - Started process (PID=137) to work on /home/airflow/.local/lib/python3.7/site-packages/airflow/example_dags/example_latest_only_with_trigger.py
[2022-07-06 19:54:38,823] {processor.py:641} INFO - Processing file /home/airflow/.local/lib/python3.7/site-packages/airflow/example_dags/example_latest_only_with_trigger.py for tasks to queue
[2022-07-06 19:54:38,824] {logging_mixin.py:115} INFO - [2022-07-06 19:54:38,824] {dagbag.py:507} INFO - Filling up the DagBag from /home/airflow/.local/lib/python3.7/site-packages/airflow/example_dags/example_latest_only_with_trigger.py
[2022-07-06 19:54:39,047] {processor.py:651} INFO - DAG(s) dict_keys(['latest_only_with_trigger']) retrieved from /home/airflow/.local/lib/python3.7/site-packages/airflow/example_dags/example_latest_only_with_trigger.py
[2022-07-06 19:54:39,140] {logging_mixin.py:115} INFO - [2022-07-06 19:54:39,139] {dag.py:2379} INFO - Sync 1 DAGs
[2022-07-06 19:54:39,198] {logging_mixin.py:115} INFO - [2022-07-06 19:54:39,198] {dag.py:2931} INFO - Setting next_dagrun for latest_only_with_trigger to 2022-07-06T15:54:39.197939+00:00, run_after=2022-07-06T19:54:39.197939+00:00
[2022-07-06 19:54:39,302] {processor.py:161} INFO - Processing /home/airflow/.local/lib/python3.7/site-packages/airflow/example_dags/example_latest_only_with_trigger.py took 0.543 seconds
[2022-07-06 19:55:25,043] {processor.py:153} INFO - Started process (PID=199) to work on /home/airflow/.local/lib/python3.7/site-packages/airflow/example_dags/example_latest_only_with_trigger.py
[2022-07-06 19:55:25,196] {processor.py:641} INFO - Processing file /home/airflow/.local/lib/python3.7/site-packages/airflow/example_dags/example_latest_only_with_trigger.py for tasks to queue
[2022-07-06 19:55:25,315] {logging_mixin.py:115} INFO - [2022-07-06 19:55:25,315] {dagbag.py:507} INFO - Filling up the DagBag from /home/airflow/.local/lib/python3.7/site-packages/airflow/example_dags/example_latest_only_with_trigger.py
[2022-07-06 19:55:26,870] {processor.py:651} INFO - DAG(s) dict_keys(['latest_only_with_trigger']) retrieved from /home/airflow/.local/lib/python3.7/site-packages/airflow/example_dags/example_latest_only_with_trigger.py
[2022-07-06 19:55:29,172] {logging_mixin.py:115} INFO - [2022-07-06 19:55:29,172] {dag.py:2379} INFO - Sync 1 DAGs
[2022-07-06 19:55:31,667] {logging_mixin.py:115} INFO - [2022-07-06 19:55:31,667] {dag.py:2931} INFO - Setting next_dagrun for latest_only_with_trigger to 2022-07-06T15:55:31.666707+00:00, run_after=2022-07-06T19:55:31.666707+00:00
[2022-07-06 19:55:32,372] {processor.py:161} INFO - Processing /home/airflow/.local/lib/python3.7/site-packages/airflow/example_dags/example_latest_only_with_trigger.py took 7.334 seconds
[2022-07-06 19:58:12,663] {processor.py:153} INFO - Started process (PID=344) to work on /home/airflow/.local/lib/python3.7/site-packages/airflow/example_dags/example_latest_only_with_trigger.py
[2022-07-06 19:58:12,774] {processor.py:641} INFO - Processing file /home/airflow/.local/lib/python3.7/site-packages/airflow/example_dags/example_latest_only_with_trigger.py for tasks to queue
[2022-07-06 19:58:12,774] {logging_mixin.py:115} INFO - [2022-07-06 19:58:12,774] {dagbag.py:507} INFO - Filling up the DagBag from /home/airflow/.local/lib/python3.7/site-packages/airflow/example_dags/example_latest_only_with_trigger.py
[2022-07-06 19:58:12,789] {processor.py:651} INFO - DAG(s) dict_keys(['latest_only_with_trigger']) retrieved from /home/airflow/.local/lib/python3.7/site-packages/airflow/example_dags/example_latest_only_with_trigger.py
[2022-07-06 19:58:12,825] {logging_mixin.py:115} INFO - [2022-07-06 19:58:12,825] {dag.py:2379} INFO - Sync 1 DAGs
[2022-07-06 19:58:12,928] {logging_mixin.py:115} INFO - [2022-07-06 19:58:12,928] {dag.py:2931} INFO - Setting next_dagrun for latest_only_with_trigger to 2022-07-06T15:58:12.928254+00:00, run_after=2022-07-06T19:58:12.928254+00:00
[2022-07-06 19:58:13,049] {processor.py:161} INFO - Processing /home/airflow/.local/lib/python3.7/site-packages/airflow/example_dags/example_latest_only_with_trigger.py took 0.390 seconds
[2022-07-06 19:58:43,096] {processor.py:153} INFO - Started process (PID=396) to work on /home/airflow/.local/lib/python3.7/site-packages/airflow/example_dags/example_latest_only_with_trigger.py
[2022-07-06 19:58:43,127] {processor.py:641} INFO - Processing file /home/airflow/.local/lib/python3.7/site-packages/airflow/example_dags/example_latest_only_with_trigger.py for tasks to queue
[2022-07-06 19:58:43,128] {logging_mixin.py:115} INFO - [2022-07-06 19:58:43,128] {dagbag.py:507} INFO - Filling up the DagBag from /home/airflow/.local/lib/python3.7/site-packages/airflow/example_dags/example_latest_only_with_trigger.py
[2022-07-06 19:58:43,139] {processor.py:651} INFO - DAG(s) dict_keys(['latest_only_with_trigger']) retrieved from /home/airflow/.local/lib/python3.7/site-packages/airflow/example_dags/example_latest_only_with_trigger.py
[2022-07-06 19:58:43,178] {logging_mixin.py:115} INFO - [2022-07-06 19:58:43,178] {dag.py:2379} INFO - Sync 1 DAGs
[2022-07-06 19:58:43,209] {logging_mixin.py:115} INFO - [2022-07-06 19:58:43,209] {dag.py:2931} INFO - Setting next_dagrun for latest_only_with_trigger to 2022-07-06T15:58:43.208789+00:00, run_after=2022-07-06T19:58:43.208789+00:00
[2022-07-06 19:58:43,325] {processor.py:161} INFO - Processing /home/airflow/.local/lib/python3.7/site-packages/airflow/example_dags/example_latest_only_with_trigger.py took 0.232 seconds
[2022-07-06 19:59:26,099] {processor.py:153} INFO - Started process (PID=457) to work on /home/airflow/.local/lib/python3.7/site-packages/airflow/example_dags/example_latest_only_with_trigger.py
[2022-07-06 19:59:26,268] {processor.py:641} INFO - Processing file /home/airflow/.local/lib/python3.7/site-packages/airflow/example_dags/example_latest_only_with_trigger.py for tasks to queue
[2022-07-06 19:59:26,271] {logging_mixin.py:115} INFO - [2022-07-06 19:59:26,270] {dagbag.py:507} INFO - Filling up the DagBag from /home/airflow/.local/lib/python3.7/site-packages/airflow/example_dags/example_latest_only_with_trigger.py
[2022-07-06 19:59:26,317] {processor.py:651} INFO - DAG(s) dict_keys(['latest_only_with_trigger']) retrieved from /home/airflow/.local/lib/python3.7/site-packages/airflow/example_dags/example_latest_only_with_trigger.py
[2022-07-06 19:59:28,429] {logging_mixin.py:115} INFO - [2022-07-06 19:59:28,429] {dag.py:2379} INFO - Sync 1 DAGs
[2022-07-06 19:59:28,631] {logging_mixin.py:115} INFO - [2022-07-06 19:59:28,631] {dag.py:2931} INFO - Setting next_dagrun for latest_only_with_trigger to 2022-07-06T15:59:28.631398+00:00, run_after=2022-07-06T19:59:28.631398+00:00
[2022-07-06 19:59:28,960] {processor.py:161} INFO - Processing /home/airflow/.local/lib/python3.7/site-packages/airflow/example_dags/example_latest_only_with_trigger.py took 2.866 seconds
[2022-07-06 20:00:02,013] {processor.py:153} INFO - Started process (PID=510) to work on /home/airflow/.local/lib/python3.7/site-packages/airflow/example_dags/example_latest_only_with_trigger.py
[2022-07-06 20:00:02,063] {processor.py:641} INFO - Processing file /home/airflow/.local/lib/python3.7/site-packages/airflow/example_dags/example_latest_only_with_trigger.py for tasks to queue
[2022-07-06 20:00:02,064] {logging_mixin.py:115} INFO - [2022-07-06 20:00:02,064] {dagbag.py:507} INFO - Filling up the DagBag from /home/airflow/.local/lib/python3.7/site-packages/airflow/example_dags/example_latest_only_with_trigger.py
[2022-07-06 20:00:02,083] {processor.py:651} INFO - DAG(s) dict_keys(['latest_only_with_trigger']) retrieved from /home/airflow/.local/lib/python3.7/site-packages/airflow/example_dags/example_latest_only_with_trigger.py
[2022-07-06 20:00:02,123] {logging_mixin.py:115} INFO - [2022-07-06 20:00:02,123] {dag.py:2379} INFO - Sync 1 DAGs
[2022-07-06 20:00:02,157] {logging_mixin.py:115} INFO - [2022-07-06 20:00:02,157] {dag.py:2931} INFO - Setting next_dagrun for latest_only_with_trigger to 2022-07-06T16:00:02.157144+00:00, run_after=2022-07-06T20:00:02.157144+00:00
[2022-07-06 20:00:02,201] {processor.py:161} INFO - Processing /home/airflow/.local/lib/python3.7/site-packages/airflow/example_dags/example_latest_only_with_trigger.py took 0.192 seconds
[2022-07-06 20:00:32,854] {processor.py:153} INFO - Started process (PID=570) to work on /home/airflow/.local/lib/python3.7/site-packages/airflow/example_dags/example_latest_only_with_trigger.py
[2022-07-06 20:00:32,855] {processor.py:641} INFO - Processing file /home/airflow/.local/lib/python3.7/site-packages/airflow/example_dags/example_latest_only_with_trigger.py for tasks to queue
[2022-07-06 20:00:32,857] {logging_mixin.py:115} INFO - [2022-07-06 20:00:32,857] {dagbag.py:507} INFO - Filling up the DagBag from /home/airflow/.local/lib/python3.7/site-packages/airflow/example_dags/example_latest_only_with_trigger.py
[2022-07-06 20:00:32,873] {processor.py:651} INFO - DAG(s) dict_keys(['latest_only_with_trigger']) retrieved from /home/airflow/.local/lib/python3.7/site-packages/airflow/example_dags/example_latest_only_with_trigger.py
[2022-07-06 20:00:32,914] {logging_mixin.py:115} INFO - [2022-07-06 20:00:32,914] {dag.py:2379} INFO - Sync 1 DAGs
[2022-07-06 20:00:32,944] {logging_mixin.py:115} INFO - [2022-07-06 20:00:32,944] {dag.py:2931} INFO - Setting next_dagrun for latest_only_with_trigger to 2022-07-06T16:00:32.943905+00:00, run_after=2022-07-06T20:00:32.943905+00:00
[2022-07-06 20:00:32,975] {processor.py:161} INFO - Processing /home/airflow/.local/lib/python3.7/site-packages/airflow/example_dags/example_latest_only_with_trigger.py took 0.129 seconds
[2022-07-06 20:01:12,635] {processor.py:153} INFO - Started process (PID=629) to work on /home/airflow/.local/lib/python3.7/site-packages/airflow/example_dags/example_latest_only_with_trigger.py
[2022-07-06 20:01:12,656] {processor.py:641} INFO - Processing file /home/airflow/.local/lib/python3.7/site-packages/airflow/example_dags/example_latest_only_with_trigger.py for tasks to queue
[2022-07-06 20:01:12,656] {logging_mixin.py:115} INFO - [2022-07-06 20:01:12,656] {dagbag.py:507} INFO - Filling up the DagBag from /home/airflow/.local/lib/python3.7/site-packages/airflow/example_dags/example_latest_only_with_trigger.py
[2022-07-06 20:01:12,665] {processor.py:651} INFO - DAG(s) dict_keys(['latest_only_with_trigger']) retrieved from /home/airflow/.local/lib/python3.7/site-packages/airflow/example_dags/example_latest_only_with_trigger.py
[2022-07-06 20:01:12,706] {logging_mixin.py:115} INFO - [2022-07-06 20:01:12,706] {dag.py:2379} INFO - Sync 1 DAGs
[2022-07-06 20:01:12,738] {logging_mixin.py:115} INFO - [2022-07-06 20:01:12,738] {dag.py:2931} INFO - Setting next_dagrun for latest_only_with_trigger to 2022-07-06T16:01:12.738449+00:00, run_after=2022-07-06T20:01:12.738449+00:00
[2022-07-06 20:01:12,805] {processor.py:161} INFO - Processing /home/airflow/.local/lib/python3.7/site-packages/airflow/example_dags/example_latest_only_with_trigger.py took 0.173 seconds
[2022-07-06 20:01:53,628] {processor.py:153} INFO - Started process (PID=690) to work on /home/airflow/.local/lib/python3.7/site-packages/airflow/example_dags/example_latest_only_with_trigger.py
[2022-07-06 20:01:53,648] {processor.py:641} INFO - Processing file /home/airflow/.local/lib/python3.7/site-packages/airflow/example_dags/example_latest_only_with_trigger.py for tasks to queue
[2022-07-06 20:01:53,649] {logging_mixin.py:115} INFO - [2022-07-06 20:01:53,649] {dagbag.py:507} INFO - Filling up the DagBag from /home/airflow/.local/lib/python3.7/site-packages/airflow/example_dags/example_latest_only_with_trigger.py
[2022-07-06 20:01:53,656] {processor.py:651} INFO - DAG(s) dict_keys(['latest_only_with_trigger']) retrieved from /home/airflow/.local/lib/python3.7/site-packages/airflow/example_dags/example_latest_only_with_trigger.py
[2022-07-06 20:01:53,689] {logging_mixin.py:115} INFO - [2022-07-06 20:01:53,688] {dag.py:2379} INFO - Sync 1 DAGs
[2022-07-06 20:01:53,720] {logging_mixin.py:115} INFO - [2022-07-06 20:01:53,720] {dag.py:2931} INFO - Setting next_dagrun for latest_only_with_trigger to 2022-07-06T16:01:53.720262+00:00, run_after=2022-07-06T20:01:53.720262+00:00
[2022-07-06 20:01:53,753] {processor.py:161} INFO - Processing /home/airflow/.local/lib/python3.7/site-packages/airflow/example_dags/example_latest_only_with_trigger.py took 0.128 seconds
[2022-07-06 20:02:24,966] {processor.py:153} INFO - Started process (PID=741) to work on /home/airflow/.local/lib/python3.7/site-packages/airflow/example_dags/example_latest_only_with_trigger.py
[2022-07-06 20:02:24,999] {processor.py:641} INFO - Processing file /home/airflow/.local/lib/python3.7/site-packages/airflow/example_dags/example_latest_only_with_trigger.py for tasks to queue
[2022-07-06 20:02:24,999] {logging_mixin.py:115} INFO - [2022-07-06 20:02:24,999] {dagbag.py:507} INFO - Filling up the DagBag from /home/airflow/.local/lib/python3.7/site-packages/airflow/example_dags/example_latest_only_with_trigger.py
[2022-07-06 20:02:25,006] {processor.py:651} INFO - DAG(s) dict_keys(['latest_only_with_trigger']) retrieved from /home/airflow/.local/lib/python3.7/site-packages/airflow/example_dags/example_latest_only_with_trigger.py
[2022-07-06 20:02:25,044] {logging_mixin.py:115} INFO - [2022-07-06 20:02:25,044] {dag.py:2379} INFO - Sync 1 DAGs
[2022-07-06 20:02:25,082] {logging_mixin.py:115} INFO - [2022-07-06 20:02:25,082] {dag.py:2931} INFO - Setting next_dagrun for latest_only_with_trigger to 2022-07-06T16:02:25.082134+00:00, run_after=2022-07-06T20:02:25.082134+00:00
[2022-07-06 20:02:25,116] {processor.py:161} INFO - Processing /home/airflow/.local/lib/python3.7/site-packages/airflow/example_dags/example_latest_only_with_trigger.py took 0.154 seconds
[2022-07-06 20:02:57,921] {processor.py:153} INFO - Started process (PID=801) to work on /home/airflow/.local/lib/python3.7/site-packages/airflow/example_dags/example_latest_only_with_trigger.py
[2022-07-06 20:02:57,965] {processor.py:641} INFO - Processing file /home/airflow/.local/lib/python3.7/site-packages/airflow/example_dags/example_latest_only_with_trigger.py for tasks to queue
[2022-07-06 20:02:57,966] {logging_mixin.py:115} INFO - [2022-07-06 20:02:57,966] {dagbag.py:507} INFO - Filling up the DagBag from /home/airflow/.local/lib/python3.7/site-packages/airflow/example_dags/example_latest_only_with_trigger.py
[2022-07-06 20:02:57,974] {processor.py:651} INFO - DAG(s) dict_keys(['latest_only_with_trigger']) retrieved from /home/airflow/.local/lib/python3.7/site-packages/airflow/example_dags/example_latest_only_with_trigger.py
[2022-07-06 20:02:58,011] {logging_mixin.py:115} INFO - [2022-07-06 20:02:58,011] {dag.py:2379} INFO - Sync 1 DAGs
[2022-07-06 20:02:58,113] {logging_mixin.py:115} INFO - [2022-07-06 20:02:58,113] {dag.py:2931} INFO - Setting next_dagrun for latest_only_with_trigger to 2022-07-06T16:02:58.112905+00:00, run_after=2022-07-06T20:02:58.112905+00:00
[2022-07-06 20:02:58,470] {processor.py:161} INFO - Processing /home/airflow/.local/lib/python3.7/site-packages/airflow/example_dags/example_latest_only_with_trigger.py took 0.555 seconds
[2022-07-06 20:03:29,950] {processor.py:153} INFO - Started process (PID=853) to work on /home/airflow/.local/lib/python3.7/site-packages/airflow/example_dags/example_latest_only_with_trigger.py
[2022-07-06 20:03:29,952] {processor.py:641} INFO - Processing file /home/airflow/.local/lib/python3.7/site-packages/airflow/example_dags/example_latest_only_with_trigger.py for tasks to queue
[2022-07-06 20:03:29,954] {logging_mixin.py:115} INFO - [2022-07-06 20:03:29,954] {dagbag.py:507} INFO - Filling up the DagBag from /home/airflow/.local/lib/python3.7/site-packages/airflow/example_dags/example_latest_only_with_trigger.py
[2022-07-06 20:03:29,978] {processor.py:651} INFO - DAG(s) dict_keys(['latest_only_with_trigger']) retrieved from /home/airflow/.local/lib/python3.7/site-packages/airflow/example_dags/example_latest_only_with_trigger.py
[2022-07-06 20:03:30,031] {logging_mixin.py:115} INFO - [2022-07-06 20:03:30,030] {dag.py:2379} INFO - Sync 1 DAGs
[2022-07-06 20:03:30,066] {logging_mixin.py:115} INFO - [2022-07-06 20:03:30,066] {dag.py:2931} INFO - Setting next_dagrun for latest_only_with_trigger to 2022-07-06T16:03:30.065886+00:00, run_after=2022-07-06T20:03:30.065886+00:00
[2022-07-06 20:03:30,433] {processor.py:161} INFO - Processing /home/airflow/.local/lib/python3.7/site-packages/airflow/example_dags/example_latest_only_with_trigger.py took 0.495 seconds
[2022-07-06 20:04:00,521] {processor.py:153} INFO - Started process (PID=905) to work on /home/airflow/.local/lib/python3.7/site-packages/airflow/example_dags/example_latest_only_with_trigger.py
[2022-07-06 20:04:00,521] {processor.py:641} INFO - Processing file /home/airflow/.local/lib/python3.7/site-packages/airflow/example_dags/example_latest_only_with_trigger.py for tasks to queue
[2022-07-06 20:04:00,522] {logging_mixin.py:115} INFO - [2022-07-06 20:04:00,522] {dagbag.py:507} INFO - Filling up the DagBag from /home/airflow/.local/lib/python3.7/site-packages/airflow/example_dags/example_latest_only_with_trigger.py
[2022-07-06 20:04:00,532] {processor.py:651} INFO - DAG(s) dict_keys(['latest_only_with_trigger']) retrieved from /home/airflow/.local/lib/python3.7/site-packages/airflow/example_dags/example_latest_only_with_trigger.py
[2022-07-06 20:04:00,573] {logging_mixin.py:115} INFO - [2022-07-06 20:04:00,573] {dag.py:2379} INFO - Sync 1 DAGs
[2022-07-06 20:04:00,616] {logging_mixin.py:115} INFO - [2022-07-06 20:04:00,615] {dag.py:2931} INFO - Setting next_dagrun for latest_only_with_trigger to 2022-07-06T16:04:00.615386+00:00, run_after=2022-07-06T20:04:00.615386+00:00
[2022-07-06 20:04:00,654] {processor.py:161} INFO - Processing /home/airflow/.local/lib/python3.7/site-packages/airflow/example_dags/example_latest_only_with_trigger.py took 0.139 seconds
[2022-07-06 20:04:31,390] {processor.py:153} INFO - Started process (PID=956) to work on /home/airflow/.local/lib/python3.7/site-packages/airflow/example_dags/example_latest_only_with_trigger.py
[2022-07-06 20:04:31,403] {processor.py:641} INFO - Processing file /home/airflow/.local/lib/python3.7/site-packages/airflow/example_dags/example_latest_only_with_trigger.py for tasks to queue
[2022-07-06 20:04:31,405] {logging_mixin.py:115} INFO - [2022-07-06 20:04:31,405] {dagbag.py:507} INFO - Filling up the DagBag from /home/airflow/.local/lib/python3.7/site-packages/airflow/example_dags/example_latest_only_with_trigger.py
[2022-07-06 20:04:31,424] {processor.py:651} INFO - DAG(s) dict_keys(['latest_only_with_trigger']) retrieved from /home/airflow/.local/lib/python3.7/site-packages/airflow/example_dags/example_latest_only_with_trigger.py
[2022-07-06 20:04:31,469] {logging_mixin.py:115} INFO - [2022-07-06 20:04:31,469] {dag.py:2379} INFO - Sync 1 DAGs
[2022-07-06 20:04:31,496] {logging_mixin.py:115} INFO - [2022-07-06 20:04:31,496] {dag.py:2931} INFO - Setting next_dagrun for latest_only_with_trigger to 2022-07-06T16:04:31.496333+00:00, run_after=2022-07-06T20:04:31.496333+00:00
[2022-07-06 20:04:31,528] {processor.py:161} INFO - Processing /home/airflow/.local/lib/python3.7/site-packages/airflow/example_dags/example_latest_only_with_trigger.py took 0.141 seconds
[2022-07-06 20:05:02,446] {processor.py:153} INFO - Started process (PID=1018) to work on /home/airflow/.local/lib/python3.7/site-packages/airflow/example_dags/example_latest_only_with_trigger.py
[2022-07-06 20:05:02,446] {processor.py:641} INFO - Processing file /home/airflow/.local/lib/python3.7/site-packages/airflow/example_dags/example_latest_only_with_trigger.py for tasks to queue
[2022-07-06 20:05:02,447] {logging_mixin.py:115} INFO - [2022-07-06 20:05:02,447] {dagbag.py:507} INFO - Filling up the DagBag from /home/airflow/.local/lib/python3.7/site-packages/airflow/example_dags/example_latest_only_with_trigger.py
[2022-07-06 20:05:02,458] {processor.py:651} INFO - DAG(s) dict_keys(['latest_only_with_trigger']) retrieved from /home/airflow/.local/lib/python3.7/site-packages/airflow/example_dags/example_latest_only_with_trigger.py
[2022-07-06 20:05:02,546] {logging_mixin.py:115} INFO - [2022-07-06 20:05:02,545] {dag.py:2379} INFO - Sync 1 DAGs
[2022-07-06 20:05:02,620] {logging_mixin.py:115} INFO - [2022-07-06 20:05:02,619] {dag.py:2931} INFO - Setting next_dagrun for latest_only_with_trigger to 2022-07-06T16:05:02.619465+00:00, run_after=2022-07-06T20:05:02.619465+00:00
[2022-07-06 20:05:02,682] {processor.py:161} INFO - Processing /home/airflow/.local/lib/python3.7/site-packages/airflow/example_dags/example_latest_only_with_trigger.py took 0.241 seconds
[2022-07-06 20:05:32,891] {processor.py:153} INFO - Started process (PID=1069) to work on /home/airflow/.local/lib/python3.7/site-packages/airflow/example_dags/example_latest_only_with_trigger.py
[2022-07-06 20:05:32,900] {processor.py:641} INFO - Processing file /home/airflow/.local/lib/python3.7/site-packages/airflow/example_dags/example_latest_only_with_trigger.py for tasks to queue
[2022-07-06 20:05:32,901] {logging_mixin.py:115} INFO - [2022-07-06 20:05:32,901] {dagbag.py:507} INFO - Filling up the DagBag from /home/airflow/.local/lib/python3.7/site-packages/airflow/example_dags/example_latest_only_with_trigger.py
[2022-07-06 20:05:32,908] {processor.py:651} INFO - DAG(s) dict_keys(['latest_only_with_trigger']) retrieved from /home/airflow/.local/lib/python3.7/site-packages/airflow/example_dags/example_latest_only_with_trigger.py
[2022-07-06 20:05:32,941] {logging_mixin.py:115} INFO - [2022-07-06 20:05:32,941] {dag.py:2379} INFO - Sync 1 DAGs
[2022-07-06 20:05:32,971] {logging_mixin.py:115} INFO - [2022-07-06 20:05:32,970] {dag.py:2931} INFO - Setting next_dagrun for latest_only_with_trigger to 2022-07-06T16:05:32.970611+00:00, run_after=2022-07-06T20:05:32.970611+00:00
[2022-07-06 20:05:32,990] {processor.py:161} INFO - Processing /home/airflow/.local/lib/python3.7/site-packages/airflow/example_dags/example_latest_only_with_trigger.py took 0.102 seconds
[2022-07-06 20:06:03,386] {processor.py:153} INFO - Started process (PID=1121) to work on /home/airflow/.local/lib/python3.7/site-packages/airflow/example_dags/example_latest_only_with_trigger.py
[2022-07-06 20:06:03,387] {processor.py:641} INFO - Processing file /home/airflow/.local/lib/python3.7/site-packages/airflow/example_dags/example_latest_only_with_trigger.py for tasks to queue
[2022-07-06 20:06:03,389] {logging_mixin.py:115} INFO - [2022-07-06 20:06:03,388] {dagbag.py:507} INFO - Filling up the DagBag from /home/airflow/.local/lib/python3.7/site-packages/airflow/example_dags/example_latest_only_with_trigger.py
[2022-07-06 20:06:03,409] {processor.py:651} INFO - DAG(s) dict_keys(['latest_only_with_trigger']) retrieved from /home/airflow/.local/lib/python3.7/site-packages/airflow/example_dags/example_latest_only_with_trigger.py
[2022-07-06 20:06:03,451] {logging_mixin.py:115} INFO - [2022-07-06 20:06:03,451] {dag.py:2379} INFO - Sync 1 DAGs
[2022-07-06 20:06:03,482] {logging_mixin.py:115} INFO - [2022-07-06 20:06:03,482] {dag.py:2931} INFO - Setting next_dagrun for latest_only_with_trigger to 2022-07-06T16:06:03.482540+00:00, run_after=2022-07-06T20:06:03.482540+00:00
[2022-07-06 20:06:03,522] {processor.py:161} INFO - Processing /home/airflow/.local/lib/python3.7/site-packages/airflow/example_dags/example_latest_only_with_trigger.py took 0.145 seconds
[2022-07-06 20:06:34,818] {processor.py:153} INFO - Started process (PID=1182) to work on /home/airflow/.local/lib/python3.7/site-packages/airflow/example_dags/example_latest_only_with_trigger.py
[2022-07-06 20:06:34,821] {processor.py:641} INFO - Processing file /home/airflow/.local/lib/python3.7/site-packages/airflow/example_dags/example_latest_only_with_trigger.py for tasks to queue
[2022-07-06 20:06:34,822] {logging_mixin.py:115} INFO - [2022-07-06 20:06:34,822] {dagbag.py:507} INFO - Filling up the DagBag from /home/airflow/.local/lib/python3.7/site-packages/airflow/example_dags/example_latest_only_with_trigger.py
[2022-07-06 20:06:34,832] {processor.py:651} INFO - DAG(s) dict_keys(['latest_only_with_trigger']) retrieved from /home/airflow/.local/lib/python3.7/site-packages/airflow/example_dags/example_latest_only_with_trigger.py
[2022-07-06 20:06:34,882] {logging_mixin.py:115} INFO - [2022-07-06 20:06:34,882] {dag.py:2379} INFO - Sync 1 DAGs
[2022-07-06 20:06:34,925] {logging_mixin.py:115} INFO - [2022-07-06 20:06:34,925] {dag.py:2931} INFO - Setting next_dagrun for latest_only_with_trigger to 2022-07-06T16:06:34.925045+00:00, run_after=2022-07-06T20:06:34.925045+00:00
[2022-07-06 20:06:34,969] {processor.py:161} INFO - Processing /home/airflow/.local/lib/python3.7/site-packages/airflow/example_dags/example_latest_only_with_trigger.py took 0.162 seconds
[2022-07-06 20:07:05,965] {processor.py:153} INFO - Started process (PID=1234) to work on /home/airflow/.local/lib/python3.7/site-packages/airflow/example_dags/example_latest_only_with_trigger.py
[2022-07-06 20:07:05,966] {processor.py:641} INFO - Processing file /home/airflow/.local/lib/python3.7/site-packages/airflow/example_dags/example_latest_only_with_trigger.py for tasks to queue
[2022-07-06 20:07:05,966] {logging_mixin.py:115} INFO - [2022-07-06 20:07:05,966] {dagbag.py:507} INFO - Filling up the DagBag from /home/airflow/.local/lib/python3.7/site-packages/airflow/example_dags/example_latest_only_with_trigger.py
[2022-07-06 20:07:05,974] {processor.py:651} INFO - DAG(s) dict_keys(['latest_only_with_trigger']) retrieved from /home/airflow/.local/lib/python3.7/site-packages/airflow/example_dags/example_latest_only_with_trigger.py
[2022-07-06 20:07:06,008] {logging_mixin.py:115} INFO - [2022-07-06 20:07:06,008] {dag.py:2379} INFO - Sync 1 DAGs
[2022-07-06 20:07:06,038] {logging_mixin.py:115} INFO - [2022-07-06 20:07:06,037] {dag.py:2931} INFO - Setting next_dagrun for latest_only_with_trigger to 2022-07-06T16:07:06.037662+00:00, run_after=2022-07-06T20:07:06.037662+00:00
[2022-07-06 20:07:06,074] {processor.py:161} INFO - Processing /home/airflow/.local/lib/python3.7/site-packages/airflow/example_dags/example_latest_only_with_trigger.py took 0.113 seconds
[2022-07-06 20:07:37,046] {processor.py:153} INFO - Started process (PID=1294) to work on /home/airflow/.local/lib/python3.7/site-packages/airflow/example_dags/example_latest_only_with_trigger.py
[2022-07-06 20:07:37,062] {processor.py:641} INFO - Processing file /home/airflow/.local/lib/python3.7/site-packages/airflow/example_dags/example_latest_only_with_trigger.py for tasks to queue
[2022-07-06 20:07:37,063] {logging_mixin.py:115} INFO - [2022-07-06 20:07:37,063] {dagbag.py:507} INFO - Filling up the DagBag from /home/airflow/.local/lib/python3.7/site-packages/airflow/example_dags/example_latest_only_with_trigger.py
[2022-07-06 20:07:37,073] {processor.py:651} INFO - DAG(s) dict_keys(['latest_only_with_trigger']) retrieved from /home/airflow/.local/lib/python3.7/site-packages/airflow/example_dags/example_latest_only_with_trigger.py
[2022-07-06 20:07:37,118] {logging_mixin.py:115} INFO - [2022-07-06 20:07:37,117] {dag.py:2379} INFO - Sync 1 DAGs
[2022-07-06 20:07:37,155] {logging_mixin.py:115} INFO - [2022-07-06 20:07:37,155] {dag.py:2931} INFO - Setting next_dagrun for latest_only_with_trigger to 2022-07-06T16:07:37.155111+00:00, run_after=2022-07-06T20:07:37.155111+00:00
[2022-07-06 20:07:37,186] {processor.py:161} INFO - Processing /home/airflow/.local/lib/python3.7/site-packages/airflow/example_dags/example_latest_only_with_trigger.py took 0.144 seconds
[2022-07-06 20:08:08,746] {processor.py:153} INFO - Started process (PID=1346) to work on /home/airflow/.local/lib/python3.7/site-packages/airflow/example_dags/example_latest_only_with_trigger.py
[2022-07-06 20:08:08,746] {processor.py:641} INFO - Processing file /home/airflow/.local/lib/python3.7/site-packages/airflow/example_dags/example_latest_only_with_trigger.py for tasks to queue
[2022-07-06 20:08:08,747] {logging_mixin.py:115} INFO - [2022-07-06 20:08:08,747] {dagbag.py:507} INFO - Filling up the DagBag from /home/airflow/.local/lib/python3.7/site-packages/airflow/example_dags/example_latest_only_with_trigger.py
[2022-07-06 20:08:08,754] {processor.py:651} INFO - DAG(s) dict_keys(['latest_only_with_trigger']) retrieved from /home/airflow/.local/lib/python3.7/site-packages/airflow/example_dags/example_latest_only_with_trigger.py
[2022-07-06 20:08:08,796] {logging_mixin.py:115} INFO - [2022-07-06 20:08:08,796] {dag.py:2379} INFO - Sync 1 DAGs
[2022-07-06 20:08:08,840] {logging_mixin.py:115} INFO - [2022-07-06 20:08:08,840] {dag.py:2931} INFO - Setting next_dagrun for latest_only_with_trigger to 2022-07-06T16:08:08.839608+00:00, run_after=2022-07-06T20:08:08.839608+00:00
[2022-07-06 20:08:08,880] {processor.py:161} INFO - Processing /home/airflow/.local/lib/python3.7/site-packages/airflow/example_dags/example_latest_only_with_trigger.py took 0.139 seconds
[2022-07-06 20:08:39,167] {processor.py:153} INFO - Started process (PID=1398) to work on /home/airflow/.local/lib/python3.7/site-packages/airflow/example_dags/example_latest_only_with_trigger.py
[2022-07-06 20:08:39,204] {processor.py:641} INFO - Processing file /home/airflow/.local/lib/python3.7/site-packages/airflow/example_dags/example_latest_only_with_trigger.py for tasks to queue
[2022-07-06 20:08:39,205] {logging_mixin.py:115} INFO - [2022-07-06 20:08:39,204] {dagbag.py:507} INFO - Filling up the DagBag from /home/airflow/.local/lib/python3.7/site-packages/airflow/example_dags/example_latest_only_with_trigger.py
[2022-07-06 20:08:39,212] {processor.py:651} INFO - DAG(s) dict_keys(['latest_only_with_trigger']) retrieved from /home/airflow/.local/lib/python3.7/site-packages/airflow/example_dags/example_latest_only_with_trigger.py
[2022-07-06 20:08:39,242] {logging_mixin.py:115} INFO - [2022-07-06 20:08:39,242] {dag.py:2379} INFO - Sync 1 DAGs
[2022-07-06 20:08:39,269] {logging_mixin.py:115} INFO - [2022-07-06 20:08:39,269] {dag.py:2931} INFO - Setting next_dagrun for latest_only_with_trigger to 2022-07-06T16:08:39.269199+00:00, run_after=2022-07-06T20:08:39.269199+00:00
[2022-07-06 20:08:39,333] {processor.py:161} INFO - Processing /home/airflow/.local/lib/python3.7/site-packages/airflow/example_dags/example_latest_only_with_trigger.py took 0.179 seconds
[2022-07-06 20:09:09,710] {processor.py:153} INFO - Started process (PID=1457) to work on /home/airflow/.local/lib/python3.7/site-packages/airflow/example_dags/example_latest_only_with_trigger.py
[2022-07-06 20:09:09,716] {processor.py:641} INFO - Processing file /home/airflow/.local/lib/python3.7/site-packages/airflow/example_dags/example_latest_only_with_trigger.py for tasks to queue
[2022-07-06 20:09:09,718] {logging_mixin.py:115} INFO - [2022-07-06 20:09:09,717] {dagbag.py:507} INFO - Filling up the DagBag from /home/airflow/.local/lib/python3.7/site-packages/airflow/example_dags/example_latest_only_with_trigger.py
[2022-07-06 20:09:09,741] {processor.py:651} INFO - DAG(s) dict_keys(['latest_only_with_trigger']) retrieved from /home/airflow/.local/lib/python3.7/site-packages/airflow/example_dags/example_latest_only_with_trigger.py
[2022-07-06 20:09:09,814] {logging_mixin.py:115} INFO - [2022-07-06 20:09:09,813] {dag.py:2379} INFO - Sync 1 DAGs
[2022-07-06 20:09:09,879] {logging_mixin.py:115} INFO - [2022-07-06 20:09:09,879] {dag.py:2931} INFO - Setting next_dagrun for latest_only_with_trigger to 2022-07-06T16:09:09.878929+00:00, run_after=2022-07-06T20:09:09.878929+00:00
[2022-07-06 20:09:10,021] {processor.py:161} INFO - Processing /home/airflow/.local/lib/python3.7/site-packages/airflow/example_dags/example_latest_only_with_trigger.py took 0.316 seconds
[2022-07-06 20:09:40,303] {processor.py:153} INFO - Started process (PID=1509) to work on /home/airflow/.local/lib/python3.7/site-packages/airflow/example_dags/example_latest_only_with_trigger.py
[2022-07-06 20:09:40,303] {processor.py:641} INFO - Processing file /home/airflow/.local/lib/python3.7/site-packages/airflow/example_dags/example_latest_only_with_trigger.py for tasks to queue
[2022-07-06 20:09:40,304] {logging_mixin.py:115} INFO - [2022-07-06 20:09:40,304] {dagbag.py:507} INFO - Filling up the DagBag from /home/airflow/.local/lib/python3.7/site-packages/airflow/example_dags/example_latest_only_with_trigger.py
[2022-07-06 20:09:40,310] {processor.py:651} INFO - DAG(s) dict_keys(['latest_only_with_trigger']) retrieved from /home/airflow/.local/lib/python3.7/site-packages/airflow/example_dags/example_latest_only_with_trigger.py
[2022-07-06 20:09:40,341] {logging_mixin.py:115} INFO - [2022-07-06 20:09:40,341] {dag.py:2379} INFO - Sync 1 DAGs
[2022-07-06 20:09:40,368] {logging_mixin.py:115} INFO - [2022-07-06 20:09:40,368] {dag.py:2931} INFO - Setting next_dagrun for latest_only_with_trigger to 2022-07-06T16:09:40.368374+00:00, run_after=2022-07-06T20:09:40.368374+00:00
[2022-07-06 20:09:40,396] {processor.py:161} INFO - Processing /home/airflow/.local/lib/python3.7/site-packages/airflow/example_dags/example_latest_only_with_trigger.py took 0.097 seconds
[2022-07-06 20:10:10,972] {processor.py:153} INFO - Started process (PID=1561) to work on /home/airflow/.local/lib/python3.7/site-packages/airflow/example_dags/example_latest_only_with_trigger.py
[2022-07-06 20:10:10,975] {processor.py:641} INFO - Processing file /home/airflow/.local/lib/python3.7/site-packages/airflow/example_dags/example_latest_only_with_trigger.py for tasks to queue
[2022-07-06 20:10:10,976] {logging_mixin.py:115} INFO - [2022-07-06 20:10:10,976] {dagbag.py:507} INFO - Filling up the DagBag from /home/airflow/.local/lib/python3.7/site-packages/airflow/example_dags/example_latest_only_with_trigger.py
[2022-07-06 20:10:10,987] {processor.py:651} INFO - DAG(s) dict_keys(['latest_only_with_trigger']) retrieved from /home/airflow/.local/lib/python3.7/site-packages/airflow/example_dags/example_latest_only_with_trigger.py
[2022-07-06 20:10:11,030] {logging_mixin.py:115} INFO - [2022-07-06 20:10:11,030] {dag.py:2379} INFO - Sync 1 DAGs
[2022-07-06 20:10:11,068] {logging_mixin.py:115} INFO - [2022-07-06 20:10:11,068] {dag.py:2931} INFO - Setting next_dagrun for latest_only_with_trigger to 2022-07-06T16:10:11.068505+00:00, run_after=2022-07-06T20:10:11.068505+00:00
[2022-07-06 20:10:11,093] {processor.py:161} INFO - Processing /home/airflow/.local/lib/python3.7/site-packages/airflow/example_dags/example_latest_only_with_trigger.py took 0.131 seconds
[2022-07-06 20:10:41,409] {processor.py:153} INFO - Started process (PID=1622) to work on /home/airflow/.local/lib/python3.7/site-packages/airflow/example_dags/example_latest_only_with_trigger.py
[2022-07-06 20:10:41,410] {processor.py:641} INFO - Processing file /home/airflow/.local/lib/python3.7/site-packages/airflow/example_dags/example_latest_only_with_trigger.py for tasks to queue
[2022-07-06 20:10:41,410] {logging_mixin.py:115} INFO - [2022-07-06 20:10:41,410] {dagbag.py:507} INFO - Filling up the DagBag from /home/airflow/.local/lib/python3.7/site-packages/airflow/example_dags/example_latest_only_with_trigger.py
[2022-07-06 20:10:41,420] {processor.py:651} INFO - DAG(s) dict_keys(['latest_only_with_trigger']) retrieved from /home/airflow/.local/lib/python3.7/site-packages/airflow/example_dags/example_latest_only_with_trigger.py
[2022-07-06 20:10:41,473] {logging_mixin.py:115} INFO - [2022-07-06 20:10:41,472] {dag.py:2379} INFO - Sync 1 DAGs
[2022-07-06 20:10:41,523] {logging_mixin.py:115} INFO - [2022-07-06 20:10:41,523] {dag.py:2931} INFO - Setting next_dagrun for latest_only_with_trigger to 2022-07-06T16:10:41.523165+00:00, run_after=2022-07-06T20:10:41.523165+00:00
[2022-07-06 20:10:41,562] {processor.py:161} INFO - Processing /home/airflow/.local/lib/python3.7/site-packages/airflow/example_dags/example_latest_only_with_trigger.py took 0.158 seconds
[2022-07-06 20:11:11,993] {processor.py:153} INFO - Started process (PID=1674) to work on /home/airflow/.local/lib/python3.7/site-packages/airflow/example_dags/example_latest_only_with_trigger.py
[2022-07-06 20:11:11,994] {processor.py:641} INFO - Processing file /home/airflow/.local/lib/python3.7/site-packages/airflow/example_dags/example_latest_only_with_trigger.py for tasks to queue
[2022-07-06 20:11:11,995] {logging_mixin.py:115} INFO - [2022-07-06 20:11:11,995] {dagbag.py:507} INFO - Filling up the DagBag from /home/airflow/.local/lib/python3.7/site-packages/airflow/example_dags/example_latest_only_with_trigger.py
[2022-07-06 20:11:12,004] {processor.py:651} INFO - DAG(s) dict_keys(['latest_only_with_trigger']) retrieved from /home/airflow/.local/lib/python3.7/site-packages/airflow/example_dags/example_latest_only_with_trigger.py
[2022-07-06 20:11:12,037] {logging_mixin.py:115} INFO - [2022-07-06 20:11:12,037] {dag.py:2379} INFO - Sync 1 DAGs
[2022-07-06 20:11:12,071] {logging_mixin.py:115} INFO - [2022-07-06 20:11:12,071] {dag.py:2931} INFO - Setting next_dagrun for latest_only_with_trigger to 2022-07-06T16:11:12.071493+00:00, run_after=2022-07-06T20:11:12.071493+00:00
[2022-07-06 20:11:12,119] {processor.py:161} INFO - Processing /home/airflow/.local/lib/python3.7/site-packages/airflow/example_dags/example_latest_only_with_trigger.py took 0.131 seconds
[2022-07-06 20:11:42,232] {processor.py:153} INFO - Started process (PID=1726) to work on /home/airflow/.local/lib/python3.7/site-packages/airflow/example_dags/example_latest_only_with_trigger.py
[2022-07-06 20:11:42,232] {processor.py:641} INFO - Processing file /home/airflow/.local/lib/python3.7/site-packages/airflow/example_dags/example_latest_only_with_trigger.py for tasks to queue
[2022-07-06 20:11:42,233] {logging_mixin.py:115} INFO - [2022-07-06 20:11:42,233] {dagbag.py:507} INFO - Filling up the DagBag from /home/airflow/.local/lib/python3.7/site-packages/airflow/example_dags/example_latest_only_with_trigger.py
[2022-07-06 20:11:42,239] {processor.py:651} INFO - DAG(s) dict_keys(['latest_only_with_trigger']) retrieved from /home/airflow/.local/lib/python3.7/site-packages/airflow/example_dags/example_latest_only_with_trigger.py
[2022-07-06 20:11:42,276] {logging_mixin.py:115} INFO - [2022-07-06 20:11:42,276] {dag.py:2379} INFO - Sync 1 DAGs
[2022-07-06 20:11:42,316] {logging_mixin.py:115} INFO - [2022-07-06 20:11:42,316] {dag.py:2931} INFO - Setting next_dagrun for latest_only_with_trigger to 2022-07-06T16:11:42.315584+00:00, run_after=2022-07-06T20:11:42.315584+00:00
[2022-07-06 20:11:42,343] {processor.py:161} INFO - Processing /home/airflow/.local/lib/python3.7/site-packages/airflow/example_dags/example_latest_only_with_trigger.py took 0.115 seconds
[2022-07-06 20:12:13,882] {processor.py:153} INFO - Started process (PID=1787) to work on /home/airflow/.local/lib/python3.7/site-packages/airflow/example_dags/example_latest_only_with_trigger.py
[2022-07-06 20:12:13,886] {processor.py:641} INFO - Processing file /home/airflow/.local/lib/python3.7/site-packages/airflow/example_dags/example_latest_only_with_trigger.py for tasks to queue
[2022-07-06 20:12:13,887] {logging_mixin.py:115} INFO - [2022-07-06 20:12:13,887] {dagbag.py:507} INFO - Filling up the DagBag from /home/airflow/.local/lib/python3.7/site-packages/airflow/example_dags/example_latest_only_with_trigger.py
[2022-07-06 20:12:13,897] {processor.py:651} INFO - DAG(s) dict_keys(['latest_only_with_trigger']) retrieved from /home/airflow/.local/lib/python3.7/site-packages/airflow/example_dags/example_latest_only_with_trigger.py
[2022-07-06 20:12:13,941] {logging_mixin.py:115} INFO - [2022-07-06 20:12:13,941] {dag.py:2379} INFO - Sync 1 DAGs
[2022-07-06 20:12:13,986] {logging_mixin.py:115} INFO - [2022-07-06 20:12:13,986] {dag.py:2931} INFO - Setting next_dagrun for latest_only_with_trigger to 2022-07-06T16:12:13.986322+00:00, run_after=2022-07-06T20:12:13.986322+00:00
[2022-07-06 20:12:14,027] {processor.py:161} INFO - Processing /home/airflow/.local/lib/python3.7/site-packages/airflow/example_dags/example_latest_only_with_trigger.py took 0.149 seconds
[2022-07-06 20:12:45,020] {processor.py:153} INFO - Started process (PID=1837) to work on /home/airflow/.local/lib/python3.7/site-packages/airflow/example_dags/example_latest_only_with_trigger.py
[2022-07-06 20:12:45,021] {processor.py:641} INFO - Processing file /home/airflow/.local/lib/python3.7/site-packages/airflow/example_dags/example_latest_only_with_trigger.py for tasks to queue
[2022-07-06 20:12:45,022] {logging_mixin.py:115} INFO - [2022-07-06 20:12:45,022] {dagbag.py:507} INFO - Filling up the DagBag from /home/airflow/.local/lib/python3.7/site-packages/airflow/example_dags/example_latest_only_with_trigger.py
[2022-07-06 20:12:45,032] {processor.py:651} INFO - DAG(s) dict_keys(['latest_only_with_trigger']) retrieved from /home/airflow/.local/lib/python3.7/site-packages/airflow/example_dags/example_latest_only_with_trigger.py
[2022-07-06 20:12:45,080] {logging_mixin.py:115} INFO - [2022-07-06 20:12:45,080] {dag.py:2379} INFO - Sync 1 DAGs
[2022-07-06 20:12:45,125] {logging_mixin.py:115} INFO - [2022-07-06 20:12:45,124] {dag.py:2931} INFO - Setting next_dagrun for latest_only_with_trigger to 2022-07-06T16:12:45.124607+00:00, run_after=2022-07-06T20:12:45.124607+00:00
[2022-07-06 20:12:45,200] {processor.py:161} INFO - Processing /home/airflow/.local/lib/python3.7/site-packages/airflow/example_dags/example_latest_only_with_trigger.py took 0.185 seconds
[2022-07-06 20:13:16,203] {processor.py:153} INFO - Started process (PID=1895) to work on /home/airflow/.local/lib/python3.7/site-packages/airflow/example_dags/example_latest_only_with_trigger.py
[2022-07-06 20:13:16,214] {processor.py:641} INFO - Processing file /home/airflow/.local/lib/python3.7/site-packages/airflow/example_dags/example_latest_only_with_trigger.py for tasks to queue
[2022-07-06 20:13:16,215] {logging_mixin.py:115} INFO - [2022-07-06 20:13:16,214] {dagbag.py:507} INFO - Filling up the DagBag from /home/airflow/.local/lib/python3.7/site-packages/airflow/example_dags/example_latest_only_with_trigger.py
[2022-07-06 20:13:16,223] {processor.py:651} INFO - DAG(s) dict_keys(['latest_only_with_trigger']) retrieved from /home/airflow/.local/lib/python3.7/site-packages/airflow/example_dags/example_latest_only_with_trigger.py
[2022-07-06 20:13:16,257] {logging_mixin.py:115} INFO - [2022-07-06 20:13:16,257] {dag.py:2379} INFO - Sync 1 DAGs
[2022-07-06 20:13:16,288] {logging_mixin.py:115} INFO - [2022-07-06 20:13:16,288] {dag.py:2931} INFO - Setting next_dagrun for latest_only_with_trigger to 2022-07-06T16:13:16.288309+00:00, run_after=2022-07-06T20:13:16.288309+00:00
[2022-07-06 20:13:16,320] {processor.py:161} INFO - Processing /home/airflow/.local/lib/python3.7/site-packages/airflow/example_dags/example_latest_only_with_trigger.py took 0.121 seconds
[2022-07-06 20:14:26,129] {processor.py:153} INFO - Started process (PID=1973) to work on /home/airflow/.local/lib/python3.7/site-packages/airflow/example_dags/example_latest_only_with_trigger.py
[2022-07-06 20:14:26,166] {processor.py:641} INFO - Processing file /home/airflow/.local/lib/python3.7/site-packages/airflow/example_dags/example_latest_only_with_trigger.py for tasks to queue
[2022-07-06 20:14:26,170] {logging_mixin.py:115} INFO - [2022-07-06 20:14:26,170] {dagbag.py:507} INFO - Filling up the DagBag from /home/airflow/.local/lib/python3.7/site-packages/airflow/example_dags/example_latest_only_with_trigger.py
[2022-07-06 20:14:26,181] {processor.py:651} INFO - DAG(s) dict_keys(['latest_only_with_trigger']) retrieved from /home/airflow/.local/lib/python3.7/site-packages/airflow/example_dags/example_latest_only_with_trigger.py
[2022-07-06 20:14:26,279] {logging_mixin.py:115} INFO - [2022-07-06 20:14:26,279] {dag.py:2379} INFO - Sync 1 DAGs
[2022-07-06 20:14:26,368] {logging_mixin.py:115} INFO - [2022-07-06 20:14:26,368] {dag.py:2931} INFO - Setting next_dagrun for latest_only_with_trigger to 2022-07-06T16:14:26.367968+00:00, run_after=2022-07-06T20:14:26.367968+00:00
[2022-07-06 20:14:26,628] {processor.py:161} INFO - Processing /home/airflow/.local/lib/python3.7/site-packages/airflow/example_dags/example_latest_only_with_trigger.py took 0.504 seconds
[2022-07-06 20:14:56,904] {processor.py:153} INFO - Started process (PID=2025) to work on /home/airflow/.local/lib/python3.7/site-packages/airflow/example_dags/example_latest_only_with_trigger.py
[2022-07-06 20:14:56,970] {processor.py:641} INFO - Processing file /home/airflow/.local/lib/python3.7/site-packages/airflow/example_dags/example_latest_only_with_trigger.py for tasks to queue
[2022-07-06 20:14:56,972] {logging_mixin.py:115} INFO - [2022-07-06 20:14:56,972] {dagbag.py:507} INFO - Filling up the DagBag from /home/airflow/.local/lib/python3.7/site-packages/airflow/example_dags/example_latest_only_with_trigger.py
[2022-07-06 20:14:56,996] {processor.py:651} INFO - DAG(s) dict_keys(['latest_only_with_trigger']) retrieved from /home/airflow/.local/lib/python3.7/site-packages/airflow/example_dags/example_latest_only_with_trigger.py
[2022-07-06 20:14:57,069] {logging_mixin.py:115} INFO - [2022-07-06 20:14:57,069] {dag.py:2379} INFO - Sync 1 DAGs
[2022-07-06 20:14:57,111] {logging_mixin.py:115} INFO - [2022-07-06 20:14:57,110] {dag.py:2931} INFO - Setting next_dagrun for latest_only_with_trigger to 2022-07-06T16:14:57.110606+00:00, run_after=2022-07-06T20:14:57.110606+00:00
[2022-07-06 20:14:57,274] {processor.py:161} INFO - Processing /home/airflow/.local/lib/python3.7/site-packages/airflow/example_dags/example_latest_only_with_trigger.py took 0.374 seconds
[2022-07-06 20:15:28,011] {processor.py:153} INFO - Started process (PID=2077) to work on /home/airflow/.local/lib/python3.7/site-packages/airflow/example_dags/example_latest_only_with_trigger.py
[2022-07-06 20:15:28,012] {processor.py:641} INFO - Processing file /home/airflow/.local/lib/python3.7/site-packages/airflow/example_dags/example_latest_only_with_trigger.py for tasks to queue
[2022-07-06 20:15:28,013] {logging_mixin.py:115} INFO - [2022-07-06 20:15:28,013] {dagbag.py:507} INFO - Filling up the DagBag from /home/airflow/.local/lib/python3.7/site-packages/airflow/example_dags/example_latest_only_with_trigger.py
[2022-07-06 20:15:28,035] {processor.py:651} INFO - DAG(s) dict_keys(['latest_only_with_trigger']) retrieved from /home/airflow/.local/lib/python3.7/site-packages/airflow/example_dags/example_latest_only_with_trigger.py
[2022-07-06 20:15:28,124] {logging_mixin.py:115} INFO - [2022-07-06 20:15:28,124] {dag.py:2379} INFO - Sync 1 DAGs
[2022-07-06 20:15:28,181] {logging_mixin.py:115} INFO - [2022-07-06 20:15:28,180] {dag.py:2931} INFO - Setting next_dagrun for latest_only_with_trigger to 2022-07-06T16:15:28.180490+00:00, run_after=2022-07-06T20:15:28.180490+00:00
[2022-07-06 20:15:28,244] {processor.py:161} INFO - Processing /home/airflow/.local/lib/python3.7/site-packages/airflow/example_dags/example_latest_only_with_trigger.py took 0.244 seconds
[2022-07-06 20:16:12,527] {processor.py:153} INFO - Started process (PID=2132) to work on /home/airflow/.local/lib/python3.7/site-packages/airflow/example_dags/example_latest_only_with_trigger.py
[2022-07-06 20:16:12,541] {processor.py:641} INFO - Processing file /home/airflow/.local/lib/python3.7/site-packages/airflow/example_dags/example_latest_only_with_trigger.py for tasks to queue
[2022-07-06 20:16:12,541] {logging_mixin.py:115} INFO - [2022-07-06 20:16:12,541] {dagbag.py:507} INFO - Filling up the DagBag from /home/airflow/.local/lib/python3.7/site-packages/airflow/example_dags/example_latest_only_with_trigger.py
[2022-07-06 20:16:12,552] {processor.py:651} INFO - DAG(s) dict_keys(['latest_only_with_trigger']) retrieved from /home/airflow/.local/lib/python3.7/site-packages/airflow/example_dags/example_latest_only_with_trigger.py
[2022-07-06 20:16:12,588] {logging_mixin.py:115} INFO - [2022-07-06 20:16:12,588] {dag.py:2379} INFO - Sync 1 DAGs
[2022-07-06 20:16:12,619] {logging_mixin.py:115} INFO - [2022-07-06 20:16:12,619] {dag.py:2931} INFO - Setting next_dagrun for latest_only_with_trigger to 2022-07-06T16:16:12.619329+00:00, run_after=2022-07-06T20:16:12.619329+00:00
[2022-07-06 20:16:12,644] {processor.py:161} INFO - Processing /home/airflow/.local/lib/python3.7/site-packages/airflow/example_dags/example_latest_only_with_trigger.py took 0.122 seconds
[2022-07-06 20:16:43,395] {processor.py:153} INFO - Started process (PID=2183) to work on /home/airflow/.local/lib/python3.7/site-packages/airflow/example_dags/example_latest_only_with_trigger.py
[2022-07-06 20:16:43,396] {processor.py:641} INFO - Processing file /home/airflow/.local/lib/python3.7/site-packages/airflow/example_dags/example_latest_only_with_trigger.py for tasks to queue
[2022-07-06 20:16:43,396] {logging_mixin.py:115} INFO - [2022-07-06 20:16:43,396] {dagbag.py:507} INFO - Filling up the DagBag from /home/airflow/.local/lib/python3.7/site-packages/airflow/example_dags/example_latest_only_with_trigger.py
[2022-07-06 20:16:43,404] {processor.py:651} INFO - DAG(s) dict_keys(['latest_only_with_trigger']) retrieved from /home/airflow/.local/lib/python3.7/site-packages/airflow/example_dags/example_latest_only_with_trigger.py
[2022-07-06 20:16:43,463] {logging_mixin.py:115} INFO - [2022-07-06 20:16:43,463] {dag.py:2379} INFO - Sync 1 DAGs
[2022-07-06 20:16:43,526] {logging_mixin.py:115} INFO - [2022-07-06 20:16:43,526] {dag.py:2931} INFO - Setting next_dagrun for latest_only_with_trigger to 2022-07-06T16:16:43.525978+00:00, run_after=2022-07-06T20:16:43.525978+00:00
[2022-07-06 20:16:43,667] {processor.py:161} INFO - Processing /home/airflow/.local/lib/python3.7/site-packages/airflow/example_dags/example_latest_only_with_trigger.py took 0.275 seconds
[2022-07-06 20:17:14,044] {processor.py:153} INFO - Started process (PID=2242) to work on /home/airflow/.local/lib/python3.7/site-packages/airflow/example_dags/example_latest_only_with_trigger.py
[2022-07-06 20:17:14,106] {processor.py:641} INFO - Processing file /home/airflow/.local/lib/python3.7/site-packages/airflow/example_dags/example_latest_only_with_trigger.py for tasks to queue
[2022-07-06 20:17:14,107] {logging_mixin.py:115} INFO - [2022-07-06 20:17:14,107] {dagbag.py:507} INFO - Filling up the DagBag from /home/airflow/.local/lib/python3.7/site-packages/airflow/example_dags/example_latest_only_with_trigger.py
[2022-07-06 20:17:14,119] {processor.py:651} INFO - DAG(s) dict_keys(['latest_only_with_trigger']) retrieved from /home/airflow/.local/lib/python3.7/site-packages/airflow/example_dags/example_latest_only_with_trigger.py
[2022-07-06 20:17:14,233] {logging_mixin.py:115} INFO - [2022-07-06 20:17:14,233] {dag.py:2379} INFO - Sync 1 DAGs
[2022-07-06 20:17:14,314] {logging_mixin.py:115} INFO - [2022-07-06 20:17:14,314] {dag.py:2931} INFO - Setting next_dagrun for latest_only_with_trigger to 2022-07-06T16:17:14.313668+00:00, run_after=2022-07-06T20:17:14.313668+00:00
[2022-07-06 20:17:14,390] {processor.py:161} INFO - Processing /home/airflow/.local/lib/python3.7/site-packages/airflow/example_dags/example_latest_only_with_trigger.py took 0.355 seconds
[2022-07-06 20:17:44,773] {processor.py:153} INFO - Started process (PID=2294) to work on /home/airflow/.local/lib/python3.7/site-packages/airflow/example_dags/example_latest_only_with_trigger.py
[2022-07-06 20:17:44,774] {processor.py:641} INFO - Processing file /home/airflow/.local/lib/python3.7/site-packages/airflow/example_dags/example_latest_only_with_trigger.py for tasks to queue
[2022-07-06 20:17:44,775] {logging_mixin.py:115} INFO - [2022-07-06 20:17:44,775] {dagbag.py:507} INFO - Filling up the DagBag from /home/airflow/.local/lib/python3.7/site-packages/airflow/example_dags/example_latest_only_with_trigger.py
[2022-07-06 20:17:44,788] {processor.py:651} INFO - DAG(s) dict_keys(['latest_only_with_trigger']) retrieved from /home/airflow/.local/lib/python3.7/site-packages/airflow/example_dags/example_latest_only_with_trigger.py
[2022-07-06 20:17:44,845] {logging_mixin.py:115} INFO - [2022-07-06 20:17:44,845] {dag.py:2379} INFO - Sync 1 DAGs
[2022-07-06 20:17:44,890] {logging_mixin.py:115} INFO - [2022-07-06 20:17:44,890] {dag.py:2931} INFO - Setting next_dagrun for latest_only_with_trigger to 2022-07-06T16:17:44.889603+00:00, run_after=2022-07-06T20:17:44.889603+00:00
[2022-07-06 20:17:44,922] {processor.py:161} INFO - Processing /home/airflow/.local/lib/python3.7/site-packages/airflow/example_dags/example_latest_only_with_trigger.py took 0.158 seconds
[2022-07-06 20:18:16,373] {processor.py:153} INFO - Started process (PID=2357) to work on /home/airflow/.local/lib/python3.7/site-packages/airflow/example_dags/example_latest_only_with_trigger.py
[2022-07-06 20:18:16,388] {processor.py:641} INFO - Processing file /home/airflow/.local/lib/python3.7/site-packages/airflow/example_dags/example_latest_only_with_trigger.py for tasks to queue
[2022-07-06 20:18:16,389] {logging_mixin.py:115} INFO - [2022-07-06 20:18:16,389] {dagbag.py:507} INFO - Filling up the DagBag from /home/airflow/.local/lib/python3.7/site-packages/airflow/example_dags/example_latest_only_with_trigger.py
[2022-07-06 20:18:16,397] {processor.py:651} INFO - DAG(s) dict_keys(['latest_only_with_trigger']) retrieved from /home/airflow/.local/lib/python3.7/site-packages/airflow/example_dags/example_latest_only_with_trigger.py
[2022-07-06 20:18:16,438] {logging_mixin.py:115} INFO - [2022-07-06 20:18:16,438] {dag.py:2379} INFO - Sync 1 DAGs
[2022-07-06 20:18:16,473] {logging_mixin.py:115} INFO - [2022-07-06 20:18:16,473] {dag.py:2931} INFO - Setting next_dagrun for latest_only_with_trigger to 2022-07-06T16:18:16.472687+00:00, run_after=2022-07-06T20:18:16.472687+00:00
[2022-07-06 20:18:16,534] {processor.py:161} INFO - Processing /home/airflow/.local/lib/python3.7/site-packages/airflow/example_dags/example_latest_only_with_trigger.py took 0.167 seconds
[2022-07-06 20:18:47,502] {processor.py:153} INFO - Started process (PID=2411) to work on /home/airflow/.local/lib/python3.7/site-packages/airflow/example_dags/example_latest_only_with_trigger.py
[2022-07-06 20:18:47,503] {processor.py:641} INFO - Processing file /home/airflow/.local/lib/python3.7/site-packages/airflow/example_dags/example_latest_only_with_trigger.py for tasks to queue
[2022-07-06 20:18:47,503] {logging_mixin.py:115} INFO - [2022-07-06 20:18:47,503] {dagbag.py:507} INFO - Filling up the DagBag from /home/airflow/.local/lib/python3.7/site-packages/airflow/example_dags/example_latest_only_with_trigger.py
[2022-07-06 20:18:47,513] {processor.py:651} INFO - DAG(s) dict_keys(['latest_only_with_trigger']) retrieved from /home/airflow/.local/lib/python3.7/site-packages/airflow/example_dags/example_latest_only_with_trigger.py
[2022-07-06 20:18:47,548] {logging_mixin.py:115} INFO - [2022-07-06 20:18:47,547] {dag.py:2379} INFO - Sync 1 DAGs
[2022-07-06 20:18:47,577] {logging_mixin.py:115} INFO - [2022-07-06 20:18:47,577] {dag.py:2931} INFO - Setting next_dagrun for latest_only_with_trigger to 2022-07-06T16:18:47.577090+00:00, run_after=2022-07-06T20:18:47.577090+00:00
[2022-07-06 20:18:47,597] {processor.py:161} INFO - Processing /home/airflow/.local/lib/python3.7/site-packages/airflow/example_dags/example_latest_only_with_trigger.py took 0.100 seconds
[2022-07-06 20:19:18,258] {processor.py:153} INFO - Started process (PID=2463) to work on /home/airflow/.local/lib/python3.7/site-packages/airflow/example_dags/example_latest_only_with_trigger.py
[2022-07-06 20:19:18,303] {processor.py:641} INFO - Processing file /home/airflow/.local/lib/python3.7/site-packages/airflow/example_dags/example_latest_only_with_trigger.py for tasks to queue
[2022-07-06 20:19:18,303] {logging_mixin.py:115} INFO - [2022-07-06 20:19:18,303] {dagbag.py:507} INFO - Filling up the DagBag from /home/airflow/.local/lib/python3.7/site-packages/airflow/example_dags/example_latest_only_with_trigger.py
[2022-07-06 20:19:18,311] {processor.py:651} INFO - DAG(s) dict_keys(['latest_only_with_trigger']) retrieved from /home/airflow/.local/lib/python3.7/site-packages/airflow/example_dags/example_latest_only_with_trigger.py
[2022-07-06 20:19:18,360] {logging_mixin.py:115} INFO - [2022-07-06 20:19:18,360] {dag.py:2379} INFO - Sync 1 DAGs
[2022-07-06 20:19:18,404] {logging_mixin.py:115} INFO - [2022-07-06 20:19:18,403] {dag.py:2931} INFO - Setting next_dagrun for latest_only_with_trigger to 2022-07-06T16:19:18.403442+00:00, run_after=2022-07-06T20:19:18.403442+00:00
[2022-07-06 20:19:18,448] {processor.py:161} INFO - Processing /home/airflow/.local/lib/python3.7/site-packages/airflow/example_dags/example_latest_only_with_trigger.py took 0.197 seconds
[2022-07-06 20:19:49,730] {processor.py:153} INFO - Started process (PID=2527) to work on /home/airflow/.local/lib/python3.7/site-packages/airflow/example_dags/example_latest_only_with_trigger.py
[2022-07-06 20:19:49,731] {processor.py:641} INFO - Processing file /home/airflow/.local/lib/python3.7/site-packages/airflow/example_dags/example_latest_only_with_trigger.py for tasks to queue
[2022-07-06 20:19:49,733] {logging_mixin.py:115} INFO - [2022-07-06 20:19:49,732] {dagbag.py:507} INFO - Filling up the DagBag from /home/airflow/.local/lib/python3.7/site-packages/airflow/example_dags/example_latest_only_with_trigger.py
[2022-07-06 20:19:49,743] {processor.py:651} INFO - DAG(s) dict_keys(['latest_only_with_trigger']) retrieved from /home/airflow/.local/lib/python3.7/site-packages/airflow/example_dags/example_latest_only_with_trigger.py
[2022-07-06 20:19:49,803] {logging_mixin.py:115} INFO - [2022-07-06 20:19:49,803] {dag.py:2379} INFO - Sync 1 DAGs
[2022-07-06 20:19:49,891] {logging_mixin.py:115} INFO - [2022-07-06 20:19:49,891] {dag.py:2931} INFO - Setting next_dagrun for latest_only_with_trigger to 2022-07-06T16:19:49.891193+00:00, run_after=2022-07-06T20:19:49.891193+00:00
[2022-07-06 20:19:50,022] {processor.py:161} INFO - Processing /home/airflow/.local/lib/python3.7/site-packages/airflow/example_dags/example_latest_only_with_trigger.py took 0.301 seconds
[2022-07-06 20:20:23,905] {processor.py:153} INFO - Started process (PID=2593) to work on /home/airflow/.local/lib/python3.7/site-packages/airflow/example_dags/example_latest_only_with_trigger.py
[2022-07-06 20:20:23,926] {processor.py:641} INFO - Processing file /home/airflow/.local/lib/python3.7/site-packages/airflow/example_dags/example_latest_only_with_trigger.py for tasks to queue
[2022-07-06 20:20:23,927] {logging_mixin.py:115} INFO - [2022-07-06 20:20:23,927] {dagbag.py:507} INFO - Filling up the DagBag from /home/airflow/.local/lib/python3.7/site-packages/airflow/example_dags/example_latest_only_with_trigger.py
[2022-07-06 20:20:23,948] {processor.py:651} INFO - DAG(s) dict_keys(['latest_only_with_trigger']) retrieved from /home/airflow/.local/lib/python3.7/site-packages/airflow/example_dags/example_latest_only_with_trigger.py
[2022-07-06 20:20:24,112] {logging_mixin.py:115} INFO - [2022-07-06 20:20:24,112] {dag.py:2379} INFO - Sync 1 DAGs
[2022-07-06 20:20:24,242] {logging_mixin.py:115} INFO - [2022-07-06 20:20:24,242] {dag.py:2931} INFO - Setting next_dagrun for latest_only_with_trigger to 2022-07-06T16:20:24.242091+00:00, run_after=2022-07-06T20:20:24.242091+00:00
[2022-07-06 20:20:24,293] {processor.py:161} INFO - Processing /home/airflow/.local/lib/python3.7/site-packages/airflow/example_dags/example_latest_only_with_trigger.py took 0.393 seconds
[2022-07-06 20:20:54,914] {processor.py:153} INFO - Started process (PID=2646) to work on /home/airflow/.local/lib/python3.7/site-packages/airflow/example_dags/example_latest_only_with_trigger.py
[2022-07-06 20:20:54,929] {processor.py:641} INFO - Processing file /home/airflow/.local/lib/python3.7/site-packages/airflow/example_dags/example_latest_only_with_trigger.py for tasks to queue
[2022-07-06 20:20:54,930] {logging_mixin.py:115} INFO - [2022-07-06 20:20:54,930] {dagbag.py:507} INFO - Filling up the DagBag from /home/airflow/.local/lib/python3.7/site-packages/airflow/example_dags/example_latest_only_with_trigger.py
[2022-07-06 20:20:54,940] {processor.py:651} INFO - DAG(s) dict_keys(['latest_only_with_trigger']) retrieved from /home/airflow/.local/lib/python3.7/site-packages/airflow/example_dags/example_latest_only_with_trigger.py
[2022-07-06 20:20:54,988] {logging_mixin.py:115} INFO - [2022-07-06 20:20:54,988] {dag.py:2379} INFO - Sync 1 DAGs
[2022-07-06 20:20:55,069] {logging_mixin.py:115} INFO - [2022-07-06 20:20:55,068] {dag.py:2931} INFO - Setting next_dagrun for latest_only_with_trigger to 2022-07-06T16:20:55.068539+00:00, run_after=2022-07-06T20:20:55.068539+00:00
[2022-07-06 20:20:55,503] {processor.py:161} INFO - Processing /home/airflow/.local/lib/python3.7/site-packages/airflow/example_dags/example_latest_only_with_trigger.py took 0.595 seconds
[2022-07-06 20:21:26,426] {processor.py:153} INFO - Started process (PID=2698) to work on /home/airflow/.local/lib/python3.7/site-packages/airflow/example_dags/example_latest_only_with_trigger.py
[2022-07-06 20:21:26,545] {processor.py:641} INFO - Processing file /home/airflow/.local/lib/python3.7/site-packages/airflow/example_dags/example_latest_only_with_trigger.py for tasks to queue
[2022-07-06 20:21:26,545] {logging_mixin.py:115} INFO - [2022-07-06 20:21:26,545] {dagbag.py:507} INFO - Filling up the DagBag from /home/airflow/.local/lib/python3.7/site-packages/airflow/example_dags/example_latest_only_with_trigger.py
[2022-07-06 20:21:26,553] {processor.py:651} INFO - DAG(s) dict_keys(['latest_only_with_trigger']) retrieved from /home/airflow/.local/lib/python3.7/site-packages/airflow/example_dags/example_latest_only_with_trigger.py
[2022-07-06 20:21:26,616] {logging_mixin.py:115} INFO - [2022-07-06 20:21:26,616] {dag.py:2379} INFO - Sync 1 DAGs
[2022-07-06 20:21:26,684] {logging_mixin.py:115} INFO - [2022-07-06 20:21:26,684] {dag.py:2931} INFO - Setting next_dagrun for latest_only_with_trigger to 2022-07-06T16:21:26.683788+00:00, run_after=2022-07-06T20:21:26.683788+00:00
[2022-07-06 20:21:26,719] {processor.py:161} INFO - Processing /home/airflow/.local/lib/python3.7/site-packages/airflow/example_dags/example_latest_only_with_trigger.py took 0.298 seconds
[2022-07-06 20:21:57,477] {processor.py:153} INFO - Started process (PID=2757) to work on /home/airflow/.local/lib/python3.7/site-packages/airflow/example_dags/example_latest_only_with_trigger.py
[2022-07-06 20:21:57,574] {processor.py:641} INFO - Processing file /home/airflow/.local/lib/python3.7/site-packages/airflow/example_dags/example_latest_only_with_trigger.py for tasks to queue
[2022-07-06 20:21:57,622] {logging_mixin.py:115} INFO - [2022-07-06 20:21:57,622] {dagbag.py:507} INFO - Filling up the DagBag from /home/airflow/.local/lib/python3.7/site-packages/airflow/example_dags/example_latest_only_with_trigger.py
[2022-07-06 20:21:57,635] {processor.py:651} INFO - DAG(s) dict_keys(['latest_only_with_trigger']) retrieved from /home/airflow/.local/lib/python3.7/site-packages/airflow/example_dags/example_latest_only_with_trigger.py
[2022-07-06 20:21:57,677] {logging_mixin.py:115} INFO - [2022-07-06 20:21:57,676] {dag.py:2379} INFO - Sync 1 DAGs
[2022-07-06 20:21:57,707] {logging_mixin.py:115} INFO - [2022-07-06 20:21:57,706] {dag.py:2931} INFO - Setting next_dagrun for latest_only_with_trigger to 2022-07-06T16:21:57.706574+00:00, run_after=2022-07-06T20:21:57.706574+00:00
[2022-07-06 20:21:57,826] {processor.py:161} INFO - Processing /home/airflow/.local/lib/python3.7/site-packages/airflow/example_dags/example_latest_only_with_trigger.py took 0.353 seconds
[2022-07-06 20:22:35,771] {processor.py:153} INFO - Started process (PID=2808) to work on /home/airflow/.local/lib/python3.7/site-packages/airflow/example_dags/example_latest_only_with_trigger.py
[2022-07-06 20:22:35,781] {processor.py:641} INFO - Processing file /home/airflow/.local/lib/python3.7/site-packages/airflow/example_dags/example_latest_only_with_trigger.py for tasks to queue
[2022-07-06 20:22:35,782] {logging_mixin.py:115} INFO - [2022-07-06 20:22:35,781] {dagbag.py:507} INFO - Filling up the DagBag from /home/airflow/.local/lib/python3.7/site-packages/airflow/example_dags/example_latest_only_with_trigger.py
[2022-07-06 20:22:35,789] {processor.py:651} INFO - DAG(s) dict_keys(['latest_only_with_trigger']) retrieved from /home/airflow/.local/lib/python3.7/site-packages/airflow/example_dags/example_latest_only_with_trigger.py
[2022-07-06 20:22:35,826] {logging_mixin.py:115} INFO - [2022-07-06 20:22:35,826] {dag.py:2379} INFO - Sync 1 DAGs
[2022-07-06 20:22:35,864] {logging_mixin.py:115} INFO - [2022-07-06 20:22:35,864] {dag.py:2931} INFO - Setting next_dagrun for latest_only_with_trigger to 2022-07-06T16:22:35.863860+00:00, run_after=2022-07-06T20:22:35.863860+00:00
[2022-07-06 20:22:35,885] {processor.py:161} INFO - Processing /home/airflow/.local/lib/python3.7/site-packages/airflow/example_dags/example_latest_only_with_trigger.py took 0.117 seconds
[2022-07-06 20:23:06,895] {processor.py:153} INFO - Started process (PID=2859) to work on /home/airflow/.local/lib/python3.7/site-packages/airflow/example_dags/example_latest_only_with_trigger.py
[2022-07-06 20:23:06,895] {processor.py:641} INFO - Processing file /home/airflow/.local/lib/python3.7/site-packages/airflow/example_dags/example_latest_only_with_trigger.py for tasks to queue
[2022-07-06 20:23:06,898] {logging_mixin.py:115} INFO - [2022-07-06 20:23:06,896] {dagbag.py:507} INFO - Filling up the DagBag from /home/airflow/.local/lib/python3.7/site-packages/airflow/example_dags/example_latest_only_with_trigger.py
[2022-07-06 20:23:06,909] {processor.py:651} INFO - DAG(s) dict_keys(['latest_only_with_trigger']) retrieved from /home/airflow/.local/lib/python3.7/site-packages/airflow/example_dags/example_latest_only_with_trigger.py
[2022-07-06 20:23:06,977] {logging_mixin.py:115} INFO - [2022-07-06 20:23:06,977] {dag.py:2379} INFO - Sync 1 DAGs
[2022-07-06 20:23:07,037] {logging_mixin.py:115} INFO - [2022-07-06 20:23:07,037] {dag.py:2931} INFO - Setting next_dagrun for latest_only_with_trigger to 2022-07-06T16:23:07.036027+00:00, run_after=2022-07-06T20:23:07.036027+00:00
[2022-07-06 20:23:07,072] {processor.py:161} INFO - Processing /home/airflow/.local/lib/python3.7/site-packages/airflow/example_dags/example_latest_only_with_trigger.py took 0.184 seconds
[2022-07-06 20:23:37,520] {processor.py:153} INFO - Started process (PID=2919) to work on /home/airflow/.local/lib/python3.7/site-packages/airflow/example_dags/example_latest_only_with_trigger.py
[2022-07-06 20:23:37,539] {processor.py:641} INFO - Processing file /home/airflow/.local/lib/python3.7/site-packages/airflow/example_dags/example_latest_only_with_trigger.py for tasks to queue
[2022-07-06 20:23:37,540] {logging_mixin.py:115} INFO - [2022-07-06 20:23:37,540] {dagbag.py:507} INFO - Filling up the DagBag from /home/airflow/.local/lib/python3.7/site-packages/airflow/example_dags/example_latest_only_with_trigger.py
[2022-07-06 20:23:37,550] {processor.py:651} INFO - DAG(s) dict_keys(['latest_only_with_trigger']) retrieved from /home/airflow/.local/lib/python3.7/site-packages/airflow/example_dags/example_latest_only_with_trigger.py
[2022-07-06 20:23:37,586] {logging_mixin.py:115} INFO - [2022-07-06 20:23:37,586] {dag.py:2379} INFO - Sync 1 DAGs
[2022-07-06 20:23:37,622] {logging_mixin.py:115} INFO - [2022-07-06 20:23:37,622] {dag.py:2931} INFO - Setting next_dagrun for latest_only_with_trigger to 2022-07-06T16:23:37.621797+00:00, run_after=2022-07-06T20:23:37.621797+00:00
[2022-07-06 20:23:37,667] {processor.py:161} INFO - Processing /home/airflow/.local/lib/python3.7/site-packages/airflow/example_dags/example_latest_only_with_trigger.py took 0.151 seconds
[2022-07-06 20:24:09,258] {processor.py:153} INFO - Started process (PID=2971) to work on /home/airflow/.local/lib/python3.7/site-packages/airflow/example_dags/example_latest_only_with_trigger.py
[2022-07-06 20:24:09,259] {processor.py:641} INFO - Processing file /home/airflow/.local/lib/python3.7/site-packages/airflow/example_dags/example_latest_only_with_trigger.py for tasks to queue
[2022-07-06 20:24:09,260] {logging_mixin.py:115} INFO - [2022-07-06 20:24:09,260] {dagbag.py:507} INFO - Filling up the DagBag from /home/airflow/.local/lib/python3.7/site-packages/airflow/example_dags/example_latest_only_with_trigger.py
[2022-07-06 20:24:09,269] {processor.py:651} INFO - DAG(s) dict_keys(['latest_only_with_trigger']) retrieved from /home/airflow/.local/lib/python3.7/site-packages/airflow/example_dags/example_latest_only_with_trigger.py
[2022-07-06 20:24:09,323] {logging_mixin.py:115} INFO - [2022-07-06 20:24:09,323] {dag.py:2379} INFO - Sync 1 DAGs
[2022-07-06 20:24:09,364] {logging_mixin.py:115} INFO - [2022-07-06 20:24:09,364] {dag.py:2931} INFO - Setting next_dagrun for latest_only_with_trigger to 2022-07-06T16:24:09.364190+00:00, run_after=2022-07-06T20:24:09.364190+00:00
[2022-07-06 20:24:09,394] {processor.py:161} INFO - Processing /home/airflow/.local/lib/python3.7/site-packages/airflow/example_dags/example_latest_only_with_trigger.py took 0.141 seconds
[2022-07-06 20:24:42,598] {processor.py:153} INFO - Started process (PID=3037) to work on /home/airflow/.local/lib/python3.7/site-packages/airflow/example_dags/example_latest_only_with_trigger.py
[2022-07-06 20:24:42,601] {processor.py:641} INFO - Processing file /home/airflow/.local/lib/python3.7/site-packages/airflow/example_dags/example_latest_only_with_trigger.py for tasks to queue
[2022-07-06 20:24:42,602] {logging_mixin.py:115} INFO - [2022-07-06 20:24:42,602] {dagbag.py:507} INFO - Filling up the DagBag from /home/airflow/.local/lib/python3.7/site-packages/airflow/example_dags/example_latest_only_with_trigger.py
[2022-07-06 20:24:42,624] {processor.py:651} INFO - DAG(s) dict_keys(['latest_only_with_trigger']) retrieved from /home/airflow/.local/lib/python3.7/site-packages/airflow/example_dags/example_latest_only_with_trigger.py
[2022-07-06 20:24:42,693] {logging_mixin.py:115} INFO - [2022-07-06 20:24:42,693] {dag.py:2379} INFO - Sync 1 DAGs
[2022-07-06 20:24:42,762] {logging_mixin.py:115} INFO - [2022-07-06 20:24:42,762] {dag.py:2931} INFO - Setting next_dagrun for latest_only_with_trigger to 2022-07-06T16:24:42.761920+00:00, run_after=2022-07-06T20:24:42.761920+00:00
[2022-07-06 20:24:42,811] {processor.py:161} INFO - Processing /home/airflow/.local/lib/python3.7/site-packages/airflow/example_dags/example_latest_only_with_trigger.py took 0.225 seconds
[2022-07-06 20:25:13,656] {processor.py:153} INFO - Started process (PID=3089) to work on /home/airflow/.local/lib/python3.7/site-packages/airflow/example_dags/example_latest_only_with_trigger.py
[2022-07-06 20:25:13,656] {processor.py:641} INFO - Processing file /home/airflow/.local/lib/python3.7/site-packages/airflow/example_dags/example_latest_only_with_trigger.py for tasks to queue
[2022-07-06 20:25:13,657] {logging_mixin.py:115} INFO - [2022-07-06 20:25:13,657] {dagbag.py:507} INFO - Filling up the DagBag from /home/airflow/.local/lib/python3.7/site-packages/airflow/example_dags/example_latest_only_with_trigger.py
[2022-07-06 20:25:13,665] {processor.py:651} INFO - DAG(s) dict_keys(['latest_only_with_trigger']) retrieved from /home/airflow/.local/lib/python3.7/site-packages/airflow/example_dags/example_latest_only_with_trigger.py
[2022-07-06 20:25:13,698] {logging_mixin.py:115} INFO - [2022-07-06 20:25:13,697] {dag.py:2379} INFO - Sync 1 DAGs
[2022-07-06 20:25:13,730] {logging_mixin.py:115} INFO - [2022-07-06 20:25:13,730] {dag.py:2931} INFO - Setting next_dagrun for latest_only_with_trigger to 2022-07-06T16:25:13.730064+00:00, run_after=2022-07-06T20:25:13.730064+00:00
[2022-07-06 20:25:13,768] {processor.py:161} INFO - Processing /home/airflow/.local/lib/python3.7/site-packages/airflow/example_dags/example_latest_only_with_trigger.py took 0.116 seconds
[2022-07-06 20:25:44,330] {processor.py:153} INFO - Started process (PID=3152) to work on /home/airflow/.local/lib/python3.7/site-packages/airflow/example_dags/example_latest_only_with_trigger.py
[2022-07-06 20:25:44,331] {processor.py:641} INFO - Processing file /home/airflow/.local/lib/python3.7/site-packages/airflow/example_dags/example_latest_only_with_trigger.py for tasks to queue
[2022-07-06 20:25:44,332] {logging_mixin.py:115} INFO - [2022-07-06 20:25:44,332] {dagbag.py:507} INFO - Filling up the DagBag from /home/airflow/.local/lib/python3.7/site-packages/airflow/example_dags/example_latest_only_with_trigger.py
[2022-07-06 20:25:44,345] {processor.py:651} INFO - DAG(s) dict_keys(['latest_only_with_trigger']) retrieved from /home/airflow/.local/lib/python3.7/site-packages/airflow/example_dags/example_latest_only_with_trigger.py
[2022-07-06 20:25:44,404] {logging_mixin.py:115} INFO - [2022-07-06 20:25:44,403] {dag.py:2379} INFO - Sync 1 DAGs
[2022-07-06 20:25:44,455] {logging_mixin.py:115} INFO - [2022-07-06 20:25:44,455] {dag.py:2931} INFO - Setting next_dagrun for latest_only_with_trigger to 2022-07-06T16:25:44.454780+00:00, run_after=2022-07-06T20:25:44.454780+00:00
[2022-07-06 20:25:44,498] {processor.py:161} INFO - Processing /home/airflow/.local/lib/python3.7/site-packages/airflow/example_dags/example_latest_only_with_trigger.py took 0.178 seconds
[2022-07-06 20:26:15,432] {processor.py:153} INFO - Started process (PID=3203) to work on /home/airflow/.local/lib/python3.7/site-packages/airflow/example_dags/example_latest_only_with_trigger.py
[2022-07-06 20:26:15,434] {processor.py:641} INFO - Processing file /home/airflow/.local/lib/python3.7/site-packages/airflow/example_dags/example_latest_only_with_trigger.py for tasks to queue
[2022-07-06 20:26:15,436] {logging_mixin.py:115} INFO - [2022-07-06 20:26:15,435] {dagbag.py:507} INFO - Filling up the DagBag from /home/airflow/.local/lib/python3.7/site-packages/airflow/example_dags/example_latest_only_with_trigger.py
[2022-07-06 20:26:15,450] {processor.py:651} INFO - DAG(s) dict_keys(['latest_only_with_trigger']) retrieved from /home/airflow/.local/lib/python3.7/site-packages/airflow/example_dags/example_latest_only_with_trigger.py
[2022-07-06 20:26:15,485] {logging_mixin.py:115} INFO - [2022-07-06 20:26:15,485] {dag.py:2379} INFO - Sync 1 DAGs
[2022-07-06 20:26:15,517] {logging_mixin.py:115} INFO - [2022-07-06 20:26:15,516] {dag.py:2931} INFO - Setting next_dagrun for latest_only_with_trigger to 2022-07-06T16:26:15.516551+00:00, run_after=2022-07-06T20:26:15.516551+00:00
[2022-07-06 20:26:15,548] {processor.py:161} INFO - Processing /home/airflow/.local/lib/python3.7/site-packages/airflow/example_dags/example_latest_only_with_trigger.py took 0.127 seconds
[2022-07-06 20:26:46,233] {processor.py:153} INFO - Started process (PID=3264) to work on /home/airflow/.local/lib/python3.7/site-packages/airflow/example_dags/example_latest_only_with_trigger.py
[2022-07-06 20:26:46,234] {processor.py:641} INFO - Processing file /home/airflow/.local/lib/python3.7/site-packages/airflow/example_dags/example_latest_only_with_trigger.py for tasks to queue
[2022-07-06 20:26:46,234] {logging_mixin.py:115} INFO - [2022-07-06 20:26:46,234] {dagbag.py:507} INFO - Filling up the DagBag from /home/airflow/.local/lib/python3.7/site-packages/airflow/example_dags/example_latest_only_with_trigger.py
[2022-07-06 20:26:46,243] {processor.py:651} INFO - DAG(s) dict_keys(['latest_only_with_trigger']) retrieved from /home/airflow/.local/lib/python3.7/site-packages/airflow/example_dags/example_latest_only_with_trigger.py
[2022-07-06 20:26:46,292] {logging_mixin.py:115} INFO - [2022-07-06 20:26:46,292] {dag.py:2379} INFO - Sync 1 DAGs
[2022-07-06 20:26:46,339] {logging_mixin.py:115} INFO - [2022-07-06 20:26:46,339] {dag.py:2931} INFO - Setting next_dagrun for latest_only_with_trigger to 2022-07-06T16:26:46.339270+00:00, run_after=2022-07-06T20:26:46.339270+00:00
[2022-07-06 20:26:46,392] {processor.py:161} INFO - Processing /home/airflow/.local/lib/python3.7/site-packages/airflow/example_dags/example_latest_only_with_trigger.py took 0.162 seconds
