[2022-07-06 19:39:40,564] {processor.py:153} INFO - Started process (PID=175) to work on /home/airflow/.local/lib/python3.7/site-packages/airflow/example_dags/example_python_operator.py
[2022-07-06 19:39:40,565] {processor.py:641} INFO - Processing file /home/airflow/.local/lib/python3.7/site-packages/airflow/example_dags/example_python_operator.py for tasks to queue
[2022-07-06 19:39:40,566] {logging_mixin.py:115} INFO - [2022-07-06 19:39:40,565] {dagbag.py:507} INFO - Filling up the DagBag from /home/airflow/.local/lib/python3.7/site-packages/airflow/example_dags/example_python_operator.py
[2022-07-06 19:39:40,855] {processor.py:651} INFO - DAG(s) dict_keys(['example_python_operator']) retrieved from /home/airflow/.local/lib/python3.7/site-packages/airflow/example_dags/example_python_operator.py
[2022-07-06 19:39:41,268] {logging_mixin.py:115} INFO - [2022-07-06 19:39:41,268] {manager.py:508} INFO - Created Permission View: can delete on DAG:example_python_operator
[2022-07-06 19:39:41,603] {logging_mixin.py:115} INFO - [2022-07-06 19:39:41,603] {manager.py:508} INFO - Created Permission View: can edit on DAG:example_python_operator
[2022-07-06 19:39:42,033] {logging_mixin.py:115} INFO - [2022-07-06 19:39:42,033] {manager.py:508} INFO - Created Permission View: can read on DAG:example_python_operator
[2022-07-06 19:39:42,034] {logging_mixin.py:115} INFO - [2022-07-06 19:39:42,034] {dag.py:2379} INFO - Sync 1 DAGs
[2022-07-06 19:39:42,076] {logging_mixin.py:115} INFO - [2022-07-06 19:39:42,076] {dag.py:2398} INFO - Creating ORM DAG for example_python_operator
[2022-07-06 19:39:42,118] {logging_mixin.py:115} INFO - [2022-07-06 19:39:42,118] {dag.py:2931} INFO - Setting next_dagrun for example_python_operator to None, run_after=None
[2022-07-06 19:39:42,460] {processor.py:161} INFO - Processing /home/airflow/.local/lib/python3.7/site-packages/airflow/example_dags/example_python_operator.py took 1.904 seconds
[2022-07-06 19:40:12,668] {processor.py:153} INFO - Started process (PID=226) to work on /home/airflow/.local/lib/python3.7/site-packages/airflow/example_dags/example_python_operator.py
[2022-07-06 19:40:12,668] {processor.py:641} INFO - Processing file /home/airflow/.local/lib/python3.7/site-packages/airflow/example_dags/example_python_operator.py for tasks to queue
[2022-07-06 19:40:12,669] {logging_mixin.py:115} INFO - [2022-07-06 19:40:12,669] {dagbag.py:507} INFO - Filling up the DagBag from /home/airflow/.local/lib/python3.7/site-packages/airflow/example_dags/example_python_operator.py
[2022-07-06 19:40:12,697] {processor.py:651} INFO - DAG(s) dict_keys(['example_python_operator']) retrieved from /home/airflow/.local/lib/python3.7/site-packages/airflow/example_dags/example_python_operator.py
[2022-07-06 19:40:12,728] {logging_mixin.py:115} INFO - [2022-07-06 19:40:12,728] {dag.py:2379} INFO - Sync 1 DAGs
[2022-07-06 19:40:12,750] {logging_mixin.py:115} INFO - [2022-07-06 19:40:12,750] {dag.py:2931} INFO - Setting next_dagrun for example_python_operator to None, run_after=None
[2022-07-06 19:40:12,910] {processor.py:161} INFO - Processing /home/airflow/.local/lib/python3.7/site-packages/airflow/example_dags/example_python_operator.py took 0.245 seconds
[2022-07-06 19:40:43,776] {processor.py:153} INFO - Started process (PID=289) to work on /home/airflow/.local/lib/python3.7/site-packages/airflow/example_dags/example_python_operator.py
[2022-07-06 19:40:43,792] {processor.py:641} INFO - Processing file /home/airflow/.local/lib/python3.7/site-packages/airflow/example_dags/example_python_operator.py for tasks to queue
[2022-07-06 19:40:43,793] {logging_mixin.py:115} INFO - [2022-07-06 19:40:43,793] {dagbag.py:507} INFO - Filling up the DagBag from /home/airflow/.local/lib/python3.7/site-packages/airflow/example_dags/example_python_operator.py
[2022-07-06 19:40:43,819] {processor.py:651} INFO - DAG(s) dict_keys(['example_python_operator']) retrieved from /home/airflow/.local/lib/python3.7/site-packages/airflow/example_dags/example_python_operator.py
[2022-07-06 19:40:43,849] {logging_mixin.py:115} INFO - [2022-07-06 19:40:43,849] {dag.py:2379} INFO - Sync 1 DAGs
[2022-07-06 19:40:43,879] {logging_mixin.py:115} INFO - [2022-07-06 19:40:43,878] {dag.py:2931} INFO - Setting next_dagrun for example_python_operator to None, run_after=None
[2022-07-06 19:40:43,972] {processor.py:161} INFO - Processing /home/airflow/.local/lib/python3.7/site-packages/airflow/example_dags/example_python_operator.py took 0.199 seconds
[2022-07-06 19:41:14,923] {processor.py:153} INFO - Started process (PID=341) to work on /home/airflow/.local/lib/python3.7/site-packages/airflow/example_dags/example_python_operator.py
[2022-07-06 19:41:14,991] {processor.py:641} INFO - Processing file /home/airflow/.local/lib/python3.7/site-packages/airflow/example_dags/example_python_operator.py for tasks to queue
[2022-07-06 19:41:14,992] {logging_mixin.py:115} INFO - [2022-07-06 19:41:14,991] {dagbag.py:507} INFO - Filling up the DagBag from /home/airflow/.local/lib/python3.7/site-packages/airflow/example_dags/example_python_operator.py
[2022-07-06 19:41:15,027] {processor.py:651} INFO - DAG(s) dict_keys(['example_python_operator']) retrieved from /home/airflow/.local/lib/python3.7/site-packages/airflow/example_dags/example_python_operator.py
[2022-07-06 19:41:15,069] {logging_mixin.py:115} INFO - [2022-07-06 19:41:15,069] {dag.py:2379} INFO - Sync 1 DAGs
[2022-07-06 19:41:15,102] {logging_mixin.py:115} INFO - [2022-07-06 19:41:15,102] {dag.py:2931} INFO - Setting next_dagrun for example_python_operator to None, run_after=None
[2022-07-06 19:41:15,183] {processor.py:161} INFO - Processing /home/airflow/.local/lib/python3.7/site-packages/airflow/example_dags/example_python_operator.py took 0.265 seconds
[2022-07-06 19:42:08,542] {processor.py:153} INFO - Started process (PID=402) to work on /home/airflow/.local/lib/python3.7/site-packages/airflow/example_dags/example_python_operator.py
[2022-07-06 19:42:08,681] {processor.py:641} INFO - Processing file /home/airflow/.local/lib/python3.7/site-packages/airflow/example_dags/example_python_operator.py for tasks to queue
[2022-07-06 19:42:08,683] {logging_mixin.py:115} INFO - [2022-07-06 19:42:08,683] {dagbag.py:507} INFO - Filling up the DagBag from /home/airflow/.local/lib/python3.7/site-packages/airflow/example_dags/example_python_operator.py
[2022-07-06 19:42:10,178] {processor.py:651} INFO - DAG(s) dict_keys(['example_python_operator']) retrieved from /home/airflow/.local/lib/python3.7/site-packages/airflow/example_dags/example_python_operator.py
[2022-07-06 19:42:10,445] {logging_mixin.py:115} INFO - [2022-07-06 19:42:10,444] {dag.py:2379} INFO - Sync 1 DAGs
[2022-07-06 19:42:10,467] {logging_mixin.py:115} INFO - [2022-07-06 19:42:10,467] {dag.py:2931} INFO - Setting next_dagrun for example_python_operator to None, run_after=None
[2022-07-06 19:42:11,120] {processor.py:161} INFO - Processing /home/airflow/.local/lib/python3.7/site-packages/airflow/example_dags/example_python_operator.py took 2.581 seconds
[2022-07-06 19:45:47,539] {processor.py:153} INFO - Started process (PID=485) to work on /home/airflow/.local/lib/python3.7/site-packages/airflow/example_dags/example_python_operator.py
[2022-07-06 19:45:47,779] {processor.py:641} INFO - Processing file /home/airflow/.local/lib/python3.7/site-packages/airflow/example_dags/example_python_operator.py for tasks to queue
[2022-07-06 19:45:47,780] {logging_mixin.py:115} INFO - [2022-07-06 19:45:47,780] {dagbag.py:507} INFO - Filling up the DagBag from /home/airflow/.local/lib/python3.7/site-packages/airflow/example_dags/example_python_operator.py
[2022-07-06 19:45:49,507] {processor.py:651} INFO - DAG(s) dict_keys(['example_python_operator']) retrieved from /home/airflow/.local/lib/python3.7/site-packages/airflow/example_dags/example_python_operator.py
[2022-07-06 19:45:49,693] {logging_mixin.py:115} INFO - [2022-07-06 19:45:49,693] {dag.py:2379} INFO - Sync 1 DAGs
[2022-07-06 19:45:49,716] {logging_mixin.py:115} INFO - [2022-07-06 19:45:49,716] {dag.py:2931} INFO - Setting next_dagrun for example_python_operator to None, run_after=None
[2022-07-06 19:45:50,254] {processor.py:161} INFO - Processing /home/airflow/.local/lib/python3.7/site-packages/airflow/example_dags/example_python_operator.py took 2.942 seconds
[2022-07-06 19:54:41,741] {processor.py:153} INFO - Started process (PID=149) to work on /home/airflow/.local/lib/python3.7/site-packages/airflow/example_dags/example_python_operator.py
[2022-07-06 19:54:41,770] {processor.py:641} INFO - Processing file /home/airflow/.local/lib/python3.7/site-packages/airflow/example_dags/example_python_operator.py for tasks to queue
[2022-07-06 19:54:41,771] {logging_mixin.py:115} INFO - [2022-07-06 19:54:41,770] {dagbag.py:507} INFO - Filling up the DagBag from /home/airflow/.local/lib/python3.7/site-packages/airflow/example_dags/example_python_operator.py
[2022-07-06 19:54:41,808] {processor.py:651} INFO - DAG(s) dict_keys(['example_python_operator']) retrieved from /home/airflow/.local/lib/python3.7/site-packages/airflow/example_dags/example_python_operator.py
[2022-07-06 19:54:41,855] {logging_mixin.py:115} INFO - [2022-07-06 19:54:41,855] {dag.py:2379} INFO - Sync 1 DAGs
[2022-07-06 19:54:41,887] {logging_mixin.py:115} INFO - [2022-07-06 19:54:41,887] {dag.py:2931} INFO - Setting next_dagrun for example_python_operator to None, run_after=None
[2022-07-06 19:54:41,976] {processor.py:161} INFO - Processing /home/airflow/.local/lib/python3.7/site-packages/airflow/example_dags/example_python_operator.py took 0.239 seconds
[2022-07-06 19:55:40,603] {processor.py:153} INFO - Started process (PID=220) to work on /home/airflow/.local/lib/python3.7/site-packages/airflow/example_dags/example_python_operator.py
[2022-07-06 19:55:41,073] {processor.py:641} INFO - Processing file /home/airflow/.local/lib/python3.7/site-packages/airflow/example_dags/example_python_operator.py for tasks to queue
[2022-07-06 19:55:41,074] {logging_mixin.py:115} INFO - [2022-07-06 19:55:41,074] {dagbag.py:507} INFO - Filling up the DagBag from /home/airflow/.local/lib/python3.7/site-packages/airflow/example_dags/example_python_operator.py
[2022-07-06 19:55:43,867] {processor.py:651} INFO - DAG(s) dict_keys(['example_python_operator']) retrieved from /home/airflow/.local/lib/python3.7/site-packages/airflow/example_dags/example_python_operator.py
[2022-07-06 19:55:44,155] {logging_mixin.py:115} INFO - [2022-07-06 19:55:44,154] {dag.py:2379} INFO - Sync 1 DAGs
[2022-07-06 19:55:44,447] {logging_mixin.py:115} INFO - [2022-07-06 19:55:44,447] {dag.py:2931} INFO - Setting next_dagrun for example_python_operator to None, run_after=None
[2022-07-06 19:55:45,018] {processor.py:161} INFO - Processing /home/airflow/.local/lib/python3.7/site-packages/airflow/example_dags/example_python_operator.py took 4.419 seconds
[2022-07-06 19:58:15,298] {processor.py:153} INFO - Started process (PID=356) to work on /home/airflow/.local/lib/python3.7/site-packages/airflow/example_dags/example_python_operator.py
[2022-07-06 19:58:15,333] {processor.py:641} INFO - Processing file /home/airflow/.local/lib/python3.7/site-packages/airflow/example_dags/example_python_operator.py for tasks to queue
[2022-07-06 19:58:15,333] {logging_mixin.py:115} INFO - [2022-07-06 19:58:15,333] {dagbag.py:507} INFO - Filling up the DagBag from /home/airflow/.local/lib/python3.7/site-packages/airflow/example_dags/example_python_operator.py
[2022-07-06 19:58:15,364] {processor.py:651} INFO - DAG(s) dict_keys(['example_python_operator']) retrieved from /home/airflow/.local/lib/python3.7/site-packages/airflow/example_dags/example_python_operator.py
[2022-07-06 19:58:15,393] {logging_mixin.py:115} INFO - [2022-07-06 19:58:15,393] {dag.py:2379} INFO - Sync 1 DAGs
[2022-07-06 19:58:15,435] {logging_mixin.py:115} INFO - [2022-07-06 19:58:15,435] {dag.py:2931} INFO - Setting next_dagrun for example_python_operator to None, run_after=None
[2022-07-06 19:58:15,516] {processor.py:161} INFO - Processing /home/airflow/.local/lib/python3.7/site-packages/airflow/example_dags/example_python_operator.py took 0.223 seconds
[2022-07-06 19:58:46,663] {processor.py:153} INFO - Started process (PID=407) to work on /home/airflow/.local/lib/python3.7/site-packages/airflow/example_dags/example_python_operator.py
[2022-07-06 19:58:46,738] {processor.py:641} INFO - Processing file /home/airflow/.local/lib/python3.7/site-packages/airflow/example_dags/example_python_operator.py for tasks to queue
[2022-07-06 19:58:46,739] {logging_mixin.py:115} INFO - [2022-07-06 19:58:46,739] {dagbag.py:507} INFO - Filling up the DagBag from /home/airflow/.local/lib/python3.7/site-packages/airflow/example_dags/example_python_operator.py
[2022-07-06 19:58:46,764] {processor.py:651} INFO - DAG(s) dict_keys(['example_python_operator']) retrieved from /home/airflow/.local/lib/python3.7/site-packages/airflow/example_dags/example_python_operator.py
[2022-07-06 19:58:46,795] {logging_mixin.py:115} INFO - [2022-07-06 19:58:46,794] {dag.py:2379} INFO - Sync 1 DAGs
[2022-07-06 19:58:46,826] {logging_mixin.py:115} INFO - [2022-07-06 19:58:46,826] {dag.py:2931} INFO - Setting next_dagrun for example_python_operator to None, run_after=None
[2022-07-06 19:58:46,899] {processor.py:161} INFO - Processing /home/airflow/.local/lib/python3.7/site-packages/airflow/example_dags/example_python_operator.py took 0.239 seconds
[2022-07-06 19:59:33,017] {processor.py:153} INFO - Started process (PID=468) to work on /home/airflow/.local/lib/python3.7/site-packages/airflow/example_dags/example_python_operator.py
[2022-07-06 19:59:33,054] {processor.py:641} INFO - Processing file /home/airflow/.local/lib/python3.7/site-packages/airflow/example_dags/example_python_operator.py for tasks to queue
[2022-07-06 19:59:33,055] {logging_mixin.py:115} INFO - [2022-07-06 19:59:33,055] {dagbag.py:507} INFO - Filling up the DagBag from /home/airflow/.local/lib/python3.7/site-packages/airflow/example_dags/example_python_operator.py
[2022-07-06 19:59:33,095] {processor.py:651} INFO - DAG(s) dict_keys(['example_python_operator']) retrieved from /home/airflow/.local/lib/python3.7/site-packages/airflow/example_dags/example_python_operator.py
[2022-07-06 19:59:33,132] {logging_mixin.py:115} INFO - [2022-07-06 19:59:33,132] {dag.py:2379} INFO - Sync 1 DAGs
[2022-07-06 19:59:33,164] {logging_mixin.py:115} INFO - [2022-07-06 19:59:33,164] {dag.py:2931} INFO - Setting next_dagrun for example_python_operator to None, run_after=None
[2022-07-06 19:59:33,249] {processor.py:161} INFO - Processing /home/airflow/.local/lib/python3.7/site-packages/airflow/example_dags/example_python_operator.py took 0.235 seconds
[2022-07-06 20:00:04,197] {processor.py:153} INFO - Started process (PID=521) to work on /home/airflow/.local/lib/python3.7/site-packages/airflow/example_dags/example_python_operator.py
[2022-07-06 20:00:04,198] {processor.py:641} INFO - Processing file /home/airflow/.local/lib/python3.7/site-packages/airflow/example_dags/example_python_operator.py for tasks to queue
[2022-07-06 20:00:04,198] {logging_mixin.py:115} INFO - [2022-07-06 20:00:04,198] {dagbag.py:507} INFO - Filling up the DagBag from /home/airflow/.local/lib/python3.7/site-packages/airflow/example_dags/example_python_operator.py
[2022-07-06 20:00:04,222] {processor.py:651} INFO - DAG(s) dict_keys(['example_python_operator']) retrieved from /home/airflow/.local/lib/python3.7/site-packages/airflow/example_dags/example_python_operator.py
[2022-07-06 20:00:04,255] {logging_mixin.py:115} INFO - [2022-07-06 20:00:04,255] {dag.py:2379} INFO - Sync 1 DAGs
[2022-07-06 20:00:04,289] {logging_mixin.py:115} INFO - [2022-07-06 20:00:04,289] {dag.py:2931} INFO - Setting next_dagrun for example_python_operator to None, run_after=None
[2022-07-06 20:00:04,388] {processor.py:161} INFO - Processing /home/airflow/.local/lib/python3.7/site-packages/airflow/example_dags/example_python_operator.py took 0.194 seconds
[2022-07-06 20:00:34,630] {processor.py:153} INFO - Started process (PID=581) to work on /home/airflow/.local/lib/python3.7/site-packages/airflow/example_dags/example_python_operator.py
[2022-07-06 20:00:34,648] {processor.py:641} INFO - Processing file /home/airflow/.local/lib/python3.7/site-packages/airflow/example_dags/example_python_operator.py for tasks to queue
[2022-07-06 20:00:34,649] {logging_mixin.py:115} INFO - [2022-07-06 20:00:34,649] {dagbag.py:507} INFO - Filling up the DagBag from /home/airflow/.local/lib/python3.7/site-packages/airflow/example_dags/example_python_operator.py
[2022-07-06 20:00:34,680] {processor.py:651} INFO - DAG(s) dict_keys(['example_python_operator']) retrieved from /home/airflow/.local/lib/python3.7/site-packages/airflow/example_dags/example_python_operator.py
[2022-07-06 20:00:34,719] {logging_mixin.py:115} INFO - [2022-07-06 20:00:34,719] {dag.py:2379} INFO - Sync 1 DAGs
[2022-07-06 20:00:34,751] {logging_mixin.py:115} INFO - [2022-07-06 20:00:34,751] {dag.py:2931} INFO - Setting next_dagrun for example_python_operator to None, run_after=None
[2022-07-06 20:00:34,782] {processor.py:161} INFO - Processing /home/airflow/.local/lib/python3.7/site-packages/airflow/example_dags/example_python_operator.py took 0.155 seconds
[2022-07-06 20:01:13,887] {processor.py:153} INFO - Started process (PID=641) to work on /home/airflow/.local/lib/python3.7/site-packages/airflow/example_dags/example_python_operator.py
[2022-07-06 20:01:13,892] {processor.py:641} INFO - Processing file /home/airflow/.local/lib/python3.7/site-packages/airflow/example_dags/example_python_operator.py for tasks to queue
[2022-07-06 20:01:13,892] {logging_mixin.py:115} INFO - [2022-07-06 20:01:13,892] {dagbag.py:507} INFO - Filling up the DagBag from /home/airflow/.local/lib/python3.7/site-packages/airflow/example_dags/example_python_operator.py
[2022-07-06 20:01:13,918] {processor.py:651} INFO - DAG(s) dict_keys(['example_python_operator']) retrieved from /home/airflow/.local/lib/python3.7/site-packages/airflow/example_dags/example_python_operator.py
[2022-07-06 20:01:14,008] {logging_mixin.py:115} INFO - [2022-07-06 20:01:14,008] {dag.py:2379} INFO - Sync 1 DAGs
[2022-07-06 20:01:14,051] {logging_mixin.py:115} INFO - [2022-07-06 20:01:14,051] {dag.py:2931} INFO - Setting next_dagrun for example_python_operator to None, run_after=None
[2022-07-06 20:01:14,121] {processor.py:161} INFO - Processing /home/airflow/.local/lib/python3.7/site-packages/airflow/example_dags/example_python_operator.py took 0.239 seconds
[2022-07-06 20:01:55,302] {processor.py:153} INFO - Started process (PID=702) to work on /home/airflow/.local/lib/python3.7/site-packages/airflow/example_dags/example_python_operator.py
[2022-07-06 20:01:55,316] {processor.py:641} INFO - Processing file /home/airflow/.local/lib/python3.7/site-packages/airflow/example_dags/example_python_operator.py for tasks to queue
[2022-07-06 20:01:55,316] {logging_mixin.py:115} INFO - [2022-07-06 20:01:55,316] {dagbag.py:507} INFO - Filling up the DagBag from /home/airflow/.local/lib/python3.7/site-packages/airflow/example_dags/example_python_operator.py
[2022-07-06 20:01:55,347] {processor.py:651} INFO - DAG(s) dict_keys(['example_python_operator']) retrieved from /home/airflow/.local/lib/python3.7/site-packages/airflow/example_dags/example_python_operator.py
[2022-07-06 20:01:55,387] {logging_mixin.py:115} INFO - [2022-07-06 20:01:55,387] {dag.py:2379} INFO - Sync 1 DAGs
[2022-07-06 20:01:55,423] {logging_mixin.py:115} INFO - [2022-07-06 20:01:55,423] {dag.py:2931} INFO - Setting next_dagrun for example_python_operator to None, run_after=None
[2022-07-06 20:01:55,459] {processor.py:161} INFO - Processing /home/airflow/.local/lib/python3.7/site-packages/airflow/example_dags/example_python_operator.py took 0.161 seconds
[2022-07-06 20:02:26,694] {processor.py:153} INFO - Started process (PID=755) to work on /home/airflow/.local/lib/python3.7/site-packages/airflow/example_dags/example_python_operator.py
[2022-07-06 20:02:26,695] {processor.py:641} INFO - Processing file /home/airflow/.local/lib/python3.7/site-packages/airflow/example_dags/example_python_operator.py for tasks to queue
[2022-07-06 20:02:26,696] {logging_mixin.py:115} INFO - [2022-07-06 20:02:26,696] {dagbag.py:507} INFO - Filling up the DagBag from /home/airflow/.local/lib/python3.7/site-packages/airflow/example_dags/example_python_operator.py
[2022-07-06 20:02:26,721] {processor.py:651} INFO - DAG(s) dict_keys(['example_python_operator']) retrieved from /home/airflow/.local/lib/python3.7/site-packages/airflow/example_dags/example_python_operator.py
[2022-07-06 20:02:26,759] {logging_mixin.py:115} INFO - [2022-07-06 20:02:26,759] {dag.py:2379} INFO - Sync 1 DAGs
[2022-07-06 20:02:26,844] {logging_mixin.py:115} INFO - [2022-07-06 20:02:26,844] {dag.py:2931} INFO - Setting next_dagrun for example_python_operator to None, run_after=None
[2022-07-06 20:02:26,888] {processor.py:161} INFO - Processing /home/airflow/.local/lib/python3.7/site-packages/airflow/example_dags/example_python_operator.py took 0.197 seconds
[2022-07-06 20:03:01,692] {processor.py:153} INFO - Started process (PID=813) to work on /home/airflow/.local/lib/python3.7/site-packages/airflow/example_dags/example_python_operator.py
[2022-07-06 20:03:01,788] {processor.py:641} INFO - Processing file /home/airflow/.local/lib/python3.7/site-packages/airflow/example_dags/example_python_operator.py for tasks to queue
[2022-07-06 20:03:01,790] {logging_mixin.py:115} INFO - [2022-07-06 20:03:01,789] {dagbag.py:507} INFO - Filling up the DagBag from /home/airflow/.local/lib/python3.7/site-packages/airflow/example_dags/example_python_operator.py
[2022-07-06 20:03:01,825] {processor.py:651} INFO - DAG(s) dict_keys(['example_python_operator']) retrieved from /home/airflow/.local/lib/python3.7/site-packages/airflow/example_dags/example_python_operator.py
[2022-07-06 20:03:01,869] {logging_mixin.py:115} INFO - [2022-07-06 20:03:01,869] {dag.py:2379} INFO - Sync 1 DAGs
[2022-07-06 20:03:01,914] {logging_mixin.py:115} INFO - [2022-07-06 20:03:01,914] {dag.py:2931} INFO - Setting next_dagrun for example_python_operator to None, run_after=None
[2022-07-06 20:03:02,027] {processor.py:161} INFO - Processing /home/airflow/.local/lib/python3.7/site-packages/airflow/example_dags/example_python_operator.py took 0.339 seconds
[2022-07-06 20:03:32,909] {processor.py:153} INFO - Started process (PID=865) to work on /home/airflow/.local/lib/python3.7/site-packages/airflow/example_dags/example_python_operator.py
[2022-07-06 20:03:32,910] {processor.py:641} INFO - Processing file /home/airflow/.local/lib/python3.7/site-packages/airflow/example_dags/example_python_operator.py for tasks to queue
[2022-07-06 20:03:32,911] {logging_mixin.py:115} INFO - [2022-07-06 20:03:32,911] {dagbag.py:507} INFO - Filling up the DagBag from /home/airflow/.local/lib/python3.7/site-packages/airflow/example_dags/example_python_operator.py
[2022-07-06 20:03:32,948] {processor.py:651} INFO - DAG(s) dict_keys(['example_python_operator']) retrieved from /home/airflow/.local/lib/python3.7/site-packages/airflow/example_dags/example_python_operator.py
[2022-07-06 20:03:33,001] {logging_mixin.py:115} INFO - [2022-07-06 20:03:33,001] {dag.py:2379} INFO - Sync 1 DAGs
[2022-07-06 20:03:33,055] {logging_mixin.py:115} INFO - [2022-07-06 20:03:33,055] {dag.py:2931} INFO - Setting next_dagrun for example_python_operator to None, run_after=None
[2022-07-06 20:03:33,095] {processor.py:161} INFO - Processing /home/airflow/.local/lib/python3.7/site-packages/airflow/example_dags/example_python_operator.py took 0.191 seconds
[2022-07-06 20:04:03,582] {processor.py:153} INFO - Started process (PID=925) to work on /home/airflow/.local/lib/python3.7/site-packages/airflow/example_dags/example_python_operator.py
[2022-07-06 20:04:03,614] {processor.py:641} INFO - Processing file /home/airflow/.local/lib/python3.7/site-packages/airflow/example_dags/example_python_operator.py for tasks to queue
[2022-07-06 20:04:03,615] {logging_mixin.py:115} INFO - [2022-07-06 20:04:03,615] {dagbag.py:507} INFO - Filling up the DagBag from /home/airflow/.local/lib/python3.7/site-packages/airflow/example_dags/example_python_operator.py
[2022-07-06 20:04:03,674] {processor.py:651} INFO - DAG(s) dict_keys(['example_python_operator']) retrieved from /home/airflow/.local/lib/python3.7/site-packages/airflow/example_dags/example_python_operator.py
[2022-07-06 20:04:03,767] {logging_mixin.py:115} INFO - [2022-07-06 20:04:03,767] {dag.py:2379} INFO - Sync 1 DAGs
[2022-07-06 20:04:03,847] {logging_mixin.py:115} INFO - [2022-07-06 20:04:03,847] {dag.py:2931} INFO - Setting next_dagrun for example_python_operator to None, run_after=None
[2022-07-06 20:04:03,895] {processor.py:161} INFO - Processing /home/airflow/.local/lib/python3.7/site-packages/airflow/example_dags/example_python_operator.py took 0.318 seconds
[2022-07-06 20:04:34,561] {processor.py:153} INFO - Started process (PID=974) to work on /home/airflow/.local/lib/python3.7/site-packages/airflow/example_dags/example_python_operator.py
[2022-07-06 20:04:34,588] {processor.py:641} INFO - Processing file /home/airflow/.local/lib/python3.7/site-packages/airflow/example_dags/example_python_operator.py for tasks to queue
[2022-07-06 20:04:34,593] {logging_mixin.py:115} INFO - [2022-07-06 20:04:34,593] {dagbag.py:507} INFO - Filling up the DagBag from /home/airflow/.local/lib/python3.7/site-packages/airflow/example_dags/example_python_operator.py
[2022-07-06 20:04:34,686] {processor.py:651} INFO - DAG(s) dict_keys(['example_python_operator']) retrieved from /home/airflow/.local/lib/python3.7/site-packages/airflow/example_dags/example_python_operator.py
[2022-07-06 20:04:34,823] {logging_mixin.py:115} INFO - [2022-07-06 20:04:34,823] {dag.py:2379} INFO - Sync 1 DAGs
[2022-07-06 20:04:34,865] {logging_mixin.py:115} INFO - [2022-07-06 20:04:34,865] {dag.py:2931} INFO - Setting next_dagrun for example_python_operator to None, run_after=None
[2022-07-06 20:04:34,896] {processor.py:161} INFO - Processing /home/airflow/.local/lib/python3.7/site-packages/airflow/example_dags/example_python_operator.py took 0.340 seconds
[2022-07-06 20:05:05,486] {processor.py:153} INFO - Started process (PID=1029) to work on /home/airflow/.local/lib/python3.7/site-packages/airflow/example_dags/example_python_operator.py
[2022-07-06 20:05:05,487] {processor.py:641} INFO - Processing file /home/airflow/.local/lib/python3.7/site-packages/airflow/example_dags/example_python_operator.py for tasks to queue
[2022-07-06 20:05:05,487] {logging_mixin.py:115} INFO - [2022-07-06 20:05:05,487] {dagbag.py:507} INFO - Filling up the DagBag from /home/airflow/.local/lib/python3.7/site-packages/airflow/example_dags/example_python_operator.py
[2022-07-06 20:05:05,511] {processor.py:651} INFO - DAG(s) dict_keys(['example_python_operator']) retrieved from /home/airflow/.local/lib/python3.7/site-packages/airflow/example_dags/example_python_operator.py
[2022-07-06 20:05:05,545] {logging_mixin.py:115} INFO - [2022-07-06 20:05:05,545] {dag.py:2379} INFO - Sync 1 DAGs
[2022-07-06 20:05:05,574] {logging_mixin.py:115} INFO - [2022-07-06 20:05:05,574] {dag.py:2931} INFO - Setting next_dagrun for example_python_operator to None, run_after=None
[2022-07-06 20:05:05,603] {processor.py:161} INFO - Processing /home/airflow/.local/lib/python3.7/site-packages/airflow/example_dags/example_python_operator.py took 0.120 seconds
[2022-07-06 20:05:35,800] {processor.py:153} INFO - Started process (PID=1080) to work on /home/airflow/.local/lib/python3.7/site-packages/airflow/example_dags/example_python_operator.py
[2022-07-06 20:05:35,801] {processor.py:641} INFO - Processing file /home/airflow/.local/lib/python3.7/site-packages/airflow/example_dags/example_python_operator.py for tasks to queue
[2022-07-06 20:05:35,802] {logging_mixin.py:115} INFO - [2022-07-06 20:05:35,802] {dagbag.py:507} INFO - Filling up the DagBag from /home/airflow/.local/lib/python3.7/site-packages/airflow/example_dags/example_python_operator.py
[2022-07-06 20:05:35,845] {processor.py:651} INFO - DAG(s) dict_keys(['example_python_operator']) retrieved from /home/airflow/.local/lib/python3.7/site-packages/airflow/example_dags/example_python_operator.py
[2022-07-06 20:05:35,892] {logging_mixin.py:115} INFO - [2022-07-06 20:05:35,892] {dag.py:2379} INFO - Sync 1 DAGs
[2022-07-06 20:05:35,935] {logging_mixin.py:115} INFO - [2022-07-06 20:05:35,934] {dag.py:2931} INFO - Setting next_dagrun for example_python_operator to None, run_after=None
[2022-07-06 20:05:35,969] {processor.py:161} INFO - Processing /home/airflow/.local/lib/python3.7/site-packages/airflow/example_dags/example_python_operator.py took 0.178 seconds
[2022-07-06 20:06:06,775] {processor.py:153} INFO - Started process (PID=1141) to work on /home/airflow/.local/lib/python3.7/site-packages/airflow/example_dags/example_python_operator.py
[2022-07-06 20:06:06,808] {processor.py:641} INFO - Processing file /home/airflow/.local/lib/python3.7/site-packages/airflow/example_dags/example_python_operator.py for tasks to queue
[2022-07-06 20:06:06,808] {logging_mixin.py:115} INFO - [2022-07-06 20:06:06,808] {dagbag.py:507} INFO - Filling up the DagBag from /home/airflow/.local/lib/python3.7/site-packages/airflow/example_dags/example_python_operator.py
[2022-07-06 20:06:06,843] {processor.py:651} INFO - DAG(s) dict_keys(['example_python_operator']) retrieved from /home/airflow/.local/lib/python3.7/site-packages/airflow/example_dags/example_python_operator.py
[2022-07-06 20:06:06,886] {logging_mixin.py:115} INFO - [2022-07-06 20:06:06,885] {dag.py:2379} INFO - Sync 1 DAGs
[2022-07-06 20:06:06,928] {logging_mixin.py:115} INFO - [2022-07-06 20:06:06,927] {dag.py:2931} INFO - Setting next_dagrun for example_python_operator to None, run_after=None
[2022-07-06 20:06:06,956] {processor.py:161} INFO - Processing /home/airflow/.local/lib/python3.7/site-packages/airflow/example_dags/example_python_operator.py took 0.185 seconds
[2022-07-06 20:06:37,823] {processor.py:153} INFO - Started process (PID=1193) to work on /home/airflow/.local/lib/python3.7/site-packages/airflow/example_dags/example_python_operator.py
[2022-07-06 20:06:37,825] {processor.py:641} INFO - Processing file /home/airflow/.local/lib/python3.7/site-packages/airflow/example_dags/example_python_operator.py for tasks to queue
[2022-07-06 20:06:37,826] {logging_mixin.py:115} INFO - [2022-07-06 20:06:37,826] {dagbag.py:507} INFO - Filling up the DagBag from /home/airflow/.local/lib/python3.7/site-packages/airflow/example_dags/example_python_operator.py
[2022-07-06 20:06:37,898] {processor.py:651} INFO - DAG(s) dict_keys(['example_python_operator']) retrieved from /home/airflow/.local/lib/python3.7/site-packages/airflow/example_dags/example_python_operator.py
[2022-07-06 20:06:37,939] {logging_mixin.py:115} INFO - [2022-07-06 20:06:37,939] {dag.py:2379} INFO - Sync 1 DAGs
[2022-07-06 20:06:37,967] {logging_mixin.py:115} INFO - [2022-07-06 20:06:37,967] {dag.py:2931} INFO - Setting next_dagrun for example_python_operator to None, run_after=None
[2022-07-06 20:06:37,992] {processor.py:161} INFO - Processing /home/airflow/.local/lib/python3.7/site-packages/airflow/example_dags/example_python_operator.py took 0.178 seconds
[2022-07-06 20:07:08,880] {processor.py:153} INFO - Started process (PID=1245) to work on /home/airflow/.local/lib/python3.7/site-packages/airflow/example_dags/example_python_operator.py
[2022-07-06 20:07:08,881] {processor.py:641} INFO - Processing file /home/airflow/.local/lib/python3.7/site-packages/airflow/example_dags/example_python_operator.py for tasks to queue
[2022-07-06 20:07:08,882] {logging_mixin.py:115} INFO - [2022-07-06 20:07:08,882] {dagbag.py:507} INFO - Filling up the DagBag from /home/airflow/.local/lib/python3.7/site-packages/airflow/example_dags/example_python_operator.py
[2022-07-06 20:07:08,962] {processor.py:651} INFO - DAG(s) dict_keys(['example_python_operator']) retrieved from /home/airflow/.local/lib/python3.7/site-packages/airflow/example_dags/example_python_operator.py
[2022-07-06 20:07:09,021] {logging_mixin.py:115} INFO - [2022-07-06 20:07:09,021] {dag.py:2379} INFO - Sync 1 DAGs
[2022-07-06 20:07:09,062] {logging_mixin.py:115} INFO - [2022-07-06 20:07:09,061] {dag.py:2931} INFO - Setting next_dagrun for example_python_operator to None, run_after=None
[2022-07-06 20:07:09,332] {processor.py:161} INFO - Processing /home/airflow/.local/lib/python3.7/site-packages/airflow/example_dags/example_python_operator.py took 0.461 seconds
[2022-07-06 20:07:39,402] {processor.py:153} INFO - Started process (PID=1305) to work on /home/airflow/.local/lib/python3.7/site-packages/airflow/example_dags/example_python_operator.py
[2022-07-06 20:07:39,408] {processor.py:641} INFO - Processing file /home/airflow/.local/lib/python3.7/site-packages/airflow/example_dags/example_python_operator.py for tasks to queue
[2022-07-06 20:07:39,409] {logging_mixin.py:115} INFO - [2022-07-06 20:07:39,408] {dagbag.py:507} INFO - Filling up the DagBag from /home/airflow/.local/lib/python3.7/site-packages/airflow/example_dags/example_python_operator.py
[2022-07-06 20:07:39,442] {processor.py:651} INFO - DAG(s) dict_keys(['example_python_operator']) retrieved from /home/airflow/.local/lib/python3.7/site-packages/airflow/example_dags/example_python_operator.py
[2022-07-06 20:07:39,489] {logging_mixin.py:115} INFO - [2022-07-06 20:07:39,488] {dag.py:2379} INFO - Sync 1 DAGs
[2022-07-06 20:07:39,534] {logging_mixin.py:115} INFO - [2022-07-06 20:07:39,534] {dag.py:2931} INFO - Setting next_dagrun for example_python_operator to None, run_after=None
[2022-07-06 20:07:39,575] {processor.py:161} INFO - Processing /home/airflow/.local/lib/python3.7/site-packages/airflow/example_dags/example_python_operator.py took 0.177 seconds
[2022-07-06 20:08:09,865] {processor.py:153} INFO - Started process (PID=1357) to work on /home/airflow/.local/lib/python3.7/site-packages/airflow/example_dags/example_python_operator.py
[2022-07-06 20:08:09,986] {processor.py:641} INFO - Processing file /home/airflow/.local/lib/python3.7/site-packages/airflow/example_dags/example_python_operator.py for tasks to queue
[2022-07-06 20:08:09,988] {logging_mixin.py:115} INFO - [2022-07-06 20:08:09,987] {dagbag.py:507} INFO - Filling up the DagBag from /home/airflow/.local/lib/python3.7/site-packages/airflow/example_dags/example_python_operator.py
[2022-07-06 20:08:10,056] {processor.py:651} INFO - DAG(s) dict_keys(['example_python_operator']) retrieved from /home/airflow/.local/lib/python3.7/site-packages/airflow/example_dags/example_python_operator.py
[2022-07-06 20:08:10,097] {logging_mixin.py:115} INFO - [2022-07-06 20:08:10,096] {dag.py:2379} INFO - Sync 1 DAGs
[2022-07-06 20:08:10,140] {logging_mixin.py:115} INFO - [2022-07-06 20:08:10,139] {dag.py:2931} INFO - Setting next_dagrun for example_python_operator to None, run_after=None
[2022-07-06 20:08:10,240] {processor.py:161} INFO - Processing /home/airflow/.local/lib/python3.7/site-packages/airflow/example_dags/example_python_operator.py took 0.383 seconds
[2022-07-06 20:08:40,784] {processor.py:153} INFO - Started process (PID=1416) to work on /home/airflow/.local/lib/python3.7/site-packages/airflow/example_dags/example_python_operator.py
[2022-07-06 20:08:40,784] {processor.py:641} INFO - Processing file /home/airflow/.local/lib/python3.7/site-packages/airflow/example_dags/example_python_operator.py for tasks to queue
[2022-07-06 20:08:40,786] {logging_mixin.py:115} INFO - [2022-07-06 20:08:40,785] {dagbag.py:507} INFO - Filling up the DagBag from /home/airflow/.local/lib/python3.7/site-packages/airflow/example_dags/example_python_operator.py
[2022-07-06 20:08:40,819] {processor.py:651} INFO - DAG(s) dict_keys(['example_python_operator']) retrieved from /home/airflow/.local/lib/python3.7/site-packages/airflow/example_dags/example_python_operator.py
[2022-07-06 20:08:40,926] {logging_mixin.py:115} INFO - [2022-07-06 20:08:40,925] {dag.py:2379} INFO - Sync 1 DAGs
[2022-07-06 20:08:41,022] {logging_mixin.py:115} INFO - [2022-07-06 20:08:41,022] {dag.py:2931} INFO - Setting next_dagrun for example_python_operator to None, run_after=None
[2022-07-06 20:08:41,091] {processor.py:161} INFO - Processing /home/airflow/.local/lib/python3.7/site-packages/airflow/example_dags/example_python_operator.py took 0.316 seconds
[2022-07-06 20:09:11,413] {processor.py:153} INFO - Started process (PID=1468) to work on /home/airflow/.local/lib/python3.7/site-packages/airflow/example_dags/example_python_operator.py
[2022-07-06 20:09:11,424] {processor.py:641} INFO - Processing file /home/airflow/.local/lib/python3.7/site-packages/airflow/example_dags/example_python_operator.py for tasks to queue
[2022-07-06 20:09:11,424] {logging_mixin.py:115} INFO - [2022-07-06 20:09:11,424] {dagbag.py:507} INFO - Filling up the DagBag from /home/airflow/.local/lib/python3.7/site-packages/airflow/example_dags/example_python_operator.py
[2022-07-06 20:09:11,453] {processor.py:651} INFO - DAG(s) dict_keys(['example_python_operator']) retrieved from /home/airflow/.local/lib/python3.7/site-packages/airflow/example_dags/example_python_operator.py
[2022-07-06 20:09:11,490] {logging_mixin.py:115} INFO - [2022-07-06 20:09:11,490] {dag.py:2379} INFO - Sync 1 DAGs
[2022-07-06 20:09:11,523] {logging_mixin.py:115} INFO - [2022-07-06 20:09:11,523] {dag.py:2931} INFO - Setting next_dagrun for example_python_operator to None, run_after=None
[2022-07-06 20:09:11,557] {processor.py:161} INFO - Processing /home/airflow/.local/lib/python3.7/site-packages/airflow/example_dags/example_python_operator.py took 0.151 seconds
[2022-07-06 20:09:42,165] {processor.py:153} INFO - Started process (PID=1520) to work on /home/airflow/.local/lib/python3.7/site-packages/airflow/example_dags/example_python_operator.py
[2022-07-06 20:09:42,166] {processor.py:641} INFO - Processing file /home/airflow/.local/lib/python3.7/site-packages/airflow/example_dags/example_python_operator.py for tasks to queue
[2022-07-06 20:09:42,166] {logging_mixin.py:115} INFO - [2022-07-06 20:09:42,166] {dagbag.py:507} INFO - Filling up the DagBag from /home/airflow/.local/lib/python3.7/site-packages/airflow/example_dags/example_python_operator.py
[2022-07-06 20:09:42,190] {processor.py:651} INFO - DAG(s) dict_keys(['example_python_operator']) retrieved from /home/airflow/.local/lib/python3.7/site-packages/airflow/example_dags/example_python_operator.py
[2022-07-06 20:09:42,225] {logging_mixin.py:115} INFO - [2022-07-06 20:09:42,224] {dag.py:2379} INFO - Sync 1 DAGs
[2022-07-06 20:09:42,254] {logging_mixin.py:115} INFO - [2022-07-06 20:09:42,253] {dag.py:2931} INFO - Setting next_dagrun for example_python_operator to None, run_after=None
[2022-07-06 20:09:42,278] {processor.py:161} INFO - Processing /home/airflow/.local/lib/python3.7/site-packages/airflow/example_dags/example_python_operator.py took 0.116 seconds
[2022-07-06 20:10:13,304] {processor.py:153} INFO - Started process (PID=1572) to work on /home/airflow/.local/lib/python3.7/site-packages/airflow/example_dags/example_python_operator.py
[2022-07-06 20:10:13,304] {processor.py:641} INFO - Processing file /home/airflow/.local/lib/python3.7/site-packages/airflow/example_dags/example_python_operator.py for tasks to queue
[2022-07-06 20:10:13,305] {logging_mixin.py:115} INFO - [2022-07-06 20:10:13,305] {dagbag.py:507} INFO - Filling up the DagBag from /home/airflow/.local/lib/python3.7/site-packages/airflow/example_dags/example_python_operator.py
[2022-07-06 20:10:13,335] {processor.py:651} INFO - DAG(s) dict_keys(['example_python_operator']) retrieved from /home/airflow/.local/lib/python3.7/site-packages/airflow/example_dags/example_python_operator.py
[2022-07-06 20:10:13,373] {logging_mixin.py:115} INFO - [2022-07-06 20:10:13,373] {dag.py:2379} INFO - Sync 1 DAGs
[2022-07-06 20:10:13,407] {logging_mixin.py:115} INFO - [2022-07-06 20:10:13,407] {dag.py:2931} INFO - Setting next_dagrun for example_python_operator to None, run_after=None
[2022-07-06 20:10:13,439] {processor.py:161} INFO - Processing /home/airflow/.local/lib/python3.7/site-packages/airflow/example_dags/example_python_operator.py took 0.141 seconds
[2022-07-06 20:10:44,329] {processor.py:153} INFO - Started process (PID=1633) to work on /home/airflow/.local/lib/python3.7/site-packages/airflow/example_dags/example_python_operator.py
[2022-07-06 20:10:44,330] {processor.py:641} INFO - Processing file /home/airflow/.local/lib/python3.7/site-packages/airflow/example_dags/example_python_operator.py for tasks to queue
[2022-07-06 20:10:44,331] {logging_mixin.py:115} INFO - [2022-07-06 20:10:44,331] {dagbag.py:507} INFO - Filling up the DagBag from /home/airflow/.local/lib/python3.7/site-packages/airflow/example_dags/example_python_operator.py
[2022-07-06 20:10:44,355] {processor.py:651} INFO - DAG(s) dict_keys(['example_python_operator']) retrieved from /home/airflow/.local/lib/python3.7/site-packages/airflow/example_dags/example_python_operator.py
[2022-07-06 20:10:44,399] {logging_mixin.py:115} INFO - [2022-07-06 20:10:44,399] {dag.py:2379} INFO - Sync 1 DAGs
[2022-07-06 20:10:44,442] {logging_mixin.py:115} INFO - [2022-07-06 20:10:44,442] {dag.py:2931} INFO - Setting next_dagrun for example_python_operator to None, run_after=None
[2022-07-06 20:10:44,481] {processor.py:161} INFO - Processing /home/airflow/.local/lib/python3.7/site-packages/airflow/example_dags/example_python_operator.py took 0.157 seconds
[2022-07-06 20:11:14,830] {processor.py:153} INFO - Started process (PID=1685) to work on /home/airflow/.local/lib/python3.7/site-packages/airflow/example_dags/example_python_operator.py
[2022-07-06 20:11:14,842] {processor.py:641} INFO - Processing file /home/airflow/.local/lib/python3.7/site-packages/airflow/example_dags/example_python_operator.py for tasks to queue
[2022-07-06 20:11:14,843] {logging_mixin.py:115} INFO - [2022-07-06 20:11:14,843] {dagbag.py:507} INFO - Filling up the DagBag from /home/airflow/.local/lib/python3.7/site-packages/airflow/example_dags/example_python_operator.py
[2022-07-06 20:11:14,867] {processor.py:651} INFO - DAG(s) dict_keys(['example_python_operator']) retrieved from /home/airflow/.local/lib/python3.7/site-packages/airflow/example_dags/example_python_operator.py
[2022-07-06 20:11:14,897] {logging_mixin.py:115} INFO - [2022-07-06 20:11:14,897] {dag.py:2379} INFO - Sync 1 DAGs
[2022-07-06 20:11:14,925] {logging_mixin.py:115} INFO - [2022-07-06 20:11:14,925] {dag.py:2931} INFO - Setting next_dagrun for example_python_operator to None, run_after=None
[2022-07-06 20:11:14,944] {processor.py:161} INFO - Processing /home/airflow/.local/lib/python3.7/site-packages/airflow/example_dags/example_python_operator.py took 0.118 seconds
[2022-07-06 20:11:46,158] {processor.py:153} INFO - Started process (PID=1746) to work on /home/airflow/.local/lib/python3.7/site-packages/airflow/example_dags/example_python_operator.py
[2022-07-06 20:11:46,177] {processor.py:641} INFO - Processing file /home/airflow/.local/lib/python3.7/site-packages/airflow/example_dags/example_python_operator.py for tasks to queue
[2022-07-06 20:11:46,178] {logging_mixin.py:115} INFO - [2022-07-06 20:11:46,178] {dagbag.py:507} INFO - Filling up the DagBag from /home/airflow/.local/lib/python3.7/site-packages/airflow/example_dags/example_python_operator.py
[2022-07-06 20:11:46,252] {processor.py:651} INFO - DAG(s) dict_keys(['example_python_operator']) retrieved from /home/airflow/.local/lib/python3.7/site-packages/airflow/example_dags/example_python_operator.py
[2022-07-06 20:11:46,296] {logging_mixin.py:115} INFO - [2022-07-06 20:11:46,296] {dag.py:2379} INFO - Sync 1 DAGs
[2022-07-06 20:11:46,339] {logging_mixin.py:115} INFO - [2022-07-06 20:11:46,339] {dag.py:2931} INFO - Setting next_dagrun for example_python_operator to None, run_after=None
[2022-07-06 20:11:46,383] {processor.py:161} INFO - Processing /home/airflow/.local/lib/python3.7/site-packages/airflow/example_dags/example_python_operator.py took 0.246 seconds
[2022-07-06 20:12:16,491] {processor.py:153} INFO - Started process (PID=1798) to work on /home/airflow/.local/lib/python3.7/site-packages/airflow/example_dags/example_python_operator.py
[2022-07-06 20:12:16,491] {processor.py:641} INFO - Processing file /home/airflow/.local/lib/python3.7/site-packages/airflow/example_dags/example_python_operator.py for tasks to queue
[2022-07-06 20:12:16,492] {logging_mixin.py:115} INFO - [2022-07-06 20:12:16,492] {dagbag.py:507} INFO - Filling up the DagBag from /home/airflow/.local/lib/python3.7/site-packages/airflow/example_dags/example_python_operator.py
[2022-07-06 20:12:16,520] {processor.py:651} INFO - DAG(s) dict_keys(['example_python_operator']) retrieved from /home/airflow/.local/lib/python3.7/site-packages/airflow/example_dags/example_python_operator.py
[2022-07-06 20:12:16,552] {logging_mixin.py:115} INFO - [2022-07-06 20:12:16,552] {dag.py:2379} INFO - Sync 1 DAGs
[2022-07-06 20:12:16,580] {logging_mixin.py:115} INFO - [2022-07-06 20:12:16,580] {dag.py:2931} INFO - Setting next_dagrun for example_python_operator to None, run_after=None
[2022-07-06 20:12:16,605] {processor.py:161} INFO - Processing /home/airflow/.local/lib/python3.7/site-packages/airflow/example_dags/example_python_operator.py took 0.119 seconds
[2022-07-06 20:12:47,088] {processor.py:153} INFO - Started process (PID=1848) to work on /home/airflow/.local/lib/python3.7/site-packages/airflow/example_dags/example_python_operator.py
[2022-07-06 20:12:47,088] {processor.py:641} INFO - Processing file /home/airflow/.local/lib/python3.7/site-packages/airflow/example_dags/example_python_operator.py for tasks to queue
[2022-07-06 20:12:47,089] {logging_mixin.py:115} INFO - [2022-07-06 20:12:47,089] {dagbag.py:507} INFO - Filling up the DagBag from /home/airflow/.local/lib/python3.7/site-packages/airflow/example_dags/example_python_operator.py
[2022-07-06 20:12:47,111] {processor.py:651} INFO - DAG(s) dict_keys(['example_python_operator']) retrieved from /home/airflow/.local/lib/python3.7/site-packages/airflow/example_dags/example_python_operator.py
[2022-07-06 20:12:47,148] {logging_mixin.py:115} INFO - [2022-07-06 20:12:47,148] {dag.py:2379} INFO - Sync 1 DAGs
[2022-07-06 20:12:47,182] {logging_mixin.py:115} INFO - [2022-07-06 20:12:47,182] {dag.py:2931} INFO - Setting next_dagrun for example_python_operator to None, run_after=None
[2022-07-06 20:12:47,215] {processor.py:161} INFO - Processing /home/airflow/.local/lib/python3.7/site-packages/airflow/example_dags/example_python_operator.py took 0.131 seconds
[2022-07-06 20:13:18,021] {processor.py:153} INFO - Started process (PID=1906) to work on /home/airflow/.local/lib/python3.7/site-packages/airflow/example_dags/example_python_operator.py
[2022-07-06 20:13:18,021] {processor.py:641} INFO - Processing file /home/airflow/.local/lib/python3.7/site-packages/airflow/example_dags/example_python_operator.py for tasks to queue
[2022-07-06 20:13:18,022] {logging_mixin.py:115} INFO - [2022-07-06 20:13:18,022] {dagbag.py:507} INFO - Filling up the DagBag from /home/airflow/.local/lib/python3.7/site-packages/airflow/example_dags/example_python_operator.py
[2022-07-06 20:13:18,055] {processor.py:651} INFO - DAG(s) dict_keys(['example_python_operator']) retrieved from /home/airflow/.local/lib/python3.7/site-packages/airflow/example_dags/example_python_operator.py
[2022-07-06 20:13:18,094] {logging_mixin.py:115} INFO - [2022-07-06 20:13:18,094] {dag.py:2379} INFO - Sync 1 DAGs
[2022-07-06 20:13:18,131] {logging_mixin.py:115} INFO - [2022-07-06 20:13:18,131] {dag.py:2931} INFO - Setting next_dagrun for example_python_operator to None, run_after=None
[2022-07-06 20:13:18,170] {processor.py:161} INFO - Processing /home/airflow/.local/lib/python3.7/site-packages/airflow/example_dags/example_python_operator.py took 0.154 seconds
[2022-07-06 20:14:45,798] {processor.py:153} INFO - Started process (PID=2010) to work on /home/airflow/.local/lib/python3.7/site-packages/airflow/example_dags/example_python_operator.py
[2022-07-06 20:14:45,817] {processor.py:641} INFO - Processing file /home/airflow/.local/lib/python3.7/site-packages/airflow/example_dags/example_python_operator.py for tasks to queue
[2022-07-06 20:14:45,818] {logging_mixin.py:115} INFO - [2022-07-06 20:14:45,818] {dagbag.py:507} INFO - Filling up the DagBag from /home/airflow/.local/lib/python3.7/site-packages/airflow/example_dags/example_python_operator.py
[2022-07-06 20:14:45,866] {processor.py:651} INFO - DAG(s) dict_keys(['example_python_operator']) retrieved from /home/airflow/.local/lib/python3.7/site-packages/airflow/example_dags/example_python_operator.py
[2022-07-06 20:14:45,902] {logging_mixin.py:115} INFO - [2022-07-06 20:14:45,902] {dag.py:2379} INFO - Sync 1 DAGs
[2022-07-06 20:14:45,944] {logging_mixin.py:115} INFO - [2022-07-06 20:14:45,944] {dag.py:2931} INFO - Setting next_dagrun for example_python_operator to None, run_after=None
[2022-07-06 20:14:46,214] {processor.py:161} INFO - Processing /home/airflow/.local/lib/python3.7/site-packages/airflow/example_dags/example_python_operator.py took 0.419 seconds
[2022-07-06 20:15:24,041] {processor.py:153} INFO - Started process (PID=2070) to work on /home/airflow/.local/lib/python3.7/site-packages/airflow/example_dags/example_python_operator.py
[2022-07-06 20:15:24,076] {processor.py:641} INFO - Processing file /home/airflow/.local/lib/python3.7/site-packages/airflow/example_dags/example_python_operator.py for tasks to queue
[2022-07-06 20:15:24,078] {logging_mixin.py:115} INFO - [2022-07-06 20:15:24,077] {dagbag.py:507} INFO - Filling up the DagBag from /home/airflow/.local/lib/python3.7/site-packages/airflow/example_dags/example_python_operator.py
[2022-07-06 20:15:24,123] {processor.py:651} INFO - DAG(s) dict_keys(['example_python_operator']) retrieved from /home/airflow/.local/lib/python3.7/site-packages/airflow/example_dags/example_python_operator.py
[2022-07-06 20:15:24,194] {logging_mixin.py:115} INFO - [2022-07-06 20:15:24,194] {dag.py:2379} INFO - Sync 1 DAGs
[2022-07-06 20:15:24,224] {logging_mixin.py:115} INFO - [2022-07-06 20:15:24,224] {dag.py:2931} INFO - Setting next_dagrun for example_python_operator to None, run_after=None
[2022-07-06 20:15:24,303] {processor.py:161} INFO - Processing /home/airflow/.local/lib/python3.7/site-packages/airflow/example_dags/example_python_operator.py took 0.274 seconds
[2022-07-06 20:16:13,444] {processor.py:153} INFO - Started process (PID=2142) to work on /home/airflow/.local/lib/python3.7/site-packages/airflow/example_dags/example_python_operator.py
[2022-07-06 20:16:13,445] {processor.py:641} INFO - Processing file /home/airflow/.local/lib/python3.7/site-packages/airflow/example_dags/example_python_operator.py for tasks to queue
[2022-07-06 20:16:13,446] {logging_mixin.py:115} INFO - [2022-07-06 20:16:13,446] {dagbag.py:507} INFO - Filling up the DagBag from /home/airflow/.local/lib/python3.7/site-packages/airflow/example_dags/example_python_operator.py
[2022-07-06 20:16:13,478] {processor.py:651} INFO - DAG(s) dict_keys(['example_python_operator']) retrieved from /home/airflow/.local/lib/python3.7/site-packages/airflow/example_dags/example_python_operator.py
[2022-07-06 20:16:13,516] {logging_mixin.py:115} INFO - [2022-07-06 20:16:13,516] {dag.py:2379} INFO - Sync 1 DAGs
[2022-07-06 20:16:13,550] {logging_mixin.py:115} INFO - [2022-07-06 20:16:13,550] {dag.py:2931} INFO - Setting next_dagrun for example_python_operator to None, run_after=None
[2022-07-06 20:16:13,588] {processor.py:161} INFO - Processing /home/airflow/.local/lib/python3.7/site-packages/airflow/example_dags/example_python_operator.py took 0.150 seconds
[2022-07-06 20:16:44,295] {processor.py:153} INFO - Started process (PID=2192) to work on /home/airflow/.local/lib/python3.7/site-packages/airflow/example_dags/example_python_operator.py
[2022-07-06 20:16:44,296] {processor.py:641} INFO - Processing file /home/airflow/.local/lib/python3.7/site-packages/airflow/example_dags/example_python_operator.py for tasks to queue
[2022-07-06 20:16:44,298] {logging_mixin.py:115} INFO - [2022-07-06 20:16:44,297] {dagbag.py:507} INFO - Filling up the DagBag from /home/airflow/.local/lib/python3.7/site-packages/airflow/example_dags/example_python_operator.py
[2022-07-06 20:16:44,337] {processor.py:651} INFO - DAG(s) dict_keys(['example_python_operator']) retrieved from /home/airflow/.local/lib/python3.7/site-packages/airflow/example_dags/example_python_operator.py
[2022-07-06 20:16:44,388] {logging_mixin.py:115} INFO - [2022-07-06 20:16:44,388] {dag.py:2379} INFO - Sync 1 DAGs
[2022-07-06 20:16:44,435] {logging_mixin.py:115} INFO - [2022-07-06 20:16:44,435] {dag.py:2931} INFO - Setting next_dagrun for example_python_operator to None, run_after=None
[2022-07-06 20:16:44,473] {processor.py:161} INFO - Processing /home/airflow/.local/lib/python3.7/site-packages/airflow/example_dags/example_python_operator.py took 0.184 seconds
[2022-07-06 20:17:15,255] {processor.py:153} INFO - Started process (PID=2253) to work on /home/airflow/.local/lib/python3.7/site-packages/airflow/example_dags/example_python_operator.py
[2022-07-06 20:17:15,256] {processor.py:641} INFO - Processing file /home/airflow/.local/lib/python3.7/site-packages/airflow/example_dags/example_python_operator.py for tasks to queue
[2022-07-06 20:17:15,256] {logging_mixin.py:115} INFO - [2022-07-06 20:17:15,256] {dagbag.py:507} INFO - Filling up the DagBag from /home/airflow/.local/lib/python3.7/site-packages/airflow/example_dags/example_python_operator.py
[2022-07-06 20:17:15,296] {processor.py:651} INFO - DAG(s) dict_keys(['example_python_operator']) retrieved from /home/airflow/.local/lib/python3.7/site-packages/airflow/example_dags/example_python_operator.py
[2022-07-06 20:17:15,347] {logging_mixin.py:115} INFO - [2022-07-06 20:17:15,346] {dag.py:2379} INFO - Sync 1 DAGs
[2022-07-06 20:17:15,400] {logging_mixin.py:115} INFO - [2022-07-06 20:17:15,400] {dag.py:2931} INFO - Setting next_dagrun for example_python_operator to None, run_after=None
[2022-07-06 20:17:15,452] {processor.py:161} INFO - Processing /home/airflow/.local/lib/python3.7/site-packages/airflow/example_dags/example_python_operator.py took 0.202 seconds
[2022-07-06 20:17:46,444] {processor.py:153} INFO - Started process (PID=2307) to work on /home/airflow/.local/lib/python3.7/site-packages/airflow/example_dags/example_python_operator.py
[2022-07-06 20:17:46,445] {processor.py:641} INFO - Processing file /home/airflow/.local/lib/python3.7/site-packages/airflow/example_dags/example_python_operator.py for tasks to queue
[2022-07-06 20:17:46,445] {logging_mixin.py:115} INFO - [2022-07-06 20:17:46,445] {dagbag.py:507} INFO - Filling up the DagBag from /home/airflow/.local/lib/python3.7/site-packages/airflow/example_dags/example_python_operator.py
[2022-07-06 20:17:46,473] {processor.py:651} INFO - DAG(s) dict_keys(['example_python_operator']) retrieved from /home/airflow/.local/lib/python3.7/site-packages/airflow/example_dags/example_python_operator.py
[2022-07-06 20:17:46,512] {logging_mixin.py:115} INFO - [2022-07-06 20:17:46,512] {dag.py:2379} INFO - Sync 1 DAGs
[2022-07-06 20:17:46,551] {logging_mixin.py:115} INFO - [2022-07-06 20:17:46,550] {dag.py:2931} INFO - Setting next_dagrun for example_python_operator to None, run_after=None
[2022-07-06 20:17:46,607] {processor.py:161} INFO - Processing /home/airflow/.local/lib/python3.7/site-packages/airflow/example_dags/example_python_operator.py took 0.167 seconds
[2022-07-06 20:18:17,757] {processor.py:153} INFO - Started process (PID=2371) to work on /home/airflow/.local/lib/python3.7/site-packages/airflow/example_dags/example_python_operator.py
[2022-07-06 20:18:17,757] {processor.py:641} INFO - Processing file /home/airflow/.local/lib/python3.7/site-packages/airflow/example_dags/example_python_operator.py for tasks to queue
[2022-07-06 20:18:17,758] {logging_mixin.py:115} INFO - [2022-07-06 20:18:17,758] {dagbag.py:507} INFO - Filling up the DagBag from /home/airflow/.local/lib/python3.7/site-packages/airflow/example_dags/example_python_operator.py
[2022-07-06 20:18:17,790] {processor.py:651} INFO - DAG(s) dict_keys(['example_python_operator']) retrieved from /home/airflow/.local/lib/python3.7/site-packages/airflow/example_dags/example_python_operator.py
[2022-07-06 20:18:17,831] {logging_mixin.py:115} INFO - [2022-07-06 20:18:17,831] {dag.py:2379} INFO - Sync 1 DAGs
[2022-07-06 20:18:17,875] {logging_mixin.py:115} INFO - [2022-07-06 20:18:17,875] {dag.py:2931} INFO - Setting next_dagrun for example_python_operator to None, run_after=None
[2022-07-06 20:18:17,911] {processor.py:161} INFO - Processing /home/airflow/.local/lib/python3.7/site-packages/airflow/example_dags/example_python_operator.py took 0.160 seconds
[2022-07-06 20:18:48,654] {processor.py:153} INFO - Started process (PID=2425) to work on /home/airflow/.local/lib/python3.7/site-packages/airflow/example_dags/example_python_operator.py
[2022-07-06 20:18:48,655] {processor.py:641} INFO - Processing file /home/airflow/.local/lib/python3.7/site-packages/airflow/example_dags/example_python_operator.py for tasks to queue
[2022-07-06 20:18:48,656] {logging_mixin.py:115} INFO - [2022-07-06 20:18:48,656] {dagbag.py:507} INFO - Filling up the DagBag from /home/airflow/.local/lib/python3.7/site-packages/airflow/example_dags/example_python_operator.py
[2022-07-06 20:18:48,683] {processor.py:651} INFO - DAG(s) dict_keys(['example_python_operator']) retrieved from /home/airflow/.local/lib/python3.7/site-packages/airflow/example_dags/example_python_operator.py
[2022-07-06 20:18:48,720] {logging_mixin.py:115} INFO - [2022-07-06 20:18:48,720] {dag.py:2379} INFO - Sync 1 DAGs
[2022-07-06 20:18:48,761] {logging_mixin.py:115} INFO - [2022-07-06 20:18:48,760] {dag.py:2931} INFO - Setting next_dagrun for example_python_operator to None, run_after=None
[2022-07-06 20:18:48,805] {processor.py:161} INFO - Processing /home/airflow/.local/lib/python3.7/site-packages/airflow/example_dags/example_python_operator.py took 0.155 seconds
[2022-07-06 20:19:19,928] {processor.py:153} INFO - Started process (PID=2488) to work on /home/airflow/.local/lib/python3.7/site-packages/airflow/example_dags/example_python_operator.py
[2022-07-06 20:19:19,942] {processor.py:641} INFO - Processing file /home/airflow/.local/lib/python3.7/site-packages/airflow/example_dags/example_python_operator.py for tasks to queue
[2022-07-06 20:19:19,943] {logging_mixin.py:115} INFO - [2022-07-06 20:19:19,942] {dagbag.py:507} INFO - Filling up the DagBag from /home/airflow/.local/lib/python3.7/site-packages/airflow/example_dags/example_python_operator.py
[2022-07-06 20:19:19,975] {processor.py:651} INFO - DAG(s) dict_keys(['example_python_operator']) retrieved from /home/airflow/.local/lib/python3.7/site-packages/airflow/example_dags/example_python_operator.py
[2022-07-06 20:19:20,030] {logging_mixin.py:115} INFO - [2022-07-06 20:19:20,030] {dag.py:2379} INFO - Sync 1 DAGs
[2022-07-06 20:19:20,087] {logging_mixin.py:115} INFO - [2022-07-06 20:19:20,087] {dag.py:2931} INFO - Setting next_dagrun for example_python_operator to None, run_after=None
[2022-07-06 20:19:20,123] {processor.py:161} INFO - Processing /home/airflow/.local/lib/python3.7/site-packages/airflow/example_dags/example_python_operator.py took 0.200 seconds
[2022-07-06 20:19:51,351] {processor.py:153} INFO - Started process (PID=2541) to work on /home/airflow/.local/lib/python3.7/site-packages/airflow/example_dags/example_python_operator.py
[2022-07-06 20:19:51,351] {processor.py:641} INFO - Processing file /home/airflow/.local/lib/python3.7/site-packages/airflow/example_dags/example_python_operator.py for tasks to queue
[2022-07-06 20:19:51,352] {logging_mixin.py:115} INFO - [2022-07-06 20:19:51,352] {dagbag.py:507} INFO - Filling up the DagBag from /home/airflow/.local/lib/python3.7/site-packages/airflow/example_dags/example_python_operator.py
[2022-07-06 20:19:51,382] {processor.py:651} INFO - DAG(s) dict_keys(['example_python_operator']) retrieved from /home/airflow/.local/lib/python3.7/site-packages/airflow/example_dags/example_python_operator.py
[2022-07-06 20:19:51,428] {logging_mixin.py:115} INFO - [2022-07-06 20:19:51,428] {dag.py:2379} INFO - Sync 1 DAGs
[2022-07-06 20:19:51,486] {logging_mixin.py:115} INFO - [2022-07-06 20:19:51,486] {dag.py:2931} INFO - Setting next_dagrun for example_python_operator to None, run_after=None
[2022-07-06 20:19:51,529] {processor.py:161} INFO - Processing /home/airflow/.local/lib/python3.7/site-packages/airflow/example_dags/example_python_operator.py took 0.182 seconds
[2022-07-06 20:20:25,325] {processor.py:153} INFO - Started process (PID=2602) to work on /home/airflow/.local/lib/python3.7/site-packages/airflow/example_dags/example_python_operator.py
[2022-07-06 20:20:25,326] {processor.py:641} INFO - Processing file /home/airflow/.local/lib/python3.7/site-packages/airflow/example_dags/example_python_operator.py for tasks to queue
[2022-07-06 20:20:25,327] {logging_mixin.py:115} INFO - [2022-07-06 20:20:25,327] {dagbag.py:507} INFO - Filling up the DagBag from /home/airflow/.local/lib/python3.7/site-packages/airflow/example_dags/example_python_operator.py
[2022-07-06 20:20:25,368] {processor.py:651} INFO - DAG(s) dict_keys(['example_python_operator']) retrieved from /home/airflow/.local/lib/python3.7/site-packages/airflow/example_dags/example_python_operator.py
[2022-07-06 20:20:25,423] {logging_mixin.py:115} INFO - [2022-07-06 20:20:25,423] {dag.py:2379} INFO - Sync 1 DAGs
[2022-07-06 20:20:25,469] {logging_mixin.py:115} INFO - [2022-07-06 20:20:25,469] {dag.py:2931} INFO - Setting next_dagrun for example_python_operator to None, run_after=None
[2022-07-06 20:20:25,505] {processor.py:161} INFO - Processing /home/airflow/.local/lib/python3.7/site-packages/airflow/example_dags/example_python_operator.py took 0.196 seconds
[2022-07-06 20:20:56,105] {processor.py:153} INFO - Started process (PID=2655) to work on /home/airflow/.local/lib/python3.7/site-packages/airflow/example_dags/example_python_operator.py
[2022-07-06 20:20:56,106] {processor.py:641} INFO - Processing file /home/airflow/.local/lib/python3.7/site-packages/airflow/example_dags/example_python_operator.py for tasks to queue
[2022-07-06 20:20:56,107] {logging_mixin.py:115} INFO - [2022-07-06 20:20:56,107] {dagbag.py:507} INFO - Filling up the DagBag from /home/airflow/.local/lib/python3.7/site-packages/airflow/example_dags/example_python_operator.py
[2022-07-06 20:20:56,135] {processor.py:651} INFO - DAG(s) dict_keys(['example_python_operator']) retrieved from /home/airflow/.local/lib/python3.7/site-packages/airflow/example_dags/example_python_operator.py
[2022-07-06 20:20:56,170] {logging_mixin.py:115} INFO - [2022-07-06 20:20:56,170] {dag.py:2379} INFO - Sync 1 DAGs
[2022-07-06 20:20:56,202] {logging_mixin.py:115} INFO - [2022-07-06 20:20:56,202] {dag.py:2931} INFO - Setting next_dagrun for example_python_operator to None, run_after=None
[2022-07-06 20:20:56,232] {processor.py:161} INFO - Processing /home/airflow/.local/lib/python3.7/site-packages/airflow/example_dags/example_python_operator.py took 0.130 seconds
[2022-07-06 20:21:27,212] {processor.py:153} INFO - Started process (PID=2707) to work on /home/airflow/.local/lib/python3.7/site-packages/airflow/example_dags/example_python_operator.py
[2022-07-06 20:21:27,213] {processor.py:641} INFO - Processing file /home/airflow/.local/lib/python3.7/site-packages/airflow/example_dags/example_python_operator.py for tasks to queue
[2022-07-06 20:21:27,214] {logging_mixin.py:115} INFO - [2022-07-06 20:21:27,214] {dagbag.py:507} INFO - Filling up the DagBag from /home/airflow/.local/lib/python3.7/site-packages/airflow/example_dags/example_python_operator.py
[2022-07-06 20:21:27,240] {processor.py:651} INFO - DAG(s) dict_keys(['example_python_operator']) retrieved from /home/airflow/.local/lib/python3.7/site-packages/airflow/example_dags/example_python_operator.py
[2022-07-06 20:21:27,274] {logging_mixin.py:115} INFO - [2022-07-06 20:21:27,273] {dag.py:2379} INFO - Sync 1 DAGs
[2022-07-06 20:21:27,303] {logging_mixin.py:115} INFO - [2022-07-06 20:21:27,303] {dag.py:2931} INFO - Setting next_dagrun for example_python_operator to None, run_after=None
[2022-07-06 20:21:27,328] {processor.py:161} INFO - Processing /home/airflow/.local/lib/python3.7/site-packages/airflow/example_dags/example_python_operator.py took 0.120 seconds
[2022-07-06 20:21:58,639] {processor.py:153} INFO - Started process (PID=2766) to work on /home/airflow/.local/lib/python3.7/site-packages/airflow/example_dags/example_python_operator.py
[2022-07-06 20:21:58,640] {processor.py:641} INFO - Processing file /home/airflow/.local/lib/python3.7/site-packages/airflow/example_dags/example_python_operator.py for tasks to queue
[2022-07-06 20:21:58,641] {logging_mixin.py:115} INFO - [2022-07-06 20:21:58,641] {dagbag.py:507} INFO - Filling up the DagBag from /home/airflow/.local/lib/python3.7/site-packages/airflow/example_dags/example_python_operator.py
[2022-07-06 20:21:58,676] {processor.py:651} INFO - DAG(s) dict_keys(['example_python_operator']) retrieved from /home/airflow/.local/lib/python3.7/site-packages/airflow/example_dags/example_python_operator.py
[2022-07-06 20:21:58,720] {logging_mixin.py:115} INFO - [2022-07-06 20:21:58,720] {dag.py:2379} INFO - Sync 1 DAGs
[2022-07-06 20:21:58,763] {logging_mixin.py:115} INFO - [2022-07-06 20:21:58,763] {dag.py:2931} INFO - Setting next_dagrun for example_python_operator to None, run_after=None
[2022-07-06 20:21:58,800] {processor.py:161} INFO - Processing /home/airflow/.local/lib/python3.7/site-packages/airflow/example_dags/example_python_operator.py took 0.166 seconds
[2022-07-06 20:22:36,580] {processor.py:153} INFO - Started process (PID=2818) to work on /home/airflow/.local/lib/python3.7/site-packages/airflow/example_dags/example_python_operator.py
[2022-07-06 20:22:36,593] {processor.py:641} INFO - Processing file /home/airflow/.local/lib/python3.7/site-packages/airflow/example_dags/example_python_operator.py for tasks to queue
[2022-07-06 20:22:36,594] {logging_mixin.py:115} INFO - [2022-07-06 20:22:36,594] {dagbag.py:507} INFO - Filling up the DagBag from /home/airflow/.local/lib/python3.7/site-packages/airflow/example_dags/example_python_operator.py
[2022-07-06 20:22:36,621] {processor.py:651} INFO - DAG(s) dict_keys(['example_python_operator']) retrieved from /home/airflow/.local/lib/python3.7/site-packages/airflow/example_dags/example_python_operator.py
[2022-07-06 20:22:36,659] {logging_mixin.py:115} INFO - [2022-07-06 20:22:36,659] {dag.py:2379} INFO - Sync 1 DAGs
[2022-07-06 20:22:36,691] {logging_mixin.py:115} INFO - [2022-07-06 20:22:36,691] {dag.py:2931} INFO - Setting next_dagrun for example_python_operator to None, run_after=None
[2022-07-06 20:22:36,752] {processor.py:161} INFO - Processing /home/airflow/.local/lib/python3.7/site-packages/airflow/example_dags/example_python_operator.py took 0.176 seconds
[2022-07-06 20:23:08,261] {processor.py:153} INFO - Started process (PID=2876) to work on /home/airflow/.local/lib/python3.7/site-packages/airflow/example_dags/example_python_operator.py
[2022-07-06 20:23:08,263] {processor.py:641} INFO - Processing file /home/airflow/.local/lib/python3.7/site-packages/airflow/example_dags/example_python_operator.py for tasks to queue
[2022-07-06 20:23:08,264] {logging_mixin.py:115} INFO - [2022-07-06 20:23:08,264] {dagbag.py:507} INFO - Filling up the DagBag from /home/airflow/.local/lib/python3.7/site-packages/airflow/example_dags/example_python_operator.py
[2022-07-06 20:23:08,304] {processor.py:651} INFO - DAG(s) dict_keys(['example_python_operator']) retrieved from /home/airflow/.local/lib/python3.7/site-packages/airflow/example_dags/example_python_operator.py
[2022-07-06 20:23:08,359] {logging_mixin.py:115} INFO - [2022-07-06 20:23:08,359] {dag.py:2379} INFO - Sync 1 DAGs
[2022-07-06 20:23:08,404] {logging_mixin.py:115} INFO - [2022-07-06 20:23:08,404] {dag.py:2931} INFO - Setting next_dagrun for example_python_operator to None, run_after=None
[2022-07-06 20:23:08,433] {processor.py:161} INFO - Processing /home/airflow/.local/lib/python3.7/site-packages/airflow/example_dags/example_python_operator.py took 0.176 seconds
[2022-07-06 20:23:38,874] {processor.py:153} INFO - Started process (PID=2928) to work on /home/airflow/.local/lib/python3.7/site-packages/airflow/example_dags/example_python_operator.py
[2022-07-06 20:23:38,874] {processor.py:641} INFO - Processing file /home/airflow/.local/lib/python3.7/site-packages/airflow/example_dags/example_python_operator.py for tasks to queue
[2022-07-06 20:23:38,875] {logging_mixin.py:115} INFO - [2022-07-06 20:23:38,875] {dagbag.py:507} INFO - Filling up the DagBag from /home/airflow/.local/lib/python3.7/site-packages/airflow/example_dags/example_python_operator.py
[2022-07-06 20:23:38,919] {processor.py:651} INFO - DAG(s) dict_keys(['example_python_operator']) retrieved from /home/airflow/.local/lib/python3.7/site-packages/airflow/example_dags/example_python_operator.py
[2022-07-06 20:23:38,970] {logging_mixin.py:115} INFO - [2022-07-06 20:23:38,970] {dag.py:2379} INFO - Sync 1 DAGs
[2022-07-06 20:23:39,003] {logging_mixin.py:115} INFO - [2022-07-06 20:23:39,003] {dag.py:2931} INFO - Setting next_dagrun for example_python_operator to None, run_after=None
[2022-07-06 20:23:39,154] {processor.py:161} INFO - Processing /home/airflow/.local/lib/python3.7/site-packages/airflow/example_dags/example_python_operator.py took 0.286 seconds
[2022-07-06 20:24:10,231] {processor.py:153} INFO - Started process (PID=2980) to work on /home/airflow/.local/lib/python3.7/site-packages/airflow/example_dags/example_python_operator.py
[2022-07-06 20:24:10,264] {processor.py:641} INFO - Processing file /home/airflow/.local/lib/python3.7/site-packages/airflow/example_dags/example_python_operator.py for tasks to queue
[2022-07-06 20:24:10,265] {logging_mixin.py:115} INFO - [2022-07-06 20:24:10,264] {dagbag.py:507} INFO - Filling up the DagBag from /home/airflow/.local/lib/python3.7/site-packages/airflow/example_dags/example_python_operator.py
[2022-07-06 20:24:10,289] {processor.py:651} INFO - DAG(s) dict_keys(['example_python_operator']) retrieved from /home/airflow/.local/lib/python3.7/site-packages/airflow/example_dags/example_python_operator.py
[2022-07-06 20:24:10,322] {logging_mixin.py:115} INFO - [2022-07-06 20:24:10,322] {dag.py:2379} INFO - Sync 1 DAGs
[2022-07-06 20:24:10,359] {logging_mixin.py:115} INFO - [2022-07-06 20:24:10,358] {dag.py:2931} INFO - Setting next_dagrun for example_python_operator to None, run_after=None
[2022-07-06 20:24:10,390] {processor.py:161} INFO - Processing /home/airflow/.local/lib/python3.7/site-packages/airflow/example_dags/example_python_operator.py took 0.163 seconds
[2022-07-06 20:24:44,270] {processor.py:153} INFO - Started process (PID=3046) to work on /home/airflow/.local/lib/python3.7/site-packages/airflow/example_dags/example_python_operator.py
[2022-07-06 20:24:44,282] {processor.py:641} INFO - Processing file /home/airflow/.local/lib/python3.7/site-packages/airflow/example_dags/example_python_operator.py for tasks to queue
[2022-07-06 20:24:44,283] {logging_mixin.py:115} INFO - [2022-07-06 20:24:44,283] {dagbag.py:507} INFO - Filling up the DagBag from /home/airflow/.local/lib/python3.7/site-packages/airflow/example_dags/example_python_operator.py
[2022-07-06 20:24:44,323] {processor.py:651} INFO - DAG(s) dict_keys(['example_python_operator']) retrieved from /home/airflow/.local/lib/python3.7/site-packages/airflow/example_dags/example_python_operator.py
[2022-07-06 20:24:44,372] {logging_mixin.py:115} INFO - [2022-07-06 20:24:44,372] {dag.py:2379} INFO - Sync 1 DAGs
[2022-07-06 20:24:44,444] {logging_mixin.py:115} INFO - [2022-07-06 20:24:44,444] {dag.py:2931} INFO - Setting next_dagrun for example_python_operator to None, run_after=None
[2022-07-06 20:24:44,491] {processor.py:161} INFO - Processing /home/airflow/.local/lib/python3.7/site-packages/airflow/example_dags/example_python_operator.py took 0.226 seconds
[2022-07-06 20:25:14,624] {processor.py:153} INFO - Started process (PID=3099) to work on /home/airflow/.local/lib/python3.7/site-packages/airflow/example_dags/example_python_operator.py
[2022-07-06 20:25:14,625] {processor.py:641} INFO - Processing file /home/airflow/.local/lib/python3.7/site-packages/airflow/example_dags/example_python_operator.py for tasks to queue
[2022-07-06 20:25:14,626] {logging_mixin.py:115} INFO - [2022-07-06 20:25:14,626] {dagbag.py:507} INFO - Filling up the DagBag from /home/airflow/.local/lib/python3.7/site-packages/airflow/example_dags/example_python_operator.py
[2022-07-06 20:25:14,663] {processor.py:651} INFO - DAG(s) dict_keys(['example_python_operator']) retrieved from /home/airflow/.local/lib/python3.7/site-packages/airflow/example_dags/example_python_operator.py
[2022-07-06 20:25:14,698] {logging_mixin.py:115} INFO - [2022-07-06 20:25:14,697] {dag.py:2379} INFO - Sync 1 DAGs
[2022-07-06 20:25:14,726] {logging_mixin.py:115} INFO - [2022-07-06 20:25:14,726] {dag.py:2931} INFO - Setting next_dagrun for example_python_operator to None, run_after=None
[2022-07-06 20:25:14,760] {processor.py:161} INFO - Processing /home/airflow/.local/lib/python3.7/site-packages/airflow/example_dags/example_python_operator.py took 0.141 seconds
[2022-07-06 20:25:45,489] {processor.py:153} INFO - Started process (PID=3165) to work on /home/airflow/.local/lib/python3.7/site-packages/airflow/example_dags/example_python_operator.py
[2022-07-06 20:25:45,509] {processor.py:641} INFO - Processing file /home/airflow/.local/lib/python3.7/site-packages/airflow/example_dags/example_python_operator.py for tasks to queue
[2022-07-06 20:25:45,510] {logging_mixin.py:115} INFO - [2022-07-06 20:25:45,510] {dagbag.py:507} INFO - Filling up the DagBag from /home/airflow/.local/lib/python3.7/site-packages/airflow/example_dags/example_python_operator.py
[2022-07-06 20:25:45,559] {processor.py:651} INFO - DAG(s) dict_keys(['example_python_operator']) retrieved from /home/airflow/.local/lib/python3.7/site-packages/airflow/example_dags/example_python_operator.py
[2022-07-06 20:25:45,606] {logging_mixin.py:115} INFO - [2022-07-06 20:25:45,606] {dag.py:2379} INFO - Sync 1 DAGs
[2022-07-06 20:25:45,663] {logging_mixin.py:115} INFO - [2022-07-06 20:25:45,663] {dag.py:2931} INFO - Setting next_dagrun for example_python_operator to None, run_after=None
[2022-07-06 20:25:45,730] {processor.py:161} INFO - Processing /home/airflow/.local/lib/python3.7/site-packages/airflow/example_dags/example_python_operator.py took 0.245 seconds
[2022-07-06 20:26:19,284] {processor.py:153} INFO - Started process (PID=3218) to work on /home/airflow/.local/lib/python3.7/site-packages/airflow/example_dags/example_python_operator.py
[2022-07-06 20:26:19,288] {processor.py:641} INFO - Processing file /home/airflow/.local/lib/python3.7/site-packages/airflow/example_dags/example_python_operator.py for tasks to queue
[2022-07-06 20:26:19,290] {logging_mixin.py:115} INFO - [2022-07-06 20:26:19,289] {dagbag.py:507} INFO - Filling up the DagBag from /home/airflow/.local/lib/python3.7/site-packages/airflow/example_dags/example_python_operator.py
[2022-07-06 20:26:19,347] {processor.py:651} INFO - DAG(s) dict_keys(['example_python_operator']) retrieved from /home/airflow/.local/lib/python3.7/site-packages/airflow/example_dags/example_python_operator.py
[2022-07-06 20:26:19,406] {logging_mixin.py:115} INFO - [2022-07-06 20:26:19,406] {dag.py:2379} INFO - Sync 1 DAGs
[2022-07-06 20:26:19,459] {logging_mixin.py:115} INFO - [2022-07-06 20:26:19,459] {dag.py:2931} INFO - Setting next_dagrun for example_python_operator to None, run_after=None
[2022-07-06 20:26:19,495] {processor.py:161} INFO - Processing /home/airflow/.local/lib/python3.7/site-packages/airflow/example_dags/example_python_operator.py took 0.224 seconds
[2022-07-06 20:26:49,964] {processor.py:153} INFO - Started process (PID=3281) to work on /home/airflow/.local/lib/python3.7/site-packages/airflow/example_dags/example_python_operator.py
[2022-07-06 20:26:49,964] {processor.py:641} INFO - Processing file /home/airflow/.local/lib/python3.7/site-packages/airflow/example_dags/example_python_operator.py for tasks to queue
[2022-07-06 20:26:49,965] {logging_mixin.py:115} INFO - [2022-07-06 20:26:49,965] {dagbag.py:507} INFO - Filling up the DagBag from /home/airflow/.local/lib/python3.7/site-packages/airflow/example_dags/example_python_operator.py
[2022-07-06 20:26:49,990] {processor.py:651} INFO - DAG(s) dict_keys(['example_python_operator']) retrieved from /home/airflow/.local/lib/python3.7/site-packages/airflow/example_dags/example_python_operator.py
[2022-07-06 20:26:50,023] {logging_mixin.py:115} INFO - [2022-07-06 20:26:50,022] {dag.py:2379} INFO - Sync 1 DAGs
[2022-07-06 20:26:50,053] {logging_mixin.py:115} INFO - [2022-07-06 20:26:50,053] {dag.py:2931} INFO - Setting next_dagrun for example_python_operator to None, run_after=None
[2022-07-06 20:26:50,075] {processor.py:161} INFO - Processing /home/airflow/.local/lib/python3.7/site-packages/airflow/example_dags/example_python_operator.py took 0.115 seconds
