[2022-07-06 19:39:19,826] {processor.py:153} INFO - Started process (PID=157) to work on /home/airflow/.local/lib/python3.7/site-packages/airflow/example_dags/example_complex.py
[2022-07-06 19:39:19,827] {processor.py:641} INFO - Processing file /home/airflow/.local/lib/python3.7/site-packages/airflow/example_dags/example_complex.py for tasks to queue
[2022-07-06 19:39:19,827] {logging_mixin.py:115} INFO - [2022-07-06 19:39:19,827] {dagbag.py:507} INFO - Filling up the DagBag from /home/airflow/.local/lib/python3.7/site-packages/airflow/example_dags/example_complex.py
[2022-07-06 19:39:19,861] {processor.py:651} INFO - DAG(s) dict_keys(['example_complex']) retrieved from /home/airflow/.local/lib/python3.7/site-packages/airflow/example_dags/example_complex.py
[2022-07-06 19:39:20,493] {logging_mixin.py:115} INFO - [2022-07-06 19:39:20,490] {manager.py:508} INFO - Created Permission View: can delete on DAG:example_complex
[2022-07-06 19:39:21,681] {logging_mixin.py:115} INFO - [2022-07-06 19:39:21,680] {manager.py:508} INFO - Created Permission View: can edit on DAG:example_complex
[2022-07-06 19:39:22,160] {logging_mixin.py:115} INFO - [2022-07-06 19:39:22,160] {manager.py:508} INFO - Created Permission View: can read on DAG:example_complex
[2022-07-06 19:39:22,161] {logging_mixin.py:115} INFO - [2022-07-06 19:39:22,161] {dag.py:2379} INFO - Sync 1 DAGs
[2022-07-06 19:39:22,599] {logging_mixin.py:115} INFO - [2022-07-06 19:39:22,599] {dag.py:2398} INFO - Creating ORM DAG for example_complex
[2022-07-06 19:39:22,638] {logging_mixin.py:115} INFO - [2022-07-06 19:39:22,638] {dag.py:2931} INFO - Setting next_dagrun for example_complex to None, run_after=None
[2022-07-06 19:39:23,775] {processor.py:161} INFO - Processing /home/airflow/.local/lib/python3.7/site-packages/airflow/example_dags/example_complex.py took 3.954 seconds
[2022-07-06 19:39:54,680] {processor.py:153} INFO - Started process (PID=206) to work on /home/airflow/.local/lib/python3.7/site-packages/airflow/example_dags/example_complex.py
[2022-07-06 19:39:54,858] {processor.py:641} INFO - Processing file /home/airflow/.local/lib/python3.7/site-packages/airflow/example_dags/example_complex.py for tasks to queue
[2022-07-06 19:39:54,860] {logging_mixin.py:115} INFO - [2022-07-06 19:39:54,860] {dagbag.py:507} INFO - Filling up the DagBag from /home/airflow/.local/lib/python3.7/site-packages/airflow/example_dags/example_complex.py
[2022-07-06 19:39:54,902] {processor.py:651} INFO - DAG(s) dict_keys(['example_complex']) retrieved from /home/airflow/.local/lib/python3.7/site-packages/airflow/example_dags/example_complex.py
[2022-07-06 19:39:54,962] {logging_mixin.py:115} INFO - [2022-07-06 19:39:54,962] {dag.py:2379} INFO - Sync 1 DAGs
[2022-07-06 19:39:55,022] {logging_mixin.py:115} INFO - [2022-07-06 19:39:55,022] {dag.py:2931} INFO - Setting next_dagrun for example_complex to None, run_after=None
[2022-07-06 19:39:55,478] {processor.py:161} INFO - Processing /home/airflow/.local/lib/python3.7/site-packages/airflow/example_dags/example_complex.py took 0.803 seconds
[2022-07-06 19:40:26,260] {processor.py:153} INFO - Started process (PID=259) to work on /home/airflow/.local/lib/python3.7/site-packages/airflow/example_dags/example_complex.py
[2022-07-06 19:40:26,362] {processor.py:641} INFO - Processing file /home/airflow/.local/lib/python3.7/site-packages/airflow/example_dags/example_complex.py for tasks to queue
[2022-07-06 19:40:26,377] {logging_mixin.py:115} INFO - [2022-07-06 19:40:26,377] {dagbag.py:507} INFO - Filling up the DagBag from /home/airflow/.local/lib/python3.7/site-packages/airflow/example_dags/example_complex.py
[2022-07-06 19:40:26,409] {processor.py:651} INFO - DAG(s) dict_keys(['example_complex']) retrieved from /home/airflow/.local/lib/python3.7/site-packages/airflow/example_dags/example_complex.py
[2022-07-06 19:40:26,451] {logging_mixin.py:115} INFO - [2022-07-06 19:40:26,450] {dag.py:2379} INFO - Sync 1 DAGs
[2022-07-06 19:40:26,475] {logging_mixin.py:115} INFO - [2022-07-06 19:40:26,475] {dag.py:2931} INFO - Setting next_dagrun for example_complex to None, run_after=None
[2022-07-06 19:40:26,624] {processor.py:161} INFO - Processing /home/airflow/.local/lib/python3.7/site-packages/airflow/example_dags/example_complex.py took 0.376 seconds
[2022-07-06 19:40:56,964] {processor.py:153} INFO - Started process (PID=321) to work on /home/airflow/.local/lib/python3.7/site-packages/airflow/example_dags/example_complex.py
[2022-07-06 19:40:56,965] {processor.py:641} INFO - Processing file /home/airflow/.local/lib/python3.7/site-packages/airflow/example_dags/example_complex.py for tasks to queue
[2022-07-06 19:40:56,966] {logging_mixin.py:115} INFO - [2022-07-06 19:40:56,966] {dagbag.py:507} INFO - Filling up the DagBag from /home/airflow/.local/lib/python3.7/site-packages/airflow/example_dags/example_complex.py
[2022-07-06 19:40:56,988] {processor.py:651} INFO - DAG(s) dict_keys(['example_complex']) retrieved from /home/airflow/.local/lib/python3.7/site-packages/airflow/example_dags/example_complex.py
[2022-07-06 19:40:57,024] {logging_mixin.py:115} INFO - [2022-07-06 19:40:57,024] {dag.py:2379} INFO - Sync 1 DAGs
[2022-07-06 19:40:57,047] {logging_mixin.py:115} INFO - [2022-07-06 19:40:57,047] {dag.py:2931} INFO - Setting next_dagrun for example_complex to None, run_after=None
[2022-07-06 19:40:57,082] {processor.py:161} INFO - Processing /home/airflow/.local/lib/python3.7/site-packages/airflow/example_dags/example_complex.py took 0.121 seconds
[2022-07-06 19:41:27,458] {processor.py:153} INFO - Started process (PID=372) to work on /home/airflow/.local/lib/python3.7/site-packages/airflow/example_dags/example_complex.py
[2022-07-06 19:41:27,534] {processor.py:641} INFO - Processing file /home/airflow/.local/lib/python3.7/site-packages/airflow/example_dags/example_complex.py for tasks to queue
[2022-07-06 19:41:27,535] {logging_mixin.py:115} INFO - [2022-07-06 19:41:27,535] {dagbag.py:507} INFO - Filling up the DagBag from /home/airflow/.local/lib/python3.7/site-packages/airflow/example_dags/example_complex.py
[2022-07-06 19:41:28,683] {processor.py:651} INFO - DAG(s) dict_keys(['example_complex']) retrieved from /home/airflow/.local/lib/python3.7/site-packages/airflow/example_dags/example_complex.py
[2022-07-06 19:41:28,721] {logging_mixin.py:115} INFO - [2022-07-06 19:41:28,721] {dag.py:2379} INFO - Sync 1 DAGs
[2022-07-06 19:41:28,747] {logging_mixin.py:115} INFO - [2022-07-06 19:41:28,747] {dag.py:2931} INFO - Setting next_dagrun for example_complex to None, run_after=None
[2022-07-06 19:41:28,954] {processor.py:161} INFO - Processing /home/airflow/.local/lib/python3.7/site-packages/airflow/example_dags/example_complex.py took 1.505 seconds
[2022-07-06 19:43:13,594] {processor.py:153} INFO - Started process (PID=412) to work on /home/airflow/.local/lib/python3.7/site-packages/airflow/example_dags/example_complex.py
[2022-07-06 19:43:14,104] {processor.py:641} INFO - Processing file /home/airflow/.local/lib/python3.7/site-packages/airflow/example_dags/example_complex.py for tasks to queue
[2022-07-06 19:43:14,106] {logging_mixin.py:115} INFO - [2022-07-06 19:43:14,106] {dagbag.py:507} INFO - Filling up the DagBag from /home/airflow/.local/lib/python3.7/site-packages/airflow/example_dags/example_complex.py
[2022-07-06 19:43:17,798] {processor.py:651} INFO - DAG(s) dict_keys(['example_complex']) retrieved from /home/airflow/.local/lib/python3.7/site-packages/airflow/example_dags/example_complex.py
[2022-07-06 19:43:50,053] {logging_mixin.py:115} INFO - [2022-07-06 19:43:50,053] {dag.py:2379} INFO - Sync 1 DAGs
[2022-07-06 19:43:51,288] {logging_mixin.py:115} INFO - [2022-07-06 19:43:51,288] {dag.py:2931} INFO - Setting next_dagrun for example_complex to None, run_after=None
[2022-07-06 19:43:52,815] {processor.py:161} INFO - Processing /home/airflow/.local/lib/python3.7/site-packages/airflow/example_dags/example_complex.py took 39.230 seconds
[2022-07-06 19:54:39,699] {processor.py:153} INFO - Started process (PID=140) to work on /home/airflow/.local/lib/python3.7/site-packages/airflow/example_dags/example_complex.py
[2022-07-06 19:54:39,785] {processor.py:641} INFO - Processing file /home/airflow/.local/lib/python3.7/site-packages/airflow/example_dags/example_complex.py for tasks to queue
[2022-07-06 19:54:39,915] {logging_mixin.py:115} INFO - [2022-07-06 19:54:39,915] {dagbag.py:507} INFO - Filling up the DagBag from /home/airflow/.local/lib/python3.7/site-packages/airflow/example_dags/example_complex.py
[2022-07-06 19:54:39,944] {processor.py:651} INFO - DAG(s) dict_keys(['example_complex']) retrieved from /home/airflow/.local/lib/python3.7/site-packages/airflow/example_dags/example_complex.py
[2022-07-06 19:54:39,985] {logging_mixin.py:115} INFO - [2022-07-06 19:54:39,985] {dag.py:2379} INFO - Sync 1 DAGs
[2022-07-06 19:54:40,013] {logging_mixin.py:115} INFO - [2022-07-06 19:54:40,013] {dag.py:2931} INFO - Setting next_dagrun for example_complex to None, run_after=None
[2022-07-06 19:54:40,247] {processor.py:161} INFO - Processing /home/airflow/.local/lib/python3.7/site-packages/airflow/example_dags/example_complex.py took 0.557 seconds
[2022-07-06 19:55:35,060] {processor.py:153} INFO - Started process (PID=202) to work on /home/airflow/.local/lib/python3.7/site-packages/airflow/example_dags/example_complex.py
[2022-07-06 19:55:35,373] {processor.py:641} INFO - Processing file /home/airflow/.local/lib/python3.7/site-packages/airflow/example_dags/example_complex.py for tasks to queue
[2022-07-06 19:55:35,569] {logging_mixin.py:115} INFO - [2022-07-06 19:55:35,569] {dagbag.py:507} INFO - Filling up the DagBag from /home/airflow/.local/lib/python3.7/site-packages/airflow/example_dags/example_complex.py
[2022-07-06 19:55:35,888] {processor.py:651} INFO - DAG(s) dict_keys(['example_complex']) retrieved from /home/airflow/.local/lib/python3.7/site-packages/airflow/example_dags/example_complex.py
[2022-07-06 19:55:35,946] {logging_mixin.py:115} INFO - [2022-07-06 19:55:35,946] {dag.py:2379} INFO - Sync 1 DAGs
[2022-07-06 19:55:35,973] {logging_mixin.py:115} INFO - [2022-07-06 19:55:35,973] {dag.py:2931} INFO - Setting next_dagrun for example_complex to None, run_after=None
[2022-07-06 19:55:36,939] {processor.py:161} INFO - Processing /home/airflow/.local/lib/python3.7/site-packages/airflow/example_dags/example_complex.py took 1.885 seconds
[2022-07-06 19:58:13,452] {processor.py:153} INFO - Started process (PID=347) to work on /home/airflow/.local/lib/python3.7/site-packages/airflow/example_dags/example_complex.py
[2022-07-06 19:58:13,695] {processor.py:641} INFO - Processing file /home/airflow/.local/lib/python3.7/site-packages/airflow/example_dags/example_complex.py for tasks to queue
[2022-07-06 19:58:13,696] {logging_mixin.py:115} INFO - [2022-07-06 19:58:13,696] {dagbag.py:507} INFO - Filling up the DagBag from /home/airflow/.local/lib/python3.7/site-packages/airflow/example_dags/example_complex.py
[2022-07-06 19:58:13,719] {processor.py:651} INFO - DAG(s) dict_keys(['example_complex']) retrieved from /home/airflow/.local/lib/python3.7/site-packages/airflow/example_dags/example_complex.py
[2022-07-06 19:58:13,757] {logging_mixin.py:115} INFO - [2022-07-06 19:58:13,757] {dag.py:2379} INFO - Sync 1 DAGs
[2022-07-06 19:58:13,788] {logging_mixin.py:115} INFO - [2022-07-06 19:58:13,788] {dag.py:2931} INFO - Setting next_dagrun for example_complex to None, run_after=None
[2022-07-06 19:58:13,911] {processor.py:161} INFO - Processing /home/airflow/.local/lib/python3.7/site-packages/airflow/example_dags/example_complex.py took 0.464 seconds
[2022-07-06 19:58:44,649] {processor.py:153} INFO - Started process (PID=399) to work on /home/airflow/.local/lib/python3.7/site-packages/airflow/example_dags/example_complex.py
[2022-07-06 19:58:44,725] {processor.py:641} INFO - Processing file /home/airflow/.local/lib/python3.7/site-packages/airflow/example_dags/example_complex.py for tasks to queue
[2022-07-06 19:58:44,726] {logging_mixin.py:115} INFO - [2022-07-06 19:58:44,725] {dagbag.py:507} INFO - Filling up the DagBag from /home/airflow/.local/lib/python3.7/site-packages/airflow/example_dags/example_complex.py
[2022-07-06 19:58:44,755] {processor.py:651} INFO - DAG(s) dict_keys(['example_complex']) retrieved from /home/airflow/.local/lib/python3.7/site-packages/airflow/example_dags/example_complex.py
[2022-07-06 19:58:44,795] {logging_mixin.py:115} INFO - [2022-07-06 19:58:44,795] {dag.py:2379} INFO - Sync 1 DAGs
[2022-07-06 19:58:44,822] {logging_mixin.py:115} INFO - [2022-07-06 19:58:44,822] {dag.py:2931} INFO - Setting next_dagrun for example_complex to None, run_after=None
[2022-07-06 19:58:45,247] {processor.py:161} INFO - Processing /home/airflow/.local/lib/python3.7/site-packages/airflow/example_dags/example_complex.py took 0.605 seconds
[2022-07-06 19:59:29,742] {processor.py:153} INFO - Started process (PID=460) to work on /home/airflow/.local/lib/python3.7/site-packages/airflow/example_dags/example_complex.py
[2022-07-06 19:59:29,877] {processor.py:641} INFO - Processing file /home/airflow/.local/lib/python3.7/site-packages/airflow/example_dags/example_complex.py for tasks to queue
[2022-07-06 19:59:29,877] {logging_mixin.py:115} INFO - [2022-07-06 19:59:29,877] {dagbag.py:507} INFO - Filling up the DagBag from /home/airflow/.local/lib/python3.7/site-packages/airflow/example_dags/example_complex.py
[2022-07-06 19:59:30,132] {processor.py:651} INFO - DAG(s) dict_keys(['example_complex']) retrieved from /home/airflow/.local/lib/python3.7/site-packages/airflow/example_dags/example_complex.py
[2022-07-06 19:59:30,300] {logging_mixin.py:115} INFO - [2022-07-06 19:59:30,300] {dag.py:2379} INFO - Sync 1 DAGs
[2022-07-06 19:59:30,330] {logging_mixin.py:115} INFO - [2022-07-06 19:59:30,330] {dag.py:2931} INFO - Setting next_dagrun for example_complex to None, run_after=None
[2022-07-06 19:59:30,647] {processor.py:161} INFO - Processing /home/airflow/.local/lib/python3.7/site-packages/airflow/example_dags/example_complex.py took 0.909 seconds
[2022-07-06 20:00:02,351] {processor.py:153} INFO - Started process (PID=513) to work on /home/airflow/.local/lib/python3.7/site-packages/airflow/example_dags/example_complex.py
[2022-07-06 20:00:02,389] {processor.py:641} INFO - Processing file /home/airflow/.local/lib/python3.7/site-packages/airflow/example_dags/example_complex.py for tasks to queue
[2022-07-06 20:00:02,390] {logging_mixin.py:115} INFO - [2022-07-06 20:00:02,390] {dagbag.py:507} INFO - Filling up the DagBag from /home/airflow/.local/lib/python3.7/site-packages/airflow/example_dags/example_complex.py
[2022-07-06 20:00:02,408] {processor.py:651} INFO - DAG(s) dict_keys(['example_complex']) retrieved from /home/airflow/.local/lib/python3.7/site-packages/airflow/example_dags/example_complex.py
[2022-07-06 20:00:02,449] {logging_mixin.py:115} INFO - [2022-07-06 20:00:02,449] {dag.py:2379} INFO - Sync 1 DAGs
[2022-07-06 20:00:02,487] {logging_mixin.py:115} INFO - [2022-07-06 20:00:02,487] {dag.py:2931} INFO - Setting next_dagrun for example_complex to None, run_after=None
[2022-07-06 20:00:02,532] {processor.py:161} INFO - Processing /home/airflow/.local/lib/python3.7/site-packages/airflow/example_dags/example_complex.py took 0.184 seconds
[2022-07-06 20:00:33,059] {processor.py:153} INFO - Started process (PID=573) to work on /home/airflow/.local/lib/python3.7/site-packages/airflow/example_dags/example_complex.py
[2022-07-06 20:00:33,059] {processor.py:641} INFO - Processing file /home/airflow/.local/lib/python3.7/site-packages/airflow/example_dags/example_complex.py for tasks to queue
[2022-07-06 20:00:33,060] {logging_mixin.py:115} INFO - [2022-07-06 20:00:33,060] {dagbag.py:507} INFO - Filling up the DagBag from /home/airflow/.local/lib/python3.7/site-packages/airflow/example_dags/example_complex.py
[2022-07-06 20:00:33,079] {processor.py:651} INFO - DAG(s) dict_keys(['example_complex']) retrieved from /home/airflow/.local/lib/python3.7/site-packages/airflow/example_dags/example_complex.py
[2022-07-06 20:00:33,121] {logging_mixin.py:115} INFO - [2022-07-06 20:00:33,121] {dag.py:2379} INFO - Sync 1 DAGs
[2022-07-06 20:00:33,157] {logging_mixin.py:115} INFO - [2022-07-06 20:00:33,157] {dag.py:2931} INFO - Setting next_dagrun for example_complex to None, run_after=None
[2022-07-06 20:00:33,186] {processor.py:161} INFO - Processing /home/airflow/.local/lib/python3.7/site-packages/airflow/example_dags/example_complex.py took 0.131 seconds
[2022-07-06 20:01:13,027] {processor.py:153} INFO - Started process (PID=632) to work on /home/airflow/.local/lib/python3.7/site-packages/airflow/example_dags/example_complex.py
[2022-07-06 20:01:13,028] {processor.py:641} INFO - Processing file /home/airflow/.local/lib/python3.7/site-packages/airflow/example_dags/example_complex.py for tasks to queue
[2022-07-06 20:01:13,028] {logging_mixin.py:115} INFO - [2022-07-06 20:01:13,028] {dagbag.py:507} INFO - Filling up the DagBag from /home/airflow/.local/lib/python3.7/site-packages/airflow/example_dags/example_complex.py
[2022-07-06 20:01:13,052] {processor.py:651} INFO - DAG(s) dict_keys(['example_complex']) retrieved from /home/airflow/.local/lib/python3.7/site-packages/airflow/example_dags/example_complex.py
[2022-07-06 20:01:13,104] {logging_mixin.py:115} INFO - [2022-07-06 20:01:13,104] {dag.py:2379} INFO - Sync 1 DAGs
[2022-07-06 20:01:13,148] {logging_mixin.py:115} INFO - [2022-07-06 20:01:13,148] {dag.py:2931} INFO - Setting next_dagrun for example_complex to None, run_after=None
[2022-07-06 20:01:13,182] {processor.py:161} INFO - Processing /home/airflow/.local/lib/python3.7/site-packages/airflow/example_dags/example_complex.py took 0.158 seconds
[2022-07-06 20:01:53,903] {processor.py:153} INFO - Started process (PID=693) to work on /home/airflow/.local/lib/python3.7/site-packages/airflow/example_dags/example_complex.py
[2022-07-06 20:01:53,904] {processor.py:641} INFO - Processing file /home/airflow/.local/lib/python3.7/site-packages/airflow/example_dags/example_complex.py for tasks to queue
[2022-07-06 20:01:53,904] {logging_mixin.py:115} INFO - [2022-07-06 20:01:53,904] {dagbag.py:507} INFO - Filling up the DagBag from /home/airflow/.local/lib/python3.7/site-packages/airflow/example_dags/example_complex.py
[2022-07-06 20:01:53,925] {processor.py:651} INFO - DAG(s) dict_keys(['example_complex']) retrieved from /home/airflow/.local/lib/python3.7/site-packages/airflow/example_dags/example_complex.py
[2022-07-06 20:01:53,974] {logging_mixin.py:115} INFO - [2022-07-06 20:01:53,974] {dag.py:2379} INFO - Sync 1 DAGs
[2022-07-06 20:01:54,051] {logging_mixin.py:115} INFO - [2022-07-06 20:01:54,051] {dag.py:2931} INFO - Setting next_dagrun for example_complex to None, run_after=None
[2022-07-06 20:01:54,276] {processor.py:161} INFO - Processing /home/airflow/.local/lib/python3.7/site-packages/airflow/example_dags/example_complex.py took 0.376 seconds
[2022-07-06 20:02:25,471] {processor.py:153} INFO - Started process (PID=745) to work on /home/airflow/.local/lib/python3.7/site-packages/airflow/example_dags/example_complex.py
[2022-07-06 20:02:25,506] {processor.py:641} INFO - Processing file /home/airflow/.local/lib/python3.7/site-packages/airflow/example_dags/example_complex.py for tasks to queue
[2022-07-06 20:02:25,507] {logging_mixin.py:115} INFO - [2022-07-06 20:02:25,507] {dagbag.py:507} INFO - Filling up the DagBag from /home/airflow/.local/lib/python3.7/site-packages/airflow/example_dags/example_complex.py
[2022-07-06 20:02:25,528] {processor.py:651} INFO - DAG(s) dict_keys(['example_complex']) retrieved from /home/airflow/.local/lib/python3.7/site-packages/airflow/example_dags/example_complex.py
[2022-07-06 20:02:25,570] {logging_mixin.py:115} INFO - [2022-07-06 20:02:25,570] {dag.py:2379} INFO - Sync 1 DAGs
[2022-07-06 20:02:25,598] {logging_mixin.py:115} INFO - [2022-07-06 20:02:25,598] {dag.py:2931} INFO - Setting next_dagrun for example_complex to None, run_after=None
[2022-07-06 20:02:25,848] {processor.py:161} INFO - Processing /home/airflow/.local/lib/python3.7/site-packages/airflow/example_dags/example_complex.py took 0.381 seconds
[2022-07-06 20:02:58,830] {processor.py:153} INFO - Started process (PID=804) to work on /home/airflow/.local/lib/python3.7/site-packages/airflow/example_dags/example_complex.py
[2022-07-06 20:02:58,994] {processor.py:641} INFO - Processing file /home/airflow/.local/lib/python3.7/site-packages/airflow/example_dags/example_complex.py for tasks to queue
[2022-07-06 20:02:58,997] {logging_mixin.py:115} INFO - [2022-07-06 20:02:58,996] {dagbag.py:507} INFO - Filling up the DagBag from /home/airflow/.local/lib/python3.7/site-packages/airflow/example_dags/example_complex.py
[2022-07-06 20:02:59,035] {processor.py:651} INFO - DAG(s) dict_keys(['example_complex']) retrieved from /home/airflow/.local/lib/python3.7/site-packages/airflow/example_dags/example_complex.py
[2022-07-06 20:02:59,075] {logging_mixin.py:115} INFO - [2022-07-06 20:02:59,075] {dag.py:2379} INFO - Sync 1 DAGs
[2022-07-06 20:02:59,103] {logging_mixin.py:115} INFO - [2022-07-06 20:02:59,103] {dag.py:2931} INFO - Setting next_dagrun for example_complex to None, run_after=None
[2022-07-06 20:02:59,468] {processor.py:161} INFO - Processing /home/airflow/.local/lib/python3.7/site-packages/airflow/example_dags/example_complex.py took 0.649 seconds
[2022-07-06 20:03:30,721] {processor.py:153} INFO - Started process (PID=856) to work on /home/airflow/.local/lib/python3.7/site-packages/airflow/example_dags/example_complex.py
[2022-07-06 20:03:30,816] {processor.py:641} INFO - Processing file /home/airflow/.local/lib/python3.7/site-packages/airflow/example_dags/example_complex.py for tasks to queue
[2022-07-06 20:03:30,817] {logging_mixin.py:115} INFO - [2022-07-06 20:03:30,817] {dagbag.py:507} INFO - Filling up the DagBag from /home/airflow/.local/lib/python3.7/site-packages/airflow/example_dags/example_complex.py
[2022-07-06 20:03:30,844] {processor.py:651} INFO - DAG(s) dict_keys(['example_complex']) retrieved from /home/airflow/.local/lib/python3.7/site-packages/airflow/example_dags/example_complex.py
[2022-07-06 20:03:30,898] {logging_mixin.py:115} INFO - [2022-07-06 20:03:30,898] {dag.py:2379} INFO - Sync 1 DAGs
[2022-07-06 20:03:30,939] {logging_mixin.py:115} INFO - [2022-07-06 20:03:30,938] {dag.py:2931} INFO - Setting next_dagrun for example_complex to None, run_after=None
[2022-07-06 20:03:31,056] {processor.py:161} INFO - Processing /home/airflow/.local/lib/python3.7/site-packages/airflow/example_dags/example_complex.py took 0.342 seconds
[2022-07-06 20:04:01,736] {processor.py:153} INFO - Started process (PID=908) to work on /home/airflow/.local/lib/python3.7/site-packages/airflow/example_dags/example_complex.py
[2022-07-06 20:04:01,749] {processor.py:641} INFO - Processing file /home/airflow/.local/lib/python3.7/site-packages/airflow/example_dags/example_complex.py for tasks to queue
[2022-07-06 20:04:01,750] {logging_mixin.py:115} INFO - [2022-07-06 20:04:01,750] {dagbag.py:507} INFO - Filling up the DagBag from /home/airflow/.local/lib/python3.7/site-packages/airflow/example_dags/example_complex.py
[2022-07-06 20:04:01,778] {processor.py:651} INFO - DAG(s) dict_keys(['example_complex']) retrieved from /home/airflow/.local/lib/python3.7/site-packages/airflow/example_dags/example_complex.py
[2022-07-06 20:04:01,846] {logging_mixin.py:115} INFO - [2022-07-06 20:04:01,846] {dag.py:2379} INFO - Sync 1 DAGs
[2022-07-06 20:04:01,880] {logging_mixin.py:115} INFO - [2022-07-06 20:04:01,880] {dag.py:2931} INFO - Setting next_dagrun for example_complex to None, run_after=None
[2022-07-06 20:04:02,025] {processor.py:161} INFO - Processing /home/airflow/.local/lib/python3.7/site-packages/airflow/example_dags/example_complex.py took 0.294 seconds
[2022-07-06 20:04:32,856] {processor.py:153} INFO - Started process (PID=959) to work on /home/airflow/.local/lib/python3.7/site-packages/airflow/example_dags/example_complex.py
[2022-07-06 20:04:32,879] {processor.py:641} INFO - Processing file /home/airflow/.local/lib/python3.7/site-packages/airflow/example_dags/example_complex.py for tasks to queue
[2022-07-06 20:04:32,879] {logging_mixin.py:115} INFO - [2022-07-06 20:04:32,879] {dagbag.py:507} INFO - Filling up the DagBag from /home/airflow/.local/lib/python3.7/site-packages/airflow/example_dags/example_complex.py
[2022-07-06 20:04:32,898] {processor.py:651} INFO - DAG(s) dict_keys(['example_complex']) retrieved from /home/airflow/.local/lib/python3.7/site-packages/airflow/example_dags/example_complex.py
[2022-07-06 20:04:32,943] {logging_mixin.py:115} INFO - [2022-07-06 20:04:32,943] {dag.py:2379} INFO - Sync 1 DAGs
[2022-07-06 20:04:32,980] {logging_mixin.py:115} INFO - [2022-07-06 20:04:32,980] {dag.py:2931} INFO - Setting next_dagrun for example_complex to None, run_after=None
[2022-07-06 20:04:33,013] {processor.py:161} INFO - Processing /home/airflow/.local/lib/python3.7/site-packages/airflow/example_dags/example_complex.py took 0.162 seconds
[2022-07-06 20:05:03,918] {processor.py:153} INFO - Started process (PID=1021) to work on /home/airflow/.local/lib/python3.7/site-packages/airflow/example_dags/example_complex.py
[2022-07-06 20:05:03,919] {processor.py:641} INFO - Processing file /home/airflow/.local/lib/python3.7/site-packages/airflow/example_dags/example_complex.py for tasks to queue
[2022-07-06 20:05:03,920] {logging_mixin.py:115} INFO - [2022-07-06 20:05:03,919] {dagbag.py:507} INFO - Filling up the DagBag from /home/airflow/.local/lib/python3.7/site-packages/airflow/example_dags/example_complex.py
[2022-07-06 20:05:03,948] {processor.py:651} INFO - DAG(s) dict_keys(['example_complex']) retrieved from /home/airflow/.local/lib/python3.7/site-packages/airflow/example_dags/example_complex.py
[2022-07-06 20:05:04,003] {logging_mixin.py:115} INFO - [2022-07-06 20:05:04,003] {dag.py:2379} INFO - Sync 1 DAGs
[2022-07-06 20:05:04,047] {logging_mixin.py:115} INFO - [2022-07-06 20:05:04,046] {dag.py:2931} INFO - Setting next_dagrun for example_complex to None, run_after=None
[2022-07-06 20:05:04,092] {processor.py:161} INFO - Processing /home/airflow/.local/lib/python3.7/site-packages/airflow/example_dags/example_complex.py took 0.178 seconds
[2022-07-06 20:05:34,116] {processor.py:153} INFO - Started process (PID=1072) to work on /home/airflow/.local/lib/python3.7/site-packages/airflow/example_dags/example_complex.py
[2022-07-06 20:05:34,132] {processor.py:641} INFO - Processing file /home/airflow/.local/lib/python3.7/site-packages/airflow/example_dags/example_complex.py for tasks to queue
[2022-07-06 20:05:34,132] {logging_mixin.py:115} INFO - [2022-07-06 20:05:34,132] {dagbag.py:507} INFO - Filling up the DagBag from /home/airflow/.local/lib/python3.7/site-packages/airflow/example_dags/example_complex.py
[2022-07-06 20:05:34,151] {processor.py:651} INFO - DAG(s) dict_keys(['example_complex']) retrieved from /home/airflow/.local/lib/python3.7/site-packages/airflow/example_dags/example_complex.py
[2022-07-06 20:05:34,191] {logging_mixin.py:115} INFO - [2022-07-06 20:05:34,191] {dag.py:2379} INFO - Sync 1 DAGs
[2022-07-06 20:05:34,221] {logging_mixin.py:115} INFO - [2022-07-06 20:05:34,221] {dag.py:2931} INFO - Setting next_dagrun for example_complex to None, run_after=None
[2022-07-06 20:05:34,252] {processor.py:161} INFO - Processing /home/airflow/.local/lib/python3.7/site-packages/airflow/example_dags/example_complex.py took 0.140 seconds
[2022-07-06 20:06:04,548] {processor.py:153} INFO - Started process (PID=1124) to work on /home/airflow/.local/lib/python3.7/site-packages/airflow/example_dags/example_complex.py
[2022-07-06 20:06:04,549] {processor.py:641} INFO - Processing file /home/airflow/.local/lib/python3.7/site-packages/airflow/example_dags/example_complex.py for tasks to queue
[2022-07-06 20:06:04,550] {logging_mixin.py:115} INFO - [2022-07-06 20:06:04,550] {dagbag.py:507} INFO - Filling up the DagBag from /home/airflow/.local/lib/python3.7/site-packages/airflow/example_dags/example_complex.py
[2022-07-06 20:06:04,569] {processor.py:651} INFO - DAG(s) dict_keys(['example_complex']) retrieved from /home/airflow/.local/lib/python3.7/site-packages/airflow/example_dags/example_complex.py
[2022-07-06 20:06:04,608] {logging_mixin.py:115} INFO - [2022-07-06 20:06:04,608] {dag.py:2379} INFO - Sync 1 DAGs
[2022-07-06 20:06:04,643] {logging_mixin.py:115} INFO - [2022-07-06 20:06:04,643] {dag.py:2931} INFO - Setting next_dagrun for example_complex to None, run_after=None
[2022-07-06 20:06:04,673] {processor.py:161} INFO - Processing /home/airflow/.local/lib/python3.7/site-packages/airflow/example_dags/example_complex.py took 0.128 seconds
[2022-07-06 20:06:35,149] {processor.py:153} INFO - Started process (PID=1185) to work on /home/airflow/.local/lib/python3.7/site-packages/airflow/example_dags/example_complex.py
[2022-07-06 20:06:35,162] {processor.py:641} INFO - Processing file /home/airflow/.local/lib/python3.7/site-packages/airflow/example_dags/example_complex.py for tasks to queue
[2022-07-06 20:06:35,163] {logging_mixin.py:115} INFO - [2022-07-06 20:06:35,163] {dagbag.py:507} INFO - Filling up the DagBag from /home/airflow/.local/lib/python3.7/site-packages/airflow/example_dags/example_complex.py
[2022-07-06 20:06:35,192] {processor.py:651} INFO - DAG(s) dict_keys(['example_complex']) retrieved from /home/airflow/.local/lib/python3.7/site-packages/airflow/example_dags/example_complex.py
[2022-07-06 20:06:35,241] {logging_mixin.py:115} INFO - [2022-07-06 20:06:35,241] {dag.py:2379} INFO - Sync 1 DAGs
[2022-07-06 20:06:35,269] {logging_mixin.py:115} INFO - [2022-07-06 20:06:35,269] {dag.py:2931} INFO - Setting next_dagrun for example_complex to None, run_after=None
[2022-07-06 20:06:35,304] {processor.py:161} INFO - Processing /home/airflow/.local/lib/python3.7/site-packages/airflow/example_dags/example_complex.py took 0.159 seconds
[2022-07-06 20:07:06,150] {processor.py:153} INFO - Started process (PID=1237) to work on /home/airflow/.local/lib/python3.7/site-packages/airflow/example_dags/example_complex.py
[2022-07-06 20:07:06,151] {processor.py:641} INFO - Processing file /home/airflow/.local/lib/python3.7/site-packages/airflow/example_dags/example_complex.py for tasks to queue
[2022-07-06 20:07:06,151] {logging_mixin.py:115} INFO - [2022-07-06 20:07:06,151] {dagbag.py:507} INFO - Filling up the DagBag from /home/airflow/.local/lib/python3.7/site-packages/airflow/example_dags/example_complex.py
[2022-07-06 20:07:06,171] {processor.py:651} INFO - DAG(s) dict_keys(['example_complex']) retrieved from /home/airflow/.local/lib/python3.7/site-packages/airflow/example_dags/example_complex.py
[2022-07-06 20:07:06,210] {logging_mixin.py:115} INFO - [2022-07-06 20:07:06,210] {dag.py:2379} INFO - Sync 1 DAGs
[2022-07-06 20:07:06,238] {logging_mixin.py:115} INFO - [2022-07-06 20:07:06,238] {dag.py:2931} INFO - Setting next_dagrun for example_complex to None, run_after=None
[2022-07-06 20:07:06,277] {processor.py:161} INFO - Processing /home/airflow/.local/lib/python3.7/site-packages/airflow/example_dags/example_complex.py took 0.131 seconds
[2022-07-06 20:07:37,338] {processor.py:153} INFO - Started process (PID=1297) to work on /home/airflow/.local/lib/python3.7/site-packages/airflow/example_dags/example_complex.py
[2022-07-06 20:07:37,353] {processor.py:641} INFO - Processing file /home/airflow/.local/lib/python3.7/site-packages/airflow/example_dags/example_complex.py for tasks to queue
[2022-07-06 20:07:37,354] {logging_mixin.py:115} INFO - [2022-07-06 20:07:37,354] {dagbag.py:507} INFO - Filling up the DagBag from /home/airflow/.local/lib/python3.7/site-packages/airflow/example_dags/example_complex.py
[2022-07-06 20:07:37,453] {processor.py:651} INFO - DAG(s) dict_keys(['example_complex']) retrieved from /home/airflow/.local/lib/python3.7/site-packages/airflow/example_dags/example_complex.py
[2022-07-06 20:07:37,525] {logging_mixin.py:115} INFO - [2022-07-06 20:07:37,525] {dag.py:2379} INFO - Sync 1 DAGs
[2022-07-06 20:07:37,568] {logging_mixin.py:115} INFO - [2022-07-06 20:07:37,568] {dag.py:2931} INFO - Setting next_dagrun for example_complex to None, run_after=None
[2022-07-06 20:07:37,596] {processor.py:161} INFO - Processing /home/airflow/.local/lib/python3.7/site-packages/airflow/example_dags/example_complex.py took 0.288 seconds
[2022-07-06 20:08:09,033] {processor.py:153} INFO - Started process (PID=1349) to work on /home/airflow/.local/lib/python3.7/site-packages/airflow/example_dags/example_complex.py
[2022-07-06 20:08:09,033] {processor.py:641} INFO - Processing file /home/airflow/.local/lib/python3.7/site-packages/airflow/example_dags/example_complex.py for tasks to queue
[2022-07-06 20:08:09,034] {logging_mixin.py:115} INFO - [2022-07-06 20:08:09,034] {dagbag.py:507} INFO - Filling up the DagBag from /home/airflow/.local/lib/python3.7/site-packages/airflow/example_dags/example_complex.py
[2022-07-06 20:08:09,056] {processor.py:651} INFO - DAG(s) dict_keys(['example_complex']) retrieved from /home/airflow/.local/lib/python3.7/site-packages/airflow/example_dags/example_complex.py
[2022-07-06 20:08:09,104] {logging_mixin.py:115} INFO - [2022-07-06 20:08:09,104] {dag.py:2379} INFO - Sync 1 DAGs
[2022-07-06 20:08:09,141] {logging_mixin.py:115} INFO - [2022-07-06 20:08:09,141] {dag.py:2931} INFO - Setting next_dagrun for example_complex to None, run_after=None
[2022-07-06 20:08:09,168] {processor.py:161} INFO - Processing /home/airflow/.local/lib/python3.7/site-packages/airflow/example_dags/example_complex.py took 0.139 seconds
[2022-07-06 20:08:39,471] {processor.py:153} INFO - Started process (PID=1401) to work on /home/airflow/.local/lib/python3.7/site-packages/airflow/example_dags/example_complex.py
[2022-07-06 20:08:39,488] {processor.py:641} INFO - Processing file /home/airflow/.local/lib/python3.7/site-packages/airflow/example_dags/example_complex.py for tasks to queue
[2022-07-06 20:08:39,489] {logging_mixin.py:115} INFO - [2022-07-06 20:08:39,489] {dagbag.py:507} INFO - Filling up the DagBag from /home/airflow/.local/lib/python3.7/site-packages/airflow/example_dags/example_complex.py
[2022-07-06 20:08:39,509] {processor.py:651} INFO - DAG(s) dict_keys(['example_complex']) retrieved from /home/airflow/.local/lib/python3.7/site-packages/airflow/example_dags/example_complex.py
[2022-07-06 20:08:39,552] {logging_mixin.py:115} INFO - [2022-07-06 20:08:39,552] {dag.py:2379} INFO - Sync 1 DAGs
[2022-07-06 20:08:39,586] {logging_mixin.py:115} INFO - [2022-07-06 20:08:39,586] {dag.py:2931} INFO - Setting next_dagrun for example_complex to None, run_after=None
[2022-07-06 20:08:39,620] {processor.py:161} INFO - Processing /home/airflow/.local/lib/python3.7/site-packages/airflow/example_dags/example_complex.py took 0.152 seconds
[2022-07-06 20:09:10,402] {processor.py:153} INFO - Started process (PID=1460) to work on /home/airflow/.local/lib/python3.7/site-packages/airflow/example_dags/example_complex.py
[2022-07-06 20:09:10,472] {processor.py:641} INFO - Processing file /home/airflow/.local/lib/python3.7/site-packages/airflow/example_dags/example_complex.py for tasks to queue
[2022-07-06 20:09:10,472] {logging_mixin.py:115} INFO - [2022-07-06 20:09:10,472] {dagbag.py:507} INFO - Filling up the DagBag from /home/airflow/.local/lib/python3.7/site-packages/airflow/example_dags/example_complex.py
[2022-07-06 20:09:10,503] {processor.py:651} INFO - DAG(s) dict_keys(['example_complex']) retrieved from /home/airflow/.local/lib/python3.7/site-packages/airflow/example_dags/example_complex.py
[2022-07-06 20:09:10,569] {logging_mixin.py:115} INFO - [2022-07-06 20:09:10,568] {dag.py:2379} INFO - Sync 1 DAGs
[2022-07-06 20:09:10,610] {logging_mixin.py:115} INFO - [2022-07-06 20:09:10,610] {dag.py:2931} INFO - Setting next_dagrun for example_complex to None, run_after=None
[2022-07-06 20:09:10,667] {processor.py:161} INFO - Processing /home/airflow/.local/lib/python3.7/site-packages/airflow/example_dags/example_complex.py took 0.268 seconds
[2022-07-06 20:09:41,426] {processor.py:153} INFO - Started process (PID=1512) to work on /home/airflow/.local/lib/python3.7/site-packages/airflow/example_dags/example_complex.py
[2022-07-06 20:09:41,458] {processor.py:641} INFO - Processing file /home/airflow/.local/lib/python3.7/site-packages/airflow/example_dags/example_complex.py for tasks to queue
[2022-07-06 20:09:41,459] {logging_mixin.py:115} INFO - [2022-07-06 20:09:41,459] {dagbag.py:507} INFO - Filling up the DagBag from /home/airflow/.local/lib/python3.7/site-packages/airflow/example_dags/example_complex.py
[2022-07-06 20:09:41,483] {processor.py:651} INFO - DAG(s) dict_keys(['example_complex']) retrieved from /home/airflow/.local/lib/python3.7/site-packages/airflow/example_dags/example_complex.py
[2022-07-06 20:09:41,541] {logging_mixin.py:115} INFO - [2022-07-06 20:09:41,541] {dag.py:2379} INFO - Sync 1 DAGs
[2022-07-06 20:09:41,581] {logging_mixin.py:115} INFO - [2022-07-06 20:09:41,581] {dag.py:2931} INFO - Setting next_dagrun for example_complex to None, run_after=None
[2022-07-06 20:09:41,624] {processor.py:161} INFO - Processing /home/airflow/.local/lib/python3.7/site-packages/airflow/example_dags/example_complex.py took 0.201 seconds
[2022-07-06 20:10:12,162] {processor.py:153} INFO - Started process (PID=1564) to work on /home/airflow/.local/lib/python3.7/site-packages/airflow/example_dags/example_complex.py
[2022-07-06 20:10:12,162] {processor.py:641} INFO - Processing file /home/airflow/.local/lib/python3.7/site-packages/airflow/example_dags/example_complex.py for tasks to queue
[2022-07-06 20:10:12,163] {logging_mixin.py:115} INFO - [2022-07-06 20:10:12,163] {dagbag.py:507} INFO - Filling up the DagBag from /home/airflow/.local/lib/python3.7/site-packages/airflow/example_dags/example_complex.py
[2022-07-06 20:10:12,222] {processor.py:651} INFO - DAG(s) dict_keys(['example_complex']) retrieved from /home/airflow/.local/lib/python3.7/site-packages/airflow/example_dags/example_complex.py
[2022-07-06 20:10:12,294] {logging_mixin.py:115} INFO - [2022-07-06 20:10:12,293] {dag.py:2379} INFO - Sync 1 DAGs
[2022-07-06 20:10:12,356] {logging_mixin.py:115} INFO - [2022-07-06 20:10:12,356] {dag.py:2931} INFO - Setting next_dagrun for example_complex to None, run_after=None
[2022-07-06 20:10:12,532] {processor.py:161} INFO - Processing /home/airflow/.local/lib/python3.7/site-packages/airflow/example_dags/example_complex.py took 0.402 seconds
[2022-07-06 20:10:42,628] {processor.py:153} INFO - Started process (PID=1625) to work on /home/airflow/.local/lib/python3.7/site-packages/airflow/example_dags/example_complex.py
[2022-07-06 20:10:42,628] {processor.py:641} INFO - Processing file /home/airflow/.local/lib/python3.7/site-packages/airflow/example_dags/example_complex.py for tasks to queue
[2022-07-06 20:10:42,629] {logging_mixin.py:115} INFO - [2022-07-06 20:10:42,629] {dagbag.py:507} INFO - Filling up the DagBag from /home/airflow/.local/lib/python3.7/site-packages/airflow/example_dags/example_complex.py
[2022-07-06 20:10:42,661] {processor.py:651} INFO - DAG(s) dict_keys(['example_complex']) retrieved from /home/airflow/.local/lib/python3.7/site-packages/airflow/example_dags/example_complex.py
[2022-07-06 20:10:42,719] {logging_mixin.py:115} INFO - [2022-07-06 20:10:42,718] {dag.py:2379} INFO - Sync 1 DAGs
[2022-07-06 20:10:42,756] {logging_mixin.py:115} INFO - [2022-07-06 20:10:42,756] {dag.py:2931} INFO - Setting next_dagrun for example_complex to None, run_after=None
[2022-07-06 20:10:42,812] {processor.py:161} INFO - Processing /home/airflow/.local/lib/python3.7/site-packages/airflow/example_dags/example_complex.py took 0.198 seconds
[2022-07-06 20:11:13,166] {processor.py:153} INFO - Started process (PID=1677) to work on /home/airflow/.local/lib/python3.7/site-packages/airflow/example_dags/example_complex.py
[2022-07-06 20:11:13,189] {processor.py:641} INFO - Processing file /home/airflow/.local/lib/python3.7/site-packages/airflow/example_dags/example_complex.py for tasks to queue
[2022-07-06 20:11:13,190] {logging_mixin.py:115} INFO - [2022-07-06 20:11:13,190] {dagbag.py:507} INFO - Filling up the DagBag from /home/airflow/.local/lib/python3.7/site-packages/airflow/example_dags/example_complex.py
[2022-07-06 20:11:13,218] {processor.py:651} INFO - DAG(s) dict_keys(['example_complex']) retrieved from /home/airflow/.local/lib/python3.7/site-packages/airflow/example_dags/example_complex.py
[2022-07-06 20:11:13,259] {logging_mixin.py:115} INFO - [2022-07-06 20:11:13,259] {dag.py:2379} INFO - Sync 1 DAGs
[2022-07-06 20:11:13,290] {logging_mixin.py:115} INFO - [2022-07-06 20:11:13,290] {dag.py:2931} INFO - Setting next_dagrun for example_complex to None, run_after=None
[2022-07-06 20:11:13,318] {processor.py:161} INFO - Processing /home/airflow/.local/lib/python3.7/site-packages/airflow/example_dags/example_complex.py took 0.157 seconds
[2022-07-06 20:11:43,509] {processor.py:153} INFO - Started process (PID=1729) to work on /home/airflow/.local/lib/python3.7/site-packages/airflow/example_dags/example_complex.py
[2022-07-06 20:11:43,510] {processor.py:641} INFO - Processing file /home/airflow/.local/lib/python3.7/site-packages/airflow/example_dags/example_complex.py for tasks to queue
[2022-07-06 20:11:43,510] {logging_mixin.py:115} INFO - [2022-07-06 20:11:43,510] {dagbag.py:507} INFO - Filling up the DagBag from /home/airflow/.local/lib/python3.7/site-packages/airflow/example_dags/example_complex.py
[2022-07-06 20:11:43,586] {processor.py:651} INFO - DAG(s) dict_keys(['example_complex']) retrieved from /home/airflow/.local/lib/python3.7/site-packages/airflow/example_dags/example_complex.py
[2022-07-06 20:11:43,724] {logging_mixin.py:115} INFO - [2022-07-06 20:11:43,724] {dag.py:2379} INFO - Sync 1 DAGs
[2022-07-06 20:11:43,847] {logging_mixin.py:115} INFO - [2022-07-06 20:11:43,847] {dag.py:2931} INFO - Setting next_dagrun for example_complex to None, run_after=None
[2022-07-06 20:11:43,899] {processor.py:161} INFO - Processing /home/airflow/.local/lib/python3.7/site-packages/airflow/example_dags/example_complex.py took 0.395 seconds
[2022-07-06 20:12:14,050] {processor.py:153} INFO - Started process (PID=1789) to work on /home/airflow/.local/lib/python3.7/site-packages/airflow/example_dags/example_complex.py
[2022-07-06 20:12:14,058] {processor.py:641} INFO - Processing file /home/airflow/.local/lib/python3.7/site-packages/airflow/example_dags/example_complex.py for tasks to queue
[2022-07-06 20:12:14,059] {logging_mixin.py:115} INFO - [2022-07-06 20:12:14,059] {dagbag.py:507} INFO - Filling up the DagBag from /home/airflow/.local/lib/python3.7/site-packages/airflow/example_dags/example_complex.py
[2022-07-06 20:12:14,087] {processor.py:651} INFO - DAG(s) dict_keys(['example_complex']) retrieved from /home/airflow/.local/lib/python3.7/site-packages/airflow/example_dags/example_complex.py
[2022-07-06 20:12:14,140] {logging_mixin.py:115} INFO - [2022-07-06 20:12:14,139] {dag.py:2379} INFO - Sync 1 DAGs
[2022-07-06 20:12:14,176] {logging_mixin.py:115} INFO - [2022-07-06 20:12:14,176] {dag.py:2931} INFO - Setting next_dagrun for example_complex to None, run_after=None
[2022-07-06 20:12:14,204] {processor.py:161} INFO - Processing /home/airflow/.local/lib/python3.7/site-packages/airflow/example_dags/example_complex.py took 0.159 seconds
[2022-07-06 20:12:45,417] {processor.py:153} INFO - Started process (PID=1840) to work on /home/airflow/.local/lib/python3.7/site-packages/airflow/example_dags/example_complex.py
[2022-07-06 20:12:45,418] {processor.py:641} INFO - Processing file /home/airflow/.local/lib/python3.7/site-packages/airflow/example_dags/example_complex.py for tasks to queue
[2022-07-06 20:12:45,418] {logging_mixin.py:115} INFO - [2022-07-06 20:12:45,418] {dagbag.py:507} INFO - Filling up the DagBag from /home/airflow/.local/lib/python3.7/site-packages/airflow/example_dags/example_complex.py
[2022-07-06 20:12:45,438] {processor.py:651} INFO - DAG(s) dict_keys(['example_complex']) retrieved from /home/airflow/.local/lib/python3.7/site-packages/airflow/example_dags/example_complex.py
[2022-07-06 20:12:45,479] {logging_mixin.py:115} INFO - [2022-07-06 20:12:45,479] {dag.py:2379} INFO - Sync 1 DAGs
[2022-07-06 20:12:45,506] {logging_mixin.py:115} INFO - [2022-07-06 20:12:45,506] {dag.py:2931} INFO - Setting next_dagrun for example_complex to None, run_after=None
[2022-07-06 20:12:45,533] {processor.py:161} INFO - Processing /home/airflow/.local/lib/python3.7/site-packages/airflow/example_dags/example_complex.py took 0.120 seconds
[2022-07-06 20:13:16,461] {processor.py:153} INFO - Started process (PID=1898) to work on /home/airflow/.local/lib/python3.7/site-packages/airflow/example_dags/example_complex.py
[2022-07-06 20:13:16,471] {processor.py:641} INFO - Processing file /home/airflow/.local/lib/python3.7/site-packages/airflow/example_dags/example_complex.py for tasks to queue
[2022-07-06 20:13:16,472] {logging_mixin.py:115} INFO - [2022-07-06 20:13:16,471] {dagbag.py:507} INFO - Filling up the DagBag from /home/airflow/.local/lib/python3.7/site-packages/airflow/example_dags/example_complex.py
[2022-07-06 20:13:16,490] {processor.py:651} INFO - DAG(s) dict_keys(['example_complex']) retrieved from /home/airflow/.local/lib/python3.7/site-packages/airflow/example_dags/example_complex.py
[2022-07-06 20:13:16,531] {logging_mixin.py:115} INFO - [2022-07-06 20:13:16,531] {dag.py:2379} INFO - Sync 1 DAGs
[2022-07-06 20:13:16,559] {logging_mixin.py:115} INFO - [2022-07-06 20:13:16,558] {dag.py:2931} INFO - Setting next_dagrun for example_complex to None, run_after=None
[2022-07-06 20:13:16,585] {processor.py:161} INFO - Processing /home/airflow/.local/lib/python3.7/site-packages/airflow/example_dags/example_complex.py took 0.129 seconds
[2022-07-06 20:14:26,865] {processor.py:153} INFO - Started process (PID=1976) to work on /home/airflow/.local/lib/python3.7/site-packages/airflow/example_dags/example_complex.py
[2022-07-06 20:14:26,880] {processor.py:641} INFO - Processing file /home/airflow/.local/lib/python3.7/site-packages/airflow/example_dags/example_complex.py for tasks to queue
[2022-07-06 20:14:26,881] {logging_mixin.py:115} INFO - [2022-07-06 20:14:26,881] {dagbag.py:507} INFO - Filling up the DagBag from /home/airflow/.local/lib/python3.7/site-packages/airflow/example_dags/example_complex.py
[2022-07-06 20:14:26,921] {processor.py:651} INFO - DAG(s) dict_keys(['example_complex']) retrieved from /home/airflow/.local/lib/python3.7/site-packages/airflow/example_dags/example_complex.py
[2022-07-06 20:14:27,009] {logging_mixin.py:115} INFO - [2022-07-06 20:14:27,009] {dag.py:2379} INFO - Sync 1 DAGs
[2022-07-06 20:14:27,057] {logging_mixin.py:115} INFO - [2022-07-06 20:14:27,057] {dag.py:2931} INFO - Setting next_dagrun for example_complex to None, run_after=None
[2022-07-06 20:14:27,104] {processor.py:161} INFO - Processing /home/airflow/.local/lib/python3.7/site-packages/airflow/example_dags/example_complex.py took 0.245 seconds
[2022-07-06 20:14:57,635] {processor.py:153} INFO - Started process (PID=2029) to work on /home/airflow/.local/lib/python3.7/site-packages/airflow/example_dags/example_complex.py
[2022-07-06 20:14:57,636] {processor.py:641} INFO - Processing file /home/airflow/.local/lib/python3.7/site-packages/airflow/example_dags/example_complex.py for tasks to queue
[2022-07-06 20:14:57,637] {logging_mixin.py:115} INFO - [2022-07-06 20:14:57,636] {dagbag.py:507} INFO - Filling up the DagBag from /home/airflow/.local/lib/python3.7/site-packages/airflow/example_dags/example_complex.py
[2022-07-06 20:14:57,672] {processor.py:651} INFO - DAG(s) dict_keys(['example_complex']) retrieved from /home/airflow/.local/lib/python3.7/site-packages/airflow/example_dags/example_complex.py
[2022-07-06 20:14:57,778] {logging_mixin.py:115} INFO - [2022-07-06 20:14:57,778] {dag.py:2379} INFO - Sync 1 DAGs
[2022-07-06 20:14:57,820] {logging_mixin.py:115} INFO - [2022-07-06 20:14:57,820] {dag.py:2931} INFO - Setting next_dagrun for example_complex to None, run_after=None
[2022-07-06 20:14:58,176] {processor.py:161} INFO - Processing /home/airflow/.local/lib/python3.7/site-packages/airflow/example_dags/example_complex.py took 0.546 seconds
[2022-07-06 20:15:28,380] {processor.py:153} INFO - Started process (PID=2080) to work on /home/airflow/.local/lib/python3.7/site-packages/airflow/example_dags/example_complex.py
[2022-07-06 20:15:28,396] {processor.py:641} INFO - Processing file /home/airflow/.local/lib/python3.7/site-packages/airflow/example_dags/example_complex.py for tasks to queue
[2022-07-06 20:15:28,396] {logging_mixin.py:115} INFO - [2022-07-06 20:15:28,396] {dagbag.py:507} INFO - Filling up the DagBag from /home/airflow/.local/lib/python3.7/site-packages/airflow/example_dags/example_complex.py
[2022-07-06 20:15:28,416] {processor.py:651} INFO - DAG(s) dict_keys(['example_complex']) retrieved from /home/airflow/.local/lib/python3.7/site-packages/airflow/example_dags/example_complex.py
[2022-07-06 20:15:28,462] {logging_mixin.py:115} INFO - [2022-07-06 20:15:28,462] {dag.py:2379} INFO - Sync 1 DAGs
[2022-07-06 20:15:28,491] {logging_mixin.py:115} INFO - [2022-07-06 20:15:28,491] {dag.py:2931} INFO - Setting next_dagrun for example_complex to None, run_after=None
[2022-07-06 20:15:28,564] {processor.py:161} INFO - Processing /home/airflow/.local/lib/python3.7/site-packages/airflow/example_dags/example_complex.py took 0.188 seconds
[2022-07-06 20:16:12,796] {processor.py:153} INFO - Started process (PID=2135) to work on /home/airflow/.local/lib/python3.7/site-packages/airflow/example_dags/example_complex.py
[2022-07-06 20:16:12,809] {processor.py:641} INFO - Processing file /home/airflow/.local/lib/python3.7/site-packages/airflow/example_dags/example_complex.py for tasks to queue
[2022-07-06 20:16:12,810] {logging_mixin.py:115} INFO - [2022-07-06 20:16:12,809] {dagbag.py:507} INFO - Filling up the DagBag from /home/airflow/.local/lib/python3.7/site-packages/airflow/example_dags/example_complex.py
[2022-07-06 20:16:12,945] {processor.py:651} INFO - DAG(s) dict_keys(['example_complex']) retrieved from /home/airflow/.local/lib/python3.7/site-packages/airflow/example_dags/example_complex.py
[2022-07-06 20:16:13,016] {logging_mixin.py:115} INFO - [2022-07-06 20:16:13,015] {dag.py:2379} INFO - Sync 1 DAGs
[2022-07-06 20:16:13,055] {logging_mixin.py:115} INFO - [2022-07-06 20:16:13,055] {dag.py:2931} INFO - Setting next_dagrun for example_complex to None, run_after=None
[2022-07-06 20:16:13,078] {processor.py:161} INFO - Processing /home/airflow/.local/lib/python3.7/site-packages/airflow/example_dags/example_complex.py took 0.285 seconds
[2022-07-06 20:16:43,755] {processor.py:153} INFO - Started process (PID=2186) to work on /home/airflow/.local/lib/python3.7/site-packages/airflow/example_dags/example_complex.py
[2022-07-06 20:16:43,756] {processor.py:641} INFO - Processing file /home/airflow/.local/lib/python3.7/site-packages/airflow/example_dags/example_complex.py for tasks to queue
[2022-07-06 20:16:43,757] {logging_mixin.py:115} INFO - [2022-07-06 20:16:43,756] {dagbag.py:507} INFO - Filling up the DagBag from /home/airflow/.local/lib/python3.7/site-packages/airflow/example_dags/example_complex.py
[2022-07-06 20:16:43,796] {processor.py:651} INFO - DAG(s) dict_keys(['example_complex']) retrieved from /home/airflow/.local/lib/python3.7/site-packages/airflow/example_dags/example_complex.py
[2022-07-06 20:16:43,851] {logging_mixin.py:115} INFO - [2022-07-06 20:16:43,850] {dag.py:2379} INFO - Sync 1 DAGs
[2022-07-06 20:16:43,895] {logging_mixin.py:115} INFO - [2022-07-06 20:16:43,895] {dag.py:2931} INFO - Setting next_dagrun for example_complex to None, run_after=None
[2022-07-06 20:16:43,930] {processor.py:161} INFO - Processing /home/airflow/.local/lib/python3.7/site-packages/airflow/example_dags/example_complex.py took 0.180 seconds
[2022-07-06 20:17:14,570] {processor.py:153} INFO - Started process (PID=2245) to work on /home/airflow/.local/lib/python3.7/site-packages/airflow/example_dags/example_complex.py
[2022-07-06 20:17:14,577] {processor.py:641} INFO - Processing file /home/airflow/.local/lib/python3.7/site-packages/airflow/example_dags/example_complex.py for tasks to queue
[2022-07-06 20:17:14,578] {logging_mixin.py:115} INFO - [2022-07-06 20:17:14,577] {dagbag.py:507} INFO - Filling up the DagBag from /home/airflow/.local/lib/python3.7/site-packages/airflow/example_dags/example_complex.py
[2022-07-06 20:17:14,603] {processor.py:651} INFO - DAG(s) dict_keys(['example_complex']) retrieved from /home/airflow/.local/lib/python3.7/site-packages/airflow/example_dags/example_complex.py
[2022-07-06 20:17:14,654] {logging_mixin.py:115} INFO - [2022-07-06 20:17:14,654] {dag.py:2379} INFO - Sync 1 DAGs
[2022-07-06 20:17:14,693] {logging_mixin.py:115} INFO - [2022-07-06 20:17:14,693] {dag.py:2931} INFO - Setting next_dagrun for example_complex to None, run_after=None
[2022-07-06 20:17:14,717] {processor.py:161} INFO - Processing /home/airflow/.local/lib/python3.7/site-packages/airflow/example_dags/example_complex.py took 0.152 seconds
[2022-07-06 20:17:45,035] {processor.py:153} INFO - Started process (PID=2297) to work on /home/airflow/.local/lib/python3.7/site-packages/airflow/example_dags/example_complex.py
[2022-07-06 20:17:45,036] {processor.py:641} INFO - Processing file /home/airflow/.local/lib/python3.7/site-packages/airflow/example_dags/example_complex.py for tasks to queue
[2022-07-06 20:17:45,037] {logging_mixin.py:115} INFO - [2022-07-06 20:17:45,037] {dagbag.py:507} INFO - Filling up the DagBag from /home/airflow/.local/lib/python3.7/site-packages/airflow/example_dags/example_complex.py
[2022-07-06 20:17:45,067] {processor.py:651} INFO - DAG(s) dict_keys(['example_complex']) retrieved from /home/airflow/.local/lib/python3.7/site-packages/airflow/example_dags/example_complex.py
[2022-07-06 20:17:45,111] {logging_mixin.py:115} INFO - [2022-07-06 20:17:45,111] {dag.py:2379} INFO - Sync 1 DAGs
[2022-07-06 20:17:45,152] {logging_mixin.py:115} INFO - [2022-07-06 20:17:45,152] {dag.py:2931} INFO - Setting next_dagrun for example_complex to None, run_after=None
[2022-07-06 20:17:45,184] {processor.py:161} INFO - Processing /home/airflow/.local/lib/python3.7/site-packages/airflow/example_dags/example_complex.py took 0.154 seconds
[2022-07-06 20:18:16,665] {processor.py:153} INFO - Started process (PID=2360) to work on /home/airflow/.local/lib/python3.7/site-packages/airflow/example_dags/example_complex.py
[2022-07-06 20:18:16,696] {processor.py:641} INFO - Processing file /home/airflow/.local/lib/python3.7/site-packages/airflow/example_dags/example_complex.py for tasks to queue
[2022-07-06 20:18:16,697] {logging_mixin.py:115} INFO - [2022-07-06 20:18:16,697] {dagbag.py:507} INFO - Filling up the DagBag from /home/airflow/.local/lib/python3.7/site-packages/airflow/example_dags/example_complex.py
[2022-07-06 20:18:16,729] {processor.py:651} INFO - DAG(s) dict_keys(['example_complex']) retrieved from /home/airflow/.local/lib/python3.7/site-packages/airflow/example_dags/example_complex.py
[2022-07-06 20:18:16,802] {logging_mixin.py:115} INFO - [2022-07-06 20:18:16,802] {dag.py:2379} INFO - Sync 1 DAGs
[2022-07-06 20:18:16,849] {logging_mixin.py:115} INFO - [2022-07-06 20:18:16,849] {dag.py:2931} INFO - Setting next_dagrun for example_complex to None, run_after=None
[2022-07-06 20:18:16,889] {processor.py:161} INFO - Processing /home/airflow/.local/lib/python3.7/site-packages/airflow/example_dags/example_complex.py took 0.229 seconds
[2022-07-06 20:18:47,748] {processor.py:153} INFO - Started process (PID=2414) to work on /home/airflow/.local/lib/python3.7/site-packages/airflow/example_dags/example_complex.py
[2022-07-06 20:18:47,748] {processor.py:641} INFO - Processing file /home/airflow/.local/lib/python3.7/site-packages/airflow/example_dags/example_complex.py for tasks to queue
[2022-07-06 20:18:47,749] {logging_mixin.py:115} INFO - [2022-07-06 20:18:47,749] {dagbag.py:507} INFO - Filling up the DagBag from /home/airflow/.local/lib/python3.7/site-packages/airflow/example_dags/example_complex.py
[2022-07-06 20:18:47,769] {processor.py:651} INFO - DAG(s) dict_keys(['example_complex']) retrieved from /home/airflow/.local/lib/python3.7/site-packages/airflow/example_dags/example_complex.py
[2022-07-06 20:18:47,809] {logging_mixin.py:115} INFO - [2022-07-06 20:18:47,809] {dag.py:2379} INFO - Sync 1 DAGs
[2022-07-06 20:18:47,844] {logging_mixin.py:115} INFO - [2022-07-06 20:18:47,844] {dag.py:2931} INFO - Setting next_dagrun for example_complex to None, run_after=None
[2022-07-06 20:18:47,873] {processor.py:161} INFO - Processing /home/airflow/.local/lib/python3.7/site-packages/airflow/example_dags/example_complex.py took 0.129 seconds
[2022-07-06 20:19:18,737] {processor.py:153} INFO - Started process (PID=2469) to work on /home/airflow/.local/lib/python3.7/site-packages/airflow/example_dags/example_complex.py
[2022-07-06 20:19:18,755] {processor.py:641} INFO - Processing file /home/airflow/.local/lib/python3.7/site-packages/airflow/example_dags/example_complex.py for tasks to queue
[2022-07-06 20:19:18,756] {logging_mixin.py:115} INFO - [2022-07-06 20:19:18,756] {dagbag.py:507} INFO - Filling up the DagBag from /home/airflow/.local/lib/python3.7/site-packages/airflow/example_dags/example_complex.py
[2022-07-06 20:19:18,829] {processor.py:651} INFO - DAG(s) dict_keys(['example_complex']) retrieved from /home/airflow/.local/lib/python3.7/site-packages/airflow/example_dags/example_complex.py
[2022-07-06 20:19:18,906] {logging_mixin.py:115} INFO - [2022-07-06 20:19:18,906] {dag.py:2379} INFO - Sync 1 DAGs
[2022-07-06 20:19:18,948] {logging_mixin.py:115} INFO - [2022-07-06 20:19:18,948] {dag.py:2931} INFO - Setting next_dagrun for example_complex to None, run_after=None
[2022-07-06 20:19:18,995] {processor.py:161} INFO - Processing /home/airflow/.local/lib/python3.7/site-packages/airflow/example_dags/example_complex.py took 0.263 seconds
[2022-07-06 20:19:50,367] {processor.py:153} INFO - Started process (PID=2530) to work on /home/airflow/.local/lib/python3.7/site-packages/airflow/example_dags/example_complex.py
[2022-07-06 20:19:50,368] {processor.py:641} INFO - Processing file /home/airflow/.local/lib/python3.7/site-packages/airflow/example_dags/example_complex.py for tasks to queue
[2022-07-06 20:19:50,371] {logging_mixin.py:115} INFO - [2022-07-06 20:19:50,370] {dagbag.py:507} INFO - Filling up the DagBag from /home/airflow/.local/lib/python3.7/site-packages/airflow/example_dags/example_complex.py
[2022-07-06 20:19:50,414] {processor.py:651} INFO - DAG(s) dict_keys(['example_complex']) retrieved from /home/airflow/.local/lib/python3.7/site-packages/airflow/example_dags/example_complex.py
[2022-07-06 20:19:50,472] {logging_mixin.py:115} INFO - [2022-07-06 20:19:50,472] {dag.py:2379} INFO - Sync 1 DAGs
[2022-07-06 20:19:50,514] {logging_mixin.py:115} INFO - [2022-07-06 20:19:50,514] {dag.py:2931} INFO - Setting next_dagrun for example_complex to None, run_after=None
[2022-07-06 20:19:50,542] {processor.py:161} INFO - Processing /home/airflow/.local/lib/python3.7/site-packages/airflow/example_dags/example_complex.py took 0.191 seconds
[2022-07-06 20:20:24,473] {processor.py:153} INFO - Started process (PID=2596) to work on /home/airflow/.local/lib/python3.7/site-packages/airflow/example_dags/example_complex.py
[2022-07-06 20:20:24,513] {processor.py:641} INFO - Processing file /home/airflow/.local/lib/python3.7/site-packages/airflow/example_dags/example_complex.py for tasks to queue
[2022-07-06 20:20:24,514] {logging_mixin.py:115} INFO - [2022-07-06 20:20:24,514] {dagbag.py:507} INFO - Filling up the DagBag from /home/airflow/.local/lib/python3.7/site-packages/airflow/example_dags/example_complex.py
[2022-07-06 20:20:24,552] {processor.py:651} INFO - DAG(s) dict_keys(['example_complex']) retrieved from /home/airflow/.local/lib/python3.7/site-packages/airflow/example_dags/example_complex.py
[2022-07-06 20:20:24,615] {logging_mixin.py:115} INFO - [2022-07-06 20:20:24,615] {dag.py:2379} INFO - Sync 1 DAGs
[2022-07-06 20:20:24,661] {logging_mixin.py:115} INFO - [2022-07-06 20:20:24,661] {dag.py:2931} INFO - Setting next_dagrun for example_complex to None, run_after=None
[2022-07-06 20:20:24,706] {processor.py:161} INFO - Processing /home/airflow/.local/lib/python3.7/site-packages/airflow/example_dags/example_complex.py took 0.239 seconds
[2022-07-06 20:20:55,675] {processor.py:153} INFO - Started process (PID=2649) to work on /home/airflow/.local/lib/python3.7/site-packages/airflow/example_dags/example_complex.py
[2022-07-06 20:20:55,676] {processor.py:641} INFO - Processing file /home/airflow/.local/lib/python3.7/site-packages/airflow/example_dags/example_complex.py for tasks to queue
[2022-07-06 20:20:55,677] {logging_mixin.py:115} INFO - [2022-07-06 20:20:55,676] {dagbag.py:507} INFO - Filling up the DagBag from /home/airflow/.local/lib/python3.7/site-packages/airflow/example_dags/example_complex.py
[2022-07-06 20:20:55,697] {processor.py:651} INFO - DAG(s) dict_keys(['example_complex']) retrieved from /home/airflow/.local/lib/python3.7/site-packages/airflow/example_dags/example_complex.py
[2022-07-06 20:20:55,745] {logging_mixin.py:115} INFO - [2022-07-06 20:20:55,745] {dag.py:2379} INFO - Sync 1 DAGs
[2022-07-06 20:20:55,778] {logging_mixin.py:115} INFO - [2022-07-06 20:20:55,778] {dag.py:2931} INFO - Setting next_dagrun for example_complex to None, run_after=None
[2022-07-06 20:20:55,811] {processor.py:161} INFO - Processing /home/airflow/.local/lib/python3.7/site-packages/airflow/example_dags/example_complex.py took 0.140 seconds
[2022-07-06 20:21:26,764] {processor.py:153} INFO - Started process (PID=2701) to work on /home/airflow/.local/lib/python3.7/site-packages/airflow/example_dags/example_complex.py
[2022-07-06 20:21:26,774] {processor.py:641} INFO - Processing file /home/airflow/.local/lib/python3.7/site-packages/airflow/example_dags/example_complex.py for tasks to queue
[2022-07-06 20:21:26,775] {logging_mixin.py:115} INFO - [2022-07-06 20:21:26,775] {dagbag.py:507} INFO - Filling up the DagBag from /home/airflow/.local/lib/python3.7/site-packages/airflow/example_dags/example_complex.py
[2022-07-06 20:21:26,798] {processor.py:651} INFO - DAG(s) dict_keys(['example_complex']) retrieved from /home/airflow/.local/lib/python3.7/site-packages/airflow/example_dags/example_complex.py
[2022-07-06 20:21:26,840] {logging_mixin.py:115} INFO - [2022-07-06 20:21:26,840] {dag.py:2379} INFO - Sync 1 DAGs
[2022-07-06 20:21:26,869] {logging_mixin.py:115} INFO - [2022-07-06 20:21:26,869] {dag.py:2931} INFO - Setting next_dagrun for example_complex to None, run_after=None
[2022-07-06 20:21:26,898] {processor.py:161} INFO - Processing /home/airflow/.local/lib/python3.7/site-packages/airflow/example_dags/example_complex.py took 0.138 seconds
[2022-07-06 20:21:58,040] {processor.py:153} INFO - Started process (PID=2760) to work on /home/airflow/.local/lib/python3.7/site-packages/airflow/example_dags/example_complex.py
[2022-07-06 20:21:58,041] {processor.py:641} INFO - Processing file /home/airflow/.local/lib/python3.7/site-packages/airflow/example_dags/example_complex.py for tasks to queue
[2022-07-06 20:21:58,041] {logging_mixin.py:115} INFO - [2022-07-06 20:21:58,041] {dagbag.py:507} INFO - Filling up the DagBag from /home/airflow/.local/lib/python3.7/site-packages/airflow/example_dags/example_complex.py
[2022-07-06 20:21:58,071] {processor.py:651} INFO - DAG(s) dict_keys(['example_complex']) retrieved from /home/airflow/.local/lib/python3.7/site-packages/airflow/example_dags/example_complex.py
[2022-07-06 20:21:58,138] {logging_mixin.py:115} INFO - [2022-07-06 20:21:58,138] {dag.py:2379} INFO - Sync 1 DAGs
[2022-07-06 20:21:58,174] {logging_mixin.py:115} INFO - [2022-07-06 20:21:58,174] {dag.py:2931} INFO - Setting next_dagrun for example_complex to None, run_after=None
[2022-07-06 20:21:58,248] {processor.py:161} INFO - Processing /home/airflow/.local/lib/python3.7/site-packages/airflow/example_dags/example_complex.py took 0.212 seconds
[2022-07-06 20:22:36,058] {processor.py:153} INFO - Started process (PID=2811) to work on /home/airflow/.local/lib/python3.7/site-packages/airflow/example_dags/example_complex.py
[2022-07-06 20:22:36,059] {processor.py:641} INFO - Processing file /home/airflow/.local/lib/python3.7/site-packages/airflow/example_dags/example_complex.py for tasks to queue
[2022-07-06 20:22:36,059] {logging_mixin.py:115} INFO - [2022-07-06 20:22:36,059] {dagbag.py:507} INFO - Filling up the DagBag from /home/airflow/.local/lib/python3.7/site-packages/airflow/example_dags/example_complex.py
[2022-07-06 20:22:36,081] {processor.py:651} INFO - DAG(s) dict_keys(['example_complex']) retrieved from /home/airflow/.local/lib/python3.7/site-packages/airflow/example_dags/example_complex.py
[2022-07-06 20:22:36,122] {logging_mixin.py:115} INFO - [2022-07-06 20:22:36,122] {dag.py:2379} INFO - Sync 1 DAGs
[2022-07-06 20:22:36,154] {logging_mixin.py:115} INFO - [2022-07-06 20:22:36,153] {dag.py:2931} INFO - Setting next_dagrun for example_complex to None, run_after=None
[2022-07-06 20:22:36,174] {processor.py:161} INFO - Processing /home/airflow/.local/lib/python3.7/site-packages/airflow/example_dags/example_complex.py took 0.120 seconds
[2022-07-06 20:23:07,292] {processor.py:153} INFO - Started process (PID=2862) to work on /home/airflow/.local/lib/python3.7/site-packages/airflow/example_dags/example_complex.py
[2022-07-06 20:23:07,293] {processor.py:641} INFO - Processing file /home/airflow/.local/lib/python3.7/site-packages/airflow/example_dags/example_complex.py for tasks to queue
[2022-07-06 20:23:07,294] {logging_mixin.py:115} INFO - [2022-07-06 20:23:07,294] {dagbag.py:507} INFO - Filling up the DagBag from /home/airflow/.local/lib/python3.7/site-packages/airflow/example_dags/example_complex.py
[2022-07-06 20:23:07,327] {processor.py:651} INFO - DAG(s) dict_keys(['example_complex']) retrieved from /home/airflow/.local/lib/python3.7/site-packages/airflow/example_dags/example_complex.py
[2022-07-06 20:23:07,469] {logging_mixin.py:115} INFO - [2022-07-06 20:23:07,453] {dag.py:2379} INFO - Sync 1 DAGs
[2022-07-06 20:23:07,579] {logging_mixin.py:115} INFO - [2022-07-06 20:23:07,579] {dag.py:2931} INFO - Setting next_dagrun for example_complex to None, run_after=None
[2022-07-06 20:23:07,673] {processor.py:161} INFO - Processing /home/airflow/.local/lib/python3.7/site-packages/airflow/example_dags/example_complex.py took 0.387 seconds
[2022-07-06 20:23:37,832] {processor.py:153} INFO - Started process (PID=2922) to work on /home/airflow/.local/lib/python3.7/site-packages/airflow/example_dags/example_complex.py
[2022-07-06 20:23:37,880] {processor.py:641} INFO - Processing file /home/airflow/.local/lib/python3.7/site-packages/airflow/example_dags/example_complex.py for tasks to queue
[2022-07-06 20:23:37,881] {logging_mixin.py:115} INFO - [2022-07-06 20:23:37,880] {dagbag.py:507} INFO - Filling up the DagBag from /home/airflow/.local/lib/python3.7/site-packages/airflow/example_dags/example_complex.py
[2022-07-06 20:23:37,903] {processor.py:651} INFO - DAG(s) dict_keys(['example_complex']) retrieved from /home/airflow/.local/lib/python3.7/site-packages/airflow/example_dags/example_complex.py
[2022-07-06 20:23:37,971] {logging_mixin.py:115} INFO - [2022-07-06 20:23:37,971] {dag.py:2379} INFO - Sync 1 DAGs
[2022-07-06 20:23:38,054] {logging_mixin.py:115} INFO - [2022-07-06 20:23:38,054] {dag.py:2931} INFO - Setting next_dagrun for example_complex to None, run_after=None
[2022-07-06 20:23:38,306] {processor.py:161} INFO - Processing /home/airflow/.local/lib/python3.7/site-packages/airflow/example_dags/example_complex.py took 0.478 seconds
[2022-07-06 20:24:09,598] {processor.py:153} INFO - Started process (PID=2974) to work on /home/airflow/.local/lib/python3.7/site-packages/airflow/example_dags/example_complex.py
[2022-07-06 20:24:09,598] {processor.py:641} INFO - Processing file /home/airflow/.local/lib/python3.7/site-packages/airflow/example_dags/example_complex.py for tasks to queue
[2022-07-06 20:24:09,599] {logging_mixin.py:115} INFO - [2022-07-06 20:24:09,599] {dagbag.py:507} INFO - Filling up the DagBag from /home/airflow/.local/lib/python3.7/site-packages/airflow/example_dags/example_complex.py
[2022-07-06 20:24:09,630] {processor.py:651} INFO - DAG(s) dict_keys(['example_complex']) retrieved from /home/airflow/.local/lib/python3.7/site-packages/airflow/example_dags/example_complex.py
[2022-07-06 20:24:09,694] {logging_mixin.py:115} INFO - [2022-07-06 20:24:09,694] {dag.py:2379} INFO - Sync 1 DAGs
[2022-07-06 20:24:09,730] {logging_mixin.py:115} INFO - [2022-07-06 20:24:09,730] {dag.py:2931} INFO - Setting next_dagrun for example_complex to None, run_after=None
[2022-07-06 20:24:09,773] {processor.py:161} INFO - Processing /home/airflow/.local/lib/python3.7/site-packages/airflow/example_dags/example_complex.py took 0.181 seconds
[2022-07-06 20:24:43,113] {processor.py:153} INFO - Started process (PID=3040) to work on /home/airflow/.local/lib/python3.7/site-packages/airflow/example_dags/example_complex.py
[2022-07-06 20:24:43,117] {processor.py:641} INFO - Processing file /home/airflow/.local/lib/python3.7/site-packages/airflow/example_dags/example_complex.py for tasks to queue
[2022-07-06 20:24:43,118] {logging_mixin.py:115} INFO - [2022-07-06 20:24:43,118] {dagbag.py:507} INFO - Filling up the DagBag from /home/airflow/.local/lib/python3.7/site-packages/airflow/example_dags/example_complex.py
[2022-07-06 20:24:43,190] {processor.py:651} INFO - DAG(s) dict_keys(['example_complex']) retrieved from /home/airflow/.local/lib/python3.7/site-packages/airflow/example_dags/example_complex.py
[2022-07-06 20:24:43,260] {logging_mixin.py:115} INFO - [2022-07-06 20:24:43,260] {dag.py:2379} INFO - Sync 1 DAGs
[2022-07-06 20:24:43,330] {logging_mixin.py:115} INFO - [2022-07-06 20:24:43,330] {dag.py:2931} INFO - Setting next_dagrun for example_complex to None, run_after=None
[2022-07-06 20:24:43,402] {processor.py:161} INFO - Processing /home/airflow/.local/lib/python3.7/site-packages/airflow/example_dags/example_complex.py took 0.306 seconds
[2022-07-06 20:25:13,989] {processor.py:153} INFO - Started process (PID=3092) to work on /home/airflow/.local/lib/python3.7/site-packages/airflow/example_dags/example_complex.py
[2022-07-06 20:25:13,990] {processor.py:641} INFO - Processing file /home/airflow/.local/lib/python3.7/site-packages/airflow/example_dags/example_complex.py for tasks to queue
[2022-07-06 20:25:13,991] {logging_mixin.py:115} INFO - [2022-07-06 20:25:13,991] {dagbag.py:507} INFO - Filling up the DagBag from /home/airflow/.local/lib/python3.7/site-packages/airflow/example_dags/example_complex.py
[2022-07-06 20:25:14,026] {processor.py:651} INFO - DAG(s) dict_keys(['example_complex']) retrieved from /home/airflow/.local/lib/python3.7/site-packages/airflow/example_dags/example_complex.py
[2022-07-06 20:25:14,096] {logging_mixin.py:115} INFO - [2022-07-06 20:25:14,096] {dag.py:2379} INFO - Sync 1 DAGs
[2022-07-06 20:25:14,145] {logging_mixin.py:115} INFO - [2022-07-06 20:25:14,145] {dag.py:2931} INFO - Setting next_dagrun for example_complex to None, run_after=None
[2022-07-06 20:25:14,187] {processor.py:161} INFO - Processing /home/airflow/.local/lib/python3.7/site-packages/airflow/example_dags/example_complex.py took 0.203 seconds
[2022-07-06 20:25:44,759] {processor.py:153} INFO - Started process (PID=3155) to work on /home/airflow/.local/lib/python3.7/site-packages/airflow/example_dags/example_complex.py
[2022-07-06 20:25:44,763] {processor.py:641} INFO - Processing file /home/airflow/.local/lib/python3.7/site-packages/airflow/example_dags/example_complex.py for tasks to queue
[2022-07-06 20:25:44,764] {logging_mixin.py:115} INFO - [2022-07-06 20:25:44,764] {dagbag.py:507} INFO - Filling up the DagBag from /home/airflow/.local/lib/python3.7/site-packages/airflow/example_dags/example_complex.py
[2022-07-06 20:25:44,795] {processor.py:651} INFO - DAG(s) dict_keys(['example_complex']) retrieved from /home/airflow/.local/lib/python3.7/site-packages/airflow/example_dags/example_complex.py
[2022-07-06 20:25:44,848] {logging_mixin.py:115} INFO - [2022-07-06 20:25:44,848] {dag.py:2379} INFO - Sync 1 DAGs
[2022-07-06 20:25:44,889] {logging_mixin.py:115} INFO - [2022-07-06 20:25:44,889] {dag.py:2931} INFO - Setting next_dagrun for example_complex to None, run_after=None
[2022-07-06 20:25:44,930] {processor.py:161} INFO - Processing /home/airflow/.local/lib/python3.7/site-packages/airflow/example_dags/example_complex.py took 0.182 seconds
[2022-07-06 20:26:16,166] {processor.py:153} INFO - Started process (PID=3206) to work on /home/airflow/.local/lib/python3.7/site-packages/airflow/example_dags/example_complex.py
[2022-07-06 20:26:16,166] {processor.py:641} INFO - Processing file /home/airflow/.local/lib/python3.7/site-packages/airflow/example_dags/example_complex.py for tasks to queue
[2022-07-06 20:26:16,167] {logging_mixin.py:115} INFO - [2022-07-06 20:26:16,167] {dagbag.py:507} INFO - Filling up the DagBag from /home/airflow/.local/lib/python3.7/site-packages/airflow/example_dags/example_complex.py
[2022-07-06 20:26:16,200] {processor.py:651} INFO - DAG(s) dict_keys(['example_complex']) retrieved from /home/airflow/.local/lib/python3.7/site-packages/airflow/example_dags/example_complex.py
[2022-07-06 20:26:16,339] {logging_mixin.py:115} INFO - [2022-07-06 20:26:16,339] {dag.py:2379} INFO - Sync 1 DAGs
[2022-07-06 20:26:16,651] {logging_mixin.py:115} INFO - [2022-07-06 20:26:16,651] {dag.py:2931} INFO - Setting next_dagrun for example_complex to None, run_after=None
[2022-07-06 20:26:17,033] {processor.py:161} INFO - Processing /home/airflow/.local/lib/python3.7/site-packages/airflow/example_dags/example_complex.py took 0.872 seconds
[2022-07-06 20:26:47,666] {processor.py:153} INFO - Started process (PID=3269) to work on /home/airflow/.local/lib/python3.7/site-packages/airflow/example_dags/example_complex.py
[2022-07-06 20:26:47,676] {processor.py:641} INFO - Processing file /home/airflow/.local/lib/python3.7/site-packages/airflow/example_dags/example_complex.py for tasks to queue
[2022-07-06 20:26:47,677] {logging_mixin.py:115} INFO - [2022-07-06 20:26:47,677] {dagbag.py:507} INFO - Filling up the DagBag from /home/airflow/.local/lib/python3.7/site-packages/airflow/example_dags/example_complex.py
[2022-07-06 20:26:47,703] {processor.py:651} INFO - DAG(s) dict_keys(['example_complex']) retrieved from /home/airflow/.local/lib/python3.7/site-packages/airflow/example_dags/example_complex.py
[2022-07-06 20:26:47,764] {logging_mixin.py:115} INFO - [2022-07-06 20:26:47,764] {dag.py:2379} INFO - Sync 1 DAGs
[2022-07-06 20:26:47,837] {logging_mixin.py:115} INFO - [2022-07-06 20:26:47,837] {dag.py:2931} INFO - Setting next_dagrun for example_complex to None, run_after=None
[2022-07-06 20:26:47,914] {processor.py:161} INFO - Processing /home/airflow/.local/lib/python3.7/site-packages/airflow/example_dags/example_complex.py took 0.256 seconds
