[2022-07-06 19:38:57,213] {processor.py:153} INFO - Started process (PID=143) to work on /home/airflow/.local/lib/python3.7/site-packages/airflow/example_dags/tutorial_taskflow_api_etl.py
[2022-07-06 19:38:57,214] {processor.py:641} INFO - Processing file /home/airflow/.local/lib/python3.7/site-packages/airflow/example_dags/tutorial_taskflow_api_etl.py for tasks to queue
[2022-07-06 19:38:57,214] {logging_mixin.py:115} INFO - [2022-07-06 19:38:57,214] {dagbag.py:507} INFO - Filling up the DagBag from /home/airflow/.local/lib/python3.7/site-packages/airflow/example_dags/tutorial_taskflow_api_etl.py
[2022-07-06 19:38:57,238] {processor.py:651} INFO - DAG(s) dict_keys(['tutorial_taskflow_api_etl']) retrieved from /home/airflow/.local/lib/python3.7/site-packages/airflow/example_dags/tutorial_taskflow_api_etl.py
[2022-07-06 19:38:58,526] {logging_mixin.py:115} INFO - [2022-07-06 19:38:58,525] {manager.py:508} INFO - Created Permission View: can delete on DAG:tutorial_taskflow_api_etl
[2022-07-06 19:38:59,081] {logging_mixin.py:115} INFO - [2022-07-06 19:38:59,081] {manager.py:508} INFO - Created Permission View: can edit on DAG:tutorial_taskflow_api_etl
[2022-07-06 19:38:59,875] {logging_mixin.py:115} INFO - [2022-07-06 19:38:59,874] {manager.py:508} INFO - Created Permission View: can read on DAG:tutorial_taskflow_api_etl
[2022-07-06 19:38:59,908] {logging_mixin.py:115} INFO - [2022-07-06 19:38:59,908] {dag.py:2379} INFO - Sync 1 DAGs
[2022-07-06 19:38:59,934] {logging_mixin.py:115} INFO - [2022-07-06 19:38:59,934] {dag.py:2398} INFO - Creating ORM DAG for tutorial_taskflow_api_etl
[2022-07-06 19:38:59,958] {logging_mixin.py:115} INFO - [2022-07-06 19:38:59,958] {dag.py:2931} INFO - Setting next_dagrun for tutorial_taskflow_api_etl to None, run_after=None
[2022-07-06 19:39:00,954] {processor.py:161} INFO - Processing /home/airflow/.local/lib/python3.7/site-packages/airflow/example_dags/tutorial_taskflow_api_etl.py took 3.745 seconds
[2022-07-06 19:39:49,415] {processor.py:153} INFO - Started process (PID=199) to work on /home/airflow/.local/lib/python3.7/site-packages/airflow/example_dags/tutorial_taskflow_api_etl.py
[2022-07-06 19:39:49,515] {processor.py:641} INFO - Processing file /home/airflow/.local/lib/python3.7/site-packages/airflow/example_dags/tutorial_taskflow_api_etl.py for tasks to queue
[2022-07-06 19:39:49,517] {logging_mixin.py:115} INFO - [2022-07-06 19:39:49,516] {dagbag.py:507} INFO - Filling up the DagBag from /home/airflow/.local/lib/python3.7/site-packages/airflow/example_dags/tutorial_taskflow_api_etl.py
[2022-07-06 19:39:49,848] {processor.py:651} INFO - DAG(s) dict_keys(['tutorial_taskflow_api_etl']) retrieved from /home/airflow/.local/lib/python3.7/site-packages/airflow/example_dags/tutorial_taskflow_api_etl.py
[2022-07-06 19:39:49,931] {logging_mixin.py:115} INFO - [2022-07-06 19:39:49,930] {dag.py:2379} INFO - Sync 1 DAGs
[2022-07-06 19:39:49,952] {logging_mixin.py:115} INFO - [2022-07-06 19:39:49,952] {dag.py:2931} INFO - Setting next_dagrun for tutorial_taskflow_api_etl to None, run_after=None
[2022-07-06 19:39:50,242] {processor.py:161} INFO - Processing /home/airflow/.local/lib/python3.7/site-packages/airflow/example_dags/tutorial_taskflow_api_etl.py took 0.831 seconds
[2022-07-06 19:40:20,592] {processor.py:153} INFO - Started process (PID=252) to work on /home/airflow/.local/lib/python3.7/site-packages/airflow/example_dags/tutorial_taskflow_api_etl.py
[2022-07-06 19:40:20,654] {processor.py:641} INFO - Processing file /home/airflow/.local/lib/python3.7/site-packages/airflow/example_dags/tutorial_taskflow_api_etl.py for tasks to queue
[2022-07-06 19:40:20,656] {logging_mixin.py:115} INFO - [2022-07-06 19:40:20,655] {dagbag.py:507} INFO - Filling up the DagBag from /home/airflow/.local/lib/python3.7/site-packages/airflow/example_dags/tutorial_taskflow_api_etl.py
[2022-07-06 19:40:20,725] {processor.py:651} INFO - DAG(s) dict_keys(['tutorial_taskflow_api_etl']) retrieved from /home/airflow/.local/lib/python3.7/site-packages/airflow/example_dags/tutorial_taskflow_api_etl.py
[2022-07-06 19:40:20,974] {logging_mixin.py:115} INFO - [2022-07-06 19:40:20,974] {dag.py:2379} INFO - Sync 1 DAGs
[2022-07-06 19:40:21,007] {logging_mixin.py:115} INFO - [2022-07-06 19:40:21,007] {dag.py:2931} INFO - Setting next_dagrun for tutorial_taskflow_api_etl to None, run_after=None
[2022-07-06 19:40:21,238] {processor.py:161} INFO - Processing /home/airflow/.local/lib/python3.7/site-packages/airflow/example_dags/tutorial_taskflow_api_etl.py took 0.650 seconds
[2022-07-06 19:40:51,852] {processor.py:153} INFO - Started process (PID=305) to work on /home/airflow/.local/lib/python3.7/site-packages/airflow/example_dags/tutorial_taskflow_api_etl.py
[2022-07-06 19:40:51,853] {processor.py:641} INFO - Processing file /home/airflow/.local/lib/python3.7/site-packages/airflow/example_dags/tutorial_taskflow_api_etl.py for tasks to queue
[2022-07-06 19:40:51,854] {logging_mixin.py:115} INFO - [2022-07-06 19:40:51,854] {dagbag.py:507} INFO - Filling up the DagBag from /home/airflow/.local/lib/python3.7/site-packages/airflow/example_dags/tutorial_taskflow_api_etl.py
[2022-07-06 19:40:51,881] {processor.py:651} INFO - DAG(s) dict_keys(['tutorial_taskflow_api_etl']) retrieved from /home/airflow/.local/lib/python3.7/site-packages/airflow/example_dags/tutorial_taskflow_api_etl.py
[2022-07-06 19:40:51,986] {logging_mixin.py:115} INFO - [2022-07-06 19:40:51,986] {dag.py:2379} INFO - Sync 1 DAGs
[2022-07-06 19:40:52,055] {logging_mixin.py:115} INFO - [2022-07-06 19:40:52,055] {dag.py:2931} INFO - Setting next_dagrun for tutorial_taskflow_api_etl to None, run_after=None
[2022-07-06 19:40:52,276] {processor.py:161} INFO - Processing /home/airflow/.local/lib/python3.7/site-packages/airflow/example_dags/tutorial_taskflow_api_etl.py took 0.429 seconds
[2022-07-06 19:41:22,388] {processor.py:153} INFO - Started process (PID=364) to work on /home/airflow/.local/lib/python3.7/site-packages/airflow/example_dags/tutorial_taskflow_api_etl.py
[2022-07-06 19:41:22,451] {processor.py:641} INFO - Processing file /home/airflow/.local/lib/python3.7/site-packages/airflow/example_dags/tutorial_taskflow_api_etl.py for tasks to queue
[2022-07-06 19:41:22,452] {logging_mixin.py:115} INFO - [2022-07-06 19:41:22,452] {dagbag.py:507} INFO - Filling up the DagBag from /home/airflow/.local/lib/python3.7/site-packages/airflow/example_dags/tutorial_taskflow_api_etl.py
[2022-07-06 19:41:22,496] {processor.py:651} INFO - DAG(s) dict_keys(['tutorial_taskflow_api_etl']) retrieved from /home/airflow/.local/lib/python3.7/site-packages/airflow/example_dags/tutorial_taskflow_api_etl.py
[2022-07-06 19:41:22,584] {logging_mixin.py:115} INFO - [2022-07-06 19:41:22,583] {dag.py:2379} INFO - Sync 1 DAGs
[2022-07-06 19:41:22,615] {logging_mixin.py:115} INFO - [2022-07-06 19:41:22,615] {dag.py:2931} INFO - Setting next_dagrun for tutorial_taskflow_api_etl to None, run_after=None
[2022-07-06 19:41:22,850] {processor.py:161} INFO - Processing /home/airflow/.local/lib/python3.7/site-packages/airflow/example_dags/tutorial_taskflow_api_etl.py took 0.466 seconds
[2022-07-06 19:42:16,296] {processor.py:153} INFO - Started process (PID=406) to work on /home/airflow/.local/lib/python3.7/site-packages/airflow/example_dags/tutorial_taskflow_api_etl.py
[2022-07-06 19:42:16,484] {processor.py:641} INFO - Processing file /home/airflow/.local/lib/python3.7/site-packages/airflow/example_dags/tutorial_taskflow_api_etl.py for tasks to queue
[2022-07-06 19:42:16,485] {logging_mixin.py:115} INFO - [2022-07-06 19:42:16,485] {dagbag.py:507} INFO - Filling up the DagBag from /home/airflow/.local/lib/python3.7/site-packages/airflow/example_dags/tutorial_taskflow_api_etl.py
[2022-07-06 19:42:16,874] {processor.py:651} INFO - DAG(s) dict_keys(['tutorial_taskflow_api_etl']) retrieved from /home/airflow/.local/lib/python3.7/site-packages/airflow/example_dags/tutorial_taskflow_api_etl.py
[2022-07-06 19:42:16,954] {logging_mixin.py:115} INFO - [2022-07-06 19:42:16,954] {dag.py:2379} INFO - Sync 1 DAGs
[2022-07-06 19:42:16,975] {logging_mixin.py:115} INFO - [2022-07-06 19:42:16,975] {dag.py:2931} INFO - Setting next_dagrun for tutorial_taskflow_api_etl to None, run_after=None
[2022-07-06 19:42:17,561] {processor.py:161} INFO - Processing /home/airflow/.local/lib/python3.7/site-packages/airflow/example_dags/tutorial_taskflow_api_etl.py took 1.269 seconds
[2022-07-06 19:44:59,436] {processor.py:153} INFO - Started process (PID=466) to work on /home/airflow/.local/lib/python3.7/site-packages/airflow/example_dags/tutorial_taskflow_api_etl.py
[2022-07-06 19:44:59,682] {processor.py:641} INFO - Processing file /home/airflow/.local/lib/python3.7/site-packages/airflow/example_dags/tutorial_taskflow_api_etl.py for tasks to queue
[2022-07-06 19:44:59,934] {logging_mixin.py:115} INFO - [2022-07-06 19:44:59,933] {dagbag.py:507} INFO - Filling up the DagBag from /home/airflow/.local/lib/python3.7/site-packages/airflow/example_dags/tutorial_taskflow_api_etl.py
[2022-07-06 19:45:00,473] {processor.py:651} INFO - DAG(s) dict_keys(['tutorial_taskflow_api_etl']) retrieved from /home/airflow/.local/lib/python3.7/site-packages/airflow/example_dags/tutorial_taskflow_api_etl.py
[2022-07-06 19:45:00,616] {logging_mixin.py:115} INFO - [2022-07-06 19:45:00,616] {dag.py:2379} INFO - Sync 1 DAGs
[2022-07-06 19:45:00,640] {logging_mixin.py:115} INFO - [2022-07-06 19:45:00,640] {dag.py:2931} INFO - Setting next_dagrun for tutorial_taskflow_api_etl to None, run_after=None
[2022-07-06 19:45:01,322] {processor.py:161} INFO - Processing /home/airflow/.local/lib/python3.7/site-packages/airflow/example_dags/tutorial_taskflow_api_etl.py took 1.913 seconds
[2022-07-06 19:54:37,940] {processor.py:153} INFO - Started process (PID=134) to work on /home/airflow/.local/lib/python3.7/site-packages/airflow/example_dags/tutorial_taskflow_api_etl.py
[2022-07-06 19:54:37,961] {processor.py:641} INFO - Processing file /home/airflow/.local/lib/python3.7/site-packages/airflow/example_dags/tutorial_taskflow_api_etl.py for tasks to queue
[2022-07-06 19:54:37,962] {logging_mixin.py:115} INFO - [2022-07-06 19:54:37,962] {dagbag.py:507} INFO - Filling up the DagBag from /home/airflow/.local/lib/python3.7/site-packages/airflow/example_dags/tutorial_taskflow_api_etl.py
[2022-07-06 19:54:37,997] {processor.py:651} INFO - DAG(s) dict_keys(['tutorial_taskflow_api_etl']) retrieved from /home/airflow/.local/lib/python3.7/site-packages/airflow/example_dags/tutorial_taskflow_api_etl.py
[2022-07-06 19:54:38,140] {logging_mixin.py:115} INFO - [2022-07-06 19:54:38,140] {dag.py:2379} INFO - Sync 1 DAGs
[2022-07-06 19:54:38,184] {logging_mixin.py:115} INFO - [2022-07-06 19:54:38,183] {dag.py:2931} INFO - Setting next_dagrun for tutorial_taskflow_api_etl to None, run_after=None
[2022-07-06 19:54:38,377] {processor.py:161} INFO - Processing /home/airflow/.local/lib/python3.7/site-packages/airflow/example_dags/tutorial_taskflow_api_etl.py took 0.442 seconds
[2022-07-06 19:55:21,388] {processor.py:153} INFO - Started process (PID=186) to work on /home/airflow/.local/lib/python3.7/site-packages/airflow/example_dags/tutorial_taskflow_api_etl.py
[2022-07-06 19:55:21,522] {processor.py:641} INFO - Processing file /home/airflow/.local/lib/python3.7/site-packages/airflow/example_dags/tutorial_taskflow_api_etl.py for tasks to queue
[2022-07-06 19:55:21,524] {logging_mixin.py:115} INFO - [2022-07-06 19:55:21,524] {dagbag.py:507} INFO - Filling up the DagBag from /home/airflow/.local/lib/python3.7/site-packages/airflow/example_dags/tutorial_taskflow_api_etl.py
[2022-07-06 19:55:21,907] {processor.py:651} INFO - DAG(s) dict_keys(['tutorial_taskflow_api_etl']) retrieved from /home/airflow/.local/lib/python3.7/site-packages/airflow/example_dags/tutorial_taskflow_api_etl.py
[2022-07-06 19:55:22,975] {logging_mixin.py:115} INFO - [2022-07-06 19:55:22,975] {dag.py:2379} INFO - Sync 1 DAGs
[2022-07-06 19:55:23,225] {logging_mixin.py:115} INFO - [2022-07-06 19:55:23,225] {dag.py:2931} INFO - Setting next_dagrun for tutorial_taskflow_api_etl to None, run_after=None
[2022-07-06 19:55:23,734] {processor.py:161} INFO - Processing /home/airflow/.local/lib/python3.7/site-packages/airflow/example_dags/tutorial_taskflow_api_etl.py took 2.664 seconds
[2022-07-06 19:58:08,582] {processor.py:153} INFO - Started process (PID=332) to work on /home/airflow/.local/lib/python3.7/site-packages/airflow/example_dags/tutorial_taskflow_api_etl.py
[2022-07-06 19:58:08,625] {processor.py:641} INFO - Processing file /home/airflow/.local/lib/python3.7/site-packages/airflow/example_dags/tutorial_taskflow_api_etl.py for tasks to queue
[2022-07-06 19:58:08,779] {logging_mixin.py:115} INFO - [2022-07-06 19:58:08,779] {dagbag.py:507} INFO - Filling up the DagBag from /home/airflow/.local/lib/python3.7/site-packages/airflow/example_dags/tutorial_taskflow_api_etl.py
[2022-07-06 19:58:10,935] {processor.py:651} INFO - DAG(s) dict_keys(['tutorial_taskflow_api_etl']) retrieved from /home/airflow/.local/lib/python3.7/site-packages/airflow/example_dags/tutorial_taskflow_api_etl.py
[2022-07-06 19:58:12,273] {logging_mixin.py:115} INFO - [2022-07-06 19:58:12,272] {dag.py:2379} INFO - Sync 1 DAGs
[2022-07-06 19:58:12,396] {logging_mixin.py:115} INFO - [2022-07-06 19:58:12,396] {dag.py:2931} INFO - Setting next_dagrun for tutorial_taskflow_api_etl to None, run_after=None
[2022-07-06 19:58:12,627] {processor.py:161} INFO - Processing /home/airflow/.local/lib/python3.7/site-packages/airflow/example_dags/tutorial_taskflow_api_etl.py took 4.056 seconds
[2022-07-06 19:58:42,695] {processor.py:153} INFO - Started process (PID=393) to work on /home/airflow/.local/lib/python3.7/site-packages/airflow/example_dags/tutorial_taskflow_api_etl.py
[2022-07-06 19:58:42,808] {processor.py:641} INFO - Processing file /home/airflow/.local/lib/python3.7/site-packages/airflow/example_dags/tutorial_taskflow_api_etl.py for tasks to queue
[2022-07-06 19:58:42,809] {logging_mixin.py:115} INFO - [2022-07-06 19:58:42,809] {dagbag.py:507} INFO - Filling up the DagBag from /home/airflow/.local/lib/python3.7/site-packages/airflow/example_dags/tutorial_taskflow_api_etl.py
[2022-07-06 19:58:42,837] {processor.py:651} INFO - DAG(s) dict_keys(['tutorial_taskflow_api_etl']) retrieved from /home/airflow/.local/lib/python3.7/site-packages/airflow/example_dags/tutorial_taskflow_api_etl.py
[2022-07-06 19:58:42,953] {logging_mixin.py:115} INFO - [2022-07-06 19:58:42,953] {dag.py:2379} INFO - Sync 1 DAGs
[2022-07-06 19:58:42,979] {logging_mixin.py:115} INFO - [2022-07-06 19:58:42,979] {dag.py:2931} INFO - Setting next_dagrun for tutorial_taskflow_api_etl to None, run_after=None
[2022-07-06 19:58:43,072] {processor.py:161} INFO - Processing /home/airflow/.local/lib/python3.7/site-packages/airflow/example_dags/tutorial_taskflow_api_etl.py took 0.381 seconds
[2022-07-06 19:59:13,660] {processor.py:153} INFO - Started process (PID=445) to work on /home/airflow/.local/lib/python3.7/site-packages/airflow/example_dags/tutorial_taskflow_api_etl.py
[2022-07-06 19:59:13,838] {processor.py:641} INFO - Processing file /home/airflow/.local/lib/python3.7/site-packages/airflow/example_dags/tutorial_taskflow_api_etl.py for tasks to queue
[2022-07-06 19:59:13,839] {logging_mixin.py:115} INFO - [2022-07-06 19:59:13,839] {dagbag.py:507} INFO - Filling up the DagBag from /home/airflow/.local/lib/python3.7/site-packages/airflow/example_dags/tutorial_taskflow_api_etl.py
[2022-07-06 19:59:17,994] {processor.py:651} INFO - DAG(s) dict_keys(['tutorial_taskflow_api_etl']) retrieved from /home/airflow/.local/lib/python3.7/site-packages/airflow/example_dags/tutorial_taskflow_api_etl.py
[2022-07-06 19:59:24,944] {logging_mixin.py:115} INFO - [2022-07-06 19:59:24,944] {dag.py:2379} INFO - Sync 1 DAGs
[2022-07-06 19:59:25,197] {logging_mixin.py:115} INFO - [2022-07-06 19:59:25,197] {dag.py:2931} INFO - Setting next_dagrun for tutorial_taskflow_api_etl to None, run_after=None
[2022-07-06 19:59:26,060] {processor.py:161} INFO - Processing /home/airflow/.local/lib/python3.7/site-packages/airflow/example_dags/tutorial_taskflow_api_etl.py took 12.415 seconds
[2022-07-06 20:00:01,292] {processor.py:153} INFO - Started process (PID=507) to work on /home/airflow/.local/lib/python3.7/site-packages/airflow/example_dags/tutorial_taskflow_api_etl.py
[2022-07-06 20:00:01,339] {processor.py:641} INFO - Processing file /home/airflow/.local/lib/python3.7/site-packages/airflow/example_dags/tutorial_taskflow_api_etl.py for tasks to queue
[2022-07-06 20:00:01,340] {logging_mixin.py:115} INFO - [2022-07-06 20:00:01,340] {dagbag.py:507} INFO - Filling up the DagBag from /home/airflow/.local/lib/python3.7/site-packages/airflow/example_dags/tutorial_taskflow_api_etl.py
[2022-07-06 20:00:01,361] {processor.py:651} INFO - DAG(s) dict_keys(['tutorial_taskflow_api_etl']) retrieved from /home/airflow/.local/lib/python3.7/site-packages/airflow/example_dags/tutorial_taskflow_api_etl.py
[2022-07-06 20:00:01,455] {logging_mixin.py:115} INFO - [2022-07-06 20:00:01,454] {dag.py:2379} INFO - Sync 1 DAGs
[2022-07-06 20:00:01,484] {logging_mixin.py:115} INFO - [2022-07-06 20:00:01,484] {dag.py:2931} INFO - Setting next_dagrun for tutorial_taskflow_api_etl to None, run_after=None
[2022-07-06 20:00:01,758] {processor.py:161} INFO - Processing /home/airflow/.local/lib/python3.7/site-packages/airflow/example_dags/tutorial_taskflow_api_etl.py took 0.471 seconds
[2022-07-06 20:00:31,841] {processor.py:153} INFO - Started process (PID=567) to work on /home/airflow/.local/lib/python3.7/site-packages/airflow/example_dags/tutorial_taskflow_api_etl.py
[2022-07-06 20:00:31,841] {processor.py:641} INFO - Processing file /home/airflow/.local/lib/python3.7/site-packages/airflow/example_dags/tutorial_taskflow_api_etl.py for tasks to queue
[2022-07-06 20:00:31,842] {logging_mixin.py:115} INFO - [2022-07-06 20:00:31,842] {dagbag.py:507} INFO - Filling up the DagBag from /home/airflow/.local/lib/python3.7/site-packages/airflow/example_dags/tutorial_taskflow_api_etl.py
[2022-07-06 20:00:31,872] {processor.py:651} INFO - DAG(s) dict_keys(['tutorial_taskflow_api_etl']) retrieved from /home/airflow/.local/lib/python3.7/site-packages/airflow/example_dags/tutorial_taskflow_api_etl.py
[2022-07-06 20:00:31,999] {logging_mixin.py:115} INFO - [2022-07-06 20:00:31,999] {dag.py:2379} INFO - Sync 1 DAGs
[2022-07-06 20:00:32,045] {logging_mixin.py:115} INFO - [2022-07-06 20:00:32,044] {dag.py:2931} INFO - Setting next_dagrun for tutorial_taskflow_api_etl to None, run_after=None
[2022-07-06 20:00:32,342] {processor.py:161} INFO - Processing /home/airflow/.local/lib/python3.7/site-packages/airflow/example_dags/tutorial_taskflow_api_etl.py took 0.506 seconds
[2022-07-06 20:01:11,622] {processor.py:153} INFO - Started process (PID=626) to work on /home/airflow/.local/lib/python3.7/site-packages/airflow/example_dags/tutorial_taskflow_api_etl.py
[2022-07-06 20:01:11,737] {processor.py:641} INFO - Processing file /home/airflow/.local/lib/python3.7/site-packages/airflow/example_dags/tutorial_taskflow_api_etl.py for tasks to queue
[2022-07-06 20:01:11,738] {logging_mixin.py:115} INFO - [2022-07-06 20:01:11,738] {dagbag.py:507} INFO - Filling up the DagBag from /home/airflow/.local/lib/python3.7/site-packages/airflow/example_dags/tutorial_taskflow_api_etl.py
[2022-07-06 20:01:11,813] {processor.py:651} INFO - DAG(s) dict_keys(['tutorial_taskflow_api_etl']) retrieved from /home/airflow/.local/lib/python3.7/site-packages/airflow/example_dags/tutorial_taskflow_api_etl.py
[2022-07-06 20:01:11,907] {logging_mixin.py:115} INFO - [2022-07-06 20:01:11,907] {dag.py:2379} INFO - Sync 1 DAGs
[2022-07-06 20:01:12,101] {logging_mixin.py:115} INFO - [2022-07-06 20:01:12,101] {dag.py:2931} INFO - Setting next_dagrun for tutorial_taskflow_api_etl to None, run_after=None
[2022-07-06 20:01:12,311] {processor.py:161} INFO - Processing /home/airflow/.local/lib/python3.7/site-packages/airflow/example_dags/tutorial_taskflow_api_etl.py took 0.697 seconds
[2022-07-06 20:01:53,252] {processor.py:153} INFO - Started process (PID=687) to work on /home/airflow/.local/lib/python3.7/site-packages/airflow/example_dags/tutorial_taskflow_api_etl.py
[2022-07-06 20:01:53,271] {processor.py:641} INFO - Processing file /home/airflow/.local/lib/python3.7/site-packages/airflow/example_dags/tutorial_taskflow_api_etl.py for tasks to queue
[2022-07-06 20:01:53,272] {logging_mixin.py:115} INFO - [2022-07-06 20:01:53,272] {dagbag.py:507} INFO - Filling up the DagBag from /home/airflow/.local/lib/python3.7/site-packages/airflow/example_dags/tutorial_taskflow_api_etl.py
[2022-07-06 20:01:53,295] {processor.py:651} INFO - DAG(s) dict_keys(['tutorial_taskflow_api_etl']) retrieved from /home/airflow/.local/lib/python3.7/site-packages/airflow/example_dags/tutorial_taskflow_api_etl.py
[2022-07-06 20:01:53,394] {logging_mixin.py:115} INFO - [2022-07-06 20:01:53,394] {dag.py:2379} INFO - Sync 1 DAGs
[2022-07-06 20:01:53,424] {logging_mixin.py:115} INFO - [2022-07-06 20:01:53,424] {dag.py:2931} INFO - Setting next_dagrun for tutorial_taskflow_api_etl to None, run_after=None
[2022-07-06 20:01:53,565] {processor.py:161} INFO - Processing /home/airflow/.local/lib/python3.7/site-packages/airflow/example_dags/tutorial_taskflow_api_etl.py took 0.316 seconds
[2022-07-06 20:02:24,560] {processor.py:153} INFO - Started process (PID=738) to work on /home/airflow/.local/lib/python3.7/site-packages/airflow/example_dags/tutorial_taskflow_api_etl.py
[2022-07-06 20:02:24,605] {processor.py:641} INFO - Processing file /home/airflow/.local/lib/python3.7/site-packages/airflow/example_dags/tutorial_taskflow_api_etl.py for tasks to queue
[2022-07-06 20:02:24,606] {logging_mixin.py:115} INFO - [2022-07-06 20:02:24,606] {dagbag.py:507} INFO - Filling up the DagBag from /home/airflow/.local/lib/python3.7/site-packages/airflow/example_dags/tutorial_taskflow_api_etl.py
[2022-07-06 20:02:24,628] {processor.py:651} INFO - DAG(s) dict_keys(['tutorial_taskflow_api_etl']) retrieved from /home/airflow/.local/lib/python3.7/site-packages/airflow/example_dags/tutorial_taskflow_api_etl.py
[2022-07-06 20:02:24,725] {logging_mixin.py:115} INFO - [2022-07-06 20:02:24,725] {dag.py:2379} INFO - Sync 1 DAGs
[2022-07-06 20:02:24,757] {logging_mixin.py:115} INFO - [2022-07-06 20:02:24,757] {dag.py:2931} INFO - Setting next_dagrun for tutorial_taskflow_api_etl to None, run_after=None
[2022-07-06 20:02:24,939] {processor.py:161} INFO - Processing /home/airflow/.local/lib/python3.7/site-packages/airflow/example_dags/tutorial_taskflow_api_etl.py took 0.383 seconds
[2022-07-06 20:02:56,425] {processor.py:153} INFO - Started process (PID=798) to work on /home/airflow/.local/lib/python3.7/site-packages/airflow/example_dags/tutorial_taskflow_api_etl.py
[2022-07-06 20:02:56,629] {processor.py:641} INFO - Processing file /home/airflow/.local/lib/python3.7/site-packages/airflow/example_dags/tutorial_taskflow_api_etl.py for tasks to queue
[2022-07-06 20:02:56,630] {logging_mixin.py:115} INFO - [2022-07-06 20:02:56,630] {dagbag.py:507} INFO - Filling up the DagBag from /home/airflow/.local/lib/python3.7/site-packages/airflow/example_dags/tutorial_taskflow_api_etl.py
[2022-07-06 20:02:56,661] {processor.py:651} INFO - DAG(s) dict_keys(['tutorial_taskflow_api_etl']) retrieved from /home/airflow/.local/lib/python3.7/site-packages/airflow/example_dags/tutorial_taskflow_api_etl.py
[2022-07-06 20:02:56,810] {logging_mixin.py:115} INFO - [2022-07-06 20:02:56,810] {dag.py:2379} INFO - Sync 1 DAGs
[2022-07-06 20:02:56,859] {logging_mixin.py:115} INFO - [2022-07-06 20:02:56,858] {dag.py:2931} INFO - Setting next_dagrun for tutorial_taskflow_api_etl to None, run_after=None
[2022-07-06 20:02:57,354] {processor.py:161} INFO - Processing /home/airflow/.local/lib/python3.7/site-packages/airflow/example_dags/tutorial_taskflow_api_etl.py took 0.934 seconds
[2022-07-06 20:03:27,848] {processor.py:153} INFO - Started process (PID=850) to work on /home/airflow/.local/lib/python3.7/site-packages/airflow/example_dags/tutorial_taskflow_api_etl.py
[2022-07-06 20:03:27,848] {processor.py:641} INFO - Processing file /home/airflow/.local/lib/python3.7/site-packages/airflow/example_dags/tutorial_taskflow_api_etl.py for tasks to queue
[2022-07-06 20:03:27,855] {logging_mixin.py:115} INFO - [2022-07-06 20:03:27,855] {dagbag.py:507} INFO - Filling up the DagBag from /home/airflow/.local/lib/python3.7/site-packages/airflow/example_dags/tutorial_taskflow_api_etl.py
[2022-07-06 20:03:27,923] {processor.py:651} INFO - DAG(s) dict_keys(['tutorial_taskflow_api_etl']) retrieved from /home/airflow/.local/lib/python3.7/site-packages/airflow/example_dags/tutorial_taskflow_api_etl.py
[2022-07-06 20:03:28,068] {logging_mixin.py:115} INFO - [2022-07-06 20:03:28,068] {dag.py:2379} INFO - Sync 1 DAGs
[2022-07-06 20:03:28,112] {logging_mixin.py:115} INFO - [2022-07-06 20:03:28,112] {dag.py:2931} INFO - Setting next_dagrun for tutorial_taskflow_api_etl to None, run_after=None
[2022-07-06 20:03:29,346] {processor.py:161} INFO - Processing /home/airflow/.local/lib/python3.7/site-packages/airflow/example_dags/tutorial_taskflow_api_etl.py took 1.517 seconds
[2022-07-06 20:04:00,159] {processor.py:153} INFO - Started process (PID=902) to work on /home/airflow/.local/lib/python3.7/site-packages/airflow/example_dags/tutorial_taskflow_api_etl.py
[2022-07-06 20:04:00,182] {processor.py:641} INFO - Processing file /home/airflow/.local/lib/python3.7/site-packages/airflow/example_dags/tutorial_taskflow_api_etl.py for tasks to queue
[2022-07-06 20:04:00,183] {logging_mixin.py:115} INFO - [2022-07-06 20:04:00,183] {dagbag.py:507} INFO - Filling up the DagBag from /home/airflow/.local/lib/python3.7/site-packages/airflow/example_dags/tutorial_taskflow_api_etl.py
[2022-07-06 20:04:00,211] {processor.py:651} INFO - DAG(s) dict_keys(['tutorial_taskflow_api_etl']) retrieved from /home/airflow/.local/lib/python3.7/site-packages/airflow/example_dags/tutorial_taskflow_api_etl.py
[2022-07-06 20:04:00,255] {logging_mixin.py:115} INFO - [2022-07-06 20:04:00,255] {dag.py:2379} INFO - Sync 1 DAGs
[2022-07-06 20:04:00,297] {logging_mixin.py:115} INFO - [2022-07-06 20:04:00,297] {dag.py:2931} INFO - Setting next_dagrun for tutorial_taskflow_api_etl to None, run_after=None
[2022-07-06 20:04:00,333] {processor.py:161} INFO - Processing /home/airflow/.local/lib/python3.7/site-packages/airflow/example_dags/tutorial_taskflow_api_etl.py took 0.179 seconds
[2022-07-06 20:04:30,520] {processor.py:153} INFO - Started process (PID=952) to work on /home/airflow/.local/lib/python3.7/site-packages/airflow/example_dags/tutorial_taskflow_api_etl.py
[2022-07-06 20:04:30,521] {processor.py:641} INFO - Processing file /home/airflow/.local/lib/python3.7/site-packages/airflow/example_dags/tutorial_taskflow_api_etl.py for tasks to queue
[2022-07-06 20:04:30,521] {logging_mixin.py:115} INFO - [2022-07-06 20:04:30,521] {dagbag.py:507} INFO - Filling up the DagBag from /home/airflow/.local/lib/python3.7/site-packages/airflow/example_dags/tutorial_taskflow_api_etl.py
[2022-07-06 20:04:30,551] {processor.py:651} INFO - DAG(s) dict_keys(['tutorial_taskflow_api_etl']) retrieved from /home/airflow/.local/lib/python3.7/site-packages/airflow/example_dags/tutorial_taskflow_api_etl.py
[2022-07-06 20:04:30,693] {logging_mixin.py:115} INFO - [2022-07-06 20:04:30,692] {dag.py:2379} INFO - Sync 1 DAGs
[2022-07-06 20:04:30,885] {logging_mixin.py:115} INFO - [2022-07-06 20:04:30,885] {dag.py:2931} INFO - Setting next_dagrun for tutorial_taskflow_api_etl to None, run_after=None
[2022-07-06 20:04:31,107] {processor.py:161} INFO - Processing /home/airflow/.local/lib/python3.7/site-packages/airflow/example_dags/tutorial_taskflow_api_etl.py took 0.592 seconds
[2022-07-06 20:05:01,602] {processor.py:153} INFO - Started process (PID=1015) to work on /home/airflow/.local/lib/python3.7/site-packages/airflow/example_dags/tutorial_taskflow_api_etl.py
[2022-07-06 20:05:01,603] {processor.py:641} INFO - Processing file /home/airflow/.local/lib/python3.7/site-packages/airflow/example_dags/tutorial_taskflow_api_etl.py for tasks to queue
[2022-07-06 20:05:01,603] {logging_mixin.py:115} INFO - [2022-07-06 20:05:01,603] {dagbag.py:507} INFO - Filling up the DagBag from /home/airflow/.local/lib/python3.7/site-packages/airflow/example_dags/tutorial_taskflow_api_etl.py
[2022-07-06 20:05:01,640] {processor.py:651} INFO - DAG(s) dict_keys(['tutorial_taskflow_api_etl']) retrieved from /home/airflow/.local/lib/python3.7/site-packages/airflow/example_dags/tutorial_taskflow_api_etl.py
[2022-07-06 20:05:01,740] {logging_mixin.py:115} INFO - [2022-07-06 20:05:01,740] {dag.py:2379} INFO - Sync 1 DAGs
[2022-07-06 20:05:01,814] {logging_mixin.py:115} INFO - [2022-07-06 20:05:01,814] {dag.py:2931} INFO - Setting next_dagrun for tutorial_taskflow_api_etl to None, run_after=None
[2022-07-06 20:05:01,890] {processor.py:161} INFO - Processing /home/airflow/.local/lib/python3.7/site-packages/airflow/example_dags/tutorial_taskflow_api_etl.py took 0.309 seconds
[2022-07-06 20:05:32,057] {processor.py:153} INFO - Started process (PID=1065) to work on /home/airflow/.local/lib/python3.7/site-packages/airflow/example_dags/tutorial_taskflow_api_etl.py
[2022-07-06 20:05:32,205] {processor.py:641} INFO - Processing file /home/airflow/.local/lib/python3.7/site-packages/airflow/example_dags/tutorial_taskflow_api_etl.py for tasks to queue
[2022-07-06 20:05:32,207] {logging_mixin.py:115} INFO - [2022-07-06 20:05:32,207] {dagbag.py:507} INFO - Filling up the DagBag from /home/airflow/.local/lib/python3.7/site-packages/airflow/example_dags/tutorial_taskflow_api_etl.py
[2022-07-06 20:05:32,258] {processor.py:651} INFO - DAG(s) dict_keys(['tutorial_taskflow_api_etl']) retrieved from /home/airflow/.local/lib/python3.7/site-packages/airflow/example_dags/tutorial_taskflow_api_etl.py
[2022-07-06 20:05:32,343] {logging_mixin.py:115} INFO - [2022-07-06 20:05:32,343] {dag.py:2379} INFO - Sync 1 DAGs
[2022-07-06 20:05:32,486] {logging_mixin.py:115} INFO - [2022-07-06 20:05:32,486] {dag.py:2931} INFO - Setting next_dagrun for tutorial_taskflow_api_etl to None, run_after=None
[2022-07-06 20:05:32,534] {processor.py:161} INFO - Processing /home/airflow/.local/lib/python3.7/site-packages/airflow/example_dags/tutorial_taskflow_api_etl.py took 0.480 seconds
[2022-07-06 20:06:02,586] {processor.py:153} INFO - Started process (PID=1117) to work on /home/airflow/.local/lib/python3.7/site-packages/airflow/example_dags/tutorial_taskflow_api_etl.py
[2022-07-06 20:06:02,588] {processor.py:641} INFO - Processing file /home/airflow/.local/lib/python3.7/site-packages/airflow/example_dags/tutorial_taskflow_api_etl.py for tasks to queue
[2022-07-06 20:06:02,590] {logging_mixin.py:115} INFO - [2022-07-06 20:06:02,590] {dagbag.py:507} INFO - Filling up the DagBag from /home/airflow/.local/lib/python3.7/site-packages/airflow/example_dags/tutorial_taskflow_api_etl.py
[2022-07-06 20:06:02,662] {processor.py:651} INFO - DAG(s) dict_keys(['tutorial_taskflow_api_etl']) retrieved from /home/airflow/.local/lib/python3.7/site-packages/airflow/example_dags/tutorial_taskflow_api_etl.py
[2022-07-06 20:06:02,769] {logging_mixin.py:115} INFO - [2022-07-06 20:06:02,769] {dag.py:2379} INFO - Sync 1 DAGs
[2022-07-06 20:06:02,932] {logging_mixin.py:115} INFO - [2022-07-06 20:06:02,932] {dag.py:2931} INFO - Setting next_dagrun for tutorial_taskflow_api_etl to None, run_after=None
[2022-07-06 20:06:02,967] {processor.py:161} INFO - Processing /home/airflow/.local/lib/python3.7/site-packages/airflow/example_dags/tutorial_taskflow_api_etl.py took 0.392 seconds
[2022-07-06 20:06:34,190] {processor.py:153} INFO - Started process (PID=1179) to work on /home/airflow/.local/lib/python3.7/site-packages/airflow/example_dags/tutorial_taskflow_api_etl.py
[2022-07-06 20:06:34,211] {processor.py:641} INFO - Processing file /home/airflow/.local/lib/python3.7/site-packages/airflow/example_dags/tutorial_taskflow_api_etl.py for tasks to queue
[2022-07-06 20:06:34,212] {logging_mixin.py:115} INFO - [2022-07-06 20:06:34,211] {dagbag.py:507} INFO - Filling up the DagBag from /home/airflow/.local/lib/python3.7/site-packages/airflow/example_dags/tutorial_taskflow_api_etl.py
[2022-07-06 20:06:34,273] {processor.py:651} INFO - DAG(s) dict_keys(['tutorial_taskflow_api_etl']) retrieved from /home/airflow/.local/lib/python3.7/site-packages/airflow/example_dags/tutorial_taskflow_api_etl.py
[2022-07-06 20:06:34,416] {logging_mixin.py:115} INFO - [2022-07-06 20:06:34,416] {dag.py:2379} INFO - Sync 1 DAGs
[2022-07-06 20:06:34,650] {logging_mixin.py:115} INFO - [2022-07-06 20:06:34,650] {dag.py:2931} INFO - Setting next_dagrun for tutorial_taskflow_api_etl to None, run_after=None
[2022-07-06 20:06:34,688] {processor.py:161} INFO - Processing /home/airflow/.local/lib/python3.7/site-packages/airflow/example_dags/tutorial_taskflow_api_etl.py took 0.511 seconds
[2022-07-06 20:07:05,360] {processor.py:153} INFO - Started process (PID=1231) to work on /home/airflow/.local/lib/python3.7/site-packages/airflow/example_dags/tutorial_taskflow_api_etl.py
[2022-07-06 20:07:05,360] {processor.py:641} INFO - Processing file /home/airflow/.local/lib/python3.7/site-packages/airflow/example_dags/tutorial_taskflow_api_etl.py for tasks to queue
[2022-07-06 20:07:05,361] {logging_mixin.py:115} INFO - [2022-07-06 20:07:05,361] {dagbag.py:507} INFO - Filling up the DagBag from /home/airflow/.local/lib/python3.7/site-packages/airflow/example_dags/tutorial_taskflow_api_etl.py
[2022-07-06 20:07:05,389] {processor.py:651} INFO - DAG(s) dict_keys(['tutorial_taskflow_api_etl']) retrieved from /home/airflow/.local/lib/python3.7/site-packages/airflow/example_dags/tutorial_taskflow_api_etl.py
[2022-07-06 20:07:05,546] {logging_mixin.py:115} INFO - [2022-07-06 20:07:05,546] {dag.py:2379} INFO - Sync 1 DAGs
[2022-07-06 20:07:05,736] {logging_mixin.py:115} INFO - [2022-07-06 20:07:05,736] {dag.py:2931} INFO - Setting next_dagrun for tutorial_taskflow_api_etl to None, run_after=None
[2022-07-06 20:07:05,805] {processor.py:161} INFO - Processing /home/airflow/.local/lib/python3.7/site-packages/airflow/example_dags/tutorial_taskflow_api_etl.py took 0.449 seconds
[2022-07-06 20:07:36,602] {processor.py:153} INFO - Started process (PID=1291) to work on /home/airflow/.local/lib/python3.7/site-packages/airflow/example_dags/tutorial_taskflow_api_etl.py
[2022-07-06 20:07:36,612] {processor.py:641} INFO - Processing file /home/airflow/.local/lib/python3.7/site-packages/airflow/example_dags/tutorial_taskflow_api_etl.py for tasks to queue
[2022-07-06 20:07:36,613] {logging_mixin.py:115} INFO - [2022-07-06 20:07:36,613] {dagbag.py:507} INFO - Filling up the DagBag from /home/airflow/.local/lib/python3.7/site-packages/airflow/example_dags/tutorial_taskflow_api_etl.py
[2022-07-06 20:07:36,687] {processor.py:651} INFO - DAG(s) dict_keys(['tutorial_taskflow_api_etl']) retrieved from /home/airflow/.local/lib/python3.7/site-packages/airflow/example_dags/tutorial_taskflow_api_etl.py
[2022-07-06 20:07:36,817] {logging_mixin.py:115} INFO - [2022-07-06 20:07:36,817] {dag.py:2379} INFO - Sync 1 DAGs
[2022-07-06 20:07:37,015] {logging_mixin.py:115} INFO - [2022-07-06 20:07:37,015] {dag.py:2931} INFO - Setting next_dagrun for tutorial_taskflow_api_etl to None, run_after=None
[2022-07-06 20:07:37,042] {processor.py:161} INFO - Processing /home/airflow/.local/lib/python3.7/site-packages/airflow/example_dags/tutorial_taskflow_api_etl.py took 0.445 seconds
[2022-07-06 20:08:08,028] {processor.py:153} INFO - Started process (PID=1343) to work on /home/airflow/.local/lib/python3.7/site-packages/airflow/example_dags/tutorial_taskflow_api_etl.py
[2022-07-06 20:08:08,029] {processor.py:641} INFO - Processing file /home/airflow/.local/lib/python3.7/site-packages/airflow/example_dags/tutorial_taskflow_api_etl.py for tasks to queue
[2022-07-06 20:08:08,030] {logging_mixin.py:115} INFO - [2022-07-06 20:08:08,030] {dagbag.py:507} INFO - Filling up the DagBag from /home/airflow/.local/lib/python3.7/site-packages/airflow/example_dags/tutorial_taskflow_api_etl.py
[2022-07-06 20:08:08,071] {processor.py:651} INFO - DAG(s) dict_keys(['tutorial_taskflow_api_etl']) retrieved from /home/airflow/.local/lib/python3.7/site-packages/airflow/example_dags/tutorial_taskflow_api_etl.py
[2022-07-06 20:08:08,183] {logging_mixin.py:115} INFO - [2022-07-06 20:08:08,182] {dag.py:2379} INFO - Sync 1 DAGs
[2022-07-06 20:08:08,400] {logging_mixin.py:115} INFO - [2022-07-06 20:08:08,400] {dag.py:2931} INFO - Setting next_dagrun for tutorial_taskflow_api_etl to None, run_after=None
[2022-07-06 20:08:08,526] {processor.py:161} INFO - Processing /home/airflow/.local/lib/python3.7/site-packages/airflow/example_dags/tutorial_taskflow_api_etl.py took 0.510 seconds
[2022-07-06 20:08:38,577] {processor.py:153} INFO - Started process (PID=1395) to work on /home/airflow/.local/lib/python3.7/site-packages/airflow/example_dags/tutorial_taskflow_api_etl.py
[2022-07-06 20:08:38,615] {processor.py:641} INFO - Processing file /home/airflow/.local/lib/python3.7/site-packages/airflow/example_dags/tutorial_taskflow_api_etl.py for tasks to queue
[2022-07-06 20:08:38,616] {logging_mixin.py:115} INFO - [2022-07-06 20:08:38,615] {dagbag.py:507} INFO - Filling up the DagBag from /home/airflow/.local/lib/python3.7/site-packages/airflow/example_dags/tutorial_taskflow_api_etl.py
[2022-07-06 20:08:38,641] {processor.py:651} INFO - DAG(s) dict_keys(['tutorial_taskflow_api_etl']) retrieved from /home/airflow/.local/lib/python3.7/site-packages/airflow/example_dags/tutorial_taskflow_api_etl.py
[2022-07-06 20:08:38,770] {logging_mixin.py:115} INFO - [2022-07-06 20:08:38,770] {dag.py:2379} INFO - Sync 1 DAGs
[2022-07-06 20:08:38,953] {logging_mixin.py:115} INFO - [2022-07-06 20:08:38,953] {dag.py:2931} INFO - Setting next_dagrun for tutorial_taskflow_api_etl to None, run_after=None
[2022-07-06 20:08:39,092] {processor.py:161} INFO - Processing /home/airflow/.local/lib/python3.7/site-packages/airflow/example_dags/tutorial_taskflow_api_etl.py took 0.519 seconds
[2022-07-06 20:09:09,292] {processor.py:153} INFO - Started process (PID=1455) to work on /home/airflow/.local/lib/python3.7/site-packages/airflow/example_dags/tutorial_taskflow_api_etl.py
[2022-07-06 20:09:09,292] {processor.py:641} INFO - Processing file /home/airflow/.local/lib/python3.7/site-packages/airflow/example_dags/tutorial_taskflow_api_etl.py for tasks to queue
[2022-07-06 20:09:09,293] {logging_mixin.py:115} INFO - [2022-07-06 20:09:09,293] {dagbag.py:507} INFO - Filling up the DagBag from /home/airflow/.local/lib/python3.7/site-packages/airflow/example_dags/tutorial_taskflow_api_etl.py
[2022-07-06 20:09:09,314] {processor.py:651} INFO - DAG(s) dict_keys(['tutorial_taskflow_api_etl']) retrieved from /home/airflow/.local/lib/python3.7/site-packages/airflow/example_dags/tutorial_taskflow_api_etl.py
[2022-07-06 20:09:09,424] {logging_mixin.py:115} INFO - [2022-07-06 20:09:09,424] {dag.py:2379} INFO - Sync 1 DAGs
[2022-07-06 20:09:09,625] {logging_mixin.py:115} INFO - [2022-07-06 20:09:09,624] {dag.py:2931} INFO - Setting next_dagrun for tutorial_taskflow_api_etl to None, run_after=None
[2022-07-06 20:09:09,666] {processor.py:161} INFO - Processing /home/airflow/.local/lib/python3.7/site-packages/airflow/example_dags/tutorial_taskflow_api_etl.py took 0.378 seconds
[2022-07-06 20:09:39,719] {processor.py:153} INFO - Started process (PID=1506) to work on /home/airflow/.local/lib/python3.7/site-packages/airflow/example_dags/tutorial_taskflow_api_etl.py
[2022-07-06 20:09:39,773] {processor.py:641} INFO - Processing file /home/airflow/.local/lib/python3.7/site-packages/airflow/example_dags/tutorial_taskflow_api_etl.py for tasks to queue
[2022-07-06 20:09:39,779] {logging_mixin.py:115} INFO - [2022-07-06 20:09:39,778] {dagbag.py:507} INFO - Filling up the DagBag from /home/airflow/.local/lib/python3.7/site-packages/airflow/example_dags/tutorial_taskflow_api_etl.py
[2022-07-06 20:09:39,847] {processor.py:651} INFO - DAG(s) dict_keys(['tutorial_taskflow_api_etl']) retrieved from /home/airflow/.local/lib/python3.7/site-packages/airflow/example_dags/tutorial_taskflow_api_etl.py
[2022-07-06 20:09:39,974] {logging_mixin.py:115} INFO - [2022-07-06 20:09:39,974] {dag.py:2379} INFO - Sync 1 DAGs
[2022-07-06 20:09:40,127] {logging_mixin.py:115} INFO - [2022-07-06 20:09:40,127] {dag.py:2931} INFO - Setting next_dagrun for tutorial_taskflow_api_etl to None, run_after=None
[2022-07-06 20:09:40,152] {processor.py:161} INFO - Processing /home/airflow/.local/lib/python3.7/site-packages/airflow/example_dags/tutorial_taskflow_api_etl.py took 0.444 seconds
[2022-07-06 20:10:10,222] {processor.py:153} INFO - Started process (PID=1558) to work on /home/airflow/.local/lib/python3.7/site-packages/airflow/example_dags/tutorial_taskflow_api_etl.py
[2022-07-06 20:10:10,223] {processor.py:641} INFO - Processing file /home/airflow/.local/lib/python3.7/site-packages/airflow/example_dags/tutorial_taskflow_api_etl.py for tasks to queue
[2022-07-06 20:10:10,224] {logging_mixin.py:115} INFO - [2022-07-06 20:10:10,223] {dagbag.py:507} INFO - Filling up the DagBag from /home/airflow/.local/lib/python3.7/site-packages/airflow/example_dags/tutorial_taskflow_api_etl.py
[2022-07-06 20:10:10,261] {processor.py:651} INFO - DAG(s) dict_keys(['tutorial_taskflow_api_etl']) retrieved from /home/airflow/.local/lib/python3.7/site-packages/airflow/example_dags/tutorial_taskflow_api_etl.py
[2022-07-06 20:10:10,391] {logging_mixin.py:115} INFO - [2022-07-06 20:10:10,391] {dag.py:2379} INFO - Sync 1 DAGs
[2022-07-06 20:10:10,631] {logging_mixin.py:115} INFO - [2022-07-06 20:10:10,631] {dag.py:2931} INFO - Setting next_dagrun for tutorial_taskflow_api_etl to None, run_after=None
[2022-07-06 20:10:10,897] {processor.py:161} INFO - Processing /home/airflow/.local/lib/python3.7/site-packages/airflow/example_dags/tutorial_taskflow_api_etl.py took 0.681 seconds
[2022-07-06 20:10:41,000] {processor.py:153} INFO - Started process (PID=1619) to work on /home/airflow/.local/lib/python3.7/site-packages/airflow/example_dags/tutorial_taskflow_api_etl.py
[2022-07-06 20:10:41,020] {processor.py:641} INFO - Processing file /home/airflow/.local/lib/python3.7/site-packages/airflow/example_dags/tutorial_taskflow_api_etl.py for tasks to queue
[2022-07-06 20:10:41,021] {logging_mixin.py:115} INFO - [2022-07-06 20:10:41,021] {dagbag.py:507} INFO - Filling up the DagBag from /home/airflow/.local/lib/python3.7/site-packages/airflow/example_dags/tutorial_taskflow_api_etl.py
[2022-07-06 20:10:41,051] {processor.py:651} INFO - DAG(s) dict_keys(['tutorial_taskflow_api_etl']) retrieved from /home/airflow/.local/lib/python3.7/site-packages/airflow/example_dags/tutorial_taskflow_api_etl.py
[2022-07-06 20:10:41,178] {logging_mixin.py:115} INFO - [2022-07-06 20:10:41,178] {dag.py:2379} INFO - Sync 1 DAGs
[2022-07-06 20:10:41,393] {logging_mixin.py:115} INFO - [2022-07-06 20:10:41,393] {dag.py:2931} INFO - Setting next_dagrun for tutorial_taskflow_api_etl to None, run_after=None
[2022-07-06 20:10:41,437] {processor.py:161} INFO - Processing /home/airflow/.local/lib/python3.7/site-packages/airflow/example_dags/tutorial_taskflow_api_etl.py took 0.442 seconds
[2022-07-06 20:11:11,728] {processor.py:153} INFO - Started process (PID=1672) to work on /home/airflow/.local/lib/python3.7/site-packages/airflow/example_dags/tutorial_taskflow_api_etl.py
[2022-07-06 20:11:11,728] {processor.py:641} INFO - Processing file /home/airflow/.local/lib/python3.7/site-packages/airflow/example_dags/tutorial_taskflow_api_etl.py for tasks to queue
[2022-07-06 20:11:11,729] {logging_mixin.py:115} INFO - [2022-07-06 20:11:11,729] {dagbag.py:507} INFO - Filling up the DagBag from /home/airflow/.local/lib/python3.7/site-packages/airflow/example_dags/tutorial_taskflow_api_etl.py
[2022-07-06 20:11:11,751] {processor.py:651} INFO - DAG(s) dict_keys(['tutorial_taskflow_api_etl']) retrieved from /home/airflow/.local/lib/python3.7/site-packages/airflow/example_dags/tutorial_taskflow_api_etl.py
[2022-07-06 20:11:11,855] {logging_mixin.py:115} INFO - [2022-07-06 20:11:11,855] {dag.py:2379} INFO - Sync 1 DAGs
[2022-07-06 20:11:12,031] {logging_mixin.py:115} INFO - [2022-07-06 20:11:12,031] {dag.py:2931} INFO - Setting next_dagrun for tutorial_taskflow_api_etl to None, run_after=None
[2022-07-06 20:11:12,057] {processor.py:161} INFO - Processing /home/airflow/.local/lib/python3.7/site-packages/airflow/example_dags/tutorial_taskflow_api_etl.py took 0.333 seconds
[2022-07-06 20:11:42,223] {processor.py:153} INFO - Started process (PID=1725) to work on /home/airflow/.local/lib/python3.7/site-packages/airflow/example_dags/tutorial_taskflow_api_etl.py
[2022-07-06 20:11:42,237] {processor.py:641} INFO - Processing file /home/airflow/.local/lib/python3.7/site-packages/airflow/example_dags/tutorial_taskflow_api_etl.py for tasks to queue
[2022-07-06 20:11:42,238] {logging_mixin.py:115} INFO - [2022-07-06 20:11:42,237] {dagbag.py:507} INFO - Filling up the DagBag from /home/airflow/.local/lib/python3.7/site-packages/airflow/example_dags/tutorial_taskflow_api_etl.py
[2022-07-06 20:11:42,263] {processor.py:651} INFO - DAG(s) dict_keys(['tutorial_taskflow_api_etl']) retrieved from /home/airflow/.local/lib/python3.7/site-packages/airflow/example_dags/tutorial_taskflow_api_etl.py
[2022-07-06 20:11:42,363] {logging_mixin.py:115} INFO - [2022-07-06 20:11:42,363] {dag.py:2379} INFO - Sync 1 DAGs
[2022-07-06 20:11:42,509] {logging_mixin.py:115} INFO - [2022-07-06 20:11:42,509] {dag.py:2931} INFO - Setting next_dagrun for tutorial_taskflow_api_etl to None, run_after=None
[2022-07-06 20:11:42,543] {processor.py:161} INFO - Processing /home/airflow/.local/lib/python3.7/site-packages/airflow/example_dags/tutorial_taskflow_api_etl.py took 0.324 seconds
[2022-07-06 20:12:13,664] {processor.py:153} INFO - Started process (PID=1784) to work on /home/airflow/.local/lib/python3.7/site-packages/airflow/example_dags/tutorial_taskflow_api_etl.py
[2022-07-06 20:12:13,684] {processor.py:641} INFO - Processing file /home/airflow/.local/lib/python3.7/site-packages/airflow/example_dags/tutorial_taskflow_api_etl.py for tasks to queue
[2022-07-06 20:12:13,685] {logging_mixin.py:115} INFO - [2022-07-06 20:12:13,685] {dagbag.py:507} INFO - Filling up the DagBag from /home/airflow/.local/lib/python3.7/site-packages/airflow/example_dags/tutorial_taskflow_api_etl.py
[2022-07-06 20:12:13,731] {processor.py:651} INFO - DAG(s) dict_keys(['tutorial_taskflow_api_etl']) retrieved from /home/airflow/.local/lib/python3.7/site-packages/airflow/example_dags/tutorial_taskflow_api_etl.py
[2022-07-06 20:12:13,770] {logging_mixin.py:115} INFO - [2022-07-06 20:12:13,769] {dag.py:2379} INFO - Sync 1 DAGs
[2022-07-06 20:12:13,809] {logging_mixin.py:115} INFO - [2022-07-06 20:12:13,809] {dag.py:2931} INFO - Setting next_dagrun for tutorial_taskflow_api_etl to None, run_after=None
[2022-07-06 20:12:13,849] {processor.py:161} INFO - Processing /home/airflow/.local/lib/python3.7/site-packages/airflow/example_dags/tutorial_taskflow_api_etl.py took 0.203 seconds
[2022-07-06 20:12:44,812] {processor.py:153} INFO - Started process (PID=1834) to work on /home/airflow/.local/lib/python3.7/site-packages/airflow/example_dags/tutorial_taskflow_api_etl.py
[2022-07-06 20:12:44,813] {processor.py:641} INFO - Processing file /home/airflow/.local/lib/python3.7/site-packages/airflow/example_dags/tutorial_taskflow_api_etl.py for tasks to queue
[2022-07-06 20:12:44,813] {logging_mixin.py:115} INFO - [2022-07-06 20:12:44,813] {dagbag.py:507} INFO - Filling up the DagBag from /home/airflow/.local/lib/python3.7/site-packages/airflow/example_dags/tutorial_taskflow_api_etl.py
[2022-07-06 20:12:44,835] {processor.py:651} INFO - DAG(s) dict_keys(['tutorial_taskflow_api_etl']) retrieved from /home/airflow/.local/lib/python3.7/site-packages/airflow/example_dags/tutorial_taskflow_api_etl.py
[2022-07-06 20:12:44,869] {logging_mixin.py:115} INFO - [2022-07-06 20:12:44,869] {dag.py:2379} INFO - Sync 1 DAGs
[2022-07-06 20:12:44,941] {logging_mixin.py:115} INFO - [2022-07-06 20:12:44,941] {dag.py:2931} INFO - Setting next_dagrun for tutorial_taskflow_api_etl to None, run_after=None
[2022-07-06 20:12:44,981] {processor.py:161} INFO - Processing /home/airflow/.local/lib/python3.7/site-packages/airflow/example_dags/tutorial_taskflow_api_etl.py took 0.172 seconds
[2022-07-06 20:13:16,031] {processor.py:153} INFO - Started process (PID=1892) to work on /home/airflow/.local/lib/python3.7/site-packages/airflow/example_dags/tutorial_taskflow_api_etl.py
[2022-07-06 20:13:16,032] {processor.py:641} INFO - Processing file /home/airflow/.local/lib/python3.7/site-packages/airflow/example_dags/tutorial_taskflow_api_etl.py for tasks to queue
[2022-07-06 20:13:16,032] {logging_mixin.py:115} INFO - [2022-07-06 20:13:16,032] {dagbag.py:507} INFO - Filling up the DagBag from /home/airflow/.local/lib/python3.7/site-packages/airflow/example_dags/tutorial_taskflow_api_etl.py
[2022-07-06 20:13:16,062] {processor.py:651} INFO - DAG(s) dict_keys(['tutorial_taskflow_api_etl']) retrieved from /home/airflow/.local/lib/python3.7/site-packages/airflow/example_dags/tutorial_taskflow_api_etl.py
[2022-07-06 20:13:16,101] {logging_mixin.py:115} INFO - [2022-07-06 20:13:16,101] {dag.py:2379} INFO - Sync 1 DAGs
[2022-07-06 20:13:16,141] {logging_mixin.py:115} INFO - [2022-07-06 20:13:16,141] {dag.py:2931} INFO - Setting next_dagrun for tutorial_taskflow_api_etl to None, run_after=None
[2022-07-06 20:13:16,165] {processor.py:161} INFO - Processing /home/airflow/.local/lib/python3.7/site-packages/airflow/example_dags/tutorial_taskflow_api_etl.py took 0.138 seconds
[2022-07-06 20:13:51,767] {processor.py:153} INFO - Started process (PID=1944) to work on /home/airflow/.local/lib/python3.7/site-packages/airflow/example_dags/tutorial_taskflow_api_etl.py
[2022-07-06 20:13:51,832] {processor.py:641} INFO - Processing file /home/airflow/.local/lib/python3.7/site-packages/airflow/example_dags/tutorial_taskflow_api_etl.py for tasks to queue
[2022-07-06 20:13:51,832] {logging_mixin.py:115} INFO - [2022-07-06 20:13:51,832] {dagbag.py:507} INFO - Filling up the DagBag from /home/airflow/.local/lib/python3.7/site-packages/airflow/example_dags/tutorial_taskflow_api_etl.py
[2022-07-06 20:13:51,856] {processor.py:651} INFO - DAG(s) dict_keys(['tutorial_taskflow_api_etl']) retrieved from /home/airflow/.local/lib/python3.7/site-packages/airflow/example_dags/tutorial_taskflow_api_etl.py
[2022-07-06 20:13:51,944] {logging_mixin.py:115} INFO - [2022-07-06 20:13:51,944] {dag.py:2379} INFO - Sync 1 DAGs
[2022-07-06 20:14:23,675] {logging_mixin.py:115} INFO - [2022-07-06 20:14:23,675] {dag.py:2931} INFO - Setting next_dagrun for tutorial_taskflow_api_etl to None, run_after=None
[2022-07-06 20:14:23,812] {processor.py:161} INFO - Processing /home/airflow/.local/lib/python3.7/site-packages/airflow/example_dags/tutorial_taskflow_api_etl.py took 32.050 seconds
[2022-07-06 20:14:54,074] {processor.py:153} INFO - Started process (PID=2022) to work on /home/airflow/.local/lib/python3.7/site-packages/airflow/example_dags/tutorial_taskflow_api_etl.py
[2022-07-06 20:14:54,075] {processor.py:641} INFO - Processing file /home/airflow/.local/lib/python3.7/site-packages/airflow/example_dags/tutorial_taskflow_api_etl.py for tasks to queue
[2022-07-06 20:14:54,076] {logging_mixin.py:115} INFO - [2022-07-06 20:14:54,075] {dagbag.py:507} INFO - Filling up the DagBag from /home/airflow/.local/lib/python3.7/site-packages/airflow/example_dags/tutorial_taskflow_api_etl.py
[2022-07-06 20:14:54,113] {processor.py:651} INFO - DAG(s) dict_keys(['tutorial_taskflow_api_etl']) retrieved from /home/airflow/.local/lib/python3.7/site-packages/airflow/example_dags/tutorial_taskflow_api_etl.py
[2022-07-06 20:14:54,300] {logging_mixin.py:115} INFO - [2022-07-06 20:14:54,300] {dag.py:2379} INFO - Sync 1 DAGs
[2022-07-06 20:14:54,524] {logging_mixin.py:115} INFO - [2022-07-06 20:14:54,524] {dag.py:2931} INFO - Setting next_dagrun for tutorial_taskflow_api_etl to None, run_after=None
[2022-07-06 20:14:54,611] {processor.py:161} INFO - Processing /home/airflow/.local/lib/python3.7/site-packages/airflow/example_dags/tutorial_taskflow_api_etl.py took 0.543 seconds
[2022-07-06 20:15:24,906] {processor.py:153} INFO - Started process (PID=2074) to work on /home/airflow/.local/lib/python3.7/site-packages/airflow/example_dags/tutorial_taskflow_api_etl.py
[2022-07-06 20:15:24,975] {processor.py:641} INFO - Processing file /home/airflow/.local/lib/python3.7/site-packages/airflow/example_dags/tutorial_taskflow_api_etl.py for tasks to queue
[2022-07-06 20:15:24,976] {logging_mixin.py:115} INFO - [2022-07-06 20:15:24,976] {dagbag.py:507} INFO - Filling up the DagBag from /home/airflow/.local/lib/python3.7/site-packages/airflow/example_dags/tutorial_taskflow_api_etl.py
[2022-07-06 20:15:25,003] {processor.py:651} INFO - DAG(s) dict_keys(['tutorial_taskflow_api_etl']) retrieved from /home/airflow/.local/lib/python3.7/site-packages/airflow/example_dags/tutorial_taskflow_api_etl.py
[2022-07-06 20:15:25,136] {logging_mixin.py:115} INFO - [2022-07-06 20:15:25,136] {dag.py:2379} INFO - Sync 1 DAGs
[2022-07-06 20:15:25,314] {logging_mixin.py:115} INFO - [2022-07-06 20:15:25,313] {dag.py:2931} INFO - Setting next_dagrun for tutorial_taskflow_api_etl to None, run_after=None
[2022-07-06 20:15:25,572] {processor.py:161} INFO - Processing /home/airflow/.local/lib/python3.7/site-packages/airflow/example_dags/tutorial_taskflow_api_etl.py took 0.676 seconds
[2022-07-06 20:16:11,474] {processor.py:153} INFO - Started process (PID=2129) to work on /home/airflow/.local/lib/python3.7/site-packages/airflow/example_dags/tutorial_taskflow_api_etl.py
[2022-07-06 20:16:11,515] {processor.py:641} INFO - Processing file /home/airflow/.local/lib/python3.7/site-packages/airflow/example_dags/tutorial_taskflow_api_etl.py for tasks to queue
[2022-07-06 20:16:11,517] {logging_mixin.py:115} INFO - [2022-07-06 20:16:11,517] {dagbag.py:507} INFO - Filling up the DagBag from /home/airflow/.local/lib/python3.7/site-packages/airflow/example_dags/tutorial_taskflow_api_etl.py
[2022-07-06 20:16:11,681] {processor.py:651} INFO - DAG(s) dict_keys(['tutorial_taskflow_api_etl']) retrieved from /home/airflow/.local/lib/python3.7/site-packages/airflow/example_dags/tutorial_taskflow_api_etl.py
[2022-07-06 20:16:11,856] {logging_mixin.py:115} INFO - [2022-07-06 20:16:11,855] {dag.py:2379} INFO - Sync 1 DAGs
[2022-07-06 20:16:12,348] {logging_mixin.py:115} INFO - [2022-07-06 20:16:12,348] {dag.py:2931} INFO - Setting next_dagrun for tutorial_taskflow_api_etl to None, run_after=None
[2022-07-06 20:16:12,379] {processor.py:161} INFO - Processing /home/airflow/.local/lib/python3.7/site-packages/airflow/example_dags/tutorial_taskflow_api_etl.py took 0.919 seconds
[2022-07-06 20:16:42,945] {processor.py:153} INFO - Started process (PID=2180) to work on /home/airflow/.local/lib/python3.7/site-packages/airflow/example_dags/tutorial_taskflow_api_etl.py
[2022-07-06 20:16:42,946] {processor.py:641} INFO - Processing file /home/airflow/.local/lib/python3.7/site-packages/airflow/example_dags/tutorial_taskflow_api_etl.py for tasks to queue
[2022-07-06 20:16:42,948] {logging_mixin.py:115} INFO - [2022-07-06 20:16:42,948] {dagbag.py:507} INFO - Filling up the DagBag from /home/airflow/.local/lib/python3.7/site-packages/airflow/example_dags/tutorial_taskflow_api_etl.py
[2022-07-06 20:16:43,020] {processor.py:651} INFO - DAG(s) dict_keys(['tutorial_taskflow_api_etl']) retrieved from /home/airflow/.local/lib/python3.7/site-packages/airflow/example_dags/tutorial_taskflow_api_etl.py
[2022-07-06 20:16:43,150] {logging_mixin.py:115} INFO - [2022-07-06 20:16:43,150] {dag.py:2379} INFO - Sync 1 DAGs
[2022-07-06 20:16:43,329] {logging_mixin.py:115} INFO - [2022-07-06 20:16:43,329] {dag.py:2931} INFO - Setting next_dagrun for tutorial_taskflow_api_etl to None, run_after=None
[2022-07-06 20:16:43,371] {processor.py:161} INFO - Processing /home/airflow/.local/lib/python3.7/site-packages/airflow/example_dags/tutorial_taskflow_api_etl.py took 0.440 seconds
[2022-07-06 20:17:13,560] {processor.py:153} INFO - Started process (PID=2240) to work on /home/airflow/.local/lib/python3.7/site-packages/airflow/example_dags/tutorial_taskflow_api_etl.py
[2022-07-06 20:17:13,574] {processor.py:641} INFO - Processing file /home/airflow/.local/lib/python3.7/site-packages/airflow/example_dags/tutorial_taskflow_api_etl.py for tasks to queue
[2022-07-06 20:17:13,575] {logging_mixin.py:115} INFO - [2022-07-06 20:17:13,575] {dagbag.py:507} INFO - Filling up the DagBag from /home/airflow/.local/lib/python3.7/site-packages/airflow/example_dags/tutorial_taskflow_api_etl.py
[2022-07-06 20:17:13,676] {processor.py:651} INFO - DAG(s) dict_keys(['tutorial_taskflow_api_etl']) retrieved from /home/airflow/.local/lib/python3.7/site-packages/airflow/example_dags/tutorial_taskflow_api_etl.py
[2022-07-06 20:17:13,846] {logging_mixin.py:115} INFO - [2022-07-06 20:17:13,846] {dag.py:2379} INFO - Sync 1 DAGs
[2022-07-06 20:17:14,083] {logging_mixin.py:115} INFO - [2022-07-06 20:17:14,083] {dag.py:2931} INFO - Setting next_dagrun for tutorial_taskflow_api_etl to None, run_after=None
[2022-07-06 20:17:14,142] {processor.py:161} INFO - Processing /home/airflow/.local/lib/python3.7/site-packages/airflow/example_dags/tutorial_taskflow_api_etl.py took 0.627 seconds
[2022-07-06 20:17:44,284] {processor.py:153} INFO - Started process (PID=2293) to work on /home/airflow/.local/lib/python3.7/site-packages/airflow/example_dags/tutorial_taskflow_api_etl.py
[2022-07-06 20:17:44,285] {processor.py:641} INFO - Processing file /home/airflow/.local/lib/python3.7/site-packages/airflow/example_dags/tutorial_taskflow_api_etl.py for tasks to queue
[2022-07-06 20:17:44,286] {logging_mixin.py:115} INFO - [2022-07-06 20:17:44,285] {dagbag.py:507} INFO - Filling up the DagBag from /home/airflow/.local/lib/python3.7/site-packages/airflow/example_dags/tutorial_taskflow_api_etl.py
[2022-07-06 20:17:44,313] {processor.py:651} INFO - DAG(s) dict_keys(['tutorial_taskflow_api_etl']) retrieved from /home/airflow/.local/lib/python3.7/site-packages/airflow/example_dags/tutorial_taskflow_api_etl.py
[2022-07-06 20:17:44,453] {logging_mixin.py:115} INFO - [2022-07-06 20:17:44,453] {dag.py:2379} INFO - Sync 1 DAGs
[2022-07-06 20:17:44,634] {logging_mixin.py:115} INFO - [2022-07-06 20:17:44,634] {dag.py:2931} INFO - Setting next_dagrun for tutorial_taskflow_api_etl to None, run_after=None
[2022-07-06 20:17:44,699] {processor.py:161} INFO - Processing /home/airflow/.local/lib/python3.7/site-packages/airflow/example_dags/tutorial_taskflow_api_etl.py took 0.419 seconds
[2022-07-06 20:18:15,920] {processor.py:153} INFO - Started process (PID=2354) to work on /home/airflow/.local/lib/python3.7/site-packages/airflow/example_dags/tutorial_taskflow_api_etl.py
[2022-07-06 20:18:15,921] {processor.py:641} INFO - Processing file /home/airflow/.local/lib/python3.7/site-packages/airflow/example_dags/tutorial_taskflow_api_etl.py for tasks to queue
[2022-07-06 20:18:15,922] {logging_mixin.py:115} INFO - [2022-07-06 20:18:15,922] {dagbag.py:507} INFO - Filling up the DagBag from /home/airflow/.local/lib/python3.7/site-packages/airflow/example_dags/tutorial_taskflow_api_etl.py
[2022-07-06 20:18:15,956] {processor.py:651} INFO - DAG(s) dict_keys(['tutorial_taskflow_api_etl']) retrieved from /home/airflow/.local/lib/python3.7/site-packages/airflow/example_dags/tutorial_taskflow_api_etl.py
[2022-07-06 20:18:16,096] {logging_mixin.py:115} INFO - [2022-07-06 20:18:16,095] {dag.py:2379} INFO - Sync 1 DAGs
[2022-07-06 20:18:16,298] {logging_mixin.py:115} INFO - [2022-07-06 20:18:16,298] {dag.py:2931} INFO - Setting next_dagrun for tutorial_taskflow_api_etl to None, run_after=None
[2022-07-06 20:18:16,346] {processor.py:161} INFO - Processing /home/airflow/.local/lib/python3.7/site-packages/airflow/example_dags/tutorial_taskflow_api_etl.py took 0.431 seconds
[2022-07-06 20:18:47,458] {processor.py:153} INFO - Started process (PID=2410) to work on /home/airflow/.local/lib/python3.7/site-packages/airflow/example_dags/tutorial_taskflow_api_etl.py
[2022-07-06 20:18:47,458] {processor.py:641} INFO - Processing file /home/airflow/.local/lib/python3.7/site-packages/airflow/example_dags/tutorial_taskflow_api_etl.py for tasks to queue
[2022-07-06 20:18:47,459] {logging_mixin.py:115} INFO - [2022-07-06 20:18:47,459] {dagbag.py:507} INFO - Filling up the DagBag from /home/airflow/.local/lib/python3.7/site-packages/airflow/example_dags/tutorial_taskflow_api_etl.py
[2022-07-06 20:18:47,482] {processor.py:651} INFO - DAG(s) dict_keys(['tutorial_taskflow_api_etl']) retrieved from /home/airflow/.local/lib/python3.7/site-packages/airflow/example_dags/tutorial_taskflow_api_etl.py
[2022-07-06 20:18:47,521] {logging_mixin.py:115} INFO - [2022-07-06 20:18:47,521] {dag.py:2379} INFO - Sync 1 DAGs
[2022-07-06 20:18:47,553] {logging_mixin.py:115} INFO - [2022-07-06 20:18:47,553] {dag.py:2931} INFO - Setting next_dagrun for tutorial_taskflow_api_etl to None, run_after=None
[2022-07-06 20:18:47,585] {processor.py:161} INFO - Processing /home/airflow/.local/lib/python3.7/site-packages/airflow/example_dags/tutorial_taskflow_api_etl.py took 0.131 seconds
[2022-07-06 20:19:17,817] {processor.py:153} INFO - Started process (PID=2462) to work on /home/airflow/.local/lib/python3.7/site-packages/airflow/example_dags/tutorial_taskflow_api_etl.py
[2022-07-06 20:19:17,829] {processor.py:641} INFO - Processing file /home/airflow/.local/lib/python3.7/site-packages/airflow/example_dags/tutorial_taskflow_api_etl.py for tasks to queue
[2022-07-06 20:19:17,830] {logging_mixin.py:115} INFO - [2022-07-06 20:19:17,830] {dagbag.py:507} INFO - Filling up the DagBag from /home/airflow/.local/lib/python3.7/site-packages/airflow/example_dags/tutorial_taskflow_api_etl.py
[2022-07-06 20:19:17,876] {processor.py:651} INFO - DAG(s) dict_keys(['tutorial_taskflow_api_etl']) retrieved from /home/airflow/.local/lib/python3.7/site-packages/airflow/example_dags/tutorial_taskflow_api_etl.py
[2022-07-06 20:19:18,024] {logging_mixin.py:115} INFO - [2022-07-06 20:19:18,024] {dag.py:2379} INFO - Sync 1 DAGs
[2022-07-06 20:19:18,195] {logging_mixin.py:115} INFO - [2022-07-06 20:19:18,195] {dag.py:2931} INFO - Setting next_dagrun for tutorial_taskflow_api_etl to None, run_after=None
[2022-07-06 20:19:18,227] {processor.py:161} INFO - Processing /home/airflow/.local/lib/python3.7/site-packages/airflow/example_dags/tutorial_taskflow_api_etl.py took 0.422 seconds
[2022-07-06 20:19:49,447] {processor.py:153} INFO - Started process (PID=2526) to work on /home/airflow/.local/lib/python3.7/site-packages/airflow/example_dags/tutorial_taskflow_api_etl.py
[2022-07-06 20:19:49,447] {processor.py:641} INFO - Processing file /home/airflow/.local/lib/python3.7/site-packages/airflow/example_dags/tutorial_taskflow_api_etl.py for tasks to queue
[2022-07-06 20:19:49,448] {logging_mixin.py:115} INFO - [2022-07-06 20:19:49,448] {dagbag.py:507} INFO - Filling up the DagBag from /home/airflow/.local/lib/python3.7/site-packages/airflow/example_dags/tutorial_taskflow_api_etl.py
[2022-07-06 20:19:49,486] {processor.py:651} INFO - DAG(s) dict_keys(['tutorial_taskflow_api_etl']) retrieved from /home/airflow/.local/lib/python3.7/site-packages/airflow/example_dags/tutorial_taskflow_api_etl.py
[2022-07-06 20:19:49,718] {logging_mixin.py:115} INFO - [2022-07-06 20:19:49,718] {dag.py:2379} INFO - Sync 1 DAGs
[2022-07-06 20:19:50,051] {logging_mixin.py:115} INFO - [2022-07-06 20:19:50,051] {dag.py:2931} INFO - Setting next_dagrun for tutorial_taskflow_api_etl to None, run_after=None
[2022-07-06 20:19:50,122] {processor.py:161} INFO - Processing /home/airflow/.local/lib/python3.7/site-packages/airflow/example_dags/tutorial_taskflow_api_etl.py took 0.681 seconds
[2022-07-06 20:20:23,687] {processor.py:153} INFO - Started process (PID=2591) to work on /home/airflow/.local/lib/python3.7/site-packages/airflow/example_dags/tutorial_taskflow_api_etl.py
[2022-07-06 20:20:23,706] {processor.py:641} INFO - Processing file /home/airflow/.local/lib/python3.7/site-packages/airflow/example_dags/tutorial_taskflow_api_etl.py for tasks to queue
[2022-07-06 20:20:23,707] {logging_mixin.py:115} INFO - [2022-07-06 20:20:23,707] {dagbag.py:507} INFO - Filling up the DagBag from /home/airflow/.local/lib/python3.7/site-packages/airflow/example_dags/tutorial_taskflow_api_etl.py
[2022-07-06 20:20:23,761] {processor.py:651} INFO - DAG(s) dict_keys(['tutorial_taskflow_api_etl']) retrieved from /home/airflow/.local/lib/python3.7/site-packages/airflow/example_dags/tutorial_taskflow_api_etl.py
[2022-07-06 20:20:23,803] {logging_mixin.py:115} INFO - [2022-07-06 20:20:23,803] {dag.py:2379} INFO - Sync 1 DAGs
[2022-07-06 20:20:23,847] {logging_mixin.py:115} INFO - [2022-07-06 20:20:23,846] {dag.py:2931} INFO - Setting next_dagrun for tutorial_taskflow_api_etl to None, run_after=None
[2022-07-06 20:20:23,876] {processor.py:161} INFO - Processing /home/airflow/.local/lib/python3.7/site-packages/airflow/example_dags/tutorial_taskflow_api_etl.py took 0.195 seconds
[2022-07-06 20:20:54,671] {processor.py:153} INFO - Started process (PID=2644) to work on /home/airflow/.local/lib/python3.7/site-packages/airflow/example_dags/tutorial_taskflow_api_etl.py
[2022-07-06 20:20:54,680] {processor.py:641} INFO - Processing file /home/airflow/.local/lib/python3.7/site-packages/airflow/example_dags/tutorial_taskflow_api_etl.py for tasks to queue
[2022-07-06 20:20:54,680] {logging_mixin.py:115} INFO - [2022-07-06 20:20:54,680] {dagbag.py:507} INFO - Filling up the DagBag from /home/airflow/.local/lib/python3.7/site-packages/airflow/example_dags/tutorial_taskflow_api_etl.py
[2022-07-06 20:20:54,710] {processor.py:651} INFO - DAG(s) dict_keys(['tutorial_taskflow_api_etl']) retrieved from /home/airflow/.local/lib/python3.7/site-packages/airflow/example_dags/tutorial_taskflow_api_etl.py
[2022-07-06 20:20:54,806] {logging_mixin.py:115} INFO - [2022-07-06 20:20:54,806] {dag.py:2379} INFO - Sync 1 DAGs
[2022-07-06 20:20:54,979] {logging_mixin.py:115} INFO - [2022-07-06 20:20:54,979] {dag.py:2931} INFO - Setting next_dagrun for tutorial_taskflow_api_etl to None, run_after=None
[2022-07-06 20:20:55,422] {processor.py:161} INFO - Processing /home/airflow/.local/lib/python3.7/site-packages/airflow/example_dags/tutorial_taskflow_api_etl.py took 0.756 seconds
[2022-07-06 20:21:25,991] {processor.py:153} INFO - Started process (PID=2697) to work on /home/airflow/.local/lib/python3.7/site-packages/airflow/example_dags/tutorial_taskflow_api_etl.py
[2022-07-06 20:21:26,005] {processor.py:641} INFO - Processing file /home/airflow/.local/lib/python3.7/site-packages/airflow/example_dags/tutorial_taskflow_api_etl.py for tasks to queue
[2022-07-06 20:21:26,006] {logging_mixin.py:115} INFO - [2022-07-06 20:21:26,006] {dagbag.py:507} INFO - Filling up the DagBag from /home/airflow/.local/lib/python3.7/site-packages/airflow/example_dags/tutorial_taskflow_api_etl.py
[2022-07-06 20:21:26,117] {processor.py:651} INFO - DAG(s) dict_keys(['tutorial_taskflow_api_etl']) retrieved from /home/airflow/.local/lib/python3.7/site-packages/airflow/example_dags/tutorial_taskflow_api_etl.py
[2022-07-06 20:21:26,205] {logging_mixin.py:115} INFO - [2022-07-06 20:21:26,205] {dag.py:2379} INFO - Sync 1 DAGs
[2022-07-06 20:21:26,270] {logging_mixin.py:115} INFO - [2022-07-06 20:21:26,270] {dag.py:2931} INFO - Setting next_dagrun for tutorial_taskflow_api_etl to None, run_after=None
[2022-07-06 20:21:26,421] {processor.py:161} INFO - Processing /home/airflow/.local/lib/python3.7/site-packages/airflow/example_dags/tutorial_taskflow_api_etl.py took 0.436 seconds
[2022-07-06 20:21:57,262] {processor.py:153} INFO - Started process (PID=2755) to work on /home/airflow/.local/lib/python3.7/site-packages/airflow/example_dags/tutorial_taskflow_api_etl.py
[2022-07-06 20:21:57,297] {processor.py:641} INFO - Processing file /home/airflow/.local/lib/python3.7/site-packages/airflow/example_dags/tutorial_taskflow_api_etl.py for tasks to queue
[2022-07-06 20:21:57,298] {logging_mixin.py:115} INFO - [2022-07-06 20:21:57,297] {dagbag.py:507} INFO - Filling up the DagBag from /home/airflow/.local/lib/python3.7/site-packages/airflow/example_dags/tutorial_taskflow_api_etl.py
[2022-07-06 20:21:57,322] {processor.py:651} INFO - DAG(s) dict_keys(['tutorial_taskflow_api_etl']) retrieved from /home/airflow/.local/lib/python3.7/site-packages/airflow/example_dags/tutorial_taskflow_api_etl.py
[2022-07-06 20:21:57,435] {logging_mixin.py:115} INFO - [2022-07-06 20:21:57,435] {dag.py:2379} INFO - Sync 1 DAGs
[2022-07-06 20:21:57,639] {logging_mixin.py:115} INFO - [2022-07-06 20:21:57,639] {dag.py:2931} INFO - Setting next_dagrun for tutorial_taskflow_api_etl to None, run_after=None
[2022-07-06 20:21:57,715] {processor.py:161} INFO - Processing /home/airflow/.local/lib/python3.7/site-packages/airflow/example_dags/tutorial_taskflow_api_etl.py took 0.458 seconds
[2022-07-06 20:22:35,496] {processor.py:153} INFO - Started process (PID=2806) to work on /home/airflow/.local/lib/python3.7/site-packages/airflow/example_dags/tutorial_taskflow_api_etl.py
[2022-07-06 20:22:35,521] {processor.py:641} INFO - Processing file /home/airflow/.local/lib/python3.7/site-packages/airflow/example_dags/tutorial_taskflow_api_etl.py for tasks to queue
[2022-07-06 20:22:35,522] {logging_mixin.py:115} INFO - [2022-07-06 20:22:35,522] {dagbag.py:507} INFO - Filling up the DagBag from /home/airflow/.local/lib/python3.7/site-packages/airflow/example_dags/tutorial_taskflow_api_etl.py
[2022-07-06 20:22:35,545] {processor.py:651} INFO - DAG(s) dict_keys(['tutorial_taskflow_api_etl']) retrieved from /home/airflow/.local/lib/python3.7/site-packages/airflow/example_dags/tutorial_taskflow_api_etl.py
[2022-07-06 20:22:35,635] {logging_mixin.py:115} INFO - [2022-07-06 20:22:35,635] {dag.py:2379} INFO - Sync 1 DAGs
[2022-07-06 20:22:35,801] {logging_mixin.py:115} INFO - [2022-07-06 20:22:35,801] {dag.py:2931} INFO - Setting next_dagrun for tutorial_taskflow_api_etl to None, run_after=None
[2022-07-06 20:22:35,841] {processor.py:161} INFO - Processing /home/airflow/.local/lib/python3.7/site-packages/airflow/example_dags/tutorial_taskflow_api_etl.py took 0.348 seconds
[2022-07-06 20:23:06,554] {processor.py:153} INFO - Started process (PID=2857) to work on /home/airflow/.local/lib/python3.7/site-packages/airflow/example_dags/tutorial_taskflow_api_etl.py
[2022-07-06 20:23:06,554] {processor.py:641} INFO - Processing file /home/airflow/.local/lib/python3.7/site-packages/airflow/example_dags/tutorial_taskflow_api_etl.py for tasks to queue
[2022-07-06 20:23:06,555] {logging_mixin.py:115} INFO - [2022-07-06 20:23:06,555] {dagbag.py:507} INFO - Filling up the DagBag from /home/airflow/.local/lib/python3.7/site-packages/airflow/example_dags/tutorial_taskflow_api_etl.py
[2022-07-06 20:23:06,585] {processor.py:651} INFO - DAG(s) dict_keys(['tutorial_taskflow_api_etl']) retrieved from /home/airflow/.local/lib/python3.7/site-packages/airflow/example_dags/tutorial_taskflow_api_etl.py
[2022-07-06 20:23:06,780] {logging_mixin.py:115} INFO - [2022-07-06 20:23:06,779] {dag.py:2379} INFO - Sync 1 DAGs
[2022-07-06 20:23:07,031] {logging_mixin.py:115} INFO - [2022-07-06 20:23:07,031] {dag.py:2931} INFO - Setting next_dagrun for tutorial_taskflow_api_etl to None, run_after=None
[2022-07-06 20:23:07,083] {processor.py:161} INFO - Processing /home/airflow/.local/lib/python3.7/site-packages/airflow/example_dags/tutorial_taskflow_api_etl.py took 0.534 seconds
[2022-07-06 20:23:37,335] {processor.py:153} INFO - Started process (PID=2917) to work on /home/airflow/.local/lib/python3.7/site-packages/airflow/example_dags/tutorial_taskflow_api_etl.py
[2022-07-06 20:23:37,343] {processor.py:641} INFO - Processing file /home/airflow/.local/lib/python3.7/site-packages/airflow/example_dags/tutorial_taskflow_api_etl.py for tasks to queue
[2022-07-06 20:23:37,345] {logging_mixin.py:115} INFO - [2022-07-06 20:23:37,344] {dagbag.py:507} INFO - Filling up the DagBag from /home/airflow/.local/lib/python3.7/site-packages/airflow/example_dags/tutorial_taskflow_api_etl.py
[2022-07-06 20:23:37,375] {processor.py:651} INFO - DAG(s) dict_keys(['tutorial_taskflow_api_etl']) retrieved from /home/airflow/.local/lib/python3.7/site-packages/airflow/example_dags/tutorial_taskflow_api_etl.py
[2022-07-06 20:23:37,412] {logging_mixin.py:115} INFO - [2022-07-06 20:23:37,412] {dag.py:2379} INFO - Sync 1 DAGs
[2022-07-06 20:23:37,443] {logging_mixin.py:115} INFO - [2022-07-06 20:23:37,443] {dag.py:2931} INFO - Setting next_dagrun for tutorial_taskflow_api_etl to None, run_after=None
[2022-07-06 20:23:37,501] {processor.py:161} INFO - Processing /home/airflow/.local/lib/python3.7/site-packages/airflow/example_dags/tutorial_taskflow_api_etl.py took 0.172 seconds
[2022-07-06 20:24:08,982] {processor.py:153} INFO - Started process (PID=2969) to work on /home/airflow/.local/lib/python3.7/site-packages/airflow/example_dags/tutorial_taskflow_api_etl.py
[2022-07-06 20:24:08,985] {processor.py:641} INFO - Processing file /home/airflow/.local/lib/python3.7/site-packages/airflow/example_dags/tutorial_taskflow_api_etl.py for tasks to queue
[2022-07-06 20:24:08,986] {logging_mixin.py:115} INFO - [2022-07-06 20:24:08,985] {dagbag.py:507} INFO - Filling up the DagBag from /home/airflow/.local/lib/python3.7/site-packages/airflow/example_dags/tutorial_taskflow_api_etl.py
[2022-07-06 20:24:09,018] {processor.py:651} INFO - DAG(s) dict_keys(['tutorial_taskflow_api_etl']) retrieved from /home/airflow/.local/lib/python3.7/site-packages/airflow/example_dags/tutorial_taskflow_api_etl.py
[2022-07-06 20:24:09,125] {logging_mixin.py:115} INFO - [2022-07-06 20:24:09,125] {dag.py:2379} INFO - Sync 1 DAGs
[2022-07-06 20:24:09,352] {logging_mixin.py:115} INFO - [2022-07-06 20:24:09,351] {dag.py:2931} INFO - Setting next_dagrun for tutorial_taskflow_api_etl to None, run_after=None
[2022-07-06 20:24:09,386] {processor.py:161} INFO - Processing /home/airflow/.local/lib/python3.7/site-packages/airflow/example_dags/tutorial_taskflow_api_etl.py took 0.410 seconds
[2022-07-06 20:24:42,223] {processor.py:153} INFO - Started process (PID=3035) to work on /home/airflow/.local/lib/python3.7/site-packages/airflow/example_dags/tutorial_taskflow_api_etl.py
[2022-07-06 20:24:42,232] {processor.py:641} INFO - Processing file /home/airflow/.local/lib/python3.7/site-packages/airflow/example_dags/tutorial_taskflow_api_etl.py for tasks to queue
[2022-07-06 20:24:42,233] {logging_mixin.py:115} INFO - [2022-07-06 20:24:42,233] {dagbag.py:507} INFO - Filling up the DagBag from /home/airflow/.local/lib/python3.7/site-packages/airflow/example_dags/tutorial_taskflow_api_etl.py
[2022-07-06 20:24:42,290] {processor.py:651} INFO - DAG(s) dict_keys(['tutorial_taskflow_api_etl']) retrieved from /home/airflow/.local/lib/python3.7/site-packages/airflow/example_dags/tutorial_taskflow_api_etl.py
[2022-07-06 20:24:42,462] {logging_mixin.py:115} INFO - [2022-07-06 20:24:42,461] {dag.py:2379} INFO - Sync 1 DAGs
[2022-07-06 20:24:42,744] {logging_mixin.py:115} INFO - [2022-07-06 20:24:42,744] {dag.py:2931} INFO - Setting next_dagrun for tutorial_taskflow_api_etl to None, run_after=None
[2022-07-06 20:24:42,780] {processor.py:161} INFO - Processing /home/airflow/.local/lib/python3.7/site-packages/airflow/example_dags/tutorial_taskflow_api_etl.py took 0.564 seconds
[2022-07-06 20:25:13,475] {processor.py:153} INFO - Started process (PID=3088) to work on /home/airflow/.local/lib/python3.7/site-packages/airflow/example_dags/tutorial_taskflow_api_etl.py
[2022-07-06 20:25:13,475] {processor.py:641} INFO - Processing file /home/airflow/.local/lib/python3.7/site-packages/airflow/example_dags/tutorial_taskflow_api_etl.py for tasks to queue
[2022-07-06 20:25:13,476] {logging_mixin.py:115} INFO - [2022-07-06 20:25:13,476] {dagbag.py:507} INFO - Filling up the DagBag from /home/airflow/.local/lib/python3.7/site-packages/airflow/example_dags/tutorial_taskflow_api_etl.py
[2022-07-06 20:25:13,501] {processor.py:651} INFO - DAG(s) dict_keys(['tutorial_taskflow_api_etl']) retrieved from /home/airflow/.local/lib/python3.7/site-packages/airflow/example_dags/tutorial_taskflow_api_etl.py
[2022-07-06 20:25:13,598] {logging_mixin.py:115} INFO - [2022-07-06 20:25:13,597] {dag.py:2379} INFO - Sync 1 DAGs
[2022-07-06 20:25:13,767] {logging_mixin.py:115} INFO - [2022-07-06 20:25:13,767] {dag.py:2931} INFO - Setting next_dagrun for tutorial_taskflow_api_etl to None, run_after=None
[2022-07-06 20:25:13,811] {processor.py:161} INFO - Processing /home/airflow/.local/lib/python3.7/site-packages/airflow/example_dags/tutorial_taskflow_api_etl.py took 0.340 seconds
[2022-07-06 20:25:44,094] {processor.py:153} INFO - Started process (PID=3151) to work on /home/airflow/.local/lib/python3.7/site-packages/airflow/example_dags/tutorial_taskflow_api_etl.py
[2022-07-06 20:25:44,105] {processor.py:641} INFO - Processing file /home/airflow/.local/lib/python3.7/site-packages/airflow/example_dags/tutorial_taskflow_api_etl.py for tasks to queue
[2022-07-06 20:25:44,106] {logging_mixin.py:115} INFO - [2022-07-06 20:25:44,106] {dagbag.py:507} INFO - Filling up the DagBag from /home/airflow/.local/lib/python3.7/site-packages/airflow/example_dags/tutorial_taskflow_api_etl.py
[2022-07-06 20:25:44,135] {processor.py:651} INFO - DAG(s) dict_keys(['tutorial_taskflow_api_etl']) retrieved from /home/airflow/.local/lib/python3.7/site-packages/airflow/example_dags/tutorial_taskflow_api_etl.py
[2022-07-06 20:25:44,327] {logging_mixin.py:115} INFO - [2022-07-06 20:25:44,327] {dag.py:2379} INFO - Sync 1 DAGs
[2022-07-06 20:25:44,540] {logging_mixin.py:115} INFO - [2022-07-06 20:25:44,540] {dag.py:2931} INFO - Setting next_dagrun for tutorial_taskflow_api_etl to None, run_after=None
[2022-07-06 20:25:44,575] {processor.py:161} INFO - Processing /home/airflow/.local/lib/python3.7/site-packages/airflow/example_dags/tutorial_taskflow_api_etl.py took 0.485 seconds
[2022-07-06 20:26:15,420] {processor.py:153} INFO - Started process (PID=3202) to work on /home/airflow/.local/lib/python3.7/site-packages/airflow/example_dags/tutorial_taskflow_api_etl.py
[2022-07-06 20:26:15,421] {processor.py:641} INFO - Processing file /home/airflow/.local/lib/python3.7/site-packages/airflow/example_dags/tutorial_taskflow_api_etl.py for tasks to queue
[2022-07-06 20:26:15,423] {logging_mixin.py:115} INFO - [2022-07-06 20:26:15,422] {dagbag.py:507} INFO - Filling up the DagBag from /home/airflow/.local/lib/python3.7/site-packages/airflow/example_dags/tutorial_taskflow_api_etl.py
[2022-07-06 20:26:15,465] {processor.py:651} INFO - DAG(s) dict_keys(['tutorial_taskflow_api_etl']) retrieved from /home/airflow/.local/lib/python3.7/site-packages/airflow/example_dags/tutorial_taskflow_api_etl.py
[2022-07-06 20:26:15,559] {logging_mixin.py:115} INFO - [2022-07-06 20:26:15,559] {dag.py:2379} INFO - Sync 1 DAGs
[2022-07-06 20:26:15,820] {logging_mixin.py:115} INFO - [2022-07-06 20:26:15,820] {dag.py:2931} INFO - Setting next_dagrun for tutorial_taskflow_api_etl to None, run_after=None
[2022-07-06 20:26:15,926] {processor.py:161} INFO - Processing /home/airflow/.local/lib/python3.7/site-packages/airflow/example_dags/tutorial_taskflow_api_etl.py took 0.517 seconds
[2022-07-06 20:26:46,228] {processor.py:153} INFO - Started process (PID=3263) to work on /home/airflow/.local/lib/python3.7/site-packages/airflow/example_dags/tutorial_taskflow_api_etl.py
[2022-07-06 20:26:46,250] {processor.py:641} INFO - Processing file /home/airflow/.local/lib/python3.7/site-packages/airflow/example_dags/tutorial_taskflow_api_etl.py for tasks to queue
[2022-07-06 20:26:46,251] {logging_mixin.py:115} INFO - [2022-07-06 20:26:46,251] {dagbag.py:507} INFO - Filling up the DagBag from /home/airflow/.local/lib/python3.7/site-packages/airflow/example_dags/tutorial_taskflow_api_etl.py
[2022-07-06 20:26:46,294] {processor.py:651} INFO - DAG(s) dict_keys(['tutorial_taskflow_api_etl']) retrieved from /home/airflow/.local/lib/python3.7/site-packages/airflow/example_dags/tutorial_taskflow_api_etl.py
[2022-07-06 20:26:46,348] {logging_mixin.py:115} INFO - [2022-07-06 20:26:46,348] {dag.py:2379} INFO - Sync 1 DAGs
[2022-07-06 20:26:46,390] {logging_mixin.py:115} INFO - [2022-07-06 20:26:46,390] {dag.py:2931} INFO - Setting next_dagrun for tutorial_taskflow_api_etl to None, run_after=None
[2022-07-06 20:26:46,423] {processor.py:161} INFO - Processing /home/airflow/.local/lib/python3.7/site-packages/airflow/example_dags/tutorial_taskflow_api_etl.py took 0.202 seconds
